
 *******************************************************************************

   MSTor program version 2013 (2013)

   Jingjing Zheng, Steven L. Mielke, and Donald G. Truhlar

   Department of Chemistry and Supercomputing Institute
   University of Minnesota, Minneapolis, Minnesota, USA

   Copyright 2013
   Donald G. Truhlar and Regents of the University of Minnesota

   Citations: 
   MS-T(U) method
     J. Zheng, T. Yu, E. Papajak, I. M. Alecu, S. L. Mielke, and D. G. Truhlar,
     Phys. Chem. Chem. Phys. 13, 10885-10907 (2011).
   MS-T(C) method
     J. Zheng and D. G. Truhlar, J. Chem. Theory Comput., DOI: 10.1021/ct3010722.
   MSTor program
     J. Zheng, S. L. Mielke, K. L Clarkson, and D. G. Truhlar,
     Comp. Phys. Comm. 183, 1803-1812 (2012).
     J. Zheng, R. Meana-Paneda, and D. G. Truhlar, Comp. Phys. Comm.
     to be published as new version announcement.

 *******************************************************************************

                    Naming conventions for the MS methods
   -----------------------------------------------------------------------------
   Common name        Original or other names
   -----------------------------------------------------------------------------
   MS-LH         =    MS-HO (ref. 1)   =   MS-AS-HO (ref. 2)
   MS-T          =    MS-AS (ref. 1)   =   MS-AS-T  (ref. 2)
   -----------------------------------------------------------------------------
   Ref. 1: J. Zheng, T. Yu, E. Papajak, I. M. Alecu, S. L. Mielke, and
           D. G. Truhlar, Phys. Chem. Chem. Phys. 13, 10885 (2011).
   Ref. 2: T. Yu, J. Zheng, and D. G. Truhlar, Chem. Sci. 2, 2199 (2011)

   Calculation run on 02/01/2022 at 12:01:46  

   Number of structures:             5
   Number of torsions:               6
   Method:                           MS-T(C)
   Frequency scaling factor:         0.964
   Delta T for finite difference:    0.5 K
   Internal coordinates
     Bonds:         01-02  01-20  02-03  02-16  02-17  03-14  04-12  04-13  05-06
     Bonds:         05-08  06-07  07-10  07-11  18-21  01-19  03-15  07-09  03-04
     Bonds:         04-05  01-18
     Angles:        01-02-03  02-03-04  02-03-14  03-04-13  04-05-06  05-04-12
     Angles:        05-06-07  06-05-08  06-07-11  10-07-11  12-04-13  14-03-15
     Angles:        18-01-19  16-02-17  02-01-19  18-01-20  01-02-16  09-07-11
     Linear Angles: 01=18=21
     Dihedrals:     01-03-16-02  02-04-14-03  02-18-19-01  03-05-12-04
     Dihedrals:     03-05-13-04  03-16-17-02  04-06-08-05  04-14-15-03
     Dihedrals:     06-09-11-07  06-10-11-07  18-19-20-01  04-03-02-01
     Dihedrals:     05-04-03-02  06-05-04-03  07-06-05-04  03-02-01-18
     Dihedrals:     09-07-06-05

   All moment output uses units of amu for masses and Angstroms for distances 

                           ==========================
                                Structure   1
                           ==========================

   Normal-mode Frequencies (cm-1) 
   (Overall translation and rotation projected out)
    1294.8633i      0.0000i      0.0000i      0.0000i      0.0000i      0.0000 
       0.0001      36.4262      61.4552      97.2376     138.2227     161.7325 
     177.1906     212.3716     239.4682     273.4590     336.3196     369.6892 
     514.1459     567.9588     580.5803     651.3268     741.8989     839.1631 
     859.7024     917.3688     934.6044    1015.1089    1044.3627    1060.3794 
    1099.3887    1114.7432    1164.0285    1173.5563    1183.7497    1191.7509 
    1205.7310    1224.6194    1260.7843    1299.7918    1306.9802    1387.7481 
    1399.7278    1433.3358    1436.1489    1451.0382    1459.8821    1461.2745 
    1463.8362    1477.6312    1697.0380    1823.4121    2982.7797    3014.8621 
    3020.4576    3022.6067    3028.6720    3059.0226    3061.5264    3071.5439 
    3113.1786    3146.3519    3146.7285 
   Torsion-projected frequencies/non-torsional frequencies (cm-1)
    1294.8311i    207.5333     238.1323     272.7556     335.8828     369.4197 
     513.8604     566.7380     578.1216     650.9444     741.5735     839.1368 
     859.6718     917.3602     934.5755    1015.0961    1044.3552    1060.3716 
    1099.3755    1114.7389    1163.7181    1173.5457    1183.7257    1191.7502 
    1205.7150    1224.6041    1260.7790    1299.7649    1306.9782    1387.7447 
    1399.7248    1433.3270    1436.1437    1451.0309    1459.8761    1461.2635 
    1463.7541    1477.6312    1697.0211    1823.4113    2982.7732    3014.8620 
    3020.4570    3022.6014    3028.6720    3059.0225    3061.5249    3071.5427 
    3113.1698    3146.3518    3146.7285 
   Product of consistently coupled torsional frequencies (in cm-1^ntor)  8.9906E+11
   Primitively coupled torsional frequencies (cm-1) (Not used)
      39.6556      69.9243     104.3779     141.0168     172.4114     187.1617 
   Product of primitively coupled torsional frequencies (in cm-1^ntor)   1.3170E+12
   Effective coupled torsional barrier (kcal/mol)
        1.090        1.510        3.160        4.318        8.453        9.051 

   D matrix: 
   m-n        1             2             3             4             5
    1   2.750068E+01  5.673966E-01 -4.181761E+00 -1.566639E-01  4.943812E+00
    2   5.673966E-01  2.584138E+01  6.838180E+00  5.540110E+00  5.652188E+00
    3  -4.181761E+00  6.838180E+00  4.292034E+01 -1.275575E+01 -4.250213E-01
    4  -1.566639E-01  5.540110E+00 -1.275575E+01  1.758748E+01  1.532278E+00
    5   4.943812E+00  5.652188E+00 -4.250213E-01  1.532278E+00  7.837970E+00
    6  -2.851982E-01  8.951877E-01  2.275934E+00  1.404445E+00  8.354227E-02
   m-n        6
    1  -2.851982E-01
    2   8.951877E-01
    3   2.275934E+00
    4   1.404445E+00
    5   8.354227E-02
    6   3.111028E+00

   Eigenvalues of D matrix:
     4.9742E+01    3.1094E+01    2.7204E+01    9.0745E+00    5.1719E+00    2.5127E+00
   Determinant of D matrix  3.775650E+029

          Uncoupled force constants (au), Pitzer moment of inertia (amu A^2),
   uncoupled torsional frequencies (cm-1), and uncoupled torsional barrier (kcal/mol)
   --------------------------------------------------------------------------------
   Torsion               1             2             3             4             5
   Force constant   2.12788E-02  4.44630E-02  1.14982E-02  4.46125E-02  1.88853E-02
   Moment          27.501       25.841       42.920       17.587        7.838
   Tor. Freq.        75.667      112.836       44.523      137.004      133.526
   Rot. barrier       4.001        8.360        2.162        8.388        3.551
   M_j,tau            2.584        2.584        2.584        2.584        2.584

   Torsion               6
   Force constant   8.03555E-03
   Moment           3.111
   Tor. Freq.       138.249
   Rot. barrier       1.121
   M_j,tau            3.000
   --------------------------------------------------------------------------------
   Potential Energy =   0.000 kcal/mol
   Weight =  2
   Overall rotational symmetry number =   1

                           ==========================
                                Structure   2
                           ==========================

   Normal-mode Frequencies (cm-1) 
   (Overall translation and rotation projected out)
    1291.3660i      0.0000i      0.0000i      0.0000       0.0000       0.0000 
       0.0001      35.5560      75.1099      88.7027     132.4977     143.6046 
     170.5034     203.5074     220.9627     292.7992     339.5470     360.8543 
     514.2569     559.8066     580.3817     651.9393     739.4216     843.3213 
     857.1416     917.6770     938.7028    1013.8804    1051.3768    1063.8266 
    1073.4542    1124.2496    1164.1562    1172.2575    1174.1960    1191.6353 
    1204.2495    1242.6368    1270.8836    1290.3983    1310.9615    1372.5298 
    1395.8799    1432.8129    1441.8067    1454.6682    1460.4846    1464.0333 
    1470.3725    1477.6264    1721.3644    1824.4706    2997.4174    3013.1827 
    3020.4956    3028.9979    3050.9613    3055.0546    3063.9899    3075.0816 
    3113.6821    3142.1414    3147.0820 
   Torsion-projected frequencies/non-torsional frequencies (cm-1)
    1291.3657i    195.5957     218.6820     291.9285     339.4602     360.7186 
     514.2364     558.0445     577.9417     651.5752     738.8880     843.3049 
     857.1171     917.6489     938.6844    1013.8685    1051.3696    1063.8217 
    1073.4406    1124.2417    1163.8419    1172.2554    1174.1914    1191.6340 
    1204.2389    1242.6157    1270.8475    1290.3899    1310.9021    1372.5294 
    1395.8775    1432.8025    1441.8046    1454.6669    1460.4845    1463.9536 
    1470.3656    1477.6264    1721.3644    1824.4701    2997.4168    3013.1826 
    3020.4954    3028.9979    3050.9542    3055.0533    3063.9859    3075.0795 
    3113.6733    3142.1384    3147.0820 
   Product of consistently coupled torsional frequencies (in cm-1^ntor)  8.1844E+11
   Primitively coupled torsional frequencies (cm-1) (Not used)
      39.0551      87.1252      93.3716     139.4243     152.2857     185.1679 
   Product of primitively coupled torsional frequencies (in cm-1^ntor)   1.2491E+12
   Effective coupled torsional barrier (kcal/mol)
        1.108        1.458        2.837        4.049        7.971        8.494 

   D matrix: 
   m-n        1             2             3             4             5
    1   2.165106E+01 -3.144200E+00 -3.476470E+00 -1.209122E+00  6.633322E-01
    2  -3.144200E+00  2.634004E+01  7.772235E+00  5.619668E+00  5.820171E+00
    3  -3.476470E+00  7.772235E+00  4.418731E+01 -1.273129E+01  1.480867E+00
    4  -1.209122E+00  5.619668E+00 -1.273129E+01  1.766772E+01  1.224496E+00
    5   6.633322E-01  5.820171E+00  1.480867E+00  1.224496E+00  7.454030E+00
    6  -3.158446E-01  9.669371E-01  2.368927E+00  1.410157E+00  1.982112E-01
   m-n        6
    1  -3.158446E-01
    2   9.669371E-01
    3   2.368927E+00
    4   1.410157E+00
    5   1.982112E-01
    6   3.118375E+00

   Eigenvalues of D matrix:
     5.1114E+01    3.1264E+01    2.0685E+01    9.2299E+00    5.6096E+00    2.5166E+00
   Determinant of D matrix  3.277408E+029

          Uncoupled force constants (au), Pitzer moment of inertia (amu A^2),
   uncoupled torsional frequencies (cm-1), and uncoupled torsional barrier (kcal/mol)
   --------------------------------------------------------------------------------
   Torsion               1             2             3             4             5
   Force constant   2.21957E-02  4.01770E-02  1.13150E-02  4.45073E-02  1.53218E-02
   Moment          21.651       26.340       44.187       17.668        7.454
   Tor. Freq.        87.096      106.239       43.529      136.531      123.329
   Rot. barrier       4.119        7.456        2.100        8.259        2.843
   M_j,tau            2.601        2.601        2.601        2.601        2.601

   Torsion               6
   Force constant   8.17756E-03
   Moment           3.118
   Tor. Freq.       139.301
   Rot. barrier       1.140
   M_j,tau            3.000
   --------------------------------------------------------------------------------
   Potential Energy =   0.320 kcal/mol
   Weight =  2
   Overall rotational symmetry number =   1

                           ==========================
                                Structure   3
                           ==========================

   Normal-mode Frequencies (cm-1) 
   (Overall translation and rotation projected out)
    1299.3289i      0.0000i      0.0000i      0.0000i      0.0000       0.0000 
       0.0001      46.5949      55.6153     121.6434     140.5938     168.6115 
     184.7095     251.1916     268.9582     323.1523     335.7572     397.5644 
     479.0544     576.5918     586.6207     660.8256     766.5383     831.2770 
     859.9267     920.3139     951.9058     974.5241    1041.9842    1052.7459 
    1083.8367    1129.2942    1163.9464    1175.3757    1190.8029    1193.0050 
    1196.3698    1218.7848    1262.8421    1286.6167    1350.6123    1377.9925 
    1401.0531    1433.5527    1438.4181    1451.9785    1460.5913    1461.4645 
    1463.8128    1477.1403    1676.6915    1821.2136    2983.0452    3009.1940 
    3023.9480    3028.1522    3045.8363    3053.4774    3064.7008    3078.5488 
    3112.6116    3138.6378    3145.9700 
   Torsion-projected frequencies/non-torsional frequencies (cm-1)
    1299.2395i    186.1304     266.6893     316.2181     335.1564     395.8366 
     479.0051     575.1867     585.5154     660.6816     766.4539     831.2355 
     859.8334     920.2973     951.8552     974.4690    1041.9563    1052.7423 
    1083.7938    1129.2833    1163.6305    1175.3353    1190.7950    1193.0005 
    1196.3411    1218.7147    1262.8392    1286.5994    1350.6109    1377.9893 
    1401.0489    1433.5491    1438.3715    1451.9519    1460.5565    1461.4618 
    1463.7429    1477.1393    1676.6713    1821.2121    2983.0427    3009.1939 
    3023.9437    3028.1521    3045.8328    3053.4742    3064.6962    3078.5412 
    3112.6026    3138.6377    3145.9700 
   Product of consistently coupled torsional frequencies (in cm-1^ntor)  1.9426E+12
   Primitively coupled torsional frequencies (cm-1) (Not used)
      49.1690      60.3090     133.1297     146.7460     180.3131     257.1418 
   Product of primitively coupled torsional frequencies (in cm-1^ntor)   2.6861E+12
   Effective coupled torsional barrier (kcal/mol)
        1.106        2.450        5.144        7.427        8.445       11.671 

   D matrix: 
   m-n        1             2             3             4             5
    1   3.373692E+01  2.687380E+01 -6.062638E+00  7.082147E+00  3.808151E+00
    2   2.687380E+01  4.695829E+01  8.075775E+00  9.762374E+00  4.504217E-01
    3  -6.062638E+00  8.075775E+00  4.193976E+01 -1.150712E+01  2.180053E+00
    4   7.082147E+00  9.762374E+00 -1.150712E+01  1.801926E+01 -3.324310E-01
    5   3.808151E+00  4.504217E-01  2.180053E+00 -3.324310E-01  7.969530E+00
    6   9.880244E-02  1.317985E+00  2.288713E+00  1.537458E+00  1.328668E-01
   m-n        6
    1   9.880244E-02
    2   1.317985E+00
    3   2.288713E+00
    4   1.537458E+00
    5   1.328668E-01
    6   3.122525E+00

   Eigenvalues of D matrix:
     7.0911E+01    4.8810E+01    1.5320E+01    9.2826E+00    4.9295E+00    2.4932E+00
   Determinant of D matrix  4.603217E+029

          Uncoupled force constants (au), Pitzer moment of inertia (amu A^2),
   uncoupled torsional frequencies (cm-1), and uncoupled torsional barrier (kcal/mol)
   --------------------------------------------------------------------------------
   Torsion               1             2             3             4             5
   Force constant   2.84558E-02  4.80388E-02  1.61048E-02  4.30700E-02  4.52322E-02
   Moment          33.737       46.958       41.940       18.019        7.970
   Tor. Freq.        79.002       87.005       53.305      132.992      204.933
   Rot. barrier       5.522        9.323        3.125        8.359        8.778
   M_j,tau            2.543        2.543        2.543        2.543        2.543

   Torsion               6
   Force constant   8.15222E-03
   Moment           3.123
   Tor. Freq.       138.992
   Rot. barrier       1.137
   M_j,tau            3.000
   --------------------------------------------------------------------------------
   Potential Energy =   0.332 kcal/mol
   Weight =  2
   Overall rotational symmetry number =   1

                           ==========================
                                Structure   4
                           ==========================

   Normal-mode Frequencies (cm-1) 
   (Overall translation and rotation projected out)
    1283.1585i      0.0001i      0.0000i      0.0000i      0.0000       0.0000 
       0.0000      30.1178      60.8545      97.5992     120.4210     134.8002 
     142.6300     180.7320     217.8351     288.9390     315.6578     362.1648 
     487.3968     558.9054     578.5623     699.7715     719.0717     793.8052 
     909.0430     922.4370     930.7424    1030.1979    1046.9034    1069.1077 
    1096.3504    1110.0076    1164.0989    1169.8525    1171.8511    1190.4693 
    1216.6889    1218.5522    1277.6752    1290.4798    1304.0760    1352.0324 
    1405.1874    1435.3420    1443.4879    1459.3606    1463.1532    1463.6679 
    1475.1971    1478.0201    1728.0776    1826.8063    2992.9083    3013.1717 
    3024.0907    3028.4359    3033.8916    3052.1429    3057.1941    3076.2244 
    3112.8650    3144.1629    3146.2442 
   Torsion-projected frequencies/non-torsional frequencies (cm-1)
    1283.1585i     97.5992     217.8351     288.9390     315.6578     362.1648 
     487.3968     557.1534     575.6516     699.7715     718.2422     793.6830 
     909.0430     922.2536     930.7424    1030.1979    1046.9034    1069.1077 
    1096.3504    1109.9741    1163.7974    1169.8444    1171.8511    1190.4693 
    1216.6889    1218.5091    1277.6752    1290.4322    1304.0539    1352.0324 
    1405.1874    1435.3420    1443.4879    1459.3606    1463.1532    1463.5873 
    1475.1971    1478.0201    1728.0776    1826.8063    2992.9083    3013.1717 
    3024.0907    3028.4359    3033.8885    3052.1382    3057.1941    3076.2234 
    3112.8563    3144.1605    3146.2442 
   Product of consistently coupled torsional frequencies (in cm-1^ntor)  7.7474E+11
   Primitively coupled torsional frequencies (cm-1) (Not used)
      34.4786      66.6778     125.8206     138.7797     151.2401     187.5288 
   Product of primitively coupled torsional frequencies (in cm-1^ntor)   1.1385E+12
   Effective coupled torsional barrier (kcal/mol)
        0.735        1.094        2.411        2.760        3.897        7.034 

   D matrix: 
   m-n        1             2             3             4             5
    1   1.933264E+01 -4.973569E+00  1.493775E+01 -5.399261E+00 -2.374929E-01
    2  -4.973569E+00  2.451608E+01 -4.410912E+00  9.258934E+00  6.296214E+00
    3   1.493775E+01 -4.410912E+00  2.926169E+01 -1.211937E+01  1.070168E+00
    4  -5.399261E+00  9.258934E+00 -1.211937E+01  1.838783E+01  1.323422E+00
    5  -2.374929E-01  6.296214E+00  1.070168E+00  1.323422E+00  7.654764E+00
    6   7.072153E-01  3.217383E-01  1.328389E+00  1.508188E+00  1.757919E-01
   m-n        6
    1   7.072153E-01
    2   3.217383E-01
    3   1.328389E+00
    4   1.508188E+00
    5   1.757919E-01
    6   3.049739E+00

   Eigenvalues of D matrix:
     5.0159E+01    2.5333E+01    1.2500E+01    2.4702E+00    6.5041E+00    5.2365E+00
   Determinant of D matrix  1.016832E+029

          Uncoupled force constants (au), Pitzer moment of inertia (amu A^2),
   uncoupled torsional frequencies (cm-1), and uncoupled torsional barrier (kcal/mol)
   --------------------------------------------------------------------------------
   Torsion               1             2             3             4             5
   Force constant   2.32072E-02  1.78964E-02  5.31889E-03  4.37455E-02  1.59515E-02
   Moment          19.333       24.516       29.262       18.388        7.655
   Tor. Freq.        94.248       73.496       36.675      132.680      124.177
   Rot. barrier       3.676        2.835        0.842        6.929        2.527
   M_j,tau            2.815        2.815        2.815        2.815        2.815

   Torsion               6
   Force constant   8.05696E-03
   Moment           3.050
   Tor. Freq.       139.817
   Rot. barrier       1.124
   M_j,tau            3.000
   --------------------------------------------------------------------------------
   Potential Energy =   0.452 kcal/mol
   Weight =  1
   Overall rotational symmetry number =   1

                           ==========================
                                Structure   5
                           ==========================

   Normal-mode Frequencies (cm-1) 
   (Overall translation and rotation projected out)
    1315.9298i      0.0000i      0.0000i      0.0000i      0.0000i      0.0000i
       0.0000      34.4550      62.0967      93.5400     138.7577     155.1822 
     173.0754     208.4329     242.9146     282.9032     322.0884     368.7406 
     514.1280     570.5810     580.0616     650.8096     746.1839     840.7119 
     852.2080     917.0990     928.4738    1015.8725    1046.6576    1069.4845 
    1084.2910    1124.3239    1162.9311    1164.6995    1184.7718    1188.7704 
    1193.3103    1243.1852    1257.2322    1288.7571    1312.5053    1388.8069 
    1399.0394    1433.1460    1436.4456    1452.3647    1459.9624    1461.8142 
    1463.8793    1477.7367    1697.8038    1826.0613    2953.7473    3009.4238 
    3019.2729    3028.6218    3043.6781    3055.4085    3060.4602    3071.9456 
    3113.1198    3143.1183    3146.4633 
   Torsion-projected frequencies/non-torsional frequencies (cm-1)
    1315.9072i    203.1159     241.7008     281.7127     322.0120     368.6484 
     513.8749     569.2086     577.5675     650.4082     745.8670     840.6826 
     852.1871     917.0906     928.4476    1015.8696    1046.6538    1069.4697 
    1084.2798    1124.3173    1162.8104    1164.4929    1184.7595    1188.7655 
    1193.3082    1243.1622    1257.2268    1288.7439    1312.4922    1388.8043 
    1399.0369    1433.1373    1436.4410    1452.3568    1459.9597    1461.8037 
    1463.7976    1477.7367    1697.7932    1826.0607    2953.7472    3009.4235 
    3019.2727    3028.6218    3043.6737    3055.4080    3060.4582    3071.9442 
    3113.1110    3143.1181    3146.4633 
   Product of consistently coupled torsional frequencies (in cm-1^ntor)  7.7969E+11
   Primitively coupled torsional frequencies (cm-1) (Not used)
      38.1632      69.0753     101.3441     141.5846     165.4558     184.5467 
   Product of primitively coupled torsional frequencies (in cm-1^ntor)   1.1550E+12
   Effective coupled torsional barrier (kcal/mol)
        1.101        1.374        2.992        4.275        7.692        8.498 

   D matrix: 
   m-n        1             2             3             4             5
    1   2.819623E+01  3.808750E-01 -3.674477E+00 -4.051705E-01  5.144422E+00
    2   3.808750E-01  2.480376E+01  8.328923E+00  4.811497E+00  4.844719E+00
    3  -3.674477E+00  8.328923E+00  4.362659E+01 -1.262474E+01  2.289161E+00
    4  -4.051705E-01  4.811497E+00 -1.262474E+01  1.738266E+01  4.682658E-01
    5   5.144422E+00  4.844719E+00  2.289161E+00  4.682658E-01  7.583033E+00
    6  -2.647363E-01  9.531300E-01  2.337443E+00  1.397665E+00  2.095587E-01
   m-n        6
    1  -2.647363E-01
    2   9.531300E-01
    3   2.337443E+00
    4   1.397665E+00
    5   2.095587E-01
    6   3.115233E+00

   Eigenvalues of D matrix:
     5.0847E+01    3.0157E+01    2.7117E+01    8.8390E+00    5.2346E+00    2.5135E+00
   Determinant of D matrix  3.679624E+029

          Uncoupled force constants (au), Pitzer moment of inertia (amu A^2),
   uncoupled torsional frequencies (cm-1), and uncoupled torsional barrier (kcal/mol)
   --------------------------------------------------------------------------------
   Torsion               1             2             3             4             5
   Force constant   2.25904E-02  3.78936E-02  1.05414E-02  4.42127E-02  1.71291E-02
   Moment          28.196       24.804       43.627       17.383        7.583
   Tor. Freq.        76.997      106.324       42.284      137.189      129.286
   Rot. barrier       4.233        7.100        1.975        8.284        3.209
   M_j,tau            2.588        2.588        2.588        2.588        2.588

   Torsion               6
   Force constant   8.11783E-03
   Moment           3.115
   Tor. Freq.       138.861
   Rot. barrier       1.132
   M_j,tau            3.000
   --------------------------------------------------------------------------------
   Potential Energy =   0.453 kcal/mol
   Weight =  2
   Overall rotational symmetry number =   1

       List of zero-point inclusive energy (kcal/mol) for each structure
      ------------------------------------------------------------------
        Structure            Energy (T = 0 K)
      ------------------------------------------------------------------
          1                    107.52
          2                    107.88
          3                    108.12
          4                    107.84
          5                    107.90
      ZPE of the system =      107.52


     Note: The following SS-HO and SS-T include the Rot. P.F. and Boltzmann factor,
           but are calculated with weight = 1 for each structure. Weights are
           counted in MS partition functions. Zero of energy is set to the potential
           energy of global minimum.

            Partition function of structure    1
     ================================================================
          T(K)      Rot.          SS-HO           SS-T     SS-T/SS-HO
        100.00    8.7023E+004   7.7591E-230   6.0949E-230    0.786
        200.00    2.4614E+005   1.4149E-110   1.3190E-110    0.932
        298.15    4.4801E+005   2.0459E-070   2.1602E-070    1.056
        300.00    4.5219E+005   6.6594E-070   7.0443E-070    1.058
        500.00    9.7295E+005   7.2800E-036   8.7565E-036    1.203
        750.00    1.7874E+006   4.3909E-017   5.4874E-017    1.250
       1000.00    2.7519E+006   2.2017E-006   2.6795E-006    1.217
       1100.00    3.1749E+006   3.6253E-003   4.3197E-003    1.192
       1150.00    3.3938E+006   1.0343E-001   1.2174E-001    1.177
       1200.00    3.6175E+006   2.4192E+000   2.8101E+000    1.162
       1250.00    3.8459E+006   4.7413E+001   5.4303E+001    1.145
       1300.00    4.0790E+006   7.9319E+002   8.9502E+002    1.128
       1350.00    4.3165E+006   1.1508E+004   1.2784E+004    1.111
       1400.00    4.5586E+006   1.4679E+005   1.6043E+005    1.093
       1450.00    4.8049E+006   1.6658E+006   1.7901E+006    1.075
       1500.00    5.0556E+006   1.6992E+007   1.7944E+007    1.056
       1550.00    5.3105E+006   1.5721E+008   1.6306E+008    1.037
       1600.00    5.5695E+006   1.3299E+009   1.3542E+009    1.018
       1650.00    5.8326E+006   1.0358E+010   1.0350E+010    0.999
       1700.00    6.0997E+006   7.4743E+010   7.3267E+010    0.980
       1800.00    6.6457E+006   3.1634E+012   2.9810E+012    0.942
       1900.00    7.2072E+006   1.0473E+014   9.4773E+013    0.905
       2000.00    7.7836E+006   2.7977E+015   2.4287E+015    0.868
       2500.00    1.0878E+007   3.2432E+021   2.2702E+021    0.700

            Partition function of structure    2
     ================================================================
          T(K)      Rot.          SS-HO           SS-T     SS-T/SS-HO
        100.00    8.9980E+004   1.3603E-230   1.0299E-230    0.757
        200.00    2.5450E+005   6.4408E-111   5.8277E-111    0.905
        298.15    4.6323E+005   1.2906E-070   1.3317E-070    1.032
        300.00    4.6755E+005   4.2183E-070   4.3611E-070    1.034
        500.00    1.0060E+006   6.0396E-036   7.1429E-036    1.183
        750.00    1.8482E+006   4.1718E-017   5.1081E-017    1.224
       1000.00    2.8454E+006   2.2367E-006   2.6457E-006    1.183
       1100.00    3.2827E+006   3.7499E-003   4.3265E-003    1.154
       1150.00    3.5091E+006   1.0782E-001   1.2265E-001    1.138
       1200.00    3.7404E+006   2.5399E+000   2.8458E+000    1.120
       1250.00    3.9766E+006   5.0104E+001   5.5246E+001    1.103
       1300.00    4.2176E+006   8.4325E+002   9.1425E+002    1.084
       1350.00    4.4632E+006   1.2302E+004   1.3105E+004    1.065
       1400.00    4.7134E+006   1.5773E+005   1.6498E+005    1.046
       1450.00    4.9682E+006   1.7984E+006   1.8460E+006    1.026
       1500.00    5.2274E+006   1.8426E+007   1.8550E+007    1.007
       1550.00    5.4909E+006   1.7118E+008   1.6894E+008    0.987
       1600.00    5.7587E+006   1.4536E+009   1.4057E+009    0.967
       1650.00    6.0308E+006   1.1362E+010   1.0762E+010    0.947
       1700.00    6.3070E+006   8.2270E+010   7.6297E+010    0.927
       1800.00    6.8716E+006   3.5035E+012   3.1120E+012    0.888
       1900.00    7.4521E+006   1.1663E+014   9.9126E+013    0.850
       2000.00    8.0481E+006   3.1308E+015   2.5439E+015    0.813
       2500.00    1.1248E+007   3.6967E+021   2.3846E+021    0.645

            Partition function of structure    3
     ================================================================
          T(K)      Rot.          SS-HO           SS-T     SS-T/SS-HO
        100.00    8.2855E+004   2.8483E-231   2.2965E-231    0.806
        200.00    2.3435E+005   1.8556E-111   1.7000E-111    0.916
        298.15    4.2655E+005   3.8870E-071   3.9180E-071    1.008
        300.00    4.3053E+005   1.2708E-070   1.2829E-070    1.009
        500.00    9.2635E+005   1.8293E-036   2.0715E-036    1.132
        750.00    1.7018E+006   1.2551E-017   1.5220E-017    1.213
       1000.00    2.6201E+006   6.6981E-007   8.3478E-007    1.246
       1100.00    3.0228E+006   1.1215E-003   1.4017E-003    1.250
       1150.00    3.2312E+006   3.2229E-002   4.0277E-002    1.250
       1200.00    3.4442E+006   7.5885E-001   9.4736E-001    1.248
       1250.00    3.6617E+006   1.4963E+001   1.8645E+001    1.246
       1300.00    3.8836E+006   2.5173E+002   3.1280E+002    1.243
       1350.00    4.1098E+006   3.6712E+003   4.5454E+003    1.238
       1400.00    4.3402E+006   4.7054E+004   5.8004E+004    1.233
       1450.00    4.5748E+006   5.3635E+005   6.5780E+005    1.226
       1500.00    4.8134E+006   5.4938E+006   6.6987E+006    1.219
       1550.00    5.0561E+006   5.1026E+007   6.1816E+007    1.211
       1600.00    5.3027E+006   4.3320E+008   5.2108E+008    1.203
       1650.00    5.5532E+006   3.3855E+009   4.0410E+009    1.194
       1700.00    5.8075E+006   2.4508E+010   2.9012E+010    1.184
       1800.00    6.3274E+006   1.0433E+012   1.2129E+012    1.162
       1900.00    6.8620E+006   3.4723E+013   3.9562E+013    1.139
       2000.00    7.4108E+006   9.3187E+014   1.0388E+015    1.115
       2500.00    1.0357E+007   1.0995E+021   1.0779E+021    0.980

            Partition function of structure    4
     ================================================================
          T(K)      Rot.          SS-HO           SS-T     SS-T/SS-HO
        100.00    8.8536E+004   2.2779E-230   1.9331E-230    0.849
        200.00    2.5042E+005   1.1763E-110   1.2291E-110    1.045
        298.15    4.5580E+005   2.4979E-070   2.9319E-070    1.174
        300.00    4.6005E+005   8.1712E-070   9.6060E-070    1.176
        500.00    9.8986E+005   1.2418E-035   1.5934E-035    1.283
        750.00    1.8185E+006   8.8650E-017   1.0978E-016    1.238
       1000.00    2.7998E+006   4.8349E-006   5.3499E-006    1.107
       1100.00    3.2300E+006   8.1441E-003   8.5184E-003    1.046
       1150.00    3.4528E+006   2.3465E-001   2.3826E-001    1.015
       1200.00    3.6804E+006   5.5382E+000   5.4542E+000    0.985
       1250.00    3.9128E+006   1.0945E+002   1.0447E+002    0.955
       1300.00    4.1499E+006   1.8450E+003   1.7060E+003    0.925
       1350.00    4.3916E+006   2.6958E+004   2.4134E+004    0.895
       1400.00    4.6378E+006   3.4612E+005   2.9989E+005    0.866
       1450.00    4.8885E+006   3.9517E+006   3.3127E+006    0.838
       1500.00    5.1435E+006   4.0538E+007   3.2870E+007    0.811
       1550.00    5.4028E+006   3.7705E+008   2.9567E+008    0.784
       1600.00    5.6663E+006   3.2053E+009   2.4303E+009    0.758
       1650.00    5.9340E+006   2.5081E+010   1.8386E+010    0.733
       1700.00    6.2057E+006   1.8178E+011   1.2883E+011    0.709
       1800.00    6.7613E+006   7.7550E+012   5.1371E+012    0.662
       1900.00    7.3325E+006   2.5859E+014   1.6012E+014    0.619
       2000.00    7.9189E+006   6.9516E+015   4.0253E+015    0.579
       2500.00    1.1067E+007   8.2552E+021   3.4499E+021    0.418

            Partition function of structure    5
     ================================================================
          T(K)      Rot.          SS-HO           SS-T     SS-T/SS-HO
        100.00    8.7717E+004   1.2549E-230   9.8105E-231    0.782
        200.00    2.4810E+005   6.1106E-111   5.7140E-111    0.935
        298.15    4.5158E+005   1.2269E-070   1.3020E-070    1.061
        300.00    4.5579E+005   4.0101E-070   4.2634E-070    1.063
        500.00    9.8070E+005   5.7388E-036   6.9120E-036    1.204
        750.00    1.8017E+006   3.9683E-017   4.9345E-017    1.243
       1000.00    2.7738E+006   2.1324E-006   2.5665E-006    1.204
       1100.00    3.2002E+006   3.5786E-003   4.2058E-003    1.175
       1150.00    3.4208E+006   1.0295E-001   1.1936E-001    1.159
       1200.00    3.6463E+006   2.4264E+000   2.7723E+000    1.143
       1250.00    3.8766E+006   4.7890E+001   5.3875E+001    1.125
       1300.00    4.1115E+006   8.0639E+002   8.9247E+002    1.107
       1350.00    4.3509E+006   1.1770E+004   1.2806E+004    1.088
       1400.00    4.5949E+006   1.5098E+005   1.6137E+005    1.069
       1450.00    4.8432E+006   1.7224E+006   1.8073E+006    1.049
       1500.00    5.0959E+006   1.7655E+007   1.8178E+007    1.030
       1550.00    5.3528E+006   1.6410E+008   1.6570E+008    1.010
       1600.00    5.6139E+006   1.3941E+009   1.3799E+009    0.990
       1650.00    5.8791E+006   1.0902E+010   1.0574E+010    0.970
       1700.00    6.1483E+006   7.8969E+010   7.5020E+010    0.950
       1800.00    6.6987E+006   3.3658E+012   3.0646E+012    0.911
       1900.00    7.2646E+006   1.1214E+014   9.7754E+013    0.872
       2000.00    7.8456E+006   3.0124E+015   2.5120E+015    0.834
       2500.00    1.0965E+007   3.5686E+021   2.3673E+021    0.663

     ================================================================
              Partition Functions Including All Structures
        -----------------------------------------------------------
        Zero of energy is set to potential energy of global minimum
        -----------------------------------------------------------
        T(K)    Elec.        Trans.              Con-rovib
                                            MS-LH    or     MS-T
        100.00  2.0000E+000  3.2877E+006  2.3596E-229  1.8604E-229
        200.00  2.0000E+000  1.8598E+007  6.8874E-110  6.5155E-110
        298.15  2.0000E+000  5.0464E+007  1.2402E-069  1.3303E-069
        300.00  2.0000E+000  5.1250E+007  4.0489E-069  4.3509E-069
        500.00  2.0000E+000  1.8379E+008  5.4193E-035  6.5700E-035
        750.00  2.0000E+000  5.0646E+008  3.6437E-016  4.5082E-016
       1000.00  2.0000E+000  1.0397E+009  1.9316E-005  2.2803E-005
       1100.00  2.0000E+000  1.3194E+009  3.2295E-002  3.7026E-002
       1150.00  2.0000E+000  1.4745E+009  9.2751E-001  1.0463E+000
       1200.00  2.0000E+000  1.6400E+009  2.1827E+001  2.4205E+001
       1250.00  2.0000E+000  1.8162E+009  4.3019E+002  4.6861E+002
       1300.00  2.0000E+000  2.0033E+009  7.2342E+003  7.7350E+003
       1350.00  2.0000E+000  2.2015E+009  1.0546E+005  1.1062E+005
       1400.00  2.0000E+000  2.4111E+009  1.3512E+006  1.3895E+006
       1450.00  2.0000E+000  2.6322E+009  1.5398E+007  1.5515E+007
       1500.00  2.0000E+000  2.8650E+009  1.5767E+008  1.5561E+008
       1550.00  2.0000E+000  3.1097E+009  1.4641E+009  1.4147E+009
       1600.00  2.0000E+000  3.3666E+009  1.2427E+010  1.1752E+010
       1650.00  2.0000E+000  3.6358E+009  9.7096E+010  8.9840E+010
       1700.00  2.0000E+000  3.9175E+009  7.0276E+011  6.3602E+011
       1800.00  2.0000E+000  4.5193E+009  2.9907E+013  2.5878E+013
       1900.00  2.0000E+000  5.1734E+009  9.9504E+014  8.2255E+014
       2000.00  2.0000E+000  5.8812E+009  2.6697E+016  2.1072E+016
       2500.00  2.0000E+000  1.0274E+010  3.1471E+022  1.9650E+022

             Total Partition Function (E + T + Con-rovib)
             ---------------------------------------------
                T(K)     E + T + MS-LH     E + T + MS-T
                100.00     1.5515E-222       1.2233E-222
                200.00     2.5618E-102       2.4235E-102
                298.15     1.2517E-061       1.3427E-061
                300.00     4.1501E-061       4.4597E-061
                500.00     1.9920E-026       2.4150E-026
                750.00     3.6908E-007       4.5664E-007
               1000.00     4.0165E+004       4.7415E+004
               1100.00     8.5219E+007       9.7703E+007
               1150.00     2.7352E+009       3.0855E+009
               1200.00     7.1592E+010       7.9394E+010
               1250.00     1.5626E+012       1.7022E+012
               1300.00     2.8985E+013       3.0991E+013
               1350.00     4.6436E+014       4.8705E+014
               1400.00     6.5159E+015       6.7003E+015
               1450.00     8.1058E+016       8.1677E+016
               1500.00     9.0345E+017       8.9164E+017
               1550.00     9.1058E+018       8.7986E+018
               1600.00     8.3672E+019       7.9129E+019
               1650.00     7.0604E+020       6.5328E+020
               1700.00     5.5062E+021       4.9833E+021
               1800.00     2.7032E+023       2.3390E+023
               1900.00     1.0295E+025       8.5108E+024
               2000.00     3.1402E+026       2.4786E+026
               2500.00     6.4668E+032       4.0377E+032

     ================================================================
              Partition Functions Including All Structures
        -----------------------------------------------------------
                    Zero of energy is set to ZPE
        -----------------------------------------------------------
        T(K)             Con-rovib                Total
                   MS-LH        MS-T       E+T+MS-LH    E+T+MS-T
        100.00  2.2903E+006  1.8058E+006  1.5060E+013  1.1874E+013
        200.00  2.1458E+008  2.0299E+008  7.9815E+015  7.5505E+015
        298.15  8.1012E+009  8.6896E+009  8.1763E+017  8.7702E+017
        300.00  8.6368E+009  9.2812E+009  8.8527E+017  9.5132E+017
        500.00  5.3871E+012  6.5310E+012  1.9802E+021  2.4006E+021
        750.00  7.8190E+015  9.6741E+015  7.9200E+024  9.7990E+024
       1000.00  6.0902E+018  7.1895E+018  1.2663E+028  1.4949E+028
       1100.00  7.4403E+019  8.5303E+019  1.9633E+029  2.2510E+029
       1150.00  2.5175E+020  2.8400E+020  7.4240E+029  8.3749E+029
       1200.00  8.3415E+020  9.2505E+020  2.7360E+030  3.0342E+030
       1250.00  2.7078E+021  2.9497E+021  9.8360E+030  1.0714E+031
       1300.00  8.6162E+021  9.2128E+021  3.4522E+031  3.6912E+031
       1350.00  2.6887E+022  2.8201E+022  1.1839E+032  1.2417E+032
       1400.00  8.2323E+022  8.4653E+022  3.9698E+032  4.0821E+032
       1450.00  2.4743E+023  2.4932E+023  1.3026E+033  1.3125E+033
       1500.00  7.3040E+023  7.2085E+023  4.1851E+033  4.1304E+033
       1550.00  2.1185E+024  2.0470E+024  1.3176E+034  1.2731E+034
       1600.00  6.0402E+024  5.7122E+024  4.0670E+034  3.8461E+034
       1650.00  1.6937E+025  1.5671E+025  1.2316E+035  1.1396E+035
       1700.00  4.6728E+025  4.2290E+025  3.6611E+035  3.3135E+035
       1800.00  3.3932E+026  2.9361E+026  3.0670E+036  2.6538E+036
       1900.00  2.3205E+027  1.9182E+027  2.4010E+037  1.9848E+037
       2000.00  1.4990E+028  1.1832E+028  1.7632E+038  1.3918E+038
       2500.00  7.8958E+031  4.9299E+031  1.6224E+042  1.0130E+042
     ================================================================

                     ==============================
                          Thermodynamic Functions
                      (Ideal gas at standard state)
                     ==============================
     T  - Temperature (Kelvin)        G  - Gibbs Free Energy (kcal/mol)
     E  - Thermal Energy (kcal/mol)   H  - Enthalpy (kcal/mol)
     S  - Entropy (cal/(mol-K))
     Cp - Heat Capacity at Constant Pressure (cal/(mol-K))
        -----------------------------------------------------------
        Zero of energy is set to potential energy of global minimum
        -----------------------------------------------------------

               Contribution from electronic P.F. 
     ================================================================
                  T          G          E          S
                100.00      -0.138      0.000      1.377
                200.00      -0.275      0.000      1.377
                298.15      -0.411      0.000      1.377
                300.00      -0.413      0.000      1.377
                500.00      -0.689      0.000      1.377
                750.00      -1.033      0.000      1.377
               1000.00      -1.377      0.000      1.377
               1100.00      -1.515      0.000      1.377
               1150.00      -1.584      0.000      1.377
               1200.00      -1.653      0.000      1.377
               1250.00      -1.722      0.000      1.377
               1300.00      -1.791      0.000      1.377
               1350.00      -1.860      0.000      1.377
               1400.00      -1.928      0.000      1.377
               1450.00      -1.997      0.000      1.377
               1500.00      -2.066      0.000      1.377
               1550.00      -2.135      0.000      1.377
               1600.00      -2.204      0.000      1.377
               1650.00      -2.273      0.000      1.377
               1700.00      -2.342      0.000      1.377
               1800.00      -2.479      0.000      1.377
               1900.00      -2.617      0.000      1.377
               2000.00      -2.755      0.000      1.377
               2500.00      -3.444      0.000      1.377

               Contribution from translational P.F. 
     ================================================================
                  T          G          E          S
                100.00      -2.982      0.298     34.788
                200.00      -6.653      0.596     38.231
                298.15     -10.509      0.889     40.215
                300.00     -10.583      0.894     40.246
                500.00     -18.908      1.490     42.783
                750.00     -29.872      2.236     44.798
               1000.00     -41.259      2.981     46.227
               1100.00     -45.906      3.279     46.700
               1150.00     -48.246      3.428     46.921
               1200.00     -50.598      3.577     47.133
               1250.00     -52.959      3.726     47.336
               1300.00     -55.331      3.875     47.530
               1350.00     -57.712      4.024     47.718
               1400.00     -60.103      4.173     47.899
               1450.00     -62.502      4.322     48.073
               1500.00     -64.910      4.471     48.241
               1550.00     -67.326      4.620     48.404
               1600.00     -69.750      4.769     48.562
               1650.00     -72.182      4.918     48.715
               1700.00     -74.622      5.067     48.863
               1800.00     -79.522      5.365     49.147
               1900.00     -84.451      5.664     49.416
               2000.00     -89.405      5.962     49.671
               2500.00    -114.528      7.452     50.779

        Contribution from conformational-rovibrational P.F. (MS-LH)
     ================================================================
                  T          G          E          S
                100.00     104.614    108.561     39.470
                200.00      99.899    110.709     54.049
                298.15      94.006    113.642     65.861
                300.00      93.884    113.707     66.075
                500.00      78.396    122.683     88.573
                750.00      52.982    138.632    114.200
               1000.00      21.570    158.140    136.569
               1100.00       7.504    166.656    144.684
               1150.00       0.172    171.038    148.579
               1200.00      -7.352    175.495    152.373
               1250.00     -15.064    180.020    156.067
               1300.00     -22.957    184.610    159.668
               1350.00     -31.029    189.260    163.177
               1400.00     -39.274    193.966    166.599
               1450.00     -47.687    198.723    169.938
               1500.00     -56.266    203.528    173.196
               1550.00     -65.006    208.379    176.377
               1600.00     -73.903    213.271    179.484
               1650.00     -82.953    218.203    182.519
               1700.00     -92.153    223.171    185.485
               1800.00    -110.991    233.210    191.222
               1900.00    -130.390    243.369    196.715
               2000.00    -150.326    253.635    201.981
               2500.00    -257.361    306.192    225.421

        Contribution from conformational-rovibrational P.F. (MS-T)
     ================================================================
                  T          G          E          S
                100.00     104.661    108.598     39.367
                200.00      99.921    110.835     54.569
                298.15      93.964    113.819     66.593
                300.00      93.841    113.884     66.810
                500.00      78.205    122.833     89.256
                750.00      52.664    138.535    114.494
               1000.00      21.241    157.606    136.365
               1100.00       7.205    165.901    144.269
               1150.00      -0.103    170.163    148.058
               1200.00      -7.599    174.493    151.743
               1250.00     -15.276    178.887    155.330
               1300.00     -23.130    183.339    158.823
               1350.00     -31.157    187.846    162.224
               1400.00     -39.351    192.403    165.538
               1450.00     -47.709    197.006    168.769
               1500.00     -56.227    201.653    171.920
               1550.00     -64.900    206.340    174.994
               1600.00     -73.725    211.065    177.994
               1650.00     -82.698    215.825    180.923
               1700.00     -91.816    220.617    183.784
               1800.00    -110.473    230.291    189.313
               1900.00    -129.671    240.071    194.601
               2000.00    -149.386    249.944    199.665
               2500.00    -255.021    300.365    222.155

     Total (Translational + Electronic + conformational-rovib.(MS-LH))
     ======================================================================
              T          G          E          H          S          Cp
            100.00     101.494    108.859    109.058     75.635     22.447
            200.00      92.971    111.305    111.703     93.658     30.418
            298.15      83.087    114.531    115.124    107.453     39.593
            300.00      82.888    114.601    115.197    107.698     39.781
            500.00      58.800    124.173    125.167    132.734     59.358
            750.00      22.076    140.867    142.358    160.375     76.882
           1000.00     -21.066    161.121    163.108    184.174     88.355
           1100.00     -39.917    169.935    172.121    192.762     91.824
           1150.00     -49.658    174.466    176.752    196.878     93.371
           1200.00     -59.603    179.072    181.456    200.883     94.807
           1250.00     -69.745    183.747    186.231    204.780     96.140
           1300.00     -80.079    188.486    191.069    208.575     97.380
           1350.00     -90.601    193.284    195.967    212.272     98.532
           1400.00    -101.305    198.139    200.921    215.875     99.605
           1450.00    -112.187    203.045    205.926    219.388    100.605
           1500.00    -123.242    207.999    210.980    222.815    101.537
           1550.00    -134.467    212.999    216.079    226.159    102.407
           1600.00    -145.857    218.040    221.220    229.423    103.220
           1650.00    -157.408    223.121    226.400    232.611    103.980
           1700.00    -169.117    228.239    231.617    235.726    104.691
           1800.00    -192.992    238.575    242.152    241.747    105.981
           1900.00    -217.457    249.032    252.808    247.508    107.116
           2000.00    -242.486    259.597    263.571    253.029    108.120
           2500.00    -375.332    313.644    318.612    277.578    111.712

     Total (Translational + Electronic + conformational-rovib.(MS-T))
     ======================================================================
              T          G          E          H          S          Cp
            100.00     101.541    108.896    109.094     75.532     23.302
            200.00      92.993    111.431    111.829     94.177     31.161
            298.15      83.045    114.708    115.301    108.186     39.891
            300.00      82.845    114.778    115.374    108.433     40.071
            500.00      58.609    124.323    125.317    133.416     58.812
            750.00      21.759    140.771    142.261    160.669     75.490
           1000.00     -21.396    160.587    162.574    183.970     86.267
           1100.00     -40.216    169.180    171.366    192.347     89.482
           1150.00     -49.934    173.591    175.876    196.356     90.907
           1200.00     -59.850    178.070    180.455    200.253     92.224
           1250.00     -69.957    182.613    185.097    204.043     93.443
           1300.00     -80.252    187.214    189.797    207.730     94.571
           1350.00     -90.729    191.870    194.552    211.319     95.616
           1400.00    -101.383    196.576    199.358    214.814     96.585
           1450.00    -112.209    201.328    204.210    218.220     97.485
           1500.00    -123.203    206.124    209.105    221.539     98.321
           1550.00    -134.361    210.961    214.041    224.776     99.098
           1600.00    -145.679    215.835    219.014    227.933     99.821
           1650.00    -157.154    220.743    224.022    231.015    100.495
           1700.00    -168.780    225.685    229.063    234.025    101.124
           1800.00    -192.475    235.656    239.233    239.838    102.259
           1900.00    -216.739    245.734    249.510    245.394    103.252
           2000.00    -241.546    255.905    259.880    250.713    104.124
           2500.00    -372.993    307.817    312.785    274.311    107.201

                        --------------------------------
                         Zero of energy is set to ZPE
                        --------------------------------

     Total (Translational + Electronic + conformational-rovib.(MS-LH))
     ======================================================================
              T          G          E          H          S          Cp
            100.00      -6.030      1.335      1.534     75.635     22.447
            200.00     -14.553      3.781      4.179     93.658     30.418
            298.15     -24.437      7.007      7.600    107.453     39.593
            300.00     -24.636      7.077      7.673    107.698     39.781
            500.00     -48.724     16.649     17.643    132.734     59.358
            750.00     -85.447     33.343     34.834    160.375     76.882
           1000.00    -128.590     53.597     55.584    184.174     88.355
           1100.00    -147.441     62.411     64.597    192.762     91.824
           1150.00    -157.182     66.942     69.228    196.878     93.371
           1200.00    -167.127     71.548     73.933    200.883     94.807
           1250.00    -177.269     76.223     78.707    204.780     96.140
           1300.00    -187.603     80.962     83.545    208.575     97.380
           1350.00    -198.124     85.761     88.443    212.272     98.532
           1400.00    -208.829     90.615     93.397    215.875     99.605
           1450.00    -219.711     95.521     98.403    219.388    100.605
           1500.00    -230.766    100.476    103.456    222.815    101.537
           1550.00    -241.991    105.475    108.555    226.159    102.407
           1600.00    -253.381    110.517    113.696    229.423    103.220
           1650.00    -264.932    115.597    118.876    232.611    103.980
           1700.00    -276.640    120.715    124.093    235.726    104.691
           1800.00    -300.516    131.051    134.628    241.747    105.981
           1900.00    -324.981    141.509    145.284    247.508    107.116
           2000.00    -350.010    152.073    156.047    253.029    108.120
           2500.00    -482.856    206.120    211.088    277.578    111.712

     Total (Translational + Electronic + conformational-rovib.(MS-T))
     ======================================================================
              T          G          E          H          S          Cp
            100.00      -5.982      1.372      1.571     75.532     23.302
            200.00     -14.530      3.907      4.305     94.177     31.161
            298.15     -24.479      7.184      7.777    108.186     39.891
            300.00     -24.679      7.254      7.851    108.433     40.071
            500.00     -48.915     16.799     17.793    133.416     58.812
            750.00     -85.765     33.247     34.737    160.669     75.490
           1000.00    -128.920     53.063     55.050    183.970     86.267
           1100.00    -147.740     61.656     63.842    192.347     89.482
           1150.00    -157.458     66.067     68.352    196.356     90.907
           1200.00    -167.373     70.546     72.931    200.253     92.224
           1250.00    -177.481     75.089     77.573    204.043     93.443
           1300.00    -187.776     79.690     82.274    207.730     94.571
           1350.00    -198.253     84.346     87.029    211.319     95.616
           1400.00    -208.906     89.052     91.834    214.814     96.585
           1450.00    -219.733     93.805     96.686    218.220     97.485
           1500.00    -230.727     98.601    101.581    221.539     98.321
           1550.00    -241.885    103.437    106.517    224.776     99.098
           1600.00    -253.203    108.311    111.490    227.933     99.821
           1650.00    -264.677    113.220    116.498    231.015    100.495
           1700.00    -276.304    118.161    121.539    234.025    101.124
           1800.00    -299.999    128.132    131.709    239.838    102.259
           1900.00    -324.263    138.210    141.986    245.394    103.252
           2000.00    -349.070    148.381    152.356    250.713    104.124
           2500.00    -480.517    200.293    205.262    274.311    107.201

 ==============================End of MSTor output==============================
