
 *******************************************************************************

   MSTor program version 2013 (2013)

   Jingjing Zheng, Steven L. Mielke, and Donald G. Truhlar

   Department of Chemistry and Supercomputing Institute
   University of Minnesota, Minneapolis, Minnesota, USA

   Copyright 2013
   Donald G. Truhlar and Regents of the University of Minnesota

   Citations: 
   MS-T(U) method
     J. Zheng, T. Yu, E. Papajak, I. M. Alecu, S. L. Mielke, and D. G. Truhlar,
     Phys. Chem. Chem. Phys. 13, 10885-10907 (2011).
   MS-T(C) method
     J. Zheng and D. G. Truhlar, J. Chem. Theory Comput., DOI: 10.1021/ct3010722.
   MSTor program
     J. Zheng, S. L. Mielke, K. L Clarkson, and D. G. Truhlar,
     Comp. Phys. Comm. 183, 1803-1812 (2012).
     J. Zheng, R. Meana-Paneda, and D. G. Truhlar, Comp. Phys. Comm.
     to be published as new version announcement.

 *******************************************************************************

                    Naming conventions for the MS methods
   -----------------------------------------------------------------------------
   Common name        Original or other names
   -----------------------------------------------------------------------------
   MS-LH         =    MS-HO (ref. 1)   =   MS-AS-HO (ref. 2)
   MS-T          =    MS-AS (ref. 1)   =   MS-AS-T  (ref. 2)
   -----------------------------------------------------------------------------
   Ref. 1: J. Zheng, T. Yu, E. Papajak, I. M. Alecu, S. L. Mielke, and
           D. G. Truhlar, Phys. Chem. Chem. Phys. 13, 10885 (2011).
   Ref. 2: T. Yu, J. Zheng, and D. G. Truhlar, Chem. Sci. 2, 2199 (2011)

   Calculation run on 02/01/2022 at 12:03:06  

   Number of structures:             2
   Number of torsions:               6
   Method:                           MS-T(C)
   Frequency scaling factor:         0.964
   Delta T for finite difference:    0.5 K
   Internal coordinates
     Bonds:         01-02  01-20  02-03  02-16  02-17  03-14  04-12  04-13  05-06
     Bonds:         05-08  06-07  07-10  07-11  18-21  01-19  03-15  07-09  03-04
     Bonds:         04-05  01-18
     Angles:        01-02-03  02-03-04  02-03-14  03-04-13  04-05-06  05-04-12
     Angles:        05-06-07  06-05-08  06-07-11  10-07-11  12-04-13  14-03-15
     Angles:        18-01-19  16-02-17  02-01-19  18-01-20  01-02-16  09-07-11
     Linear Angles: 01=18=21
     Dihedrals:     01-03-16-02  02-04-14-03  02-18-19-01  03-05-12-04
     Dihedrals:     03-05-13-04  03-16-17-02  04-06-08-05  04-14-15-03
     Dihedrals:     06-09-11-07  06-10-11-07  18-19-20-01  04-03-02-01
     Dihedrals:     05-04-03-02  06-05-04-03  07-06-05-04  03-02-01-18
     Dihedrals:     09-07-06-05

   All moment output uses units of amu for masses and Angstroms for distances 

                           ==========================
                                Structure   1
                           ==========================

   Normal-mode Frequencies (cm-1) 
   (Overall translation and rotation projected out)
    1294.8633i      0.0000i      0.0000i      0.0000i      0.0000i      0.0000 
       0.0001      36.4262      61.4552      97.2376     138.2227     161.7325 
     177.1906     212.3716     239.4682     273.4590     336.3196     369.6892 
     514.1459     567.9588     580.5803     651.3268     741.8989     839.1631 
     859.7024     917.3688     934.6044    1015.1089    1044.3627    1060.3794 
    1099.3887    1114.7432    1164.0285    1173.5563    1183.7497    1191.7509 
    1205.7310    1224.6194    1260.7843    1299.7918    1306.9802    1387.7481 
    1399.7278    1433.3358    1436.1489    1451.0382    1459.8821    1461.2745 
    1463.8362    1477.6312    1697.0380    1823.4121    2982.7797    3014.8621 
    3020.4576    3022.6067    3028.6720    3059.0226    3061.5264    3071.5439 
    3113.1786    3146.3519    3146.7285 
   Torsion-projected frequencies/non-torsional frequencies (cm-1)
    1294.8311i    207.5333     238.1323     272.7556     335.8828     369.4197 
     513.8604     566.7380     578.1216     650.9444     741.5735     839.1368 
     859.6718     917.3602     934.5755    1015.0961    1044.3552    1060.3716 
    1099.3755    1114.7389    1163.7181    1173.5457    1183.7257    1191.7502 
    1205.7150    1224.6041    1260.7790    1299.7649    1306.9782    1387.7447 
    1399.7248    1433.3270    1436.1437    1451.0309    1459.8761    1461.2635 
    1463.7541    1477.6312    1697.0211    1823.4113    2982.7732    3014.8620 
    3020.4570    3022.6014    3028.6720    3059.0225    3061.5249    3071.5427 
    3113.1698    3146.3518    3146.7285 
   Product of consistently coupled torsional frequencies (in cm-1^ntor)  8.9906E+11
   Primitively coupled torsional frequencies (cm-1) (Not used)
      39.6556      69.9243     104.3779     141.0168     172.4114     187.1617 
   Product of primitively coupled torsional frequencies (in cm-1^ntor)   1.3170E+12
   Effective coupled torsional barrier (kcal/mol)
        1.090        1.510        3.160        4.318        8.453        9.051 

   D matrix: 
   m-n        1             2             3             4             5
    1   2.750068E+01  5.673966E-01 -4.181761E+00 -1.566639E-01  4.943812E+00
    2   5.673966E-01  2.584138E+01  6.838180E+00  5.540110E+00  5.652188E+00
    3  -4.181761E+00  6.838180E+00  4.292034E+01 -1.275575E+01 -4.250213E-01
    4  -1.566639E-01  5.540110E+00 -1.275575E+01  1.758748E+01  1.532278E+00
    5   4.943812E+00  5.652188E+00 -4.250213E-01  1.532278E+00  7.837970E+00
    6  -2.851982E-01  8.951877E-01  2.275934E+00  1.404445E+00  8.354227E-02
   m-n        6
    1  -2.851982E-01
    2   8.951877E-01
    3   2.275934E+00
    4   1.404445E+00
    5   8.354227E-02
    6   3.111028E+00

   Eigenvalues of D matrix:
     4.9742E+01    3.1094E+01    2.7204E+01    9.0745E+00    5.1719E+00    2.5127E+00
   Determinant of D matrix  3.775650E+029

          Uncoupled force constants (au), Pitzer moment of inertia (amu A^2),
   uncoupled torsional frequencies (cm-1), and uncoupled torsional barrier (kcal/mol)
   --------------------------------------------------------------------------------
   Torsion               1             2             3             4             5
   Force constant   2.12788E-02  4.44630E-02  1.14982E-02  4.46125E-02  1.88853E-02
   Moment          27.501       25.841       42.920       17.587        7.838
   Tor. Freq.        75.667      112.836       44.523      137.004      133.526
   Rot. barrier       4.001        8.360        2.162        8.388        3.551
   M_j,tau            2.584        2.584        2.584        2.584        2.584

   Torsion               6
   Force constant   8.03555E-03
   Moment           3.111
   Tor. Freq.       138.249
   Rot. barrier       1.121
   M_j,tau            3.000
   --------------------------------------------------------------------------------
   Potential Energy =   0.000 kcal/mol
   Weight =  2
   Overall rotational symmetry number =   1

                           ==========================
                                Structure   2
                           ==========================

   Normal-mode Frequencies (cm-1) 
   (Overall translation and rotation projected out)
    1291.3660i      0.0000i      0.0000i      0.0000       0.0000       0.0000 
       0.0001      35.5560      75.1099      88.7027     132.4977     143.6046 
     170.5034     203.5074     220.9627     292.7992     339.5470     360.8543 
     514.2569     559.8066     580.3817     651.9393     739.4216     843.3213 
     857.1416     917.6770     938.7028    1013.8804    1051.3768    1063.8266 
    1073.4542    1124.2496    1164.1562    1172.2575    1174.1960    1191.6353 
    1204.2495    1242.6368    1270.8836    1290.3983    1310.9615    1372.5298 
    1395.8799    1432.8129    1441.8067    1454.6682    1460.4846    1464.0333 
    1470.3725    1477.6264    1721.3644    1824.4706    2997.4174    3013.1827 
    3020.4956    3028.9979    3050.9613    3055.0546    3063.9899    3075.0816 
    3113.6821    3142.1414    3147.0820 
   Torsion-projected frequencies/non-torsional frequencies (cm-1)
    1291.3657i    195.5957     218.6820     291.9285     339.4602     360.7186 
     514.2364     558.0445     577.9417     651.5752     738.8880     843.3049 
     857.1171     917.6489     938.6844    1013.8685    1051.3696    1063.8217 
    1073.4406    1124.2417    1163.8419    1172.2554    1174.1914    1191.6340 
    1204.2389    1242.6157    1270.8475    1290.3899    1310.9021    1372.5294 
    1395.8775    1432.8025    1441.8046    1454.6669    1460.4845    1463.9536 
    1470.3656    1477.6264    1721.3644    1824.4701    2997.4168    3013.1826 
    3020.4954    3028.9979    3050.9542    3055.0533    3063.9859    3075.0795 
    3113.6733    3142.1384    3147.0820 
   Product of consistently coupled torsional frequencies (in cm-1^ntor)  8.1844E+11
   Primitively coupled torsional frequencies (cm-1) (Not used)
      39.0551      87.1252      93.3716     139.4243     152.2857     185.1679 
   Product of primitively coupled torsional frequencies (in cm-1^ntor)   1.2491E+12
   Effective coupled torsional barrier (kcal/mol)
        1.108        1.458        2.837        4.049        7.971        8.494 

   D matrix: 
   m-n        1             2             3             4             5
    1   2.165106E+01 -3.144200E+00 -3.476470E+00 -1.209122E+00  6.633322E-01
    2  -3.144200E+00  2.634004E+01  7.772235E+00  5.619668E+00  5.820171E+00
    3  -3.476470E+00  7.772235E+00  4.418731E+01 -1.273129E+01  1.480867E+00
    4  -1.209122E+00  5.619668E+00 -1.273129E+01  1.766772E+01  1.224496E+00
    5   6.633322E-01  5.820171E+00  1.480867E+00  1.224496E+00  7.454030E+00
    6  -3.158446E-01  9.669371E-01  2.368927E+00  1.410157E+00  1.982112E-01
   m-n        6
    1  -3.158446E-01
    2   9.669371E-01
    3   2.368927E+00
    4   1.410157E+00
    5   1.982112E-01
    6   3.118375E+00

   Eigenvalues of D matrix:
     5.1114E+01    3.1264E+01    2.0685E+01    9.2299E+00    5.6096E+00    2.5166E+00
   Determinant of D matrix  3.277408E+029

          Uncoupled force constants (au), Pitzer moment of inertia (amu A^2),
   uncoupled torsional frequencies (cm-1), and uncoupled torsional barrier (kcal/mol)
   --------------------------------------------------------------------------------
   Torsion               1             2             3             4             5
   Force constant   2.21957E-02  4.01770E-02  1.13150E-02  4.45073E-02  1.53218E-02
   Moment          21.651       26.340       44.187       17.668        7.454
   Tor. Freq.        87.096      106.239       43.529      136.531      123.329
   Rot. barrier       4.119        7.456        2.100        8.259        2.843
   M_j,tau            2.601        2.601        2.601        2.601        2.601

   Torsion               6
   Force constant   8.17756E-03
   Moment           3.118
   Tor. Freq.       139.301
   Rot. barrier       1.140
   M_j,tau            3.000
   --------------------------------------------------------------------------------
   Potential Energy =   0.320 kcal/mol
   Weight =  2
   Overall rotational symmetry number =   1

       List of zero-point inclusive energy (kcal/mol) for each structure
      ------------------------------------------------------------------
        Structure            Energy (T = 0 K)
      ------------------------------------------------------------------
          1                    107.52
          2                    107.88
      ZPE of the system =      107.52


     Note: The following SS-HO and SS-T include the Rot. P.F. and Boltzmann factor,
           but are calculated with weight = 1 for each structure. Weights are
           counted in MS partition functions. Zero of energy is set to the potential
           energy of global minimum.

            Partition function of structure    1
     ================================================================
          T(K)      Rot.          SS-HO           SS-T     SS-T/SS-HO
        100.00    8.7023E+004   7.7591E-230   6.0949E-230    0.786
        200.00    2.4614E+005   1.4149E-110   1.3190E-110    0.932
        298.15    4.4801E+005   2.0459E-070   2.1602E-070    1.056
        300.00    4.5219E+005   6.6594E-070   7.0443E-070    1.058
        500.00    9.7295E+005   7.2800E-036   8.7565E-036    1.203
        750.00    1.7874E+006   4.3909E-017   5.4874E-017    1.250
       1000.00    2.7519E+006   2.2017E-006   2.6795E-006    1.217
       1100.00    3.1749E+006   3.6253E-003   4.3197E-003    1.192
       1150.00    3.3938E+006   1.0343E-001   1.2174E-001    1.177
       1200.00    3.6175E+006   2.4192E+000   2.8101E+000    1.162
       1250.00    3.8459E+006   4.7413E+001   5.4303E+001    1.145
       1300.00    4.0790E+006   7.9319E+002   8.9502E+002    1.128
       1350.00    4.3165E+006   1.1508E+004   1.2784E+004    1.111
       1400.00    4.5586E+006   1.4679E+005   1.6043E+005    1.093
       1450.00    4.8049E+006   1.6658E+006   1.7901E+006    1.075
       1500.00    5.0556E+006   1.6992E+007   1.7944E+007    1.056
       1550.00    5.3105E+006   1.5721E+008   1.6306E+008    1.037
       1600.00    5.5695E+006   1.3299E+009   1.3542E+009    1.018
       1650.00    5.8326E+006   1.0358E+010   1.0350E+010    0.999
       1700.00    6.0997E+006   7.4743E+010   7.3267E+010    0.980
       1800.00    6.6457E+006   3.1634E+012   2.9810E+012    0.942
       1900.00    7.2072E+006   1.0473E+014   9.4773E+013    0.905
       2000.00    7.7836E+006   2.7977E+015   2.4287E+015    0.868
       2500.00    1.0878E+007   3.2432E+021   2.2702E+021    0.700

            Partition function of structure    2
     ================================================================
          T(K)      Rot.          SS-HO           SS-T     SS-T/SS-HO
        100.00    8.9980E+004   1.3603E-230   1.0299E-230    0.757
        200.00    2.5450E+005   6.4408E-111   5.8277E-111    0.905
        298.15    4.6323E+005   1.2906E-070   1.3317E-070    1.032
        300.00    4.6755E+005   4.2183E-070   4.3611E-070    1.034
        500.00    1.0060E+006   6.0396E-036   7.1429E-036    1.183
        750.00    1.8482E+006   4.1718E-017   5.1081E-017    1.224
       1000.00    2.8454E+006   2.2367E-006   2.6457E-006    1.183
       1100.00    3.2827E+006   3.7499E-003   4.3265E-003    1.154
       1150.00    3.5091E+006   1.0782E-001   1.2265E-001    1.138
       1200.00    3.7404E+006   2.5399E+000   2.8458E+000    1.120
       1250.00    3.9766E+006   5.0104E+001   5.5246E+001    1.103
       1300.00    4.2176E+006   8.4325E+002   9.1425E+002    1.084
       1350.00    4.4632E+006   1.2302E+004   1.3105E+004    1.065
       1400.00    4.7134E+006   1.5773E+005   1.6498E+005    1.046
       1450.00    4.9682E+006   1.7984E+006   1.8460E+006    1.026
       1500.00    5.2274E+006   1.8426E+007   1.8550E+007    1.007
       1550.00    5.4909E+006   1.7118E+008   1.6894E+008    0.987
       1600.00    5.7587E+006   1.4536E+009   1.4057E+009    0.967
       1650.00    6.0308E+006   1.1362E+010   1.0762E+010    0.947
       1700.00    6.3070E+006   8.2270E+010   7.6297E+010    0.927
       1800.00    6.8716E+006   3.5035E+012   3.1120E+012    0.888
       1900.00    7.4521E+006   1.1663E+014   9.9126E+013    0.850
       2000.00    8.0481E+006   3.1308E+015   2.5439E+015    0.813
       2500.00    1.1248E+007   3.6967E+021   2.3846E+021    0.645

     ================================================================
              Partition Functions Including All Structures
        -----------------------------------------------------------
        Zero of energy is set to potential energy of global minimum
        -----------------------------------------------------------
        T(K)    Elec.        Trans.              Con-rovib
                                            MS-LH    or     MS-T
        100.00  2.0000E+000  3.2877E+006  1.8239E-229  1.4250E-229
        200.00  2.0000E+000  1.8598E+007  4.1179E-110  3.8036E-110
        298.15  2.0000E+000  5.0464E+007  6.6731E-070  6.9837E-070
        300.00  2.0000E+000  5.1250E+007  2.1755E-069  2.2811E-069
        500.00  2.0000E+000  1.8379E+008  2.6639E-035  3.1799E-035
        750.00  2.0000E+000  5.0646E+008  1.7125E-016  2.1191E-016
       1000.00  2.0000E+000  1.0397E+009  8.8769E-006  1.0650E-005
       1100.00  2.0000E+000  1.3194E+009  1.4750E-002  1.7292E-002
       1150.00  2.0000E+000  1.4745E+009  4.2250E-001  4.8878E-001
       1200.00  2.0000E+000  1.6400E+009  9.9181E+000  1.1312E+001
       1250.00  2.0000E+000  1.8162E+009  1.9503E+002  2.1910E+002
       1300.00  2.0000E+000  2.0033E+009  3.2729E+003  3.6185E+003
       1350.00  2.0000E+000  2.2015E+009  4.7621E+004  5.1779E+004
       1400.00  2.0000E+000  2.4111E+009  6.0905E+005  6.5084E+005
       1450.00  2.0000E+000  2.6322E+009  6.9285E+006  7.2722E+006
       1500.00  2.0000E+000  2.8650E+009  7.0836E+007  7.2988E+007
       1550.00  2.0000E+000  3.1097E+009  6.5679E+008  6.6401E+008
       1600.00  2.0000E+000  3.3666E+009  5.5670E+009  5.5197E+009
       1650.00  2.0000E+000  3.6358E+009  4.3440E+010  4.2225E+010
       1700.00  2.0000E+000  3.9175E+009  3.1403E+011  2.9913E+011
       1800.00  2.0000E+000  4.5193E+009  1.3334E+013  1.2186E+013
       1900.00  2.0000E+000  5.1734E+009  4.4273E+014  3.8780E+014
       2000.00  2.0000E+000  5.8812E+009  1.1857E+016  9.9453E+015
       2500.00  2.0000E+000  1.0274E+010  1.3880E+022  9.3096E+021

             Total Partition Function (E + T + Con-rovib)
             ---------------------------------------------
                T(K)     E + T + MS-LH     E + T + MS-T
                100.00     1.1993E-222       9.3696E-223
                200.00     1.5317E-102       1.4148E-102
                298.15     6.7350E-062       7.0485E-062
                300.00     2.2299E-061       2.3381E-061
                500.00     9.7919E-027       1.1688E-026
                750.00     1.7347E-007       2.1465E-007
               1000.00     1.8458E+004       2.2146E+004
               1100.00     3.8923E+007       4.5631E+007
               1150.00     1.2459E+009       1.4414E+009
               1200.00     3.2531E+010       3.7103E+010
               1250.00     7.0844E+011       7.9586E+011
               1300.00     1.3113E+013       1.4498E+013
               1350.00     2.0968E+014       2.2799E+014
               1400.00     2.9369E+015       3.1384E+015
               1450.00     3.6474E+016       3.8283E+016
               1500.00     4.0589E+017       4.1821E+017
               1550.00     4.0849E+018       4.1297E+018
               1600.00     3.7484E+019       3.7165E+019
               1650.00     3.1588E+020       3.0704E+020
               1700.00     2.4604E+021       2.3437E+021
               1800.00     1.2052E+023       1.1015E+023
               1900.00     4.5809E+024       4.0125E+024
               2000.00     1.3947E+026       1.1698E+026
               2500.00     2.8520E+032       1.9129E+032

     ================================================================
              Partition Functions Including All Structures
        -----------------------------------------------------------
                    Zero of energy is set to ZPE
        -----------------------------------------------------------
        T(K)             Con-rovib                Total
                   MS-LH        MS-T       E+T+MS-LH    E+T+MS-T
        100.00  1.7703E+006  1.3831E+006  1.1641E+013  9.0945E+012
        200.00  1.2829E+008  1.1850E+008  4.7720E+015  4.4078E+015
        298.15  4.3589E+009  4.5618E+009  4.3993E+017  4.6041E+017
        300.00  4.6407E+009  4.8659E+009  4.7568E+017  4.9875E+017
        500.00  2.6481E+012  3.1610E+012  9.7337E+020  1.1619E+021
        750.00  3.6749E+015  4.5473E+015  3.7224E+024  4.6061E+024
       1000.00  2.7988E+018  3.3580E+018  5.8195E+027  6.9823E+027
       1100.00  3.3983E+019  3.9840E+019  8.9673E+028  1.0513E+029
       1150.00  1.1468E+020  1.3267E+020  3.3818E+029  3.9124E+029
       1200.00  3.7904E+020  4.3230E+020  1.2432E+030  1.4180E+030
       1250.00  1.2276E+021  1.3791E+021  4.4593E+030  5.0096E+030
       1300.00  3.8982E+021  4.3098E+021  1.5619E+031  1.7268E+031
       1350.00  1.2141E+022  1.3201E+022  5.3457E+031  5.8125E+031
       1400.00  3.7106E+022  3.9652E+022  1.7893E+032  1.9121E+032
       1450.00  1.1134E+023  1.1686E+023  5.8612E+032  6.1519E+032
       1500.00  3.2814E+023  3.3811E+023  1.8802E+033  1.9373E+033
       1550.00  9.5035E+023  9.6079E+023  5.9107E+033  5.9755E+033
       1600.00  2.7059E+024  2.6829E+024  1.8219E+034  1.8065E+034
       1650.00  7.5776E+024  7.3656E+024  5.5102E+034  5.3560E+034
       1700.00  2.0880E+025  1.9890E+025  1.6360E+035  1.5584E+035
       1800.00  1.5128E+026  1.3826E+026  1.3674E+036  1.2497E+036
       1900.00  1.0325E+027  9.0437E+026  1.0683E+037  9.3573E+036
       2000.00  6.6577E+027  5.5843E+027  7.8310E+037  6.5685E+037
       2500.00  3.4823E+031  2.3357E+031  7.1555E+041  4.7994E+041
     ================================================================

                     ==============================
                          Thermodynamic Functions
                      (Ideal gas at standard state)
                     ==============================
     T  - Temperature (Kelvin)        G  - Gibbs Free Energy (kcal/mol)
     E  - Thermal Energy (kcal/mol)   H  - Enthalpy (kcal/mol)
     S  - Entropy (cal/(mol-K))
     Cp - Heat Capacity at Constant Pressure (cal/(mol-K))
        -----------------------------------------------------------
        Zero of energy is set to potential energy of global minimum
        -----------------------------------------------------------

               Contribution from electronic P.F. 
     ================================================================
                  T          G          E          S
                100.00      -0.138      0.000      1.377
                200.00      -0.275      0.000      1.377
                298.15      -0.411      0.000      1.377
                300.00      -0.413      0.000      1.377
                500.00      -0.689      0.000      1.377
                750.00      -1.033      0.000      1.377
               1000.00      -1.377      0.000      1.377
               1100.00      -1.515      0.000      1.377
               1150.00      -1.584      0.000      1.377
               1200.00      -1.653      0.000      1.377
               1250.00      -1.722      0.000      1.377
               1300.00      -1.791      0.000      1.377
               1350.00      -1.860      0.000      1.377
               1400.00      -1.928      0.000      1.377
               1450.00      -1.997      0.000      1.377
               1500.00      -2.066      0.000      1.377
               1550.00      -2.135      0.000      1.377
               1600.00      -2.204      0.000      1.377
               1650.00      -2.273      0.000      1.377
               1700.00      -2.342      0.000      1.377
               1800.00      -2.479      0.000      1.377
               1900.00      -2.617      0.000      1.377
               2000.00      -2.755      0.000      1.377
               2500.00      -3.444      0.000      1.377

               Contribution from translational P.F. 
     ================================================================
                  T          G          E          S
                100.00      -2.982      0.298     34.788
                200.00      -6.653      0.596     38.231
                298.15     -10.509      0.889     40.215
                300.00     -10.583      0.894     40.246
                500.00     -18.908      1.490     42.783
                750.00     -29.872      2.236     44.798
               1000.00     -41.259      2.981     46.227
               1100.00     -45.906      3.279     46.700
               1150.00     -48.246      3.428     46.921
               1200.00     -50.598      3.577     47.133
               1250.00     -52.959      3.726     47.336
               1300.00     -55.331      3.875     47.530
               1350.00     -57.712      4.024     47.718
               1400.00     -60.103      4.173     47.899
               1450.00     -62.502      4.322     48.073
               1500.00     -64.910      4.471     48.241
               1550.00     -67.326      4.620     48.404
               1600.00     -69.750      4.769     48.562
               1650.00     -72.182      4.918     48.715
               1700.00     -74.622      5.067     48.863
               1800.00     -79.522      5.365     49.147
               1900.00     -84.451      5.664     49.416
               2000.00     -89.405      5.962     49.671
               2500.00    -114.528      7.452     50.779

        Contribution from conformational-rovibrational P.F. (MS-LH)
     ================================================================
                  T          G          E          S
                100.00     104.665    108.482     38.170
                200.00     100.104    110.586     52.413
                298.15      94.373    113.511     64.190
                300.00      94.254    113.576     64.404
                500.00      79.102    122.549     86.894
                750.00      54.107    138.498    112.521
               1000.00      23.115    158.006    134.890
               1100.00       9.217    166.522    143.004
               1150.00       1.969    170.904    146.900
               1200.00      -5.471    175.360    150.693
               1250.00     -13.099    179.885    154.387
               1300.00     -20.908    184.475    157.987
               1350.00     -28.896    189.125    161.497
               1400.00     -37.057    193.830    164.919
               1450.00     -45.386    198.587    168.257
               1500.00     -53.881    203.392    171.515
               1550.00     -62.537    208.242    174.696
               1600.00     -71.349    213.135    177.802
               1650.00     -80.316    218.066    180.837
               1700.00     -89.432    223.034    183.804
               1800.00    -108.101    233.072    189.541
               1900.00    -127.332    243.231    195.033
               2000.00    -147.100    253.497    200.299
               2500.00    -253.294    306.052    223.739

        Contribution from conformational-rovibrational P.F. (MS-T)
     ================================================================
                  T          G          E          S
                100.00     104.714    108.514     38.005
                200.00     100.135    110.708     52.863
                298.15      94.346    113.692     64.887
                300.00      94.226    113.757     65.104
                500.00      78.926    122.728     87.603
                750.00      53.790    138.474    112.913
               1000.00      22.753    157.596    134.842
               1100.00       8.869    165.909    142.763
               1150.00       1.636    170.179    146.560
               1200.00      -5.785    174.518    150.252
               1250.00     -13.388    178.919    153.845
               1300.00     -21.168    183.378    157.343
               1350.00     -29.120    187.891    160.750
               1400.00     -37.241    192.454    164.068
               1450.00     -45.526    197.063    167.303
               1500.00     -53.970    201.715    170.457
               1550.00     -62.570    206.406    173.533
               1600.00     -71.322    211.134    176.535
               1650.00     -80.223    215.897    179.467
               1700.00     -89.268    220.692    182.329
               1800.00    -107.779    230.369    187.860
               1900.00    -126.832    240.151    193.149
               2000.00    -146.402    250.024    198.213
               2500.00    -251.310    300.432    220.697

     Total (Translational + Electronic + conformational-rovib.(MS-LH))
     ======================================================================
              T          G          E          H          S          Cp
            100.00     101.545    108.780    108.979     74.336     21.492
            200.00      93.176    111.182    111.580     92.022     30.258
            298.15      83.454    114.400    114.993    105.782     39.555
            300.00      83.258    114.470    115.066    106.027     39.743
            500.00      59.505    124.039    125.033    131.055     59.356
            750.00      23.202    140.733    142.224    158.696     76.881
           1000.00     -19.521    160.986    162.974    182.495     88.352
           1100.00     -38.204    169.801    171.987    191.082     91.821
           1150.00     -47.861    174.332    176.617    195.198     93.367
           1200.00     -57.722    178.937    181.322    199.203     94.803
           1250.00     -67.780    183.611    186.095    203.100     96.136
           1300.00     -78.030    188.350    190.934    206.895     97.375
           1350.00     -88.468    193.149    195.832    210.592     98.528
           1400.00     -99.088    198.003    200.785    214.195     99.601
           1450.00    -109.886    202.909    205.790    217.708    100.601
           1500.00    -120.857    207.863    210.844    221.134    101.533
           1550.00    -131.998    212.863    215.943    224.478    102.403
           1600.00    -143.304    217.904    221.083    227.742    103.216
           1650.00    -154.771    222.984    226.263    230.930    103.975
           1700.00    -166.395    228.102    231.480    234.044    104.686
           1800.00    -190.103    238.438    242.015    240.065    105.977
           1900.00    -214.400    248.895    252.670    245.826    107.112
           2000.00    -239.260    259.458    263.433    251.346    108.116
           2500.00    -371.265    313.504    318.472    275.895    111.709

     Total (Translational + Electronic + conformational-rovib.(MS-T))
     ======================================================================
              T          G          E          H          S          Cp
            100.00     101.594    108.812    109.011     74.170     22.255
            200.00      93.207    111.304    111.701     92.472     31.072
            298.15      83.427    114.581    115.174    106.480     39.950
            300.00      83.230    114.652    115.248    106.727     40.131
            500.00      59.330    124.218    125.212    131.764     58.957
            750.00      22.884    140.710    142.200    159.088     75.690
           1000.00     -19.883    160.576    162.564    182.446     86.460
           1100.00     -38.551    169.188    171.374    190.841     89.659
           1150.00     -48.194    173.607    175.893    194.858     91.075
           1200.00     -58.035    178.095    180.480    198.762     92.381
           1250.00     -68.069    182.645    185.129    202.558     93.588
           1300.00     -78.290    187.253    189.837    206.251     94.705
           1350.00     -88.692    191.916    194.598    209.845     95.738
           1400.00     -99.273    196.627    199.409    213.344     96.696
           1450.00    -110.025    201.385    204.267    216.753     97.584
           1500.00    -120.946    206.186    209.167    220.075     98.408
           1550.00    -132.032    211.026    214.107    223.315     99.174
           1600.00    -143.277    215.904    219.083    226.475     99.887
           1650.00    -154.678    220.816    224.094    229.559    100.551
           1700.00    -166.231    225.759    229.138    232.570    101.170
           1800.00    -189.781    235.735    239.312    238.385    102.287
           1900.00    -213.900    245.815    249.590    243.942    103.264
           2000.00    -238.562    255.986    259.961    249.261    104.122
           2500.00    -369.282    307.884    312.852    272.853    107.153

                        --------------------------------
                         Zero of energy is set to ZPE
                        --------------------------------

     Total (Translational + Electronic + conformational-rovib.(MS-LH))
     ======================================================================
              T          G          E          H          S          Cp
            100.00      -5.979      1.256      1.455     74.336     21.492
            200.00     -14.348      3.659      4.056     92.022     30.258
            298.15     -24.070      6.876      7.469    105.782     39.555
            300.00     -24.266      6.946      7.542    106.027     39.743
            500.00     -48.018     16.516     17.509    131.055     59.356
            750.00     -84.322     33.210     34.700    158.696     76.881
           1000.00    -127.045     53.463     55.450    182.495     88.352
           1100.00    -145.728     62.277     64.463    191.082     91.821
           1150.00    -155.385     66.808     69.093    195.198     93.367
           1200.00    -165.246     71.413     73.798    199.203     94.803
           1250.00    -175.304     76.088     78.572    203.100     96.136
           1300.00    -185.554     80.826     83.410    206.895     97.375
           1350.00    -195.992     85.625     88.308    210.592     98.528
           1400.00    -206.612     90.479     93.261    214.195     99.601
           1450.00    -217.409     95.385     98.267    217.708    100.601
           1500.00    -228.381    100.339    103.320    221.134    101.533
           1550.00    -239.522    105.339    108.419    224.478    102.403
           1600.00    -250.827    110.380    113.560    227.742    103.216
           1650.00    -262.294    115.461    118.740    230.930    103.975
           1700.00    -273.919    120.578    123.956    234.044    104.686
           1800.00    -297.627    130.914    134.491    240.065    105.977
           1900.00    -321.923    141.371    145.146    245.826    107.112
           2000.00    -346.784    151.935    155.909    251.346    108.116
           2500.00    -478.789    205.981    210.949    275.895    111.709

     Total (Translational + Electronic + conformational-rovib.(MS-T))
     ======================================================================
              T          G          E          H          S          Cp
            100.00      -5.929      1.289      1.487     74.170     22.255
            200.00     -14.317      3.780      4.178     92.472     31.072
            298.15     -24.097      7.057      7.650    106.480     39.950
            300.00     -24.294      7.128      7.724    106.727     40.131
            500.00     -48.194     16.694     17.688    131.764     58.957
            750.00     -84.640     33.186     34.676    159.088     75.690
           1000.00    -127.407     53.053     55.040    182.446     86.460
           1100.00    -146.075     61.664     63.850    190.841     89.659
           1150.00    -155.718     66.084     68.369    194.858     91.075
           1200.00    -165.559     70.571     72.956    198.762     92.381
           1250.00    -175.593     75.121     77.605    202.558     93.588
           1300.00    -185.813     79.730     82.313    206.251     94.705
           1350.00    -196.216     84.392     87.074    209.845     95.738
           1400.00    -206.796     89.104     91.886    213.344     96.696
           1450.00    -217.549     93.861     96.743    216.753     97.584
           1500.00    -228.470     98.662    101.643    220.075     98.408
           1550.00    -239.555    103.503    106.583    223.315     99.174
           1600.00    -250.801    108.380    111.560    226.475     99.887
           1650.00    -262.202    113.292    116.571    229.559    100.551
           1700.00    -273.755    118.236    121.614    232.570    101.170
           1800.00    -297.305    128.211    131.788    238.385    102.287
           1900.00    -321.424    138.291    142.067    243.942    103.264
           2000.00    -346.086    148.462    152.437    249.261    104.122
           2500.00    -476.806    200.360    205.328    272.853    107.153

 ==============================End of MSTor output==============================
