
 *******************************************************************************

   MSTor program version 2013 (2013)

   Jingjing Zheng, Steven L. Mielke, and Donald G. Truhlar

   Department of Chemistry and Supercomputing Institute
   University of Minnesota, Minneapolis, Minnesota, USA

   Copyright 2013
   Donald G. Truhlar and Regents of the University of Minnesota

   Citations: 
   MS-T(U) method
     J. Zheng, T. Yu, E. Papajak, I. M. Alecu, S. L. Mielke, and D. G. Truhlar,
     Phys. Chem. Chem. Phys. 13, 10885-10907 (2011).
   MS-T(C) method
     J. Zheng and D. G. Truhlar, J. Chem. Theory Comput., DOI: 10.1021/ct3010722.
   MSTor program
     J. Zheng, S. L. Mielke, K. L Clarkson, and D. G. Truhlar,
     Comp. Phys. Comm. 183, 1803-1812 (2012).
     J. Zheng, R. Meana-Paneda, and D. G. Truhlar, Comp. Phys. Comm.
     to be published as new version announcement.

 *******************************************************************************

                    Naming conventions for the MS methods
   -----------------------------------------------------------------------------
   Common name        Original or other names
   -----------------------------------------------------------------------------
   MS-LH         =    MS-HO (ref. 1)   =   MS-AS-HO (ref. 2)
   MS-T          =    MS-AS (ref. 1)   =   MS-AS-T  (ref. 2)
   -----------------------------------------------------------------------------
   Ref. 1: J. Zheng, T. Yu, E. Papajak, I. M. Alecu, S. L. Mielke, and
           D. G. Truhlar, Phys. Chem. Chem. Phys. 13, 10885 (2011).
   Ref. 2: T. Yu, J. Zheng, and D. G. Truhlar, Chem. Sci. 2, 2199 (2011)

   Calculation run on 02/01/2022 at 12:02:42  

   Number of structures:             3
   Number of torsions:               6
   Method:                           MS-T(C)
   Frequency scaling factor:         0.964
   Delta T for finite difference:    0.5 K
   Internal coordinates
     Bonds:         01-02  01-20  02-03  02-16  02-17  03-14  04-12  04-13  05-06
     Bonds:         05-08  06-07  07-10  07-11  18-21  01-19  03-15  07-09  03-04
     Bonds:         04-05  01-18
     Angles:        01-02-03  02-03-04  02-03-14  03-04-13  04-05-06  05-04-12
     Angles:        05-06-07  06-05-08  06-07-11  10-07-11  12-04-13  14-03-15
     Angles:        18-01-19  16-02-17  02-01-19  18-01-20  01-02-16  09-07-11
     Linear Angles: 01=18=21
     Dihedrals:     01-03-16-02  02-04-14-03  02-18-19-01  03-05-12-04
     Dihedrals:     03-05-13-04  03-16-17-02  04-06-08-05  04-14-15-03
     Dihedrals:     06-09-11-07  06-10-11-07  18-19-20-01  04-03-02-01
     Dihedrals:     05-04-03-02  06-05-04-03  07-06-05-04  03-02-01-18
     Dihedrals:     09-07-06-05

   All moment output uses units of amu for masses and Angstroms for distances 

                           ==========================
                                Structure   1
                           ==========================

   Normal-mode Frequencies (cm-1) 
   (Overall translation and rotation projected out)
    1294.8633i      0.0000i      0.0000i      0.0000i      0.0000i      0.0000 
       0.0001      36.4262      61.4552      97.2376     138.2227     161.7325 
     177.1906     212.3716     239.4682     273.4590     336.3196     369.6892 
     514.1459     567.9588     580.5803     651.3268     741.8989     839.1631 
     859.7024     917.3688     934.6044    1015.1089    1044.3627    1060.3794 
    1099.3887    1114.7432    1164.0285    1173.5563    1183.7497    1191.7509 
    1205.7310    1224.6194    1260.7843    1299.7918    1306.9802    1387.7481 
    1399.7278    1433.3358    1436.1489    1451.0382    1459.8821    1461.2745 
    1463.8362    1477.6312    1697.0380    1823.4121    2982.7797    3014.8621 
    3020.4576    3022.6067    3028.6720    3059.0226    3061.5264    3071.5439 
    3113.1786    3146.3519    3146.7285 
   Torsion-projected frequencies/non-torsional frequencies (cm-1)
    1294.8311i    207.5333     238.1323     272.7556     335.8828     369.4197 
     513.8604     566.7380     578.1216     650.9444     741.5735     839.1368 
     859.6718     917.3602     934.5755    1015.0961    1044.3552    1060.3716 
    1099.3755    1114.7389    1163.7181    1173.5457    1183.7257    1191.7502 
    1205.7150    1224.6041    1260.7790    1299.7649    1306.9782    1387.7447 
    1399.7248    1433.3270    1436.1437    1451.0309    1459.8761    1461.2635 
    1463.7541    1477.6312    1697.0211    1823.4113    2982.7732    3014.8620 
    3020.4570    3022.6014    3028.6720    3059.0225    3061.5249    3071.5427 
    3113.1698    3146.3518    3146.7285 
   Product of consistently coupled torsional frequencies (in cm-1^ntor)  8.9906E+11
   Primitively coupled torsional frequencies (cm-1) (Not used)
      39.6556      69.9243     104.3779     141.0168     172.4114     187.1617 
   Product of primitively coupled torsional frequencies (in cm-1^ntor)   1.3170E+12
   Effective coupled torsional barrier (kcal/mol)
        1.090        1.510        3.160        4.318        8.453        9.051 

   D matrix: 
   m-n        1             2             3             4             5
    1   2.750068E+01  5.673966E-01 -4.181761E+00 -1.566639E-01  4.943812E+00
    2   5.673966E-01  2.584138E+01  6.838180E+00  5.540110E+00  5.652188E+00
    3  -4.181761E+00  6.838180E+00  4.292034E+01 -1.275575E+01 -4.250213E-01
    4  -1.566639E-01  5.540110E+00 -1.275575E+01  1.758748E+01  1.532278E+00
    5   4.943812E+00  5.652188E+00 -4.250213E-01  1.532278E+00  7.837970E+00
    6  -2.851982E-01  8.951877E-01  2.275934E+00  1.404445E+00  8.354227E-02
   m-n        6
    1  -2.851982E-01
    2   8.951877E-01
    3   2.275934E+00
    4   1.404445E+00
    5   8.354227E-02
    6   3.111028E+00

   Eigenvalues of D matrix:
     4.9742E+01    3.1094E+01    2.7204E+01    9.0745E+00    5.1719E+00    2.5127E+00
   Determinant of D matrix  3.775650E+029

          Uncoupled force constants (au), Pitzer moment of inertia (amu A^2),
   uncoupled torsional frequencies (cm-1), and uncoupled torsional barrier (kcal/mol)
   --------------------------------------------------------------------------------
   Torsion               1             2             3             4             5
   Force constant   2.12788E-02  4.44630E-02  1.14982E-02  4.46125E-02  1.88853E-02
   Moment          27.501       25.841       42.920       17.587        7.838
   Tor. Freq.        75.667      112.836       44.523      137.004      133.526
   Rot. barrier       4.001        8.360        2.162        8.388        3.551
   M_j,tau            2.584        2.584        2.584        2.584        2.584

   Torsion               6
   Force constant   8.03555E-03
   Moment           3.111
   Tor. Freq.       138.249
   Rot. barrier       1.121
   M_j,tau            3.000
   --------------------------------------------------------------------------------
   Potential Energy =   0.000 kcal/mol
   Weight =  2
   Overall rotational symmetry number =   1

                           ==========================
                                Structure   2
                           ==========================

   Normal-mode Frequencies (cm-1) 
   (Overall translation and rotation projected out)
    1291.3660i      0.0000i      0.0000i      0.0000       0.0000       0.0000 
       0.0001      35.5560      75.1099      88.7027     132.4977     143.6046 
     170.5034     203.5074     220.9627     292.7992     339.5470     360.8543 
     514.2569     559.8066     580.3817     651.9393     739.4216     843.3213 
     857.1416     917.6770     938.7028    1013.8804    1051.3768    1063.8266 
    1073.4542    1124.2496    1164.1562    1172.2575    1174.1960    1191.6353 
    1204.2495    1242.6368    1270.8836    1290.3983    1310.9615    1372.5298 
    1395.8799    1432.8129    1441.8067    1454.6682    1460.4846    1464.0333 
    1470.3725    1477.6264    1721.3644    1824.4706    2997.4174    3013.1827 
    3020.4956    3028.9979    3050.9613    3055.0546    3063.9899    3075.0816 
    3113.6821    3142.1414    3147.0820 
   Torsion-projected frequencies/non-torsional frequencies (cm-1)
    1291.3657i    195.5957     218.6820     291.9285     339.4602     360.7186 
     514.2364     558.0445     577.9417     651.5752     738.8880     843.3049 
     857.1171     917.6489     938.6844    1013.8685    1051.3696    1063.8217 
    1073.4406    1124.2417    1163.8419    1172.2554    1174.1914    1191.6340 
    1204.2389    1242.6157    1270.8475    1290.3899    1310.9021    1372.5294 
    1395.8775    1432.8025    1441.8046    1454.6669    1460.4845    1463.9536 
    1470.3656    1477.6264    1721.3644    1824.4701    2997.4168    3013.1826 
    3020.4954    3028.9979    3050.9542    3055.0533    3063.9859    3075.0795 
    3113.6733    3142.1384    3147.0820 
   Product of consistently coupled torsional frequencies (in cm-1^ntor)  8.1844E+11
   Primitively coupled torsional frequencies (cm-1) (Not used)
      39.0551      87.1252      93.3716     139.4243     152.2857     185.1679 
   Product of primitively coupled torsional frequencies (in cm-1^ntor)   1.2491E+12
   Effective coupled torsional barrier (kcal/mol)
        1.108        1.458        2.837        4.049        7.971        8.494 

   D matrix: 
   m-n        1             2             3             4             5
    1   2.165106E+01 -3.144200E+00 -3.476470E+00 -1.209122E+00  6.633322E-01
    2  -3.144200E+00  2.634004E+01  7.772235E+00  5.619668E+00  5.820171E+00
    3  -3.476470E+00  7.772235E+00  4.418731E+01 -1.273129E+01  1.480867E+00
    4  -1.209122E+00  5.619668E+00 -1.273129E+01  1.766772E+01  1.224496E+00
    5   6.633322E-01  5.820171E+00  1.480867E+00  1.224496E+00  7.454030E+00
    6  -3.158446E-01  9.669371E-01  2.368927E+00  1.410157E+00  1.982112E-01
   m-n        6
    1  -3.158446E-01
    2   9.669371E-01
    3   2.368927E+00
    4   1.410157E+00
    5   1.982112E-01
    6   3.118375E+00

   Eigenvalues of D matrix:
     5.1114E+01    3.1264E+01    2.0685E+01    9.2299E+00    5.6096E+00    2.5166E+00
   Determinant of D matrix  3.277408E+029

          Uncoupled force constants (au), Pitzer moment of inertia (amu A^2),
   uncoupled torsional frequencies (cm-1), and uncoupled torsional barrier (kcal/mol)
   --------------------------------------------------------------------------------
   Torsion               1             2             3             4             5
   Force constant   2.21957E-02  4.01770E-02  1.13150E-02  4.45073E-02  1.53218E-02
   Moment          21.651       26.340       44.187       17.668        7.454
   Tor. Freq.        87.096      106.239       43.529      136.531      123.329
   Rot. barrier       4.119        7.456        2.100        8.259        2.843
   M_j,tau            2.601        2.601        2.601        2.601        2.601

   Torsion               6
   Force constant   8.17756E-03
   Moment           3.118
   Tor. Freq.       139.301
   Rot. barrier       1.140
   M_j,tau            3.000
   --------------------------------------------------------------------------------
   Potential Energy =   0.320 kcal/mol
   Weight =  2
   Overall rotational symmetry number =   1

                           ==========================
                                Structure   3
                           ==========================

   Normal-mode Frequencies (cm-1) 
   (Overall translation and rotation projected out)
    1299.3289i      0.0000i      0.0000i      0.0000i      0.0000       0.0000 
       0.0001      46.5949      55.6153     121.6434     140.5938     168.6115 
     184.7095     251.1916     268.9582     323.1523     335.7572     397.5644 
     479.0544     576.5918     586.6207     660.8256     766.5383     831.2770 
     859.9267     920.3139     951.9058     974.5241    1041.9842    1052.7459 
    1083.8367    1129.2942    1163.9464    1175.3757    1190.8029    1193.0050 
    1196.3698    1218.7848    1262.8421    1286.6167    1350.6123    1377.9925 
    1401.0531    1433.5527    1438.4181    1451.9785    1460.5913    1461.4645 
    1463.8128    1477.1403    1676.6915    1821.2136    2983.0452    3009.1940 
    3023.9480    3028.1522    3045.8363    3053.4774    3064.7008    3078.5488 
    3112.6116    3138.6378    3145.9700 
   Torsion-projected frequencies/non-torsional frequencies (cm-1)
    1299.2395i    186.1304     266.6893     316.2181     335.1564     395.8366 
     479.0051     575.1867     585.5154     660.6816     766.4539     831.2355 
     859.8334     920.2973     951.8552     974.4690    1041.9563    1052.7423 
    1083.7938    1129.2833    1163.6305    1175.3353    1190.7950    1193.0005 
    1196.3411    1218.7147    1262.8392    1286.5994    1350.6109    1377.9893 
    1401.0489    1433.5491    1438.3715    1451.9519    1460.5565    1461.4618 
    1463.7429    1477.1393    1676.6713    1821.2121    2983.0427    3009.1939 
    3023.9437    3028.1521    3045.8328    3053.4742    3064.6962    3078.5412 
    3112.6026    3138.6377    3145.9700 
   Product of consistently coupled torsional frequencies (in cm-1^ntor)  1.9426E+12
   Primitively coupled torsional frequencies (cm-1) (Not used)
      49.1690      60.3090     133.1297     146.7460     180.3131     257.1418 
   Product of primitively coupled torsional frequencies (in cm-1^ntor)   2.6861E+12
   Effective coupled torsional barrier (kcal/mol)
        1.106        2.450        5.144        7.427        8.445       11.671 

   D matrix: 
   m-n        1             2             3             4             5
    1   3.373692E+01  2.687380E+01 -6.062638E+00  7.082147E+00  3.808151E+00
    2   2.687380E+01  4.695829E+01  8.075775E+00  9.762374E+00  4.504217E-01
    3  -6.062638E+00  8.075775E+00  4.193976E+01 -1.150712E+01  2.180053E+00
    4   7.082147E+00  9.762374E+00 -1.150712E+01  1.801926E+01 -3.324310E-01
    5   3.808151E+00  4.504217E-01  2.180053E+00 -3.324310E-01  7.969530E+00
    6   9.880244E-02  1.317985E+00  2.288713E+00  1.537458E+00  1.328668E-01
   m-n        6
    1   9.880244E-02
    2   1.317985E+00
    3   2.288713E+00
    4   1.537458E+00
    5   1.328668E-01
    6   3.122525E+00

   Eigenvalues of D matrix:
     7.0911E+01    4.8810E+01    1.5320E+01    9.2826E+00    4.9295E+00    2.4932E+00
   Determinant of D matrix  4.603217E+029

          Uncoupled force constants (au), Pitzer moment of inertia (amu A^2),
   uncoupled torsional frequencies (cm-1), and uncoupled torsional barrier (kcal/mol)
   --------------------------------------------------------------------------------
   Torsion               1             2             3             4             5
   Force constant   2.84558E-02  4.80388E-02  1.61048E-02  4.30700E-02  4.52322E-02
   Moment          33.737       46.958       41.940       18.019        7.970
   Tor. Freq.        79.002       87.005       53.305      132.992      204.933
   Rot. barrier       5.522        9.323        3.125        8.359        8.778
   M_j,tau            2.543        2.543        2.543        2.543        2.543

   Torsion               6
   Force constant   8.15222E-03
   Moment           3.123
   Tor. Freq.       138.992
   Rot. barrier       1.137
   M_j,tau            3.000
   --------------------------------------------------------------------------------
   Potential Energy =   0.332 kcal/mol
   Weight =  2
   Overall rotational symmetry number =   1

       List of zero-point inclusive energy (kcal/mol) for each structure
      ------------------------------------------------------------------
        Structure            Energy (T = 0 K)
      ------------------------------------------------------------------
          1                    107.52
          2                    107.88
          3                    108.12
      ZPE of the system =      107.52


     Note: The following SS-HO and SS-T include the Rot. P.F. and Boltzmann factor,
           but are calculated with weight = 1 for each structure. Weights are
           counted in MS partition functions. Zero of energy is set to the potential
           energy of global minimum.

            Partition function of structure    1
     ================================================================
          T(K)      Rot.          SS-HO           SS-T     SS-T/SS-HO
        100.00    8.7023E+004   7.7591E-230   6.0949E-230    0.786
        200.00    2.4614E+005   1.4149E-110   1.3190E-110    0.932
        298.15    4.4801E+005   2.0459E-070   2.1602E-070    1.056
        300.00    4.5219E+005   6.6594E-070   7.0443E-070    1.058
        500.00    9.7295E+005   7.2800E-036   8.7565E-036    1.203
        750.00    1.7874E+006   4.3909E-017   5.4874E-017    1.250
       1000.00    2.7519E+006   2.2017E-006   2.6795E-006    1.217
       1100.00    3.1749E+006   3.6253E-003   4.3197E-003    1.192
       1150.00    3.3938E+006   1.0343E-001   1.2174E-001    1.177
       1200.00    3.6175E+006   2.4192E+000   2.8101E+000    1.162
       1250.00    3.8459E+006   4.7413E+001   5.4303E+001    1.145
       1300.00    4.0790E+006   7.9319E+002   8.9502E+002    1.128
       1350.00    4.3165E+006   1.1508E+004   1.2784E+004    1.111
       1400.00    4.5586E+006   1.4679E+005   1.6043E+005    1.093
       1450.00    4.8049E+006   1.6658E+006   1.7901E+006    1.075
       1500.00    5.0556E+006   1.6992E+007   1.7944E+007    1.056
       1550.00    5.3105E+006   1.5721E+008   1.6306E+008    1.037
       1600.00    5.5695E+006   1.3299E+009   1.3542E+009    1.018
       1650.00    5.8326E+006   1.0358E+010   1.0350E+010    0.999
       1700.00    6.0997E+006   7.4743E+010   7.3267E+010    0.980
       1800.00    6.6457E+006   3.1634E+012   2.9810E+012    0.942
       1900.00    7.2072E+006   1.0473E+014   9.4773E+013    0.905
       2000.00    7.7836E+006   2.7977E+015   2.4287E+015    0.868
       2500.00    1.0878E+007   3.2432E+021   2.2702E+021    0.700

            Partition function of structure    2
     ================================================================
          T(K)      Rot.          SS-HO           SS-T     SS-T/SS-HO
        100.00    8.9980E+004   1.3603E-230   1.0299E-230    0.757
        200.00    2.5450E+005   6.4408E-111   5.8277E-111    0.905
        298.15    4.6323E+005   1.2906E-070   1.3317E-070    1.032
        300.00    4.6755E+005   4.2183E-070   4.3611E-070    1.034
        500.00    1.0060E+006   6.0396E-036   7.1429E-036    1.183
        750.00    1.8482E+006   4.1718E-017   5.1081E-017    1.224
       1000.00    2.8454E+006   2.2367E-006   2.6457E-006    1.183
       1100.00    3.2827E+006   3.7499E-003   4.3265E-003    1.154
       1150.00    3.5091E+006   1.0782E-001   1.2265E-001    1.138
       1200.00    3.7404E+006   2.5399E+000   2.8458E+000    1.120
       1250.00    3.9766E+006   5.0104E+001   5.5246E+001    1.103
       1300.00    4.2176E+006   8.4325E+002   9.1425E+002    1.084
       1350.00    4.4632E+006   1.2302E+004   1.3105E+004    1.065
       1400.00    4.7134E+006   1.5773E+005   1.6498E+005    1.046
       1450.00    4.9682E+006   1.7984E+006   1.8460E+006    1.026
       1500.00    5.2274E+006   1.8426E+007   1.8550E+007    1.007
       1550.00    5.4909E+006   1.7118E+008   1.6894E+008    0.987
       1600.00    5.7587E+006   1.4536E+009   1.4057E+009    0.967
       1650.00    6.0308E+006   1.1362E+010   1.0762E+010    0.947
       1700.00    6.3070E+006   8.2270E+010   7.6297E+010    0.927
       1800.00    6.8716E+006   3.5035E+012   3.1120E+012    0.888
       1900.00    7.4521E+006   1.1663E+014   9.9126E+013    0.850
       2000.00    8.0481E+006   3.1308E+015   2.5439E+015    0.813
       2500.00    1.1248E+007   3.6967E+021   2.3846E+021    0.645

            Partition function of structure    3
     ================================================================
          T(K)      Rot.          SS-HO           SS-T     SS-T/SS-HO
        100.00    8.2855E+004   2.8483E-231   2.2965E-231    0.806
        200.00    2.3435E+005   1.8556E-111   1.7000E-111    0.916
        298.15    4.2655E+005   3.8870E-071   3.9180E-071    1.008
        300.00    4.3053E+005   1.2708E-070   1.2829E-070    1.009
        500.00    9.2635E+005   1.8293E-036   2.0715E-036    1.132
        750.00    1.7018E+006   1.2551E-017   1.5220E-017    1.213
       1000.00    2.6201E+006   6.6981E-007   8.3478E-007    1.246
       1100.00    3.0228E+006   1.1215E-003   1.4017E-003    1.250
       1150.00    3.2312E+006   3.2229E-002   4.0277E-002    1.250
       1200.00    3.4442E+006   7.5885E-001   9.4736E-001    1.248
       1250.00    3.6617E+006   1.4963E+001   1.8645E+001    1.246
       1300.00    3.8836E+006   2.5173E+002   3.1280E+002    1.243
       1350.00    4.1098E+006   3.6712E+003   4.5454E+003    1.238
       1400.00    4.3402E+006   4.7054E+004   5.8004E+004    1.233
       1450.00    4.5748E+006   5.3635E+005   6.5780E+005    1.226
       1500.00    4.8134E+006   5.4938E+006   6.6987E+006    1.219
       1550.00    5.0561E+006   5.1026E+007   6.1816E+007    1.211
       1600.00    5.3027E+006   4.3320E+008   5.2108E+008    1.203
       1650.00    5.5532E+006   3.3855E+009   4.0410E+009    1.194
       1700.00    5.8075E+006   2.4508E+010   2.9012E+010    1.184
       1800.00    6.3274E+006   1.0433E+012   1.2129E+012    1.162
       1900.00    6.8620E+006   3.4723E+013   3.9562E+013    1.139
       2000.00    7.4108E+006   9.3187E+014   1.0388E+015    1.115
       2500.00    1.0357E+007   1.0995E+021   1.0779E+021    0.980

     ================================================================
              Partition Functions Including All Structures
        -----------------------------------------------------------
        Zero of energy is set to potential energy of global minimum
        -----------------------------------------------------------
        T(K)    Elec.        Trans.              Con-rovib
                                            MS-LH    or     MS-T
        100.00  2.0000E+000  3.2877E+006  1.8808E-229  1.4709E-229
        200.00  2.0000E+000  1.8598E+007  4.4890E-110  4.1436E-110
        298.15  2.0000E+000  5.0464E+007  7.4505E-070  7.7673E-070
        300.00  2.0000E+000  5.1250E+007  2.4297E-069  2.5377E-069
        500.00  2.0000E+000  1.8379E+008  3.0298E-035  3.5942E-035
        750.00  2.0000E+000  5.0646E+008  1.9635E-016  2.4235E-016
       1000.00  2.0000E+000  1.0397E+009  1.0217E-005  1.2320E-005
       1100.00  2.0000E+000  1.3194E+009  1.6993E-002  2.0096E-002
       1150.00  2.0000E+000  1.4745E+009  4.8695E-001  5.6934E-001
       1200.00  2.0000E+000  1.6400E+009  1.1436E+001  1.3207E+001
       1250.00  2.0000E+000  1.8162E+009  2.2496E+002  2.5639E+002
       1300.00  2.0000E+000  2.0033E+009  3.7764E+003  4.2441E+003
       1350.00  2.0000E+000  2.2015E+009  5.4963E+004  6.0870E+004
       1400.00  2.0000E+000  2.4111E+009  7.0316E+005  7.6685E+005
       1450.00  2.0000E+000  2.6322E+009  8.0012E+006  8.5878E+006
       1500.00  2.0000E+000  2.8650E+009  8.1824E+007  8.6385E+007
       1550.00  2.0000E+000  3.1097E+009  7.5885E+008  7.8764E+008
       1600.00  2.0000E+000  3.3666E+009  6.4334E+009  6.5619E+009
       1650.00  2.0000E+000  3.6358E+009  5.0211E+010  5.0307E+010
       1700.00  2.0000E+000  3.9175E+009  3.6304E+011  3.5715E+011
       1800.00  2.0000E+000  4.5193E+009  1.5421E+013  1.4612E+013
       1900.00  2.0000E+000  5.1734E+009  5.1218E+014  4.6692E+014
       2000.00  2.0000E+000  5.8812E+009  1.3721E+016  1.2023E+016
       2500.00  2.0000E+000  1.0274E+010  1.6079E+022  1.1465E+022

             Total Partition Function (E + T + Con-rovib)
             ---------------------------------------------
                T(K)     E + T + MS-LH     E + T + MS-T
                100.00     1.2367E-222       9.6716E-223
                200.00     1.6697E-102       1.5413E-102
                298.15     7.5196E-062       7.8393E-062
                300.00     2.4904E-061       2.6011E-061
                500.00     1.1137E-026       1.3211E-026
                750.00     1.9889E-007       2.4548E-007
               1000.00     2.1243E+004       2.5617E+004
               1100.00     4.4841E+007       5.3028E+007
               1150.00     1.4360E+009       1.6789E+009
               1200.00     3.7509E+010       4.3318E+010
               1250.00     8.1715E+011       9.3131E+011
               1300.00     1.5131E+013       1.7005E+013
               1350.00     2.4201E+014       2.6801E+014
               1400.00     3.3907E+015       3.6979E+015
               1450.00     4.2121E+016       4.5209E+016
               1500.00     4.6885E+017       4.9498E+017
               1550.00     4.7196E+018       4.8987E+018
               1600.00     4.3317E+019       4.4183E+019
               1650.00     3.6512E+020       3.6581E+020
               1700.00     2.8445E+021       2.7983E+021
               1800.00     1.3938E+023       1.3207E+023
               1900.00     5.2994E+024       4.8311E+024
               2000.00     1.6139E+026       1.4142E+026
               2500.00     3.3039E+032       2.3559E+032

     ================================================================
              Partition Functions Including All Structures
        -----------------------------------------------------------
                    Zero of energy is set to ZPE
        -----------------------------------------------------------
        T(K)             Con-rovib                Total
                   MS-LH        MS-T       E+T+MS-LH    E+T+MS-T
        100.00  1.8256E+006  1.4277E+006  1.2004E+013  9.3877E+012
        200.00  1.3986E+008  1.2909E+008  5.2021E+015  4.8018E+015
        298.15  4.8667E+009  5.0736E+009  4.9118E+017  5.1206E+017
        300.00  5.1829E+009  5.4132E+009  5.3125E+017  5.5485E+017
        500.00  3.0118E+012  3.5728E+012  1.1070E+021  1.3133E+021
        750.00  4.2136E+015  5.2005E+015  4.2680E+024  5.2677E+024
       1000.00  3.2211E+018  3.8843E+018  6.6978E+027  8.0768E+027
       1100.00  3.9150E+019  4.6298E+019  1.0331E+029  1.2217E+029
       1150.00  1.3217E+020  1.5454E+020  3.8977E+029  4.5571E+029
       1200.00  4.3704E+020  5.0471E+020  1.4335E+030  1.6555E+030
       1250.00  1.4160E+021  1.6138E+021  5.1436E+030  5.8621E+030
       1300.00  4.4978E+021  5.0549E+021  1.8021E+031  2.0253E+031
       1350.00  1.4013E+022  1.5519E+022  6.1699E+031  6.8329E+031
       1400.00  4.2839E+022  4.6720E+022  2.0658E+032  2.2529E+032
       1450.00  1.2858E+023  1.3800E+023  6.7687E+032  7.2649E+032
       1500.00  3.7904E+023  4.0017E+023  2.1719E+033  2.2929E+033
       1550.00  1.0980E+024  1.1397E+024  6.8290E+033  7.0881E+033
       1600.00  3.1270E+024  3.1895E+024  2.1055E+034  2.1475E+034
       1650.00  8.7587E+024  8.7754E+024  6.3690E+034  6.3811E+034
       1700.00  2.4139E+025  2.3748E+025  1.8913E+035  1.8607E+035
       1800.00  1.7496E+026  1.6578E+026  1.5814E+036  1.4985E+036
       1900.00  1.1944E+027  1.0889E+027  1.2359E+037  1.1267E+037
       2000.00  7.7042E+027  6.7509E+027  9.0620E+037  7.9407E+037
       2500.00  4.0340E+031  2.8765E+031  8.2891E+041  5.9107E+041
     ================================================================

                     ==============================
                          Thermodynamic Functions
                      (Ideal gas at standard state)
                     ==============================
     T  - Temperature (Kelvin)        G  - Gibbs Free Energy (kcal/mol)
     E  - Thermal Energy (kcal/mol)   H  - Enthalpy (kcal/mol)
     S  - Entropy (cal/(mol-K))
     Cp - Heat Capacity at Constant Pressure (cal/(mol-K))
        -----------------------------------------------------------
        Zero of energy is set to potential energy of global minimum
        -----------------------------------------------------------

               Contribution from electronic P.F. 
     ================================================================
                  T          G          E          S
                100.00      -0.138      0.000      1.377
                200.00      -0.275      0.000      1.377
                298.15      -0.411      0.000      1.377
                300.00      -0.413      0.000      1.377
                500.00      -0.689      0.000      1.377
                750.00      -1.033      0.000      1.377
               1000.00      -1.377      0.000      1.377
               1100.00      -1.515      0.000      1.377
               1150.00      -1.584      0.000      1.377
               1200.00      -1.653      0.000      1.377
               1250.00      -1.722      0.000      1.377
               1300.00      -1.791      0.000      1.377
               1350.00      -1.860      0.000      1.377
               1400.00      -1.928      0.000      1.377
               1450.00      -1.997      0.000      1.377
               1500.00      -2.066      0.000      1.377
               1550.00      -2.135      0.000      1.377
               1600.00      -2.204      0.000      1.377
               1650.00      -2.273      0.000      1.377
               1700.00      -2.342      0.000      1.377
               1800.00      -2.479      0.000      1.377
               1900.00      -2.617      0.000      1.377
               2000.00      -2.755      0.000      1.377
               2500.00      -3.444      0.000      1.377

               Contribution from translational P.F. 
     ================================================================
                  T          G          E          S
                100.00      -2.982      0.298     34.788
                200.00      -6.653      0.596     38.231
                298.15     -10.509      0.889     40.215
                300.00     -10.583      0.894     40.246
                500.00     -18.908      1.490     42.783
                750.00     -29.872      2.236     44.798
               1000.00     -41.259      2.981     46.227
               1100.00     -45.906      3.279     46.700
               1150.00     -48.246      3.428     46.921
               1200.00     -50.598      3.577     47.133
               1250.00     -52.959      3.726     47.336
               1300.00     -55.331      3.875     47.530
               1350.00     -57.712      4.024     47.718
               1400.00     -60.103      4.173     47.899
               1450.00     -62.502      4.322     48.073
               1500.00     -64.910      4.471     48.241
               1550.00     -67.326      4.620     48.404
               1600.00     -69.750      4.769     48.562
               1650.00     -72.182      4.918     48.715
               1700.00     -74.622      5.067     48.863
               1800.00     -79.522      5.365     49.147
               1900.00     -84.451      5.664     49.416
               2000.00     -89.405      5.962     49.671
               2500.00    -114.528      7.452     50.779

        Contribution from conformational-rovibrational P.F. (MS-LH)
     ================================================================
                  T          G          E          S
                100.00     104.659    108.497     38.377
                200.00     100.069    110.615     52.727
                298.15      94.308    113.540     64.504
                300.00      94.188    113.604     64.719
                500.00      78.974    122.574     87.201
                750.00      53.903    138.521    112.824
               1000.00      22.836    158.028    135.192
               1100.00       8.908    166.544    143.306
               1150.00       1.644    170.925    147.201
               1200.00      -5.811    175.382    150.994
               1250.00     -13.453    179.907    154.688
               1300.00     -21.278    184.497    158.288
               1350.00     -29.281    189.146    161.798
               1400.00     -37.456    193.851    165.220
               1450.00     -45.801    198.608    168.558
               1500.00     -54.311    203.413    171.816
               1550.00     -62.981    208.264    174.997
               1600.00     -71.809    213.156    178.103
               1650.00     -80.791    218.088    181.138
               1700.00     -89.922    223.056    184.105
               1800.00    -108.621    233.094    189.842
               1900.00    -127.882    243.252    195.334
               2000.00    -147.681    253.518    200.599
               2500.00    -254.025    306.074    224.039

        Contribution from conformational-rovibrational P.F. (MS-T)
     ================================================================
                  T          G          E          S
                100.00     104.708    108.529     38.216
                200.00     100.101    110.733     53.162
                298.15      94.283    113.716     65.179
                300.00      94.163    113.781     65.395
                500.00      78.804    122.754     87.899
                750.00      53.589    138.524    113.247
               1000.00      22.464    157.687    135.223
               1100.00       8.541    166.020    143.163
               1150.00       1.287    170.301    146.968
               1200.00      -6.154    174.650    150.670
               1250.00     -13.778    179.062    154.272
               1300.00     -21.580    183.532    157.779
               1350.00     -29.554    188.057    161.193
               1400.00     -37.698    192.631    164.520
               1450.00     -46.005    197.251    167.763
               1500.00     -54.473    201.914    170.925
               1550.00     -63.096    206.617    174.009
               1600.00     -71.872    211.357    177.019
               1650.00     -80.797    216.132    179.957
               1700.00     -89.867    220.939    182.827
               1800.00    -108.429    230.639    188.371
               1900.00    -127.533    240.445    193.672
               2000.00    -147.156    250.341    198.748
               2500.00    -252.345    300.860    221.282

     Total (Translational + Electronic + conformational-rovib.(MS-LH))
     ======================================================================
              T          G          E          H          S          Cp
            100.00     101.539    108.795    108.993     74.542     21.780
            200.00      93.141    111.211    111.608     92.335     30.291
            298.15      83.388    114.429    115.021    106.097     39.540
            300.00      83.192    114.498    115.095    106.342     39.728
            500.00      59.378    124.065    125.058    131.361     59.343
            750.00      22.998    140.756    142.247    158.999     76.875
           1000.00     -19.800    161.008    162.996    182.796     88.350
           1100.00     -38.513    169.823    172.008    191.383     91.819
           1150.00     -48.186    174.353    176.639    195.499     93.366
           1200.00     -58.061    178.959    181.343    199.504     94.802
           1250.00     -68.134    183.633    186.117    203.401     96.135
           1300.00     -78.400    188.372    190.955    207.196     97.375
           1350.00     -88.852    193.170    195.853    210.893     98.527
           1400.00     -99.487    198.024    200.807    214.496     99.601
           1450.00    -110.300    202.930    205.812    218.009    100.600
           1500.00    -121.287    207.885    210.865    221.435    101.533
           1550.00    -132.443    212.884    215.964    224.779    102.403
           1600.00    -143.763    217.925    221.105    228.043    103.215
           1650.00    -155.246    223.006    226.285    231.231    103.975
           1700.00    -166.885    228.123    231.502    234.345    104.686
           1800.00    -190.623    238.459    242.036    240.366    105.976
           1900.00    -214.950    248.916    252.692    246.127    107.112
           2000.00    -239.840    259.480    263.454    251.647    108.116
           2500.00    -371.996    313.526    318.494    276.196    111.709

     Total (Translational + Electronic + conformational-rovib.(MS-T))
     ======================================================================
              T          G          E          H          S          Cp
            100.00     101.588    108.827    109.026     74.381     22.536
            200.00      93.173    111.330    111.727     92.770     31.070
            298.15      83.364    114.605    115.197    106.771     39.930
            300.00      83.166    114.675    115.272    107.018     40.111
            500.00      59.208    124.244    125.238    132.060     59.009
            750.00      22.684    140.760    142.250    159.422     75.826
           1000.00     -20.172    160.668    162.655    182.827     86.649
           1100.00     -38.880    169.299    171.485    191.241     89.862
           1150.00     -48.543    173.729    176.014    195.267     91.283
           1200.00     -58.405    178.227    180.612    199.180     92.595
           1250.00     -68.459    182.788    185.272    202.985     93.807
           1300.00     -78.702    187.407    189.991    206.686     94.928
           1350.00     -89.126    192.081    194.763    210.289     95.964
           1400.00     -99.729    196.804    199.586    213.796     96.925
           1450.00    -110.505    201.573    204.455    217.213     97.815
           1500.00    -121.449    206.386    209.366    220.543     98.641
           1550.00    -132.558    211.238    214.318    223.790     99.409
           1600.00    -143.827    216.127    219.306    226.958    100.122
           1650.00    -155.252    221.050    224.329    230.049    100.786
           1700.00    -166.830    226.006    229.384    233.067    101.405
           1800.00    -190.431    236.005    239.582    238.896    102.522
           1900.00    -214.601    246.108    249.884    244.465    103.497
           2000.00    -239.316    256.303    260.277    249.796    104.353
           2500.00    -370.317    308.312    313.280    273.438    107.363

                        --------------------------------
                         Zero of energy is set to ZPE
                        --------------------------------

     Total (Translational + Electronic + conformational-rovib.(MS-LH))
     ======================================================================
              T          G          E          H          S          Cp
            100.00      -5.985      1.271      1.469     74.542     21.780
            200.00     -14.383      3.687      4.084     92.335     30.291
            298.15     -24.135      6.905      7.497    106.097     39.540
            300.00     -24.332      6.975      7.571    106.342     39.728
            500.00     -48.146     16.541     17.534    131.361     59.343
            750.00     -84.526     33.233     34.723    158.999     76.875
           1000.00    -127.324     53.485     55.472    182.796     88.350
           1100.00    -146.037     62.299     64.485    191.383     91.819
           1150.00    -155.710     66.829     69.115    195.499     93.366
           1200.00    -165.585     71.435     73.819    199.504     94.802
           1250.00    -175.658     76.109     78.593    203.401     96.135
           1300.00    -185.924     80.848     83.431    207.196     97.375
           1350.00    -196.376     85.647     88.329    210.893     98.527
           1400.00    -207.011     90.501     93.283    214.496     99.601
           1450.00    -217.824     95.407     98.288    218.009    100.600
           1500.00    -228.811    100.361    103.342    221.435    101.533
           1550.00    -239.966    105.360    108.440    224.779    102.403
           1600.00    -251.287    110.401    113.581    228.043    103.215
           1650.00    -262.769    115.482    118.761    231.231    103.975
           1700.00    -274.409    120.599    123.978    234.345    104.686
           1800.00    -298.147    130.935    134.512    240.366    105.976
           1900.00    -322.474    141.392    145.168    246.127    107.112
           2000.00    -347.364    151.956    155.930    251.647    108.116
           2500.00    -479.520    206.002    210.970    276.196    111.709

     Total (Translational + Electronic + conformational-rovib.(MS-T))
     ======================================================================
              T          G          E          H          S          Cp
            100.00      -5.936      1.303      1.502     74.381     22.536
            200.00     -14.351      3.806      4.203     92.770     31.070
            298.15     -24.160      7.081      7.674    106.771     39.930
            300.00     -24.358      7.152      7.748    107.018     40.111
            500.00     -48.316     16.720     17.714    132.060     59.009
            750.00     -84.840     33.236     34.727    159.422     75.826
           1000.00    -127.696     53.144     55.131    182.827     86.649
           1100.00    -146.404     61.775     63.961    191.241     89.862
           1150.00    -156.067     66.205     68.490    195.267     91.283
           1200.00    -165.929     70.703     73.088    199.180     92.595
           1250.00    -175.983     75.264     77.748    202.985     93.807
           1300.00    -186.225     79.884     82.467    206.686     94.928
           1350.00    -196.650     84.557     87.240    210.289     95.964
           1400.00    -207.253     89.280     92.062    213.796     96.925
           1450.00    -218.028     94.049     96.931    217.213     97.815
           1500.00    -228.973     98.862    101.843    220.543     98.641
           1550.00    -240.081    103.714    106.794    223.790     99.409
           1600.00    -251.350    108.603    111.783    226.958    100.122
           1650.00    -262.776    113.527    116.805    230.049    100.786
           1700.00    -274.354    118.482    121.860    233.067    101.405
           1800.00    -297.955    128.481    132.058    238.896    102.522
           1900.00    -322.125    138.584    142.360    244.465    103.497
           2000.00    -346.840    148.779    152.753    249.796    104.353
           2500.00    -477.841    200.788    205.756    273.438    107.363

 ==============================End of MSTor output==============================
