
 *******************************************************************************

   MSTor program version 2013 (2013)

   Jingjing Zheng, Steven L. Mielke, and Donald G. Truhlar

   Department of Chemistry and Supercomputing Institute
   University of Minnesota, Minneapolis, Minnesota, USA

   Copyright 2013
   Donald G. Truhlar and Regents of the University of Minnesota

   Citations: 
   MS-T(U) method
     J. Zheng, T. Yu, E. Papajak, I. M. Alecu, S. L. Mielke, and D. G. Truhlar,
     Phys. Chem. Chem. Phys. 13, 10885-10907 (2011).
   MS-T(C) method
     J. Zheng and D. G. Truhlar, J. Chem. Theory Comput., DOI: 10.1021/ct3010722.
   MSTor program
     J. Zheng, S. L. Mielke, K. L Clarkson, and D. G. Truhlar,
     Comp. Phys. Comm. 183, 1803-1812 (2012).
     J. Zheng, R. Meana-Paneda, and D. G. Truhlar, Comp. Phys. Comm.
     to be published as new version announcement.

 *******************************************************************************

                    Naming conventions for the MS methods
   -----------------------------------------------------------------------------
   Common name        Original or other names
   -----------------------------------------------------------------------------
   MS-LH         =    MS-HO (ref. 1)   =   MS-AS-HO (ref. 2)
   MS-T          =    MS-AS (ref. 1)   =   MS-AS-T  (ref. 2)
   -----------------------------------------------------------------------------
   Ref. 1: J. Zheng, T. Yu, E. Papajak, I. M. Alecu, S. L. Mielke, and
           D. G. Truhlar, Phys. Chem. Chem. Phys. 13, 10885 (2011).
   Ref. 2: T. Yu, J. Zheng, and D. G. Truhlar, Chem. Sci. 2, 2199 (2011)

   Calculation run on 07/01/2022 at 11:25:06  

   Number of structures:             1
   Number of torsions:               6
   Method:                           MS-T(C)
   Frequency scaling factor:         0.964
   Delta T for finite difference:    0.5 K
   Internal coordinates
     Bonds:         01-02  01-20  02-03  02-16  02-17  03-14  04-12  04-13  05-06
     Bonds:         05-08  06-07  07-10  07-11  18-21  01-19  03-15  07-09  03-04
     Bonds:         04-05  01-18
     Angles:        01-02-03  02-03-04  02-03-14  03-04-13  04-05-06  05-04-12
     Angles:        05-06-07  06-05-08  06-07-11  10-07-11  12-04-13  14-03-15
     Angles:        18-01-19  16-02-17  02-01-19  18-01-20  01-02-16  09-07-11
     Linear Angles: 01=18=21
     Dihedrals:     01-03-16-02  02-04-14-03  02-18-19-01  03-05-12-04
     Dihedrals:     03-05-13-04  03-16-17-02  04-06-08-05  04-14-15-03
     Dihedrals:     06-09-11-07  06-10-11-07  18-19-20-01  04-03-02-01
     Dihedrals:     05-04-03-02  06-05-04-03  07-06-05-04  03-02-01-18
     Dihedrals:     09-07-06-05

   All moment output uses units of amu for masses and Angstroms for distances 

                           ==========================
                                Structure   1
                           ==========================

   Normal-mode Frequencies (cm-1) 
   (Overall translation and rotation projected out)
    1294.8633i      0.0000i      0.0000i      0.0000i      0.0000i      0.0000 
       0.0001      36.4262      61.4552      97.2376     138.2227     161.7325 
     177.1906     212.3716     239.4682     273.4590     336.3196     369.6892 
     514.1459     567.9588     580.5803     651.3268     741.8989     839.1631 
     859.7024     917.3688     934.6044    1015.1089    1044.3627    1060.3794 
    1099.3887    1114.7432    1164.0285    1173.5563    1183.7497    1191.7509 
    1205.7310    1224.6194    1260.7843    1299.7918    1306.9802    1387.7481 
    1399.7278    1433.3358    1436.1489    1451.0382    1459.8821    1461.2745 
    1463.8362    1477.6312    1697.0380    1823.4121    2982.7797    3014.8621 
    3020.4576    3022.6067    3028.6720    3059.0226    3061.5264    3071.5439 
    3113.1786    3146.3519    3146.7285 
   Torsion-projected frequencies/non-torsional frequencies (cm-1)
    1294.8311i    207.5333     238.1323     272.7556     335.8828     369.4197 
     513.8604     566.7380     578.1216     650.9444     741.5735     839.1368 
     859.6718     917.3602     934.5755    1015.0961    1044.3552    1060.3716 
    1099.3755    1114.7389    1163.7181    1173.5457    1183.7257    1191.7502 
    1205.7150    1224.6041    1260.7790    1299.7649    1306.9782    1387.7447 
    1399.7248    1433.3270    1436.1437    1451.0309    1459.8761    1461.2635 
    1463.7541    1477.6312    1697.0211    1823.4113    2982.7732    3014.8620 
    3020.4570    3022.6014    3028.6720    3059.0225    3061.5249    3071.5427 
    3113.1698    3146.3518    3146.7285 
   Product of consistently coupled torsional frequencies (in cm-1^ntor)  8.9906E+11
   Primitively coupled torsional frequencies (cm-1) (Not used)
      39.6556      69.9243     104.3779     141.0168     172.4114     187.1617 
   Product of primitively coupled torsional frequencies (in cm-1^ntor)   1.3170E+12
   Effective coupled torsional barrier (kcal/mol)
        1.090        1.510        3.160        4.318        8.453        9.051 

   D matrix: 
   m-n        1             2             3             4             5
    1   2.750068E+01  5.673966E-01 -4.181761E+00 -1.566639E-01  4.943812E+00
    2   5.673966E-01  2.584138E+01  6.838180E+00  5.540110E+00  5.652188E+00
    3  -4.181761E+00  6.838180E+00  4.292034E+01 -1.275575E+01 -4.250213E-01
    4  -1.566639E-01  5.540110E+00 -1.275575E+01  1.758748E+01  1.532278E+00
    5   4.943812E+00  5.652188E+00 -4.250213E-01  1.532278E+00  7.837970E+00
    6  -2.851982E-01  8.951877E-01  2.275934E+00  1.404445E+00  8.354227E-02
   m-n        6
    1  -2.851982E-01
    2   8.951877E-01
    3   2.275934E+00
    4   1.404445E+00
    5   8.354227E-02
    6   3.111028E+00

   Eigenvalues of D matrix:
     4.9742E+01    3.1094E+01    2.7204E+01    9.0745E+00    5.1719E+00    2.5127E+00
   Determinant of D matrix  3.775650E+029

          Uncoupled force constants (au), Pitzer moment of inertia (amu A^2),
   uncoupled torsional frequencies (cm-1), and uncoupled torsional barrier (kcal/mol)
   --------------------------------------------------------------------------------
   Torsion               1             2             3             4             5
   Force constant   2.12788E-02  4.44630E-02  1.14982E-02  4.46125E-02  1.88853E-02
   Moment          27.501       25.841       42.920       17.587        7.838
   Tor. Freq.        75.667      112.836       44.523      137.004      133.526
   Rot. barrier       4.001        8.360        2.162        8.388        3.551
   M_j,tau            2.584        2.584        2.584        2.584        2.584

   Torsion               6
   Force constant   8.03555E-03
   Moment           3.111
   Tor. Freq.       138.249
   Rot. barrier       1.121
   M_j,tau            3.000
   --------------------------------------------------------------------------------
   Potential Energy =   0.000 kcal/mol
   Weight =  2
   Overall rotational symmetry number =   1

       List of zero-point inclusive energy (kcal/mol) for each structure
      ------------------------------------------------------------------
        Structure            Energy (T = 0 K)
      ------------------------------------------------------------------
          1                    107.52
      ZPE of the system =      107.52


     Note: The following SS-HO and SS-T include the Rot. P.F. and Boltzmann factor,
           but are calculated with weight = 1 for each structure. Weights are
           counted in MS partition functions. Zero of energy is set to the potential
           energy of global minimum.

            Partition function of structure    1
     ================================================================
          T(K)      Rot.          SS-HO           SS-T     SS-T/SS-HO
        100.00    8.7023E+004   7.7591E-230   6.0949E-230    0.786
        200.00    2.4614E+005   1.4149E-110   1.3190E-110    0.932
        298.15    4.4801E+005   2.0459E-070   2.1602E-070    1.056
        300.00    4.5219E+005   6.6594E-070   7.0443E-070    1.058
        500.00    9.7295E+005   7.2800E-036   8.7565E-036    1.203
        750.00    1.7874E+006   4.3909E-017   5.4874E-017    1.250
       1000.00    2.7519E+006   2.2017E-006   2.6795E-006    1.217
       1100.00    3.1749E+006   3.6253E-003   4.3197E-003    1.192
       1150.00    3.3938E+006   1.0343E-001   1.2174E-001    1.177
       1200.00    3.6175E+006   2.4192E+000   2.8101E+000    1.162
       1250.00    3.8459E+006   4.7413E+001   5.4303E+001    1.145
       1300.00    4.0790E+006   7.9319E+002   8.9502E+002    1.128
       1350.00    4.3165E+006   1.1508E+004   1.2784E+004    1.111
       1400.00    4.5586E+006   1.4679E+005   1.6043E+005    1.093
       1450.00    4.8049E+006   1.6658E+006   1.7901E+006    1.075
       1500.00    5.0556E+006   1.6992E+007   1.7944E+007    1.056
       1550.00    5.3105E+006   1.5721E+008   1.6306E+008    1.037
       1600.00    5.5695E+006   1.3299E+009   1.3542E+009    1.018
       1650.00    5.8326E+006   1.0358E+010   1.0350E+010    0.999
       1700.00    6.0997E+006   7.4743E+010   7.3267E+010    0.980
       1800.00    6.6457E+006   3.1634E+012   2.9810E+012    0.942
       1900.00    7.2072E+006   1.0473E+014   9.4773E+013    0.905
       2000.00    7.7836E+006   2.7977E+015   2.4287E+015    0.868
       2500.00    1.0878E+007   3.2432E+021   2.2702E+021    0.700

     ================================================================
              Partition Functions Including All Structures
        -----------------------------------------------------------
        Zero of energy is set to potential energy of global minimum
        -----------------------------------------------------------
        T(K)    Elec.        Trans.              Con-rovib
                                            MS-LH    or     MS-T
        100.00  2.0000E+000  3.2877E+006  1.5518E-229  1.2190E-229
        200.00  2.0000E+000  1.8598E+007  2.8297E-110  2.6381E-110
        298.15  2.0000E+000  5.0464E+007  4.0919E-070  4.3204E-070
        300.00  2.0000E+000  5.1250E+007  1.3319E-069  1.4089E-069
        500.00  2.0000E+000  1.8379E+008  1.4560E-035  1.7513E-035
        750.00  2.0000E+000  5.0646E+008  8.7818E-017  1.0975E-016
       1000.00  2.0000E+000  1.0397E+009  4.4035E-006  5.3591E-006
       1100.00  2.0000E+000  1.3194E+009  7.2505E-003  8.6393E-003
       1150.00  2.0000E+000  1.4745E+009  2.0686E-001  2.4348E-001
       1200.00  2.0000E+000  1.6400E+009  4.8383E+000  5.6201E+000
       1250.00  2.0000E+000  1.8162E+009  9.4826E+001  1.0861E+002
       1300.00  2.0000E+000  2.0033E+009  1.5864E+003  1.7900E+003
       1350.00  2.0000E+000  2.2015E+009  2.3016E+004  2.5568E+004
       1400.00  2.0000E+000  2.4111E+009  2.9359E+005  3.2087E+005
       1450.00  2.0000E+000  2.6322E+009  3.3317E+006  3.5802E+006
       1500.00  2.0000E+000  2.8650E+009  3.3984E+007  3.5888E+007
       1550.00  2.0000E+000  3.1097E+009  3.1443E+008  3.2613E+008
       1600.00  2.0000E+000  3.3666E+009  2.6598E+009  2.7084E+009
       1650.00  2.0000E+000  3.6358E+009  2.0716E+010  2.0700E+010
       1700.00  2.0000E+000  3.9175E+009  1.4949E+011  1.4653E+011
       1800.00  2.0000E+000  4.5193E+009  6.3268E+012  5.9621E+012
       1900.00  2.0000E+000  5.1734E+009  2.0947E+014  1.8955E+014
       2000.00  2.0000E+000  5.8812E+009  5.5953E+015  4.8574E+015
       2500.00  2.0000E+000  1.0274E+010  6.4864E+021  4.5405E+021

             Total Partition Function (E + T + Con-rovib)
             ---------------------------------------------
                T(K)     E + T + MS-LH     E + T + MS-T
                100.00     1.0204E-222       8.0152E-223
                200.00     1.0525E-102       9.8126E-103
                298.15     4.1298E-062       4.3604E-062
                300.00     1.3652E-061       1.4441E-061
                500.00     5.3519E-027       6.4373E-027
                750.00     8.8952E-008       1.1117E-007
               1000.00     9.1562E+003       1.1143E+004
               1100.00     1.9133E+007       2.2797E+007
               1150.00     6.1001E+008       7.1800E+008
               1200.00     1.5870E+010       1.8434E+010
               1250.00     3.4445E+011       3.9450E+011
               1300.00     6.3561E+012       7.1721E+012
               1350.00     1.0134E+014       1.1258E+014
               1400.00     1.4157E+015       1.5473E+015
               1450.00     1.7539E+016       1.8847E+016
               1500.00     1.9473E+017       2.0563E+017
               1550.00     1.9556E+018       2.0283E+018
               1600.00     1.7909E+019       1.8236E+019
               1650.00     1.5064E+020       1.5053E+020
               1700.00     1.1712E+021       1.1481E+021
               1800.00     5.7186E+022       5.3889E+022
               1900.00     2.1673E+024       1.9612E+024
               2000.00     6.5814E+025       5.7135E+025
               2500.00     1.3328E+032       9.3298E+031

     ================================================================
              Partition Functions Including All Structures
        -----------------------------------------------------------
                    Zero of energy is set to ZPE
        -----------------------------------------------------------
        T(K)             Con-rovib                Total
                   MS-LH        MS-T       E+T+MS-LH    E+T+MS-T
        100.00  1.5063E+006  1.1832E+006  9.9042E+012  7.7799E+012
        200.00  8.8161E+007  8.2189E+007  3.2792E+015  3.0571E+015
        298.15  2.6728E+009  2.8221E+009  2.6976E+017  2.8482E+017
        300.00  2.8411E+009  3.0053E+009  2.9121E+017  3.0805E+017
        500.00  1.4473E+012  1.7409E+012  5.3201E+020  6.3991E+020
        750.00  1.8845E+015  2.3551E+015  1.9088E+024  2.3855E+024
       1000.00  1.3884E+018  1.6897E+018  2.8868E+027  3.5133E+027
       1100.00  1.6704E+019  1.9904E+019  4.4079E+028  5.2522E+028
       1150.00  5.6147E+019  6.6087E+019  1.6557E+029  1.9489E+029
       1200.00  1.8491E+020  2.1478E+020  6.0649E+029  7.0449E+029
       1250.00  5.9689E+020  6.8362E+020  2.1681E+030  2.4832E+030
       1300.00  1.8895E+021  2.1320E+021  7.5704E+030  8.5422E+030
       1350.00  5.8679E+021  6.5186E+021  2.5837E+031  2.8702E+031
       1400.00  1.7887E+022  1.9549E+022  8.6252E+031  9.4267E+031
       1450.00  5.3538E+022  5.7532E+022  2.8184E+032  3.0287E+032
       1500.00  1.5743E+023  1.6624E+023  9.0206E+032  9.5257E+032
       1550.00  4.5496E+023  4.7189E+023  2.8296E+033  2.9349E+033
       1600.00  1.2928E+024  1.3164E+024  8.7047E+033  8.8638E+033
       1650.00  3.6136E+024  3.6109E+024  2.6277E+034  2.6257E+034
       1700.00  9.9396E+024  9.7433E+024  7.7878E+034  7.6340E+034
       1800.00  7.1783E+025  6.7644E+025  6.4882E+035  6.1141E+035
       1900.00  4.8850E+026  4.4203E+026  5.0544E+036  4.5736E+036
       2000.00  3.1418E+027  2.7275E+027  3.6955E+037  3.2082E+037
       2500.00  1.6274E+031  1.1392E+031  3.3439E+041  2.3407E+041
     ================================================================

                     ==============================
                          Thermodynamic Functions
                      (Ideal gas at standard state)
                     ==============================
     T  - Temperature (Kelvin)        G  - Gibbs Free Energy (kcal/mol)
     E  - Thermal Energy (kcal/mol)   H  - Enthalpy (kcal/mol)
     S  - Entropy (cal/(mol-K))
     Cp - Heat Capacity at Constant Pressure (cal/(mol-K))
        -----------------------------------------------------------
        Zero of energy is set to potential energy of global minimum
        -----------------------------------------------------------

               Contribution from electronic P.F. 
     ================================================================
                  T          G          E          S
                100.00      -0.138      0.000      1.377
                200.00      -0.275      0.000      1.377
                298.15      -0.411      0.000      1.377
                300.00      -0.413      0.000      1.377
                500.00      -0.689      0.000      1.377
                750.00      -1.033      0.000      1.377
               1000.00      -1.377      0.000      1.377
               1100.00      -1.515      0.000      1.377
               1150.00      -1.584      0.000      1.377
               1200.00      -1.653      0.000      1.377
               1250.00      -1.722      0.000      1.377
               1300.00      -1.791      0.000      1.377
               1350.00      -1.860      0.000      1.377
               1400.00      -1.928      0.000      1.377
               1450.00      -1.997      0.000      1.377
               1500.00      -2.066      0.000      1.377
               1550.00      -2.135      0.000      1.377
               1600.00      -2.204      0.000      1.377
               1650.00      -2.273      0.000      1.377
               1700.00      -2.342      0.000      1.377
               1800.00      -2.479      0.000      1.377
               1900.00      -2.617      0.000      1.377
               2000.00      -2.755      0.000      1.377
               2500.00      -3.444      0.000      1.377

               Contribution from translational P.F. 
     ================================================================
                  T          G          E          S
                100.00      -2.982      0.298     34.788
                200.00      -6.653      0.596     38.231
                298.15     -10.509      0.889     40.215
                300.00     -10.583      0.894     40.246
                500.00     -18.908      1.490     42.783
                750.00     -29.872      2.236     44.798
               1000.00     -41.259      2.981     46.227
               1100.00     -45.906      3.279     46.700
               1150.00     -48.246      3.428     46.921
               1200.00     -50.598      3.577     47.133
               1250.00     -52.959      3.726     47.336
               1300.00     -55.331      3.875     47.530
               1350.00     -57.712      4.024     47.718
               1400.00     -60.103      4.173     47.899
               1450.00     -62.502      4.322     48.073
               1500.00     -64.910      4.471     48.241
               1550.00     -67.326      4.620     48.404
               1600.00     -69.750      4.769     48.562
               1650.00     -72.182      4.918     48.715
               1700.00     -74.622      5.067     48.863
               1800.00     -79.522      5.365     49.147
               1900.00     -84.451      5.664     49.416
               2000.00     -89.405      5.962     49.671
               2500.00    -114.528      7.452     50.779

        Contribution from conformational-rovibrational P.F. (MS-LH)
     ================================================================
                  T          G          E          S
                100.00     104.697    108.427     37.297
                200.00     100.253    110.464     51.058
                298.15      94.663    113.357     62.701
                300.00      94.547    113.421     62.914
                500.00      79.702    122.365     85.327
                750.00      55.102    138.302    110.933
               1000.00      24.509    157.806    133.298
               1100.00      10.769    166.322    141.412
               1150.00       3.601    170.704    145.307
               1200.00      -3.760    175.160    149.100
               1250.00     -11.307    179.686    152.795
               1300.00     -19.037    184.276    156.395
               1350.00     -26.945    188.926    159.905
               1400.00     -35.026    193.631    163.327
               1450.00     -43.277    198.388    166.666
               1500.00     -51.692    203.194    169.924
               1550.00     -60.268    208.044    173.105
               1600.00     -69.001    212.937    176.211
               1650.00     -77.888    217.869    179.246
               1700.00     -86.924    222.837    182.213
               1800.00    -105.435    232.876    187.950
               1900.00    -124.506    243.035    193.443
               2000.00    -144.116    253.302    198.709
               2500.00    -249.515    305.860    222.150

        Contribution from conformational-rovibrational P.F. (MS-T)
     ================================================================
                  T          G          E          S
                100.00     104.745    108.461     37.157
                200.00     100.281    110.587     51.530
                298.15      94.631    113.536     63.410
                300.00      94.513    113.601     63.625
                500.00      79.519    122.545     86.052
                750.00      54.770    138.294    111.366
               1000.00      24.118    157.435    133.317
               1100.00      10.386    165.758    141.247
               1150.00       3.228    170.034    145.048
               1200.00      -4.117    174.378    148.746
               1250.00     -11.644    178.785    152.343
               1300.00     -19.350    183.250    155.846
               1350.00     -27.227    187.769    159.256
               1400.00     -35.274    192.337    162.579
               1450.00     -43.484    196.952    165.818
               1500.00     -51.854    201.609    168.976
               1550.00     -60.380    206.307    172.056
               1600.00     -69.058    211.041    175.062
               1650.00     -77.885    215.809    177.997
               1700.00     -86.857    220.610    180.863
               1800.00    -105.222    230.298    186.400
               1900.00    -124.129    240.090    191.694
               2000.00    -143.554    249.974    196.764
               2500.00    -247.743    300.427    219.268

     Total (Translational + Electronic + conformational-rovib.(MS-LH))
     ======================================================================
              T          G          E          H          S          Cp
            100.00     101.577    108.725    108.923     73.462     20.572
            200.00      93.325    111.061    111.458     90.667     29.809
            298.15      83.744    114.246    114.839    104.293     39.317
            300.00      83.550    114.315    114.911    104.537     39.508
            500.00      60.106    123.856    124.849    129.487     59.272
            750.00      24.197    140.538    142.028    157.108     76.856
           1000.00     -18.128    160.787    162.774    180.902     88.347
           1100.00     -36.651    169.601    171.787    189.490     91.820
           1150.00     -46.229    174.132    176.417    193.606     93.368
           1200.00     -56.010    178.737    181.122    197.610     94.805
           1250.00     -65.989    183.412    185.896    201.508     96.139
           1300.00     -76.159    188.151    190.734    205.303     97.379
           1350.00     -86.517    192.950    195.633    209.000     98.532
           1400.00     -97.058    197.804    200.586    212.603     99.606
           1450.00    -107.776    202.711    205.592    216.116    100.606
           1500.00    -118.668    207.665    210.646    219.542    101.539
           1550.00    -129.729    212.665    215.745    222.886    102.409
           1600.00    -140.955    217.706    220.886    226.151    103.222
           1650.00    -152.343    222.787    226.066    229.339    103.982
           1700.00    -163.888    227.905    231.283    232.453    104.693
           1800.00    -187.436    238.241    241.818    238.475    105.983
           1900.00    -211.574    248.699    252.475    244.236    107.119
           2000.00    -236.276    259.263    263.238    249.757    108.122
           2500.00    -367.486    313.312    318.280    274.306    111.714

     Total (Translational + Electronic + conformational-rovib.(MS-T))
     ======================================================================
              T          G          E          H          S          Cp
            100.00     101.625    108.759    108.957     73.322     21.350
            200.00      93.353    111.183    111.580     91.138     30.597
            298.15      83.712    114.425    115.018    105.002     39.693
            300.00      83.517    114.495    115.091    105.248     39.877
            500.00      59.922    124.035    125.029    130.213     58.915
            750.00      23.865    140.530    142.020    157.541     75.742
           1000.00     -18.518    160.416    162.403    180.921     86.555
           1100.00     -37.035    169.037    171.223    189.325     89.763
           1150.00     -46.602    173.462    175.747    193.347     91.183
           1200.00     -56.367    177.955    180.340    197.256     92.492
           1250.00     -66.326    182.511    184.995    201.056     93.702
           1300.00     -76.471    187.125    189.708    204.753     94.820
           1350.00     -86.799    191.793    194.475    208.352     95.855
           1400.00     -97.305    196.510    199.292    211.855     96.813
           1450.00    -107.983    201.274    204.156    215.268     97.701
           1500.00    -118.830    206.081    209.061    218.594     98.525
           1550.00    -129.842    210.927    214.007    221.838     99.290
           1600.00    -141.013    215.810    218.990    225.001    100.002
           1650.00    -152.340    220.728    224.006    228.089    100.665
           1700.00    -163.821    225.677    229.055    231.103    101.282
           1800.00    -187.224    235.663    239.240    236.925    102.396
           1900.00    -211.197    245.754    249.530    242.488    103.369
           2000.00    -235.714    255.936    259.910    247.812    104.223
           2500.00    -365.715    307.879    312.847    271.425    107.233

                        --------------------------------
                         Zero of energy is set to ZPE
                        --------------------------------

     Total (Translational + Electronic + conformational-rovib.(MS-LH))
     ======================================================================
              T          G          E          H          S          Cp
            100.00      -5.947      1.201      1.400     73.462     20.572
            200.00     -14.199      3.537      3.934     90.667     29.809
            298.15     -23.780      6.722      7.315    104.293     39.317
            300.00     -23.973      6.791      7.388    104.537     39.508
            500.00     -47.418     16.332     17.326    129.487     59.272
            750.00     -83.327     33.014     34.504    157.108     76.856
           1000.00    -125.652     53.263     55.251    180.902     88.347
           1100.00    -144.175     62.077     64.263    189.490     91.820
           1150.00    -153.753     66.608     68.894    193.606     93.368
           1200.00    -163.534     71.214     73.598    197.610     94.805
           1250.00    -173.512     75.888     78.372    201.508     96.139
           1300.00    -183.683     80.627     83.211    205.303     97.379
           1350.00    -194.041     85.426     88.109    209.000     98.532
           1400.00    -204.581     90.280     93.063    212.603     99.606
           1450.00    -215.300     95.187     98.068    216.116    100.606
           1500.00    -226.192    100.141    103.122    219.542    101.539
           1550.00    -237.253    105.141    108.221    222.886    102.409
           1600.00    -248.479    110.182    113.362    226.151    103.222
           1650.00    -259.866    115.263    118.542    229.339    103.982
           1700.00    -271.411    120.381    123.759    232.453    104.693
           1800.00    -294.960    130.717    134.294    238.475    105.983
           1900.00    -319.098    141.175    144.951    244.236    107.119
           2000.00    -343.799    151.739    155.714    249.757    108.122
           2500.00    -475.010    205.788    210.756    274.306    111.714

     Total (Translational + Electronic + conformational-rovib.(MS-T))
     ======================================================================
              T          G          E          H          S          Cp
            100.00      -5.898      1.235      1.434     73.322     21.350
            200.00     -14.171      3.659      4.056     91.138     30.597
            298.15     -23.812      6.901      7.494    105.002     39.693
            300.00     -24.007      6.971      7.567    105.248     39.877
            500.00     -47.602     16.511     17.505    130.213     58.915
            750.00     -83.659     33.006     34.497    157.541     75.742
           1000.00    -126.042     52.892     54.879    180.921     86.555
           1100.00    -144.558     61.513     63.699    189.325     89.763
           1150.00    -154.126     65.938     68.223    193.347     91.183
           1200.00    -163.891     70.431     72.816    197.256     92.492
           1250.00    -173.850     74.987     77.471    201.056     93.702
           1300.00    -183.995     79.601     82.184    204.753     94.820
           1350.00    -194.323     84.269     86.952    208.352     95.855
           1400.00    -204.829     88.987     91.769    211.855     96.813
           1450.00    -215.507     93.750     96.632    215.268     97.701
           1500.00    -226.354     98.557    101.538    218.594     98.525
           1550.00    -237.365    103.403    106.483    221.838     99.290
           1600.00    -248.537    108.286    111.466    225.001    100.002
           1650.00    -259.864    113.204    116.483    228.089    100.665
           1700.00    -271.344    118.153    121.531    231.103    101.282
           1800.00    -294.748    128.140    131.717    236.925    102.396
           1900.00    -318.721    138.230    142.006    242.488    103.369
           2000.00    -343.238    148.412    152.386    247.812    104.223
           2500.00    -473.239    200.355    205.323    271.425    107.233

 ==============================End of MSTor output==============================
