
 *******************************************************************************

   MSTor program version 2013 (2013)

   Jingjing Zheng, Steven L. Mielke, and Donald G. Truhlar

   Department of Chemistry and Supercomputing Institute
   University of Minnesota, Minneapolis, Minnesota, USA

   Copyright 2013
   Donald G. Truhlar and Regents of the University of Minnesota

   Citations: 
   MS-T(U) method
     J. Zheng, T. Yu, E. Papajak, I. M. Alecu, S. L. Mielke, and D. G. Truhlar,
     Phys. Chem. Chem. Phys. 13, 10885-10907 (2011).
   MS-T(C) method
     J. Zheng and D. G. Truhlar, J. Chem. Theory Comput., DOI: 10.1021/ct3010722.
   MSTor program
     J. Zheng, S. L. Mielke, K. L Clarkson, and D. G. Truhlar,
     Comp. Phys. Comm. 183, 1803-1812 (2012).
     J. Zheng, R. Meana-Paneda, and D. G. Truhlar, Comp. Phys. Comm.
     to be published as new version announcement.

 *******************************************************************************

                    Naming conventions for the MS methods
   -----------------------------------------------------------------------------
   Common name        Original or other names
   -----------------------------------------------------------------------------
   MS-LH         =    MS-HO (ref. 1)   =   MS-AS-HO (ref. 2)
   MS-T          =    MS-AS (ref. 1)   =   MS-AS-T  (ref. 2)
   -----------------------------------------------------------------------------
   Ref. 1: J. Zheng, T. Yu, E. Papajak, I. M. Alecu, S. L. Mielke, and
           D. G. Truhlar, Phys. Chem. Chem. Phys. 13, 10885 (2011).
   Ref. 2: T. Yu, J. Zheng, and D. G. Truhlar, Chem. Sci. 2, 2199 (2011)

   Calculation run on 02/01/2022 at 11:20:20  

   Number of structures:            11
   Number of torsions:               6
   Method:                           MS-T(C)
   Frequency scaling factor:         0.964
   Delta T for finite difference:    0.5 K
   Internal coordinates
     Bonds:         01-02  01-20  02-03  02-16  02-17  03-14  04-12  04-13  05-06
     Bonds:         05-08  06-07  07-10  07-11  18-21  01-19  03-15  07-09  03-04
     Bonds:         04-05  01-18
     Angles:        01-02-03  02-03-04  02-03-14  03-04-13  04-05-06  05-04-12
     Angles:        05-06-07  06-05-08  06-07-11  10-07-11  12-04-13  14-03-15
     Angles:        18-01-19  16-02-17  02-01-19  18-01-20  01-02-16  09-07-11
     Linear Angles: 01=18=21
     Dihedrals:     01-03-16-02  02-04-14-03  02-18-19-01  03-05-12-04
     Dihedrals:     03-05-13-04  03-16-17-02  04-06-08-05  04-14-15-03
     Dihedrals:     06-09-11-07  06-10-11-07  18-19-20-01  04-03-02-01
     Dihedrals:     05-04-03-02  06-05-04-03  07-06-05-04  03-02-01-18
     Dihedrals:     09-07-06-05

   All moment output uses units of amu for masses and Angstroms for distances 

                           ==========================
                                Structure   1
                           ==========================

   Normal-mode Frequencies (cm-1) 
   (Overall translation and rotation projected out)
    1294.8633i      0.0000i      0.0000i      0.0000i      0.0000i      0.0000 
       0.0001      36.4262      61.4552      97.2376     138.2227     161.7325 
     177.1906     212.3716     239.4682     273.4590     336.3196     369.6892 
     514.1459     567.9588     580.5803     651.3268     741.8989     839.1631 
     859.7024     917.3688     934.6044    1015.1089    1044.3627    1060.3794 
    1099.3887    1114.7432    1164.0285    1173.5563    1183.7497    1191.7509 
    1205.7310    1224.6194    1260.7843    1299.7918    1306.9802    1387.7481 
    1399.7278    1433.3358    1436.1489    1451.0382    1459.8821    1461.2745 
    1463.8362    1477.6312    1697.0380    1823.4121    2982.7797    3014.8621 
    3020.4576    3022.6067    3028.6720    3059.0226    3061.5264    3071.5439 
    3113.1786    3146.3519    3146.7285 
   Torsion-projected frequencies/non-torsional frequencies (cm-1)
    1294.8311i    207.5333     238.1323     272.7556     335.8828     369.4197 
     513.8604     566.7380     578.1216     650.9444     741.5735     839.1368 
     859.6718     917.3602     934.5755    1015.0961    1044.3552    1060.3716 
    1099.3755    1114.7389    1163.7181    1173.5457    1183.7257    1191.7502 
    1205.7150    1224.6041    1260.7790    1299.7649    1306.9782    1387.7447 
    1399.7248    1433.3270    1436.1437    1451.0309    1459.8761    1461.2635 
    1463.7541    1477.6312    1697.0211    1823.4113    2982.7732    3014.8620 
    3020.4570    3022.6014    3028.6720    3059.0225    3061.5249    3071.5427 
    3113.1698    3146.3518    3146.7285 
   Product of consistently coupled torsional frequencies (in cm-1^ntor)  8.9906E+11
   Primitively coupled torsional frequencies (cm-1) (Not used)
      39.6556      69.9243     104.3779     141.0168     172.4114     187.1617 
   Product of primitively coupled torsional frequencies (in cm-1^ntor)   1.3170E+12
   Effective coupled torsional barrier (kcal/mol)
        1.090        1.510        3.160        4.318        8.453        9.051 

   D matrix: 
   m-n        1             2             3             4             5
    1   2.750068E+01  5.673966E-01 -4.181761E+00 -1.566639E-01  4.943812E+00
    2   5.673966E-01  2.584138E+01  6.838180E+00  5.540110E+00  5.652188E+00
    3  -4.181761E+00  6.838180E+00  4.292034E+01 -1.275575E+01 -4.250213E-01
    4  -1.566639E-01  5.540110E+00 -1.275575E+01  1.758748E+01  1.532278E+00
    5   4.943812E+00  5.652188E+00 -4.250213E-01  1.532278E+00  7.837970E+00
    6  -2.851982E-01  8.951877E-01  2.275934E+00  1.404445E+00  8.354227E-02
   m-n        6
    1  -2.851982E-01
    2   8.951877E-01
    3   2.275934E+00
    4   1.404445E+00
    5   8.354227E-02
    6   3.111028E+00

   Eigenvalues of D matrix:
     4.9742E+01    3.1094E+01    2.7204E+01    9.0745E+00    5.1719E+00    2.5127E+00
   Determinant of D matrix  3.775650E+029

          Uncoupled force constants (au), Pitzer moment of inertia (amu A^2),
   uncoupled torsional frequencies (cm-1), and uncoupled torsional barrier (kcal/mol)
   --------------------------------------------------------------------------------
   Torsion               1             2             3             4             5
   Force constant   2.12788E-02  4.44630E-02  1.14982E-02  4.46125E-02  1.88853E-02
   Moment          27.501       25.841       42.920       17.587        7.838
   Tor. Freq.        75.667      112.836       44.523      137.004      133.526
   Rot. barrier       4.001        8.360        2.162        8.388        3.551
   M_j,tau            2.584        2.584        2.584        2.584        2.584

   Torsion               6
   Force constant   8.03555E-03
   Moment           3.111
   Tor. Freq.       138.249
   Rot. barrier       1.121
   M_j,tau            3.000
   --------------------------------------------------------------------------------
   Potential Energy =   0.000 kcal/mol
   Weight =  2
   Overall rotational symmetry number =   1

                           ==========================
                                Structure   2
                           ==========================

   Normal-mode Frequencies (cm-1) 
   (Overall translation and rotation projected out)
    1291.3660i      0.0000i      0.0000i      0.0000       0.0000       0.0000 
       0.0001      35.5560      75.1099      88.7027     132.4977     143.6046 
     170.5034     203.5074     220.9627     292.7992     339.5470     360.8543 
     514.2569     559.8066     580.3817     651.9393     739.4216     843.3213 
     857.1416     917.6770     938.7028    1013.8804    1051.3768    1063.8266 
    1073.4542    1124.2496    1164.1562    1172.2575    1174.1960    1191.6353 
    1204.2495    1242.6368    1270.8836    1290.3983    1310.9615    1372.5298 
    1395.8799    1432.8129    1441.8067    1454.6682    1460.4846    1464.0333 
    1470.3725    1477.6264    1721.3644    1824.4706    2997.4174    3013.1827 
    3020.4956    3028.9979    3050.9613    3055.0546    3063.9899    3075.0816 
    3113.6821    3142.1414    3147.0820 
   Torsion-projected frequencies/non-torsional frequencies (cm-1)
    1291.3657i    195.5957     218.6820     291.9285     339.4602     360.7186 
     514.2364     558.0445     577.9417     651.5752     738.8880     843.3049 
     857.1171     917.6489     938.6844    1013.8685    1051.3696    1063.8217 
    1073.4406    1124.2417    1163.8419    1172.2554    1174.1914    1191.6340 
    1204.2389    1242.6157    1270.8475    1290.3899    1310.9021    1372.5294 
    1395.8775    1432.8025    1441.8046    1454.6669    1460.4845    1463.9536 
    1470.3656    1477.6264    1721.3644    1824.4701    2997.4168    3013.1826 
    3020.4954    3028.9979    3050.9542    3055.0533    3063.9859    3075.0795 
    3113.6733    3142.1384    3147.0820 
   Product of consistently coupled torsional frequencies (in cm-1^ntor)  8.1844E+11
   Primitively coupled torsional frequencies (cm-1) (Not used)
      39.0551      87.1252      93.3716     139.4243     152.2857     185.1679 
   Product of primitively coupled torsional frequencies (in cm-1^ntor)   1.2491E+12
   Effective coupled torsional barrier (kcal/mol)
        1.108        1.458        2.837        4.049        7.971        8.494 

   D matrix: 
   m-n        1             2             3             4             5
    1   2.165106E+01 -3.144200E+00 -3.476470E+00 -1.209122E+00  6.633322E-01
    2  -3.144200E+00  2.634004E+01  7.772235E+00  5.619668E+00  5.820171E+00
    3  -3.476470E+00  7.772235E+00  4.418731E+01 -1.273129E+01  1.480867E+00
    4  -1.209122E+00  5.619668E+00 -1.273129E+01  1.766772E+01  1.224496E+00
    5   6.633322E-01  5.820171E+00  1.480867E+00  1.224496E+00  7.454030E+00
    6  -3.158446E-01  9.669371E-01  2.368927E+00  1.410157E+00  1.982112E-01
   m-n        6
    1  -3.158446E-01
    2   9.669371E-01
    3   2.368927E+00
    4   1.410157E+00
    5   1.982112E-01
    6   3.118375E+00

   Eigenvalues of D matrix:
     5.1114E+01    3.1264E+01    2.0685E+01    9.2299E+00    5.6096E+00    2.5166E+00
   Determinant of D matrix  3.277408E+029

          Uncoupled force constants (au), Pitzer moment of inertia (amu A^2),
   uncoupled torsional frequencies (cm-1), and uncoupled torsional barrier (kcal/mol)
   --------------------------------------------------------------------------------
   Torsion               1             2             3             4             5
   Force constant   2.21957E-02  4.01770E-02  1.13150E-02  4.45073E-02  1.53218E-02
   Moment          21.651       26.340       44.187       17.668        7.454
   Tor. Freq.        87.096      106.239       43.529      136.531      123.329
   Rot. barrier       4.119        7.456        2.100        8.259        2.843
   M_j,tau            2.601        2.601        2.601        2.601        2.601

   Torsion               6
   Force constant   8.17756E-03
   Moment           3.118
   Tor. Freq.       139.301
   Rot. barrier       1.140
   M_j,tau            3.000
   --------------------------------------------------------------------------------
   Potential Energy =   0.320 kcal/mol
   Weight =  2
   Overall rotational symmetry number =   1

                           ==========================
                                Structure   3
                           ==========================

   Normal-mode Frequencies (cm-1) 
   (Overall translation and rotation projected out)
    1299.3289i      0.0000i      0.0000i      0.0000i      0.0000       0.0000 
       0.0001      46.5949      55.6153     121.6434     140.5938     168.6115 
     184.7095     251.1916     268.9582     323.1523     335.7572     397.5644 
     479.0544     576.5918     586.6207     660.8256     766.5383     831.2770 
     859.9267     920.3139     951.9058     974.5241    1041.9842    1052.7459 
    1083.8367    1129.2942    1163.9464    1175.3757    1190.8029    1193.0050 
    1196.3698    1218.7848    1262.8421    1286.6167    1350.6123    1377.9925 
    1401.0531    1433.5527    1438.4181    1451.9785    1460.5913    1461.4645 
    1463.8128    1477.1403    1676.6915    1821.2136    2983.0452    3009.1940 
    3023.9480    3028.1522    3045.8363    3053.4774    3064.7008    3078.5488 
    3112.6116    3138.6378    3145.9700 
   Torsion-projected frequencies/non-torsional frequencies (cm-1)
    1299.2395i    186.1304     266.6893     316.2181     335.1564     395.8366 
     479.0051     575.1867     585.5154     660.6816     766.4539     831.2355 
     859.8334     920.2973     951.8552     974.4690    1041.9563    1052.7423 
    1083.7938    1129.2833    1163.6305    1175.3353    1190.7950    1193.0005 
    1196.3411    1218.7147    1262.8392    1286.5994    1350.6109    1377.9893 
    1401.0489    1433.5491    1438.3715    1451.9519    1460.5565    1461.4618 
    1463.7429    1477.1393    1676.6713    1821.2121    2983.0427    3009.1939 
    3023.9437    3028.1521    3045.8328    3053.4742    3064.6962    3078.5412 
    3112.6026    3138.6377    3145.9700 
   Product of consistently coupled torsional frequencies (in cm-1^ntor)  1.9426E+12
   Primitively coupled torsional frequencies (cm-1) (Not used)
      49.1690      60.3090     133.1297     146.7460     180.3131     257.1418 
   Product of primitively coupled torsional frequencies (in cm-1^ntor)   2.6861E+12
   Effective coupled torsional barrier (kcal/mol)
        1.106        2.450        5.144        7.427        8.445       11.671 

   D matrix: 
   m-n        1             2             3             4             5
    1   3.373692E+01  2.687380E+01 -6.062638E+00  7.082147E+00  3.808151E+00
    2   2.687380E+01  4.695829E+01  8.075775E+00  9.762374E+00  4.504217E-01
    3  -6.062638E+00  8.075775E+00  4.193976E+01 -1.150712E+01  2.180053E+00
    4   7.082147E+00  9.762374E+00 -1.150712E+01  1.801926E+01 -3.324310E-01
    5   3.808151E+00  4.504217E-01  2.180053E+00 -3.324310E-01  7.969530E+00
    6   9.880244E-02  1.317985E+00  2.288713E+00  1.537458E+00  1.328668E-01
   m-n        6
    1   9.880244E-02
    2   1.317985E+00
    3   2.288713E+00
    4   1.537458E+00
    5   1.328668E-01
    6   3.122525E+00

   Eigenvalues of D matrix:
     7.0911E+01    4.8810E+01    1.5320E+01    9.2826E+00    4.9295E+00    2.4932E+00
   Determinant of D matrix  4.603217E+029

          Uncoupled force constants (au), Pitzer moment of inertia (amu A^2),
   uncoupled torsional frequencies (cm-1), and uncoupled torsional barrier (kcal/mol)
   --------------------------------------------------------------------------------
   Torsion               1             2             3             4             5
   Force constant   2.84558E-02  4.80388E-02  1.61048E-02  4.30700E-02  4.52322E-02
   Moment          33.737       46.958       41.940       18.019        7.970
   Tor. Freq.        79.002       87.005       53.305      132.992      204.933
   Rot. barrier       5.522        9.323        3.125        8.359        8.778
   M_j,tau            2.543        2.543        2.543        2.543        2.543

   Torsion               6
   Force constant   8.15222E-03
   Moment           3.123
   Tor. Freq.       138.992
   Rot. barrier       1.137
   M_j,tau            3.000
   --------------------------------------------------------------------------------
   Potential Energy =   0.332 kcal/mol
   Weight =  2
   Overall rotational symmetry number =   1

                           ==========================
                                Structure   4
                           ==========================

   Normal-mode Frequencies (cm-1) 
   (Overall translation and rotation projected out)
    1283.1585i      0.0001i      0.0000i      0.0000i      0.0000       0.0000 
       0.0000      30.1178      60.8545      97.5992     120.4210     134.8002 
     142.6300     180.7320     217.8351     288.9390     315.6578     362.1648 
     487.3968     558.9054     578.5623     699.7715     719.0717     793.8052 
     909.0430     922.4370     930.7424    1030.1979    1046.9034    1069.1077 
    1096.3504    1110.0076    1164.0989    1169.8525    1171.8511    1190.4693 
    1216.6889    1218.5522    1277.6752    1290.4798    1304.0760    1352.0324 
    1405.1874    1435.3420    1443.4879    1459.3606    1463.1532    1463.6679 
    1475.1971    1478.0201    1728.0776    1826.8063    2992.9083    3013.1717 
    3024.0907    3028.4359    3033.8916    3052.1429    3057.1941    3076.2244 
    3112.8650    3144.1629    3146.2442 
   Torsion-projected frequencies/non-torsional frequencies (cm-1)
    1283.1585i     97.5992     217.8351     288.9390     315.6578     362.1648 
     487.3968     557.1534     575.6516     699.7715     718.2422     793.6830 
     909.0430     922.2536     930.7424    1030.1979    1046.9034    1069.1077 
    1096.3504    1109.9741    1163.7974    1169.8444    1171.8511    1190.4693 
    1216.6889    1218.5091    1277.6752    1290.4322    1304.0539    1352.0324 
    1405.1874    1435.3420    1443.4879    1459.3606    1463.1532    1463.5873 
    1475.1971    1478.0201    1728.0776    1826.8063    2992.9083    3013.1717 
    3024.0907    3028.4359    3033.8885    3052.1382    3057.1941    3076.2234 
    3112.8563    3144.1605    3146.2442 
   Product of consistently coupled torsional frequencies (in cm-1^ntor)  7.7474E+11
   Primitively coupled torsional frequencies (cm-1) (Not used)
      34.4786      66.6778     125.8206     138.7797     151.2401     187.5288 
   Product of primitively coupled torsional frequencies (in cm-1^ntor)   1.1385E+12
   Effective coupled torsional barrier (kcal/mol)
        0.735        1.094        2.411        2.760        3.897        7.034 

   D matrix: 
   m-n        1             2             3             4             5
    1   1.933264E+01 -4.973569E+00  1.493775E+01 -5.399261E+00 -2.374929E-01
    2  -4.973569E+00  2.451608E+01 -4.410912E+00  9.258934E+00  6.296214E+00
    3   1.493775E+01 -4.410912E+00  2.926169E+01 -1.211937E+01  1.070168E+00
    4  -5.399261E+00  9.258934E+00 -1.211937E+01  1.838783E+01  1.323422E+00
    5  -2.374929E-01  6.296214E+00  1.070168E+00  1.323422E+00  7.654764E+00
    6   7.072153E-01  3.217383E-01  1.328389E+00  1.508188E+00  1.757919E-01
   m-n        6
    1   7.072153E-01
    2   3.217383E-01
    3   1.328389E+00
    4   1.508188E+00
    5   1.757919E-01
    6   3.049739E+00

   Eigenvalues of D matrix:
     5.0159E+01    2.5333E+01    1.2500E+01    2.4702E+00    6.5041E+00    5.2365E+00
   Determinant of D matrix  1.016832E+029

          Uncoupled force constants (au), Pitzer moment of inertia (amu A^2),
   uncoupled torsional frequencies (cm-1), and uncoupled torsional barrier (kcal/mol)
   --------------------------------------------------------------------------------
   Torsion               1             2             3             4             5
   Force constant   2.32072E-02  1.78964E-02  5.31889E-03  4.37455E-02  1.59515E-02
   Moment          19.333       24.516       29.262       18.388        7.655
   Tor. Freq.        94.248       73.496       36.675      132.680      124.177
   Rot. barrier       3.676        2.835        0.842        6.929        2.527
   M_j,tau            2.815        2.815        2.815        2.815        2.815

   Torsion               6
   Force constant   8.05696E-03
   Moment           3.050
   Tor. Freq.       139.817
   Rot. barrier       1.124
   M_j,tau            3.000
   --------------------------------------------------------------------------------
   Potential Energy =   0.452 kcal/mol
   Weight =  1
   Overall rotational symmetry number =   1

                           ==========================
                                Structure   5
                           ==========================

   Normal-mode Frequencies (cm-1) 
   (Overall translation and rotation projected out)
    1315.9298i      0.0000i      0.0000i      0.0000i      0.0000i      0.0000i
       0.0000      34.4550      62.0967      93.5400     138.7577     155.1822 
     173.0754     208.4329     242.9146     282.9032     322.0884     368.7406 
     514.1280     570.5810     580.0616     650.8096     746.1839     840.7119 
     852.2080     917.0990     928.4738    1015.8725    1046.6576    1069.4845 
    1084.2910    1124.3239    1162.9311    1164.6995    1184.7718    1188.7704 
    1193.3103    1243.1852    1257.2322    1288.7571    1312.5053    1388.8069 
    1399.0394    1433.1460    1436.4456    1452.3647    1459.9624    1461.8142 
    1463.8793    1477.7367    1697.8038    1826.0613    2953.7473    3009.4238 
    3019.2729    3028.6218    3043.6781    3055.4085    3060.4602    3071.9456 
    3113.1198    3143.1183    3146.4633 
   Torsion-projected frequencies/non-torsional frequencies (cm-1)
    1315.9072i    203.1159     241.7008     281.7127     322.0120     368.6484 
     513.8749     569.2086     577.5675     650.4082     745.8670     840.6826 
     852.1871     917.0906     928.4476    1015.8696    1046.6538    1069.4697 
    1084.2798    1124.3173    1162.8104    1164.4929    1184.7595    1188.7655 
    1193.3082    1243.1622    1257.2268    1288.7439    1312.4922    1388.8043 
    1399.0369    1433.1373    1436.4410    1452.3568    1459.9597    1461.8037 
    1463.7976    1477.7367    1697.7932    1826.0607    2953.7472    3009.4235 
    3019.2727    3028.6218    3043.6737    3055.4080    3060.4582    3071.9442 
    3113.1110    3143.1181    3146.4633 
   Product of consistently coupled torsional frequencies (in cm-1^ntor)  7.7969E+11
   Primitively coupled torsional frequencies (cm-1) (Not used)
      38.1632      69.0753     101.3441     141.5846     165.4558     184.5467 
   Product of primitively coupled torsional frequencies (in cm-1^ntor)   1.1550E+12
   Effective coupled torsional barrier (kcal/mol)
        1.101        1.374        2.992        4.275        7.692        8.498 

   D matrix: 
   m-n        1             2             3             4             5
    1   2.819623E+01  3.808750E-01 -3.674477E+00 -4.051705E-01  5.144422E+00
    2   3.808750E-01  2.480376E+01  8.328923E+00  4.811497E+00  4.844719E+00
    3  -3.674477E+00  8.328923E+00  4.362659E+01 -1.262474E+01  2.289161E+00
    4  -4.051705E-01  4.811497E+00 -1.262474E+01  1.738266E+01  4.682658E-01
    5   5.144422E+00  4.844719E+00  2.289161E+00  4.682658E-01  7.583033E+00
    6  -2.647363E-01  9.531300E-01  2.337443E+00  1.397665E+00  2.095587E-01
   m-n        6
    1  -2.647363E-01
    2   9.531300E-01
    3   2.337443E+00
    4   1.397665E+00
    5   2.095587E-01
    6   3.115233E+00

   Eigenvalues of D matrix:
     5.0847E+01    3.0157E+01    2.7117E+01    8.8390E+00    5.2346E+00    2.5135E+00
   Determinant of D matrix  3.679624E+029

          Uncoupled force constants (au), Pitzer moment of inertia (amu A^2),
   uncoupled torsional frequencies (cm-1), and uncoupled torsional barrier (kcal/mol)
   --------------------------------------------------------------------------------
   Torsion               1             2             3             4             5
   Force constant   2.25904E-02  3.78936E-02  1.05414E-02  4.42127E-02  1.71291E-02
   Moment          28.196       24.804       43.627       17.383        7.583
   Tor. Freq.        76.997      106.324       42.284      137.189      129.286
   Rot. barrier       4.233        7.100        1.975        8.284        3.209
   M_j,tau            2.588        2.588        2.588        2.588        2.588

   Torsion               6
   Force constant   8.11783E-03
   Moment           3.115
   Tor. Freq.       138.861
   Rot. barrier       1.132
   M_j,tau            3.000
   --------------------------------------------------------------------------------
   Potential Energy =   0.453 kcal/mol
   Weight =  2
   Overall rotational symmetry number =   1

                           ==========================
                                Structure   6
                           ==========================

   Normal-mode Frequencies (cm-1) 
   (Overall translation and rotation projected out)
    1311.9139i      0.0000i      0.0000i      0.0000       0.0000       0.0000 
       0.0001      26.6270      63.1843      99.9919     106.0826     137.0639 
     155.3338     181.4000     242.6308     288.4083     313.3580     358.0565 
     482.1496     568.6209     579.2782     699.4863     719.0795     808.4041 
     892.7843     922.0700     924.4172    1031.4559    1054.9512    1077.7836 
    1088.8250    1123.2646    1158.4360    1164.3065    1183.2837    1190.6646 
    1194.6509    1224.7596    1267.2488    1290.0208    1302.2793    1368.2048 
    1411.4747    1435.9679    1437.2102    1453.4876    1459.5121    1463.5906 
    1473.1763    1478.1188    1694.5763    1827.5063    2960.4659    3010.9770 
    3013.4646    3022.8334    3028.2838    3050.7032    3059.1421    3074.1240 
    3112.6653    3145.9484    3146.5318 
   Torsion-projected frequencies/non-torsional frequencies (cm-1)
    1311.8722i    104.9750     241.9105     287.9787     313.2242     357.8777 
     481.9086     567.1898     576.3807     699.4613     718.3491     808.3284 
     892.7830     922.0273     924.3736    1031.4540    1054.9396    1077.7777 
    1088.7951    1123.2532    1158.4178    1164.0107    1183.2568    1190.6638 
    1194.6466    1224.7589    1267.2396    1290.0176    1302.2690    1368.2037 
    1411.4741    1435.9642    1437.2085    1453.4769    1459.5119    1463.5100 
    1473.1737    1478.1187    1694.5595    1827.5062    2960.4657    3010.9769 
    3013.4608    3022.8334    3028.2838    3050.6996    3059.1421    3074.1231 
    3112.6566    3145.9484    3146.5317 
   Product of consistently coupled torsional frequencies (in cm-1^ntor)  6.6657E+11
   Primitively coupled torsional frequencies (cm-1) (Not used)
      31.0883      67.7871     112.5027     139.5681     163.0029     187.6655 
   Product of primitively coupled torsional frequencies (in cm-1^ntor)   1.0122E+12
   Effective coupled torsional barrier (kcal/mol)
        0.692        1.095        2.445        2.883        3.806        7.158 

   D matrix: 
   m-n        1             2             3             4             5
    1   2.332619E+01 -2.471968E+00  1.827254E+01 -5.518613E+00  3.232665E+00
    2  -2.471968E+00  2.310565E+01 -2.768747E+00  8.451813E+00  5.315852E+00
    3   1.827254E+01 -2.768747E+00  3.203610E+01 -1.236387E+01  3.590531E+00
    4  -5.518613E+00  8.451813E+00 -1.236387E+01  1.826758E+01  4.367249E-01
    5   3.232665E+00  5.315852E+00  3.590531E+00  4.367249E-01  7.543420E+00
    6   9.413250E-01  3.841561E-01  1.513084E+00  1.480258E+00  2.959232E-01
   m-n        6
    1   9.413250E-01
    2   3.841561E-01
    3   1.513084E+00
    4   1.480258E+00
    5   2.959232E-01
    6   3.061162E+00

   Eigenvalues of D matrix:
     5.3358E+01    2.7312E+01    1.2376E+01    6.8505E+00    4.9720E+00    2.4721E+00
   Determinant of D matrix  1.155590E+029

          Uncoupled force constants (au), Pitzer moment of inertia (amu A^2),
   uncoupled torsional frequencies (cm-1), and uncoupled torsional barrier (kcal/mol)
   --------------------------------------------------------------------------------
   Torsion               1             2             3             4             5
   Force constant   2.16205E-02  1.60966E-02  4.98686E-03  4.37085E-02  1.85007E-02
   Moment          23.326       23.106       32.036       18.268        7.543
   Tor. Freq.        82.816       71.798       33.939      133.060      134.715
   Rot. barrier       3.494        2.601        0.806        7.063        2.989
   M_j,tau            2.787        2.787        2.787        2.787        2.787

   Torsion               6
   Force constant   8.08077E-03
   Moment           3.061
   Tor. Freq.       139.762
   Rot. barrier       1.127
   M_j,tau            3.000
   --------------------------------------------------------------------------------
   Potential Energy =   0.478 kcal/mol
   Weight =  2
   Overall rotational symmetry number =   1

                           ==========================
                                Structure   7
                           ==========================

   Normal-mode Frequencies (cm-1) 
   (Overall translation and rotation projected out)
    1274.7743i      0.0000i      0.0000i      0.0000i      0.0000       0.0000 
       0.0000      53.4955      96.6592     121.6467     145.6847     173.8188 
     211.6939     226.0759     295.2523     307.0626     342.6789     395.9825 
     471.9542     571.4500     603.2612     663.4867     796.7928     815.8620 
     862.0141     926.9857     936.6716     980.0960    1043.1291    1060.9345 
    1092.6547    1121.8114    1163.5213    1175.3578    1180.0425    1193.3105 
    1210.4270    1240.6506    1254.7842    1277.5953    1355.1810    1373.3575 
    1401.4250    1427.5310    1434.6814    1448.5698    1459.5304    1461.2078 
    1463.8185    1476.2719    1682.6366    1822.0517    2971.7608    3008.5740 
    3014.9907    3023.8710    3027.4936    3063.1759    3063.9694    3070.9922 
    3112.2339    3145.7226    3156.4230 
   Torsion-projected frequencies/non-torsional frequencies (cm-1)
    1274.6815i    208.8815     284.6340     299.2910     338.0176     394.5548 
     471.9483     568.7794     603.0277     663.2436     796.6387     815.8339 
     861.9663     926.9668     936.6446     980.0510    1043.1083    1060.9054 
    1092.6331    1121.7934    1163.1793    1175.3395    1180.0282    1193.3077 
    1210.3952    1240.6430    1254.7753    1277.5847    1355.1749    1373.3565 
    1401.4237    1427.5214    1434.6709    1448.5521    1459.5265    1461.2015 
    1463.7604    1476.2682    1682.6216    1822.0465    2971.7607    3008.5693 
    3014.9901    3023.8702    3027.4934    3063.1751    3063.9673    3070.9918 
    3112.2239    3145.7226    3156.4199 
   Product of consistently coupled torsional frequencies (in cm-1^ntor)  3.9771E+12
   Primitively coupled torsional frequencies (cm-1) (Not used)
      56.0415     101.3327     132.6171     149.0818     186.7946     252.0421 
   Product of primitively coupled torsional frequencies (in cm-1^ntor)   5.2859E+12
   Effective coupled torsional barrier (kcal/mol)
        1.160        2.771        7.572        7.967       12.101       21.711 

   D matrix: 
   m-n        1             2             3             4             5
    1   2.709349E+01  1.064308E+01  1.279567E+01 -1.003117E+00  5.085353E+00
    2   1.064308E+01  4.639359E+01  1.121280E+01  8.636907E+00  4.791086E+00
    3   1.279567E+01  1.121280E+01  4.205876E+01 -1.145719E+01 -1.366775E+00
    4  -1.003117E+00  8.636907E+00 -1.145719E+01  1.785300E+01  1.063010E+00
    5   5.085353E+00  4.791086E+00 -1.366775E+00  1.063010E+00  8.243240E+00
    6   8.636510E-01  1.477712E+00  2.310687E+00  1.533181E+00 -1.389110E-02
   m-n        6
    1   8.636510E-01
    2   1.477712E+00
    3   2.310687E+00
    4   1.533181E+00
    5  -1.389110E-02
    6   3.125795E+00

   Eigenvalues of D matrix:
     6.3674E+01    4.2175E+01    2.0515E+01    1.0110E+01    5.7821E+00    2.5118E+00
   Determinant of D matrix  6.155593E+029

          Uncoupled force constants (au), Pitzer moment of inertia (amu A^2),
   uncoupled torsional frequencies (cm-1), and uncoupled torsional barrier (kcal/mol)
   --------------------------------------------------------------------------------
   Torsion               1             2             3             4             5
   Force constant   4.89898E-02  9.05996E-02  2.59414E-02  4.07070E-02  6.41667E-02
   Moment          27.094       46.394       42.059       17.853        8.243
   Tor. Freq.       115.671      120.210       67.558      129.893      240.000
   Rot. barrier       9.438       17.453        4.997        7.842       12.361
   M_j,tau            2.552        2.552        2.552        2.552        2.552

   Torsion               6
   Force constant   8.54102E-03
   Moment           3.126
   Tor. Freq.       142.194
   Rot. barrier       1.191
   M_j,tau            3.000
   --------------------------------------------------------------------------------
   Potential Energy =   0.491 kcal/mol
   Weight =  2
   Overall rotational symmetry number =   1

                           ==========================
                                Structure   8
                           ==========================

   Normal-mode Frequencies (cm-1) 
   (Overall translation and rotation projected out)
    1302.1061i      0.0001i      0.0000i      0.0000i      0.0000       0.0000 
       0.0000      26.4016      61.8443     102.8538     130.7155     138.4394 
     176.1110     206.7765     262.7427     308.9459     325.6340     412.6189 
     434.9377     580.0846     581.2876     696.3269     759.8766     807.6396 
     886.9582     921.7051     939.6280     972.8051    1043.5057    1075.5730 
    1104.9556    1108.1481    1164.1221    1180.1293    1182.1699    1190.6992 
    1206.1247    1227.1913    1249.0955    1295.6792    1334.7151    1361.3702 
    1409.7405    1433.0715    1436.1274    1449.6273    1459.3852    1463.5739 
    1469.6800    1478.0092    1691.7609    1824.3628    2978.1384    3009.7316 
    3017.8895    3026.3884    3027.9806    3053.3902    3057.6692    3077.1985 
    3111.9209    3140.5138    3145.5781 
   Torsion-projected frequencies/non-torsional frequencies (cm-1)
    1301.9833i    155.3386     258.0848     307.7619     317.6933     412.5077 
     434.8347     577.7203     580.3702     696.2489     759.6764     807.4036 
     886.9415     921.6904     939.5413     972.7482    1043.4962    1075.5497 
    1104.9454    1108.1054    1163.8190    1180.1271    1182.1480    1190.6973 
    1206.1034    1227.1335    1249.0726    1295.6431    1334.7147    1361.3606 
    1409.7397    1433.0690    1436.1224    1449.6105    1459.3851    1463.4907 
    1469.6793    1478.0092    1691.7374    1824.3625    2978.1381    3009.7271 
    3017.8890    3026.3860    3027.9803    3053.3899    3057.6591    3077.1956 
    3111.9119    3140.5135    3145.5781 
   Product of consistently coupled torsional frequencies (in cm-1^ntor)  7.5198E+11
   Primitively coupled torsional frequencies (cm-1) (Not used)
      31.9608      64.5318     122.5623     140.4145     183.4031     205.9067 
   Product of primitively coupled torsional frequencies (in cm-1^ntor)   1.3404E+12
   Effective coupled torsional barrier (kcal/mol)
        0.684        1.100        2.568        4.162        6.827        6.987 

   D matrix: 
   m-n        1             2             3             4             5
    1   2.212779E+01  8.590262E+00  1.466333E+01 -6.129614E-01  3.022762E+00
    2   8.590262E+00  3.361918E+01  5.725415E+00  9.478927E+00  1.033668E+00
    3   1.466333E+01  5.725415E+00  2.822093E+01 -8.467440E+00  2.593677E+00
    4  -6.129614E-01  9.478927E+00 -8.467440E+00  1.747804E+01 -2.772078E-01
    5   3.022762E+00  1.033668E+00  2.593677E+00 -2.772078E-01  7.921829E+00
    6   1.016119E+00  1.072451E+00  1.507833E+00  1.709175E+00  1.683203E-01
   m-n        6
    1   1.016119E+00
    2   1.072451E+00
    3   1.507833E+00
    4   1.709175E+00
    5   1.683203E-01
    6   3.076391E+00

   Eigenvalues of D matrix:
     4.7825E+01    3.5565E+01    1.2138E+01    2.4744E+00    7.0371E+00    7.4055E+00
   Determinant of D matrix  2.025722E+029

          Uncoupled force constants (au), Pitzer moment of inertia (amu A^2),
   uncoupled torsional frequencies (cm-1), and uncoupled torsional barrier (kcal/mol)
   --------------------------------------------------------------------------------
   Torsion               1             2             3             4             5
   Force constant   2.68885E-02  1.98919E-02  5.22459E-03  4.38899E-02  3.93761E-02
   Moment          22.128       33.619       28.221       17.478        7.922
   Tor. Freq.        94.824       66.168       37.012      136.314      191.783
   Rot. barrier       4.213        3.117        0.819        6.877        6.170
   M_j,tau            2.830        2.830        2.830        2.830        2.830

   Torsion               6
   Force constant   8.12255E-03
   Moment           3.076
   Tor. Freq.       139.775
   Rot. barrier       1.133
   M_j,tau            3.000
   --------------------------------------------------------------------------------
   Potential Energy =   0.656 kcal/mol
   Weight =  2
   Overall rotational symmetry number =   1

                           ==========================
                                Structure   9
                           ==========================

   Normal-mode Frequencies (cm-1) 
   (Overall translation and rotation projected out)
    1302.0508i      0.0000i      0.0000       0.0000       0.0000       0.0000 
       0.0000      31.8245      45.6596      92.0124     137.7089     157.8902 
     176.1171     233.9539     257.4939     301.3214     349.5383     404.7918 
     480.6582     558.3450     580.3430     656.7275     756.7248     828.2237 
     861.1141     914.9559     950.7671     978.7796    1042.4328    1052.6051 
    1095.0731    1118.8598    1163.9193    1168.1639    1181.6087    1189.1293 
    1193.1980    1209.4671    1259.2461    1295.5012    1351.7140    1370.8944 
    1399.3759    1430.5508    1448.9175    1453.2477    1460.3417    1460.7117 
    1463.9369    1477.6163    1688.1792    1822.8322    2989.0752    3016.1309 
    3024.4350    3028.7307    3041.6742    3061.8207    3068.4808    3080.1776 
    3113.2358    3144.9034    3146.7582 
   Torsion-projected frequencies/non-torsional frequencies (cm-1)
    1302.0177i    190.8682     255.9720     301.2477     348.7421     404.4257 
     480.3113     556.7091     578.0130     656.6616     756.5958     828.1999 
     861.0584     914.9404     950.7419     978.7539    1042.4260    1052.5961 
    1095.0528    1118.8399    1163.6097    1168.1441    1181.5947    1189.1100 
    1193.1943    1209.4524    1259.2440    1295.4840    1351.7130    1370.8910 
    1399.3700    1430.5418    1448.8497    1453.2450    1460.3297    1460.7095 
    1463.8564    1477.6162    1688.1636    1822.8316    2989.0694    3016.1305 
    3024.4335    3028.7306    3041.6701    3061.8188    3068.4789    3080.1755 
    3113.2270    3144.9008    3146.7582 
   Product of consistently coupled torsional frequencies (in cm-1^ntor)  6.3897E+11
   Primitively coupled torsional frequencies (cm-1) (Not used)
      34.1762      53.1818      97.5331     141.0753     172.3970     224.6481 
   Product of primitively coupled torsional frequencies (in cm-1^ntor)   9.6855E+11
   Effective coupled torsional barrier (kcal/mol)
        1.114        1.321        2.064        4.956        8.540        9.036 

   D matrix: 
   m-n        1             2             3             4             5
    1   3.280098E+01  2.314895E+01 -7.774581E+00  6.402803E+00  5.765872E+00
    2   2.314895E+01  4.521464E+01  7.032548E+00  1.001276E+01 -3.027917E-01
    3  -7.774581E+00  7.032548E+00  4.066929E+01 -1.123057E+01  1.548487E-01
    4   6.402803E+00  1.001276E+01 -1.123057E+01  1.813364E+01 -5.007249E-01
    5   5.765872E+00 -3.027917E-01  1.548487E-01 -5.007249E-01  8.096562E+00
    6  -6.015744E-02  1.252377E+00  2.200233E+00  1.561969E+00 -1.567760E-02
   m-n        6
    1  -6.015744E-02
    2   1.252377E+00
    3   2.200233E+00
    4   1.561969E+00
    5  -1.567760E-02
    6   3.116021E+00

   Eigenvalues of D matrix:
     6.6253E+01    4.7563E+01    1.8137E+01    9.0789E+00    4.5014E+00    2.4977E+00
   Determinant of D matrix  4.439278E+029

          Uncoupled force constants (au), Pitzer moment of inertia (amu A^2),
   uncoupled torsional frequencies (cm-1), and uncoupled torsional barrier (kcal/mol)
   --------------------------------------------------------------------------------
   Torsion               1             2             3             4             5
   Force constant   2.43938E-02  4.00234E-02  1.12077E-02  4.48304E-02  1.55216E-02
   Moment          32.801       45.215       40.669       18.134        8.097
   Tor. Freq.        74.183       80.932       45.158      135.254      119.103
   Rot. barrier       4.643        7.619        2.133        8.534        2.955
   M_j,tau            2.568        2.568        2.568        2.568        2.568

   Torsion               6
   Force constant   8.22572E-03
   Moment           3.116
   Tor. Freq.       139.763
   Rot. barrier       1.147
   M_j,tau            3.000
   --------------------------------------------------------------------------------
   Potential Energy =   0.683 kcal/mol
   Weight =  2
   Overall rotational symmetry number =   1

                           ==========================
                                Structure  10
                           ==========================

   Normal-mode Frequencies (cm-1) 
   (Overall translation and rotation projected out)
    1308.8233i      0.0000i      0.0000i      0.0000i      0.0000i      0.0000 
       0.0000      33.4953      55.0666      91.6286     131.9345     148.2064 
     178.9438     205.1730     260.2421     283.5443     345.5416     414.8421 
     480.9158     563.3322     583.1572     656.5929     753.9055     838.1239 
     856.6640     918.4172     946.7639     970.5138    1043.4678    1071.6430 
    1077.6594    1120.5680    1163.6050    1165.5154    1179.4120    1186.2937 
    1192.8213    1240.9317    1264.0777    1291.7295    1333.7581    1364.8433 
    1397.6860    1435.9400    1444.6451    1453.4562    1460.6223    1463.7555 
    1471.5275    1477.5855    1700.0289    1823.8957    3011.3471    3014.3425 
    3023.1450    3028.8603    3051.9340    3060.8576    3067.9590    3076.9734 
    3113.5047    3138.5622    3146.9310 
   Torsion-projected frequencies/non-torsional frequencies (cm-1)
    1308.8043i    184.5504     257.1018     281.3504     344.9248     414.5386 
     480.7608     560.9263     580.7953     656.4752     753.6344     838.0337 
     856.6074     918.3903     946.7390     970.4916    1043.4628    1071.6198 
    1077.6536    1120.5634    1163.3503    1165.4462    1179.4071    1186.2925 
    1192.8202    1240.9079    1264.0684    1291.6985    1333.7568    1364.8383 
    1397.6796    1435.9064    1444.6393    1453.4531    1460.6217    1463.6726 
    1471.4965    1477.5854    1700.0270    1823.8953    3011.3466    3014.3411 
    3023.1443    3028.8603    3051.9338    3060.8539    3067.9557    3076.9710 
    3113.4960    3138.5606    3146.9310 
   Product of consistently coupled torsional frequencies (in cm-1^ntor)  6.7906E+11
   Primitively coupled torsional frequencies (cm-1) (Not used)
      36.1500      59.2775      99.9768     137.9987     161.9778     208.7671 
   Product of primitively coupled torsional frequencies (in cm-1^ntor)   9.9975E+11
   Effective coupled torsional barrier (kcal/mol)
        1.092        1.341        2.171        4.299        7.986        8.316 

   D matrix: 
   m-n        1             2             3             4             5
    1   2.641854E+01  2.163709E+01 -7.590578E+00  6.171180E+00 -6.702224E-02
    2   2.163709E+01  4.669752E+01  6.882070E+00  1.039285E+01 -4.021128E+00
    3  -7.590578E+00  6.882070E+00  4.218288E+01 -1.155682E+01  2.382796E+00
    4   6.171180E+00  1.039285E+01 -1.155682E+01  1.830908E+01 -1.605835E+00
    5  -6.702224E-02 -4.021128E+00  2.382796E+00 -1.605835E+00  7.991725E+00
    6  -7.136075E-02  1.271500E+00  2.286521E+00  1.550929E+00  5.696859E-02
   m-n        6
    1  -7.136075E-02
    2   1.271500E+00
    3   2.286521E+00
    4   1.550929E+00
    5   5.696859E-02
    6   3.121689E+00

   Eigenvalues of D matrix:
     6.4062E+01    4.8972E+01    1.4856E+01    9.1588E+00    5.1725E+00    2.4998E+00
   Determinant of D matrix  4.199986E+029

          Uncoupled force constants (au), Pitzer moment of inertia (amu A^2),
   uncoupled torsional frequencies (cm-1), and uncoupled torsional barrier (kcal/mol)
   --------------------------------------------------------------------------------
   Torsion               1             2             3             4             5
   Force constant   2.42520E-02  3.94183E-02  1.07424E-02  4.48977E-02  1.38181E-02
   Moment          26.419       46.698       42.183       18.309        7.992
   Tor. Freq.        82.419       79.033       43.410      134.705      113.112
   Rot. barrier       4.387        7.130        1.943        8.122        2.500
   M_j,tau            2.634        2.634        2.634        2.634        2.634

   Torsion               6
   Force constant   8.05337E-03
   Moment           3.122
   Tor. Freq.       138.165
   Rot. barrier       1.123
   M_j,tau            3.000
   --------------------------------------------------------------------------------
   Potential Energy =   0.910 kcal/mol
   Weight =  2
   Overall rotational symmetry number =   1

                           ==========================
                                Structure  11
                           ==========================

   Normal-mode Frequencies (cm-1) 
   (Overall translation and rotation projected out)
    1300.0672i      0.0000i      0.0000i      0.0000i      0.0000       0.0000 
       0.0001      27.0663      57.5580      98.6412     105.7324     136.9577 
     167.7945     174.6137     248.3199     277.3050     307.9511     430.0974 
     453.5570     562.5628     580.8500     697.3543     749.7183     790.7944 
     899.9718     919.9531     934.6820     976.3229    1049.5907    1079.4605 
    1090.0021    1120.9988    1163.6769    1164.8527    1175.0490    1191.2107 
    1199.5310    1228.0273    1277.2459    1288.1395    1335.7681    1337.1540 
    1405.4508    1436.2854    1445.3605    1458.9245    1463.1262    1463.5982 
    1470.0971    1478.0071    1706.6363    1826.4458    3000.6956    3012.4119 
    3021.6723    3028.3653    3048.0834    3053.2848    3055.6252    3075.2399 
    3112.7646    3141.9716    3146.1802 
   Torsion-projected frequencies/non-torsional frequencies (cm-1)
    1300.0516i    151.4026     245.3448     276.9318     307.9052     430.0940 
     453.3703     560.8033     577.4902     697.2995     749.5104     790.3620 
     899.9509     919.9406     934.6264     976.2799    1049.5797    1079.4491 
    1089.9836    1120.9907    1163.4830    1164.7379    1175.0468    1191.2097 
    1199.5253    1228.0212    1277.2061    1288.1197    1335.7612    1337.1436 
    1405.4476    1436.2843    1445.3599    1458.9244    1463.1227    1463.5177 
    1470.0959    1478.0071    1706.6339    1826.4458    3000.6955    3012.4116 
    3021.6721    3028.3653    3048.0804    3053.2828    3055.6238    3075.2389 
    3112.7559    3141.9702    3146.1802 
   Product of consistently coupled torsional frequencies (in cm-1^ntor)  4.4127E+11
   Primitively coupled torsional frequencies (cm-1) (Not used)
      32.8627      59.8124     105.9384     139.1808     144.9864     183.3742 
   Product of primitively coupled torsional frequencies (in cm-1^ntor)   7.7053E+11
   Effective coupled torsional barrier (kcal/mol)
        0.674        1.086        2.121        2.394        4.460        6.854 

   D matrix: 
   m-n        1             2             3             4             5
    1   1.850558E+01  6.278722E+00  1.216907E+01 -7.154159E-01  8.000061E-01
    2   6.278722E+00  3.573532E+01  4.767353E+00  1.017292E+01 -2.461018E+00
    3   1.216907E+01  4.767353E+00  2.642691E+01 -8.368580E+00  3.956064E-01
    4  -7.154159E-01  1.017292E+01 -8.368580E+00  1.763990E+01 -6.977854E-01
    5   8.000061E-01 -2.461018E+00  3.956064E-01 -6.977854E-01  7.935949E+00
    6   8.269403E-01  1.056018E+00  1.382990E+00  1.729338E+00 -2.236611E-02
   m-n        6
    1   8.269403E-01
    2   1.056018E+00
    3   1.382990E+00
    4   1.729338E+00
    5  -2.236611E-02
    6   3.068991E+00

   Eigenvalues of D matrix:
     4.3732E+01    3.6400E+01    1.2227E+01    2.4738E+00    6.9977E+00    7.4819E+00
   Determinant of D matrix  1.918239E+029

          Uncoupled force constants (au), Pitzer moment of inertia (amu A^2),
   uncoupled torsional frequencies (cm-1), and uncoupled torsional barrier (kcal/mol)
   --------------------------------------------------------------------------------
   Torsion               1             2             3             4             5
   Force constant   2.57789E-02  1.71796E-02  5.05615E-03  4.35813E-02  1.46873E-02
   Moment          18.506       35.735       26.427       17.640        7.936
   Tor. Freq.       101.528       59.643       37.626      135.210      117.025
   Rot. barrier       3.995        2.663        0.784        6.755        2.276
   M_j,tau            2.846        2.846        2.846        2.846        2.846

   Torsion               6
   Force constant   8.01431E-03
   Moment           3.069
   Tor. Freq.       139.008
   Rot. barrier       1.118
   M_j,tau            3.000
   --------------------------------------------------------------------------------
   Potential Energy =   0.928 kcal/mol
   Weight =  2
   Overall rotational symmetry number =   1

       List of zero-point inclusive energy (kcal/mol) for each structure
      ------------------------------------------------------------------
        Structure            Energy (T = 0 K)
      ------------------------------------------------------------------
          1                    107.52
          2                    107.88
          3                    108.12
          4                    107.84
          5                    107.90
          6                    107.76
          7                    108.39
          8                    108.19
          9                    108.28
         10                    108.52
         11                    108.36
      ZPE of the system =      107.52


     Note: The following SS-HO and SS-T include the Rot. P.F. and Boltzmann factor,
           but are calculated with weight = 1 for each structure. Weights are
           counted in MS partition functions. Zero of energy is set to the potential
           energy of global minimum.

            Partition function of structure    1
     ================================================================
          T(K)      Rot.          SS-HO           SS-T     SS-T/SS-HO
        100.00    8.7023E+004   7.7591E-230   6.0949E-230    0.786
        200.00    2.4614E+005   1.4149E-110   1.3190E-110    0.932
        298.15    4.4801E+005   2.0459E-070   2.1602E-070    1.056
        300.00    4.5219E+005   6.6594E-070   7.0443E-070    1.058
        500.00    9.7295E+005   7.2800E-036   8.7565E-036    1.203
        750.00    1.7874E+006   4.3909E-017   5.4874E-017    1.250
       1000.00    2.7519E+006   2.2017E-006   2.6795E-006    1.217
       1100.00    3.1749E+006   3.6253E-003   4.3197E-003    1.192
       1150.00    3.3938E+006   1.0343E-001   1.2174E-001    1.177
       1200.00    3.6175E+006   2.4192E+000   2.8101E+000    1.162
       1250.00    3.8459E+006   4.7413E+001   5.4303E+001    1.145
       1300.00    4.0790E+006   7.9319E+002   8.9502E+002    1.128
       1350.00    4.3165E+006   1.1508E+004   1.2784E+004    1.111
       1400.00    4.5586E+006   1.4679E+005   1.6043E+005    1.093
       1450.00    4.8049E+006   1.6658E+006   1.7901E+006    1.075
       1500.00    5.0556E+006   1.6992E+007   1.7944E+007    1.056
       1550.00    5.3105E+006   1.5721E+008   1.6306E+008    1.037
       1600.00    5.5695E+006   1.3299E+009   1.3542E+009    1.018
       1650.00    5.8326E+006   1.0358E+010   1.0350E+010    0.999
       1700.00    6.0997E+006   7.4743E+010   7.3267E+010    0.980
       1800.00    6.6457E+006   3.1634E+012   2.9810E+012    0.942
       1900.00    7.2072E+006   1.0473E+014   9.4773E+013    0.905
       2000.00    7.7836E+006   2.7977E+015   2.4287E+015    0.868
       2500.00    1.0878E+007   3.2432E+021   2.2702E+021    0.700

            Partition function of structure    2
     ================================================================
          T(K)      Rot.          SS-HO           SS-T     SS-T/SS-HO
        100.00    8.9980E+004   1.3603E-230   1.0299E-230    0.757
        200.00    2.5450E+005   6.4408E-111   5.8277E-111    0.905
        298.15    4.6323E+005   1.2906E-070   1.3317E-070    1.032
        300.00    4.6755E+005   4.2183E-070   4.3611E-070    1.034
        500.00    1.0060E+006   6.0396E-036   7.1429E-036    1.183
        750.00    1.8482E+006   4.1718E-017   5.1081E-017    1.224
       1000.00    2.8454E+006   2.2367E-006   2.6457E-006    1.183
       1100.00    3.2827E+006   3.7499E-003   4.3265E-003    1.154
       1150.00    3.5091E+006   1.0782E-001   1.2265E-001    1.138
       1200.00    3.7404E+006   2.5399E+000   2.8458E+000    1.120
       1250.00    3.9766E+006   5.0104E+001   5.5246E+001    1.103
       1300.00    4.2176E+006   8.4325E+002   9.1425E+002    1.084
       1350.00    4.4632E+006   1.2302E+004   1.3105E+004    1.065
       1400.00    4.7134E+006   1.5773E+005   1.6498E+005    1.046
       1450.00    4.9682E+006   1.7984E+006   1.8460E+006    1.026
       1500.00    5.2274E+006   1.8426E+007   1.8550E+007    1.007
       1550.00    5.4909E+006   1.7118E+008   1.6894E+008    0.987
       1600.00    5.7587E+006   1.4536E+009   1.4057E+009    0.967
       1650.00    6.0308E+006   1.1362E+010   1.0762E+010    0.947
       1700.00    6.3070E+006   8.2270E+010   7.6297E+010    0.927
       1800.00    6.8716E+006   3.5035E+012   3.1120E+012    0.888
       1900.00    7.4521E+006   1.1663E+014   9.9126E+013    0.850
       2000.00    8.0481E+006   3.1308E+015   2.5439E+015    0.813
       2500.00    1.1248E+007   3.6967E+021   2.3846E+021    0.645

            Partition function of structure    3
     ================================================================
          T(K)      Rot.          SS-HO           SS-T     SS-T/SS-HO
        100.00    8.2855E+004   2.8483E-231   2.2965E-231    0.806
        200.00    2.3435E+005   1.8556E-111   1.7000E-111    0.916
        298.15    4.2655E+005   3.8870E-071   3.9180E-071    1.008
        300.00    4.3053E+005   1.2708E-070   1.2829E-070    1.009
        500.00    9.2635E+005   1.8293E-036   2.0715E-036    1.132
        750.00    1.7018E+006   1.2551E-017   1.5220E-017    1.213
       1000.00    2.6201E+006   6.6981E-007   8.3478E-007    1.246
       1100.00    3.0228E+006   1.1215E-003   1.4017E-003    1.250
       1150.00    3.2312E+006   3.2229E-002   4.0277E-002    1.250
       1200.00    3.4442E+006   7.5885E-001   9.4736E-001    1.248
       1250.00    3.6617E+006   1.4963E+001   1.8645E+001    1.246
       1300.00    3.8836E+006   2.5173E+002   3.1280E+002    1.243
       1350.00    4.1098E+006   3.6712E+003   4.5454E+003    1.238
       1400.00    4.3402E+006   4.7054E+004   5.8004E+004    1.233
       1450.00    4.5748E+006   5.3635E+005   6.5780E+005    1.226
       1500.00    4.8134E+006   5.4938E+006   6.6987E+006    1.219
       1550.00    5.0561E+006   5.1026E+007   6.1816E+007    1.211
       1600.00    5.3027E+006   4.3320E+008   5.2108E+008    1.203
       1650.00    5.5532E+006   3.3855E+009   4.0410E+009    1.194
       1700.00    5.8075E+006   2.4508E+010   2.9012E+010    1.184
       1800.00    6.3274E+006   1.0433E+012   1.2129E+012    1.162
       1900.00    6.8620E+006   3.4723E+013   3.9562E+013    1.139
       2000.00    7.4108E+006   9.3187E+014   1.0388E+015    1.115
       2500.00    1.0357E+007   1.0995E+021   1.0779E+021    0.980

            Partition function of structure    4
     ================================================================
          T(K)      Rot.          SS-HO           SS-T     SS-T/SS-HO
        100.00    8.8536E+004   2.2779E-230   1.9331E-230    0.849
        200.00    2.5042E+005   1.1763E-110   1.2291E-110    1.045
        298.15    4.5580E+005   2.4979E-070   2.9319E-070    1.174
        300.00    4.6005E+005   8.1712E-070   9.6060E-070    1.176
        500.00    9.8986E+005   1.2418E-035   1.5934E-035    1.283
        750.00    1.8185E+006   8.8650E-017   1.0978E-016    1.238
       1000.00    2.7998E+006   4.8349E-006   5.3499E-006    1.107
       1100.00    3.2300E+006   8.1441E-003   8.5184E-003    1.046
       1150.00    3.4528E+006   2.3465E-001   2.3826E-001    1.015
       1200.00    3.6804E+006   5.5382E+000   5.4542E+000    0.985
       1250.00    3.9128E+006   1.0945E+002   1.0447E+002    0.955
       1300.00    4.1499E+006   1.8450E+003   1.7060E+003    0.925
       1350.00    4.3916E+006   2.6958E+004   2.4134E+004    0.895
       1400.00    4.6378E+006   3.4612E+005   2.9989E+005    0.866
       1450.00    4.8885E+006   3.9517E+006   3.3127E+006    0.838
       1500.00    5.1435E+006   4.0538E+007   3.2870E+007    0.811
       1550.00    5.4028E+006   3.7705E+008   2.9567E+008    0.784
       1600.00    5.6663E+006   3.2053E+009   2.4303E+009    0.758
       1650.00    5.9340E+006   2.5081E+010   1.8386E+010    0.733
       1700.00    6.2057E+006   1.8178E+011   1.2883E+011    0.709
       1800.00    6.7613E+006   7.7550E+012   5.1371E+012    0.662
       1900.00    7.3325E+006   2.5859E+014   1.6012E+014    0.619
       2000.00    7.9189E+006   6.9516E+015   4.0253E+015    0.579
       2500.00    1.1067E+007   8.2552E+021   3.4499E+021    0.418

            Partition function of structure    5
     ================================================================
          T(K)      Rot.          SS-HO           SS-T     SS-T/SS-HO
        100.00    8.7717E+004   1.2549E-230   9.8105E-231    0.782
        200.00    2.4810E+005   6.1106E-111   5.7140E-111    0.935
        298.15    4.5158E+005   1.2269E-070   1.3020E-070    1.061
        300.00    4.5579E+005   4.0101E-070   4.2634E-070    1.063
        500.00    9.8070E+005   5.7388E-036   6.9120E-036    1.204
        750.00    1.8017E+006   3.9683E-017   4.9345E-017    1.243
       1000.00    2.7738E+006   2.1324E-006   2.5665E-006    1.204
       1100.00    3.2002E+006   3.5786E-003   4.2058E-003    1.175
       1150.00    3.4208E+006   1.0295E-001   1.1936E-001    1.159
       1200.00    3.6463E+006   2.4264E+000   2.7723E+000    1.143
       1250.00    3.8766E+006   4.7890E+001   5.3875E+001    1.125
       1300.00    4.1115E+006   8.0639E+002   8.9247E+002    1.107
       1350.00    4.3509E+006   1.1770E+004   1.2806E+004    1.088
       1400.00    4.5949E+006   1.5098E+005   1.6137E+005    1.069
       1450.00    4.8432E+006   1.7224E+006   1.8073E+006    1.049
       1500.00    5.0959E+006   1.7655E+007   1.8178E+007    1.030
       1550.00    5.3528E+006   1.6410E+008   1.6570E+008    1.010
       1600.00    5.6139E+006   1.3941E+009   1.3799E+009    0.990
       1650.00    5.8791E+006   1.0902E+010   1.0574E+010    0.970
       1700.00    6.1483E+006   7.8969E+010   7.5020E+010    0.950
       1800.00    6.6987E+006   3.3658E+012   3.0646E+012    0.911
       1900.00    7.2646E+006   1.1214E+014   9.7754E+013    0.872
       2000.00    7.8456E+006   3.0124E+015   2.5120E+015    0.834
       2500.00    1.0965E+007   3.5686E+021   2.3673E+021    0.663

            Partition function of structure    6
     ================================================================
          T(K)      Rot.          SS-HO           SS-T     SS-T/SS-HO
        100.00    8.9616E+004   3.6336E-230   3.0000E-230    0.826
        200.00    2.5347E+005   1.5150E-110   1.5303E-110    1.010
        298.15    4.6136E+005   2.9762E-070   3.3511E-070    1.126
        300.00    4.6566E+005   9.7258E-070   1.0967E-069    1.128
        500.00    1.0019E+006   1.3833E-035   1.6901E-035    1.222
        750.00    1.8407E+006   9.5600E-017   1.1248E-016    1.177
       1000.00    2.8339E+006   5.1380E-006   5.4015E-006    1.051
       1100.00    3.2695E+006   8.6234E-003   8.5709E-003    0.994
       1150.00    3.4949E+006   2.4809E-001   2.3939E-001    0.965
       1200.00    3.7253E+006   5.8475E+000   5.4735E+000    0.936
       1250.00    3.9605E+006   1.1542E+002   1.0473E+002    0.907
       1300.00    4.2005E+006   1.9436E+003   1.7086E+003    0.879
       1350.00    4.4452E+006   2.8371E+004   2.4152E+004    0.851
       1400.00    4.6944E+006   3.6395E+005   2.9990E+005    0.824
       1450.00    4.9481E+006   4.1521E+006   3.3107E+006    0.797
       1500.00    5.2062E+006   4.2563E+007   3.2833E+007    0.771
       1550.00    5.4687E+006   3.9563E+008   2.9518E+008    0.746
       1600.00    5.7354E+006   3.3613E+009   2.4254E+009    0.722
       1650.00    6.0064E+006   2.6287E+010   1.8342E+010    0.698
       1700.00    6.2815E+006   1.9043E+011   1.2848E+011    0.675
       1800.00    6.8438E+006   8.1174E+012   5.1204E+012    0.631
       1900.00    7.4219E+006   2.7048E+014   1.5954E+014    0.590
       2000.00    8.0155E+006   7.2668E+015   4.0095E+015    0.552
       2500.00    1.1202E+007   8.6130E+021   3.4346E+021    0.399

            Partition function of structure    7
     ================================================================
          T(K)      Rot.          SS-HO           SS-T     SS-T/SS-HO
        100.00    7.9503E+004   4.3758E-232   3.6190E-232    0.827
        200.00    2.2487E+005   4.8190E-112   4.4626E-112    0.926
        298.15    4.0930E+005   1.1812E-071   1.1896E-071    1.007
        300.00    4.1311E+005   3.8691E-071   3.9016E-071    1.008
        500.00    8.8887E+005   6.2601E-037   6.9461E-037    1.110
        750.00    1.6330E+006   4.5312E-018   5.2797E-018    1.165
       1000.00    2.5141E+006   2.4805E-007   2.9385E-007    1.185
       1100.00    2.9005E+006   4.1818E-004   4.9605E-004    1.186
       1150.00    3.1005E+006   1.2053E-002   1.4294E-002    1.186
       1200.00    3.3049E+006   2.8456E-001   3.3719E-001    1.185
       1250.00    3.5136E+006   5.6251E+000   6.6562E+000    1.183
       1300.00    3.7265E+006   9.4850E+001   1.1203E+002    1.181
       1350.00    3.9435E+006   1.3862E+003   1.6333E+003    1.178
       1400.00    4.1646E+006   1.7802E+004   2.0916E+004    1.175
       1450.00    4.3897E+006   2.0329E+005   2.3806E+005    1.171
       1500.00    4.6187E+006   2.0859E+006   2.4334E+006    1.167
       1550.00    4.8516E+006   1.9405E+007   2.2544E+007    1.162
       1600.00    5.0882E+006   1.6499E+008   1.9081E+008    1.156
       1650.00    5.3286E+006   1.2912E+009   1.4859E+009    1.151
       1700.00    5.5726E+006   9.3597E+009   1.0714E+010    1.145
       1800.00    6.0715E+006   3.9943E+011   4.5192E+011    1.131
       1900.00    6.5844E+006   1.3323E+013   1.4879E+013    1.117
       2000.00    7.1110E+006   3.5824E+014   3.9451E+014    1.101
       2500.00    9.9379E+006   4.2588E+020   4.3103E+020    1.012

            Partition function of structure    8
     ================================================================
          T(K)      Rot.          SS-HO           SS-T     SS-T/SS-HO
        100.00    9.1732E+004   3.8229E-231   2.6555E-231    0.695
        200.00    2.5946E+005   3.8370E-111   3.1966E-111    0.833
        298.15    4.7225E+005   9.6548E-071   8.7478E-071    0.906
        300.00    4.7665E+005   3.1643E-070   2.8700E-070    0.907
        500.00    1.0256E+006   5.3809E-036   5.1007E-036    0.948
        750.00    1.8841E+006   4.0342E-017   3.6943E-017    0.916
       1000.00    2.9008E+006   2.2534E-006   1.9068E-006    0.846
       1100.00    3.3466E+006   3.8210E-003   3.1079E-003    0.813
       1150.00    3.5774E+006   1.1041E-001   8.7935E-002    0.796
       1200.00    3.8132E+006   2.6129E+000   2.0360E+000    0.779
       1250.00    4.0540E+006   5.1764E+001   3.9438E+001    0.762
       1300.00    4.2997E+006   8.7463E+002   6.5112E+002    0.744
       1350.00    4.5501E+006   1.2807E+004   9.3109E+003    0.727
       1400.00    4.8052E+006   1.6476E+005   1.1692E+005    0.710
       1450.00    5.0649E+006   1.8847E+006   1.3049E+006    0.692
       1500.00    5.3291E+006   1.9368E+007   1.3078E+007    0.675
       1550.00    5.5978E+006   1.8045E+008   1.1879E+008    0.658
       1600.00    5.8708E+006   1.5364E+009   9.8571E+008    0.642
       1650.00    6.1482E+006   1.2040E+010   7.5263E+009    0.625
       1700.00    6.4297E+006   8.7382E+010   5.3212E+010    0.609
       1800.00    7.0053E+006   3.7376E+012   2.1586E+012    0.578
       1900.00    7.5971E+006   1.2492E+014   6.8387E+013    0.547
       2000.00    8.2047E+006   3.3655E+015   1.7457E+015    0.519
       2500.00    1.1466E+007   4.0301E+021   1.5963E+021    0.396

            Partition function of structure    9
     ================================================================
          T(K)      Rot.          SS-HO           SS-T     SS-T/SS-HO
        100.00    8.6146E+004   2.2750E-231   1.7517E-231    0.770
        200.00    2.4366E+005   2.8120E-111   2.6256E-111    0.934
        298.15    4.4350E+005   7.4787E-071   7.9853E-071    1.068
        300.00    4.4763E+005   2.4528E-070   2.6239E-070    1.070
        500.00    9.6315E+005   4.3628E-036   5.1927E-036    1.190
        750.00    1.7694E+006   3.3563E-017   3.9682E-017    1.182
       1000.00    2.7242E+006   1.9011E-006   2.1126E-006    1.111
       1100.00    3.1429E+006   3.2360E-003   3.4817E-003    1.076
       1150.00    3.3596E+006   9.3666E-002   9.9050E-002    1.057
       1200.00    3.5810E+006   2.2200E+000   2.3059E+000    1.039
       1250.00    3.8072E+006   4.4041E+001   4.4909E+001    1.020
       1300.00    4.0379E+006   7.4510E+002   7.4548E+002    1.001
       1350.00    4.2731E+006   1.0923E+004   1.0718E+004    0.981
       1400.00    4.5126E+006   1.4068E+005   1.3532E+005    0.962
       1450.00    4.7565E+006   1.6108E+006   1.5183E+006    0.943
       1500.00    5.0047E+006   1.6569E+007   1.5298E+007    0.923
       1550.00    5.2570E+006   1.5450E+008   1.3969E+008    0.904
       1600.00    5.5134E+006   1.3165E+009   1.1653E+009    0.885
       1650.00    5.7738E+006   1.0324E+010   8.9438E+009    0.866
       1700.00    6.0382E+006   7.4983E+010   6.3560E+010    0.848
       1800.00    6.5788E+006   3.2113E+012   2.6047E+012    0.811
       1900.00    7.1346E+006   1.0745E+014   8.3338E+013    0.776
       2000.00    7.7052E+006   2.8975E+015   2.1479E+015    0.741
       2500.00    1.0768E+007   3.4817E+021   2.0512E+021    0.589

            Partition function of structure   10
     ================================================================
          T(K)      Rot.          SS-HO           SS-T     SS-T/SS-HO
        100.00    8.8121E+004   6.2206E-232   4.9400E-232    0.794
        200.00    2.4925E+005   1.4551E-111   1.4018E-111    0.963
        298.15    4.5366E+005   4.8306E-071   5.3323E-071    1.104
        300.00    4.5789E+005   1.5888E-070   1.7572E-070    1.106
        500.00    9.8523E+005   3.3944E-036   4.2228E-036    1.244
        750.00    1.8100E+006   2.8618E-017   3.5760E-017    1.250
       1000.00    2.7866E+006   1.6959E-006   1.9988E-006    1.179
       1100.00    3.2149E+006   2.9221E-003   3.3337E-003    1.141
       1150.00    3.4366E+006   8.5024E-002   9.5304E-002    1.121
       1200.00    3.6631E+006   2.0249E+000   2.2282E+000    1.100
       1250.00    3.8945E+006   4.0348E+001   4.3557E+001    1.080
       1300.00    4.1304E+006   6.8539E+002   7.2538E+002    1.058
       1350.00    4.3710E+006   1.0085E+004   1.0459E+004    1.037
       1400.00    4.6161E+006   1.3034E+005   1.3237E+005    1.016
       1450.00    4.8656E+006   1.4972E+006   1.4884E+006    0.994
       1500.00    5.1194E+006   1.5447E+007   1.5024E+007    0.973
       1550.00    5.3775E+006   1.4444E+008   1.3741E+008    0.951
       1600.00    5.6398E+006   1.2340E+009   1.1478E+009    0.930
       1650.00    5.9062E+006   9.7008E+009   8.8200E+009    0.909
       1700.00    6.1767E+006   7.0617E+010   6.2742E+010    0.888
       1800.00    6.7296E+006   3.0370E+012   2.5750E+012    0.848
       1900.00    7.2981E+006   1.0200E+014   8.2468E+013    0.809
       2000.00    7.8818E+006   2.7597E+015   2.1267E+015    0.771
       2500.00    1.1015E+007   3.3582E+021   2.0291E+021    0.604

            Partition function of structure   11
     ================================================================
          T(K)      Rot.          SS-HO           SS-T     SS-T/SS-HO
        100.00    9.1894E+004   1.9507E-231   1.4145E-231    0.725
        200.00    2.5992E+005   3.6002E-111   3.2231E-111    0.895
        298.15    4.7309E+005   1.1431E-070   1.1458E-070    1.002
        300.00    4.7750E+005   3.7579E-070   3.7725E-070    1.004
        500.00    1.0274E+006   7.8473E-036   8.4099E-036    1.072
        750.00    1.8875E+006   6.5597E-017   6.5942E-017    1.005
       1000.00    2.9059E+006   3.8724E-006   3.4126E-006    0.881
       1100.00    3.3526E+006   6.6659E-003   5.5214E-003    0.828
       1150.00    3.5837E+006   1.9388E-001   1.5550E-001    0.802
       1200.00    3.8200E+006   4.6157E+000   3.5823E+000    0.776
       1250.00    4.0612E+006   9.1944E+001   6.9015E+001    0.751
       1300.00    4.3073E+006   1.5614E+003   1.1330E+003    0.726
       1350.00    4.5581E+006   2.2970E+004   1.6108E+004    0.701
       1400.00    4.8137E+006   2.9679E+005   2.0107E+005    0.677
       1450.00    5.0739E+006   3.4086E+006   2.2306E+006    0.654
       1500.00    5.3386E+006   3.5159E+007   2.2220E+007    0.632
       1550.00    5.6077E+006   3.2871E+008   2.0061E+008    0.610
       1600.00    5.8812E+006   2.8079E+009   1.6547E+009    0.589
       1650.00    6.1590E+006   2.2071E+010   1.2559E+010    0.569
       1700.00    6.4411E+006   1.6065E+011   8.8265E+010    0.549
       1800.00    7.0177E+006   6.9075E+012   3.5392E+012    0.512
       1900.00    7.6106E+006   2.3195E+014   1.1086E+014    0.478
       2000.00    8.2192E+006   6.2749E+015   2.7994E+015    0.446
       2500.00    1.1487E+007   7.6326E+021   2.4398E+021    0.320

     ================================================================
              Partition Functions Including All Structures
        -----------------------------------------------------------
        Zero of energy is set to potential energy of global minimum
        -----------------------------------------------------------
        T(K)    Elec.        Trans.              Con-rovib
                                            MS-LH    or     MS-T
        100.00  2.0000E+000  3.2877E+006  3.2685E-229  2.5940E-229
        200.00  2.0000E+000  1.8598E+007  1.2355E-109  1.1755E-109
        298.15  2.0000E+000  5.0464E+007  2.5270E-069  2.6948E-069
        300.00  2.0000E+000  5.1250E+007  8.2642E-069  8.8271E-069
        500.00  2.0000E+000  1.8379E+008  1.2508E-034  1.4674E-034
        750.00  2.0000E+000  5.0646E+008  9.0087E-016  1.0430E-015
       1000.00  2.0000E+000  1.0397E+009  4.9534E-005  5.3055E-005
       1100.00  2.0000E+000  1.3194E+009  8.3668E-002  8.6049E-002
       1150.00  2.0000E+000  1.4745E+009  2.4138E+000  2.4293E+000
       1200.00  2.0000E+000  1.6400E+009  5.7038E+001  5.6132E+001
       1250.00  2.0000E+000  1.8162E+009  1.1285E+003  1.0852E+003
       1300.00  2.0000E+000  2.0033E+009  1.9044E+004  1.7886E+004
       1350.00  2.0000E+000  2.2015E+009  2.7855E+005  2.5538E+005
       1400.00  2.0000E+000  2.4111E+009  3.5799E+006  3.2025E+006
       1450.00  2.0000E+000  2.6322E+009  4.0911E+007  3.5697E+007
       1500.00  2.0000E+000  2.8650E+009  4.2006E+008  3.5738E+008
       1550.00  2.0000E+000  3.1097E+009  3.9104E+009  3.2431E+009
       1600.00  2.0000E+000  3.3666E+009  3.3269E+010  2.6891E+010
       1650.00  2.0000E+000  3.6358E+009  2.6052E+011  2.0519E+011
       1700.00  2.0000E+000  3.9175E+009  1.8896E+012  1.4500E+012
       1800.00  2.0000E+000  4.5193E+009  8.0728E+013  5.8778E+013
       1900.00  2.0000E+000  5.1734E+009  2.6953E+015  1.8615E+015
       2000.00  2.0000E+000  5.8812E+009  7.2542E+016  4.7520E+016
       2500.00  2.0000E+000  1.0274E+010  8.6554E+022  4.3614E+022

             Total Partition Function (E + T + Con-rovib)
             ---------------------------------------------
                T(K)     E + T + MS-LH     E + T + MS-T
                100.00     2.1492E-222       1.7056E-222
                200.00     4.5955E-102       4.3723E-102
                298.15     2.5504E-061       2.7198E-061
                300.00     8.4708E-061       9.0478E-061
                500.00     4.5977E-026       5.3939E-026
                750.00     9.1251E-007       1.0565E-006
               1000.00     1.0300E+005       1.1032E+005
               1100.00     2.2078E+008       2.2706E+008
               1150.00     7.1180E+009       7.1637E+009
               1200.00     1.8708E+011       1.8411E+011
               1250.00     4.0991E+012       3.9419E+012
               1300.00     7.6303E+013       7.1664E+013
               1350.00     1.2265E+015       1.1244E+015
               1400.00     1.7263E+016       1.5443E+016
               1450.00     2.1537E+017       1.8792E+017
               1500.00     2.4069E+018       2.0478E+018
               1550.00     2.4320E+019       2.0170E+019
               1600.00     2.2401E+020       1.8106E+020
               1650.00     1.8944E+021       1.4921E+021
               1700.00     1.4805E+022       1.1361E+022
               1800.00     7.2967E+023       5.3127E+023
               1900.00     2.7887E+025       1.9261E+025
               2000.00     8.5327E+026       5.5895E+026
               2500.00     1.7785E+033       8.9618E+032

     ================================================================
              Partition Functions Including All Structures
        -----------------------------------------------------------
                    Zero of energy is set to ZPE
        -----------------------------------------------------------
        T(K)             Con-rovib                Total
                   MS-LH        MS-T       E+T+MS-LH    E+T+MS-T
        100.00  3.1725E+006  2.5178E+006  2.0861E+013  1.6555E+013
        200.00  3.8491E+008  3.6622E+008  1.4317E+016  1.3622E+016
        298.15  1.6506E+010  1.7602E+010  1.6659E+018  1.7766E+018
        300.00  1.7629E+010  1.8829E+010  1.8069E+018  1.9300E+018
        500.00  1.2434E+013  1.4587E+013  4.5703E+021  5.3619E+021
        750.00  1.9332E+016  2.2381E+016  1.9581E+025  2.2671E+025
       1000.00  1.5617E+019  1.6728E+019  3.2474E+028  3.4782E+028
       1100.00  1.9276E+020  1.9825E+020  5.0865E+029  5.2313E+029
       1150.00  6.5516E+020  6.5937E+020  1.9320E+030  1.9444E+030
       1200.00  2.1798E+021  2.1452E+021  7.1498E+030  7.0362E+030
       1250.00  7.1032E+021  6.8309E+021  2.5802E+031  2.4813E+031
       1300.00  2.2682E+022  2.1303E+022  9.0880E+031  8.5355E+031
       1350.00  7.1015E+022  6.5107E+022  3.1268E+032  2.8667E+032
       1400.00  2.1810E+023  1.9511E+023  1.0517E+033  9.4084E+032
       1450.00  6.5742E+023  5.7363E+023  3.4609E+033  3.0198E+033
       1500.00  1.9459E+024  1.6555E+024  1.1150E+034  9.4861E+033
       1550.00  5.6581E+024  4.6927E+024  3.5190E+034  2.9186E+034
       1600.00  1.6171E+025  1.3071E+025  1.0888E+035  8.8009E+034
       1650.00  4.5445E+025  3.5793E+025  3.3046E+035  2.6028E+035
       1700.00  1.2564E+026  9.6411E+025  9.8442E+035  7.5539E+035
       1800.00  9.1592E+026  6.6688E+026  8.2787E+036  6.0277E+036
       1900.00  6.2855E+027  4.3412E+027  6.5035E+037  4.4917E+037
       2000.00  4.0733E+028  2.6683E+028  4.7912E+038  3.1385E+038
       2500.00  2.1716E+032  1.0942E+032  4.4621E+042  2.2484E+042
     ================================================================

                     ==============================
                          Thermodynamic Functions
                      (Ideal gas at standard state)
                     ==============================
     T  - Temperature (Kelvin)        G  - Gibbs Free Energy (kcal/mol)
     E  - Thermal Energy (kcal/mol)   H  - Enthalpy (kcal/mol)
     S  - Entropy (cal/(mol-K))
     Cp - Heat Capacity at Constant Pressure (cal/(mol-K))
        -----------------------------------------------------------
        Zero of energy is set to potential energy of global minimum
        -----------------------------------------------------------

               Contribution from electronic P.F. 
     ================================================================
                  T          G          E          S
                100.00      -0.138      0.000      1.377
                200.00      -0.275      0.000      1.377
                298.15      -0.411      0.000      1.377
                300.00      -0.413      0.000      1.377
                500.00      -0.689      0.000      1.377
                750.00      -1.033      0.000      1.377
               1000.00      -1.377      0.000      1.377
               1100.00      -1.515      0.000      1.377
               1150.00      -1.584      0.000      1.377
               1200.00      -1.653      0.000      1.377
               1250.00      -1.722      0.000      1.377
               1300.00      -1.791      0.000      1.377
               1350.00      -1.860      0.000      1.377
               1400.00      -1.928      0.000      1.377
               1450.00      -1.997      0.000      1.377
               1500.00      -2.066      0.000      1.377
               1550.00      -2.135      0.000      1.377
               1600.00      -2.204      0.000      1.377
               1650.00      -2.273      0.000      1.377
               1700.00      -2.342      0.000      1.377
               1800.00      -2.479      0.000      1.377
               1900.00      -2.617      0.000      1.377
               2000.00      -2.755      0.000      1.377
               2500.00      -3.444      0.000      1.377

               Contribution from translational P.F. 
     ================================================================
                  T          G          E          S
                100.00      -2.982      0.298     34.788
                200.00      -6.653      0.596     38.231
                298.15     -10.509      0.889     40.215
                300.00     -10.583      0.894     40.246
                500.00     -18.908      1.490     42.783
                750.00     -29.872      2.236     44.798
               1000.00     -41.259      2.981     46.227
               1100.00     -45.906      3.279     46.700
               1150.00     -48.246      3.428     46.921
               1200.00     -50.598      3.577     47.133
               1250.00     -52.959      3.726     47.336
               1300.00     -55.331      3.875     47.530
               1350.00     -57.712      4.024     47.718
               1400.00     -60.103      4.173     47.899
               1450.00     -62.502      4.322     48.073
               1500.00     -64.910      4.471     48.241
               1550.00     -67.326      4.620     48.404
               1600.00     -69.750      4.769     48.562
               1650.00     -72.182      4.918     48.715
               1700.00     -74.622      5.067     48.863
               1800.00     -79.522      5.365     49.147
               1900.00     -84.451      5.664     49.416
               2000.00     -89.405      5.962     49.671
               2500.00    -114.528      7.452     50.779

        Contribution from conformational-rovibrational P.F. (MS-LH)
     ================================================================
                  T          G          E          S
                100.00     104.549    108.635     40.857
                200.00      99.667    110.848     55.904
                298.15      93.584    113.812     67.843
                300.00      93.459    113.876     68.059
                500.00      77.565    122.880     90.629
                750.00      51.633    138.845    116.283
               1000.00      19.699    158.362    138.663
               1100.00       5.423    166.881    146.780
               1150.00      -2.014    171.265    150.677
               1200.00      -9.643    175.722    154.471
               1250.00     -17.459    180.249    158.167
               1300.00     -25.458    184.840    161.768
               1350.00     -33.634    189.491    165.278
               1400.00     -41.984    194.197    168.701
               1450.00     -50.503    198.955    172.040
               1500.00     -59.187    203.761    175.299
               1550.00     -68.032    208.612    178.480
               1600.00     -77.034    213.505    181.587
               1650.00     -86.189    218.438    184.622
               1700.00     -95.495    223.407    187.589
               1800.00    -114.543    233.446    193.327
               1900.00    -134.152    243.606    198.820
               2000.00    -154.299    253.873    204.086
               2500.00    -262.387    306.434    227.528

        Contribution from conformational-rovibrational P.F. (MS-T)
     ================================================================
                  T          G          E          S
                100.00     104.595    108.674     40.791
                200.00      99.687    110.966     56.397
                298.15      93.546    113.966     68.488
                300.00      93.419    114.031     68.705
                500.00      77.406    122.962     91.111
                750.00      51.414    138.603    116.252
               1000.00      19.563    157.597    138.034
               1100.00       5.362    165.859    145.907
               1150.00      -2.028    170.105    149.681
               1200.00      -9.605    174.420    153.354
               1250.00     -17.362    178.798    156.928
               1300.00     -25.296    183.235    160.408
               1350.00     -33.401    187.726    163.798
               1400.00     -41.674    192.269    167.102
               1450.00     -50.110    196.858    170.323
               1500.00     -58.705    201.491    173.464
               1550.00     -67.455    206.165    176.529
               1600.00     -76.357    210.877    179.521
               1650.00     -85.406    215.624    182.443
               1700.00     -94.600    220.404    185.296
               1800.00    -113.408    230.054    190.812
               1900.00    -132.755    239.813    196.088
               2000.00    -152.618    249.666    201.142
               2500.00    -258.982    300.012    223.598

     Total (Translational + Electronic + conformational-rovib.(MS-LH))
     ======================================================================
              T          G          E          H          S          Cp
            100.00     101.429    108.933    109.131     77.022     23.337
            200.00      92.739    111.444    111.841     95.513     30.853
            298.15      82.665    114.700    115.293    109.435     39.813
            300.00      82.462    114.771    115.367    109.682     39.998
            500.00      57.969    124.370    125.364    134.790     59.447
            750.00      20.727    141.080    142.571    162.458     76.928
           1000.00     -22.937    161.343    163.330    186.268     88.384
           1100.00     -41.998    170.160    172.346    194.858     91.849
           1150.00     -51.844    174.693    176.978    198.976     93.394
           1200.00     -61.893    179.299    181.684    202.981     94.828
           1250.00     -72.140    183.975    186.459    206.880     96.160
           1300.00     -82.580    188.715    191.298    210.675     97.398
           1350.00     -93.206    193.515    196.197    214.373     98.550
           1400.00    -104.015    198.370    201.152    217.977     99.622
           1450.00    -115.002    203.277    206.158    221.490    100.621
           1500.00    -126.163    208.232    211.213    224.917    101.552
           1550.00    -137.493    213.232    216.313    228.261    102.421
           1600.00    -148.988    218.275    221.454    231.526    103.233
           1650.00    -160.644    223.356    226.635    234.715    103.992
           1700.00    -172.458    228.474    231.852    237.830    104.702
           1800.00    -196.544    238.811    242.388    243.852    105.991
           1900.00    -221.220    249.270    253.045    249.613    107.126
           2000.00    -246.459    259.835    263.809    255.134    108.128
           2500.00    -380.359    313.886    318.854    279.685    111.717

     Total (Translational + Electronic + conformational-rovib.(MS-T))
     ======================================================================
              T          G          E          H          S          Cp
            100.00     101.475    108.972    109.171     76.956     24.187
            200.00      92.759    111.562    111.960     96.006     31.453
            298.15      82.627    114.855    115.447    110.081     39.942
            300.00      82.423    114.925    115.521    110.328     40.118
            500.00      57.810    124.452    125.446    135.272     58.627
            750.00      20.509    140.839    142.329    162.427     75.201
           1000.00     -23.074    160.578    162.565    185.639     85.945
           1100.00     -42.059    169.138    171.324    193.985     89.161
           1150.00     -51.859    173.533    175.819    197.980     90.589
           1200.00     -61.855    177.997    180.381    201.864     91.910
           1250.00     -72.043    182.524    185.008    205.641     93.134
           1300.00     -82.418    187.110    189.693    209.316     94.268
           1350.00     -92.973    191.751    194.433    212.894     95.319
           1400.00    -103.706    196.442    199.224    216.378     96.296
           1450.00    -114.610    201.180    204.062    219.773     97.203
           1500.00    -125.682    205.962    208.943    223.083     98.047
           1550.00    -136.917    210.785    213.865    226.311     98.833
           1600.00    -148.311    215.646    218.826    229.460     99.565
           1650.00    -159.862    220.542    223.821    232.535    100.247
           1700.00    -171.564    225.471    228.850    235.537    100.884
           1800.00    -195.410    235.420    238.997    241.337    102.037
           1900.00    -219.823    245.476    249.252    246.881    103.047
           2000.00    -244.778    255.628    259.602    252.190    103.935
           2500.00    -376.954    307.464    312.432    275.754    107.082

                        --------------------------------
                         Zero of energy is set to ZPE
                        --------------------------------

     Total (Translational + Electronic + conformational-rovib.(MS-LH))
     ======================================================================
              T          G          E          H          S          Cp
            100.00      -6.095      1.409      1.608     77.022     23.337
            200.00     -14.785      3.920      4.318     95.513     30.853
            298.15     -24.859      7.177      7.769    109.435     39.813
            300.00     -25.062      7.247      7.843    109.682     39.998
            500.00     -49.555     16.846     17.840    134.790     59.447
            750.00     -86.797     33.557     35.047    162.458     76.928
           1000.00    -130.461     53.819     55.806    186.268     88.384
           1100.00    -149.522     62.637     64.823    194.858     91.849
           1150.00    -159.368     67.169     69.454    198.976     93.394
           1200.00    -169.417     71.775     74.160    202.981     94.828
           1250.00    -179.664     76.451     78.935    206.880     96.160
           1300.00    -190.103     81.191     83.775    210.675     97.398
           1350.00    -200.730     85.991     88.674    214.373     98.550
           1400.00    -211.539     90.846     93.628    217.977     99.622
           1450.00    -222.526     95.753     98.635    221.490    100.621
           1500.00    -233.687    100.708    103.689    224.917    101.552
           1550.00    -245.017    105.709    108.789    228.261    102.421
           1600.00    -256.512    110.751    113.930    231.526    103.233
           1650.00    -268.168    115.832    119.111    234.715    103.992
           1700.00    -279.982    120.950    124.329    237.830    104.702
           1800.00    -304.068    131.288    134.865    243.852    105.991
           1900.00    -328.743    141.746    145.522    249.613    107.126
           2000.00    -353.983    152.311    156.285    255.134    108.128
           2500.00    -487.882    206.362    211.330    279.685    111.717

     Total (Translational + Electronic + conformational-rovib.(MS-T))
     ======================================================================
              T          G          E          H          S          Cp
            100.00      -6.048      1.448      1.647     76.956     24.187
            200.00     -14.765      4.039      4.436     96.006     31.453
            298.15     -24.897      7.331      7.923    110.081     39.942
            300.00     -25.101      7.401      7.997    110.328     40.118
            500.00     -49.714     16.929     17.922    135.272     58.627
            750.00     -87.015     33.315     34.805    162.427     75.201
           1000.00    -130.598     53.054     55.041    185.639     85.945
           1100.00    -149.583     61.615     63.800    193.985     89.161
           1150.00    -159.383     66.009     68.295    197.980     90.589
           1200.00    -169.379     70.473     72.858    201.864     91.910
           1250.00    -179.567     75.000     77.484    205.641     93.134
           1300.00    -189.942     79.586     82.169    209.316     94.268
           1350.00    -200.497     84.227     86.909    212.894     95.319
           1400.00    -211.229     88.918     91.700    216.378     96.296
           1450.00    -222.134     93.656     96.538    219.773     97.203
           1500.00    -233.205     98.439    101.419    223.083     98.047
           1550.00    -244.441    103.261    106.342    226.311     98.833
           1600.00    -255.835    108.122    111.302    229.460     99.565
           1650.00    -267.385    113.018    116.297    232.535    100.247
           1700.00    -279.088    117.947    121.326    235.537    100.884
           1800.00    -302.934    127.896    131.473    241.337    102.037
           1900.00    -327.347    137.953    141.728    246.881    103.047
           2000.00    -352.302    148.104    152.078    252.190    103.935
           2500.00    -484.478    199.940    204.908    275.754    107.082

 ==============================End of MSTor output==============================
