
 *******************************************************************************

   MSTor program version 2013 (2013)

   Jingjing Zheng, Steven L. Mielke, and Donald G. Truhlar

   Department of Chemistry and Supercomputing Institute
   University of Minnesota, Minneapolis, Minnesota, USA

   Copyright 2013
   Donald G. Truhlar and Regents of the University of Minnesota

   Citations: 
   MS-T(U) method
     J. Zheng, T. Yu, E. Papajak, I. M. Alecu, S. L. Mielke, and D. G. Truhlar,
     Phys. Chem. Chem. Phys. 13, 10885-10907 (2011).
   MS-T(C) method
     J. Zheng and D. G. Truhlar, J. Chem. Theory Comput., DOI: 10.1021/ct3010722.
   MSTor program
     J. Zheng, S. L. Mielke, K. L Clarkson, and D. G. Truhlar,
     Comp. Phys. Comm. 183, 1803-1812 (2012).
     J. Zheng, R. Meana-Paneda, and D. G. Truhlar, Comp. Phys. Comm.
     to be published as new version announcement.

 *******************************************************************************

                    Naming conventions for the MS methods
   -----------------------------------------------------------------------------
   Common name        Original or other names
   -----------------------------------------------------------------------------
   MS-LH         =    MS-HO (ref. 1)   =   MS-AS-HO (ref. 2)
   MS-T          =    MS-AS (ref. 1)   =   MS-AS-T  (ref. 2)
   -----------------------------------------------------------------------------
   Ref. 1: J. Zheng, T. Yu, E. Papajak, I. M. Alecu, S. L. Mielke, and
           D. G. Truhlar, Phys. Chem. Chem. Phys. 13, 10885 (2011).
   Ref. 2: T. Yu, J. Zheng, and D. G. Truhlar, Chem. Sci. 2, 2199 (2011)

   Calculation run on 02/01/2022 at 11:23:01  

   Number of structures:             8
   Number of torsions:               6
   Method:                           MS-T(C)
   Frequency scaling factor:         0.964
   Delta T for finite difference:    0.5 K
   Internal coordinates
     Bonds:         01-02  01-20  02-03  02-16  02-17  03-14  04-12  04-13  05-06
     Bonds:         05-08  06-07  07-10  07-11  18-21  01-19  03-15  07-09  03-04
     Bonds:         04-05  01-18
     Angles:        01-02-03  02-03-04  02-03-14  03-04-13  04-05-06  05-04-12
     Angles:        05-06-07  06-05-08  06-07-11  10-07-11  12-04-13  14-03-15
     Angles:        18-01-19  16-02-17  02-01-19  18-01-20  01-02-16  09-07-11
     Linear Angles: 01=18=21
     Dihedrals:     01-03-16-02  02-04-14-03  02-18-19-01  03-05-12-04
     Dihedrals:     03-05-13-04  03-16-17-02  04-06-08-05  04-14-15-03
     Dihedrals:     06-09-11-07  06-10-11-07  18-19-20-01  04-03-02-01
     Dihedrals:     05-04-03-02  06-05-04-03  07-06-05-04  03-02-01-18
     Dihedrals:     09-07-06-05

   All moment output uses units of amu for masses and Angstroms for distances 

                           ==========================
                                Structure   1
                           ==========================

   Normal-mode Frequencies (cm-1) 
   (Overall translation and rotation projected out)
    1294.8633i      0.0000i      0.0000i      0.0000i      0.0000i      0.0000 
       0.0001      36.4262      61.4552      97.2376     138.2227     161.7325 
     177.1906     212.3716     239.4682     273.4590     336.3196     369.6892 
     514.1459     567.9588     580.5803     651.3268     741.8989     839.1631 
     859.7024     917.3688     934.6044    1015.1089    1044.3627    1060.3794 
    1099.3887    1114.7432    1164.0285    1173.5563    1183.7497    1191.7509 
    1205.7310    1224.6194    1260.7843    1299.7918    1306.9802    1387.7481 
    1399.7278    1433.3358    1436.1489    1451.0382    1459.8821    1461.2745 
    1463.8362    1477.6312    1697.0380    1823.4121    2982.7797    3014.8621 
    3020.4576    3022.6067    3028.6720    3059.0226    3061.5264    3071.5439 
    3113.1786    3146.3519    3146.7285 
   Torsion-projected frequencies/non-torsional frequencies (cm-1)
    1294.8311i    207.5333     238.1323     272.7556     335.8828     369.4197 
     513.8604     566.7380     578.1216     650.9444     741.5735     839.1368 
     859.6718     917.3602     934.5755    1015.0961    1044.3552    1060.3716 
    1099.3755    1114.7389    1163.7181    1173.5457    1183.7257    1191.7502 
    1205.7150    1224.6041    1260.7790    1299.7649    1306.9782    1387.7447 
    1399.7248    1433.3270    1436.1437    1451.0309    1459.8761    1461.2635 
    1463.7541    1477.6312    1697.0211    1823.4113    2982.7732    3014.8620 
    3020.4570    3022.6014    3028.6720    3059.0225    3061.5249    3071.5427 
    3113.1698    3146.3518    3146.7285 
   Product of consistently coupled torsional frequencies (in cm-1^ntor)  8.9906E+11
   Primitively coupled torsional frequencies (cm-1) (Not used)
      39.6556      69.9243     104.3779     141.0168     172.4114     187.1617 
   Product of primitively coupled torsional frequencies (in cm-1^ntor)   1.3170E+12
   Effective coupled torsional barrier (kcal/mol)
        1.090        1.510        3.160        4.318        8.453        9.051 

   D matrix: 
   m-n        1             2             3             4             5
    1   2.750068E+01  5.673966E-01 -4.181761E+00 -1.566639E-01  4.943812E+00
    2   5.673966E-01  2.584138E+01  6.838180E+00  5.540110E+00  5.652188E+00
    3  -4.181761E+00  6.838180E+00  4.292034E+01 -1.275575E+01 -4.250213E-01
    4  -1.566639E-01  5.540110E+00 -1.275575E+01  1.758748E+01  1.532278E+00
    5   4.943812E+00  5.652188E+00 -4.250213E-01  1.532278E+00  7.837970E+00
    6  -2.851982E-01  8.951877E-01  2.275934E+00  1.404445E+00  8.354227E-02
   m-n        6
    1  -2.851982E-01
    2   8.951877E-01
    3   2.275934E+00
    4   1.404445E+00
    5   8.354227E-02
    6   3.111028E+00

   Eigenvalues of D matrix:
     4.9742E+01    3.1094E+01    2.7204E+01    9.0745E+00    5.1719E+00    2.5127E+00
   Determinant of D matrix  3.775650E+029

          Uncoupled force constants (au), Pitzer moment of inertia (amu A^2),
   uncoupled torsional frequencies (cm-1), and uncoupled torsional barrier (kcal/mol)
   --------------------------------------------------------------------------------
   Torsion               1             2             3             4             5
   Force constant   2.12788E-02  4.44630E-02  1.14982E-02  4.46125E-02  1.88853E-02
   Moment          27.501       25.841       42.920       17.587        7.838
   Tor. Freq.        75.667      112.836       44.523      137.004      133.526
   Rot. barrier       4.001        8.360        2.162        8.388        3.551
   M_j,tau            2.584        2.584        2.584        2.584        2.584

   Torsion               6
   Force constant   8.03555E-03
   Moment           3.111
   Tor. Freq.       138.249
   Rot. barrier       1.121
   M_j,tau            3.000
   --------------------------------------------------------------------------------
   Potential Energy =   0.000 kcal/mol
   Weight =  2
   Overall rotational symmetry number =   1

                           ==========================
                                Structure   2
                           ==========================

   Normal-mode Frequencies (cm-1) 
   (Overall translation and rotation projected out)
    1291.3660i      0.0000i      0.0000i      0.0000       0.0000       0.0000 
       0.0001      35.5560      75.1099      88.7027     132.4977     143.6046 
     170.5034     203.5074     220.9627     292.7992     339.5470     360.8543 
     514.2569     559.8066     580.3817     651.9393     739.4216     843.3213 
     857.1416     917.6770     938.7028    1013.8804    1051.3768    1063.8266 
    1073.4542    1124.2496    1164.1562    1172.2575    1174.1960    1191.6353 
    1204.2495    1242.6368    1270.8836    1290.3983    1310.9615    1372.5298 
    1395.8799    1432.8129    1441.8067    1454.6682    1460.4846    1464.0333 
    1470.3725    1477.6264    1721.3644    1824.4706    2997.4174    3013.1827 
    3020.4956    3028.9979    3050.9613    3055.0546    3063.9899    3075.0816 
    3113.6821    3142.1414    3147.0820 
   Torsion-projected frequencies/non-torsional frequencies (cm-1)
    1291.3657i    195.5957     218.6820     291.9285     339.4602     360.7186 
     514.2364     558.0445     577.9417     651.5752     738.8880     843.3049 
     857.1171     917.6489     938.6844    1013.8685    1051.3696    1063.8217 
    1073.4406    1124.2417    1163.8419    1172.2554    1174.1914    1191.6340 
    1204.2389    1242.6157    1270.8475    1290.3899    1310.9021    1372.5294 
    1395.8775    1432.8025    1441.8046    1454.6669    1460.4845    1463.9536 
    1470.3656    1477.6264    1721.3644    1824.4701    2997.4168    3013.1826 
    3020.4954    3028.9979    3050.9542    3055.0533    3063.9859    3075.0795 
    3113.6733    3142.1384    3147.0820 
   Product of consistently coupled torsional frequencies (in cm-1^ntor)  8.1844E+11
   Primitively coupled torsional frequencies (cm-1) (Not used)
      39.0551      87.1252      93.3716     139.4243     152.2857     185.1679 
   Product of primitively coupled torsional frequencies (in cm-1^ntor)   1.2491E+12
   Effective coupled torsional barrier (kcal/mol)
        1.108        1.458        2.837        4.049        7.971        8.494 

   D matrix: 
   m-n        1             2             3             4             5
    1   2.165106E+01 -3.144200E+00 -3.476470E+00 -1.209122E+00  6.633322E-01
    2  -3.144200E+00  2.634004E+01  7.772235E+00  5.619668E+00  5.820171E+00
    3  -3.476470E+00  7.772235E+00  4.418731E+01 -1.273129E+01  1.480867E+00
    4  -1.209122E+00  5.619668E+00 -1.273129E+01  1.766772E+01  1.224496E+00
    5   6.633322E-01  5.820171E+00  1.480867E+00  1.224496E+00  7.454030E+00
    6  -3.158446E-01  9.669371E-01  2.368927E+00  1.410157E+00  1.982112E-01
   m-n        6
    1  -3.158446E-01
    2   9.669371E-01
    3   2.368927E+00
    4   1.410157E+00
    5   1.982112E-01
    6   3.118375E+00

   Eigenvalues of D matrix:
     5.1114E+01    3.1264E+01    2.0685E+01    9.2299E+00    5.6096E+00    2.5166E+00
   Determinant of D matrix  3.277408E+029

          Uncoupled force constants (au), Pitzer moment of inertia (amu A^2),
   uncoupled torsional frequencies (cm-1), and uncoupled torsional barrier (kcal/mol)
   --------------------------------------------------------------------------------
   Torsion               1             2             3             4             5
   Force constant   2.21957E-02  4.01770E-02  1.13150E-02  4.45073E-02  1.53218E-02
   Moment          21.651       26.340       44.187       17.668        7.454
   Tor. Freq.        87.096      106.239       43.529      136.531      123.329
   Rot. barrier       4.119        7.456        2.100        8.259        2.843
   M_j,tau            2.601        2.601        2.601        2.601        2.601

   Torsion               6
   Force constant   8.17756E-03
   Moment           3.118
   Tor. Freq.       139.301
   Rot. barrier       1.140
   M_j,tau            3.000
   --------------------------------------------------------------------------------
   Potential Energy =   0.320 kcal/mol
   Weight =  2
   Overall rotational symmetry number =   1

                           ==========================
                                Structure   3
                           ==========================

   Normal-mode Frequencies (cm-1) 
   (Overall translation and rotation projected out)
    1299.3289i      0.0000i      0.0000i      0.0000i      0.0000       0.0000 
       0.0001      46.5949      55.6153     121.6434     140.5938     168.6115 
     184.7095     251.1916     268.9582     323.1523     335.7572     397.5644 
     479.0544     576.5918     586.6207     660.8256     766.5383     831.2770 
     859.9267     920.3139     951.9058     974.5241    1041.9842    1052.7459 
    1083.8367    1129.2942    1163.9464    1175.3757    1190.8029    1193.0050 
    1196.3698    1218.7848    1262.8421    1286.6167    1350.6123    1377.9925 
    1401.0531    1433.5527    1438.4181    1451.9785    1460.5913    1461.4645 
    1463.8128    1477.1403    1676.6915    1821.2136    2983.0452    3009.1940 
    3023.9480    3028.1522    3045.8363    3053.4774    3064.7008    3078.5488 
    3112.6116    3138.6378    3145.9700 
   Torsion-projected frequencies/non-torsional frequencies (cm-1)
    1299.2395i    186.1304     266.6893     316.2181     335.1564     395.8366 
     479.0051     575.1867     585.5154     660.6816     766.4539     831.2355 
     859.8334     920.2973     951.8552     974.4690    1041.9563    1052.7423 
    1083.7938    1129.2833    1163.6305    1175.3353    1190.7950    1193.0005 
    1196.3411    1218.7147    1262.8392    1286.5994    1350.6109    1377.9893 
    1401.0489    1433.5491    1438.3715    1451.9519    1460.5565    1461.4618 
    1463.7429    1477.1393    1676.6713    1821.2121    2983.0427    3009.1939 
    3023.9437    3028.1521    3045.8328    3053.4742    3064.6962    3078.5412 
    3112.6026    3138.6377    3145.9700 
   Product of consistently coupled torsional frequencies (in cm-1^ntor)  1.9426E+12
   Primitively coupled torsional frequencies (cm-1) (Not used)
      49.1690      60.3090     133.1297     146.7460     180.3131     257.1418 
   Product of primitively coupled torsional frequencies (in cm-1^ntor)   2.6861E+12
   Effective coupled torsional barrier (kcal/mol)
        1.106        2.450        5.144        7.427        8.445       11.671 

   D matrix: 
   m-n        1             2             3             4             5
    1   3.373692E+01  2.687380E+01 -6.062638E+00  7.082147E+00  3.808151E+00
    2   2.687380E+01  4.695829E+01  8.075775E+00  9.762374E+00  4.504217E-01
    3  -6.062638E+00  8.075775E+00  4.193976E+01 -1.150712E+01  2.180053E+00
    4   7.082147E+00  9.762374E+00 -1.150712E+01  1.801926E+01 -3.324310E-01
    5   3.808151E+00  4.504217E-01  2.180053E+00 -3.324310E-01  7.969530E+00
    6   9.880244E-02  1.317985E+00  2.288713E+00  1.537458E+00  1.328668E-01
   m-n        6
    1   9.880244E-02
    2   1.317985E+00
    3   2.288713E+00
    4   1.537458E+00
    5   1.328668E-01
    6   3.122525E+00

   Eigenvalues of D matrix:
     7.0911E+01    4.8810E+01    1.5320E+01    9.2826E+00    4.9295E+00    2.4932E+00
   Determinant of D matrix  4.603217E+029

          Uncoupled force constants (au), Pitzer moment of inertia (amu A^2),
   uncoupled torsional frequencies (cm-1), and uncoupled torsional barrier (kcal/mol)
   --------------------------------------------------------------------------------
   Torsion               1             2             3             4             5
   Force constant   2.84558E-02  4.80388E-02  1.61048E-02  4.30700E-02  4.52322E-02
   Moment          33.737       46.958       41.940       18.019        7.970
   Tor. Freq.        79.002       87.005       53.305      132.992      204.933
   Rot. barrier       5.522        9.323        3.125        8.359        8.778
   M_j,tau            2.543        2.543        2.543        2.543        2.543

   Torsion               6
   Force constant   8.15222E-03
   Moment           3.123
   Tor. Freq.       138.992
   Rot. barrier       1.137
   M_j,tau            3.000
   --------------------------------------------------------------------------------
   Potential Energy =   0.332 kcal/mol
   Weight =  2
   Overall rotational symmetry number =   1

                           ==========================
                                Structure   4
                           ==========================

   Normal-mode Frequencies (cm-1) 
   (Overall translation and rotation projected out)
    1283.1585i      0.0001i      0.0000i      0.0000i      0.0000       0.0000 
       0.0000      30.1178      60.8545      97.5992     120.4210     134.8002 
     142.6300     180.7320     217.8351     288.9390     315.6578     362.1648 
     487.3968     558.9054     578.5623     699.7715     719.0717     793.8052 
     909.0430     922.4370     930.7424    1030.1979    1046.9034    1069.1077 
    1096.3504    1110.0076    1164.0989    1169.8525    1171.8511    1190.4693 
    1216.6889    1218.5522    1277.6752    1290.4798    1304.0760    1352.0324 
    1405.1874    1435.3420    1443.4879    1459.3606    1463.1532    1463.6679 
    1475.1971    1478.0201    1728.0776    1826.8063    2992.9083    3013.1717 
    3024.0907    3028.4359    3033.8916    3052.1429    3057.1941    3076.2244 
    3112.8650    3144.1629    3146.2442 
   Torsion-projected frequencies/non-torsional frequencies (cm-1)
    1283.1585i     97.5992     217.8351     288.9390     315.6578     362.1648 
     487.3968     557.1534     575.6516     699.7715     718.2422     793.6830 
     909.0430     922.2536     930.7424    1030.1979    1046.9034    1069.1077 
    1096.3504    1109.9741    1163.7974    1169.8444    1171.8511    1190.4693 
    1216.6889    1218.5091    1277.6752    1290.4322    1304.0539    1352.0324 
    1405.1874    1435.3420    1443.4879    1459.3606    1463.1532    1463.5873 
    1475.1971    1478.0201    1728.0776    1826.8063    2992.9083    3013.1717 
    3024.0907    3028.4359    3033.8885    3052.1382    3057.1941    3076.2234 
    3112.8563    3144.1605    3146.2442 
   Product of consistently coupled torsional frequencies (in cm-1^ntor)  7.7474E+11
   Primitively coupled torsional frequencies (cm-1) (Not used)
      34.4786      66.6778     125.8206     138.7797     151.2401     187.5288 
   Product of primitively coupled torsional frequencies (in cm-1^ntor)   1.1385E+12
   Effective coupled torsional barrier (kcal/mol)
        0.735        1.094        2.411        2.760        3.897        7.034 

   D matrix: 
   m-n        1             2             3             4             5
    1   1.933264E+01 -4.973569E+00  1.493775E+01 -5.399261E+00 -2.374929E-01
    2  -4.973569E+00  2.451608E+01 -4.410912E+00  9.258934E+00  6.296214E+00
    3   1.493775E+01 -4.410912E+00  2.926169E+01 -1.211937E+01  1.070168E+00
    4  -5.399261E+00  9.258934E+00 -1.211937E+01  1.838783E+01  1.323422E+00
    5  -2.374929E-01  6.296214E+00  1.070168E+00  1.323422E+00  7.654764E+00
    6   7.072153E-01  3.217383E-01  1.328389E+00  1.508188E+00  1.757919E-01
   m-n        6
    1   7.072153E-01
    2   3.217383E-01
    3   1.328389E+00
    4   1.508188E+00
    5   1.757919E-01
    6   3.049739E+00

   Eigenvalues of D matrix:
     5.0159E+01    2.5333E+01    1.2500E+01    2.4702E+00    6.5041E+00    5.2365E+00
   Determinant of D matrix  1.016832E+029

          Uncoupled force constants (au), Pitzer moment of inertia (amu A^2),
   uncoupled torsional frequencies (cm-1), and uncoupled torsional barrier (kcal/mol)
   --------------------------------------------------------------------------------
   Torsion               1             2             3             4             5
   Force constant   2.32072E-02  1.78964E-02  5.31889E-03  4.37455E-02  1.59515E-02
   Moment          19.333       24.516       29.262       18.388        7.655
   Tor. Freq.        94.248       73.496       36.675      132.680      124.177
   Rot. barrier       3.676        2.835        0.842        6.929        2.527
   M_j,tau            2.815        2.815        2.815        2.815        2.815

   Torsion               6
   Force constant   8.05696E-03
   Moment           3.050
   Tor. Freq.       139.817
   Rot. barrier       1.124
   M_j,tau            3.000
   --------------------------------------------------------------------------------
   Potential Energy =   0.452 kcal/mol
   Weight =  1
   Overall rotational symmetry number =   1

                           ==========================
                                Structure   5
                           ==========================

   Normal-mode Frequencies (cm-1) 
   (Overall translation and rotation projected out)
    1315.9298i      0.0000i      0.0000i      0.0000i      0.0000i      0.0000i
       0.0000      34.4550      62.0967      93.5400     138.7577     155.1822 
     173.0754     208.4329     242.9146     282.9032     322.0884     368.7406 
     514.1280     570.5810     580.0616     650.8096     746.1839     840.7119 
     852.2080     917.0990     928.4738    1015.8725    1046.6576    1069.4845 
    1084.2910    1124.3239    1162.9311    1164.6995    1184.7718    1188.7704 
    1193.3103    1243.1852    1257.2322    1288.7571    1312.5053    1388.8069 
    1399.0394    1433.1460    1436.4456    1452.3647    1459.9624    1461.8142 
    1463.8793    1477.7367    1697.8038    1826.0613    2953.7473    3009.4238 
    3019.2729    3028.6218    3043.6781    3055.4085    3060.4602    3071.9456 
    3113.1198    3143.1183    3146.4633 
   Torsion-projected frequencies/non-torsional frequencies (cm-1)
    1315.9072i    203.1159     241.7008     281.7127     322.0120     368.6484 
     513.8749     569.2086     577.5675     650.4082     745.8670     840.6826 
     852.1871     917.0906     928.4476    1015.8696    1046.6538    1069.4697 
    1084.2798    1124.3173    1162.8104    1164.4929    1184.7595    1188.7655 
    1193.3082    1243.1622    1257.2268    1288.7439    1312.4922    1388.8043 
    1399.0369    1433.1373    1436.4410    1452.3568    1459.9597    1461.8037 
    1463.7976    1477.7367    1697.7932    1826.0607    2953.7472    3009.4235 
    3019.2727    3028.6218    3043.6737    3055.4080    3060.4582    3071.9442 
    3113.1110    3143.1181    3146.4633 
   Product of consistently coupled torsional frequencies (in cm-1^ntor)  7.7969E+11
   Primitively coupled torsional frequencies (cm-1) (Not used)
      38.1632      69.0753     101.3441     141.5846     165.4558     184.5467 
   Product of primitively coupled torsional frequencies (in cm-1^ntor)   1.1550E+12
   Effective coupled torsional barrier (kcal/mol)
        1.101        1.374        2.992        4.275        7.692        8.498 

   D matrix: 
   m-n        1             2             3             4             5
    1   2.819623E+01  3.808750E-01 -3.674477E+00 -4.051705E-01  5.144422E+00
    2   3.808750E-01  2.480376E+01  8.328923E+00  4.811497E+00  4.844719E+00
    3  -3.674477E+00  8.328923E+00  4.362659E+01 -1.262474E+01  2.289161E+00
    4  -4.051705E-01  4.811497E+00 -1.262474E+01  1.738266E+01  4.682658E-01
    5   5.144422E+00  4.844719E+00  2.289161E+00  4.682658E-01  7.583033E+00
    6  -2.647363E-01  9.531300E-01  2.337443E+00  1.397665E+00  2.095587E-01
   m-n        6
    1  -2.647363E-01
    2   9.531300E-01
    3   2.337443E+00
    4   1.397665E+00
    5   2.095587E-01
    6   3.115233E+00

   Eigenvalues of D matrix:
     5.0847E+01    3.0157E+01    2.7117E+01    8.8390E+00    5.2346E+00    2.5135E+00
   Determinant of D matrix  3.679624E+029

          Uncoupled force constants (au), Pitzer moment of inertia (amu A^2),
   uncoupled torsional frequencies (cm-1), and uncoupled torsional barrier (kcal/mol)
   --------------------------------------------------------------------------------
   Torsion               1             2             3             4             5
   Force constant   2.25904E-02  3.78936E-02  1.05414E-02  4.42127E-02  1.71291E-02
   Moment          28.196       24.804       43.627       17.383        7.583
   Tor. Freq.        76.997      106.324       42.284      137.189      129.286
   Rot. barrier       4.233        7.100        1.975        8.284        3.209
   M_j,tau            2.588        2.588        2.588        2.588        2.588

   Torsion               6
   Force constant   8.11783E-03
   Moment           3.115
   Tor. Freq.       138.861
   Rot. barrier       1.132
   M_j,tau            3.000
   --------------------------------------------------------------------------------
   Potential Energy =   0.453 kcal/mol
   Weight =  2
   Overall rotational symmetry number =   1

                           ==========================
                                Structure   6
                           ==========================

   Normal-mode Frequencies (cm-1) 
   (Overall translation and rotation projected out)
    1311.9139i      0.0000i      0.0000i      0.0000       0.0000       0.0000 
       0.0001      26.6270      63.1843      99.9919     106.0826     137.0639 
     155.3338     181.4000     242.6308     288.4083     313.3580     358.0565 
     482.1496     568.6209     579.2782     699.4863     719.0795     808.4041 
     892.7843     922.0700     924.4172    1031.4559    1054.9512    1077.7836 
    1088.8250    1123.2646    1158.4360    1164.3065    1183.2837    1190.6646 
    1194.6509    1224.7596    1267.2488    1290.0208    1302.2793    1368.2048 
    1411.4747    1435.9679    1437.2102    1453.4876    1459.5121    1463.5906 
    1473.1763    1478.1188    1694.5763    1827.5063    2960.4659    3010.9770 
    3013.4646    3022.8334    3028.2838    3050.7032    3059.1421    3074.1240 
    3112.6653    3145.9484    3146.5318 
   Torsion-projected frequencies/non-torsional frequencies (cm-1)
    1311.8722i    104.9750     241.9105     287.9787     313.2242     357.8777 
     481.9086     567.1898     576.3807     699.4613     718.3491     808.3284 
     892.7830     922.0273     924.3736    1031.4540    1054.9396    1077.7777 
    1088.7951    1123.2532    1158.4178    1164.0107    1183.2568    1190.6638 
    1194.6466    1224.7589    1267.2396    1290.0176    1302.2690    1368.2037 
    1411.4741    1435.9642    1437.2085    1453.4769    1459.5119    1463.5100 
    1473.1737    1478.1187    1694.5595    1827.5062    2960.4657    3010.9769 
    3013.4608    3022.8334    3028.2838    3050.6996    3059.1421    3074.1231 
    3112.6566    3145.9484    3146.5317 
   Product of consistently coupled torsional frequencies (in cm-1^ntor)  6.6657E+11
   Primitively coupled torsional frequencies (cm-1) (Not used)
      31.0883      67.7871     112.5027     139.5681     163.0029     187.6655 
   Product of primitively coupled torsional frequencies (in cm-1^ntor)   1.0122E+12
   Effective coupled torsional barrier (kcal/mol)
        0.692        1.095        2.445        2.883        3.806        7.158 

   D matrix: 
   m-n        1             2             3             4             5
    1   2.332619E+01 -2.471968E+00  1.827254E+01 -5.518613E+00  3.232665E+00
    2  -2.471968E+00  2.310565E+01 -2.768747E+00  8.451813E+00  5.315852E+00
    3   1.827254E+01 -2.768747E+00  3.203610E+01 -1.236387E+01  3.590531E+00
    4  -5.518613E+00  8.451813E+00 -1.236387E+01  1.826758E+01  4.367249E-01
    5   3.232665E+00  5.315852E+00  3.590531E+00  4.367249E-01  7.543420E+00
    6   9.413250E-01  3.841561E-01  1.513084E+00  1.480258E+00  2.959232E-01
   m-n        6
    1   9.413250E-01
    2   3.841561E-01
    3   1.513084E+00
    4   1.480258E+00
    5   2.959232E-01
    6   3.061162E+00

   Eigenvalues of D matrix:
     5.3358E+01    2.7312E+01    1.2376E+01    6.8505E+00    4.9720E+00    2.4721E+00
   Determinant of D matrix  1.155590E+029

          Uncoupled force constants (au), Pitzer moment of inertia (amu A^2),
   uncoupled torsional frequencies (cm-1), and uncoupled torsional barrier (kcal/mol)
   --------------------------------------------------------------------------------
   Torsion               1             2             3             4             5
   Force constant   2.16205E-02  1.60966E-02  4.98686E-03  4.37085E-02  1.85007E-02
   Moment          23.326       23.106       32.036       18.268        7.543
   Tor. Freq.        82.816       71.798       33.939      133.060      134.715
   Rot. barrier       3.494        2.601        0.806        7.063        2.989
   M_j,tau            2.787        2.787        2.787        2.787        2.787

   Torsion               6
   Force constant   8.08077E-03
   Moment           3.061
   Tor. Freq.       139.762
   Rot. barrier       1.127
   M_j,tau            3.000
   --------------------------------------------------------------------------------
   Potential Energy =   0.478 kcal/mol
   Weight =  2
   Overall rotational symmetry number =   1

                           ==========================
                                Structure   7
                           ==========================

   Normal-mode Frequencies (cm-1) 
   (Overall translation and rotation projected out)
    1274.7743i      0.0000i      0.0000i      0.0000i      0.0000       0.0000 
       0.0000      53.4955      96.6592     121.6467     145.6847     173.8188 
     211.6939     226.0759     295.2523     307.0626     342.6789     395.9825 
     471.9542     571.4500     603.2612     663.4867     796.7928     815.8620 
     862.0141     926.9857     936.6716     980.0960    1043.1291    1060.9345 
    1092.6547    1121.8114    1163.5213    1175.3578    1180.0425    1193.3105 
    1210.4270    1240.6506    1254.7842    1277.5953    1355.1810    1373.3575 
    1401.4250    1427.5310    1434.6814    1448.5698    1459.5304    1461.2078 
    1463.8185    1476.2719    1682.6366    1822.0517    2971.7608    3008.5740 
    3014.9907    3023.8710    3027.4936    3063.1759    3063.9694    3070.9922 
    3112.2339    3145.7226    3156.4230 
   Torsion-projected frequencies/non-torsional frequencies (cm-1)
    1274.6815i    208.8815     284.6340     299.2910     338.0176     394.5548 
     471.9483     568.7794     603.0277     663.2436     796.6387     815.8339 
     861.9663     926.9668     936.6446     980.0510    1043.1083    1060.9054 
    1092.6331    1121.7934    1163.1793    1175.3395    1180.0282    1193.3077 
    1210.3952    1240.6430    1254.7753    1277.5847    1355.1749    1373.3565 
    1401.4237    1427.5214    1434.6709    1448.5521    1459.5265    1461.2015 
    1463.7604    1476.2682    1682.6216    1822.0465    2971.7607    3008.5693 
    3014.9901    3023.8702    3027.4934    3063.1751    3063.9673    3070.9918 
    3112.2239    3145.7226    3156.4199 
   Product of consistently coupled torsional frequencies (in cm-1^ntor)  3.9771E+12
   Primitively coupled torsional frequencies (cm-1) (Not used)
      56.0415     101.3327     132.6171     149.0818     186.7946     252.0421 
   Product of primitively coupled torsional frequencies (in cm-1^ntor)   5.2859E+12
   Effective coupled torsional barrier (kcal/mol)
        1.160        2.771        7.572        7.967       12.101       21.711 

   D matrix: 
   m-n        1             2             3             4             5
    1   2.709349E+01  1.064308E+01  1.279567E+01 -1.003117E+00  5.085353E+00
    2   1.064308E+01  4.639359E+01  1.121280E+01  8.636907E+00  4.791086E+00
    3   1.279567E+01  1.121280E+01  4.205876E+01 -1.145719E+01 -1.366775E+00
    4  -1.003117E+00  8.636907E+00 -1.145719E+01  1.785300E+01  1.063010E+00
    5   5.085353E+00  4.791086E+00 -1.366775E+00  1.063010E+00  8.243240E+00
    6   8.636510E-01  1.477712E+00  2.310687E+00  1.533181E+00 -1.389110E-02
   m-n        6
    1   8.636510E-01
    2   1.477712E+00
    3   2.310687E+00
    4   1.533181E+00
    5  -1.389110E-02
    6   3.125795E+00

   Eigenvalues of D matrix:
     6.3674E+01    4.2175E+01    2.0515E+01    1.0110E+01    5.7821E+00    2.5118E+00
   Determinant of D matrix  6.155593E+029

          Uncoupled force constants (au), Pitzer moment of inertia (amu A^2),
   uncoupled torsional frequencies (cm-1), and uncoupled torsional barrier (kcal/mol)
   --------------------------------------------------------------------------------
   Torsion               1             2             3             4             5
   Force constant   4.89898E-02  9.05996E-02  2.59414E-02  4.07070E-02  6.41667E-02
   Moment          27.094       46.394       42.059       17.853        8.243
   Tor. Freq.       115.671      120.210       67.558      129.893      240.000
   Rot. barrier       9.438       17.453        4.997        7.842       12.361
   M_j,tau            2.552        2.552        2.552        2.552        2.552

   Torsion               6
   Force constant   8.54102E-03
   Moment           3.126
   Tor. Freq.       142.194
   Rot. barrier       1.191
   M_j,tau            3.000
   --------------------------------------------------------------------------------
   Potential Energy =   0.491 kcal/mol
   Weight =  2
   Overall rotational symmetry number =   1

                           ==========================
                                Structure   8
                           ==========================

   Normal-mode Frequencies (cm-1) 
   (Overall translation and rotation projected out)
    1302.1061i      0.0001i      0.0000i      0.0000i      0.0000       0.0000 
       0.0000      26.4016      61.8443     102.8538     130.7155     138.4394 
     176.1110     206.7765     262.7427     308.9459     325.6340     412.6189 
     434.9377     580.0846     581.2876     696.3269     759.8766     807.6396 
     886.9582     921.7051     939.6280     972.8051    1043.5057    1075.5730 
    1104.9556    1108.1481    1164.1221    1180.1293    1182.1699    1190.6992 
    1206.1247    1227.1913    1249.0955    1295.6792    1334.7151    1361.3702 
    1409.7405    1433.0715    1436.1274    1449.6273    1459.3852    1463.5739 
    1469.6800    1478.0092    1691.7609    1824.3628    2978.1384    3009.7316 
    3017.8895    3026.3884    3027.9806    3053.3902    3057.6692    3077.1985 
    3111.9209    3140.5138    3145.5781 
   Torsion-projected frequencies/non-torsional frequencies (cm-1)
    1301.9833i    155.3386     258.0848     307.7619     317.6933     412.5077 
     434.8347     577.7203     580.3702     696.2489     759.6764     807.4036 
     886.9415     921.6904     939.5413     972.7482    1043.4962    1075.5497 
    1104.9454    1108.1054    1163.8190    1180.1271    1182.1480    1190.6973 
    1206.1034    1227.1335    1249.0726    1295.6431    1334.7147    1361.3606 
    1409.7397    1433.0690    1436.1224    1449.6105    1459.3851    1463.4907 
    1469.6793    1478.0092    1691.7374    1824.3625    2978.1381    3009.7271 
    3017.8890    3026.3860    3027.9803    3053.3899    3057.6591    3077.1956 
    3111.9119    3140.5135    3145.5781 
   Product of consistently coupled torsional frequencies (in cm-1^ntor)  7.5198E+11
   Primitively coupled torsional frequencies (cm-1) (Not used)
      31.9608      64.5318     122.5623     140.4145     183.4031     205.9067 
   Product of primitively coupled torsional frequencies (in cm-1^ntor)   1.3404E+12
   Effective coupled torsional barrier (kcal/mol)
        0.684        1.100        2.568        4.162        6.827        6.987 

   D matrix: 
   m-n        1             2             3             4             5
    1   2.212779E+01  8.590262E+00  1.466333E+01 -6.129614E-01  3.022762E+00
    2   8.590262E+00  3.361918E+01  5.725415E+00  9.478927E+00  1.033668E+00
    3   1.466333E+01  5.725415E+00  2.822093E+01 -8.467440E+00  2.593677E+00
    4  -6.129614E-01  9.478927E+00 -8.467440E+00  1.747804E+01 -2.772078E-01
    5   3.022762E+00  1.033668E+00  2.593677E+00 -2.772078E-01  7.921829E+00
    6   1.016119E+00  1.072451E+00  1.507833E+00  1.709175E+00  1.683203E-01
   m-n        6
    1   1.016119E+00
    2   1.072451E+00
    3   1.507833E+00
    4   1.709175E+00
    5   1.683203E-01
    6   3.076391E+00

   Eigenvalues of D matrix:
     4.7825E+01    3.5565E+01    1.2138E+01    2.4744E+00    7.0371E+00    7.4055E+00
   Determinant of D matrix  2.025722E+029

          Uncoupled force constants (au), Pitzer moment of inertia (amu A^2),
   uncoupled torsional frequencies (cm-1), and uncoupled torsional barrier (kcal/mol)
   --------------------------------------------------------------------------------
   Torsion               1             2             3             4             5
   Force constant   2.68885E-02  1.98919E-02  5.22459E-03  4.38899E-02  3.93761E-02
   Moment          22.128       33.619       28.221       17.478        7.922
   Tor. Freq.        94.824       66.168       37.012      136.314      191.783
   Rot. barrier       4.213        3.117        0.819        6.877        6.170
   M_j,tau            2.830        2.830        2.830        2.830        2.830

   Torsion               6
   Force constant   8.12255E-03
   Moment           3.076
   Tor. Freq.       139.775
   Rot. barrier       1.133
   M_j,tau            3.000
   --------------------------------------------------------------------------------
   Potential Energy =   0.656 kcal/mol
   Weight =  2
   Overall rotational symmetry number =   1

       List of zero-point inclusive energy (kcal/mol) for each structure
      ------------------------------------------------------------------
        Structure            Energy (T = 0 K)
      ------------------------------------------------------------------
          1                    107.52
          2                    107.88
          3                    108.12
          4                    107.84
          5                    107.90
          6                    107.76
          7                    108.39
          8                    108.19
      ZPE of the system =      107.52


     Note: The following SS-HO and SS-T include the Rot. P.F. and Boltzmann factor,
           but are calculated with weight = 1 for each structure. Weights are
           counted in MS partition functions. Zero of energy is set to the potential
           energy of global minimum.

            Partition function of structure    1
     ================================================================
          T(K)      Rot.          SS-HO           SS-T     SS-T/SS-HO
        100.00    8.7023E+004   7.7591E-230   6.0949E-230    0.786
        200.00    2.4614E+005   1.4149E-110   1.3190E-110    0.932
        298.15    4.4801E+005   2.0459E-070   2.1602E-070    1.056
        300.00    4.5219E+005   6.6594E-070   7.0443E-070    1.058
        500.00    9.7295E+005   7.2800E-036   8.7565E-036    1.203
        750.00    1.7874E+006   4.3909E-017   5.4874E-017    1.250
       1000.00    2.7519E+006   2.2017E-006   2.6795E-006    1.217
       1100.00    3.1749E+006   3.6253E-003   4.3197E-003    1.192
       1150.00    3.3938E+006   1.0343E-001   1.2174E-001    1.177
       1200.00    3.6175E+006   2.4192E+000   2.8101E+000    1.162
       1250.00    3.8459E+006   4.7413E+001   5.4303E+001    1.145
       1300.00    4.0790E+006   7.9319E+002   8.9502E+002    1.128
       1350.00    4.3165E+006   1.1508E+004   1.2784E+004    1.111
       1400.00    4.5586E+006   1.4679E+005   1.6043E+005    1.093
       1450.00    4.8049E+006   1.6658E+006   1.7901E+006    1.075
       1500.00    5.0556E+006   1.6992E+007   1.7944E+007    1.056
       1550.00    5.3105E+006   1.5721E+008   1.6306E+008    1.037
       1600.00    5.5695E+006   1.3299E+009   1.3542E+009    1.018
       1650.00    5.8326E+006   1.0358E+010   1.0350E+010    0.999
       1700.00    6.0997E+006   7.4743E+010   7.3267E+010    0.980
       1800.00    6.6457E+006   3.1634E+012   2.9810E+012    0.942
       1900.00    7.2072E+006   1.0473E+014   9.4773E+013    0.905
       2000.00    7.7836E+006   2.7977E+015   2.4287E+015    0.868
       2500.00    1.0878E+007   3.2432E+021   2.2702E+021    0.700

            Partition function of structure    2
     ================================================================
          T(K)      Rot.          SS-HO           SS-T     SS-T/SS-HO
        100.00    8.9980E+004   1.3603E-230   1.0299E-230    0.757
        200.00    2.5450E+005   6.4408E-111   5.8277E-111    0.905
        298.15    4.6323E+005   1.2906E-070   1.3317E-070    1.032
        300.00    4.6755E+005   4.2183E-070   4.3611E-070    1.034
        500.00    1.0060E+006   6.0396E-036   7.1429E-036    1.183
        750.00    1.8482E+006   4.1718E-017   5.1081E-017    1.224
       1000.00    2.8454E+006   2.2367E-006   2.6457E-006    1.183
       1100.00    3.2827E+006   3.7499E-003   4.3265E-003    1.154
       1150.00    3.5091E+006   1.0782E-001   1.2265E-001    1.138
       1200.00    3.7404E+006   2.5399E+000   2.8458E+000    1.120
       1250.00    3.9766E+006   5.0104E+001   5.5246E+001    1.103
       1300.00    4.2176E+006   8.4325E+002   9.1425E+002    1.084
       1350.00    4.4632E+006   1.2302E+004   1.3105E+004    1.065
       1400.00    4.7134E+006   1.5773E+005   1.6498E+005    1.046
       1450.00    4.9682E+006   1.7984E+006   1.8460E+006    1.026
       1500.00    5.2274E+006   1.8426E+007   1.8550E+007    1.007
       1550.00    5.4909E+006   1.7118E+008   1.6894E+008    0.987
       1600.00    5.7587E+006   1.4536E+009   1.4057E+009    0.967
       1650.00    6.0308E+006   1.1362E+010   1.0762E+010    0.947
       1700.00    6.3070E+006   8.2270E+010   7.6297E+010    0.927
       1800.00    6.8716E+006   3.5035E+012   3.1120E+012    0.888
       1900.00    7.4521E+006   1.1663E+014   9.9126E+013    0.850
       2000.00    8.0481E+006   3.1308E+015   2.5439E+015    0.813
       2500.00    1.1248E+007   3.6967E+021   2.3846E+021    0.645

            Partition function of structure    3
     ================================================================
          T(K)      Rot.          SS-HO           SS-T     SS-T/SS-HO
        100.00    8.2855E+004   2.8483E-231   2.2965E-231    0.806
        200.00    2.3435E+005   1.8556E-111   1.7000E-111    0.916
        298.15    4.2655E+005   3.8870E-071   3.9180E-071    1.008
        300.00    4.3053E+005   1.2708E-070   1.2829E-070    1.009
        500.00    9.2635E+005   1.8293E-036   2.0715E-036    1.132
        750.00    1.7018E+006   1.2551E-017   1.5220E-017    1.213
       1000.00    2.6201E+006   6.6981E-007   8.3478E-007    1.246
       1100.00    3.0228E+006   1.1215E-003   1.4017E-003    1.250
       1150.00    3.2312E+006   3.2229E-002   4.0277E-002    1.250
       1200.00    3.4442E+006   7.5885E-001   9.4736E-001    1.248
       1250.00    3.6617E+006   1.4963E+001   1.8645E+001    1.246
       1300.00    3.8836E+006   2.5173E+002   3.1280E+002    1.243
       1350.00    4.1098E+006   3.6712E+003   4.5454E+003    1.238
       1400.00    4.3402E+006   4.7054E+004   5.8004E+004    1.233
       1450.00    4.5748E+006   5.3635E+005   6.5780E+005    1.226
       1500.00    4.8134E+006   5.4938E+006   6.6987E+006    1.219
       1550.00    5.0561E+006   5.1026E+007   6.1816E+007    1.211
       1600.00    5.3027E+006   4.3320E+008   5.2108E+008    1.203
       1650.00    5.5532E+006   3.3855E+009   4.0410E+009    1.194
       1700.00    5.8075E+006   2.4508E+010   2.9012E+010    1.184
       1800.00    6.3274E+006   1.0433E+012   1.2129E+012    1.162
       1900.00    6.8620E+006   3.4723E+013   3.9562E+013    1.139
       2000.00    7.4108E+006   9.3187E+014   1.0388E+015    1.115
       2500.00    1.0357E+007   1.0995E+021   1.0779E+021    0.980

            Partition function of structure    4
     ================================================================
          T(K)      Rot.          SS-HO           SS-T     SS-T/SS-HO
        100.00    8.8536E+004   2.2779E-230   1.9331E-230    0.849
        200.00    2.5042E+005   1.1763E-110   1.2291E-110    1.045
        298.15    4.5580E+005   2.4979E-070   2.9319E-070    1.174
        300.00    4.6005E+005   8.1712E-070   9.6060E-070    1.176
        500.00    9.8986E+005   1.2418E-035   1.5934E-035    1.283
        750.00    1.8185E+006   8.8650E-017   1.0978E-016    1.238
       1000.00    2.7998E+006   4.8349E-006   5.3499E-006    1.107
       1100.00    3.2300E+006   8.1441E-003   8.5184E-003    1.046
       1150.00    3.4528E+006   2.3465E-001   2.3826E-001    1.015
       1200.00    3.6804E+006   5.5382E+000   5.4542E+000    0.985
       1250.00    3.9128E+006   1.0945E+002   1.0447E+002    0.955
       1300.00    4.1499E+006   1.8450E+003   1.7060E+003    0.925
       1350.00    4.3916E+006   2.6958E+004   2.4134E+004    0.895
       1400.00    4.6378E+006   3.4612E+005   2.9989E+005    0.866
       1450.00    4.8885E+006   3.9517E+006   3.3127E+006    0.838
       1500.00    5.1435E+006   4.0538E+007   3.2870E+007    0.811
       1550.00    5.4028E+006   3.7705E+008   2.9567E+008    0.784
       1600.00    5.6663E+006   3.2053E+009   2.4303E+009    0.758
       1650.00    5.9340E+006   2.5081E+010   1.8386E+010    0.733
       1700.00    6.2057E+006   1.8178E+011   1.2883E+011    0.709
       1800.00    6.7613E+006   7.7550E+012   5.1371E+012    0.662
       1900.00    7.3325E+006   2.5859E+014   1.6012E+014    0.619
       2000.00    7.9189E+006   6.9516E+015   4.0253E+015    0.579
       2500.00    1.1067E+007   8.2552E+021   3.4499E+021    0.418

            Partition function of structure    5
     ================================================================
          T(K)      Rot.          SS-HO           SS-T     SS-T/SS-HO
        100.00    8.7717E+004   1.2549E-230   9.8105E-231    0.782
        200.00    2.4810E+005   6.1106E-111   5.7140E-111    0.935
        298.15    4.5158E+005   1.2269E-070   1.3020E-070    1.061
        300.00    4.5579E+005   4.0101E-070   4.2634E-070    1.063
        500.00    9.8070E+005   5.7388E-036   6.9120E-036    1.204
        750.00    1.8017E+006   3.9683E-017   4.9345E-017    1.243
       1000.00    2.7738E+006   2.1324E-006   2.5665E-006    1.204
       1100.00    3.2002E+006   3.5786E-003   4.2058E-003    1.175
       1150.00    3.4208E+006   1.0295E-001   1.1936E-001    1.159
       1200.00    3.6463E+006   2.4264E+000   2.7723E+000    1.143
       1250.00    3.8766E+006   4.7890E+001   5.3875E+001    1.125
       1300.00    4.1115E+006   8.0639E+002   8.9247E+002    1.107
       1350.00    4.3509E+006   1.1770E+004   1.2806E+004    1.088
       1400.00    4.5949E+006   1.5098E+005   1.6137E+005    1.069
       1450.00    4.8432E+006   1.7224E+006   1.8073E+006    1.049
       1500.00    5.0959E+006   1.7655E+007   1.8178E+007    1.030
       1550.00    5.3528E+006   1.6410E+008   1.6570E+008    1.010
       1600.00    5.6139E+006   1.3941E+009   1.3799E+009    0.990
       1650.00    5.8791E+006   1.0902E+010   1.0574E+010    0.970
       1700.00    6.1483E+006   7.8969E+010   7.5020E+010    0.950
       1800.00    6.6987E+006   3.3658E+012   3.0646E+012    0.911
       1900.00    7.2646E+006   1.1214E+014   9.7754E+013    0.872
       2000.00    7.8456E+006   3.0124E+015   2.5120E+015    0.834
       2500.00    1.0965E+007   3.5686E+021   2.3673E+021    0.663

            Partition function of structure    6
     ================================================================
          T(K)      Rot.          SS-HO           SS-T     SS-T/SS-HO
        100.00    8.9616E+004   3.6336E-230   3.0000E-230    0.826
        200.00    2.5347E+005   1.5150E-110   1.5303E-110    1.010
        298.15    4.6136E+005   2.9762E-070   3.3511E-070    1.126
        300.00    4.6566E+005   9.7258E-070   1.0967E-069    1.128
        500.00    1.0019E+006   1.3833E-035   1.6901E-035    1.222
        750.00    1.8407E+006   9.5600E-017   1.1248E-016    1.177
       1000.00    2.8339E+006   5.1380E-006   5.4015E-006    1.051
       1100.00    3.2695E+006   8.6234E-003   8.5709E-003    0.994
       1150.00    3.4949E+006   2.4809E-001   2.3939E-001    0.965
       1200.00    3.7253E+006   5.8475E+000   5.4735E+000    0.936
       1250.00    3.9605E+006   1.1542E+002   1.0473E+002    0.907
       1300.00    4.2005E+006   1.9436E+003   1.7086E+003    0.879
       1350.00    4.4452E+006   2.8371E+004   2.4152E+004    0.851
       1400.00    4.6944E+006   3.6395E+005   2.9990E+005    0.824
       1450.00    4.9481E+006   4.1521E+006   3.3107E+006    0.797
       1500.00    5.2062E+006   4.2563E+007   3.2833E+007    0.771
       1550.00    5.4687E+006   3.9563E+008   2.9518E+008    0.746
       1600.00    5.7354E+006   3.3613E+009   2.4254E+009    0.722
       1650.00    6.0064E+006   2.6287E+010   1.8342E+010    0.698
       1700.00    6.2815E+006   1.9043E+011   1.2848E+011    0.675
       1800.00    6.8438E+006   8.1174E+012   5.1204E+012    0.631
       1900.00    7.4219E+006   2.7048E+014   1.5954E+014    0.590
       2000.00    8.0155E+006   7.2668E+015   4.0095E+015    0.552
       2500.00    1.1202E+007   8.6130E+021   3.4346E+021    0.399

            Partition function of structure    7
     ================================================================
          T(K)      Rot.          SS-HO           SS-T     SS-T/SS-HO
        100.00    7.9503E+004   4.3758E-232   3.6190E-232    0.827
        200.00    2.2487E+005   4.8190E-112   4.4626E-112    0.926
        298.15    4.0930E+005   1.1812E-071   1.1896E-071    1.007
        300.00    4.1311E+005   3.8691E-071   3.9016E-071    1.008
        500.00    8.8887E+005   6.2601E-037   6.9461E-037    1.110
        750.00    1.6330E+006   4.5312E-018   5.2797E-018    1.165
       1000.00    2.5141E+006   2.4805E-007   2.9385E-007    1.185
       1100.00    2.9005E+006   4.1818E-004   4.9605E-004    1.186
       1150.00    3.1005E+006   1.2053E-002   1.4294E-002    1.186
       1200.00    3.3049E+006   2.8456E-001   3.3719E-001    1.185
       1250.00    3.5136E+006   5.6251E+000   6.6562E+000    1.183
       1300.00    3.7265E+006   9.4850E+001   1.1203E+002    1.181
       1350.00    3.9435E+006   1.3862E+003   1.6333E+003    1.178
       1400.00    4.1646E+006   1.7802E+004   2.0916E+004    1.175
       1450.00    4.3897E+006   2.0329E+005   2.3806E+005    1.171
       1500.00    4.6187E+006   2.0859E+006   2.4334E+006    1.167
       1550.00    4.8516E+006   1.9405E+007   2.2544E+007    1.162
       1600.00    5.0882E+006   1.6499E+008   1.9081E+008    1.156
       1650.00    5.3286E+006   1.2912E+009   1.4859E+009    1.151
       1700.00    5.5726E+006   9.3597E+009   1.0714E+010    1.145
       1800.00    6.0715E+006   3.9943E+011   4.5192E+011    1.131
       1900.00    6.5844E+006   1.3323E+013   1.4879E+013    1.117
       2000.00    7.1110E+006   3.5824E+014   3.9451E+014    1.101
       2500.00    9.9379E+006   4.2588E+020   4.3103E+020    1.012

            Partition function of structure    8
     ================================================================
          T(K)      Rot.          SS-HO           SS-T     SS-T/SS-HO
        100.00    9.1732E+004   3.8229E-231   2.6555E-231    0.695
        200.00    2.5946E+005   3.8370E-111   3.1966E-111    0.833
        298.15    4.7225E+005   9.6548E-071   8.7478E-071    0.906
        300.00    4.7665E+005   3.1643E-070   2.8700E-070    0.907
        500.00    1.0256E+006   5.3809E-036   5.1007E-036    0.948
        750.00    1.8841E+006   4.0342E-017   3.6943E-017    0.916
       1000.00    2.9008E+006   2.2534E-006   1.9068E-006    0.846
       1100.00    3.3466E+006   3.8210E-003   3.1079E-003    0.813
       1150.00    3.5774E+006   1.1041E-001   8.7935E-002    0.796
       1200.00    3.8132E+006   2.6129E+000   2.0360E+000    0.779
       1250.00    4.0540E+006   5.1764E+001   3.9438E+001    0.762
       1300.00    4.2997E+006   8.7463E+002   6.5112E+002    0.744
       1350.00    4.5501E+006   1.2807E+004   9.3109E+003    0.727
       1400.00    4.8052E+006   1.6476E+005   1.1692E+005    0.710
       1450.00    5.0649E+006   1.8847E+006   1.3049E+006    0.692
       1500.00    5.3291E+006   1.9368E+007   1.3078E+007    0.675
       1550.00    5.5978E+006   1.8045E+008   1.1879E+008    0.658
       1600.00    5.8708E+006   1.5364E+009   9.8571E+008    0.642
       1650.00    6.1482E+006   1.2040E+010   7.5263E+009    0.625
       1700.00    6.4297E+006   8.7382E+010   5.3212E+010    0.609
       1800.00    7.0053E+006   3.7376E+012   2.1586E+012    0.578
       1900.00    7.5971E+006   1.2492E+014   6.8387E+013    0.547
       2000.00    8.2047E+006   3.3655E+015   1.7457E+015    0.519
       2500.00    1.1466E+007   4.0301E+021   1.5963E+021    0.396

     ================================================================
              Partition Functions Including All Structures
        -----------------------------------------------------------
        Zero of energy is set to potential energy of global minimum
        -----------------------------------------------------------
        T(K)    Elec.        Trans.              Con-rovib
                                            MS-LH    or     MS-T
        100.00  2.0000E+000  3.2877E+006  3.1715E-229  2.5208E-229
        200.00  2.0000E+000  1.8598E+007  1.0781E-109  1.0305E-109
        298.15  2.0000E+000  5.0464E+007  2.0522E-069  2.1993E-069
        300.00  2.0000E+000  5.1250E+007  6.7043E-069  7.1964E-069
        500.00  2.0000E+000  1.8379E+008  9.3872E-035  1.1109E-034
        750.00  2.0000E+000  5.0646E+008  6.4532E-016  7.6023E-016
       1000.00  2.0000E+000  1.0397E+009  3.4595E-005  3.8007E-005
       1100.00  2.0000E+000  1.3194E+009  5.8020E-002  6.1376E-002
       1150.00  2.0000E+000  1.4745E+009  1.6686E+000  1.7295E+000
       1200.00  2.0000E+000  1.6400E+009  3.9317E+001  3.9899E+001
       1250.00  2.0000E+000  1.8162E+009  7.7580E+002  7.7025E+002
       1300.00  2.0000E+000  2.0033E+009  1.3060E+004  1.2679E+004
       1350.00  2.0000E+000  2.2015E+009  1.9059E+005  1.8081E+005
       1400.00  2.0000E+000  2.4111E+009  2.4443E+006  2.2650E+006
       1450.00  2.0000E+000  2.6322E+009  2.7878E+007  2.5222E+007
       1500.00  2.0000E+000  2.8650E+009  2.8571E+008  2.5230E+008
       1550.00  2.0000E+000  3.1097E+009  2.6551E+009  2.2877E+009
       1600.00  2.0000E+000  3.3666E+009  2.2552E+010  1.8956E+010
       1650.00  2.0000E+000  3.6358E+009  1.7633E+011  1.4455E+011
       1700.00  2.0000E+000  3.9175E+009  1.2771E+012  1.0208E+012
       1800.00  2.0000E+000  4.5193E+009  5.4416E+013  4.1340E+013
       1900.00  2.0000E+000  5.1734E+009  1.8125E+015  1.3082E+015
       2000.00  2.0000E+000  5.8812E+009  4.8678E+016  3.3372E+016
       2500.00  2.0000E+000  1.0274E+010  5.7609E+022  3.0574E+022

             Total Partition Function (E + T + Con-rovib)
             ---------------------------------------------
                T(K)     E + T + MS-LH     E + T + MS-T
                100.00     2.0854E-222       1.6575E-222
                200.00     4.0102E-102       3.8329E-102
                298.15     2.0712E-061       2.2197E-061
                300.00     6.8719E-061       7.3763E-061
                500.00     3.4505E-026       4.0835E-026
                750.00     6.5365E-007       7.7005E-007
               1000.00     7.1934E+004       7.9029E+004
               1100.00     1.5310E+008       1.6196E+008
               1150.00     4.9206E+009       5.1003E+009
               1200.00     1.2896E+011       1.3087E+011
               1250.00     2.8180E+012       2.7979E+012
               1300.00     5.2328E+013       5.0798E+013
               1350.00     8.3919E+014       7.9611E+014
               1400.00     1.1787E+016       1.0922E+016
               1450.00     1.4676E+017       1.3278E+017
               1500.00     1.6371E+018       1.4457E+018
               1550.00     1.6513E+019       1.4228E+019
               1600.00     1.5185E+020       1.2763E+020
               1650.00     1.2822E+021       1.0511E+021
               1700.00     1.0006E+022       7.9983E+021
               1800.00     4.9185E+023       3.7366E+023
               1900.00     1.8753E+025       1.3535E+025
               2000.00     5.7257E+026       3.9253E+026
               2500.00     1.1838E+033       6.2823E+032

     ================================================================
              Partition Functions Including All Structures
        -----------------------------------------------------------
                    Zero of energy is set to ZPE
        -----------------------------------------------------------
        T(K)             Con-rovib                Total
                   MS-LH        MS-T       E+T+MS-LH    E+T+MS-T
        100.00  3.0784E+006  2.4467E+006  2.0242E+013  1.6088E+013
        200.00  3.3589E+008  3.2104E+008  1.2494E+016  1.1941E+016
        298.15  1.3405E+010  1.4366E+010  1.3529E+018  1.4499E+018
        300.00  1.4301E+010  1.5351E+010  1.4659E+018  1.5735E+018
        500.00  9.3314E+012  1.1043E+013  3.4300E+021  4.0592E+021
        750.00  1.3848E+016  1.6314E+016  1.4027E+025  1.6524E+025
       1000.00  1.0907E+019  1.1983E+019  2.2680E+028  2.4917E+028
       1100.00  1.3367E+020  1.4140E+020  3.5273E+029  3.7313E+029
       1150.00  4.5291E+020  4.6945E+020  1.3356E+030  1.3844E+030
       1200.00  1.5026E+021  1.5248E+021  4.9284E+030  5.0014E+030
       1250.00  4.8833E+021  4.8484E+021  1.7738E+031  1.7611E+031
       1300.00  1.5555E+022  1.5101E+022  6.2325E+031  6.0503E+031
       1350.00  4.8591E+022  4.6096E+022  2.1395E+032  2.0297E+032
       1400.00  1.4892E+023  1.3799E+023  7.1810E+032  6.6541E+032
       1450.00  4.4798E+023  4.0531E+023  2.3583E+033  2.1337E+033
       1500.00  1.3235E+024  1.1687E+024  7.5836E+033  6.6968E+033
       1550.00  3.8418E+024  3.3102E+024  2.3894E+034  2.0588E+034
       1600.00  1.0962E+025  9.2137E+024  7.3808E+034  6.2038E+034
       1650.00  3.0759E+025  2.5215E+025  2.2367E+035  1.8335E+035
       1700.00  8.4917E+025  6.7877E+025  6.6533E+035  5.3182E+035
       1800.00  6.1739E+026  4.6904E+026  5.5804E+036  4.2395E+036
       1900.00  4.2268E+027  3.0507E+027  4.3734E+037  3.1565E+037
       2000.00  2.7333E+028  1.8738E+028  3.2150E+038  2.2041E+038
       2500.00  1.4454E+032  7.6706E+031  2.9699E+042  1.5762E+042
     ================================================================

                     ==============================
                          Thermodynamic Functions
                      (Ideal gas at standard state)
                     ==============================
     T  - Temperature (Kelvin)        G  - Gibbs Free Energy (kcal/mol)
     E  - Thermal Energy (kcal/mol)   H  - Enthalpy (kcal/mol)
     S  - Entropy (cal/(mol-K))
     Cp - Heat Capacity at Constant Pressure (cal/(mol-K))
        -----------------------------------------------------------
        Zero of energy is set to potential energy of global minimum
        -----------------------------------------------------------

               Contribution from electronic P.F. 
     ================================================================
                  T          G          E          S
                100.00      -0.138      0.000      1.377
                200.00      -0.275      0.000      1.377
                298.15      -0.411      0.000      1.377
                300.00      -0.413      0.000      1.377
                500.00      -0.689      0.000      1.377
                750.00      -1.033      0.000      1.377
               1000.00      -1.377      0.000      1.377
               1100.00      -1.515      0.000      1.377
               1150.00      -1.584      0.000      1.377
               1200.00      -1.653      0.000      1.377
               1250.00      -1.722      0.000      1.377
               1300.00      -1.791      0.000      1.377
               1350.00      -1.860      0.000      1.377
               1400.00      -1.928      0.000      1.377
               1450.00      -1.997      0.000      1.377
               1500.00      -2.066      0.000      1.377
               1550.00      -2.135      0.000      1.377
               1600.00      -2.204      0.000      1.377
               1650.00      -2.273      0.000      1.377
               1700.00      -2.342      0.000      1.377
               1800.00      -2.479      0.000      1.377
               1900.00      -2.617      0.000      1.377
               2000.00      -2.755      0.000      1.377
               2500.00      -3.444      0.000      1.377

               Contribution from translational P.F. 
     ================================================================
                  T          G          E          S
                100.00      -2.982      0.298     34.788
                200.00      -6.653      0.596     38.231
                298.15     -10.509      0.889     40.215
                300.00     -10.583      0.894     40.246
                500.00     -18.908      1.490     42.783
                750.00     -29.872      2.236     44.798
               1000.00     -41.259      2.981     46.227
               1100.00     -45.906      3.279     46.700
               1150.00     -48.246      3.428     46.921
               1200.00     -50.598      3.577     47.133
               1250.00     -52.959      3.726     47.336
               1300.00     -55.331      3.875     47.530
               1350.00     -57.712      4.024     47.718
               1400.00     -60.103      4.173     47.899
               1450.00     -62.502      4.322     48.073
               1500.00     -64.910      4.471     48.241
               1550.00     -67.326      4.620     48.404
               1600.00     -69.750      4.769     48.562
               1650.00     -72.182      4.918     48.715
               1700.00     -74.622      5.067     48.863
               1800.00     -79.522      5.365     49.147
               1900.00     -84.451      5.664     49.416
               2000.00     -89.405      5.962     49.671
               2500.00    -114.528      7.452     50.779

        Contribution from conformational-rovibrational P.F. (MS-LH)
     ================================================================
                  T          G          E          S
                100.00     104.555    108.615     40.599
                200.00      99.721    110.775     55.270
                298.15      93.708    113.710     67.088
                300.00      93.583    113.774     67.303
                500.00      77.850    122.749     89.797
                750.00      52.130    138.698    115.424
               1000.00      20.412    158.207    137.795
               1100.00       6.223    166.725    145.911
               1150.00      -1.170    171.107    149.806
               1200.00      -8.756    175.564    153.600
               1250.00     -16.528    180.090    157.295
               1300.00     -24.484    184.681    160.896
               1350.00     -32.616    189.331    164.406
               1400.00     -40.923    194.037    167.828
               1450.00     -49.398    198.795    171.167
               1500.00     -58.038    203.600    174.426
               1550.00     -66.839    208.451    177.607
               1600.00     -75.797    213.344    180.714
               1650.00     -84.909    218.277    183.749
               1700.00     -94.171    223.246    186.716
               1800.00    -113.132    233.285    192.454
               1900.00    -132.654    243.445    197.947
               2000.00    -152.714    253.711    203.212
               2500.00    -260.365    306.272    226.655

        Contribution from conformational-rovibrational P.F. (MS-T)
     ================================================================
                  T          G          E          S
                100.00     104.601    108.655     40.545
                200.00      99.739    110.894     55.776
                298.15      93.667    113.865     67.746
                300.00      93.541    113.929     67.961
                500.00      77.683    122.847     90.327
                750.00      51.886    138.495    115.479
               1000.00      20.225    157.499    137.274
               1100.00       6.100    165.767    145.151
               1150.00      -1.252    170.015    148.928
               1200.00      -8.791    174.332    152.602
               1250.00     -16.511    178.712    156.178
               1300.00     -24.407    183.151    159.660
               1350.00     -32.475    187.645    163.052
               1400.00     -40.711    192.190    166.358
               1450.00     -49.109    196.782    169.580
               1500.00     -57.667    201.417    172.723
               1550.00     -66.381    206.094    175.790
               1600.00     -75.245    210.808    178.783
               1650.00     -84.258    215.557    181.706
               1700.00     -93.415    220.340    184.562
               1800.00    -112.149    229.996    190.080
               1900.00    -131.423    239.759    195.359
               2000.00    -151.213    249.618    200.415
               2500.00    -257.217    299.991    222.883

     Total (Translational + Electronic + conformational-rovib.(MS-LH))
     ======================================================================
              T          G          E          H          S          Cp
            100.00     101.435    108.913    109.112     76.764     22.741
            200.00      92.793    111.371    111.769     94.878     30.458
            298.15      82.788    114.599    115.191    108.680     39.594
            300.00      82.587    114.668    115.265    108.926     39.781
            500.00      58.254    124.239    125.233    133.958     59.353
            750.00      21.224    140.933    142.424    161.599     76.885
           1000.00     -22.224    161.188    163.176    185.400     88.363
           1100.00     -41.198    170.004    172.190    193.988     91.833
           1150.00     -51.000    174.535    176.821    198.105     93.380
           1200.00     -61.006    179.141    181.526    202.110     94.816
           1250.00     -71.210    183.816    186.300    206.008     96.150
           1300.00     -81.605    188.556    191.139    209.804     97.389
           1350.00     -92.188    193.355    196.038    213.501     98.542
           1400.00    -102.954    198.210    200.992    217.104     99.615
           1450.00    -113.897    203.117    205.998    220.618    100.615
           1500.00    -125.014    208.072    211.053    224.044    101.547
           1550.00    -136.300    213.072    216.152    227.388    102.416
           1600.00    -147.752    218.114    221.293    230.653    103.229
           1650.00    -159.364    223.195    226.474    233.841    103.988
           1700.00    -171.135    228.313    231.691    236.956    104.699
           1800.00    -195.134    238.650    242.227    242.978    105.989
           1900.00    -219.721    249.108    252.884    248.740    107.124
           2000.00    -244.873    259.673    263.647    254.260    108.127
           2500.00    -378.336    313.724    318.692    278.811    111.717

     Total (Translational + Electronic + conformational-rovib.(MS-T))
     ======================================================================
              T          G          E          H          S          Cp
            100.00     101.481    108.953    109.152     76.710     23.612
            200.00      92.811    111.490    111.888     95.384     31.042
            298.15      82.747    114.754    115.346    109.338     39.748
            300.00      82.545    114.824    115.420    109.584     39.927
            500.00      58.087    124.337    125.331    134.488     58.631
            750.00      20.980    140.730    142.221    161.654     75.243
           1000.00     -22.411    160.480    162.468    184.878     85.990
           1100.00     -41.321    169.046    171.232    193.229     89.207
           1150.00     -51.082    173.443    175.728    197.226     90.635
           1200.00     -61.041    177.909    180.293    201.112     91.956
           1250.00     -71.192    182.438    184.922    204.891     93.180
           1300.00     -81.529    187.026    189.610    208.568     94.315
           1350.00     -92.047    191.669    194.352    212.147     95.367
           1400.00    -102.742    196.363    199.145    215.634     96.344
           1450.00    -113.609    201.104    203.985    219.030     97.252
           1500.00    -124.644    205.889    208.869    222.342     98.096
           1550.00    -135.842    210.714    213.794    225.571     98.882
           1600.00    -147.200    215.577    218.757    228.722     99.614
           1650.00    -158.713    220.476    223.755    231.798    100.297
           1700.00    -170.378    225.407    228.786    234.802    100.935
           1800.00    -194.151    235.361    238.938    240.605    102.088
           1900.00    -218.491    245.423    249.199    246.152    103.099
           2000.00    -243.373    255.579    259.554    251.463    103.988
           2500.00    -375.189    307.443    312.411    275.040    107.138

                        --------------------------------
                         Zero of energy is set to ZPE
                        --------------------------------

     Total (Translational + Electronic + conformational-rovib.(MS-LH))
     ======================================================================
              T          G          E          H          S          Cp
            100.00      -6.089      1.389      1.588     76.764     22.741
            200.00     -14.731      3.847      4.245     94.878     30.458
            298.15     -24.736      7.075      7.667    108.680     39.594
            300.00     -24.937      7.145      7.741    108.926     39.781
            500.00     -49.270     16.716     17.709    133.958     59.353
            750.00     -86.299     33.410     34.900    161.599     76.885
           1000.00    -129.748     53.664     55.652    185.400     88.363
           1100.00    -148.721     62.480     64.666    193.988     91.833
           1150.00    -158.524     67.011     69.297    198.105     93.380
           1200.00    -168.530     71.617     74.002    202.110     94.816
           1250.00    -178.733     76.293     78.777    206.008     96.150
           1300.00    -189.129     81.032     83.616    209.804     97.389
           1350.00    -199.712     85.831     88.514    213.501     98.542
           1400.00    -210.478     90.686     93.468    217.104     99.615
           1450.00    -221.421     95.593     98.474    220.618    100.615
           1500.00    -232.538    100.548    103.529    224.044    101.547
           1550.00    -243.824    105.548    108.628    227.388    102.416
           1600.00    -255.275    110.590    113.769    230.653    103.229
           1650.00    -266.888    115.671    118.950    233.841    103.988
           1700.00    -278.658    120.789    124.167    236.956    104.699
           1800.00    -302.657    131.126    134.703    242.978    105.989
           1900.00    -327.245    141.584    145.360    248.740    107.124
           2000.00    -352.397    152.149    156.124    254.260    108.127
           2500.00    -485.860    206.200    211.168    278.811    111.717

     Total (Translational + Electronic + conformational-rovib.(MS-T))
     ======================================================================
              T          G          E          H          S          Cp
            100.00      -6.043      1.429      1.628     76.710     23.612
            200.00     -14.713      3.967      4.364     95.384     31.042
            298.15     -24.777      7.230      7.822    109.338     39.748
            300.00     -24.979      7.300      7.896    109.584     39.927
            500.00     -49.437     16.813     17.807    134.488     58.631
            750.00     -86.544     33.207     34.697    161.654     75.243
           1000.00    -129.935     52.956     54.944    184.878     85.990
           1100.00    -148.844     61.522     63.708    193.229     89.207
           1150.00    -158.606     65.919     68.204    197.226     90.635
           1200.00    -168.565     70.385     72.769    201.112     91.956
           1250.00    -178.716     74.914     77.398    204.891     93.180
           1300.00    -189.053     79.503     82.086    208.568     94.315
           1350.00    -199.571     84.146     86.828    212.147     95.367
           1400.00    -210.266     88.839     91.621    215.634     96.344
           1450.00    -221.133     93.580     96.462    219.030     97.252
           1500.00    -232.168     98.365    101.346    222.342     98.096
           1550.00    -243.366    103.190    106.270    225.571     98.882
           1600.00    -254.723    108.053    111.233    228.722     99.614
           1650.00    -266.237    112.952    116.231    231.798    100.297
           1700.00    -277.902    117.884    121.262    234.802    100.935
           1800.00    -301.675    127.837    131.414    240.605    102.088
           1900.00    -326.015    137.899    141.675    246.152    103.099
           2000.00    -350.897    148.056    152.030    251.463    103.988
           2500.00    -482.713    199.919    204.887    275.040    107.138

 ==============================End of MSTor output==============================
