
 *******************************************************************************

   MSTor program version 2013 (2013)

   Jingjing Zheng, Steven L. Mielke, and Donald G. Truhlar

   Department of Chemistry and Supercomputing Institute
   University of Minnesota, Minneapolis, Minnesota, USA

   Copyright 2013
   Donald G. Truhlar and Regents of the University of Minnesota

   Citations: 
   MS-T(U) method
     J. Zheng, T. Yu, E. Papajak, I. M. Alecu, S. L. Mielke, and D. G. Truhlar,
     Phys. Chem. Chem. Phys. 13, 10885-10907 (2011).
   MS-T(C) method
     J. Zheng and D. G. Truhlar, J. Chem. Theory Comput., DOI: 10.1021/ct3010722.
   MSTor program
     J. Zheng, S. L. Mielke, K. L Clarkson, and D. G. Truhlar,
     Comp. Phys. Comm. 183, 1803-1812 (2012).
     J. Zheng, R. Meana-Paneda, and D. G. Truhlar, Comp. Phys. Comm.
     to be published as new version announcement.

 *******************************************************************************

                    Naming conventions for the MS methods
   -----------------------------------------------------------------------------
   Common name        Original or other names
   -----------------------------------------------------------------------------
   MS-LH         =    MS-HO (ref. 1)   =   MS-AS-HO (ref. 2)
   MS-T          =    MS-AS (ref. 1)   =   MS-AS-T  (ref. 2)
   -----------------------------------------------------------------------------
   Ref. 1: J. Zheng, T. Yu, E. Papajak, I. M. Alecu, S. L. Mielke, and
           D. G. Truhlar, Phys. Chem. Chem. Phys. 13, 10885 (2011).
   Ref. 2: T. Yu, J. Zheng, and D. G. Truhlar, Chem. Sci. 2, 2199 (2011)

   Calculation run on 02/01/2022 at 12:02:11  

   Number of structures:             4
   Number of torsions:               6
   Method:                           MS-T(C)
   Frequency scaling factor:         0.964
   Delta T for finite difference:    0.5 K
   Internal coordinates
     Bonds:         01-02  01-20  02-03  02-16  02-17  03-14  04-12  04-13  05-06
     Bonds:         05-08  06-07  07-10  07-11  18-21  01-19  03-15  07-09  03-04
     Bonds:         04-05  01-18
     Angles:        01-02-03  02-03-04  02-03-14  03-04-13  04-05-06  05-04-12
     Angles:        05-06-07  06-05-08  06-07-11  10-07-11  12-04-13  14-03-15
     Angles:        18-01-19  16-02-17  02-01-19  18-01-20  01-02-16  09-07-11
     Linear Angles: 01=18=21
     Dihedrals:     01-03-16-02  02-04-14-03  02-18-19-01  03-05-12-04
     Dihedrals:     03-05-13-04  03-16-17-02  04-06-08-05  04-14-15-03
     Dihedrals:     06-09-11-07  06-10-11-07  18-19-20-01  04-03-02-01
     Dihedrals:     05-04-03-02  06-05-04-03  07-06-05-04  03-02-01-18
     Dihedrals:     09-07-06-05

   All moment output uses units of amu for masses and Angstroms for distances 

                           ==========================
                                Structure   1
                           ==========================

   Normal-mode Frequencies (cm-1) 
   (Overall translation and rotation projected out)
    1294.8633i      0.0000i      0.0000i      0.0000i      0.0000i      0.0000 
       0.0001      36.4262      61.4552      97.2376     138.2227     161.7325 
     177.1906     212.3716     239.4682     273.4590     336.3196     369.6892 
     514.1459     567.9588     580.5803     651.3268     741.8989     839.1631 
     859.7024     917.3688     934.6044    1015.1089    1044.3627    1060.3794 
    1099.3887    1114.7432    1164.0285    1173.5563    1183.7497    1191.7509 
    1205.7310    1224.6194    1260.7843    1299.7918    1306.9802    1387.7481 
    1399.7278    1433.3358    1436.1489    1451.0382    1459.8821    1461.2745 
    1463.8362    1477.6312    1697.0380    1823.4121    2982.7797    3014.8621 
    3020.4576    3022.6067    3028.6720    3059.0226    3061.5264    3071.5439 
    3113.1786    3146.3519    3146.7285 
   Torsion-projected frequencies/non-torsional frequencies (cm-1)
    1294.8311i    207.5333     238.1323     272.7556     335.8828     369.4197 
     513.8604     566.7380     578.1216     650.9444     741.5735     839.1368 
     859.6718     917.3602     934.5755    1015.0961    1044.3552    1060.3716 
    1099.3755    1114.7389    1163.7181    1173.5457    1183.7257    1191.7502 
    1205.7150    1224.6041    1260.7790    1299.7649    1306.9782    1387.7447 
    1399.7248    1433.3270    1436.1437    1451.0309    1459.8761    1461.2635 
    1463.7541    1477.6312    1697.0211    1823.4113    2982.7732    3014.8620 
    3020.4570    3022.6014    3028.6720    3059.0225    3061.5249    3071.5427 
    3113.1698    3146.3518    3146.7285 
   Product of consistently coupled torsional frequencies (in cm-1^ntor)  8.9906E+11
   Primitively coupled torsional frequencies (cm-1) (Not used)
      39.6556      69.9243     104.3779     141.0168     172.4114     187.1617 
   Product of primitively coupled torsional frequencies (in cm-1^ntor)   1.3170E+12
   Effective coupled torsional barrier (kcal/mol)
        1.090        1.510        3.160        4.318        8.453        9.051 

   D matrix: 
   m-n        1             2             3             4             5
    1   2.750068E+01  5.673966E-01 -4.181761E+00 -1.566639E-01  4.943812E+00
    2   5.673966E-01  2.584138E+01  6.838180E+00  5.540110E+00  5.652188E+00
    3  -4.181761E+00  6.838180E+00  4.292034E+01 -1.275575E+01 -4.250213E-01
    4  -1.566639E-01  5.540110E+00 -1.275575E+01  1.758748E+01  1.532278E+00
    5   4.943812E+00  5.652188E+00 -4.250213E-01  1.532278E+00  7.837970E+00
    6  -2.851982E-01  8.951877E-01  2.275934E+00  1.404445E+00  8.354227E-02
   m-n        6
    1  -2.851982E-01
    2   8.951877E-01
    3   2.275934E+00
    4   1.404445E+00
    5   8.354227E-02
    6   3.111028E+00

   Eigenvalues of D matrix:
     4.9742E+01    3.1094E+01    2.7204E+01    9.0745E+00    5.1719E+00    2.5127E+00
   Determinant of D matrix  3.775650E+029

          Uncoupled force constants (au), Pitzer moment of inertia (amu A^2),
   uncoupled torsional frequencies (cm-1), and uncoupled torsional barrier (kcal/mol)
   --------------------------------------------------------------------------------
   Torsion               1             2             3             4             5
   Force constant   2.12788E-02  4.44630E-02  1.14982E-02  4.46125E-02  1.88853E-02
   Moment          27.501       25.841       42.920       17.587        7.838
   Tor. Freq.        75.667      112.836       44.523      137.004      133.526
   Rot. barrier       4.001        8.360        2.162        8.388        3.551
   M_j,tau            2.584        2.584        2.584        2.584        2.584

   Torsion               6
   Force constant   8.03555E-03
   Moment           3.111
   Tor. Freq.       138.249
   Rot. barrier       1.121
   M_j,tau            3.000
   --------------------------------------------------------------------------------
   Potential Energy =   0.000 kcal/mol
   Weight =  2
   Overall rotational symmetry number =   1

                           ==========================
                                Structure   2
                           ==========================

   Normal-mode Frequencies (cm-1) 
   (Overall translation and rotation projected out)
    1291.3660i      0.0000i      0.0000i      0.0000       0.0000       0.0000 
       0.0001      35.5560      75.1099      88.7027     132.4977     143.6046 
     170.5034     203.5074     220.9627     292.7992     339.5470     360.8543 
     514.2569     559.8066     580.3817     651.9393     739.4216     843.3213 
     857.1416     917.6770     938.7028    1013.8804    1051.3768    1063.8266 
    1073.4542    1124.2496    1164.1562    1172.2575    1174.1960    1191.6353 
    1204.2495    1242.6368    1270.8836    1290.3983    1310.9615    1372.5298 
    1395.8799    1432.8129    1441.8067    1454.6682    1460.4846    1464.0333 
    1470.3725    1477.6264    1721.3644    1824.4706    2997.4174    3013.1827 
    3020.4956    3028.9979    3050.9613    3055.0546    3063.9899    3075.0816 
    3113.6821    3142.1414    3147.0820 
   Torsion-projected frequencies/non-torsional frequencies (cm-1)
    1291.3657i    195.5957     218.6820     291.9285     339.4602     360.7186 
     514.2364     558.0445     577.9417     651.5752     738.8880     843.3049 
     857.1171     917.6489     938.6844    1013.8685    1051.3696    1063.8217 
    1073.4406    1124.2417    1163.8419    1172.2554    1174.1914    1191.6340 
    1204.2389    1242.6157    1270.8475    1290.3899    1310.9021    1372.5294 
    1395.8775    1432.8025    1441.8046    1454.6669    1460.4845    1463.9536 
    1470.3656    1477.6264    1721.3644    1824.4701    2997.4168    3013.1826 
    3020.4954    3028.9979    3050.9542    3055.0533    3063.9859    3075.0795 
    3113.6733    3142.1384    3147.0820 
   Product of consistently coupled torsional frequencies (in cm-1^ntor)  8.1844E+11
   Primitively coupled torsional frequencies (cm-1) (Not used)
      39.0551      87.1252      93.3716     139.4243     152.2857     185.1679 
   Product of primitively coupled torsional frequencies (in cm-1^ntor)   1.2491E+12
   Effective coupled torsional barrier (kcal/mol)
        1.108        1.458        2.837        4.049        7.971        8.494 

   D matrix: 
   m-n        1             2             3             4             5
    1   2.165106E+01 -3.144200E+00 -3.476470E+00 -1.209122E+00  6.633322E-01
    2  -3.144200E+00  2.634004E+01  7.772235E+00  5.619668E+00  5.820171E+00
    3  -3.476470E+00  7.772235E+00  4.418731E+01 -1.273129E+01  1.480867E+00
    4  -1.209122E+00  5.619668E+00 -1.273129E+01  1.766772E+01  1.224496E+00
    5   6.633322E-01  5.820171E+00  1.480867E+00  1.224496E+00  7.454030E+00
    6  -3.158446E-01  9.669371E-01  2.368927E+00  1.410157E+00  1.982112E-01
   m-n        6
    1  -3.158446E-01
    2   9.669371E-01
    3   2.368927E+00
    4   1.410157E+00
    5   1.982112E-01
    6   3.118375E+00

   Eigenvalues of D matrix:
     5.1114E+01    3.1264E+01    2.0685E+01    9.2299E+00    5.6096E+00    2.5166E+00
   Determinant of D matrix  3.277408E+029

          Uncoupled force constants (au), Pitzer moment of inertia (amu A^2),
   uncoupled torsional frequencies (cm-1), and uncoupled torsional barrier (kcal/mol)
   --------------------------------------------------------------------------------
   Torsion               1             2             3             4             5
   Force constant   2.21957E-02  4.01770E-02  1.13150E-02  4.45073E-02  1.53218E-02
   Moment          21.651       26.340       44.187       17.668        7.454
   Tor. Freq.        87.096      106.239       43.529      136.531      123.329
   Rot. barrier       4.119        7.456        2.100        8.259        2.843
   M_j,tau            2.601        2.601        2.601        2.601        2.601

   Torsion               6
   Force constant   8.17756E-03
   Moment           3.118
   Tor. Freq.       139.301
   Rot. barrier       1.140
   M_j,tau            3.000
   --------------------------------------------------------------------------------
   Potential Energy =   0.320 kcal/mol
   Weight =  2
   Overall rotational symmetry number =   1

                           ==========================
                                Structure   3
                           ==========================

   Normal-mode Frequencies (cm-1) 
   (Overall translation and rotation projected out)
    1299.3289i      0.0000i      0.0000i      0.0000i      0.0000       0.0000 
       0.0001      46.5949      55.6153     121.6434     140.5938     168.6115 
     184.7095     251.1916     268.9582     323.1523     335.7572     397.5644 
     479.0544     576.5918     586.6207     660.8256     766.5383     831.2770 
     859.9267     920.3139     951.9058     974.5241    1041.9842    1052.7459 
    1083.8367    1129.2942    1163.9464    1175.3757    1190.8029    1193.0050 
    1196.3698    1218.7848    1262.8421    1286.6167    1350.6123    1377.9925 
    1401.0531    1433.5527    1438.4181    1451.9785    1460.5913    1461.4645 
    1463.8128    1477.1403    1676.6915    1821.2136    2983.0452    3009.1940 
    3023.9480    3028.1522    3045.8363    3053.4774    3064.7008    3078.5488 
    3112.6116    3138.6378    3145.9700 
   Torsion-projected frequencies/non-torsional frequencies (cm-1)
    1299.2395i    186.1304     266.6893     316.2181     335.1564     395.8366 
     479.0051     575.1867     585.5154     660.6816     766.4539     831.2355 
     859.8334     920.2973     951.8552     974.4690    1041.9563    1052.7423 
    1083.7938    1129.2833    1163.6305    1175.3353    1190.7950    1193.0005 
    1196.3411    1218.7147    1262.8392    1286.5994    1350.6109    1377.9893 
    1401.0489    1433.5491    1438.3715    1451.9519    1460.5565    1461.4618 
    1463.7429    1477.1393    1676.6713    1821.2121    2983.0427    3009.1939 
    3023.9437    3028.1521    3045.8328    3053.4742    3064.6962    3078.5412 
    3112.6026    3138.6377    3145.9700 
   Product of consistently coupled torsional frequencies (in cm-1^ntor)  1.9426E+12
   Primitively coupled torsional frequencies (cm-1) (Not used)
      49.1690      60.3090     133.1297     146.7460     180.3131     257.1418 
   Product of primitively coupled torsional frequencies (in cm-1^ntor)   2.6861E+12
   Effective coupled torsional barrier (kcal/mol)
        1.106        2.450        5.144        7.427        8.445       11.671 

   D matrix: 
   m-n        1             2             3             4             5
    1   3.373692E+01  2.687380E+01 -6.062638E+00  7.082147E+00  3.808151E+00
    2   2.687380E+01  4.695829E+01  8.075775E+00  9.762374E+00  4.504217E-01
    3  -6.062638E+00  8.075775E+00  4.193976E+01 -1.150712E+01  2.180053E+00
    4   7.082147E+00  9.762374E+00 -1.150712E+01  1.801926E+01 -3.324310E-01
    5   3.808151E+00  4.504217E-01  2.180053E+00 -3.324310E-01  7.969530E+00
    6   9.880244E-02  1.317985E+00  2.288713E+00  1.537458E+00  1.328668E-01
   m-n        6
    1   9.880244E-02
    2   1.317985E+00
    3   2.288713E+00
    4   1.537458E+00
    5   1.328668E-01
    6   3.122525E+00

   Eigenvalues of D matrix:
     7.0911E+01    4.8810E+01    1.5320E+01    9.2826E+00    4.9295E+00    2.4932E+00
   Determinant of D matrix  4.603217E+029

          Uncoupled force constants (au), Pitzer moment of inertia (amu A^2),
   uncoupled torsional frequencies (cm-1), and uncoupled torsional barrier (kcal/mol)
   --------------------------------------------------------------------------------
   Torsion               1             2             3             4             5
   Force constant   2.84558E-02  4.80388E-02  1.61048E-02  4.30700E-02  4.52322E-02
   Moment          33.737       46.958       41.940       18.019        7.970
   Tor. Freq.        79.002       87.005       53.305      132.992      204.933
   Rot. barrier       5.522        9.323        3.125        8.359        8.778
   M_j,tau            2.543        2.543        2.543        2.543        2.543

   Torsion               6
   Force constant   8.15222E-03
   Moment           3.123
   Tor. Freq.       138.992
   Rot. barrier       1.137
   M_j,tau            3.000
   --------------------------------------------------------------------------------
   Potential Energy =   0.332 kcal/mol
   Weight =  2
   Overall rotational symmetry number =   1

                           ==========================
                                Structure   4
                           ==========================

   Normal-mode Frequencies (cm-1) 
   (Overall translation and rotation projected out)
    1283.1585i      0.0001i      0.0000i      0.0000i      0.0000       0.0000 
       0.0000      30.1178      60.8545      97.5992     120.4210     134.8002 
     142.6300     180.7320     217.8351     288.9390     315.6578     362.1648 
     487.3968     558.9054     578.5623     699.7715     719.0717     793.8052 
     909.0430     922.4370     930.7424    1030.1979    1046.9034    1069.1077 
    1096.3504    1110.0076    1164.0989    1169.8525    1171.8511    1190.4693 
    1216.6889    1218.5522    1277.6752    1290.4798    1304.0760    1352.0324 
    1405.1874    1435.3420    1443.4879    1459.3606    1463.1532    1463.6679 
    1475.1971    1478.0201    1728.0776    1826.8063    2992.9083    3013.1717 
    3024.0907    3028.4359    3033.8916    3052.1429    3057.1941    3076.2244 
    3112.8650    3144.1629    3146.2442 
   Torsion-projected frequencies/non-torsional frequencies (cm-1)
    1283.1585i     97.5992     217.8351     288.9390     315.6578     362.1648 
     487.3968     557.1534     575.6516     699.7715     718.2422     793.6830 
     909.0430     922.2536     930.7424    1030.1979    1046.9034    1069.1077 
    1096.3504    1109.9741    1163.7974    1169.8444    1171.8511    1190.4693 
    1216.6889    1218.5091    1277.6752    1290.4322    1304.0539    1352.0324 
    1405.1874    1435.3420    1443.4879    1459.3606    1463.1532    1463.5873 
    1475.1971    1478.0201    1728.0776    1826.8063    2992.9083    3013.1717 
    3024.0907    3028.4359    3033.8885    3052.1382    3057.1941    3076.2234 
    3112.8563    3144.1605    3146.2442 
   Product of consistently coupled torsional frequencies (in cm-1^ntor)  7.7474E+11
   Primitively coupled torsional frequencies (cm-1) (Not used)
      34.4786      66.6778     125.8206     138.7797     151.2401     187.5288 
   Product of primitively coupled torsional frequencies (in cm-1^ntor)   1.1385E+12
   Effective coupled torsional barrier (kcal/mol)
        0.735        1.094        2.411        2.760        3.897        7.034 

   D matrix: 
   m-n        1             2             3             4             5
    1   1.933264E+01 -4.973569E+00  1.493775E+01 -5.399261E+00 -2.374929E-01
    2  -4.973569E+00  2.451608E+01 -4.410912E+00  9.258934E+00  6.296214E+00
    3   1.493775E+01 -4.410912E+00  2.926169E+01 -1.211937E+01  1.070168E+00
    4  -5.399261E+00  9.258934E+00 -1.211937E+01  1.838783E+01  1.323422E+00
    5  -2.374929E-01  6.296214E+00  1.070168E+00  1.323422E+00  7.654764E+00
    6   7.072153E-01  3.217383E-01  1.328389E+00  1.508188E+00  1.757919E-01
   m-n        6
    1   7.072153E-01
    2   3.217383E-01
    3   1.328389E+00
    4   1.508188E+00
    5   1.757919E-01
    6   3.049739E+00

   Eigenvalues of D matrix:
     5.0159E+01    2.5333E+01    1.2500E+01    2.4702E+00    6.5041E+00    5.2365E+00
   Determinant of D matrix  1.016832E+029

          Uncoupled force constants (au), Pitzer moment of inertia (amu A^2),
   uncoupled torsional frequencies (cm-1), and uncoupled torsional barrier (kcal/mol)
   --------------------------------------------------------------------------------
   Torsion               1             2             3             4             5
   Force constant   2.32072E-02  1.78964E-02  5.31889E-03  4.37455E-02  1.59515E-02
   Moment          19.333       24.516       29.262       18.388        7.655
   Tor. Freq.        94.248       73.496       36.675      132.680      124.177
   Rot. barrier       3.676        2.835        0.842        6.929        2.527
   M_j,tau            2.815        2.815        2.815        2.815        2.815

   Torsion               6
   Force constant   8.05696E-03
   Moment           3.050
   Tor. Freq.       139.817
   Rot. barrier       1.124
   M_j,tau            3.000
   --------------------------------------------------------------------------------
   Potential Energy =   0.452 kcal/mol
   Weight =  1
   Overall rotational symmetry number =   1

       List of zero-point inclusive energy (kcal/mol) for each structure
      ------------------------------------------------------------------
        Structure            Energy (T = 0 K)
      ------------------------------------------------------------------
          1                    107.52
          2                    107.88
          3                    108.12
          4                    107.84
      ZPE of the system =      107.52


     Note: The following SS-HO and SS-T include the Rot. P.F. and Boltzmann factor,
           but are calculated with weight = 1 for each structure. Weights are
           counted in MS partition functions. Zero of energy is set to the potential
           energy of global minimum.

            Partition function of structure    1
     ================================================================
          T(K)      Rot.          SS-HO           SS-T     SS-T/SS-HO
        100.00    8.7023E+004   7.7591E-230   6.0949E-230    0.786
        200.00    2.4614E+005   1.4149E-110   1.3190E-110    0.932
        298.15    4.4801E+005   2.0459E-070   2.1602E-070    1.056
        300.00    4.5219E+005   6.6594E-070   7.0443E-070    1.058
        500.00    9.7295E+005   7.2800E-036   8.7565E-036    1.203
        750.00    1.7874E+006   4.3909E-017   5.4874E-017    1.250
       1000.00    2.7519E+006   2.2017E-006   2.6795E-006    1.217
       1100.00    3.1749E+006   3.6253E-003   4.3197E-003    1.192
       1150.00    3.3938E+006   1.0343E-001   1.2174E-001    1.177
       1200.00    3.6175E+006   2.4192E+000   2.8101E+000    1.162
       1250.00    3.8459E+006   4.7413E+001   5.4303E+001    1.145
       1300.00    4.0790E+006   7.9319E+002   8.9502E+002    1.128
       1350.00    4.3165E+006   1.1508E+004   1.2784E+004    1.111
       1400.00    4.5586E+006   1.4679E+005   1.6043E+005    1.093
       1450.00    4.8049E+006   1.6658E+006   1.7901E+006    1.075
       1500.00    5.0556E+006   1.6992E+007   1.7944E+007    1.056
       1550.00    5.3105E+006   1.5721E+008   1.6306E+008    1.037
       1600.00    5.5695E+006   1.3299E+009   1.3542E+009    1.018
       1650.00    5.8326E+006   1.0358E+010   1.0350E+010    0.999
       1700.00    6.0997E+006   7.4743E+010   7.3267E+010    0.980
       1800.00    6.6457E+006   3.1634E+012   2.9810E+012    0.942
       1900.00    7.2072E+006   1.0473E+014   9.4773E+013    0.905
       2000.00    7.7836E+006   2.7977E+015   2.4287E+015    0.868
       2500.00    1.0878E+007   3.2432E+021   2.2702E+021    0.700

            Partition function of structure    2
     ================================================================
          T(K)      Rot.          SS-HO           SS-T     SS-T/SS-HO
        100.00    8.9980E+004   1.3603E-230   1.0299E-230    0.757
        200.00    2.5450E+005   6.4408E-111   5.8277E-111    0.905
        298.15    4.6323E+005   1.2906E-070   1.3317E-070    1.032
        300.00    4.6755E+005   4.2183E-070   4.3611E-070    1.034
        500.00    1.0060E+006   6.0396E-036   7.1429E-036    1.183
        750.00    1.8482E+006   4.1718E-017   5.1081E-017    1.224
       1000.00    2.8454E+006   2.2367E-006   2.6457E-006    1.183
       1100.00    3.2827E+006   3.7499E-003   4.3265E-003    1.154
       1150.00    3.5091E+006   1.0782E-001   1.2265E-001    1.138
       1200.00    3.7404E+006   2.5399E+000   2.8458E+000    1.120
       1250.00    3.9766E+006   5.0104E+001   5.5246E+001    1.103
       1300.00    4.2176E+006   8.4325E+002   9.1425E+002    1.084
       1350.00    4.4632E+006   1.2302E+004   1.3105E+004    1.065
       1400.00    4.7134E+006   1.5773E+005   1.6498E+005    1.046
       1450.00    4.9682E+006   1.7984E+006   1.8460E+006    1.026
       1500.00    5.2274E+006   1.8426E+007   1.8550E+007    1.007
       1550.00    5.4909E+006   1.7118E+008   1.6894E+008    0.987
       1600.00    5.7587E+006   1.4536E+009   1.4057E+009    0.967
       1650.00    6.0308E+006   1.1362E+010   1.0762E+010    0.947
       1700.00    6.3070E+006   8.2270E+010   7.6297E+010    0.927
       1800.00    6.8716E+006   3.5035E+012   3.1120E+012    0.888
       1900.00    7.4521E+006   1.1663E+014   9.9126E+013    0.850
       2000.00    8.0481E+006   3.1308E+015   2.5439E+015    0.813
       2500.00    1.1248E+007   3.6967E+021   2.3846E+021    0.645

            Partition function of structure    3
     ================================================================
          T(K)      Rot.          SS-HO           SS-T     SS-T/SS-HO
        100.00    8.2855E+004   2.8483E-231   2.2965E-231    0.806
        200.00    2.3435E+005   1.8556E-111   1.7000E-111    0.916
        298.15    4.2655E+005   3.8870E-071   3.9180E-071    1.008
        300.00    4.3053E+005   1.2708E-070   1.2829E-070    1.009
        500.00    9.2635E+005   1.8293E-036   2.0715E-036    1.132
        750.00    1.7018E+006   1.2551E-017   1.5220E-017    1.213
       1000.00    2.6201E+006   6.6981E-007   8.3478E-007    1.246
       1100.00    3.0228E+006   1.1215E-003   1.4017E-003    1.250
       1150.00    3.2312E+006   3.2229E-002   4.0277E-002    1.250
       1200.00    3.4442E+006   7.5885E-001   9.4736E-001    1.248
       1250.00    3.6617E+006   1.4963E+001   1.8645E+001    1.246
       1300.00    3.8836E+006   2.5173E+002   3.1280E+002    1.243
       1350.00    4.1098E+006   3.6712E+003   4.5454E+003    1.238
       1400.00    4.3402E+006   4.7054E+004   5.8004E+004    1.233
       1450.00    4.5748E+006   5.3635E+005   6.5780E+005    1.226
       1500.00    4.8134E+006   5.4938E+006   6.6987E+006    1.219
       1550.00    5.0561E+006   5.1026E+007   6.1816E+007    1.211
       1600.00    5.3027E+006   4.3320E+008   5.2108E+008    1.203
       1650.00    5.5532E+006   3.3855E+009   4.0410E+009    1.194
       1700.00    5.8075E+006   2.4508E+010   2.9012E+010    1.184
       1800.00    6.3274E+006   1.0433E+012   1.2129E+012    1.162
       1900.00    6.8620E+006   3.4723E+013   3.9562E+013    1.139
       2000.00    7.4108E+006   9.3187E+014   1.0388E+015    1.115
       2500.00    1.0357E+007   1.0995E+021   1.0779E+021    0.980

            Partition function of structure    4
     ================================================================
          T(K)      Rot.          SS-HO           SS-T     SS-T/SS-HO
        100.00    8.8536E+004   2.2779E-230   1.9331E-230    0.849
        200.00    2.5042E+005   1.1763E-110   1.2291E-110    1.045
        298.15    4.5580E+005   2.4979E-070   2.9319E-070    1.174
        300.00    4.6005E+005   8.1712E-070   9.6060E-070    1.176
        500.00    9.8986E+005   1.2418E-035   1.5934E-035    1.283
        750.00    1.8185E+006   8.8650E-017   1.0978E-016    1.238
       1000.00    2.7998E+006   4.8349E-006   5.3499E-006    1.107
       1100.00    3.2300E+006   8.1441E-003   8.5184E-003    1.046
       1150.00    3.4528E+006   2.3465E-001   2.3826E-001    1.015
       1200.00    3.6804E+006   5.5382E+000   5.4542E+000    0.985
       1250.00    3.9128E+006   1.0945E+002   1.0447E+002    0.955
       1300.00    4.1499E+006   1.8450E+003   1.7060E+003    0.925
       1350.00    4.3916E+006   2.6958E+004   2.4134E+004    0.895
       1400.00    4.6378E+006   3.4612E+005   2.9989E+005    0.866
       1450.00    4.8885E+006   3.9517E+006   3.3127E+006    0.838
       1500.00    5.1435E+006   4.0538E+007   3.2870E+007    0.811
       1550.00    5.4028E+006   3.7705E+008   2.9567E+008    0.784
       1600.00    5.6663E+006   3.2053E+009   2.4303E+009    0.758
       1650.00    5.9340E+006   2.5081E+010   1.8386E+010    0.733
       1700.00    6.2057E+006   1.8178E+011   1.2883E+011    0.709
       1800.00    6.7613E+006   7.7550E+012   5.1371E+012    0.662
       1900.00    7.3325E+006   2.5859E+014   1.6012E+014    0.619
       2000.00    7.9189E+006   6.9516E+015   4.0253E+015    0.579
       2500.00    1.1067E+007   8.2552E+021   3.4499E+021    0.418

     ================================================================
              Partition Functions Including All Structures
        -----------------------------------------------------------
        Zero of energy is set to potential energy of global minimum
        -----------------------------------------------------------
        T(K)    Elec.        Trans.              Con-rovib
                                            MS-LH    or     MS-T
        100.00  2.0000E+000  3.2877E+006  2.1086E-229  1.6642E-229
        200.00  2.0000E+000  1.8598E+007  5.6653E-110  5.3727E-110
        298.15  2.0000E+000  5.0464E+007  9.9485E-070  1.0699E-069
        300.00  2.0000E+000  5.1250E+007  3.2468E-069  3.4983E-069
        500.00  2.0000E+000  1.8379E+008  4.2715E-035  5.1876E-035
        750.00  2.0000E+000  5.0646E+008  2.8500E-016  3.5213E-016
       1000.00  2.0000E+000  1.0397E+009  1.5051E-005  1.7670E-005
       1100.00  2.0000E+000  1.3194E+009  2.5137E-002  2.8614E-002
       1150.00  2.0000E+000  1.4745E+009  7.2161E-001  8.0759E-001
       1200.00  2.0000E+000  1.6400E+009  1.6974E+001  1.8661E+001
       1250.00  2.0000E+000  1.8162E+009  3.3441E+002  3.6086E+002
       1300.00  2.0000E+000  2.0033E+009  5.6214E+003  5.9501E+003
       1350.00  2.0000E+000  2.2015E+009  8.1921E+004  8.5004E+004
       1400.00  2.0000E+000  2.4111E+009  1.0493E+006  1.0667E+006
       1450.00  2.0000E+000  2.6322E+009  1.1953E+007  1.1901E+007
       1500.00  2.0000E+000  2.8650E+009  1.2236E+008  1.1926E+008
       1550.00  2.0000E+000  3.1097E+009  1.1359E+009  1.0833E+009
       1600.00  2.0000E+000  3.3666E+009  9.6387E+009  8.9922E+009
       1650.00  2.0000E+000  3.6358E+009  7.5292E+010  6.8693E+010
       1700.00  2.0000E+000  3.9175E+009  5.4482E+011  4.8598E+011
       1800.00  2.0000E+000  4.5193E+009  2.3176E+013  1.9749E+013
       1900.00  2.0000E+000  5.1734E+009  7.7077E+014  6.2705E+014
       2000.00  2.0000E+000  5.8812E+009  2.0672E+016  1.6048E+016
       2500.00  2.0000E+000  1.0274E+010  2.4334E+022  1.4915E+022

             Total Partition Function (E + T + Con-rovib)
             ---------------------------------------------
                T(K)     E + T + MS-LH     E + T + MS-T
                100.00     1.3865E-222       1.0943E-222
                200.00     2.1073E-102       1.9984E-102
                298.15     1.0041E-061       1.0798E-061
                300.00     3.3280E-061       3.5857E-061
                500.00     1.5701E-026       1.9068E-026
                750.00     2.8869E-007       3.5668E-007
               1000.00     3.1297E+004       3.6742E+004
               1100.00     6.6332E+007       7.5507E+007
               1150.00     2.1280E+009       2.3815E+009
               1200.00     5.5675E+010       6.1207E+010
               1250.00     1.2147E+012       1.3108E+012
               1300.00     2.2523E+013       2.3840E+013
               1350.00     3.6071E+014       3.7428E+014
               1400.00     5.0598E+015       5.1440E+015
               1450.00     6.2924E+016       6.2648E+016
               1500.00     7.0113E+017       6.8333E+017
               1550.00     7.0646E+018       6.7375E+018
               1600.00     6.4899E+019       6.0547E+019
               1650.00     5.4750E+020       4.9951E+020
               1700.00     4.2687E+021       3.8077E+021
               1800.00     2.0948E+023       1.7850E+023
               1900.00     7.9750E+024       6.4879E+024
               2000.00     2.4315E+026       1.8877E+026
               2500.00     5.0002E+032       3.0648E+032

     ================================================================
              Partition Functions Including All Structures
        -----------------------------------------------------------
                    Zero of energy is set to ZPE
        -----------------------------------------------------------
        T(K)             Con-rovib                Total
                   MS-LH        MS-T       E+T+MS-LH    E+T+MS-T
        100.00  2.0467E+006  1.6153E+006  1.3458E+013  1.0621E+013
        200.00  1.7650E+008  1.6739E+008  6.5652E+015  6.2261E+015
        298.15  6.4983E+009  6.9887E+009  6.5586E+017  7.0535E+017
        300.00  6.9259E+009  7.4623E+009  7.0991E+017  7.6488E+017
        500.00  4.2461E+012  5.1568E+012  1.5608E+021  1.8955E+021
        750.00  6.1159E+015  7.5563E+015  6.1949E+024  7.6539E+024
       1000.00  4.7455E+018  5.5711E+018  9.8674E+027  1.1584E+028
       1100.00  5.7914E+019  6.5924E+019  1.5282E+029  1.7396E+029
       1150.00  1.9587E+020  2.1920E+020  5.7760E+029  6.4642E+029
       1200.00  6.4869E+020  7.1315E+020  2.1277E+030  2.3391E+030
       1250.00  2.1049E+021  2.2714E+021  7.6460E+030  8.2508E+030
       1300.00  6.6953E+021  7.0868E+021  2.6826E+031  2.8394E+031
       1350.00  2.0886E+022  2.1671E+022  9.1961E+031  9.5421E+031
       1400.00  6.3926E+022  6.4990E+022  3.0826E+032  3.1339E+032
       1450.00  1.9208E+023  1.9124E+023  1.0112E+033  1.0067E+033
       1500.00  5.6683E+023  5.5244E+023  3.2479E+033  3.1654E+033
       1550.00  1.6436E+024  1.5675E+024  1.0222E+034  9.7489E+033
       1600.00  4.6850E+024  4.3708E+024  3.1545E+034  2.9429E+034
       1650.00  1.3134E+025  1.1983E+025  9.5504E+034  8.7133E+034
       1700.00  3.6226E+025  3.2314E+025  2.8383E+035  2.5318E+035
       1800.00  2.6295E+026  2.2407E+026  2.3767E+036  2.0253E+036
       1900.00  1.7975E+027  1.4623E+027  1.8598E+037  1.5130E+037
       2000.00  1.1608E+028  9.0112E+027  1.3653E+038  1.0599E+038
       2500.00  6.1052E+031  3.7421E+031  1.2545E+042  7.6892E+041
     ================================================================

                     ==============================
                          Thermodynamic Functions
                      (Ideal gas at standard state)
                     ==============================
     T  - Temperature (Kelvin)        G  - Gibbs Free Energy (kcal/mol)
     E  - Thermal Energy (kcal/mol)   H  - Enthalpy (kcal/mol)
     S  - Entropy (cal/(mol-K))
     Cp - Heat Capacity at Constant Pressure (cal/(mol-K))
        -----------------------------------------------------------
        Zero of energy is set to potential energy of global minimum
        -----------------------------------------------------------

               Contribution from electronic P.F. 
     ================================================================
                  T          G          E          S
                100.00      -0.138      0.000      1.377
                200.00      -0.275      0.000      1.377
                298.15      -0.411      0.000      1.377
                300.00      -0.413      0.000      1.377
                500.00      -0.689      0.000      1.377
                750.00      -1.033      0.000      1.377
               1000.00      -1.377      0.000      1.377
               1100.00      -1.515      0.000      1.377
               1150.00      -1.584      0.000      1.377
               1200.00      -1.653      0.000      1.377
               1250.00      -1.722      0.000      1.377
               1300.00      -1.791      0.000      1.377
               1350.00      -1.860      0.000      1.377
               1400.00      -1.928      0.000      1.377
               1450.00      -1.997      0.000      1.377
               1500.00      -2.066      0.000      1.377
               1550.00      -2.135      0.000      1.377
               1600.00      -2.204      0.000      1.377
               1650.00      -2.273      0.000      1.377
               1700.00      -2.342      0.000      1.377
               1800.00      -2.479      0.000      1.377
               1900.00      -2.617      0.000      1.377
               2000.00      -2.755      0.000      1.377
               2500.00      -3.444      0.000      1.377

               Contribution from translational P.F. 
     ================================================================
                  T          G          E          S
                100.00      -2.982      0.298     34.788
                200.00      -6.653      0.596     38.231
                298.15     -10.509      0.889     40.215
                300.00     -10.583      0.894     40.246
                500.00     -18.908      1.490     42.783
                750.00     -29.872      2.236     44.798
               1000.00     -41.259      2.981     46.227
               1100.00     -45.906      3.279     46.700
               1150.00     -48.246      3.428     46.921
               1200.00     -50.598      3.577     47.133
               1250.00     -52.959      3.726     47.336
               1300.00     -55.331      3.875     47.530
               1350.00     -57.712      4.024     47.718
               1400.00     -60.103      4.173     47.899
               1450.00     -62.502      4.322     48.073
               1500.00     -64.910      4.471     48.241
               1550.00     -67.326      4.620     48.404
               1600.00     -69.750      4.769     48.562
               1650.00     -72.182      4.918     48.715
               1700.00     -74.622      5.067     48.863
               1800.00     -79.522      5.365     49.147
               1900.00     -84.451      5.664     49.416
               2000.00     -89.405      5.962     49.671
               2500.00    -114.528      7.452     50.779

        Contribution from conformational-rovibrational P.F. (MS-LH)
     ================================================================
                  T          G          E          S
                100.00     104.636    108.531     38.945
                200.00      99.977    110.677     53.499
                298.15      94.137    113.614     65.329
                300.00      94.016    113.679     65.544
                500.00      78.633    122.659     88.053
                750.00      53.348    138.609    113.682
               1000.00      22.066    158.117    136.051
               1100.00       8.052    166.633    144.165
               1150.00       0.746    171.014    148.060
               1200.00      -6.753    175.471    151.853
               1250.00     -14.438    179.996    155.547
               1300.00     -22.306    184.586    159.147
               1350.00     -30.351    189.235    162.657
               1400.00     -38.570    193.941    166.079
               1450.00     -46.958    198.697    169.417
               1500.00     -55.510    203.503    172.675
               1550.00     -64.224    208.353    175.856
               1600.00     -73.095    213.245    178.962
               1650.00     -82.119    218.177    181.997
               1700.00     -91.293    223.145    184.964
               1800.00    -110.079    233.183    190.701
               1900.00    -129.425    243.342    196.193
               2000.00    -149.310    253.607    201.458
               2500.00    -256.083    306.163    224.898

        Contribution from conformational-rovibrational P.F. (MS-T)
     ================================================================
                  T          G          E          S
                100.00     104.683    108.568     38.849
                200.00      99.998    110.803     54.026
                298.15      94.094    113.791     66.066
                300.00      93.971    113.856     66.283
                500.00      78.440    122.805     88.731
                750.00      53.033    138.495    113.950
               1000.00      21.747    157.550    135.803
               1100.00       7.768    165.839    143.701
               1150.00       0.488    170.099    147.487
               1200.00      -6.979    174.427    151.171
               1250.00     -14.627    178.818    154.756
               1300.00     -22.453    183.269    158.247
               1350.00     -30.450    187.774    161.648
               1400.00     -38.616    192.330    164.961
               1450.00     -46.945    196.932    168.191
               1500.00     -55.434    201.579    171.342
               1550.00     -64.078    206.265    174.415
               1600.00     -72.874    210.990    177.415
               1650.00     -81.818    215.749    180.344
               1700.00     -90.907    220.542    183.205
               1800.00    -109.506    230.216    188.735
               1900.00    -128.646    239.997    194.023
               2000.00    -148.303    249.872    199.088
               2500.00    -253.652    300.307    221.583

     Total (Translational + Electronic + conformational-rovib.(MS-LH))
     ======================================================================
              T          G          E          H          S          Cp
            100.00     101.516    108.829    109.027     75.110     22.229
            200.00      93.049    111.273    111.670     93.108     30.465
            298.15      83.217    114.503    115.096    106.921     39.630
            300.00      83.019    114.573    115.169    107.167     39.817
            500.00      59.036    124.149    125.143    132.214     59.369
            750.00      22.443    140.845    142.335    159.857     76.881
           1000.00     -20.570    161.097    163.085    183.655     88.351
           1100.00     -39.369    169.912    172.098    192.242     91.819
           1150.00     -49.085    174.442    176.728    196.359     93.366
           1200.00     -59.003    179.048    181.432    200.363     94.802
           1250.00     -69.119    183.722    186.206    204.260     96.135
           1300.00     -79.427    188.461    191.044    208.055     97.375
           1350.00     -89.923    193.260    195.942    211.752     98.527
           1400.00    -100.601    198.114    200.896    215.355     99.600
           1450.00    -111.457    203.020    205.901    218.868    100.600
           1500.00    -122.486    207.974    210.955    222.294    101.533
           1550.00    -133.685    212.973    216.053    225.638    102.403
           1600.00    -145.049    218.014    221.194    228.902    103.215
           1650.00    -156.574    223.095    226.374    232.090    103.975
           1700.00    -168.257    228.212    231.591    235.204    104.686
           1800.00    -192.080    238.548    242.125    241.225    105.976
           1900.00    -216.493    249.005    252.781    246.986    107.112
           2000.00    -241.470    259.569    263.543    252.506    108.116
           2500.00    -374.055    313.615    318.583    277.055    111.709

     Total (Translational + Electronic + conformational-rovib.(MS-T))
     ======================================================================
              T          G          E          H          S          Cp
            100.00     101.564    108.866    109.065     75.014     23.094
            200.00      93.070    111.399    111.797     93.635     31.201
            298.15      83.174    114.680    115.272    107.658     39.922
            300.00      82.975    114.750    115.346    107.906     40.101
            500.00      58.843    124.295    125.289    132.892     58.786
            750.00      22.127    140.730    142.221    160.125     75.426
           1000.00     -20.889    160.531    162.518    183.407     86.207
           1100.00     -39.652    169.118    171.304    191.779     89.430
           1150.00     -49.342    173.527    175.812    195.786     90.860
           1200.00     -59.229    178.004    180.388    199.681     92.182
           1250.00     -69.308    182.544    185.028    203.469     93.406
           1300.00     -79.574    187.144    189.727    207.155     94.539
           1350.00     -90.022    191.798    194.481    210.743     95.589
           1400.00    -100.647    196.503    199.285    214.237     96.563
           1450.00    -111.445    201.255    204.136    217.642     97.467
           1500.00    -122.410    206.050    209.031    220.960     98.308
           1550.00    -133.539    210.886    213.966    224.197     99.089
           1600.00    -144.828    215.759    218.939    227.354     99.816
           1650.00    -156.274    220.668    223.947    230.436    100.494
           1700.00    -167.871    225.609    228.987    233.446    101.126
           1800.00    -191.508    235.581    239.158    239.259    102.268
           1900.00    -215.714    245.661    249.436    244.816    103.267
           2000.00    -240.464    255.833    259.808    250.135    104.144
           2500.00    -371.624    307.759    312.727    273.740    107.234

                        --------------------------------
                         Zero of energy is set to ZPE
                        --------------------------------

     Total (Translational + Electronic + conformational-rovib.(MS-LH))
     ======================================================================
              T          G          E          H          S          Cp
            100.00      -6.007      1.305      1.504     75.110     22.229
            200.00     -14.475      3.749      4.146     93.108     30.465
            298.15     -24.307      6.979      7.572    106.921     39.630
            300.00     -24.505      7.049      7.645    107.167     39.817
            500.00     -48.488     16.626     17.619    132.214     59.369
            750.00     -85.081     33.321     34.811    159.857     76.881
           1000.00    -128.094     53.574     55.561    183.655     88.351
           1100.00    -146.893     62.388     64.574    192.242     91.819
           1150.00    -156.608     66.919     69.204    196.359     93.366
           1200.00    -166.527     71.524     73.909    200.363     94.802
           1250.00    -176.643     76.198     78.682    204.260     96.135
           1300.00    -186.951     80.937     83.521    208.055     97.375
           1350.00    -197.447     85.736     88.418    211.752     98.527
           1400.00    -208.125     90.590     93.372    215.355     99.600
           1450.00    -218.981     95.496     98.377    218.868    100.600
           1500.00    -230.010    100.450    103.431    222.294    101.533
           1550.00    -241.209    105.449    108.529    225.638    102.403
           1600.00    -252.573    110.491    113.670    228.902    103.215
           1650.00    -264.098    115.571    118.850    232.090    103.975
           1700.00    -275.780    120.689    124.067    235.204    104.686
           1800.00    -299.604    131.024    134.601    241.225    105.976
           1900.00    -324.017    141.481    145.257    246.986    107.112
           2000.00    -348.993    152.045    156.019    252.506    108.116
           2500.00    -481.578    206.091    211.059    277.055    111.709

     Total (Translational + Electronic + conformational-rovib.(MS-T))
     ======================================================================
              T          G          E          H          S          Cp
            100.00      -5.960      1.342      1.541     75.014     23.094
            200.00     -14.454      3.875      4.273     93.635     31.201
            298.15     -24.350      7.156      7.749    107.658     39.922
            300.00     -24.549      7.226      7.823    107.906     40.101
            500.00     -48.680     16.772     17.765    132.892     58.786
            750.00     -85.396     33.207     34.697    160.125     75.426
           1000.00    -128.413     53.007     54.994    183.407     86.207
           1100.00    -147.176     61.594     63.780    191.779     89.430
           1150.00    -156.866     66.003     68.288    195.786     90.860
           1200.00    -166.753     70.480     72.865    199.681     92.182
           1250.00    -176.832     75.021     77.505    203.469     93.406
           1300.00    -187.098     79.620     82.204    207.155     94.539
           1350.00    -197.546     84.274     86.957    210.743     95.589
           1400.00    -208.171     88.979     91.761    214.237     96.563
           1450.00    -218.968     93.731     96.612    217.642     97.467
           1500.00    -229.934     98.526    101.507    220.960     98.308
           1550.00    -241.063    103.362    106.442    224.197     99.089
           1600.00    -252.352    108.235    111.415    227.354     99.816
           1650.00    -263.797    113.144    116.423    230.436    100.494
           1700.00    -275.395    118.085    121.464    233.446    101.126
           1800.00    -299.032    128.058    131.635    239.259    102.268
           1900.00    -323.238    138.137    141.912    244.816    103.267
           2000.00    -347.988    148.309    152.284    250.135    104.144
           2500.00    -479.147    200.235    205.203    273.740    107.234

 ==============================End of MSTor output==============================
