
 *******************************************************************************

   MSTor program version 2013 (2013)

   Jingjing Zheng, Steven L. Mielke, and Donald G. Truhlar

   Department of Chemistry and Supercomputing Institute
   University of Minnesota, Minneapolis, Minnesota, USA

   Copyright 2013
   Donald G. Truhlar and Regents of the University of Minnesota

   Citations: 
   MS-T(U) method
     J. Zheng, T. Yu, E. Papajak, I. M. Alecu, S. L. Mielke, and D. G. Truhlar,
     Phys. Chem. Chem. Phys. 13, 10885-10907 (2011).
   MS-T(C) method
     J. Zheng and D. G. Truhlar, J. Chem. Theory Comput., DOI: 10.1021/ct3010722.
   MSTor program
     J. Zheng, S. L. Mielke, K. L Clarkson, and D. G. Truhlar,
     Comp. Phys. Comm. 183, 1803-1812 (2012).
     J. Zheng, R. Meana-Paneda, and D. G. Truhlar, Comp. Phys. Comm.
     to be published as new version announcement.

 *******************************************************************************

                    Naming conventions for the MS methods
   -----------------------------------------------------------------------------
   Common name        Original or other names
   -----------------------------------------------------------------------------
   MS-LH         =    MS-HO (ref. 1)   =   MS-AS-HO (ref. 2)
   MS-T          =    MS-AS (ref. 1)   =   MS-AS-T  (ref. 2)
   -----------------------------------------------------------------------------
   Ref. 1: J. Zheng, T. Yu, E. Papajak, I. M. Alecu, S. L. Mielke, and
           D. G. Truhlar, Phys. Chem. Chem. Phys. 13, 10885 (2011).
   Ref. 2: T. Yu, J. Zheng, and D. G. Truhlar, Chem. Sci. 2, 2199 (2011)

   Calculation run on 01/25/2022 at 11:51:40  

   Number of structures:             3
   Number of torsions:               6
   Method:                           MS-T(C)
   Frequency scaling factor:         0.964
   Delta T for finite difference:    0.5 K
   Internal coordinates
     Bonds:         01-02  01-18  01-19  01-20  02-03  02-16  02-17  03-04  03-14
     Bonds:         03-15  04-05  04-12  05-06  05-08  06-07  07-09  07-10  12-21
     Bonds:         07-11  04-13
     Angles:        01-02-16  02-01-19  03-02-16  04-03-15  04-05-08  05-04-12
     Angles:        05-06-07  06-05-08  06-07-11  09-07-11  12-04-13  14-03-15
     Angles:        16-02-17  18-01-19  04-03-14  05-04-13  02-01-18  10-07-11
     Angles:        04-12-21
     Linear Angles: 
     Dihedrals:     01-03-17-02  01-16-17-02  02-04-14-03  03-05-12-04
     Dihedrals:     03-05-13-04  04-06-08-05  06-09-11-07  09-10-11-07
     Dihedrals:     05-04-12-21  02-14-15-03  02-18-20-01  02-19-20-01
     Dihedrals:     04-03-02-01  05-04-03-02  06-05-04-03  07-06-05-04
     Dihedrals:     03-02-01-18  05-06-07-09

   All moment output uses units of amu for masses and Angstroms for distances 

                           ==========================
                                Structure   1
                           ==========================

   Normal-mode Frequencies (cm-1) 
   (Overall translation and rotation projected out)
    1460.9574i      0.0000i      0.0000i      0.0000i      0.0000       0.0000 
       0.0000      49.7755      73.1161      88.7051     136.1225     166.2635 
     189.8798     215.2150     242.0901     287.2697     300.2107     339.5571 
     402.9138     516.6769     651.4403     690.1801     739.8174     844.1809 
     861.6542     914.9250     942.4680    1021.7024    1054.7157    1067.4846 
    1087.5096    1130.3220    1163.7983    1176.9113    1190.8753    1229.7527 
    1246.3956    1264.0045    1287.9048    1308.7234    1359.2124    1392.3643 
    1395.3272    1407.2058    1453.5865    1461.9060    1463.4386    1468.3529 
    1474.6772    1477.5756    1480.6663    1803.1622    2998.6232    3000.6208 
    3011.6055    3028.1519    3044.1580    3066.8471    3080.9063    3086.2100 
    3098.3399    3112.4202    3146.7591 
   Torsion-projected frequencies/non-torsional frequencies (cm-1)
    1460.9516i    189.3410     215.0595     285.4063     299.3018     338.9588 
     400.7659     516.4769     650.9971     689.2744     738.7446     844.1711 
     861.6196     914.9046     942.4142    1021.6984    1054.7130    1067.4755 
    1087.5042    1130.3125    1163.5105    1176.8924    1190.8743    1229.7307 
    1246.3776    1263.9530    1287.9030    1308.6623    1359.2100    1392.3628 
    1395.3228    1407.2011    1453.5862    1461.9051    1463.3542    1468.3478 
    1474.6766    1477.5756    1480.6630    1803.1618    2998.6229    3000.6207 
    3011.6055    3028.1519    3044.1553    3066.8460    3080.9049    3086.2098 
    3098.3393    3112.4113    3146.7591 
   Product of consistently coupled torsional frequencies (in cm-1^ntor)  1.8130E+12
   Primitively coupled torsional frequencies (cm-1) (Not used)
      53.0506      86.2140      91.3681     139.0805     179.0849     244.7052 
   Product of primitively coupled torsional frequencies (in cm-1^ntor)   2.5470E+12
   Effective coupled torsional barrier (kcal/mol)
        1.088        2.802        3.424        5.288        6.495        9.699 

   D matrix: 
   m-n        1             2             3             4             5
    1   2.198445E+01 -2.709034E+00 -3.107712E+00 -1.284182E+00  1.408767E+00
    2  -2.709034E+00  2.333204E+01  6.984545E+00  4.717768E+00  2.212284E+00
    3  -3.107712E+00  6.984545E+00  4.337109E+01 -1.254592E+01  4.737549E-01
    4  -1.284182E+00  4.717768E+00 -1.254592E+01  1.784701E+01  3.541503E-01
    5   1.408767E+00  2.212284E+00  4.737549E-01  3.541503E-01  3.031756E+00
    6  -2.812627E-01  8.291852E-01  2.308813E+00  1.421222E+00  6.238112E-02
   m-n        6
    1  -2.812627E-01
    2   8.291852E-01
    3   2.308813E+00
    4   1.421222E+00
    5   6.238112E-02
    6   3.114964E+00

   Eigenvalues of D matrix:
     4.9787E+01    2.7702E+01    2.0535E+01    9.4774E+00    2.6450E+00    2.5354E+00
   Determinant of D matrix  1.369669E+029

          Uncoupled force constants (au), Pitzer moment of inertia (amu A^2),
   uncoupled torsional frequencies (cm-1), and uncoupled torsional barrier (kcal/mol)
   --------------------------------------------------------------------------------
   Torsion               1             2             3             4             5
   Force constant   2.33184E-02  2.71146E-02  1.72528E-02  4.29770E-02  2.08032E-02
   Moment          21.984       23.332       43.371       17.847        3.032
   Tor. Freq.        88.593       92.732       54.254      133.487      225.332
   Rot. barrier       5.221        6.071        3.863        9.623        2.901
   M_j,tau            2.368        2.368        2.368        2.368        3.000

   Torsion               6
   Force constant   8.00712E-03
   Moment           3.115
   Tor. Freq.       137.917
   Rot. barrier       1.117
   M_j,tau            3.000
   --------------------------------------------------------------------------------
   Potential Energy =   0.000 kcal/mol
   Weight =  1
   Overall rotational symmetry number =   1

                           ==========================
                                Structure   2
                           ==========================

   Normal-mode Frequencies (cm-1) 
   (Overall translation and rotation projected out)
    1466.4529i      0.0001i      0.0000i      0.0000i      0.0000       0.0000 
       0.0001      50.0637      66.0780      97.3106     115.4653     137.5463 
     172.8813     239.6797     247.9829     302.2927     315.8609     332.1173 
     341.4251     493.8433     687.7756     711.9969     721.8300     814.0908 
     894.4848     918.8418     936.3045    1027.3530    1061.3911    1075.4016 
    1089.8492    1131.0860    1163.9272    1182.2504    1189.8985    1218.5867 
    1246.0970    1246.5238    1286.9151    1298.1723    1365.7922    1380.9931 
    1397.4018    1414.9509    1452.7580    1462.4952    1463.2283    1468.6737 
    1474.9811    1477.6841    1482.7513    1805.9363    2985.2770    2996.8154 
    3001.8529    3027.9552    3032.2827    3056.8553    3079.6407    3086.9208 
    3097.4177    3112.2113    3146.3799 
   Torsion-projected frequencies/non-torsional frequencies (cm-1)
    1466.4500i    114.1472     247.6002     301.7772     313.0902     328.7602 
     341.3705     493.7501     687.1965     711.7902     720.2859     814.0180 
     894.4813     918.7839     936.2556    1027.3518    1061.3894    1075.3871 
    1089.8447    1131.0855    1163.6398    1182.2465    1189.8950    1218.5824 
    1246.0452    1246.5000    1286.9141    1298.1142    1365.7909    1380.9882 
    1397.4015    1414.9484    1452.7376    1462.4920    1463.1454    1468.6713 
    1474.9798    1477.6839    1482.7496    1805.9361    2985.2767    2996.8152 
    3001.8529    3027.9552    3032.2825    3056.8540    3079.6391    3086.9208 
    3097.4173    3112.2026    3146.3799 
   Product of consistently coupled torsional frequencies (in cm-1^ntor)  1.9058E+12
   Primitively coupled torsional frequencies (cm-1) (Not used)
      51.5794      71.8536     117.4442     138.7065     178.8620     244.5240 
   Product of primitively coupled torsional frequencies (in cm-1^ntor)   2.6405E+12
   Effective coupled torsional barrier (kcal/mol)
        1.099        2.361        2.741        3.238        4.721        8.611 

   D matrix: 
   m-n        1             2             3             4             5
    1   1.975769E+01 -3.689978E+00  1.425599E+01 -4.971575E+00  9.743503E-01
    2  -3.689978E+00  2.160215E+01 -4.253354E+00  7.424667E+00  2.306046E+00
    3   1.425599E+01 -4.253354E+00  3.100019E+01 -1.181693E+01  1.114073E+00
    4  -4.971575E+00  7.424667E+00 -1.181693E+01  1.833176E+01  1.990894E-01
    5   9.743503E-01  2.306046E+00  1.114073E+00  1.990894E-01  3.017877E+00
    6   6.777109E-01  2.187114E-01  1.461985E+00  1.510797E+00  9.721393E-02
   m-n        6
    1   6.777109E-01
    2   2.187114E-01
    3   1.461985E+00
    4   1.510797E+00
    5   9.721393E-02
    6   3.060236E+00

   Eigenvalues of D matrix:
     4.8862E+01    2.1770E+01    1.2863E+01    8.1421E+00    2.6054E+00    2.5268E+00
   Determinant of D matrix  5.581150E+028

          Uncoupled force constants (au), Pitzer moment of inertia (amu A^2),
   uncoupled torsional frequencies (cm-1), and uncoupled torsional barrier (kcal/mol)
   --------------------------------------------------------------------------------
   Torsion               1             2             3             4             5
   Force constant   2.14998E-02  1.62400E-02  1.37436E-02  4.31375E-02  2.06478E-02
   Moment          19.758       21.602       31.000       18.332        3.018
   Tor. Freq.        89.734       74.585       57.276      131.957      225.005
   Rot. barrier       4.264        3.220        2.725        8.554        2.879
   M_j,tau            2.516        2.516        2.516        2.516        3.000

   Torsion               6
   Force constant   8.09561E-03
   Moment           3.060
   Tor. Freq.       139.911
   Rot. barrier       1.129
   M_j,tau            3.000
   --------------------------------------------------------------------------------
   Potential Energy =   0.308 kcal/mol
   Weight =  1
   Overall rotational symmetry number =   1

                           ==========================
                                Structure   3
                           ==========================

   Normal-mode Frequencies (cm-1) 
   (Overall translation and rotation projected out)
    1461.3140i      0.0000i      0.0000i      0.0000i      0.0000       0.0000 
       0.0001      44.9911      56.0841     110.6607     138.0764     167.7851 
     184.5846     216.5344     260.6999     292.1212     328.4556     346.4172 
     432.1511     490.4450     653.4559     695.2917     749.8801     840.7072 
     851.6180     911.4760     956.7877     987.1901    1053.9185    1072.8195 
    1080.8676    1132.7101    1157.4532    1163.9021    1190.6729    1225.6832 
    1251.2524    1259.2626    1283.9625    1334.8959    1350.6127    1387.4709 
    1397.1821    1409.1911    1452.3449    1461.7512    1463.3424    1469.2843 
    1476.9520    1477.5944    1481.9031    1802.9417    2999.7517    3010.8216 
    3012.4569    3028.0470    3052.4368    3070.6979    3079.1504    3084.5225 
    3108.9369    3112.2815    3146.6947 
   Torsion-projected frequencies/non-torsional frequencies (cm-1)
    1461.3092i    180.2248     231.8957     289.7170     324.6723     344.8651 
     430.9116     488.9641     653.1835     694.6158     749.1848     840.6349 
     851.4920     911.4194     956.7443     987.1269    1053.9030    1072.7825 
    1080.8560    1132.7027    1157.4424    1163.6120    1190.6725    1225.6646 
    1251.1995    1259.2288    1283.9358    1334.8881    1350.6120    1387.4643 
    1397.1784    1409.1877    1452.3400    1461.7505    1463.2607    1469.2692 
    1476.9328    1477.5927    1481.8996    1802.9416    2999.7500    3010.8213 
    3012.4561    3028.0470    3052.4352    3070.6974    3079.1496    3084.5221 
    3108.9349    3112.2726    3146.6947 
   Product of consistently coupled torsional frequencies (in cm-1^ntor)  1.6678E+12
   Primitively coupled torsional frequencies (cm-1) (Not used)
      47.2485      58.4116     123.5302     141.6059     180.5064     256.7481 
   Product of primitively coupled torsional frequencies (in cm-1^ntor)   2.2374E+12
   Effective coupled torsional barrier (kcal/mol)
        1.098        2.514        3.196        5.126        7.406        9.560 

   D matrix: 
   m-n        1             2             3             4             5
    1   2.650887E+01  2.082616E+01 -6.580360E+00  5.755476E+00  1.366212E+00
    2   2.082616E+01  4.390860E+01  7.260188E+00  9.099801E+00 -3.490370E-01
    3  -6.580360E+00  7.260188E+00  4.124040E+01 -1.107887E+01  5.904514E-01
    4   5.755476E+00  9.099801E+00 -1.107887E+01  1.814812E+01 -3.081792E-01
    5   1.366212E+00 -3.490370E-01  5.904514E-01 -3.081792E-01  3.079425E+00
    6  -2.739064E-02  1.187449E+00  2.239719E+00  1.560279E+00  2.278195E-02
   m-n        6
    1  -2.739064E-02
    2   1.187449E+00
    3   2.239719E+00
    4   1.560279E+00
    5   2.278195E-02
    6   3.119344E+00

   Eigenvalues of D matrix:
     6.0555E+01    4.7805E+01    1.4597E+01    7.7466E+00    2.7848E+00    2.5162E+00
   Determinant of D matrix  1.745327E+029

          Uncoupled force constants (au), Pitzer moment of inertia (amu A^2),
   uncoupled torsional frequencies (cm-1), and uncoupled torsional barrier (kcal/mol)
   --------------------------------------------------------------------------------
   Torsion               1             2             3             4             5
   Force constant   2.44971E-02  2.79714E-02  1.72048E-02  4.30883E-02  2.10364E-02
   Moment          26.509       43.909       41.240       18.148        3.079
   Tor. Freq.        82.693       68.657       55.561      132.547      224.831
   Rot. barrier       5.396        6.162        3.790        9.492        2.933
   M_j,tau            2.387        2.387        2.387        2.387        3.000

   Torsion               6
   Force constant   8.08394E-03
   Moment           3.119
   Tor. Freq.       138.479
   Rot. barrier       1.127
   M_j,tau            3.000
   --------------------------------------------------------------------------------
   Potential Energy =   0.623 kcal/mol
   Weight =  1
   Overall rotational symmetry number =   1

       List of zero-point inclusive energy (kcal/mol) for each structure
      ------------------------------------------------------------------
        Structure            Energy (T = 0 K)
      ------------------------------------------------------------------
          1                    107.50
          2                    107.65
          3                    108.21
      ZPE of the system =      107.50


     Note: The following SS-HO and SS-T include the Rot. P.F. and Boltzmann factor,
           but are calculated with weight = 1 for each structure. Weights are
           counted in MS partition functions. Zero of energy is set to the potential
           energy of global minimum.

            Partition function of structure    1
     ================================================================
          T(K)      Rot.          SS-HO           SS-T     SS-T/SS-HO
        100.00    8.9061E+004   6.7812E-230   5.4315E-230    0.801
        125.00    1.2447E+005   1.9336E-182   1.6048E-182    0.830
        200.00    2.5190E+005   1.1244E-110   1.0326E-110    0.918
        298.15    4.5850E+005   1.6169E-070   1.6532E-070    1.022
        300.00    4.6278E+005   5.2629E-070   5.3906E-070    1.024
        500.00    9.9574E+005   5.7657E-036   6.8749E-036    1.192
        750.00    1.8293E+006   3.4705E-017   4.5817E-017    1.320
       1000.00    2.8164E+006   1.7364E-006   2.3683E-006    1.364
       1100.00    3.2492E+006   2.8573E-003   3.8924E-003    1.362
       1150.00    3.4732E+006   8.1495E-002   1.1068E-001    1.358
       1200.00    3.7022E+006   1.9057E+000   2.5765E+000    1.352
       1250.00    3.9360E+006   3.7340E+001   5.0188E+001    1.344
       1300.00    4.1745E+006   6.2454E+002   8.3348E+002    1.335
       1350.00    4.4176E+006   9.0594E+003   1.1990E+004    1.324
       1400.00    4.6653E+006   1.1554E+005   1.5150E+005    1.311
       1450.00    4.9175E+006   1.3109E+006   1.7012E+006    1.298
       1500.00    5.1740E+006   1.3370E+007   1.7157E+007    1.283
       1550.00    5.4348E+006   1.2368E+008   1.5681E+008    1.268
       1600.00    5.6999E+006   1.0461E+009   1.3094E+009    1.252
       1650.00    5.9692E+006   8.1465E+009   1.0060E+010    1.235
       1700.00    6.2426E+006   5.8780E+010   7.1563E+010    1.217
       1800.00    6.8014E+006   2.4873E+012   2.9384E+012    1.181
       1900.00    7.3760E+006   8.2335E+013   9.4194E+013    1.144
       2000.00    7.9659E+006   2.1990E+015   2.4322E+015    1.106
       2500.00    1.1133E+007   2.5479E+021   2.3409E+021    0.919

            Partition function of structure    2
     ================================================================
          T(K)      Rot.          SS-HO           SS-T     SS-T/SS-HO
        100.00    8.8826E+004   3.5419E-230   2.9284E-230    0.827
        125.00    1.2414E+005   1.2159E-182   1.0475E-182    0.861
        200.00    2.5124E+005   9.5027E-111   9.2525E-111    0.974
        298.15    4.5729E+005   1.6269E-070   1.8223E-070    1.120
        300.00    4.6155E+005   5.3073E-070   5.9589E-070    1.123
        500.00    9.9311E+005   6.7423E-036   9.1782E-036    1.361
        750.00    1.8245E+006   4.3794E-017   6.5318E-017    1.491
       1000.00    2.8089E+006   2.2785E-006   3.3593E-006    1.474
       1100.00    3.2406E+006   3.7902E-003   5.4657E-003    1.442
       1150.00    3.4641E+006   1.0862E-001   1.5450E-001    1.422
       1200.00    3.6924E+006   2.5511E+000   3.5737E+000    1.401
       1250.00    3.9256E+006   5.0189E+001   6.9150E+001    1.378
       1300.00    4.1635E+006   8.4263E+002   1.1405E+003    1.353
       1350.00    4.4060E+006   1.2266E+004   1.6291E+004    1.328
       1400.00    4.6530E+006   1.5694E+005   2.0436E+005    1.302
       1450.00    4.9045E+006   1.7862E+006   2.2783E+006    1.276
       1500.00    5.1603E+006   1.8269E+007   2.2810E+007    1.249
       1550.00    5.4205E+006   1.6946E+008   2.0698E+008    1.221
       1600.00    5.6849E+006   1.4370E+009   1.7158E+009    1.194
       1650.00    5.9534E+006   1.1217E+010   1.3088E+010    1.167
       1700.00    6.2261E+006   8.1121E+010   9.2446E+010    1.140
       1800.00    6.7834E+006   3.4471E+012   3.7433E+012    1.086
       1900.00    7.3565E+006   1.1454E+014   1.1839E+014    1.034
       2000.00    7.9448E+006   3.0695E+015   3.0172E+015    0.983
       2500.00    1.1103E+007   3.6040E+021   2.7406E+021    0.760

            Partition function of structure    3
     ================================================================
          T(K)      Rot.          SS-HO           SS-T     SS-T/SS-HO
        100.00    8.6927E+004   2.0346E-231   1.7105E-231    0.841
        125.00    1.2148E+005   1.1817E-183   1.0303E-183    0.872
        200.00    2.4587E+005   1.9557E-111   1.8946E-111    0.969
        298.15    4.4751E+005   4.9131E-071   5.3317E-071    1.085
        300.00    4.5168E+005   1.6103E-070   1.7508E-070    1.087
        500.00    9.7187E+005   2.7491E-036   3.4832E-036    1.267
        750.00    1.7854E+006   2.0629E-017   2.8576E-017    1.385
       1000.00    2.7489E+006   1.1523E-006   1.6272E-006    1.412
       1100.00    3.1713E+006   1.9538E-003   2.7438E-003    1.404
       1150.00    3.3900E+006   5.6456E-002   7.8886E-002    1.397
       1200.00    3.6135E+006   1.3360E+000   1.8550E+000    1.388
       1250.00    3.8417E+006   2.6466E+001   3.6471E+001    1.378
       1300.00    4.0744E+006   4.4717E+002   6.1088E+002    1.366
       1350.00    4.3118E+006   6.5475E+003   8.8581E+003    1.353
       1400.00    4.5535E+006   8.4231E+004   1.1275E+005    1.339
       1450.00    4.7996E+006   9.6345E+005   1.2748E+006    1.323
       1500.00    5.0500E+006   9.9004E+006   1.2939E+007    1.307
       1550.00    5.3046E+006   9.2234E+007   1.1897E+008    1.290
       1600.00    5.5633E+006   7.8527E+008   9.9900E+008    1.272
       1650.00    5.8261E+006   6.1534E+009   7.7159E+009    1.254
       1700.00    6.0929E+006   4.4658E+010   5.5164E+010    1.235
       1800.00    6.6384E+006   1.9100E+012   2.2860E+012    1.197
       1900.00    7.1992E+006   6.3830E+013   7.3887E+013    1.158
       2000.00    7.7750E+006   1.7194E+015   1.9221E+015    1.118
       2500.00    1.0866E+007   2.0579E+021   1.9041E+021    0.925

     ================================================================
              Partition Functions Including All Structures
        -----------------------------------------------------------
        Zero of energy is set to potential energy of global minimum
        -----------------------------------------------------------
        T(K)    Elec.        Trans.              Con-rovib
                                            MS-LH    or     MS-T
        100.00  2.0000E+000  3.2877E+006  1.0527E-229  8.5309E-230
        125.00  2.0000E+000  5.7434E+006  3.2677E-182  2.7553E-182
        200.00  2.0000E+000  1.8598E+007  2.2702E-110  2.1473E-110
        298.15  2.0000E+000  5.0464E+007  3.7350E-070  4.0086E-070
        300.00  2.0000E+000  5.1250E+007  1.2181E-069  1.3100E-069
        500.00  2.0000E+000  1.8379E+008  1.5257E-035  1.9536E-035
        750.00  2.0000E+000  5.0646E+008  9.9128E-017  1.3971E-016
       1000.00  2.0000E+000  1.0397E+009  5.1672E-006  7.3547E-006
       1100.00  2.0000E+000  1.3194E+009  8.6013E-003  1.2102E-002
       1150.00  2.0000E+000  1.4745E+009  2.4657E-001  3.4406E-001
       1200.00  2.0000E+000  1.6400E+009  5.7927E+000  8.0051E+000
       1250.00  2.0000E+000  1.8162E+009  1.1400E+002  1.5581E+002
       1300.00  2.0000E+000  2.0033E+009  1.9143E+003  2.5848E+003
       1350.00  2.0000E+000  2.2015E+009  2.7873E+004  3.7140E+004
       1400.00  2.0000E+000  2.4111E+009  3.5671E+005  4.6860E+005
       1450.00  2.0000E+000  2.6322E+009  4.0605E+006  5.2543E+006
       1500.00  2.0000E+000  2.8650E+009  4.1540E+007  5.2906E+007
       1550.00  2.0000E+000  3.1097E+009  3.8538E+008  4.8275E+008
       1600.00  2.0000E+000  3.3666E+009  3.2683E+009  4.0242E+009
       1650.00  2.0000E+000  3.6358E+009  2.5517E+010  3.0864E+010
       1700.00  2.0000E+000  3.9175E+009  1.8456E+011  2.1917E+011
       1800.00  2.0000E+000  4.5193E+009  7.8443E+012  8.9677E+012
       1900.00  2.0000E+000  5.1734E+009  2.6070E+014  2.8647E+014
       2000.00  2.0000E+000  5.8812E+009  6.9880E+015  7.3715E+015
       2500.00  2.0000E+000  1.0274E+010  8.2097E+021  6.9856E+021

             Total Partition Function (E + T + Con-rovib)
             ---------------------------------------------
                T(K)     E + T + MS-LH     E + T + MS-T
                100.00     6.9216E-223       5.6094E-223
                125.00     3.7535E-175       3.1650E-175
                200.00     8.4444E-103       7.9872E-103
                298.15     3.7697E-062       4.0458E-062
                300.00     1.2485E-061       1.3428E-061
                500.00     5.6081E-027       7.1810E-027
                750.00     1.0041E-007       1.4152E-007
               1000.00     1.0744E+004       1.5293E+004
               1100.00     2.2697E+007       3.1934E+007
               1150.00     7.2712E+008       1.0146E+009
               1200.00     1.9000E+010       2.6257E+010
               1250.00     4.1408E+011       5.6596E+011
               1300.00     7.6701E+012       1.0357E+013
               1350.00     1.2273E+014       1.6353E+014
               1400.00     1.7201E+015       2.2597E+015
               1450.00     2.1376E+016       2.7660E+016
               1500.00     2.3802E+017       3.0315E+017
               1550.00     2.3968E+018       3.0025E+018
               1600.00     2.2006E+019       2.7096E+019
               1650.00     1.8555E+020       2.2443E+020
               1700.00     1.4460E+021       1.7172E+021
               1800.00     7.0902E+022       8.1056E+022
               1900.00     2.6974E+024       2.9640E+024
               2000.00     8.2195E+025       8.6706E+025
               2500.00     1.6869E+032       1.4354E+032

     ================================================================
              Partition Functions Including All Structures
        -----------------------------------------------------------
                    Zero of energy is set to ZPE
        -----------------------------------------------------------
        T(K)             Con-rovib                Total
                   MS-LH        MS-T       E+T+MS-LH    E+T+MS-T
        100.00  8.8852E+005  7.2007E+005  5.8424E+012  4.7348E+012
        125.00  2.8533E+006  2.4059E+006  3.2775E+013  2.7636E+013
        200.00  6.5958E+007  6.2386E+007  2.4534E+015  2.3205E+015
        298.15  2.3280E+009  2.4985E+009  2.3496E+017  2.5217E+017
        300.00  2.4801E+009  2.6673E+009  2.5421E+017  2.7340E+017
        500.00  1.4749E+012  1.8885E+012  5.4212E+020  6.9417E+020
        750.00  2.0879E+015  2.9427E+015  2.1149E+024  2.9807E+024
       1000.00  1.6066E+018  2.2867E+018  3.3406E+027  4.7547E+027
       1100.00  1.9566E+019  2.7529E+019  5.1631E+028  7.2644E+028
       1150.00  6.6118E+019  9.2262E+019  1.9498E+029  2.7207E+029
       1200.00  2.1882E+020  3.0239E+020  7.1772E+029  9.9184E+029
       1250.00  7.0957E+020  9.6985E+020  2.5775E+030  3.5229E+030
       1300.00  2.2557E+021  3.0457E+021  9.0377E+030  1.2203E+031
       1350.00  7.0329E+021  9.3712E+021  3.0966E+031  4.1262E+031
       1400.00  2.1517E+022  2.8266E+022  1.0376E+032  1.3630E+032
       1450.00  6.4625E+022  8.3625E+022  3.4021E+032  4.4023E+032
       1500.00  1.9064E+023  2.4281E+023  1.0924E+033  1.3913E+033
       1550.00  5.5263E+023  6.9226E+023  3.4370E+033  4.3054E+033
       1600.00  1.5748E+024  1.9390E+024  1.0603E+034  1.3056E+034
       1650.00  4.4136E+024  5.3384E+024  3.2094E+034  3.8819E+034
       1700.00  1.2171E+025  1.4454E+025  9.5362E+034  1.1325E+035
       1800.00  8.8312E+025  1.0096E+026  7.9822E+035  9.1253E+035
       1900.00  6.0352E+026  6.6317E+026  6.2445E+036  6.8617E+036
       2000.00  3.8965E+027  4.1103E+027  4.5832E+037  4.8347E+037
       2500.00  2.0483E+031  1.7428E+031  4.2088E+041  3.5812E+041
     ================================================================

                     ==============================
                          Thermodynamic Functions
                      (Ideal gas at standard state)
                     ==============================
     T  - Temperature (Kelvin)        G  - Gibbs Free Energy (kcal/mol)
     E  - Thermal Energy (kcal/mol)   H  - Enthalpy (kcal/mol)
     S  - Entropy (cal/(mol-K))
     Cp - Heat Capacity at Constant Pressure (cal/(mol-K))
        -----------------------------------------------------------
        Zero of energy is set to potential energy of global minimum
        -----------------------------------------------------------

               Contribution from electronic P.F. 
     ================================================================
                  T          G          E          S
                100.00      -0.138      0.000      1.377
                125.00      -0.172      0.000      1.377
                200.00      -0.275      0.000      1.377
                298.15      -0.411      0.000      1.377
                300.00      -0.413      0.000      1.377
                500.00      -0.689      0.000      1.377
                750.00      -1.033      0.000      1.377
               1000.00      -1.377      0.000      1.377
               1100.00      -1.515      0.000      1.377
               1150.00      -1.584      0.000      1.377
               1200.00      -1.653      0.000      1.377
               1250.00      -1.722      0.000      1.377
               1300.00      -1.791      0.000      1.377
               1350.00      -1.860      0.000      1.377
               1400.00      -1.928      0.000      1.377
               1450.00      -1.997      0.000      1.377
               1500.00      -2.066      0.000      1.377
               1550.00      -2.135      0.000      1.377
               1600.00      -2.204      0.000      1.377
               1650.00      -2.273      0.000      1.377
               1700.00      -2.342      0.000      1.377
               1800.00      -2.479      0.000      1.377
               1900.00      -2.617      0.000      1.377
               2000.00      -2.755      0.000      1.377
               2500.00      -3.444      0.000      1.377

               Contribution from translational P.F. 
     ================================================================
                  T          G          E          S
                100.00      -2.982      0.298     34.788
                125.00      -3.866      0.373     35.896
                200.00      -6.653      0.596     38.231
                298.15     -10.509      0.889     40.215
                300.00     -10.583      0.894     40.246
                500.00     -18.908      1.490     42.783
                750.00     -29.872      2.236     44.798
               1000.00     -41.259      2.981     46.227
               1100.00     -45.906      3.279     46.700
               1150.00     -48.246      3.428     46.921
               1200.00     -50.598      3.577     47.133
               1250.00     -52.959      3.726     47.336
               1300.00     -55.331      3.875     47.530
               1350.00     -57.712      4.024     47.718
               1400.00     -60.103      4.173     47.899
               1450.00     -62.502      4.322     48.073
               1500.00     -64.910      4.471     48.241
               1550.00     -67.326      4.620     48.404
               1600.00     -69.750      4.769     48.562
               1650.00     -72.182      4.918     48.715
               1700.00     -74.622      5.067     48.863
               1800.00     -79.522      5.365     49.147
               1900.00     -84.451      5.664     49.416
               2000.00     -89.405      5.962     49.671
               2500.00    -114.528      7.452     50.779

        Contribution from conformational-rovibrational P.F. (MS-LH)
     ================================================================
                  T          G          E          S
                100.00     104.774    108.453     36.789
                125.00     103.804    108.902     40.784
                200.00     100.340    110.592     51.257
                298.15      94.717    113.541     63.137
                300.00      94.600    113.606     63.353
                500.00      79.656    122.582     85.853
                750.00      54.922    138.529    111.476
               1000.00      24.191    158.043    133.852
               1100.00      10.396    166.562    141.969
               1150.00       3.200    170.945    145.866
               1200.00      -4.189    175.403    149.660
               1250.00     -11.765    179.931    153.356
               1300.00     -19.523    184.522    156.958
               1350.00     -27.459    189.173    160.468
               1400.00     -35.568    193.880    163.892
               1450.00     -43.847    198.638    167.231
               1500.00     -52.290    203.445    170.490
               1550.00     -60.894    208.297    173.672
               1600.00     -69.656    213.191    176.779
               1650.00     -78.571    218.124    179.815
               1700.00     -87.636    223.094    182.782
               1800.00    -106.204    233.134    188.521
               1900.00    -125.332    243.295    194.015
               2000.00    -144.999    253.563    199.281
               2500.00    -250.685    306.129    222.726

        Contribution from conformational-rovibrational P.F. (MS-T)
     ================================================================
                  T          G          E          S
                100.00     104.816    108.484     36.682
                125.00     103.846    108.951     40.842
                200.00     100.362    110.706     51.716
                298.15      94.675    113.744     63.956
                300.00      94.557    113.810     64.176
                500.00      79.410    122.892     86.965
                750.00      54.410    138.731    112.428
               1000.00      23.489    157.886    134.397
               1100.00       9.650    166.202    142.320
               1150.00       2.438    170.472    146.116
               1200.00      -4.960    174.809    149.808
               1250.00     -12.541    179.209    153.400
               1300.00     -20.299    183.667    156.896
               1350.00     -28.229    188.177    160.301
               1400.00     -36.327    192.738    163.618
               1450.00     -44.589    197.344    166.850
               1500.00     -53.011    201.993    170.003
               1550.00     -61.588    206.681    173.077
               1600.00     -70.318    211.407    176.078
               1650.00     -79.195    216.167    179.007
               1700.00     -88.217    220.959    181.868
               1800.00    -106.682    230.631    187.396
               1900.00    -125.688    240.408    192.682
               2000.00    -145.211    250.277    197.744
               2500.00    -249.883    300.668    220.221

     Total (Translational + Electronic + conformational-rovib.(MS-LH))
     ======================================================================
              T          G          E          H          S          Cp
            100.00     101.654    108.751    108.950     72.954     21.557
            125.00      99.766    109.274    109.523     78.058     24.207
            200.00      93.412    111.188    111.585     90.866     30.640
            298.15      83.798    114.430    115.023    104.730     39.681
            300.00      83.604    114.500    115.096    104.976     39.866
            500.00      60.059    124.073    125.066    130.014     59.332
            750.00      24.017    140.765    142.255    157.651     76.892
           1000.00     -18.446    161.023    163.011    181.456     88.383
           1100.00     -37.025    169.841    172.027    190.047     91.853
           1150.00     -46.631    174.373    176.659    194.165     93.401
           1200.00     -56.439    178.980    181.365    198.170     94.836
           1250.00     -66.446    183.657    186.141    202.069     96.170
           1300.00     -76.645    188.397    190.980    205.865     97.409
           1350.00     -87.031    193.197    195.880    209.564     98.561
           1400.00     -97.599    198.053    200.835    213.168     99.633
           1450.00    -108.346    202.961    205.842    216.681    100.632
           1500.00    -119.266    207.916    210.897    220.109    101.564
           1550.00    -130.356    212.917    215.997    223.454    102.433
           1600.00    -141.610    217.960    221.140    226.719    103.245
           1650.00    -153.026    223.042    226.321    229.907    104.004
           1700.00    -164.600    228.161    231.539    233.023    104.714
           1800.00    -188.205    238.499    242.076    239.045    106.003
           1900.00    -212.400    248.959    252.735    244.808    107.137
           2000.00    -237.159    259.525    263.499    250.329    108.139
           2500.00    -368.657    313.581    318.549    274.882    111.726

     Total (Translational + Electronic + conformational-rovib.(MS-T))
     ======================================================================
              T          G          E          H          S          Cp
            100.00     101.696    108.782    108.981     72.847     22.238
            125.00      99.808    109.324    109.572     78.116     24.996
            200.00      93.434    111.302    111.699     91.325     31.540
            298.15      83.756    114.632    115.225    105.548     40.537
            300.00      83.560    114.704    115.300    105.799     40.718
            500.00      59.814    124.383    125.376    131.126     59.457
            750.00      23.505    140.967    142.457    158.603     75.927
           1000.00     -19.147    160.867    162.854    182.001     86.507
           1100.00     -37.771    169.481    171.667    190.398     89.663
           1150.00     -47.392    173.900    176.185    194.415     91.062
           1200.00     -57.211    178.386    180.771    198.318     92.357
           1250.00     -67.222    182.935    185.419    202.113     93.554
           1300.00     -77.421    187.542    190.125    205.804     94.663
           1350.00     -87.801    192.201    194.884    209.396     95.691
           1400.00     -98.359    196.911    199.693    212.894     96.644
           1450.00    -109.089    201.666    204.547    216.301     97.530
           1500.00    -119.987    206.464    209.445    219.621     98.353
           1550.00    -131.050    211.302    214.382    222.859     99.118
           1600.00    -142.272    216.176    219.356    226.017     99.831
           1650.00    -153.650    221.085    224.364    229.099    100.496
           1700.00    -165.181    226.026    229.405    232.109    101.116
           1800.00    -188.684    235.996    239.573    237.921    102.236
           1900.00    -212.756    246.071    249.847    243.475    103.217
           2000.00    -237.372    256.238    260.213    248.792    104.080
           2500.00    -367.855    308.121    313.089    272.377    107.130

                        --------------------------------
                         Zero of energy is set to ZPE
                        --------------------------------

     Total (Translational + Electronic + conformational-rovib.(MS-LH))
     ======================================================================
              T          G          E          H          S          Cp
            100.00      -5.842      1.255      1.454     72.954     21.557
            125.00      -7.730      1.778      2.027     78.058     24.207
            200.00     -14.084      3.692      4.089     90.866     30.640
            298.15     -23.698      6.934      7.527    104.730     39.681
            300.00     -23.892      7.004      7.600    104.976     39.866
            500.00     -47.437     16.577     17.570    130.014     59.332
            750.00     -83.480     33.269     34.759    157.651     76.892
           1000.00    -125.942     53.527     55.515    181.456     88.383
           1100.00    -144.521     62.345     64.531    190.047     91.853
           1150.00    -154.127     66.877     69.163    194.165     93.401
           1200.00    -163.935     71.484     73.869    198.170     94.836
           1250.00    -173.942     76.161     78.645    202.069     96.170
           1300.00    -184.141     80.901     83.484    205.865     97.409
           1350.00    -194.527     85.701     88.384    209.564     98.561
           1400.00    -205.095     90.557     93.339    213.168     99.633
           1450.00    -215.842     95.465     98.346    216.681    100.632
           1500.00    -226.762    100.420    103.401    220.109    101.564
           1550.00    -237.852    105.421    108.501    223.454    102.433
           1600.00    -249.106    110.464    113.644    226.719    103.245
           1650.00    -260.522    115.546    118.825    229.907    104.004
           1700.00    -272.096    120.665    124.043    233.023    104.714
           1800.00    -295.701    131.003    134.580    239.045    106.003
           1900.00    -319.896    141.463    145.239    244.808    107.137
           2000.00    -344.655    152.029    156.003    250.329    108.139
           2500.00    -476.153    206.085    211.053    274.882    111.726

     Total (Translational + Electronic + conformational-rovib.(MS-T))
     ======================================================================
              T          G          E          H          S          Cp
            100.00      -5.800      1.286      1.485     72.847     22.238
            125.00      -7.688      1.828      2.076     78.116     24.996
            200.00     -14.062      3.806      4.203     91.325     31.540
            298.15     -23.740      7.136      7.729    105.548     40.537
            300.00     -23.936      7.208      7.804    105.799     40.718
            500.00     -47.682     16.887     17.880    131.126     59.457
            750.00     -83.991     33.471     34.961    158.603     75.927
           1000.00    -126.643     53.371     55.358    182.001     86.507
           1100.00    -145.267     61.985     64.171    190.398     89.663
           1150.00    -154.888     66.404     68.689    194.415     91.062
           1200.00    -164.707     70.890     73.275    198.318     92.357
           1250.00    -174.718     75.439     77.923    202.113     93.554
           1300.00    -184.917     80.046     82.629    205.804     94.663
           1350.00    -195.297     84.705     87.388    209.396     95.691
           1400.00    -205.855     89.415     92.197    212.894     96.644
           1450.00    -216.585     94.170     97.051    216.301     97.530
           1500.00    -227.483     98.968    101.949    219.621     98.353
           1550.00    -238.546    103.806    106.886    222.859     99.118
           1600.00    -249.768    108.680    111.860    226.017     99.831
           1650.00    -261.146    113.589    116.868    229.099    100.496
           1700.00    -272.677    118.530    121.909    232.109    101.116
           1800.00    -296.181    128.500    132.077    237.921    102.236
           1900.00    -320.252    138.575    142.351    243.475    103.217
           2000.00    -344.868    148.742    152.717    248.792    104.080
           2500.00    -475.351    200.624    205.593    272.377    107.130

 ==============================End of MSTor output==============================
