
 *******************************************************************************

   MSTor program version 2013 (2013)

   Jingjing Zheng, Steven L. Mielke, and Donald G. Truhlar

   Department of Chemistry and Supercomputing Institute
   University of Minnesota, Minneapolis, Minnesota, USA

   Copyright 2013
   Donald G. Truhlar and Regents of the University of Minnesota

   Citations: 
   MS-T(U) method
     J. Zheng, T. Yu, E. Papajak, I. M. Alecu, S. L. Mielke, and D. G. Truhlar,
     Phys. Chem. Chem. Phys. 13, 10885-10907 (2011).
   MS-T(C) method
     J. Zheng and D. G. Truhlar, J. Chem. Theory Comput., DOI: 10.1021/ct3010722.
   MSTor program
     J. Zheng, S. L. Mielke, K. L Clarkson, and D. G. Truhlar,
     Comp. Phys. Comm. 183, 1803-1812 (2012).
     J. Zheng, R. Meana-Paneda, and D. G. Truhlar, Comp. Phys. Comm.
     to be published as new version announcement.

 *******************************************************************************

                    Naming conventions for the MS methods
   -----------------------------------------------------------------------------
   Common name        Original or other names
   -----------------------------------------------------------------------------
   MS-LH         =    MS-HO (ref. 1)   =   MS-AS-HO (ref. 2)
   MS-T          =    MS-AS (ref. 1)   =   MS-AS-T  (ref. 2)
   -----------------------------------------------------------------------------
   Ref. 1: J. Zheng, T. Yu, E. Papajak, I. M. Alecu, S. L. Mielke, and
           D. G. Truhlar, Phys. Chem. Chem. Phys. 13, 10885 (2011).
   Ref. 2: T. Yu, J. Zheng, and D. G. Truhlar, Chem. Sci. 2, 2199 (2011)

   Calculation run on 01/25/2022 at 11:51:04  

   Number of structures:             5
   Number of torsions:               6
   Method:                           MS-T(C)
   Frequency scaling factor:         0.964
   Delta T for finite difference:    0.5 K
   Internal coordinates
     Bonds:         01-02  01-18  01-19  01-20  02-03  02-16  02-17  03-04  03-14
     Bonds:         03-15  04-05  04-12  05-06  05-08  06-07  07-09  07-10  12-21
     Bonds:         07-11  04-13
     Angles:        01-02-16  02-01-19  03-02-16  04-03-15  04-05-08  05-04-12
     Angles:        05-06-07  06-05-08  06-07-11  09-07-11  12-04-13  14-03-15
     Angles:        16-02-17  18-01-19  04-03-14  05-04-13  02-01-18  10-07-11
     Angles:        04-12-21
     Linear Angles: 
     Dihedrals:     01-03-17-02  01-16-17-02  02-04-14-03  03-05-12-04
     Dihedrals:     03-05-13-04  04-06-08-05  06-09-11-07  09-10-11-07
     Dihedrals:     05-04-12-21  02-14-15-03  02-18-20-01  02-19-20-01
     Dihedrals:     04-03-02-01  05-04-03-02  06-05-04-03  07-06-05-04
     Dihedrals:     03-02-01-18  05-06-07-09

   All moment output uses units of amu for masses and Angstroms for distances 

                           ==========================
                                Structure   1
                           ==========================

   Normal-mode Frequencies (cm-1) 
   (Overall translation and rotation projected out)
    1460.9574i      0.0000i      0.0000i      0.0000i      0.0000       0.0000 
       0.0000      49.7755      73.1161      88.7051     136.1225     166.2635 
     189.8798     215.2150     242.0901     287.2697     300.2107     339.5571 
     402.9138     516.6769     651.4403     690.1801     739.8174     844.1809 
     861.6542     914.9250     942.4680    1021.7024    1054.7157    1067.4846 
    1087.5096    1130.3220    1163.7983    1176.9113    1190.8753    1229.7527 
    1246.3956    1264.0045    1287.9048    1308.7234    1359.2124    1392.3643 
    1395.3272    1407.2058    1453.5865    1461.9060    1463.4386    1468.3529 
    1474.6772    1477.5756    1480.6663    1803.1622    2998.6232    3000.6208 
    3011.6055    3028.1519    3044.1580    3066.8471    3080.9063    3086.2100 
    3098.3399    3112.4202    3146.7591 
   Torsion-projected frequencies/non-torsional frequencies (cm-1)
    1460.9516i    189.3410     215.0595     285.4063     299.3018     338.9588 
     400.7659     516.4769     650.9971     689.2744     738.7446     844.1711 
     861.6196     914.9046     942.4142    1021.6984    1054.7130    1067.4755 
    1087.5042    1130.3125    1163.5105    1176.8924    1190.8743    1229.7307 
    1246.3776    1263.9530    1287.9030    1308.6623    1359.2100    1392.3628 
    1395.3228    1407.2011    1453.5862    1461.9051    1463.3542    1468.3478 
    1474.6766    1477.5756    1480.6630    1803.1618    2998.6229    3000.6207 
    3011.6055    3028.1519    3044.1553    3066.8460    3080.9049    3086.2098 
    3098.3393    3112.4113    3146.7591 
   Product of consistently coupled torsional frequencies (in cm-1^ntor)  1.8130E+12
   Primitively coupled torsional frequencies (cm-1) (Not used)
      53.0506      86.2140      91.3681     139.0805     179.0849     244.7052 
   Product of primitively coupled torsional frequencies (in cm-1^ntor)   2.5470E+12
   Effective coupled torsional barrier (kcal/mol)
        1.088        2.802        3.424        5.288        6.495        9.699 

   D matrix: 
   m-n        1             2             3             4             5
    1   2.198445E+01 -2.709034E+00 -3.107712E+00 -1.284182E+00  1.408767E+00
    2  -2.709034E+00  2.333204E+01  6.984545E+00  4.717768E+00  2.212284E+00
    3  -3.107712E+00  6.984545E+00  4.337109E+01 -1.254592E+01  4.737549E-01
    4  -1.284182E+00  4.717768E+00 -1.254592E+01  1.784701E+01  3.541503E-01
    5   1.408767E+00  2.212284E+00  4.737549E-01  3.541503E-01  3.031756E+00
    6  -2.812627E-01  8.291852E-01  2.308813E+00  1.421222E+00  6.238112E-02
   m-n        6
    1  -2.812627E-01
    2   8.291852E-01
    3   2.308813E+00
    4   1.421222E+00
    5   6.238112E-02
    6   3.114964E+00

   Eigenvalues of D matrix:
     4.9787E+01    2.7702E+01    2.0535E+01    9.4774E+00    2.6450E+00    2.5354E+00
   Determinant of D matrix  1.369669E+029

          Uncoupled force constants (au), Pitzer moment of inertia (amu A^2),
   uncoupled torsional frequencies (cm-1), and uncoupled torsional barrier (kcal/mol)
   --------------------------------------------------------------------------------
   Torsion               1             2             3             4             5
   Force constant   2.33184E-02  2.71146E-02  1.72528E-02  4.29770E-02  2.08032E-02
   Moment          21.984       23.332       43.371       17.847        3.032
   Tor. Freq.        88.593       92.732       54.254      133.487      225.332
   Rot. barrier       5.221        6.071        3.863        9.623        2.901
   M_j,tau            2.368        2.368        2.368        2.368        3.000

   Torsion               6
   Force constant   8.00712E-03
   Moment           3.115
   Tor. Freq.       137.917
   Rot. barrier       1.117
   M_j,tau            3.000
   --------------------------------------------------------------------------------
   Potential Energy =   0.000 kcal/mol
   Weight =  1
   Overall rotational symmetry number =   1

                           ==========================
                                Structure   2
                           ==========================

   Normal-mode Frequencies (cm-1) 
   (Overall translation and rotation projected out)
    1466.4529i      0.0001i      0.0000i      0.0000i      0.0000       0.0000 
       0.0001      50.0637      66.0780      97.3106     115.4653     137.5463 
     172.8813     239.6797     247.9829     302.2927     315.8609     332.1173 
     341.4251     493.8433     687.7756     711.9969     721.8300     814.0908 
     894.4848     918.8418     936.3045    1027.3530    1061.3911    1075.4016 
    1089.8492    1131.0860    1163.9272    1182.2504    1189.8985    1218.5867 
    1246.0970    1246.5238    1286.9151    1298.1723    1365.7922    1380.9931 
    1397.4018    1414.9509    1452.7580    1462.4952    1463.2283    1468.6737 
    1474.9811    1477.6841    1482.7513    1805.9363    2985.2770    2996.8154 
    3001.8529    3027.9552    3032.2827    3056.8553    3079.6407    3086.9208 
    3097.4177    3112.2113    3146.3799 
   Torsion-projected frequencies/non-torsional frequencies (cm-1)
    1466.4500i    114.1472     247.6002     301.7772     313.0902     328.7602 
     341.3705     493.7501     687.1965     711.7902     720.2859     814.0180 
     894.4813     918.7839     936.2556    1027.3518    1061.3894    1075.3871 
    1089.8447    1131.0855    1163.6398    1182.2465    1189.8950    1218.5824 
    1246.0452    1246.5000    1286.9141    1298.1142    1365.7909    1380.9882 
    1397.4015    1414.9484    1452.7376    1462.4920    1463.1454    1468.6713 
    1474.9798    1477.6839    1482.7496    1805.9361    2985.2767    2996.8152 
    3001.8529    3027.9552    3032.2825    3056.8540    3079.6391    3086.9208 
    3097.4173    3112.2026    3146.3799 
   Product of consistently coupled torsional frequencies (in cm-1^ntor)  1.9058E+12
   Primitively coupled torsional frequencies (cm-1) (Not used)
      51.5794      71.8536     117.4442     138.7065     178.8620     244.5240 
   Product of primitively coupled torsional frequencies (in cm-1^ntor)   2.6405E+12
   Effective coupled torsional barrier (kcal/mol)
        1.099        2.361        2.741        3.238        4.721        8.611 

   D matrix: 
   m-n        1             2             3             4             5
    1   1.975769E+01 -3.689978E+00  1.425599E+01 -4.971575E+00  9.743503E-01
    2  -3.689978E+00  2.160215E+01 -4.253354E+00  7.424667E+00  2.306046E+00
    3   1.425599E+01 -4.253354E+00  3.100019E+01 -1.181693E+01  1.114073E+00
    4  -4.971575E+00  7.424667E+00 -1.181693E+01  1.833176E+01  1.990894E-01
    5   9.743503E-01  2.306046E+00  1.114073E+00  1.990894E-01  3.017877E+00
    6   6.777109E-01  2.187114E-01  1.461985E+00  1.510797E+00  9.721393E-02
   m-n        6
    1   6.777109E-01
    2   2.187114E-01
    3   1.461985E+00
    4   1.510797E+00
    5   9.721393E-02
    6   3.060236E+00

   Eigenvalues of D matrix:
     4.8862E+01    2.1770E+01    1.2863E+01    8.1421E+00    2.6054E+00    2.5268E+00
   Determinant of D matrix  5.581150E+028

          Uncoupled force constants (au), Pitzer moment of inertia (amu A^2),
   uncoupled torsional frequencies (cm-1), and uncoupled torsional barrier (kcal/mol)
   --------------------------------------------------------------------------------
   Torsion               1             2             3             4             5
   Force constant   2.14998E-02  1.62400E-02  1.37436E-02  4.31375E-02  2.06478E-02
   Moment          19.758       21.602       31.000       18.332        3.018
   Tor. Freq.        89.734       74.585       57.276      131.957      225.005
   Rot. barrier       4.264        3.220        2.725        8.554        2.879
   M_j,tau            2.516        2.516        2.516        2.516        3.000

   Torsion               6
   Force constant   8.09561E-03
   Moment           3.060
   Tor. Freq.       139.911
   Rot. barrier       1.129
   M_j,tau            3.000
   --------------------------------------------------------------------------------
   Potential Energy =   0.308 kcal/mol
   Weight =  1
   Overall rotational symmetry number =   1

                           ==========================
                                Structure   3
                           ==========================

   Normal-mode Frequencies (cm-1) 
   (Overall translation and rotation projected out)
    1461.3140i      0.0000i      0.0000i      0.0000i      0.0000       0.0000 
       0.0001      44.9911      56.0841     110.6607     138.0764     167.7851 
     184.5846     216.5344     260.6999     292.1212     328.4556     346.4172 
     432.1511     490.4450     653.4559     695.2917     749.8801     840.7072 
     851.6180     911.4760     956.7877     987.1901    1053.9185    1072.8195 
    1080.8676    1132.7101    1157.4532    1163.9021    1190.6729    1225.6832 
    1251.2524    1259.2626    1283.9625    1334.8959    1350.6127    1387.4709 
    1397.1821    1409.1911    1452.3449    1461.7512    1463.3424    1469.2843 
    1476.9520    1477.5944    1481.9031    1802.9417    2999.7517    3010.8216 
    3012.4569    3028.0470    3052.4368    3070.6979    3079.1504    3084.5225 
    3108.9369    3112.2815    3146.6947 
   Torsion-projected frequencies/non-torsional frequencies (cm-1)
    1461.3092i    180.2248     231.8957     289.7170     324.6723     344.8651 
     430.9116     488.9641     653.1835     694.6158     749.1848     840.6349 
     851.4920     911.4194     956.7443     987.1269    1053.9030    1072.7825 
    1080.8560    1132.7027    1157.4424    1163.6120    1190.6725    1225.6646 
    1251.1995    1259.2288    1283.9358    1334.8881    1350.6120    1387.4643 
    1397.1784    1409.1877    1452.3400    1461.7505    1463.2607    1469.2692 
    1476.9328    1477.5927    1481.8996    1802.9416    2999.7500    3010.8213 
    3012.4561    3028.0470    3052.4352    3070.6974    3079.1496    3084.5221 
    3108.9349    3112.2726    3146.6947 
   Product of consistently coupled torsional frequencies (in cm-1^ntor)  1.6678E+12
   Primitively coupled torsional frequencies (cm-1) (Not used)
      47.2485      58.4116     123.5302     141.6059     180.5064     256.7481 
   Product of primitively coupled torsional frequencies (in cm-1^ntor)   2.2374E+12
   Effective coupled torsional barrier (kcal/mol)
        1.098        2.514        3.196        5.126        7.406        9.560 

   D matrix: 
   m-n        1             2             3             4             5
    1   2.650887E+01  2.082616E+01 -6.580360E+00  5.755476E+00  1.366212E+00
    2   2.082616E+01  4.390860E+01  7.260188E+00  9.099801E+00 -3.490370E-01
    3  -6.580360E+00  7.260188E+00  4.124040E+01 -1.107887E+01  5.904514E-01
    4   5.755476E+00  9.099801E+00 -1.107887E+01  1.814812E+01 -3.081792E-01
    5   1.366212E+00 -3.490370E-01  5.904514E-01 -3.081792E-01  3.079425E+00
    6  -2.739064E-02  1.187449E+00  2.239719E+00  1.560279E+00  2.278195E-02
   m-n        6
    1  -2.739064E-02
    2   1.187449E+00
    3   2.239719E+00
    4   1.560279E+00
    5   2.278195E-02
    6   3.119344E+00

   Eigenvalues of D matrix:
     6.0555E+01    4.7805E+01    1.4597E+01    7.7466E+00    2.7848E+00    2.5162E+00
   Determinant of D matrix  1.745327E+029

          Uncoupled force constants (au), Pitzer moment of inertia (amu A^2),
   uncoupled torsional frequencies (cm-1), and uncoupled torsional barrier (kcal/mol)
   --------------------------------------------------------------------------------
   Torsion               1             2             3             4             5
   Force constant   2.44971E-02  2.79714E-02  1.72048E-02  4.30883E-02  2.10364E-02
   Moment          26.509       43.909       41.240       18.148        3.079
   Tor. Freq.        82.693       68.657       55.561      132.547      224.831
   Rot. barrier       5.396        6.162        3.790        9.492        2.933
   M_j,tau            2.387        2.387        2.387        2.387        3.000

   Torsion               6
   Force constant   8.08394E-03
   Moment           3.119
   Tor. Freq.       138.479
   Rot. barrier       1.127
   M_j,tau            3.000
   --------------------------------------------------------------------------------
   Potential Energy =   0.623 kcal/mol
   Weight =  1
   Overall rotational symmetry number =   1

                           ==========================
                                Structure   4
                           ==========================

   Normal-mode Frequencies (cm-1) 
   (Overall translation and rotation projected out)
    1454.4858i      0.0000i      0.0000i      0.0000i      0.0000       0.0000 
       0.0000      47.2961      79.4527     110.2443     138.0901     164.2384 
     203.5329     227.2772     286.9078     291.5918     309.4252     347.2837 
     431.9288     486.1455     653.5405     697.3768     764.6556     829.8606 
     866.6481     917.1019     940.2995     989.4953    1056.1387    1076.1216 
    1085.8668    1124.8579    1163.8290    1175.4403    1189.8651    1223.2555 
    1254.0922    1263.2310    1276.3890    1333.1095    1354.3039    1379.6675 
    1401.8496    1408.1697    1454.5618    1460.3796    1463.1416    1465.7060 
    1474.5896    1477.5634    1481.7705    1805.1578    2996.5663    3002.8952 
    3014.4816    3028.1240    3040.2303    3068.5654    3078.6569    3091.7595 
    3093.7879    3112.4777    3146.6016 
   Torsion-projected frequencies/non-torsional frequencies (cm-1)
    1454.4495i    202.6509     245.6378     290.0300     307.3378     345.6061 
     431.0738     484.6866     653.3380     696.6818     764.1033     829.8076 
     866.5720     917.0861     940.2007     989.3755    1056.1021    1076.1009 
    1085.8614    1124.8303    1163.5375    1175.4314    1189.8647    1223.2495 
    1254.0633    1263.2187    1276.3564    1333.0963    1354.2938    1379.6598 
    1401.8468    1408.1664    1454.5566    1460.3778    1463.0592    1465.6950 
    1474.5609    1477.5633    1481.7668    1805.1561    2996.5660    3002.8927 
    3014.4814    3028.1240    3040.2302    3068.5652    3078.6533    3091.7589 
    3093.7873    3112.4686    3146.6016 
   Product of consistently coupled torsional frequencies (in cm-1^ntor)  2.5683E+12
   Primitively coupled torsional frequencies (cm-1) (Not used)
      52.3516      83.2183     121.6182     140.9459     177.7963     273.2392 
   Product of primitively coupled torsional frequencies (in cm-1^ntor)   3.6280E+12
   Effective coupled torsional barrier (kcal/mol)
        1.097        3.051        4.055        6.673        9.620       12.430 

   D matrix: 
   m-n        1             2             3             4             5
    1   2.195874E+01  8.492815E+00  1.208837E+01 -2.125443E+00  1.786964E+00
    2   8.492815E+00  4.448277E+01  1.094154E+01  7.871837E+00  3.689246E-01
    3   1.208837E+01  1.094154E+01  4.221940E+01 -1.131595E+01 -6.413369E-01
    4  -2.125443E+00  7.871837E+00 -1.131595E+01  1.818143E+01  1.379596E-01
    5   1.786964E+00  3.689246E-01 -6.413369E-01  1.379596E-01  3.079473E+00
    6   7.458592E-01  1.380268E+00  2.306555E+00  1.544650E+00 -3.413217E-02
   m-n        6
    1   7.458592E-01
    2   1.380268E+00
    3   2.306555E+00
    4   1.544650E+00
    5  -3.413217E-02
    6   3.124154E+00

   Eigenvalues of D matrix:
     6.0249E+01    4.0876E+01    1.6296E+01    1.0266E+01    2.8161E+00    2.5437E+00
   Determinant of D matrix  2.245713E+029

          Uncoupled force constants (au), Pitzer moment of inertia (amu A^2),
   uncoupled torsional frequencies (cm-1), and uncoupled torsional barrier (kcal/mol)
   --------------------------------------------------------------------------------
   Torsion               1             2             3             4             5
   Force constant   2.98270E-02  5.07069E-02  2.01245E-02  4.34804E-02  2.90337E-02
   Moment          21.959       44.483       42.219       18.181        3.079
   Tor. Freq.       100.255       91.842       59.390      133.026      264.130
   Rot. barrier       6.570       11.170        4.433        9.578        4.049
   M_j,tau            2.387        2.387        2.387        2.387        3.000

   Torsion               6
   Force constant   8.08058E-03
   Moment           3.124
   Tor. Freq.       138.344
   Rot. barrier       1.127
   M_j,tau            3.000
   --------------------------------------------------------------------------------
   Potential Energy =   0.795 kcal/mol
   Weight =  1
   Overall rotational symmetry number =   1

                           ==========================
                                Structure   5
                           ==========================

   Normal-mode Frequencies (cm-1) 
   (Overall translation and rotation projected out)
    1466.8692i      0.0000i      0.0000i      0.0000       0.0000       0.0000 
       0.0000      32.0359      61.2346      97.6880     130.7415     144.4276 
     175.6498     236.5394     271.1333     299.4149     312.9786     337.7518 
     413.4119     464.9456     679.8025     710.2429     750.8867     813.2375 
     879.0580     913.3469     945.7175     990.2479    1057.7078    1081.3454 
    1092.9508    1124.2272    1163.8652    1174.5368    1189.3142    1222.3401 
    1243.2493    1249.6388    1280.7020    1333.6634    1352.2447    1377.4140 
    1398.2862    1413.3464    1452.8989    1462.7238    1463.1015    1465.9980 
    1476.2967    1477.6679    1483.2983    1805.7931    2982.1471    3000.7150 
    3005.0696    3027.9442    3047.0780    3066.9268    3078.4202    3085.3242 
    3110.4882    3112.2095    3146.3857 
   Torsion-projected frequencies/non-torsional frequencies (cm-1)
    1466.8663i    172.0415     254.6407     298.0570     309.0324     334.7237 
     412.7028     463.8159     679.1867     709.9461     750.4904     812.9331 
     879.0430     913.3076     945.6744     990.1110    1057.6330    1081.3324 
    1092.9459    1124.2174    1163.5772    1174.5242    1189.3063    1222.3329 
    1243.2015    1249.6050    1280.6566    1333.6542    1352.2419    1377.4039 
    1398.2849    1413.3394    1452.8759    1462.7136    1463.0200    1465.9960 
    1476.2882    1477.6677    1483.2902    1805.7928    2982.1467    3000.7130 
    3005.0693    3027.9442    3047.0778    3066.9263    3078.4195    3085.3236 
    3110.4836    3112.2006    3146.3857 
   Product of consistently coupled torsional frequencies (in cm-1^ntor)  9.6214E+11
   Primitively coupled torsional frequencies (cm-1) (Not used)
      34.9252      64.2734     116.7172     138.2062     178.3199     244.6760 
   Product of primitively coupled torsional frequencies (in cm-1^ntor)   1.5799E+12
   Effective coupled torsional barrier (kcal/mol)
        1.092        1.344        2.587        2.796        5.886        8.489 

   D matrix: 
   m-n        1             2             3             4             5
    1   1.904714E+01  8.514118E+00  1.018645E+01  6.189580E-01  1.279245E+00
    2   8.514118E+00  3.536725E+01  4.528754E+00  8.633246E+00 -4.652465E-01
    3   1.018645E+01  4.528754E+00  2.704511E+01 -7.784316E+00  9.112840E-01
    4   6.189580E-01  8.633246E+00 -7.784316E+00  1.734234E+01 -3.861031E-01
    5   1.279245E+00 -4.652465E-01  9.112840E-01 -3.861031E-01  3.078186E+00
    6   7.530700E-01  9.478212E-01  1.450167E+00  1.739231E+00  3.903112E-02
   m-n        6
    1   7.530700E-01
    2   9.478212E-01
    3   1.450167E+00
    4   1.739231E+00
    5   3.903112E-02
    6   3.075094E+00

   Eigenvalues of D matrix:
     4.4127E+01    3.3858E+01    1.2793E+01    8.7159E+00    2.9297E+00    2.5313E+00
   Determinant of D matrix  9.401057E+028

          Uncoupled force constants (au), Pitzer moment of inertia (amu A^2),
   uncoupled torsional frequencies (cm-1), and uncoupled torsional barrier (kcal/mol)
   --------------------------------------------------------------------------------
   Torsion               1             2             3             4             5
   Force constant   2.25277E-02  1.31149E-02  1.36673E-02  4.32052E-02  2.15850E-02
   Moment          19.047       35.367       27.045       17.342        3.078
   Tor. Freq.        93.551       52.383       61.151      135.775      227.790
   Rot. barrier       4.399        2.561        2.669        8.436        3.010
   M_j,tau            2.535        2.535        2.535        2.535        3.000

   Torsion               6
   Force constant   8.04652E-03
   Moment           3.075
   Tor. Freq.       139.149
   Rot. barrier       1.122
   M_j,tau            3.000
   --------------------------------------------------------------------------------
   Potential Energy =   0.846 kcal/mol
   Weight =  1
   Overall rotational symmetry number =   1

       List of zero-point inclusive energy (kcal/mol) for each structure
      ------------------------------------------------------------------
        Structure            Energy (T = 0 K)
      ------------------------------------------------------------------
          1                    107.50
          2                    107.65
          3                    108.21
          4                    108.45
          5                    108.30
      ZPE of the system =      107.50


     Note: The following SS-HO and SS-T include the Rot. P.F. and Boltzmann factor,
           but are calculated with weight = 1 for each structure. Weights are
           counted in MS partition functions. Zero of energy is set to the potential
           energy of global minimum.

            Partition function of structure    1
     ================================================================
          T(K)      Rot.          SS-HO           SS-T     SS-T/SS-HO
        100.00    8.9061E+004   6.7812E-230   5.4315E-230    0.801
        125.00    1.2447E+005   1.9336E-182   1.6048E-182    0.830
        200.00    2.5190E+005   1.1244E-110   1.0326E-110    0.918
        298.15    4.5850E+005   1.6169E-070   1.6532E-070    1.022
        300.00    4.6278E+005   5.2629E-070   5.3906E-070    1.024
        500.00    9.9574E+005   5.7657E-036   6.8749E-036    1.192
        750.00    1.8293E+006   3.4705E-017   4.5817E-017    1.320
       1000.00    2.8164E+006   1.7364E-006   2.3683E-006    1.364
       1100.00    3.2492E+006   2.8573E-003   3.8924E-003    1.362
       1150.00    3.4732E+006   8.1495E-002   1.1068E-001    1.358
       1200.00    3.7022E+006   1.9057E+000   2.5765E+000    1.352
       1250.00    3.9360E+006   3.7340E+001   5.0188E+001    1.344
       1300.00    4.1745E+006   6.2454E+002   8.3348E+002    1.335
       1350.00    4.4176E+006   9.0594E+003   1.1990E+004    1.324
       1400.00    4.6653E+006   1.1554E+005   1.5150E+005    1.311
       1450.00    4.9175E+006   1.3109E+006   1.7012E+006    1.298
       1500.00    5.1740E+006   1.3370E+007   1.7157E+007    1.283
       1550.00    5.4348E+006   1.2368E+008   1.5681E+008    1.268
       1600.00    5.6999E+006   1.0461E+009   1.3094E+009    1.252
       1650.00    5.9692E+006   8.1465E+009   1.0060E+010    1.235
       1700.00    6.2426E+006   5.8780E+010   7.1563E+010    1.217
       1800.00    6.8014E+006   2.4873E+012   2.9384E+012    1.181
       1900.00    7.3760E+006   8.2335E+013   9.4194E+013    1.144
       2000.00    7.9659E+006   2.1990E+015   2.4322E+015    1.106
       2500.00    1.1133E+007   2.5479E+021   2.3409E+021    0.919

            Partition function of structure    2
     ================================================================
          T(K)      Rot.          SS-HO           SS-T     SS-T/SS-HO
        100.00    8.8826E+004   3.5419E-230   2.9284E-230    0.827
        125.00    1.2414E+005   1.2159E-182   1.0475E-182    0.861
        200.00    2.5124E+005   9.5027E-111   9.2525E-111    0.974
        298.15    4.5729E+005   1.6269E-070   1.8223E-070    1.120
        300.00    4.6155E+005   5.3073E-070   5.9589E-070    1.123
        500.00    9.9311E+005   6.7423E-036   9.1782E-036    1.361
        750.00    1.8245E+006   4.3794E-017   6.5318E-017    1.491
       1000.00    2.8089E+006   2.2785E-006   3.3593E-006    1.474
       1100.00    3.2406E+006   3.7902E-003   5.4657E-003    1.442
       1150.00    3.4641E+006   1.0862E-001   1.5450E-001    1.422
       1200.00    3.6924E+006   2.5511E+000   3.5737E+000    1.401
       1250.00    3.9256E+006   5.0189E+001   6.9150E+001    1.378
       1300.00    4.1635E+006   8.4263E+002   1.1405E+003    1.353
       1350.00    4.4060E+006   1.2266E+004   1.6291E+004    1.328
       1400.00    4.6530E+006   1.5694E+005   2.0436E+005    1.302
       1450.00    4.9045E+006   1.7862E+006   2.2783E+006    1.276
       1500.00    5.1603E+006   1.8269E+007   2.2810E+007    1.249
       1550.00    5.4205E+006   1.6946E+008   2.0698E+008    1.221
       1600.00    5.6849E+006   1.4370E+009   1.7158E+009    1.194
       1650.00    5.9534E+006   1.1217E+010   1.3088E+010    1.167
       1700.00    6.2261E+006   8.1121E+010   9.2446E+010    1.140
       1800.00    6.7834E+006   3.4471E+012   3.7433E+012    1.086
       1900.00    7.3565E+006   1.1454E+014   1.1839E+014    1.034
       2000.00    7.9448E+006   3.0695E+015   3.0172E+015    0.983
       2500.00    1.1103E+007   3.6040E+021   2.7406E+021    0.760

            Partition function of structure    3
     ================================================================
          T(K)      Rot.          SS-HO           SS-T     SS-T/SS-HO
        100.00    8.6927E+004   2.0346E-231   1.7105E-231    0.841
        125.00    1.2148E+005   1.1817E-183   1.0303E-183    0.872
        200.00    2.4587E+005   1.9557E-111   1.8946E-111    0.969
        298.15    4.4751E+005   4.9131E-071   5.3317E-071    1.085
        300.00    4.5168E+005   1.6103E-070   1.7508E-070    1.087
        500.00    9.7187E+005   2.7491E-036   3.4832E-036    1.267
        750.00    1.7854E+006   2.0629E-017   2.8576E-017    1.385
       1000.00    2.7489E+006   1.1523E-006   1.6272E-006    1.412
       1100.00    3.1713E+006   1.9538E-003   2.7438E-003    1.404
       1150.00    3.3900E+006   5.6456E-002   7.8886E-002    1.397
       1200.00    3.6135E+006   1.3360E+000   1.8550E+000    1.388
       1250.00    3.8417E+006   2.6466E+001   3.6471E+001    1.378
       1300.00    4.0744E+006   4.4717E+002   6.1088E+002    1.366
       1350.00    4.3118E+006   6.5475E+003   8.8581E+003    1.353
       1400.00    4.5535E+006   8.4231E+004   1.1275E+005    1.339
       1450.00    4.7996E+006   9.6345E+005   1.2748E+006    1.323
       1500.00    5.0500E+006   9.9004E+006   1.2939E+007    1.307
       1550.00    5.3046E+006   9.2234E+007   1.1897E+008    1.290
       1600.00    5.5633E+006   7.8527E+008   9.9900E+008    1.272
       1650.00    5.8261E+006   6.1534E+009   7.7159E+009    1.254
       1700.00    6.0929E+006   4.4658E+010   5.5164E+010    1.235
       1800.00    6.6384E+006   1.9100E+012   2.2860E+012    1.197
       1900.00    7.1992E+006   6.3830E+013   7.3887E+013    1.158
       2000.00    7.7750E+006   1.7194E+015   1.9221E+015    1.118
       2500.00    1.0866E+007   2.0579E+021   1.9041E+021    0.925

            Partition function of structure    4
     ================================================================
          T(K)      Rot.          SS-HO           SS-T     SS-T/SS-HO
        100.00    8.1702E+004   4.4074E-232   3.4729E-232    0.788
        125.00    1.1418E+005   3.1294E-184   2.5473E-184    0.814
        200.00    2.3109E+005   6.8947E-112   6.1473E-112    0.892
        298.15    4.2062E+005   2.0062E-071   1.9610E-071    0.977
        300.00    4.2454E+005   6.5875E-071   6.4485E-071    0.979
        500.00    9.1346E+005   1.2567E-036   1.3920E-036    1.108
        750.00    1.6781E+006   9.9319E-018   1.1955E-017    1.204
       1000.00    2.5836E+006   5.6885E-007   7.0724E-007    1.243
       1100.00    2.9807E+006   9.7108E-004   1.2108E-003    1.247
       1150.00    3.1862E+006   2.8143E-002   3.5081E-002    1.247
       1200.00    3.3963E+006   6.6778E-001   8.3130E-001    1.245
       1250.00    3.6108E+006   1.3262E+001   1.6471E+001    1.242
       1300.00    3.8295E+006   2.2459E+002   2.7802E+002    1.238
       1350.00    4.0526E+006   3.2954E+003   4.0628E+003    1.233
       1400.00    4.2798E+006   4.2479E+004   5.2113E+004    1.227
       1450.00    4.5111E+006   4.8678E+005   5.9379E+005    1.220
       1500.00    4.7465E+006   5.0108E+006   6.0734E+006    1.212
       1550.00    4.9857E+006   4.6757E+007   5.6274E+007    1.204
       1600.00    5.2289E+006   3.9869E+008   4.7617E+008    1.194
       1650.00    5.4759E+006   3.1286E+009   3.7058E+009    1.184
       1700.00    5.7267E+006   2.2737E+010   2.6694E+010    1.174
       1800.00    6.2394E+006   9.7485E+011   1.1228E+012    1.152
       1900.00    6.7665E+006   3.2652E+013   3.6824E+013    1.128
       2000.00    7.3076E+006   8.8133E+014   9.7171E+014    1.103
       2500.00    1.0213E+007   1.0630E+021   1.0279E+021    0.967

            Partition function of structure    5
     ================================================================
          T(K)      Rot.          SS-HO           SS-T     SS-T/SS-HO
        100.00    9.1109E+004   1.8479E-231   1.3218E-231    0.715
        125.00    1.2733E+005   1.2205E-183   9.1834E-184    0.752
        200.00    2.5769E+005   2.4880E-111   2.1701E-111    0.872
        298.15    4.6904E+005   7.0818E-071   7.1555E-071    1.010
        300.00    4.7342E+005   2.3249E-070   2.3543E-070    1.013
        500.00    1.0186E+006   4.4135E-036   5.1643E-036    1.170
        750.00    1.8713E+006   3.4962E-017   4.1619E-017    1.190
       1000.00    2.8811E+006   2.0077E-006   2.2392E-006    1.115
       1100.00    3.3239E+006   3.4303E-003   3.6824E-003    1.073
       1150.00    3.5531E+006   9.9456E-002   1.0456E-001    1.051
       1200.00    3.7873E+006   2.3609E+000   2.4283E+000    1.029
       1250.00    4.0265E+006   4.6904E+001   4.7159E+001    1.005
       1300.00    4.2705E+006   7.9460E+002   7.8038E+002    0.982
       1350.00    4.5192E+006   1.1664E+004   1.1182E+004    0.959
       1400.00    4.7726E+006   1.5040E+005   1.4066E+005    0.935
       1450.00    5.0305E+006   1.7240E+006   1.5722E+006    0.912
       1500.00    5.2929E+006   1.7752E+007   1.5779E+007    0.889
       1550.00    5.5598E+006   1.6570E+008   1.4350E+008    0.866
       1600.00    5.8310E+006   1.4133E+009   1.1921E+009    0.843
       1650.00    6.1064E+006   1.1093E+010   9.1113E+009    0.821
       1700.00    6.3861E+006   8.0639E+010   6.4476E+010    0.800
       1800.00    6.9578E+006   3.4591E+012   2.6197E+012    0.757
       1900.00    7.5455E+006   1.1591E+014   8.3104E+013    0.717
       2000.00    8.1490E+006   3.1300E+015   2.1238E+015    0.679
       2500.00    1.1389E+007   3.7818E+021   1.9496E+021    0.516

     ================================================================
              Partition Functions Including All Structures
        -----------------------------------------------------------
        Zero of energy is set to potential energy of global minimum
        -----------------------------------------------------------
        T(K)    Elec.        Trans.              Con-rovib
                                            MS-LH    or     MS-T
        100.00  2.0000E+000  3.2877E+006  1.0755E-229  8.6978E-230
        125.00  2.0000E+000  5.7434E+006  3.4210E-182  2.8726E-182
        200.00  2.0000E+000  1.8598E+007  2.5880E-110  2.4258E-110
        298.15  2.0000E+000  5.0464E+007  4.6438E-070  4.9202E-070
        300.00  2.0000E+000  5.1250E+007  1.5164E-069  1.6099E-069
        500.00  2.0000E+000  1.8379E+008  2.0927E-035  2.6093E-035
        750.00  2.0000E+000  5.0646E+008  1.4402E-016  1.9328E-016
       1000.00  2.0000E+000  1.0397E+009  7.7437E-006  1.0301E-005
       1100.00  2.0000E+000  1.3194E+009  1.3003E-002  1.6995E-002
       1150.00  2.0000E+000  1.4745E+009  3.7417E-001  4.8370E-001
       1200.00  2.0000E+000  1.6400E+009  8.8214E+000  1.1265E+001
       1250.00  2.0000E+000  1.8162E+009  1.7416E+002  2.1944E+002
       1300.00  2.0000E+000  2.0033E+009  2.9335E+003  3.6432E+003
       1350.00  2.0000E+000  2.2015E+009  4.2832E+004  5.2384E+004
       1400.00  2.0000E+000  2.4111E+009  5.4959E+005  6.6138E+005
       1450.00  2.0000E+000  2.6322E+009  6.2713E+006  7.4204E+006
       1500.00  2.0000E+000  2.8650E+009  6.4302E+007  7.4758E+007
       1550.00  2.0000E+000  3.1097E+009  5.9784E+008  6.8253E+008
       1600.00  2.0000E+000  3.3666E+009  5.0803E+009  5.6925E+009
       1650.00  2.0000E+000  3.6358E+009  3.9739E+010  4.3681E+010
       1700.00  2.0000E+000  3.9175E+009  2.8793E+011  3.1034E+011
       1800.00  2.0000E+000  4.5193E+009  1.2278E+013  1.2710E+013
       1900.00  2.0000E+000  5.1734E+009  4.0927E+014  4.0640E+014
       2000.00  2.0000E+000  5.8812E+009  1.0999E+016  1.0467E+016
       2500.00  2.0000E+000  1.0274E+010  1.3055E+022  9.9631E+021

             Total Partition Function (E + T + Con-rovib)
             ---------------------------------------------
                T(K)     E + T + MS-LH     E + T + MS-T
                100.00     7.0721E-223       5.7191E-223
                125.00     3.9297E-175       3.2997E-175
                200.00     9.6263E-103       9.0231E-103
                298.15     4.6869E-062       4.9659E-062
                300.00     1.5543E-061       1.6502E-061
                500.00     7.6924E-027       9.5910E-027
                750.00     1.4588E-007       1.9578E-007
               1000.00     1.6102E+004       2.1419E+004
               1100.00     3.4311E+007       4.4846E+007
               1150.00     1.1034E+009       1.4264E+009
               1200.00     2.8934E+010       3.6948E+010
               1250.00     6.3263E+011       7.9710E+011
               1300.00     1.1754E+013       1.4597E+013
               1350.00     1.8859E+014       2.3065E+014
               1400.00     2.6502E+015       3.1893E+015
               1450.00     3.3014E+016       3.9063E+016
               1500.00     3.6845E+017       4.2836E+017
               1550.00     3.7182E+018       4.2449E+018
               1600.00     3.4207E+019       3.8329E+019
               1650.00     2.8897E+020       3.1763E+020
               1700.00     2.2560E+021       2.4316E+021
               1800.00     1.1098E+023       1.1488E+023
               1900.00     4.2346E+024       4.2049E+024
               2000.00     1.2938E+026       1.2312E+026
               2500.00     2.6825E+032       2.0472E+032

     ================================================================
              Partition Functions Including All Structures
        -----------------------------------------------------------
                    Zero of energy is set to ZPE
        -----------------------------------------------------------
        T(K)             Con-rovib                Total
                   MS-LH        MS-T       E+T+MS-LH    E+T+MS-T
        100.00  9.0784E+005  7.3416E+005  5.9694E+012  4.8274E+012
        125.00  2.9872E+006  2.5083E+006  3.4313E+013  2.8812E+013
        200.00  7.5189E+007  7.0477E+007  2.7967E+015  2.6215E+015
        298.15  2.8945E+009  3.0668E+009  2.9213E+017  3.0952E+017
        300.00  3.0875E+009  3.2780E+009  3.1647E+017  3.3599E+017
        500.00  2.0230E+012  2.5223E+012  7.4359E+020  9.2713E+020
        750.00  3.0335E+015  4.0711E+015  3.0727E+024  4.1237E+024
       1000.00  2.4076E+018  3.2028E+018  5.0062E+027  6.6596E+027
       1100.00  2.9579E+019  3.8661E+019  7.8051E+028  1.0202E+029
       1150.00  1.0033E+020  1.2971E+020  2.9588E+029  3.8250E+029
       1200.00  3.3322E+020  4.2552E+020  1.0930E+030  1.3957E+030
       1250.00  1.0841E+021  1.3659E+021  3.9378E+030  4.9616E+030
       1300.00  3.4566E+021  4.2929E+021  1.3849E+031  1.7200E+031
       1350.00  1.0807E+022  1.3218E+022  4.7586E+031  5.8198E+031
       1400.00  3.3151E+022  3.9894E+022  1.5986E+032  1.9237E+032
       1450.00  9.9811E+022  1.1810E+023  5.2543E+032  6.2171E+032
       1500.00  2.9511E+023  3.4310E+023  1.6910E+033  1.9659E+033
       1550.00  8.5728E+023  9.7872E+023  5.3318E+033  6.0871E+033
       1600.00  2.4479E+024  2.7428E+024  1.6482E+034  1.8468E+034
       1650.00  6.8736E+024  7.5554E+024  4.9982E+034  5.4940E+034
       1700.00  1.8989E+025  2.0466E+025  1.4878E+035  1.6036E+035
       1800.00  1.3823E+026  1.4309E+026  1.2494E+036  1.2934E+036
       1900.00  9.4744E+026  9.4080E+026  9.8030E+036  9.7342E+036
       2000.00  6.1332E+027  5.8363E+027  7.2141E+037  6.8649E+037
       2500.00  3.2570E+031  2.4857E+031  6.6925E+041  5.1076E+041
     ================================================================

                     ==============================
                          Thermodynamic Functions
                      (Ideal gas at standard state)
                     ==============================
     T  - Temperature (Kelvin)        G  - Gibbs Free Energy (kcal/mol)
     E  - Thermal Energy (kcal/mol)   H  - Enthalpy (kcal/mol)
     S  - Entropy (cal/(mol-K))
     Cp - Heat Capacity at Constant Pressure (cal/(mol-K))
        -----------------------------------------------------------
        Zero of energy is set to potential energy of global minimum
        -----------------------------------------------------------

               Contribution from electronic P.F. 
     ================================================================
                  T          G          E          S
                100.00      -0.138      0.000      1.377
                125.00      -0.172      0.000      1.377
                200.00      -0.275      0.000      1.377
                298.15      -0.411      0.000      1.377
                300.00      -0.413      0.000      1.377
                500.00      -0.689      0.000      1.377
                750.00      -1.033      0.000      1.377
               1000.00      -1.377      0.000      1.377
               1100.00      -1.515      0.000      1.377
               1150.00      -1.584      0.000      1.377
               1200.00      -1.653      0.000      1.377
               1250.00      -1.722      0.000      1.377
               1300.00      -1.791      0.000      1.377
               1350.00      -1.860      0.000      1.377
               1400.00      -1.928      0.000      1.377
               1450.00      -1.997      0.000      1.377
               1500.00      -2.066      0.000      1.377
               1550.00      -2.135      0.000      1.377
               1600.00      -2.204      0.000      1.377
               1650.00      -2.273      0.000      1.377
               1700.00      -2.342      0.000      1.377
               1800.00      -2.479      0.000      1.377
               1900.00      -2.617      0.000      1.377
               2000.00      -2.755      0.000      1.377
               2500.00      -3.444      0.000      1.377

               Contribution from translational P.F. 
     ================================================================
                  T          G          E          S
                100.00      -2.982      0.298     34.788
                125.00      -3.866      0.373     35.896
                200.00      -6.653      0.596     38.231
                298.15     -10.509      0.889     40.215
                300.00     -10.583      0.894     40.246
                500.00     -18.908      1.490     42.783
                750.00     -29.872      2.236     44.798
               1000.00     -41.259      2.981     46.227
               1100.00     -45.906      3.279     46.700
               1150.00     -48.246      3.428     46.921
               1200.00     -50.598      3.577     47.133
               1250.00     -52.959      3.726     47.336
               1300.00     -55.331      3.875     47.530
               1350.00     -57.712      4.024     47.718
               1400.00     -60.103      4.173     47.899
               1450.00     -62.502      4.322     48.073
               1500.00     -64.910      4.471     48.241
               1550.00     -67.326      4.620     48.404
               1600.00     -69.750      4.769     48.562
               1650.00     -72.182      4.918     48.715
               1700.00     -74.622      5.067     48.863
               1800.00     -79.522      5.365     49.147
               1900.00     -84.451      5.664     49.416
               2000.00     -89.405      5.962     49.671
               2500.00    -114.528      7.452     50.779

        Contribution from conformational-rovibrational P.F. (MS-LH)
     ================================================================
                  T          G          E          S
                100.00     104.770    108.470     36.997
                125.00     103.792    108.936     41.145
                200.00     100.288    110.676     51.941
                298.15      94.588    113.667     63.992
                300.00      94.469    113.732     64.209
                500.00      79.342    122.745     86.806
                750.00      54.365    138.710    112.459
               1000.00      23.387    158.232    134.845
               1100.00       9.493    166.753    142.964
               1150.00       2.247    171.138    146.862
               1200.00      -5.192    175.597    150.657
               1250.00     -12.817    180.125    154.354
               1300.00     -20.626    184.717    157.956
               1350.00     -28.612    189.369    161.467
               1400.00     -36.771    194.076    164.891
               1450.00     -45.099    198.835    168.231
               1500.00     -53.593    203.642    171.490
               1550.00     -62.247    208.495    174.672
               1600.00     -71.059    213.389    177.780
               1650.00     -80.024    218.322    180.816
               1700.00     -89.139    223.293    183.783
               1800.00    -107.806    233.334    189.522
               1900.00    -127.035    243.496    195.016
               2000.00    -146.802    253.764    200.283
               2500.00    -252.990    306.332    223.729

        Contribution from conformational-rovibrational P.F. (MS-T)
     ================================================================
                  T          G          E          S
                100.00     104.812    108.499     36.870
                125.00     103.836    108.983     41.174
                200.00     100.314    110.787     52.364
                298.15      94.554    113.862     64.760
                300.00      94.434    113.928     64.981
                500.00      79.122    123.012     87.779
                750.00      53.927    138.817    113.187
               1000.00      22.820    157.947    135.127
               1100.00       8.907    166.257    143.045
               1150.00       1.660    170.525    146.839
               1200.00      -5.775    174.861    150.530
               1250.00     -13.392    179.259    154.121
               1300.00     -21.185    183.716    157.616
               1350.00     -29.152    188.226    161.021
               1400.00     -37.286    192.787    164.337
               1450.00     -45.584    197.393    167.570
               1500.00     -54.042    202.043    170.723
               1550.00     -62.655    206.732    173.798
               1600.00     -71.420    211.459    176.800
               1650.00     -80.334    216.221    179.730
               1700.00     -89.392    221.015    182.592
               1800.00    -107.930    230.691    188.123
               1900.00    -127.009    240.474    193.412
               2000.00    -146.605    250.348    198.477
               2500.00    -251.647    300.777    220.970

     Total (Translational + Electronic + conformational-rovib.(MS-LH))
     ======================================================================
              T          G          E          H          S          Cp
            100.00     101.650    108.768    108.966     73.162     22.167
            125.00      99.754    109.308    109.557     78.419     24.942
            200.00      93.360    111.273    111.670     91.550     31.206
            298.15      83.669    114.556    115.149    105.584     39.981
            300.00      83.473    114.627    115.223    105.832     40.162
            500.00      59.745    124.235    125.229    130.967     59.441
            750.00      23.460    140.945    142.436    158.634     76.939
           1000.00     -19.250    161.212    163.200    182.449     88.408
           1100.00     -37.928    170.032    172.218    191.042     91.874
           1150.00     -47.584    174.566    176.851    195.161     93.419
           1200.00     -57.442    179.174    181.558    199.167     94.853
           1250.00     -67.499    183.851    186.335    203.067     96.185
           1300.00     -77.747    188.592    191.175    206.863     97.423
           1350.00     -88.183    193.393    196.075    210.562     98.574
           1400.00     -98.802    198.249    201.031    214.167     99.645
           1450.00    -109.598    203.157    206.039    217.681    100.644
           1500.00    -120.569    208.114    211.094    221.109    101.574
           1550.00    -131.708    213.115    216.195    224.454    102.443
           1600.00    -143.013    218.158    221.338    227.719    103.254
           1650.00    -154.479    223.241    226.520    230.908    104.012
           1700.00    -166.102    228.360    231.738    234.024    104.722
           1800.00    -189.808    238.699    242.276    240.047    106.010
           1900.00    -214.103    249.159    252.935    245.809    107.143
           2000.00    -238.962    259.726    263.700    251.331    108.145
           2500.00    -370.961    313.784    318.752    275.885    111.729

     Total (Translational + Electronic + conformational-rovib.(MS-T))
     ======================================================================
              T          G          E          H          S          Cp
            100.00     101.693    108.797    108.996     73.035     22.801
            125.00      99.798    109.355    109.604     78.447     25.695
            200.00      93.386    111.383    111.780     91.973     32.103
            298.15      83.634    114.751    115.343    106.352     40.745
            300.00      83.437    114.822    115.419    106.604     40.920
            500.00      59.526    124.502    125.496    131.939     59.343
            750.00      23.021    141.053    142.543    159.362     75.801
           1000.00     -19.817    160.928    162.915    182.732     86.437
           1100.00     -38.514    169.536    171.722    191.123     89.614
           1150.00     -48.171    173.953    176.238    195.138     91.024
           1200.00     -58.026    178.438    180.822    199.040     92.327
           1250.00     -68.073    182.985    185.469    202.834     93.534
           1300.00     -78.307    187.591    190.174    206.524     94.651
           1350.00     -88.724    192.250    194.933    210.116     95.687
           1400.00     -99.317    196.960    199.742    213.613     96.649
           1450.00    -110.084    201.715    204.597    217.021     97.541
           1500.00    -121.018    206.514    209.495    220.342     98.371
           1550.00    -132.116    211.353    214.433    223.580     99.142
           1600.00    -143.375    216.229    219.408    226.739     99.861
           1650.00    -154.789    221.139    224.418    229.822    100.531
           1700.00    -166.356    226.082    229.461    232.833    101.156
           1800.00    -189.932    236.057    239.634    238.647    102.285
           1900.00    -214.077    246.137    249.913    244.205    103.274
           2000.00    -238.765    256.310    260.285    249.525    104.143
           2500.00    -369.619    308.229    313.197    273.126    107.211

                        --------------------------------
                         Zero of energy is set to ZPE
                        --------------------------------

     Total (Translational + Electronic + conformational-rovib.(MS-LH))
     ======================================================================
              T          G          E          H          S          Cp
            100.00      -5.846      1.272      1.470     73.162     22.167
            125.00      -7.742      1.812      2.060     78.419     24.942
            200.00     -14.136      3.777      4.174     91.550     31.206
            298.15     -23.828      7.060      7.653    105.584     39.981
            300.00     -24.023      7.130      7.727    105.832     40.162
            500.00     -47.751     16.739     17.733    130.967     59.441
            750.00     -84.036     33.449     34.940    158.634     76.939
           1000.00    -126.746     53.716     55.704    182.449     88.408
           1100.00    -145.424     62.536     64.722    191.042     91.874
           1150.00    -155.080     67.070     69.355    195.161     93.419
           1200.00    -164.938     71.678     74.062    199.167     94.853
           1250.00    -174.995     76.355     78.839    203.067     96.185
           1300.00    -185.243     81.096     83.679    206.863     97.423
           1350.00    -195.679     85.897     88.579    210.562     98.574
           1400.00    -206.298     90.753     93.535    214.167     99.645
           1450.00    -217.095     95.661     98.543    217.681    100.644
           1500.00    -228.065    100.618    103.598    221.109    101.574
           1550.00    -239.204    105.619    108.699    224.454    102.443
           1600.00    -250.509    110.662    113.842    227.719    103.254
           1650.00    -261.975    115.745    119.024    230.908    104.012
           1700.00    -273.598    120.864    124.242    234.024    104.722
           1800.00    -297.304    131.203    134.780    240.047    106.010
           1900.00    -321.599    141.663    145.439    245.809    107.143
           2000.00    -346.458    152.230    156.204    251.331    108.145
           2500.00    -478.457    206.288    211.256    275.885    111.729

     Total (Translational + Electronic + conformational-rovib.(MS-T))
     ======================================================================
              T          G          E          H          S          Cp
            100.00      -5.804      1.301      1.500     73.035     22.801
            125.00      -7.698      1.859      2.107     78.447     25.695
            200.00     -14.110      3.887      4.284     91.973     32.103
            298.15     -23.862      7.255      7.847    106.352     40.745
            300.00     -24.059      7.326      7.923    106.604     40.920
            500.00     -47.970     17.006     18.000    131.939     59.343
            750.00     -84.475     33.557     35.047    159.362     75.801
           1000.00    -127.313     53.432     55.419    182.732     86.437
           1100.00    -146.010     62.040     64.226    191.123     89.614
           1150.00    -155.667     66.457     68.742    195.138     91.024
           1200.00    -165.522     70.942     73.326    199.040     92.327
           1250.00    -175.569     75.489     77.973    202.834     93.534
           1300.00    -185.803     80.095     82.678    206.524     94.651
           1350.00    -196.220     84.754     87.437    210.116     95.687
           1400.00    -206.813     89.464     92.246    213.613     96.649
           1450.00    -217.580     94.219     97.101    217.021     97.541
           1500.00    -228.514     99.018    101.999    220.342     98.371
           1550.00    -239.612    103.857    106.937    223.580     99.142
           1600.00    -250.871    108.733    111.912    226.739     99.861
           1650.00    -262.285    113.643    116.922    229.822    100.531
           1700.00    -273.852    118.586    121.964    232.833    101.156
           1800.00    -297.428    128.561    132.138    238.647    102.285
           1900.00    -321.573    138.641    142.417    244.205    103.274
           2000.00    -346.261    148.814    152.789    249.525    104.143
           2500.00    -477.115    200.733    205.701    273.126    107.211

 ==============================End of MSTor output==============================
