
 *******************************************************************************

   MSTor program version 2013 (2013)

   Jingjing Zheng, Steven L. Mielke, and Donald G. Truhlar

   Department of Chemistry and Supercomputing Institute
   University of Minnesota, Minneapolis, Minnesota, USA

   Copyright 2013
   Donald G. Truhlar and Regents of the University of Minnesota

   Citations: 
   MS-T(U) method
     J. Zheng, T. Yu, E. Papajak, I. M. Alecu, S. L. Mielke, and D. G. Truhlar,
     Phys. Chem. Chem. Phys. 13, 10885-10907 (2011).
   MS-T(C) method
     J. Zheng and D. G. Truhlar, J. Chem. Theory Comput., DOI: 10.1021/ct3010722.
   MSTor program
     J. Zheng, S. L. Mielke, K. L Clarkson, and D. G. Truhlar,
     Comp. Phys. Comm. 183, 1803-1812 (2012).
     J. Zheng, R. Meana-Paneda, and D. G. Truhlar, Comp. Phys. Comm.
     to be published as new version announcement.

 *******************************************************************************

                    Naming conventions for the MS methods
   -----------------------------------------------------------------------------
   Common name        Original or other names
   -----------------------------------------------------------------------------
   MS-LH         =    MS-HO (ref. 1)   =   MS-AS-HO (ref. 2)
   MS-T          =    MS-AS (ref. 1)   =   MS-AS-T  (ref. 2)
   -----------------------------------------------------------------------------
   Ref. 1: J. Zheng, T. Yu, E. Papajak, I. M. Alecu, S. L. Mielke, and
           D. G. Truhlar, Phys. Chem. Chem. Phys. 13, 10885 (2011).
   Ref. 2: T. Yu, J. Zheng, and D. G. Truhlar, Chem. Sci. 2, 2199 (2011)

   Calculation run on 03/25/2022 at 09:47:28  

   Number of structures:             1
   Number of torsions:               6
   Method:                           MS-T(C)
   Frequency scaling factor:         0.950
   Delta T for finite difference:    0.5 K
   Internal coordinates
     Bonds:         01-02  01-18  01-19  01-20  02-03  02-16  02-17  03-04  03-14
     Bonds:         03-15  04-05  04-12  05-06  05-08  06-07  07-09  07-10  12-21
     Bonds:         07-11  04-13
     Angles:        01-02-16  02-01-19  03-02-16  04-03-15  04-05-08  05-04-12
     Angles:        05-06-07  06-05-08  06-07-11  09-07-11  12-04-13  14-03-15
     Angles:        16-02-17  18-01-19  04-03-14  05-04-13  02-01-18  10-07-11
     Angles:        04-12-21
     Linear Angles: 
     Dihedrals:     01-03-17-02  01-16-17-02  02-04-14-03  03-05-12-04
     Dihedrals:     03-05-13-04  04-06-08-05  06-09-11-07  09-10-11-07
     Dihedrals:     05-04-12-21  02-14-15-03  02-18-20-01  02-19-20-01
     Dihedrals:     04-03-02-01  05-04-03-02  06-05-04-03  07-06-05-04
     Dihedrals:     03-02-01-18  05-06-07-09

   All moment output uses units of amu for masses and Angstroms for distances 

                           ==========================
                                Structure   1
                           ==========================

   Normal-mode Frequencies (cm-1) 
   (Overall translation and rotation projected out)
    1439.7402i      0.0001i      0.0000i      0.0000i      0.0000       0.0000 
       0.0000      49.0526      72.0542      87.4168     134.1456     163.8489 
     187.1222     212.0895     238.5742     283.0977     295.8508     334.6258 
     397.0623     509.1733     641.9796     680.1567     729.0732     831.9210 
     849.1406     901.6377     928.7807    1006.8644    1039.3983    1051.9817 
    1071.7159    1113.9065    1146.8967    1159.8192    1173.5804    1211.8933 
    1228.2944    1245.6476    1269.2008    1289.7171    1339.4728    1372.1432 
    1375.0631    1386.7692    1432.4764    1440.6750    1442.1853    1447.0282 
    1453.2607    1456.1171    1459.1628    1776.9752    2955.0747    2957.0433 
    2967.8685    2984.1746    2999.9482    3022.3078    3036.1628    3041.3895 
    3053.3433    3067.2190    3101.0593 
   Torsion-projected frequencies/non-torsional frequencies (cm-1)
    1439.7344i    186.5913     211.9362     281.2614     294.9551     334.0362 
     394.9456     508.9762     641.5428     679.2642     728.0159     831.9114 
     849.1065     901.6176     928.7277    1006.8605    1039.3956    1051.9727 
    1071.7105    1113.8972    1146.6131    1159.8006    1173.5795    1211.8716 
    1228.2767    1245.5969    1269.1990    1289.6569    1339.4705    1372.1418 
    1375.0588    1386.7646    1432.4760    1440.6741    1442.1022    1447.0232 
    1453.2601    1456.1170    1459.1596    1776.9749    2955.0744    2957.0432 
    2967.8685    2984.1746    2999.9455    3022.3067    3036.1615    3041.3893 
    3053.3427    3067.2103    3101.0593 
   Product of consistently coupled torsional frequencies (in cm-1^ntor)  1.6606E+12
   Primitively coupled torsional frequencies (cm-1) (Not used)
      52.2801      84.9619      90.0412     137.0607     176.4841     241.1513 
   Product of primitively coupled torsional frequencies (in cm-1^ntor)   2.3330E+12
   Effective coupled torsional barrier (kcal/mol)
        1.057        2.721        3.326        5.135        6.307        9.420 

   D matrix: 
   m-n        1             2             3             4             5
    1   2.198445E+01 -2.709034E+00 -3.107712E+00 -1.284182E+00  1.408767E+00
    2  -2.709034E+00  2.333204E+01  6.984545E+00  4.717768E+00  2.212284E+00
    3  -3.107712E+00  6.984545E+00  4.337109E+01 -1.254592E+01  4.737549E-01
    4  -1.284182E+00  4.717768E+00 -1.254592E+01  1.784701E+01  3.541503E-01
    5   1.408767E+00  2.212284E+00  4.737549E-01  3.541503E-01  3.031756E+00
    6  -2.812627E-01  8.291852E-01  2.308813E+00  1.421222E+00  6.238112E-02
   m-n        6
    1  -2.812627E-01
    2   8.291852E-01
    3   2.308813E+00
    4   1.421222E+00
    5   6.238112E-02
    6   3.114964E+00

   Eigenvalues of D matrix:
     4.9787E+01    2.7702E+01    2.0535E+01    9.4774E+00    2.6450E+00    2.5354E+00
   Determinant of D matrix  1.369669E+029

          Uncoupled force constants (au), Pitzer moment of inertia (amu A^2),
   uncoupled torsional frequencies (cm-1), and uncoupled torsional barrier (kcal/mol)
   --------------------------------------------------------------------------------
   Torsion               1             2             3             4             5
   Force constant   2.26460E-02  2.63328E-02  1.67553E-02  4.17378E-02  2.02034E-02
   Moment          21.984       23.332       43.371       17.847        3.032
   Tor. Freq.        87.306       91.385       53.466      131.549      222.060
   Rot. barrier       5.071        5.896        3.752        9.345        2.817
   M_j,tau            2.368        2.368        2.368        2.368        3.000

   Torsion               6
   Force constant   7.77623E-03
   Moment           3.115
   Tor. Freq.       135.914
   Rot. barrier       1.084
   M_j,tau            3.000
   --------------------------------------------------------------------------------
   Potential Energy =   0.000 kcal/mol
   Weight =  1
   Overall rotational symmetry number =   1

       List of zero-point inclusive energy (kcal/mol) for each structure
      ------------------------------------------------------------------
        Structure            Energy (T = 0 K)
      ------------------------------------------------------------------
          1                    105.93
      ZPE of the system =      105.93


     Note: The following SS-HO and SS-T include the Rot. P.F. and Boltzmann factor,
           but are calculated with weight = 1 for each structure. Weights are
           counted in MS partition functions. Zero of energy is set to the potential
           energy of global minimum.

            Partition function of structure    1
     ================================================================
          T(K)      Rot.          SS-HO           SS-T     SS-T/SS-HO
        100.00    8.9061E+004   1.8278E-226   1.4702E-226    0.804
        200.00    2.5190E+005   6.2332E-109   5.7663E-109    0.925
        298.15    4.5850E+005   2.5509E-069   2.6302E-069    1.031
        300.00    4.6278E+005   8.1748E-069   8.4443E-069    1.033
        500.00    9.9574E+005   3.3832E-035   4.0684E-035    1.203
        750.00    1.8293E+006   1.3115E-016   1.7406E-016    1.327
       1000.00    2.8164E+006   5.4062E-006   7.3761E-006    1.364
       1100.00    3.2492E+006   8.4783E-003   1.1529E-002    1.360
       1150.00    3.4732E+006   2.3700E-001   3.2093E-001    1.354
       1200.00    3.7022E+006   5.4432E+000   7.3294E+000    1.347
       1250.00    3.9360E+006   1.0495E+002   1.4033E+002    1.337
       1300.00    4.1745E+006   1.7300E+003   2.2943E+003    1.326
       1350.00    4.4176E+006   2.4768E+004   3.2539E+004    1.314
       1400.00    4.6653E+006   3.1214E+005   4.0581E+005    1.300
       1450.00    4.9175E+006   3.5034E+006   4.5030E+006    1.285
       1500.00    5.1740E+006   3.5380E+007   4.4918E+007    1.270
       1550.00    5.4348E+006   3.2436E+008   4.0642E+008    1.253
       1600.00    5.6999E+006   2.7208E+009   3.3622E+009    1.236
       1650.00    5.9692E+006   2.1029E+010   2.5609E+010    1.218
       1700.00    6.2426E+006   1.5067E+011   1.8072E+011    1.199
       1750.00    6.5200E+006   1.0064E+012   1.1882E+012    1.181
       1800.00    6.8014E+006   6.2972E+012   7.3144E+012    1.162
       1900.00    7.3760E+006   2.0625E+014   2.3155E+014    1.123
       2000.00    7.9659E+006   5.4582E+015   5.9131E+015    1.083
       2500.00    1.1133E+007   6.1295E+021   5.4706E+021    0.893

     ================================================================
              Partition Functions Including All Structures
        -----------------------------------------------------------
        Zero of energy is set to potential energy of global minimum
        -----------------------------------------------------------
        T(K)    Elec.        Trans.              Con-rovib
                                            MS-LH    or     MS-T
        100.00  2.0000E+000  3.2877E+006  1.8278E-226  1.4702E-226
        200.00  2.0000E+000  1.8598E+007  6.2332E-109  5.7663E-109
        298.15  2.0000E+000  5.0464E+007  2.5509E-069  2.6302E-069
        300.00  2.0000E+000  5.1250E+007  8.1748E-069  8.4443E-069
        500.00  2.0000E+000  1.8379E+008  3.3832E-035  4.0684E-035
        750.00  2.0000E+000  5.0646E+008  1.3115E-016  1.7406E-016
       1000.00  2.0000E+000  1.0397E+009  5.4062E-006  7.3761E-006
       1100.00  2.0000E+000  1.3194E+009  8.4783E-003  1.1529E-002
       1150.00  2.0000E+000  1.4745E+009  2.3700E-001  3.2093E-001
       1200.00  2.0000E+000  1.6400E+009  5.4432E+000  7.3294E+000
       1250.00  2.0000E+000  1.8162E+009  1.0495E+002  1.4033E+002
       1300.00  2.0000E+000  2.0033E+009  1.7300E+003  2.2943E+003
       1350.00  2.0000E+000  2.2015E+009  2.4768E+004  3.2539E+004
       1400.00  2.0000E+000  2.4111E+009  3.1214E+005  4.0581E+005
       1450.00  2.0000E+000  2.6322E+009  3.5034E+006  4.5030E+006
       1500.00  2.0000E+000  2.8650E+009  3.5380E+007  4.4918E+007
       1550.00  2.0000E+000  3.1097E+009  3.2436E+008  4.0642E+008
       1600.00  2.0000E+000  3.3666E+009  2.7208E+009  3.3622E+009
       1650.00  2.0000E+000  3.6358E+009  2.1029E+010  2.5609E+010
       1700.00  2.0000E+000  3.9175E+009  1.5067E+011  1.8072E+011
       1750.00  2.0000E+000  4.2120E+009  1.0064E+012  1.1882E+012
       1800.00  2.0000E+000  4.5193E+009  6.2972E+012  7.3144E+012
       1900.00  2.0000E+000  5.1734E+009  2.0625E+014  2.3155E+014
       2000.00  2.0000E+000  5.8812E+009  5.4582E+015  5.9131E+015
       2500.00  2.0000E+000  1.0274E+010  6.1295E+021  5.4706E+021

             Total Partition Function (E + T + Con-rovib)
             ---------------------------------------------
                T(K)     E + T + MS-LH     E + T + MS-T
                100.00     1.2019E-219       9.6669E-220
                200.00     2.3185E-101       2.1448E-101
                298.15     2.5745E-061       2.6546E-061
                300.00     8.3792E-061       8.6554E-061
                500.00     1.2436E-026       1.4955E-026
                750.00     1.3284E-007       1.7631E-007
               1000.00     1.1241E+004       1.5337E+004
               1100.00     2.2372E+007       3.0422E+007
               1150.00     6.9890E+008       9.4641E+008
               1200.00     1.7854E+010       2.4041E+010
               1250.00     3.8121E+011       5.0974E+011
               1300.00     6.9316E+012       9.1924E+012
               1350.00     1.0905E+014       1.4327E+014
               1400.00     1.5052E+015       1.9569E+015
               1450.00     1.8443E+016       2.3705E+016
               1500.00     2.0273E+017       2.5738E+017
               1550.00     2.0173E+018       2.5277E+018
               1600.00     1.8320E+019       2.2638E+019
               1650.00     1.5291E+020       1.8622E+020
               1700.00     1.1805E+021       1.4160E+021
               1750.00     8.4778E+021       1.0009E+022
               1800.00     5.6918E+022       6.6113E+022
               1900.00     2.1340E+024       2.3958E+024
               2000.00     6.4202E+025       6.9552E+025
               2500.00     1.2595E+032       1.1241E+032

     ================================================================
              Partition Functions Including All Structures
        -----------------------------------------------------------
                    Zero of energy is set to ZPE
        -----------------------------------------------------------
        T(K)             Con-rovib                Total
                   MS-LH        MS-T       E+T+MS-LH    E+T+MS-T
        100.00  5.9776E+005  4.8079E+005  3.9305E+012  3.1614E+012
        200.00  3.5646E+007  3.2976E+007  1.3259E+015  1.2266E+015
        298.15  1.1404E+009  1.1759E+009  1.1510E+017  1.1868E+017
        300.00  1.2134E+009  1.2534E+009  1.2437E+017  1.2847E+017
        500.00  6.7959E+011  8.1723E+011  2.4980E+020  3.0039E+020
        750.00  9.6911E+014  1.2862E+015  9.8163E+023  1.3029E+024
       1000.00  7.6621E+017  1.0454E+018  1.5932E+027  2.1737E+027
       1100.00  9.4425E+018  1.2840E+019  2.4917E+028  3.3881E+028
       1150.00  3.2096E+019  4.3463E+019  9.4650E+028  1.2817E+029
       1200.00  1.0684E+020  1.4386E+020  3.5044E+029  4.7188E+029
       1250.00  3.4845E+020  4.6593E+020  1.2657E+030  1.6924E+030
       1300.00  1.1139E+021  1.4773E+021  4.4632E+030  5.9189E+030
       1350.00  3.4923E+021  4.5881E+021  1.5377E+031  2.0202E+031
       1400.00  1.0742E+022  1.3966E+022  5.1801E+031  6.7347E+031
       1450.00  3.2435E+022  4.1689E+022  1.7075E+032  2.1947E+032
       1500.00  9.6176E+022  1.2210E+023  5.5108E+032  6.9964E+032
       1550.00  2.8019E+023  3.5108E+023  1.7426E+033  2.1835E+033
       1600.00  8.0235E+023  9.9148E+023  5.4024E+033  6.6758E+033
       1650.00  2.2594E+024  2.7516E+024  1.6430E+034  2.0008E+034
       1700.00  6.2595E+024  7.5079E+024  4.9044E+034  5.8825E+034
       1750.00  1.7068E+025  2.0151E+025  1.4378E+035  1.6975E+035
       1800.00  4.5822E+025  5.3223E+025  4.1417E+035  4.8107E+035
       1900.00  3.1577E+026  3.5450E+026  3.2672E+036  3.6680E+036
       2000.00  2.0549E+027  2.2261E+027  2.4170E+037  2.6184E+037
       2500.00  1.1169E+031  9.9682E+030  2.2950E+041  2.0483E+041
     ================================================================

                     ==============================
                          Thermodynamic Functions
                      (Ideal gas at standard state)
                     ==============================
     T  - Temperature (Kelvin)        G  - Gibbs Free Energy (kcal/mol)
     E  - Thermal Energy (kcal/mol)   H  - Enthalpy (kcal/mol)
     S  - Entropy (cal/(mol-K))
     Cp - Heat Capacity at Constant Pressure (cal/(mol-K))
        -----------------------------------------------------------
        Zero of energy is set to potential energy of global minimum
        -----------------------------------------------------------

               Contribution from electronic P.F. 
     ================================================================
                  T          G          E          S
                100.00      -0.138      0.000      1.377
                200.00      -0.275      0.000      1.377
                298.15      -0.411      0.000      1.377
                300.00      -0.413      0.000      1.377
                500.00      -0.689      0.000      1.377
                750.00      -1.033      0.000      1.377
               1000.00      -1.377      0.000      1.377
               1100.00      -1.515      0.000      1.377
               1150.00      -1.584      0.000      1.377
               1200.00      -1.653      0.000      1.377
               1250.00      -1.722      0.000      1.377
               1300.00      -1.791      0.000      1.377
               1350.00      -1.860      0.000      1.377
               1400.00      -1.928      0.000      1.377
               1450.00      -1.997      0.000      1.377
               1500.00      -2.066      0.000      1.377
               1550.00      -2.135      0.000      1.377
               1600.00      -2.204      0.000      1.377
               1650.00      -2.273      0.000      1.377
               1700.00      -2.342      0.000      1.377
               1750.00      -2.411      0.000      1.377
               1800.00      -2.479      0.000      1.377
               1900.00      -2.617      0.000      1.377
               2000.00      -2.755      0.000      1.377
               2500.00      -3.444      0.000      1.377

               Contribution from translational P.F. 
     ================================================================
                  T          G          E          S
                100.00      -2.982      0.298     34.788
                200.00      -6.653      0.596     38.231
                298.15     -10.509      0.889     40.215
                300.00     -10.583      0.894     40.246
                500.00     -18.908      1.490     42.783
                750.00     -29.872      2.236     44.798
               1000.00     -41.259      2.981     46.227
               1100.00     -45.906      3.279     46.700
               1150.00     -48.246      3.428     46.921
               1200.00     -50.598      3.577     47.133
               1250.00     -52.959      3.726     47.336
               1300.00     -55.331      3.875     47.530
               1350.00     -57.712      4.024     47.718
               1400.00     -60.103      4.173     47.899
               1450.00     -62.502      4.322     48.073
               1500.00     -64.910      4.471     48.241
               1550.00     -67.326      4.620     48.404
               1600.00     -69.750      4.769     48.562
               1650.00     -72.182      4.918     48.715
               1700.00     -74.622      5.067     48.863
               1750.00     -77.068      5.216     49.007
               1800.00     -79.522      5.365     49.147
               1900.00     -84.451      5.664     49.416
               2000.00     -89.405      5.962     49.671
               2500.00    -114.528      7.452     50.779

        Contribution from conformational-rovibrational P.F. (MS-LH)
     ================================================================
                  T          G          E          S
                100.00     103.292    106.827     35.356
                200.00      99.024    108.917     49.465
                298.15      93.579    111.863     61.327
                300.00      93.465    111.928     61.543
                500.00      78.864    120.984     84.238
                750.00      54.505    137.069    110.085
               1000.00      24.101    156.715    132.615
               1100.00      10.427    165.284    140.779
               1150.00       3.290    169.692    144.697
               1200.00      -4.040    174.173    148.511
               1250.00     -11.559    178.722    152.225
               1300.00     -19.261    183.335    155.843
               1350.00     -27.142    188.007    159.370
               1400.00     -35.197    192.734    162.808
               1450.00     -43.421    197.512    166.161
               1500.00     -51.812    202.338    169.433
               1550.00     -60.363    207.208    172.627
               1600.00     -69.073    212.119    175.745
               1650.00     -77.937    217.069    178.792
               1700.00     -86.951    222.055    181.769
               1750.00     -96.113    227.075    184.679
               1800.00    -105.418    232.127    187.525
               1900.00    -124.448    242.317    193.034
               2000.00    -144.017    252.612    198.315
               2500.00    -249.234    305.288    221.809

        Contribution from conformational-rovibrational P.F. (MS-T)
     ================================================================
                  T          G          E          S
                100.00     103.335    106.856     35.212
                200.00      99.055    109.017     49.809
                298.15      93.561    112.035     61.964
                300.00      93.446    112.101     62.184
                500.00      78.681    121.270     85.178
                750.00      54.083    137.330    110.997
               1000.00      23.483    156.720    133.236
               1100.00       9.756    165.122    141.242
               1150.00       2.597    169.433    145.075
               1200.00      -4.750    173.810    148.800
               1250.00     -12.281    178.248    152.423
               1300.00     -19.991    182.741    155.948
               1350.00     -27.874    187.287    159.379
               1400.00     -35.927    191.881    162.720
               1450.00     -44.145    196.519    165.975
               1500.00     -52.523    201.198    169.148
               1550.00     -61.058    205.916    172.241
               1600.00     -69.746    210.670    175.260
               1650.00     -78.583    215.456    178.206
               1700.00     -87.565    220.274    181.082
               1750.00     -96.690    225.120    183.891
               1800.00    -105.954    229.993    186.637
               1900.00    -124.885    239.814    191.947
               2000.00    -144.335    249.722    197.029
               2500.00    -248.669    300.269    219.575

     Total (Translational + Electronic + conformational-rovib.(MS-LH))
     ======================================================================
              T          G          E          H          S          Cp
            100.00     100.172    107.125    107.324     71.521     20.869
            200.00      92.096    109.513    109.910     89.074     30.383
            298.15      82.659    112.752    113.345    102.919     39.848
            300.00      82.469    112.822    113.419    103.166     40.039
            500.00      59.268    122.474    123.468    128.399     59.855
            750.00      23.599    139.304    140.795    156.260     77.447
           1000.00     -18.535    159.696    161.684    180.219     88.890
           1100.00     -36.993    168.563    170.749    188.857     92.335
           1150.00     -46.540    173.119    175.405    192.996     93.868
           1200.00     -56.291    177.750    180.134    197.021     95.290
           1250.00     -66.240    182.448    184.932    200.938     96.609
           1300.00     -76.383    187.210    189.794    204.751     97.834
           1350.00     -86.714    192.031    194.714    208.465     98.972
           1400.00     -97.228    196.907    199.689    212.084    100.031
           1450.00    -107.921    201.834    204.716    215.612    101.017
           1500.00    -118.788    206.809    209.790    219.052    101.935
           1550.00    -129.825    211.828    214.908    222.408    102.791
           1600.00    -141.027    216.889    220.068    225.685    103.591
           1650.00    -152.392    221.988    225.267    228.884    104.337
           1700.00    -163.914    227.123    230.501    232.009    105.036
           1750.00    -175.591    232.292    235.769    235.063    105.690
           1800.00    -187.420    237.492    241.069    238.049    106.302
           1900.00    -211.516    247.981    251.756    243.827    107.416
           2000.00    -236.177    258.574    262.548    249.363    108.399
           2500.00    -367.205    312.740    317.708    273.965    111.912

     Total (Translational + Electronic + conformational-rovib.(MS-T))
     ======================================================================
              T          G          E          H          S          Cp
            100.00     100.216    107.154    107.353     71.377     21.494
            200.00      92.127    109.613    110.010     89.418     31.112
            298.15      82.641    112.924    113.516    103.556     40.573
            300.00      82.449    112.995    113.592    103.807     40.763
            500.00      59.085    122.760    123.754    129.339     60.185
            750.00      23.177    139.566    141.056    157.172     76.888
           1000.00     -19.153    159.700    161.688    180.840     87.399
           1100.00     -37.665    168.401    170.587    189.320     90.498
           1150.00     -47.233    172.861    175.146    193.373     91.867
           1200.00     -57.001    177.387    179.772    197.310     93.130
           1250.00     -66.962    181.974    184.458    201.136     94.297
           1300.00     -77.113    186.616    189.200    204.856     95.375
           1350.00     -87.446    191.311    193.994    208.474     96.373
           1400.00     -97.958    196.054    198.836    211.996     97.297
           1450.00    -108.644    200.841    203.723    215.425     98.154
           1500.00    -119.499    205.670    208.650    218.766     98.950
           1550.00    -130.520    210.536    213.617    222.023     99.689
           1600.00    -141.700    215.439    218.618    225.199    100.376
           1650.00    -153.038    220.375    223.653    228.298    101.017
           1700.00    -164.529    225.341    228.719    231.322    101.613
           1750.00    -176.169    230.336    233.814    234.276    102.170
           1800.00    -187.956    235.359    238.936    237.162    102.691
           1900.00    -211.953    245.477    249.253    242.740    103.633
           2000.00    -236.496    255.684    259.659    248.077    104.460
           2500.00    -366.641    307.721    312.689    271.732    107.381

                        --------------------------------
                         Zero of energy is set to ZPE
                        --------------------------------

     Total (Translational + Electronic + conformational-rovib.(MS-LH))
     ======================================================================
              T          G          E          H          S          Cp
            100.00      -5.763      1.191      1.389     71.521     20.869
            200.00     -13.839      3.578      3.975     89.074     30.383
            298.15     -23.276      6.817      7.410    102.919     39.848
            300.00     -23.466      6.887      7.484    103.166     40.039
            500.00     -46.667     16.539     17.533    128.399     59.855
            750.00     -82.336     33.369     34.860    156.260     77.447
           1000.00    -124.470     53.761     55.749    180.219     88.890
           1100.00    -142.928     62.628     64.814    188.857     92.335
           1150.00    -152.475     67.185     69.470    192.996     93.868
           1200.00    -162.226     71.815     74.199    197.021     95.290
           1250.00    -172.175     76.513     78.997    200.938     96.609
           1300.00    -182.318     81.275     83.859    204.751     97.834
           1350.00    -192.649     86.096     88.779    208.465     98.972
           1400.00    -203.163     90.972     93.755    212.084    100.031
           1450.00    -213.856     95.900     98.781    215.612    101.017
           1500.00    -224.723    100.874    103.855    219.052    101.935
           1550.00    -235.759    105.893    108.973    222.408    102.791
           1600.00    -246.962    110.954    114.133    225.685    103.591
           1650.00    -258.327    116.053    119.332    228.884    104.337
           1700.00    -269.849    121.188    124.566    232.009    105.036
           1750.00    -281.526    126.357    129.835    235.063    105.690
           1800.00    -293.354    131.557    135.134    238.049    106.302
           1900.00    -317.450    142.046    145.822    243.827    107.416
           2000.00    -342.112    152.639    156.613    249.363    108.399
           2500.00    -473.140    206.805    211.773    273.965    111.912

     Total (Translational + Electronic + conformational-rovib.(MS-T))
     ======================================================================
              T          G          E          H          S          Cp
            100.00      -5.719      1.219      1.418     71.377     21.494
            200.00     -13.808      3.678      4.075     89.418     31.112
            298.15     -23.294      6.989      7.581    103.556     40.573
            300.00     -23.485      7.060      7.657    103.807     40.763
            500.00     -46.850     16.826     17.819    129.339     60.185
            750.00     -82.757     33.631     35.121    157.172     76.888
           1000.00    -125.088     53.765     55.753    180.840     87.399
           1100.00    -143.600     62.466     64.652    189.320     90.498
           1150.00    -153.168     66.926     69.211    193.373     91.867
           1200.00    -162.936     71.452     73.837    197.310     93.130
           1250.00    -172.897     76.039     78.523    201.136     94.297
           1300.00    -183.047     80.682     83.265    204.856     95.375
           1350.00    -193.381     85.376     88.059    208.474     96.373
           1400.00    -203.893     90.119     92.901    211.996     97.297
           1450.00    -214.579     94.906     97.788    215.425     98.154
           1500.00    -225.434     99.735    102.715    218.766     98.950
           1550.00    -236.454    104.601    107.682    222.023     99.689
           1600.00    -247.635    109.504    112.684    225.199    100.376
           1650.00    -258.973    114.440    117.719    228.298    101.017
           1700.00    -270.464    119.406    122.784    231.322    101.613
           1750.00    -282.104    124.402    127.879    234.276    102.170
           1800.00    -293.890    129.424    133.001    237.162    102.691
           1900.00    -317.888    139.542    143.318    242.740    103.633
           2000.00    -342.430    149.749    153.724    248.077    104.460
           2500.00    -472.576    201.786    206.754    271.732    107.381

 ==============================End of MSTor output==============================
