
 *******************************************************************************

   MSTor program version 2013 (2013)

   Jingjing Zheng, Steven L. Mielke, and Donald G. Truhlar

   Department of Chemistry and Supercomputing Institute
   University of Minnesota, Minneapolis, Minnesota, USA

   Copyright 2013
   Donald G. Truhlar and Regents of the University of Minnesota

   Citations: 
   MS-T(U) method
     J. Zheng, T. Yu, E. Papajak, I. M. Alecu, S. L. Mielke, and D. G. Truhlar,
     Phys. Chem. Chem. Phys. 13, 10885-10907 (2011).
   MS-T(C) method
     J. Zheng and D. G. Truhlar, J. Chem. Theory Comput., DOI: 10.1021/ct3010722.
   MSTor program
     J. Zheng, S. L. Mielke, K. L Clarkson, and D. G. Truhlar,
     Comp. Phys. Comm. 183, 1803-1812 (2012).
     J. Zheng, R. Meana-Paneda, and D. G. Truhlar, Comp. Phys. Comm.
     to be published as new version announcement.

 *******************************************************************************

                    Naming conventions for the MS methods
   -----------------------------------------------------------------------------
   Common name        Original or other names
   -----------------------------------------------------------------------------
   MS-LH         =    MS-HO (ref. 1)   =   MS-AS-HO (ref. 2)
   MS-T          =    MS-AS (ref. 1)   =   MS-AS-T  (ref. 2)
   -----------------------------------------------------------------------------
   Ref. 1: J. Zheng, T. Yu, E. Papajak, I. M. Alecu, S. L. Mielke, and
           D. G. Truhlar, Phys. Chem. Chem. Phys. 13, 10885 (2011).
   Ref. 2: T. Yu, J. Zheng, and D. G. Truhlar, Chem. Sci. 2, 2199 (2011)

   Calculation run on 01/25/2022 at 11:50:18  

   Number of structures:             7
   Number of torsions:               6
   Method:                           MS-T(C)
   Frequency scaling factor:         0.964
   Delta T for finite difference:    0.5 K
   Internal coordinates
     Bonds:         01-02  01-18  01-19  01-20  02-03  02-16  02-17  03-04  03-14
     Bonds:         03-15  04-05  04-12  05-06  05-08  06-07  07-09  07-10  12-21
     Bonds:         07-11  04-13
     Angles:        01-02-16  02-01-19  03-02-16  04-03-15  04-05-08  05-04-12
     Angles:        05-06-07  06-05-08  06-07-11  09-07-11  12-04-13  14-03-15
     Angles:        16-02-17  18-01-19  04-03-14  05-04-13  02-01-18  10-07-11
     Angles:        04-12-21
     Linear Angles: 
     Dihedrals:     01-03-17-02  01-16-17-02  02-04-14-03  03-05-12-04
     Dihedrals:     03-05-13-04  04-06-08-05  06-09-11-07  09-10-11-07
     Dihedrals:     05-04-12-21  02-14-15-03  02-18-20-01  02-19-20-01
     Dihedrals:     04-03-02-01  05-04-03-02  06-05-04-03  07-06-05-04
     Dihedrals:     03-02-01-18  05-06-07-09

   All moment output uses units of amu for masses and Angstroms for distances 

                           ==========================
                                Structure   1
                           ==========================

   Normal-mode Frequencies (cm-1) 
   (Overall translation and rotation projected out)
    1460.9574i      0.0000i      0.0000i      0.0000i      0.0000       0.0000 
       0.0000      49.7755      73.1161      88.7051     136.1225     166.2635 
     189.8798     215.2150     242.0901     287.2697     300.2107     339.5571 
     402.9138     516.6769     651.4403     690.1801     739.8174     844.1809 
     861.6542     914.9250     942.4680    1021.7024    1054.7157    1067.4846 
    1087.5096    1130.3220    1163.7983    1176.9113    1190.8753    1229.7527 
    1246.3956    1264.0045    1287.9048    1308.7234    1359.2124    1392.3643 
    1395.3272    1407.2058    1453.5865    1461.9060    1463.4386    1468.3529 
    1474.6772    1477.5756    1480.6663    1803.1622    2998.6232    3000.6208 
    3011.6055    3028.1519    3044.1580    3066.8471    3080.9063    3086.2100 
    3098.3399    3112.4202    3146.7591 
   Torsion-projected frequencies/non-torsional frequencies (cm-1)
    1460.9516i    189.3410     215.0595     285.4063     299.3018     338.9588 
     400.7659     516.4769     650.9971     689.2744     738.7446     844.1711 
     861.6196     914.9046     942.4142    1021.6984    1054.7130    1067.4755 
    1087.5042    1130.3125    1163.5105    1176.8924    1190.8743    1229.7307 
    1246.3776    1263.9530    1287.9030    1308.6623    1359.2100    1392.3628 
    1395.3228    1407.2011    1453.5862    1461.9051    1463.3542    1468.3478 
    1474.6766    1477.5756    1480.6630    1803.1618    2998.6229    3000.6207 
    3011.6055    3028.1519    3044.1553    3066.8460    3080.9049    3086.2098 
    3098.3393    3112.4113    3146.7591 
   Product of consistently coupled torsional frequencies (in cm-1^ntor)  1.8130E+12
   Primitively coupled torsional frequencies (cm-1) (Not used)
      53.0506      86.2140      91.3681     139.0805     179.0849     244.7052 
   Product of primitively coupled torsional frequencies (in cm-1^ntor)   2.5470E+12
   Effective coupled torsional barrier (kcal/mol)
        1.088        2.802        3.424        5.288        6.495        9.699 

   D matrix: 
   m-n        1             2             3             4             5
    1   2.198445E+01 -2.709034E+00 -3.107712E+00 -1.284182E+00  1.408767E+00
    2  -2.709034E+00  2.333204E+01  6.984545E+00  4.717768E+00  2.212284E+00
    3  -3.107712E+00  6.984545E+00  4.337109E+01 -1.254592E+01  4.737549E-01
    4  -1.284182E+00  4.717768E+00 -1.254592E+01  1.784701E+01  3.541503E-01
    5   1.408767E+00  2.212284E+00  4.737549E-01  3.541503E-01  3.031756E+00
    6  -2.812627E-01  8.291852E-01  2.308813E+00  1.421222E+00  6.238112E-02
   m-n        6
    1  -2.812627E-01
    2   8.291852E-01
    3   2.308813E+00
    4   1.421222E+00
    5   6.238112E-02
    6   3.114964E+00

   Eigenvalues of D matrix:
     4.9787E+01    2.7702E+01    2.0535E+01    9.4774E+00    2.6450E+00    2.5354E+00
   Determinant of D matrix  1.369669E+029

          Uncoupled force constants (au), Pitzer moment of inertia (amu A^2),
   uncoupled torsional frequencies (cm-1), and uncoupled torsional barrier (kcal/mol)
   --------------------------------------------------------------------------------
   Torsion               1             2             3             4             5
   Force constant   2.33184E-02  2.71146E-02  1.72528E-02  4.29770E-02  2.08032E-02
   Moment          21.984       23.332       43.371       17.847        3.032
   Tor. Freq.        88.593       92.732       54.254      133.487      225.332
   Rot. barrier       5.221        6.071        3.863        9.623        2.901
   M_j,tau            2.368        2.368        2.368        2.368        3.000

   Torsion               6
   Force constant   8.00712E-03
   Moment           3.115
   Tor. Freq.       137.917
   Rot. barrier       1.117
   M_j,tau            3.000
   --------------------------------------------------------------------------------
   Potential Energy =   0.000 kcal/mol
   Weight =  1
   Overall rotational symmetry number =   1

                           ==========================
                                Structure   2
                           ==========================

   Normal-mode Frequencies (cm-1) 
   (Overall translation and rotation projected out)
    1466.4529i      0.0001i      0.0000i      0.0000i      0.0000       0.0000 
       0.0001      50.0637      66.0780      97.3106     115.4653     137.5463 
     172.8813     239.6797     247.9829     302.2927     315.8609     332.1173 
     341.4251     493.8433     687.7756     711.9969     721.8300     814.0908 
     894.4848     918.8418     936.3045    1027.3530    1061.3911    1075.4016 
    1089.8492    1131.0860    1163.9272    1182.2504    1189.8985    1218.5867 
    1246.0970    1246.5238    1286.9151    1298.1723    1365.7922    1380.9931 
    1397.4018    1414.9509    1452.7580    1462.4952    1463.2283    1468.6737 
    1474.9811    1477.6841    1482.7513    1805.9363    2985.2770    2996.8154 
    3001.8529    3027.9552    3032.2827    3056.8553    3079.6407    3086.9208 
    3097.4177    3112.2113    3146.3799 
   Torsion-projected frequencies/non-torsional frequencies (cm-1)
    1466.4500i    114.1472     247.6002     301.7772     313.0902     328.7602 
     341.3705     493.7501     687.1965     711.7902     720.2859     814.0180 
     894.4813     918.7839     936.2556    1027.3518    1061.3894    1075.3871 
    1089.8447    1131.0855    1163.6398    1182.2465    1189.8950    1218.5824 
    1246.0452    1246.5000    1286.9141    1298.1142    1365.7909    1380.9882 
    1397.4015    1414.9484    1452.7376    1462.4920    1463.1454    1468.6713 
    1474.9798    1477.6839    1482.7496    1805.9361    2985.2767    2996.8152 
    3001.8529    3027.9552    3032.2825    3056.8540    3079.6391    3086.9208 
    3097.4173    3112.2026    3146.3799 
   Product of consistently coupled torsional frequencies (in cm-1^ntor)  1.9058E+12
   Primitively coupled torsional frequencies (cm-1) (Not used)
      51.5794      71.8536     117.4442     138.7065     178.8620     244.5240 
   Product of primitively coupled torsional frequencies (in cm-1^ntor)   2.6405E+12
   Effective coupled torsional barrier (kcal/mol)
        1.099        2.361        2.741        3.238        4.721        8.611 

   D matrix: 
   m-n        1             2             3             4             5
    1   1.975769E+01 -3.689978E+00  1.425599E+01 -4.971575E+00  9.743503E-01
    2  -3.689978E+00  2.160215E+01 -4.253354E+00  7.424667E+00  2.306046E+00
    3   1.425599E+01 -4.253354E+00  3.100019E+01 -1.181693E+01  1.114073E+00
    4  -4.971575E+00  7.424667E+00 -1.181693E+01  1.833176E+01  1.990894E-01
    5   9.743503E-01  2.306046E+00  1.114073E+00  1.990894E-01  3.017877E+00
    6   6.777109E-01  2.187114E-01  1.461985E+00  1.510797E+00  9.721393E-02
   m-n        6
    1   6.777109E-01
    2   2.187114E-01
    3   1.461985E+00
    4   1.510797E+00
    5   9.721393E-02
    6   3.060236E+00

   Eigenvalues of D matrix:
     4.8862E+01    2.1770E+01    1.2863E+01    8.1421E+00    2.6054E+00    2.5268E+00
   Determinant of D matrix  5.581150E+028

          Uncoupled force constants (au), Pitzer moment of inertia (amu A^2),
   uncoupled torsional frequencies (cm-1), and uncoupled torsional barrier (kcal/mol)
   --------------------------------------------------------------------------------
   Torsion               1             2             3             4             5
   Force constant   2.14998E-02  1.62400E-02  1.37436E-02  4.31375E-02  2.06478E-02
   Moment          19.758       21.602       31.000       18.332        3.018
   Tor. Freq.        89.734       74.585       57.276      131.957      225.005
   Rot. barrier       4.264        3.220        2.725        8.554        2.879
   M_j,tau            2.516        2.516        2.516        2.516        3.000

   Torsion               6
   Force constant   8.09561E-03
   Moment           3.060
   Tor. Freq.       139.911
   Rot. barrier       1.129
   M_j,tau            3.000
   --------------------------------------------------------------------------------
   Potential Energy =   0.308 kcal/mol
   Weight =  1
   Overall rotational symmetry number =   1

                           ==========================
                                Structure   3
                           ==========================

   Normal-mode Frequencies (cm-1) 
   (Overall translation and rotation projected out)
    1461.3140i      0.0000i      0.0000i      0.0000i      0.0000       0.0000 
       0.0001      44.9911      56.0841     110.6607     138.0764     167.7851 
     184.5846     216.5344     260.6999     292.1212     328.4556     346.4172 
     432.1511     490.4450     653.4559     695.2917     749.8801     840.7072 
     851.6180     911.4760     956.7877     987.1901    1053.9185    1072.8195 
    1080.8676    1132.7101    1157.4532    1163.9021    1190.6729    1225.6832 
    1251.2524    1259.2626    1283.9625    1334.8959    1350.6127    1387.4709 
    1397.1821    1409.1911    1452.3449    1461.7512    1463.3424    1469.2843 
    1476.9520    1477.5944    1481.9031    1802.9417    2999.7517    3010.8216 
    3012.4569    3028.0470    3052.4368    3070.6979    3079.1504    3084.5225 
    3108.9369    3112.2815    3146.6947 
   Torsion-projected frequencies/non-torsional frequencies (cm-1)
    1461.3092i    180.2248     231.8957     289.7170     324.6723     344.8651 
     430.9116     488.9641     653.1835     694.6158     749.1848     840.6349 
     851.4920     911.4194     956.7443     987.1269    1053.9030    1072.7825 
    1080.8560    1132.7027    1157.4424    1163.6120    1190.6725    1225.6646 
    1251.1995    1259.2288    1283.9358    1334.8881    1350.6120    1387.4643 
    1397.1784    1409.1877    1452.3400    1461.7505    1463.2607    1469.2692 
    1476.9328    1477.5927    1481.8996    1802.9416    2999.7500    3010.8213 
    3012.4561    3028.0470    3052.4352    3070.6974    3079.1496    3084.5221 
    3108.9349    3112.2726    3146.6947 
   Product of consistently coupled torsional frequencies (in cm-1^ntor)  1.6678E+12
   Primitively coupled torsional frequencies (cm-1) (Not used)
      47.2485      58.4116     123.5302     141.6059     180.5064     256.7481 
   Product of primitively coupled torsional frequencies (in cm-1^ntor)   2.2374E+12
   Effective coupled torsional barrier (kcal/mol)
        1.098        2.514        3.196        5.126        7.406        9.560 

   D matrix: 
   m-n        1             2             3             4             5
    1   2.650887E+01  2.082616E+01 -6.580360E+00  5.755476E+00  1.366212E+00
    2   2.082616E+01  4.390860E+01  7.260188E+00  9.099801E+00 -3.490370E-01
    3  -6.580360E+00  7.260188E+00  4.124040E+01 -1.107887E+01  5.904514E-01
    4   5.755476E+00  9.099801E+00 -1.107887E+01  1.814812E+01 -3.081792E-01
    5   1.366212E+00 -3.490370E-01  5.904514E-01 -3.081792E-01  3.079425E+00
    6  -2.739064E-02  1.187449E+00  2.239719E+00  1.560279E+00  2.278195E-02
   m-n        6
    1  -2.739064E-02
    2   1.187449E+00
    3   2.239719E+00
    4   1.560279E+00
    5   2.278195E-02
    6   3.119344E+00

   Eigenvalues of D matrix:
     6.0555E+01    4.7805E+01    1.4597E+01    7.7466E+00    2.7848E+00    2.5162E+00
   Determinant of D matrix  1.745327E+029

          Uncoupled force constants (au), Pitzer moment of inertia (amu A^2),
   uncoupled torsional frequencies (cm-1), and uncoupled torsional barrier (kcal/mol)
   --------------------------------------------------------------------------------
   Torsion               1             2             3             4             5
   Force constant   2.44971E-02  2.79714E-02  1.72048E-02  4.30883E-02  2.10364E-02
   Moment          26.509       43.909       41.240       18.148        3.079
   Tor. Freq.        82.693       68.657       55.561      132.547      224.831
   Rot. barrier       5.396        6.162        3.790        9.492        2.933
   M_j,tau            2.387        2.387        2.387        2.387        3.000

   Torsion               6
   Force constant   8.08394E-03
   Moment           3.119
   Tor. Freq.       138.479
   Rot. barrier       1.127
   M_j,tau            3.000
   --------------------------------------------------------------------------------
   Potential Energy =   0.623 kcal/mol
   Weight =  1
   Overall rotational symmetry number =   1

                           ==========================
                                Structure   4
                           ==========================

   Normal-mode Frequencies (cm-1) 
   (Overall translation and rotation projected out)
    1454.4858i      0.0000i      0.0000i      0.0000i      0.0000       0.0000 
       0.0000      47.2961      79.4527     110.2443     138.0901     164.2384 
     203.5329     227.2772     286.9078     291.5918     309.4252     347.2837 
     431.9288     486.1455     653.5405     697.3768     764.6556     829.8606 
     866.6481     917.1019     940.2995     989.4953    1056.1387    1076.1216 
    1085.8668    1124.8579    1163.8290    1175.4403    1189.8651    1223.2555 
    1254.0922    1263.2310    1276.3890    1333.1095    1354.3039    1379.6675 
    1401.8496    1408.1697    1454.5618    1460.3796    1463.1416    1465.7060 
    1474.5896    1477.5634    1481.7705    1805.1578    2996.5663    3002.8952 
    3014.4816    3028.1240    3040.2303    3068.5654    3078.6569    3091.7595 
    3093.7879    3112.4777    3146.6016 
   Torsion-projected frequencies/non-torsional frequencies (cm-1)
    1454.4495i    202.6509     245.6378     290.0300     307.3378     345.6061 
     431.0738     484.6866     653.3380     696.6818     764.1033     829.8076 
     866.5720     917.0861     940.2007     989.3755    1056.1021    1076.1009 
    1085.8614    1124.8303    1163.5375    1175.4314    1189.8647    1223.2495 
    1254.0633    1263.2187    1276.3564    1333.0963    1354.2938    1379.6598 
    1401.8468    1408.1664    1454.5566    1460.3778    1463.0592    1465.6950 
    1474.5609    1477.5633    1481.7668    1805.1561    2996.5660    3002.8927 
    3014.4814    3028.1240    3040.2302    3068.5652    3078.6533    3091.7589 
    3093.7873    3112.4686    3146.6016 
   Product of consistently coupled torsional frequencies (in cm-1^ntor)  2.5683E+12
   Primitively coupled torsional frequencies (cm-1) (Not used)
      52.3516      83.2183     121.6182     140.9459     177.7963     273.2392 
   Product of primitively coupled torsional frequencies (in cm-1^ntor)   3.6280E+12
   Effective coupled torsional barrier (kcal/mol)
        1.097        3.051        4.055        6.673        9.620       12.430 

   D matrix: 
   m-n        1             2             3             4             5
    1   2.195874E+01  8.492815E+00  1.208837E+01 -2.125443E+00  1.786964E+00
    2   8.492815E+00  4.448277E+01  1.094154E+01  7.871837E+00  3.689246E-01
    3   1.208837E+01  1.094154E+01  4.221940E+01 -1.131595E+01 -6.413369E-01
    4  -2.125443E+00  7.871837E+00 -1.131595E+01  1.818143E+01  1.379596E-01
    5   1.786964E+00  3.689246E-01 -6.413369E-01  1.379596E-01  3.079473E+00
    6   7.458592E-01  1.380268E+00  2.306555E+00  1.544650E+00 -3.413217E-02
   m-n        6
    1   7.458592E-01
    2   1.380268E+00
    3   2.306555E+00
    4   1.544650E+00
    5  -3.413217E-02
    6   3.124154E+00

   Eigenvalues of D matrix:
     6.0249E+01    4.0876E+01    1.6296E+01    1.0266E+01    2.8161E+00    2.5437E+00
   Determinant of D matrix  2.245713E+029

          Uncoupled force constants (au), Pitzer moment of inertia (amu A^2),
   uncoupled torsional frequencies (cm-1), and uncoupled torsional barrier (kcal/mol)
   --------------------------------------------------------------------------------
   Torsion               1             2             3             4             5
   Force constant   2.98270E-02  5.07069E-02  2.01245E-02  4.34804E-02  2.90337E-02
   Moment          21.959       44.483       42.219       18.181        3.079
   Tor. Freq.       100.255       91.842       59.390      133.026      264.130
   Rot. barrier       6.570       11.170        4.433        9.578        4.049
   M_j,tau            2.387        2.387        2.387        2.387        3.000

   Torsion               6
   Force constant   8.08058E-03
   Moment           3.124
   Tor. Freq.       138.344
   Rot. barrier       1.127
   M_j,tau            3.000
   --------------------------------------------------------------------------------
   Potential Energy =   0.795 kcal/mol
   Weight =  1
   Overall rotational symmetry number =   1

                           ==========================
                                Structure   5
                           ==========================

   Normal-mode Frequencies (cm-1) 
   (Overall translation and rotation projected out)
    1466.8692i      0.0000i      0.0000i      0.0000       0.0000       0.0000 
       0.0000      32.0359      61.2346      97.6880     130.7415     144.4276 
     175.6498     236.5394     271.1333     299.4149     312.9786     337.7518 
     413.4119     464.9456     679.8025     710.2429     750.8867     813.2375 
     879.0580     913.3469     945.7175     990.2479    1057.7078    1081.3454 
    1092.9508    1124.2272    1163.8652    1174.5368    1189.3142    1222.3401 
    1243.2493    1249.6388    1280.7020    1333.6634    1352.2447    1377.4140 
    1398.2862    1413.3464    1452.8989    1462.7238    1463.1015    1465.9980 
    1476.2967    1477.6679    1483.2983    1805.7931    2982.1471    3000.7150 
    3005.0696    3027.9442    3047.0780    3066.9268    3078.4202    3085.3242 
    3110.4882    3112.2095    3146.3857 
   Torsion-projected frequencies/non-torsional frequencies (cm-1)
    1466.8663i    172.0415     254.6407     298.0570     309.0324     334.7237 
     412.7028     463.8159     679.1867     709.9461     750.4904     812.9331 
     879.0430     913.3076     945.6744     990.1110    1057.6330    1081.3324 
    1092.9459    1124.2174    1163.5772    1174.5242    1189.3063    1222.3329 
    1243.2015    1249.6050    1280.6566    1333.6542    1352.2419    1377.4039 
    1398.2849    1413.3394    1452.8759    1462.7136    1463.0200    1465.9960 
    1476.2882    1477.6677    1483.2902    1805.7928    2982.1467    3000.7130 
    3005.0693    3027.9442    3047.0778    3066.9263    3078.4195    3085.3236 
    3110.4836    3112.2006    3146.3857 
   Product of consistently coupled torsional frequencies (in cm-1^ntor)  9.6214E+11
   Primitively coupled torsional frequencies (cm-1) (Not used)
      34.9252      64.2734     116.7172     138.2062     178.3199     244.6760 
   Product of primitively coupled torsional frequencies (in cm-1^ntor)   1.5799E+12
   Effective coupled torsional barrier (kcal/mol)
        1.092        1.344        2.587        2.796        5.886        8.489 

   D matrix: 
   m-n        1             2             3             4             5
    1   1.904714E+01  8.514118E+00  1.018645E+01  6.189580E-01  1.279245E+00
    2   8.514118E+00  3.536725E+01  4.528754E+00  8.633246E+00 -4.652465E-01
    3   1.018645E+01  4.528754E+00  2.704511E+01 -7.784316E+00  9.112840E-01
    4   6.189580E-01  8.633246E+00 -7.784316E+00  1.734234E+01 -3.861031E-01
    5   1.279245E+00 -4.652465E-01  9.112840E-01 -3.861031E-01  3.078186E+00
    6   7.530700E-01  9.478212E-01  1.450167E+00  1.739231E+00  3.903112E-02
   m-n        6
    1   7.530700E-01
    2   9.478212E-01
    3   1.450167E+00
    4   1.739231E+00
    5   3.903112E-02
    6   3.075094E+00

   Eigenvalues of D matrix:
     4.4127E+01    3.3858E+01    1.2793E+01    8.7159E+00    2.9297E+00    2.5313E+00
   Determinant of D matrix  9.401057E+028

          Uncoupled force constants (au), Pitzer moment of inertia (amu A^2),
   uncoupled torsional frequencies (cm-1), and uncoupled torsional barrier (kcal/mol)
   --------------------------------------------------------------------------------
   Torsion               1             2             3             4             5
   Force constant   2.25277E-02  1.31149E-02  1.36673E-02  4.32052E-02  2.15850E-02
   Moment          19.047       35.367       27.045       17.342        3.078
   Tor. Freq.        93.551       52.383       61.151      135.775      227.790
   Rot. barrier       4.399        2.561        2.669        8.436        3.010
   M_j,tau            2.535        2.535        2.535        2.535        3.000

   Torsion               6
   Force constant   8.04652E-03
   Moment           3.075
   Tor. Freq.       139.149
   Rot. barrier       1.122
   M_j,tau            3.000
   --------------------------------------------------------------------------------
   Potential Energy =   0.846 kcal/mol
   Weight =  1
   Overall rotational symmetry number =   1

                           ==========================
                                Structure   6
                           ==========================

   Normal-mode Frequencies (cm-1) 
   (Overall translation and rotation projected out)
    1462.1054i      0.0000i      0.0000i      0.0000       0.0000       0.0000 
       0.0001      52.0375      68.3470      90.5679     139.1977     167.7843 
     189.9008     212.6252     244.3947     283.6219     311.5001     337.1040 
     420.2964     535.0289     622.1337     697.9881     741.5090     849.9903 
     860.1255     886.8198     936.7575    1013.3316    1052.0421    1076.5582 
    1102.5062    1131.4970    1164.3302    1174.5296    1195.9786    1239.5315 
    1246.6762    1274.6439    1304.5679    1311.6084    1353.7893    1376.4828 
    1393.5761    1397.1997    1452.8550    1462.7406    1463.1544    1467.4726 
    1474.4942    1477.5321    1480.8428    1805.5888    3000.0909    3001.0201 
    3012.5721    3028.2392    3039.5097    3066.6771    3080.5373    3086.4902 
    3109.8855    3112.8810    3145.8134 
   Torsion-projected frequencies/non-torsional frequencies (cm-1)
    1462.0999i    187.1980     213.5059     280.8803     311.0548     336.5120 
     418.6402     534.7444     621.8389     696.8326     740.5016     849.9795 
     860.0789     886.8005     936.6826    1013.3048    1052.0400    1076.5511 
    1102.4933    1131.4855    1164.0371    1174.5063    1195.9771    1239.4895 
    1246.6440    1274.6377    1304.5186    1311.5914    1353.7855    1376.4764 
    1393.5751    1397.1942    1452.8547    1462.6626    1463.1479    1467.4668 
    1474.4937    1477.5320    1480.8407    1805.5887    3000.0904    3001.0201 
    3012.5720    3028.2392    3039.5074    3066.6752    3080.5359    3086.4902 
    3109.8845    3112.8717    3145.8134 
   Product of consistently coupled torsional frequencies (in cm-1^ntor)  1.8979E+12
   Primitively coupled torsional frequencies (cm-1) (Not used)
      55.0088      90.5211      93.9365     142.7523     180.6480     244.4101 
   Product of primitively coupled torsional frequencies (in cm-1^ntor)   2.9482E+12
   Effective coupled torsional barrier (kcal/mol)
        1.134        2.801        3.779        6.232        8.800       11.569 

   D matrix: 
   m-n        1             2             3             4             5
    1   2.281906E+01 -5.044350E+00 -7.703300E+00  4.236026E+00  1.311541E+00
    2  -5.044350E+00  2.961696E+01  1.839462E+01 -1.047989E+01  2.559966E+00
    3  -7.703300E+00  1.839462E+01  3.891657E+01 -7.606835E+00  1.074999E+00
    4   4.236026E+00 -1.047989E+01 -7.606835E+00  1.640315E+01 -6.099674E-01
    5   1.311541E+00  2.559966E+00  1.074999E+00 -6.099674E-01  3.061039E+00
    6  -2.188518E-01  5.690168E-01  2.253772E+00  1.711562E+00  3.902950E-02
   m-n        6
    1  -2.188518E-01
    2   5.690168E-01
    3   2.253772E+00
    4   1.711562E+00
    5   3.902950E-02
    6   3.128699E+00

   Eigenvalues of D matrix:
     5.9898E+01    2.0626E+01    1.7971E+01    1.0235E+01    2.6488E+00    2.5668E+00
   Determinant of D matrix  1.175632E+029

          Uncoupled force constants (au), Pitzer moment of inertia (amu A^2),
   uncoupled torsional frequencies (cm-1), and uncoupled torsional barrier (kcal/mol)
   --------------------------------------------------------------------------------
   Torsion               1             2             3             4             5
   Force constant   2.33308E-02  3.03989E-02  1.75203E-02  4.38240E-02  2.06704E-02
   Moment          22.819       29.617       38.917       16.403        3.061
   Tor. Freq.        86.980       87.149       57.718      140.604      223.535
   Rot. barrier       6.136        7.995        4.608       11.527        2.882
   M_j,tau            2.184        2.184        2.184        2.184        3.000

   Torsion               6
   Force constant   8.35697E-03
   Moment           3.129
   Tor. Freq.       140.588
   Rot. barrier       1.165
   M_j,tau            3.000
   --------------------------------------------------------------------------------
   Potential Energy =   0.880 kcal/mol
   Weight =  1
   Overall rotational symmetry number =   1

                           ==========================
                                Structure   7
                           ==========================

   Normal-mode Frequencies (cm-1) 
   (Overall translation and rotation projected out)
    1473.5790i      0.0000i      0.0000i      0.0000       0.0000       0.0000 
       0.0000      48.5188      67.0285     108.8462     135.3868     158.9403 
     198.5332     226.2230     241.9538     290.1958     300.7922     339.5131 
     378.5464     557.2177     655.4206     683.6502     733.2022     842.4894 
     848.7562     908.7833     940.4948    1020.4771    1056.6434    1073.2437 
    1083.3201    1125.3183    1163.5975    1167.8707    1192.4775    1232.2940 
    1241.0817    1255.5092    1291.2386    1306.5447    1378.0962    1386.8923 
    1395.6713    1411.3322    1444.3108    1461.5674    1463.4409    1470.8405 
    1475.4028    1477.7981    1481.6921    1803.7906    2987.1720    2998.4047 
    3008.3357    3027.9542    3040.9158    3064.5506    3085.0807    3087.0954 
    3100.2117    3112.1098    3146.5519 
   Torsion-projected frequencies/non-torsional frequencies (cm-1)
    1473.5603i    193.6955     226.3011     288.6109     298.9339     338.6122 
     376.7889     557.1121     654.7923     682.7737     731.9083     842.4056 
     848.7306     908.7470     940.4851    1020.4685    1056.6393    1073.2229 
    1083.3110    1125.3083    1163.3446    1167.8424    1192.4759    1232.2759 
    1241.0675    1255.4934    1291.2187    1306.4950    1378.0859    1386.8899 
    1395.6694    1411.3287    1444.2944    1461.5653    1463.3617    1470.8358 
    1475.4020    1477.7979    1481.6900    1803.7896    2987.1711    2998.4046 
    3008.3341    3027.9542    3040.9142    3064.5450    3085.0791    3087.0841 
    3100.2108    3112.1009    3146.5519 
   Product of consistently coupled torsional frequencies (in cm-1^ntor)  1.9339E+12
   Primitively coupled torsional frequencies (cm-1) (Not used)
      51.3112      81.5099     112.7641     139.1772     175.0603     246.0356 
   Product of primitively coupled torsional frequencies (in cm-1^ntor)   2.8271E+12
   Effective coupled torsional barrier (kcal/mol)
        1.084        2.694        2.903        4.483        9.152       10.104 

   D matrix: 
   m-n        1             2             3             4             5
    1   2.260356E+01 -3.010625E+00 -4.123415E+00  1.324541E+00  1.319320E+00
    2  -3.010625E+00  2.380767E+01  8.662309E+00  2.263319E+00  2.249391E+00
    3  -4.123415E+00  8.662309E+00  4.304473E+01 -1.277704E+01  4.899816E-01
    4   1.324541E+00  2.263319E+00 -1.277704E+01  1.670083E+01  4.694021E-01
    5   1.319320E+00  2.249391E+00  4.899816E-01  4.694021E-01  3.021702E+00
    6  -2.297404E-01  8.273736E-01  2.290185E+00  1.343987E+00  6.883301E-02
   m-n        6
    1  -2.297404E-01
    2   8.273736E-01
    3   2.290185E+00
    4   1.343987E+00
    5   6.883301E-02
    6   3.110064E+00

   Eigenvalues of D matrix:
     5.1186E+01    2.4952E+01    2.1194E+01    9.7801E+00    2.6442E+00    2.5316E+00
   Determinant of D matrix  1.348548E+029

          Uncoupled force constants (au), Pitzer moment of inertia (amu A^2),
   uncoupled torsional frequencies (cm-1), and uncoupled torsional barrier (kcal/mol)
   --------------------------------------------------------------------------------
   Torsion               1             2             3             4             5
   Force constant   2.11623E-02  4.28886E-02  1.70508E-02  4.22509E-02  2.09071E-02
   Moment          22.604       23.808       43.045       16.701        3.022
   Tor. Freq.        83.233      115.456       54.140      136.821      226.270
   Rot. barrier       4.528        9.177        3.648        9.040        2.915
   M_j,tau            2.422        2.422        2.422        2.422        3.000

   Torsion               6
   Force constant   7.98481E-03
   Moment           3.110
   Tor. Freq.       137.833
   Rot. barrier       1.113
   M_j,tau            3.000
   --------------------------------------------------------------------------------
   Potential Energy =   0.913 kcal/mol
   Weight =  1
   Overall rotational symmetry number =   1

       List of zero-point inclusive energy (kcal/mol) for each structure
      ------------------------------------------------------------------
        Structure            Energy (T = 0 K)
      ------------------------------------------------------------------
          1                    107.50
          2                    107.65
          3                    108.21
          4                    108.45
          5                    108.30
          6                    108.42
          7                    108.39
      ZPE of the system =      107.50


     Note: The following SS-HO and SS-T include the Rot. P.F. and Boltzmann factor,
           but are calculated with weight = 1 for each structure. Weights are
           counted in MS partition functions. Zero of energy is set to the potential
           energy of global minimum.

            Partition function of structure    1
     ================================================================
          T(K)      Rot.          SS-HO           SS-T     SS-T/SS-HO
        100.00    8.9061E+004   6.7812E-230   5.4315E-230    0.801
        125.00    1.2447E+005   1.9336E-182   1.6048E-182    0.830
        200.00    2.5190E+005   1.1244E-110   1.0326E-110    0.918
        298.15    4.5850E+005   1.6169E-070   1.6532E-070    1.022
        300.00    4.6278E+005   5.2629E-070   5.3906E-070    1.024
        500.00    9.9574E+005   5.7657E-036   6.8749E-036    1.192
        750.00    1.8293E+006   3.4705E-017   4.5817E-017    1.320
       1000.00    2.8164E+006   1.7364E-006   2.3683E-006    1.364
       1100.00    3.2492E+006   2.8573E-003   3.8924E-003    1.362
       1150.00    3.4732E+006   8.1495E-002   1.1068E-001    1.358
       1200.00    3.7022E+006   1.9057E+000   2.5765E+000    1.352
       1250.00    3.9360E+006   3.7340E+001   5.0188E+001    1.344
       1300.00    4.1745E+006   6.2454E+002   8.3348E+002    1.335
       1350.00    4.4176E+006   9.0594E+003   1.1990E+004    1.324
       1400.00    4.6653E+006   1.1554E+005   1.5150E+005    1.311
       1450.00    4.9175E+006   1.3109E+006   1.7012E+006    1.298
       1500.00    5.1740E+006   1.3370E+007   1.7157E+007    1.283
       1550.00    5.4348E+006   1.2368E+008   1.5681E+008    1.268
       1600.00    5.6999E+006   1.0461E+009   1.3094E+009    1.252
       1650.00    5.9692E+006   8.1465E+009   1.0060E+010    1.235
       1700.00    6.2426E+006   5.8780E+010   7.1563E+010    1.217
       1800.00    6.8014E+006   2.4873E+012   2.9384E+012    1.181
       1900.00    7.3760E+006   8.2335E+013   9.4194E+013    1.144
       2000.00    7.9659E+006   2.1990E+015   2.4322E+015    1.106
       2500.00    1.1133E+007   2.5479E+021   2.3409E+021    0.919

            Partition function of structure    2
     ================================================================
          T(K)      Rot.          SS-HO           SS-T     SS-T/SS-HO
        100.00    8.8826E+004   3.5419E-230   2.9284E-230    0.827
        125.00    1.2414E+005   1.2159E-182   1.0475E-182    0.861
        200.00    2.5124E+005   9.5027E-111   9.2525E-111    0.974
        298.15    4.5729E+005   1.6269E-070   1.8223E-070    1.120
        300.00    4.6155E+005   5.3073E-070   5.9589E-070    1.123
        500.00    9.9311E+005   6.7423E-036   9.1782E-036    1.361
        750.00    1.8245E+006   4.3794E-017   6.5318E-017    1.491
       1000.00    2.8089E+006   2.2785E-006   3.3593E-006    1.474
       1100.00    3.2406E+006   3.7902E-003   5.4657E-003    1.442
       1150.00    3.4641E+006   1.0862E-001   1.5450E-001    1.422
       1200.00    3.6924E+006   2.5511E+000   3.5737E+000    1.401
       1250.00    3.9256E+006   5.0189E+001   6.9150E+001    1.378
       1300.00    4.1635E+006   8.4263E+002   1.1405E+003    1.353
       1350.00    4.4060E+006   1.2266E+004   1.6291E+004    1.328
       1400.00    4.6530E+006   1.5694E+005   2.0436E+005    1.302
       1450.00    4.9045E+006   1.7862E+006   2.2783E+006    1.276
       1500.00    5.1603E+006   1.8269E+007   2.2810E+007    1.249
       1550.00    5.4205E+006   1.6946E+008   2.0698E+008    1.221
       1600.00    5.6849E+006   1.4370E+009   1.7158E+009    1.194
       1650.00    5.9534E+006   1.1217E+010   1.3088E+010    1.167
       1700.00    6.2261E+006   8.1121E+010   9.2446E+010    1.140
       1800.00    6.7834E+006   3.4471E+012   3.7433E+012    1.086
       1900.00    7.3565E+006   1.1454E+014   1.1839E+014    1.034
       2000.00    7.9448E+006   3.0695E+015   3.0172E+015    0.983
       2500.00    1.1103E+007   3.6040E+021   2.7406E+021    0.760

            Partition function of structure    3
     ================================================================
          T(K)      Rot.          SS-HO           SS-T     SS-T/SS-HO
        100.00    8.6927E+004   2.0346E-231   1.7105E-231    0.841
        125.00    1.2148E+005   1.1817E-183   1.0303E-183    0.872
        200.00    2.4587E+005   1.9557E-111   1.8946E-111    0.969
        298.15    4.4751E+005   4.9131E-071   5.3317E-071    1.085
        300.00    4.5168E+005   1.6103E-070   1.7508E-070    1.087
        500.00    9.7187E+005   2.7491E-036   3.4832E-036    1.267
        750.00    1.7854E+006   2.0629E-017   2.8576E-017    1.385
       1000.00    2.7489E+006   1.1523E-006   1.6272E-006    1.412
       1100.00    3.1713E+006   1.9538E-003   2.7438E-003    1.404
       1150.00    3.3900E+006   5.6456E-002   7.8886E-002    1.397
       1200.00    3.6135E+006   1.3360E+000   1.8550E+000    1.388
       1250.00    3.8417E+006   2.6466E+001   3.6471E+001    1.378
       1300.00    4.0744E+006   4.4717E+002   6.1088E+002    1.366
       1350.00    4.3118E+006   6.5475E+003   8.8581E+003    1.353
       1400.00    4.5535E+006   8.4231E+004   1.1275E+005    1.339
       1450.00    4.7996E+006   9.6345E+005   1.2748E+006    1.323
       1500.00    5.0500E+006   9.9004E+006   1.2939E+007    1.307
       1550.00    5.3046E+006   9.2234E+007   1.1897E+008    1.290
       1600.00    5.5633E+006   7.8527E+008   9.9900E+008    1.272
       1650.00    5.8261E+006   6.1534E+009   7.7159E+009    1.254
       1700.00    6.0929E+006   4.4658E+010   5.5164E+010    1.235
       1800.00    6.6384E+006   1.9100E+012   2.2860E+012    1.197
       1900.00    7.1992E+006   6.3830E+013   7.3887E+013    1.158
       2000.00    7.7750E+006   1.7194E+015   1.9221E+015    1.118
       2500.00    1.0866E+007   2.0579E+021   1.9041E+021    0.925

            Partition function of structure    4
     ================================================================
          T(K)      Rot.          SS-HO           SS-T     SS-T/SS-HO
        100.00    8.1702E+004   4.4074E-232   3.4729E-232    0.788
        125.00    1.1418E+005   3.1294E-184   2.5473E-184    0.814
        200.00    2.3109E+005   6.8947E-112   6.1473E-112    0.892
        298.15    4.2062E+005   2.0062E-071   1.9610E-071    0.977
        300.00    4.2454E+005   6.5875E-071   6.4485E-071    0.979
        500.00    9.1346E+005   1.2567E-036   1.3920E-036    1.108
        750.00    1.6781E+006   9.9319E-018   1.1955E-017    1.204
       1000.00    2.5836E+006   5.6885E-007   7.0724E-007    1.243
       1100.00    2.9807E+006   9.7108E-004   1.2108E-003    1.247
       1150.00    3.1862E+006   2.8143E-002   3.5081E-002    1.247
       1200.00    3.3963E+006   6.6778E-001   8.3130E-001    1.245
       1250.00    3.6108E+006   1.3262E+001   1.6471E+001    1.242
       1300.00    3.8295E+006   2.2459E+002   2.7802E+002    1.238
       1350.00    4.0526E+006   3.2954E+003   4.0628E+003    1.233
       1400.00    4.2798E+006   4.2479E+004   5.2113E+004    1.227
       1450.00    4.5111E+006   4.8678E+005   5.9379E+005    1.220
       1500.00    4.7465E+006   5.0108E+006   6.0734E+006    1.212
       1550.00    4.9857E+006   4.6757E+007   5.6274E+007    1.204
       1600.00    5.2289E+006   3.9869E+008   4.7617E+008    1.194
       1650.00    5.4759E+006   3.1286E+009   3.7058E+009    1.184
       1700.00    5.7267E+006   2.2737E+010   2.6694E+010    1.174
       1800.00    6.2394E+006   9.7485E+011   1.1228E+012    1.152
       1900.00    6.7665E+006   3.2652E+013   3.6824E+013    1.128
       2000.00    7.3076E+006   8.8133E+014   9.7171E+014    1.103
       2500.00    1.0213E+007   1.0630E+021   1.0279E+021    0.967

            Partition function of structure    5
     ================================================================
          T(K)      Rot.          SS-HO           SS-T     SS-T/SS-HO
        100.00    9.1109E+004   1.8479E-231   1.3218E-231    0.715
        125.00    1.2733E+005   1.2205E-183   9.1834E-184    0.752
        200.00    2.5769E+005   2.4880E-111   2.1701E-111    0.872
        298.15    4.6904E+005   7.0818E-071   7.1555E-071    1.010
        300.00    4.7342E+005   2.3249E-070   2.3543E-070    1.013
        500.00    1.0186E+006   4.4135E-036   5.1643E-036    1.170
        750.00    1.8713E+006   3.4962E-017   4.1619E-017    1.190
       1000.00    2.8811E+006   2.0077E-006   2.2392E-006    1.115
       1100.00    3.3239E+006   3.4303E-003   3.6824E-003    1.073
       1150.00    3.5531E+006   9.9456E-002   1.0456E-001    1.051
       1200.00    3.7873E+006   2.3609E+000   2.4283E+000    1.029
       1250.00    4.0265E+006   4.6904E+001   4.7159E+001    1.005
       1300.00    4.2705E+006   7.9460E+002   7.8038E+002    0.982
       1350.00    4.5192E+006   1.1664E+004   1.1182E+004    0.959
       1400.00    4.7726E+006   1.5040E+005   1.4066E+005    0.935
       1450.00    5.0305E+006   1.7240E+006   1.5722E+006    0.912
       1500.00    5.2929E+006   1.7752E+007   1.5779E+007    0.889
       1550.00    5.5598E+006   1.6570E+008   1.4350E+008    0.866
       1600.00    5.8310E+006   1.4133E+009   1.1921E+009    0.843
       1650.00    6.1064E+006   1.1093E+010   9.1113E+009    0.821
       1700.00    6.3861E+006   8.0639E+010   6.4476E+010    0.800
       1800.00    6.9578E+006   3.4591E+012   2.6197E+012    0.757
       1900.00    7.5455E+006   1.1591E+014   8.3104E+013    0.717
       2000.00    8.1490E+006   3.1300E+015   2.1238E+015    0.679
       2500.00    1.1389E+007   3.7818E+021   1.9496E+021    0.516

            Partition function of structure    6
     ================================================================
          T(K)      Rot.          SS-HO           SS-T     SS-T/SS-HO
        100.00    9.2778E+004   6.6924E-232   4.8035E-232    0.718
        125.00    1.2966E+005   4.8140E-184   3.5714E-184    0.742
        200.00    2.6242E+005   1.1144E-111   9.0947E-112    0.816
        298.15    4.7763E+005   3.4018E-071   3.0703E-071    0.903
        300.00    4.8209E+005   1.1178E-070   1.0105E-070    0.904
        500.00    1.0373E+006   2.2463E-036   2.3287E-036    1.037
        750.00    1.9056E+006   1.8293E-017   2.0704E-017    1.132
       1000.00    2.9339E+006   1.0642E-006   1.2414E-006    1.166
       1100.00    3.3848E+006   1.8245E-003   2.1303E-003    1.168
       1150.00    3.6182E+006   5.2974E-002   6.1765E-002    1.166
       1200.00    3.8567E+006   1.2591E+000   1.4643E+000    1.163
       1250.00    4.1002E+006   2.5045E+001   2.9021E+001    1.159
       1300.00    4.3487E+006   4.2475E+002   4.8990E+002    1.153
       1350.00    4.6020E+006   6.2409E+003   7.1583E+003    1.147
       1400.00    4.8600E+006   8.0546E+004   9.1795E+004    1.140
       1450.00    5.1227E+006   9.2407E+005   1.0456E+006    1.131
       1500.00    5.3899E+006   9.5224E+006   1.0689E+007    1.122
       1550.00    5.6616E+006   8.8947E+007   9.8978E+007    1.113
       1600.00    5.9378E+006   7.5915E+008   8.3693E+008    1.102
       1650.00    6.2183E+006   5.9625E+009   6.5083E+009    1.092
       1700.00    6.5031E+006   4.3367E+010   4.6842E+010    1.080
       1800.00    7.0852E+006   1.8622E+012   1.9665E+012    1.056
       1900.00    7.6838E+006   6.2459E+013   6.4361E+013    1.030
       2000.00    8.2983E+006   1.6880E+015   1.6946E+015    1.004
       2500.00    1.1597E+007   2.0454E+021   1.7711E+021    0.866

            Partition function of structure    7
     ================================================================
          T(K)      Rot.          SS-HO           SS-T     SS-T/SS-HO
        100.00    8.5530E+004   6.9497E-232   5.3678E-232    0.772
        125.00    1.1953E+005   4.8276E-184   3.8681E-184    0.801
        200.00    2.4191E+005   1.0603E-111   9.4421E-112    0.891
        298.15    4.4032E+005   3.1469E-071   3.1412E-071    0.998
        300.00    4.4443E+005   1.0336E-070   1.0337E-070    1.000
        500.00    9.5625E+005   2.0340E-036   2.3732E-036    1.167
        750.00    1.7567E+006   1.6424E-017   2.0792E-017    1.266
       1000.00    2.7047E+006   9.5244E-007   1.2149E-006    1.276
       1100.00    3.1204E+006   1.6318E-003   2.0613E-003    1.263
       1150.00    3.3355E+006   4.7368E-002   5.9424E-002    1.255
       1200.00    3.5554E+006   1.1256E+000   1.4008E+000    1.244
       1250.00    3.7799E+006   2.2386E+001   2.7604E+001    1.233
       1300.00    4.0090E+006   3.7960E+002   4.6336E+002    1.221
       1350.00    4.2425E+006   5.5768E+003   6.7328E+003    1.207
       1400.00    4.4803E+006   7.1967E+004   8.5864E+004    1.193
       1450.00    4.7225E+006   8.2559E+005   9.7270E+005    1.178
       1500.00    4.9688E+006   8.5070E+006   9.8909E+006    1.163
       1550.00    5.2193E+006   7.9458E+007   9.1111E+007    1.147
       1600.00    5.4739E+006   6.7814E+008   7.6644E+008    1.130
       1650.00    5.7325E+006   5.3261E+009   5.9301E+009    1.113
       1700.00    5.9950E+006   3.8737E+010   4.2469E+010    1.096
       1800.00    6.5317E+006   1.6634E+012   1.7659E+012    1.062
       1900.00    7.0835E+006   5.5790E+013   5.7265E+013    1.026
       2000.00    7.6500E+006   1.5077E+015   1.4945E+015    0.991
       2500.00    1.0691E+007   1.8274E+021   1.5028E+021    0.822

     ================================================================
              Partition Functions Including All Structures
        -----------------------------------------------------------
        Zero of energy is set to potential energy of global minimum
        -----------------------------------------------------------
        T(K)    Elec.        Trans.              Con-rovib
                                            MS-LH    or     MS-T
        100.00  2.0000E+000  3.2877E+006  1.0892E-229  8.7995E-230
        125.00  2.0000E+000  5.7434E+006  3.5175E-182  2.9470E-182
        200.00  2.0000E+000  1.8598E+007  2.8055E-110  2.6112E-110
        298.15  2.0000E+000  5.0464E+007  5.2987E-070  5.5414E-070
        300.00  2.0000E+000  5.1250E+007  1.7316E-069  1.8144E-069
        500.00  2.0000E+000  1.8379E+008  2.5208E-035  3.0794E-035
        750.00  2.0000E+000  5.0646E+008  1.7874E-016  2.3478E-016
       1000.00  2.0000E+000  1.0397E+009  9.7604E-006  1.2757E-005
       1100.00  2.0000E+000  1.3194E+009  1.6459E-002  2.1187E-002
       1150.00  2.0000E+000  1.4745E+009  4.7451E-001  6.0489E-001
       1200.00  2.0000E+000  1.6400E+009  1.1206E+001  1.4130E+001
       1250.00  2.0000E+000  1.8162E+009  2.2159E+002  2.7606E+002
       1300.00  2.0000E+000  2.0033E+009  3.7379E+003  4.5965E+003
       1350.00  2.0000E+000  2.2015E+009  5.4650E+004  6.6275E+004
       1400.00  2.0000E+000  2.4111E+009  7.0210E+005  8.3904E+005
       1450.00  2.0000E+000  2.6322E+009  8.0210E+006  9.4386E+006
       1500.00  2.0000E+000  2.8650E+009  8.2332E+007  9.5338E+007
       1550.00  2.0000E+000  3.1097E+009  7.6624E+008  8.7262E+008
       1600.00  2.0000E+000  3.3666E+009  6.5176E+009  7.2958E+009
       1650.00  2.0000E+000  3.6358E+009  5.1028E+010  5.6119E+010
       1700.00  2.0000E+000  3.9175E+009  3.7004E+011  3.9965E+011
       1800.00  2.0000E+000  4.5193E+009  1.5804E+013  1.6443E+013
       1900.00  2.0000E+000  5.1734E+009  5.2752E+014  5.2802E+014
       2000.00  2.0000E+000  5.8812E+009  1.4195E+016  1.3656E+016
       2500.00  2.0000E+000  1.0274E+010  1.6927E+022  1.3237E+022

             Total Partition Function (E + T + Con-rovib)
             ---------------------------------------------
                T(K)     E + T + MS-LH     E + T + MS-T
                100.00     7.1618E-223       5.7860E-223
                125.00     4.0404E-175       3.3852E-175
                200.00     1.0435E-102       9.7126E-103
                298.15     5.3478E-062       5.5928E-062
                300.00     1.7749E-061       1.8597E-061
                500.00     9.2657E-027       1.1319E-026
                750.00     1.8105E-007       2.3781E-007
               1000.00     2.0295E+004       2.6527E+004
               1100.00     4.3432E+007       5.5907E+007
               1150.00     1.3993E+009       1.7838E+009
               1200.00     3.6756E+010       4.6346E+010
               1250.00     8.0492E+011       1.0028E+012
               1300.00     1.4976E+013       1.8417E+013
               1350.00     2.4063E+014       2.9182E+014
               1400.00     3.3856E+015       4.0460E+015
               1450.00     4.2225E+016       4.9688E+016
               1500.00     4.7176E+017       5.4628E+017
               1550.00     4.7656E+018       5.4272E+018
               1600.00     4.3884E+019       4.9124E+019
               1650.00     3.7105E+020       4.0808E+020
               1700.00     2.8993E+021       3.1313E+021
               1800.00     1.4285E+023       1.4862E+023
               1900.00     5.4581E+024       5.4633E+024
               2000.00     1.6697E+026       1.6063E+026
               2500.00     3.4783E+032       2.7199E+032

     ================================================================
              Partition Functions Including All Structures
        -----------------------------------------------------------
                    Zero of energy is set to ZPE
        -----------------------------------------------------------
        T(K)             Con-rovib                Total
                   MS-LH        MS-T       E+T+MS-LH    E+T+MS-T
        100.00  9.1936E+005  7.4275E+005  6.0451E+012  4.8839E+012
        125.00  3.0714E+006  2.5733E+006  3.5280E+013  2.9559E+013
        200.00  8.1507E+007  7.5863E+007  3.0317E+015  2.8218E+015
        298.15  3.3027E+009  3.4539E+009  3.3333E+017  3.4860E+017
        300.00  3.5256E+009  3.6942E+009  3.6137E+017  3.7866E+017
        500.00  2.4367E+012  2.9768E+012  8.9568E+020  1.0942E+021
        750.00  3.7648E+015  4.9451E+015  3.8134E+024  5.0090E+024
       1000.00  3.0346E+018  3.9664E+018  6.3100E+027  8.2475E+027
       1100.00  3.7441E+019  4.8196E+019  9.8798E+028  1.2718E+029
       1150.00  1.2724E+020  1.6220E+020  3.7522E+029  4.7833E+029
       1200.00  4.2331E+020  5.3375E+020  1.3884E+030  1.7507E+030
       1250.00  1.3793E+021  1.7184E+021  5.0103E+030  6.2419E+030
       1300.00  4.4044E+021  5.4161E+021  1.7647E+031  2.1700E+031
       1350.00  1.3789E+022  1.6723E+022  6.0715E+031  7.3631E+031
       1400.00  4.2350E+022  5.0610E+022  2.0422E+032  2.4405E+032
       1450.00  1.2766E+023  1.5022E+023  6.7203E+032  7.9080E+032
       1500.00  3.7786E+023  4.3755E+023  2.1651E+033  2.5071E+033
       1550.00  1.0988E+024  1.2513E+024  6.8337E+033  7.7824E+033
       1600.00  3.1404E+024  3.5154E+024  2.1145E+034  2.3670E+034
       1650.00  8.8261E+024  9.7068E+024  6.4180E+034  7.0584E+034
       1700.00  2.4403E+025  2.6356E+025  1.9120E+035  2.0650E+035
       1800.00  1.7792E+026  1.8511E+026  1.6082E+036  1.6732E+036
       1900.00  1.2212E+027  1.2224E+027  1.2635E+037  1.2647E+037
       2000.00  7.9151E+027  7.6146E+027  9.3101E+037  8.9566E+037
       2500.00  4.2232E+031  3.3025E+031  8.6779E+041  6.7860E+041
     ================================================================

                     ==============================
                          Thermodynamic Functions
                      (Ideal gas at standard state)
                     ==============================
     T  - Temperature (Kelvin)        G  - Gibbs Free Energy (kcal/mol)
     E  - Thermal Energy (kcal/mol)   H  - Enthalpy (kcal/mol)
     S  - Entropy (cal/(mol-K))
     Cp - Heat Capacity at Constant Pressure (cal/(mol-K))
        -----------------------------------------------------------
        Zero of energy is set to potential energy of global minimum
        -----------------------------------------------------------

               Contribution from electronic P.F. 
     ================================================================
                  T          G          E          S
                100.00      -0.138      0.000      1.377
                125.00      -0.172      0.000      1.377
                200.00      -0.275      0.000      1.377
                298.15      -0.411      0.000      1.377
                300.00      -0.413      0.000      1.377
                500.00      -0.689      0.000      1.377
                750.00      -1.033      0.000      1.377
               1000.00      -1.377      0.000      1.377
               1100.00      -1.515      0.000      1.377
               1150.00      -1.584      0.000      1.377
               1200.00      -1.653      0.000      1.377
               1250.00      -1.722      0.000      1.377
               1300.00      -1.791      0.000      1.377
               1350.00      -1.860      0.000      1.377
               1400.00      -1.928      0.000      1.377
               1450.00      -1.997      0.000      1.377
               1500.00      -2.066      0.000      1.377
               1550.00      -2.135      0.000      1.377
               1600.00      -2.204      0.000      1.377
               1650.00      -2.273      0.000      1.377
               1700.00      -2.342      0.000      1.377
               1800.00      -2.479      0.000      1.377
               1900.00      -2.617      0.000      1.377
               2000.00      -2.755      0.000      1.377
               2500.00      -3.444      0.000      1.377

               Contribution from translational P.F. 
     ================================================================
                  T          G          E          S
                100.00      -2.982      0.298     34.788
                125.00      -3.866      0.373     35.896
                200.00      -6.653      0.596     38.231
                298.15     -10.509      0.889     40.215
                300.00     -10.583      0.894     40.246
                500.00     -18.908      1.490     42.783
                750.00     -29.872      2.236     44.798
               1000.00     -41.259      2.981     46.227
               1100.00     -45.906      3.279     46.700
               1150.00     -48.246      3.428     46.921
               1200.00     -50.598      3.577     47.133
               1250.00     -52.959      3.726     47.336
               1300.00     -55.331      3.875     47.530
               1350.00     -57.712      4.024     47.718
               1400.00     -60.103      4.173     47.899
               1450.00     -62.502      4.322     48.073
               1500.00     -64.910      4.471     48.241
               1550.00     -67.326      4.620     48.404
               1600.00     -69.750      4.769     48.562
               1650.00     -72.182      4.918     48.715
               1700.00     -74.622      5.067     48.863
               1800.00     -79.522      5.365     49.147
               1900.00     -84.451      5.664     49.416
               2000.00     -89.405      5.962     49.671
               2500.00    -114.528      7.452     50.779

        Contribution from conformational-rovibrational P.F. (MS-LH)
     ================================================================
                  T          G          E          S
                100.00     104.767    108.480     37.124
                125.00     103.786    108.957     41.369
                200.00     100.256    110.728     52.359
                298.15      94.510    113.739     64.496
                300.00      94.390    113.805     64.714
                500.00      79.157    122.831     87.349
                750.00      54.043    138.801    113.010
               1000.00      22.927    158.325    135.398
               1100.00       8.977    166.847    143.518
               1150.00       1.704    171.231    147.415
               1200.00      -5.762    175.690    151.211
               1250.00     -13.416    180.218    154.907
               1300.00     -21.252    184.811    158.509
               1350.00     -29.265    189.463    162.021
               1400.00     -37.452    194.170    165.444
               1450.00     -45.808    198.929    168.784
               1500.00     -54.329    203.737    172.044
               1550.00     -63.011    208.589    175.226
               1600.00     -71.851    213.483    178.334
               1650.00     -80.844    218.417    181.370
               1700.00     -89.986    223.387    184.337
               1800.00    -108.709    233.428    190.076
               1900.00    -127.994    243.590    195.570
               2000.00    -147.816    253.859    200.837
               2500.00    -254.280    306.426    224.283

        Contribution from conformational-rovibrational P.F. (MS-T)
     ================================================================
                  T          G          E          S
                100.00     104.810    108.508     36.987
                125.00     103.829    109.002     41.379
                200.00     100.285    110.833     52.742
                298.15      94.483    113.924     65.205
                300.00      94.363    113.991     65.428
                500.00      78.958    123.088     88.261
                750.00      53.637    138.917    113.707
               1000.00      22.395    158.083    135.688
               1100.00       8.425    166.410    143.622
               1150.00       1.149    170.687    147.424
               1200.00      -6.315    175.032    151.123
               1250.00     -13.962    179.440    154.721
               1300.00     -21.786    183.906    158.224
               1350.00     -29.783    188.426    161.636
               1400.00     -37.948    192.996    164.960
               1450.00     -46.277    197.612    168.199
               1500.00     -54.766    202.271    171.359
               1550.00     -63.412    206.971    174.440
               1600.00     -72.209    211.707    177.448
               1650.00     -81.155    216.479    180.384
               1700.00     -90.247    221.282    183.252
               1800.00    -108.851    230.977    188.794
               1900.00    -127.997    240.778    194.092
               2000.00    -147.662    250.671    199.166
               2500.00    -253.059    301.180    221.695

     Total (Translational + Electronic + conformational-rovib.(MS-LH))
     ======================================================================
              T          G          E          H          S          Cp
            100.00     101.648    108.778    108.976     73.289     22.558
            125.00      99.747    109.329    109.578     78.643     25.409
            200.00      93.328    111.324    111.722     91.968     31.516
            298.15      83.590    114.628    115.221    106.088     40.115
            300.00      83.394    114.699    115.295    106.337     40.294
            500.00      59.560    124.321    125.315    131.510     59.476
            750.00      23.138    141.037    142.527    159.185     76.950
           1000.00     -19.709    161.306    163.293    183.002     88.412
           1100.00     -38.443    170.126    172.312    191.596     91.877
           1150.00     -48.127    174.659    176.945    195.714     93.422
           1200.00     -58.013    179.267    181.652    199.721     94.855
           1250.00     -68.097    183.944    186.428    203.620     96.187
           1300.00     -78.373    188.686    191.269    207.417     97.424
           1350.00     -88.837    193.487    196.169    211.116     98.575
           1400.00     -99.483    198.343    201.125    214.720     99.646
           1450.00    -110.308    203.251    206.133    218.235    100.644
           1500.00    -121.305    208.208    211.189    221.663    101.575
           1550.00    -132.472    213.209    216.289    225.008    102.443
           1600.00    -143.805    218.252    221.432    228.273    103.254
           1650.00    -155.298    223.335    226.614    231.462    104.013
           1700.00    -166.950    228.454    231.832    234.578    104.722
           1800.00    -190.711    238.793    242.370    240.601    106.010
           1900.00    -215.061    249.254    253.029    246.363    107.143
           2000.00    -239.976    259.820    263.795    251.885    108.145
           2500.00    -372.252    313.878    318.846    276.439    111.729

     Total (Translational + Electronic + conformational-rovib.(MS-T))
     ======================================================================
              T          G          E          H          S          Cp
            100.00     101.690    108.806    109.005     73.152     23.159
            125.00      99.791    109.375    109.623     78.653     26.120
            200.00      93.357    111.429    111.827     92.351     32.364
            298.15      83.564    114.813    115.406    106.797     40.843
            300.00      83.366    114.885    115.481    107.051     41.017
            500.00      59.362    124.579    125.572    132.422     59.415
            750.00      22.731    141.153    142.643    159.883     75.920
           1000.00     -20.242    161.064    163.051    183.293     86.600
           1100.00     -38.995    169.689    171.875    191.700     89.790
           1150.00     -48.682    174.115    176.400    195.723     91.205
           1200.00     -58.566    178.609    180.993    199.633     92.512
           1250.00     -68.643    183.166    185.650    203.434     93.722
           1300.00     -78.908    187.781    190.364    207.132     94.842
           1350.00     -89.355    192.450    195.133    210.731     95.880
           1400.00     -99.979    197.169    199.951    214.236     96.842
           1450.00    -110.777    201.934    204.816    217.650     97.736
           1500.00    -121.743    206.743    209.723    220.977     98.565
           1550.00    -132.873    211.591    214.671    224.222     99.337
           1600.00    -144.164    216.477    219.656    227.387    100.054
           1650.00    -155.611    221.397    224.676    230.476    100.723
           1700.00    -167.210    226.349    229.728    233.493    101.346
           1800.00    -190.853    236.343    239.920    239.318    102.472
           1900.00    -215.065    246.442    250.217    244.885    103.455
           2000.00    -239.822    256.633    260.607    250.214    104.319
           2500.00    -371.031    308.632    313.600    273.852    107.357

                        --------------------------------
                         Zero of energy is set to ZPE
                        --------------------------------

     Total (Translational + Electronic + conformational-rovib.(MS-LH))
     ======================================================================
              T          G          E          H          S          Cp
            100.00      -5.848      1.282      1.480     73.289     22.558
            125.00      -7.749      1.833      2.082     78.643     25.409
            200.00     -14.168      3.828      4.226     91.968     31.516
            298.15     -23.906      7.132      7.725    106.088     40.115
            300.00     -24.102      7.203      7.799    106.337     40.294
            500.00     -47.936     16.825     17.819    131.510     59.476
            750.00     -84.358     33.541     35.031    159.185     76.950
           1000.00    -127.206     53.810     55.797    183.002     88.412
           1100.00    -145.939     62.630     64.816    191.596     91.877
           1150.00    -155.623     67.163     69.449    195.714     93.422
           1200.00    -165.509     71.771     74.156    199.721     94.855
           1250.00    -175.593     76.448     78.932    203.620     96.187
           1300.00    -185.869     81.190     83.773    207.417     97.424
           1350.00    -196.333     85.991     88.673    211.116     98.575
           1400.00    -206.979     90.847     93.629    214.720     99.646
           1450.00    -217.804     95.755     98.637    218.235    100.644
           1500.00    -228.801    100.712    103.693    221.663    101.575
           1550.00    -239.968    105.713    108.793    225.008    102.443
           1600.00    -251.301    110.756    113.936    228.273    103.254
           1650.00    -262.795    115.839    119.118    231.462    104.013
           1700.00    -274.446    120.958    124.336    234.578    104.722
           1800.00    -298.207    131.297    134.874    240.601    106.010
           1900.00    -322.557    141.757    145.533    246.363    107.143
           2000.00    -347.472    152.324    156.299    251.885    108.145
           2500.00    -479.748    206.382    211.350    276.439    111.729

     Total (Translational + Electronic + conformational-rovib.(MS-T))
     ======================================================================
              T          G          E          H          S          Cp
            100.00      -5.806      1.310      1.509     73.152     23.159
            125.00      -7.705      1.878      2.127     78.653     26.120
            200.00     -14.139      3.933      4.331     92.351     32.364
            298.15     -23.932      7.317      7.909    106.797     40.843
            300.00     -24.130      7.389      7.985    107.051     41.017
            500.00     -48.135     17.083     18.076    132.422     59.415
            750.00     -84.765     33.657     35.147    159.883     75.920
           1000.00    -127.738     53.568     55.555    183.293     86.600
           1100.00    -146.492     62.193     64.379    191.700     89.790
           1150.00    -156.178     66.619     68.904    195.723     91.205
           1200.00    -166.062     71.113     73.497    199.633     92.512
           1250.00    -176.139     75.670     78.154    203.434     93.722
           1300.00    -186.404     80.285     82.868    207.132     94.842
           1350.00    -196.851     84.954     87.636    210.731     95.880
           1400.00    -207.475     89.673     92.455    214.236     96.842
           1450.00    -218.273     94.438     97.320    217.650     97.736
           1500.00    -229.239     99.246    102.227    220.977     98.565
           1550.00    -240.369    104.095    107.175    224.222     99.337
           1600.00    -251.660    108.981    112.160    227.387    100.054
           1650.00    -263.107    113.901    117.180    230.476    100.723
           1700.00    -274.706    118.853    122.232    233.493    101.346
           1800.00    -298.349    128.847    132.424    239.318    102.472
           1900.00    -322.561    138.946    142.721    244.885    103.455
           2000.00    -347.318    149.136    153.111    250.214    104.319
           2500.00    -478.527    201.136    206.104    273.852    107.357

 ==============================End of MSTor output==============================
