
 *******************************************************************************

   MSTor program version 2013 (2013)

   Jingjing Zheng, Steven L. Mielke, and Donald G. Truhlar

   Department of Chemistry and Supercomputing Institute
   University of Minnesota, Minneapolis, Minnesota, USA

   Copyright 2013
   Donald G. Truhlar and Regents of the University of Minnesota

   Citations: 
   MS-T(U) method
     J. Zheng, T. Yu, E. Papajak, I. M. Alecu, S. L. Mielke, and D. G. Truhlar,
     Phys. Chem. Chem. Phys. 13, 10885-10907 (2011).
   MS-T(C) method
     J. Zheng and D. G. Truhlar, J. Chem. Theory Comput., DOI: 10.1021/ct3010722.
   MSTor program
     J. Zheng, S. L. Mielke, K. L Clarkson, and D. G. Truhlar,
     Comp. Phys. Comm. 183, 1803-1812 (2012).
     J. Zheng, R. Meana-Paneda, and D. G. Truhlar, Comp. Phys. Comm.
     to be published as new version announcement.

 *******************************************************************************

                    Naming conventions for the MS methods
   -----------------------------------------------------------------------------
   Common name        Original or other names
   -----------------------------------------------------------------------------
   MS-LH         =    MS-HO (ref. 1)   =   MS-AS-HO (ref. 2)
   MS-T          =    MS-AS (ref. 1)   =   MS-AS-T  (ref. 2)
   -----------------------------------------------------------------------------
   Ref. 1: J. Zheng, T. Yu, E. Papajak, I. M. Alecu, S. L. Mielke, and
           D. G. Truhlar, Phys. Chem. Chem. Phys. 13, 10885 (2011).
   Ref. 2: T. Yu, J. Zheng, and D. G. Truhlar, Chem. Sci. 2, 2199 (2011)

   Calculation run on 01/25/2022 at 11:51:23  

   Number of structures:             4
   Number of torsions:               6
   Method:                           MS-T(C)
   Frequency scaling factor:         0.964
   Delta T for finite difference:    0.5 K
   Internal coordinates
     Bonds:         01-02  01-18  01-19  01-20  02-03  02-16  02-17  03-04  03-14
     Bonds:         03-15  04-05  04-12  05-06  05-08  06-07  07-09  07-10  12-21
     Bonds:         07-11  04-13
     Angles:        01-02-16  02-01-19  03-02-16  04-03-15  04-05-08  05-04-12
     Angles:        05-06-07  06-05-08  06-07-11  09-07-11  12-04-13  14-03-15
     Angles:        16-02-17  18-01-19  04-03-14  05-04-13  02-01-18  10-07-11
     Angles:        04-12-21
     Linear Angles: 
     Dihedrals:     01-03-17-02  01-16-17-02  02-04-14-03  03-05-12-04
     Dihedrals:     03-05-13-04  04-06-08-05  06-09-11-07  09-10-11-07
     Dihedrals:     05-04-12-21  02-14-15-03  02-18-20-01  02-19-20-01
     Dihedrals:     04-03-02-01  05-04-03-02  06-05-04-03  07-06-05-04
     Dihedrals:     03-02-01-18  05-06-07-09

   All moment output uses units of amu for masses and Angstroms for distances 

                           ==========================
                                Structure   1
                           ==========================

   Normal-mode Frequencies (cm-1) 
   (Overall translation and rotation projected out)
    1460.9574i      0.0000i      0.0000i      0.0000i      0.0000       0.0000 
       0.0000      49.7755      73.1161      88.7051     136.1225     166.2635 
     189.8798     215.2150     242.0901     287.2697     300.2107     339.5571 
     402.9138     516.6769     651.4403     690.1801     739.8174     844.1809 
     861.6542     914.9250     942.4680    1021.7024    1054.7157    1067.4846 
    1087.5096    1130.3220    1163.7983    1176.9113    1190.8753    1229.7527 
    1246.3956    1264.0045    1287.9048    1308.7234    1359.2124    1392.3643 
    1395.3272    1407.2058    1453.5865    1461.9060    1463.4386    1468.3529 
    1474.6772    1477.5756    1480.6663    1803.1622    2998.6232    3000.6208 
    3011.6055    3028.1519    3044.1580    3066.8471    3080.9063    3086.2100 
    3098.3399    3112.4202    3146.7591 
   Torsion-projected frequencies/non-torsional frequencies (cm-1)
    1460.9516i    189.3410     215.0595     285.4063     299.3018     338.9588 
     400.7659     516.4769     650.9971     689.2744     738.7446     844.1711 
     861.6196     914.9046     942.4142    1021.6984    1054.7130    1067.4755 
    1087.5042    1130.3125    1163.5105    1176.8924    1190.8743    1229.7307 
    1246.3776    1263.9530    1287.9030    1308.6623    1359.2100    1392.3628 
    1395.3228    1407.2011    1453.5862    1461.9051    1463.3542    1468.3478 
    1474.6766    1477.5756    1480.6630    1803.1618    2998.6229    3000.6207 
    3011.6055    3028.1519    3044.1553    3066.8460    3080.9049    3086.2098 
    3098.3393    3112.4113    3146.7591 
   Product of consistently coupled torsional frequencies (in cm-1^ntor)  1.8130E+12
   Primitively coupled torsional frequencies (cm-1) (Not used)
      53.0506      86.2140      91.3681     139.0805     179.0849     244.7052 
   Product of primitively coupled torsional frequencies (in cm-1^ntor)   2.5470E+12
   Effective coupled torsional barrier (kcal/mol)
        1.088        2.802        3.424        5.288        6.495        9.699 

   D matrix: 
   m-n        1             2             3             4             5
    1   2.198445E+01 -2.709034E+00 -3.107712E+00 -1.284182E+00  1.408767E+00
    2  -2.709034E+00  2.333204E+01  6.984545E+00  4.717768E+00  2.212284E+00
    3  -3.107712E+00  6.984545E+00  4.337109E+01 -1.254592E+01  4.737549E-01
    4  -1.284182E+00  4.717768E+00 -1.254592E+01  1.784701E+01  3.541503E-01
    5   1.408767E+00  2.212284E+00  4.737549E-01  3.541503E-01  3.031756E+00
    6  -2.812627E-01  8.291852E-01  2.308813E+00  1.421222E+00  6.238112E-02
   m-n        6
    1  -2.812627E-01
    2   8.291852E-01
    3   2.308813E+00
    4   1.421222E+00
    5   6.238112E-02
    6   3.114964E+00

   Eigenvalues of D matrix:
     4.9787E+01    2.7702E+01    2.0535E+01    9.4774E+00    2.6450E+00    2.5354E+00
   Determinant of D matrix  1.369669E+029

          Uncoupled force constants (au), Pitzer moment of inertia (amu A^2),
   uncoupled torsional frequencies (cm-1), and uncoupled torsional barrier (kcal/mol)
   --------------------------------------------------------------------------------
   Torsion               1             2             3             4             5
   Force constant   2.33184E-02  2.71146E-02  1.72528E-02  4.29770E-02  2.08032E-02
   Moment          21.984       23.332       43.371       17.847        3.032
   Tor. Freq.        88.593       92.732       54.254      133.487      225.332
   Rot. barrier       5.221        6.071        3.863        9.623        2.901
   M_j,tau            2.368        2.368        2.368        2.368        3.000

   Torsion               6
   Force constant   8.00712E-03
   Moment           3.115
   Tor. Freq.       137.917
   Rot. barrier       1.117
   M_j,tau            3.000
   --------------------------------------------------------------------------------
   Potential Energy =   0.000 kcal/mol
   Weight =  1
   Overall rotational symmetry number =   1

                           ==========================
                                Structure   2
                           ==========================

   Normal-mode Frequencies (cm-1) 
   (Overall translation and rotation projected out)
    1466.4529i      0.0001i      0.0000i      0.0000i      0.0000       0.0000 
       0.0001      50.0637      66.0780      97.3106     115.4653     137.5463 
     172.8813     239.6797     247.9829     302.2927     315.8609     332.1173 
     341.4251     493.8433     687.7756     711.9969     721.8300     814.0908 
     894.4848     918.8418     936.3045    1027.3530    1061.3911    1075.4016 
    1089.8492    1131.0860    1163.9272    1182.2504    1189.8985    1218.5867 
    1246.0970    1246.5238    1286.9151    1298.1723    1365.7922    1380.9931 
    1397.4018    1414.9509    1452.7580    1462.4952    1463.2283    1468.6737 
    1474.9811    1477.6841    1482.7513    1805.9363    2985.2770    2996.8154 
    3001.8529    3027.9552    3032.2827    3056.8553    3079.6407    3086.9208 
    3097.4177    3112.2113    3146.3799 
   Torsion-projected frequencies/non-torsional frequencies (cm-1)
    1466.4500i    114.1472     247.6002     301.7772     313.0902     328.7602 
     341.3705     493.7501     687.1965     711.7902     720.2859     814.0180 
     894.4813     918.7839     936.2556    1027.3518    1061.3894    1075.3871 
    1089.8447    1131.0855    1163.6398    1182.2465    1189.8950    1218.5824 
    1246.0452    1246.5000    1286.9141    1298.1142    1365.7909    1380.9882 
    1397.4015    1414.9484    1452.7376    1462.4920    1463.1454    1468.6713 
    1474.9798    1477.6839    1482.7496    1805.9361    2985.2767    2996.8152 
    3001.8529    3027.9552    3032.2825    3056.8540    3079.6391    3086.9208 
    3097.4173    3112.2026    3146.3799 
   Product of consistently coupled torsional frequencies (in cm-1^ntor)  1.9058E+12
   Primitively coupled torsional frequencies (cm-1) (Not used)
      51.5794      71.8536     117.4442     138.7065     178.8620     244.5240 
   Product of primitively coupled torsional frequencies (in cm-1^ntor)   2.6405E+12
   Effective coupled torsional barrier (kcal/mol)
        1.099        2.361        2.741        3.238        4.721        8.611 

   D matrix: 
   m-n        1             2             3             4             5
    1   1.975769E+01 -3.689978E+00  1.425599E+01 -4.971575E+00  9.743503E-01
    2  -3.689978E+00  2.160215E+01 -4.253354E+00  7.424667E+00  2.306046E+00
    3   1.425599E+01 -4.253354E+00  3.100019E+01 -1.181693E+01  1.114073E+00
    4  -4.971575E+00  7.424667E+00 -1.181693E+01  1.833176E+01  1.990894E-01
    5   9.743503E-01  2.306046E+00  1.114073E+00  1.990894E-01  3.017877E+00
    6   6.777109E-01  2.187114E-01  1.461985E+00  1.510797E+00  9.721393E-02
   m-n        6
    1   6.777109E-01
    2   2.187114E-01
    3   1.461985E+00
    4   1.510797E+00
    5   9.721393E-02
    6   3.060236E+00

   Eigenvalues of D matrix:
     4.8862E+01    2.1770E+01    1.2863E+01    8.1421E+00    2.6054E+00    2.5268E+00
   Determinant of D matrix  5.581150E+028

          Uncoupled force constants (au), Pitzer moment of inertia (amu A^2),
   uncoupled torsional frequencies (cm-1), and uncoupled torsional barrier (kcal/mol)
   --------------------------------------------------------------------------------
   Torsion               1             2             3             4             5
   Force constant   2.14998E-02  1.62400E-02  1.37436E-02  4.31375E-02  2.06478E-02
   Moment          19.758       21.602       31.000       18.332        3.018
   Tor. Freq.        89.734       74.585       57.276      131.957      225.005
   Rot. barrier       4.264        3.220        2.725        8.554        2.879
   M_j,tau            2.516        2.516        2.516        2.516        3.000

   Torsion               6
   Force constant   8.09561E-03
   Moment           3.060
   Tor. Freq.       139.911
   Rot. barrier       1.129
   M_j,tau            3.000
   --------------------------------------------------------------------------------
   Potential Energy =   0.308 kcal/mol
   Weight =  1
   Overall rotational symmetry number =   1

                           ==========================
                                Structure   3
                           ==========================

   Normal-mode Frequencies (cm-1) 
   (Overall translation and rotation projected out)
    1461.3140i      0.0000i      0.0000i      0.0000i      0.0000       0.0000 
       0.0001      44.9911      56.0841     110.6607     138.0764     167.7851 
     184.5846     216.5344     260.6999     292.1212     328.4556     346.4172 
     432.1511     490.4450     653.4559     695.2917     749.8801     840.7072 
     851.6180     911.4760     956.7877     987.1901    1053.9185    1072.8195 
    1080.8676    1132.7101    1157.4532    1163.9021    1190.6729    1225.6832 
    1251.2524    1259.2626    1283.9625    1334.8959    1350.6127    1387.4709 
    1397.1821    1409.1911    1452.3449    1461.7512    1463.3424    1469.2843 
    1476.9520    1477.5944    1481.9031    1802.9417    2999.7517    3010.8216 
    3012.4569    3028.0470    3052.4368    3070.6979    3079.1504    3084.5225 
    3108.9369    3112.2815    3146.6947 
   Torsion-projected frequencies/non-torsional frequencies (cm-1)
    1461.3092i    180.2248     231.8957     289.7170     324.6723     344.8651 
     430.9116     488.9641     653.1835     694.6158     749.1848     840.6349 
     851.4920     911.4194     956.7443     987.1269    1053.9030    1072.7825 
    1080.8560    1132.7027    1157.4424    1163.6120    1190.6725    1225.6646 
    1251.1995    1259.2288    1283.9358    1334.8881    1350.6120    1387.4643 
    1397.1784    1409.1877    1452.3400    1461.7505    1463.2607    1469.2692 
    1476.9328    1477.5927    1481.8996    1802.9416    2999.7500    3010.8213 
    3012.4561    3028.0470    3052.4352    3070.6974    3079.1496    3084.5221 
    3108.9349    3112.2726    3146.6947 
   Product of consistently coupled torsional frequencies (in cm-1^ntor)  1.6678E+12
   Primitively coupled torsional frequencies (cm-1) (Not used)
      47.2485      58.4116     123.5302     141.6059     180.5064     256.7481 
   Product of primitively coupled torsional frequencies (in cm-1^ntor)   2.2374E+12
   Effective coupled torsional barrier (kcal/mol)
        1.098        2.514        3.196        5.126        7.406        9.560 

   D matrix: 
   m-n        1             2             3             4             5
    1   2.650887E+01  2.082616E+01 -6.580360E+00  5.755476E+00  1.366212E+00
    2   2.082616E+01  4.390860E+01  7.260188E+00  9.099801E+00 -3.490370E-01
    3  -6.580360E+00  7.260188E+00  4.124040E+01 -1.107887E+01  5.904514E-01
    4   5.755476E+00  9.099801E+00 -1.107887E+01  1.814812E+01 -3.081792E-01
    5   1.366212E+00 -3.490370E-01  5.904514E-01 -3.081792E-01  3.079425E+00
    6  -2.739064E-02  1.187449E+00  2.239719E+00  1.560279E+00  2.278195E-02
   m-n        6
    1  -2.739064E-02
    2   1.187449E+00
    3   2.239719E+00
    4   1.560279E+00
    5   2.278195E-02
    6   3.119344E+00

   Eigenvalues of D matrix:
     6.0555E+01    4.7805E+01    1.4597E+01    7.7466E+00    2.7848E+00    2.5162E+00
   Determinant of D matrix  1.745327E+029

          Uncoupled force constants (au), Pitzer moment of inertia (amu A^2),
   uncoupled torsional frequencies (cm-1), and uncoupled torsional barrier (kcal/mol)
   --------------------------------------------------------------------------------
   Torsion               1             2             3             4             5
   Force constant   2.44971E-02  2.79714E-02  1.72048E-02  4.30883E-02  2.10364E-02
   Moment          26.509       43.909       41.240       18.148        3.079
   Tor. Freq.        82.693       68.657       55.561      132.547      224.831
   Rot. barrier       5.396        6.162        3.790        9.492        2.933
   M_j,tau            2.387        2.387        2.387        2.387        3.000

   Torsion               6
   Force constant   8.08394E-03
   Moment           3.119
   Tor. Freq.       138.479
   Rot. barrier       1.127
   M_j,tau            3.000
   --------------------------------------------------------------------------------
   Potential Energy =   0.623 kcal/mol
   Weight =  1
   Overall rotational symmetry number =   1

                           ==========================
                                Structure   4
                           ==========================

   Normal-mode Frequencies (cm-1) 
   (Overall translation and rotation projected out)
    1454.4858i      0.0000i      0.0000i      0.0000i      0.0000       0.0000 
       0.0000      47.2961      79.4527     110.2443     138.0901     164.2384 
     203.5329     227.2772     286.9078     291.5918     309.4252     347.2837 
     431.9288     486.1455     653.5405     697.3768     764.6556     829.8606 
     866.6481     917.1019     940.2995     989.4953    1056.1387    1076.1216 
    1085.8668    1124.8579    1163.8290    1175.4403    1189.8651    1223.2555 
    1254.0922    1263.2310    1276.3890    1333.1095    1354.3039    1379.6675 
    1401.8496    1408.1697    1454.5618    1460.3796    1463.1416    1465.7060 
    1474.5896    1477.5634    1481.7705    1805.1578    2996.5663    3002.8952 
    3014.4816    3028.1240    3040.2303    3068.5654    3078.6569    3091.7595 
    3093.7879    3112.4777    3146.6016 
   Torsion-projected frequencies/non-torsional frequencies (cm-1)
    1454.4495i    202.6509     245.6378     290.0300     307.3378     345.6061 
     431.0738     484.6866     653.3380     696.6818     764.1033     829.8076 
     866.5720     917.0861     940.2007     989.3755    1056.1021    1076.1009 
    1085.8614    1124.8303    1163.5375    1175.4314    1189.8647    1223.2495 
    1254.0633    1263.2187    1276.3564    1333.0963    1354.2938    1379.6598 
    1401.8468    1408.1664    1454.5566    1460.3778    1463.0592    1465.6950 
    1474.5609    1477.5633    1481.7668    1805.1561    2996.5660    3002.8927 
    3014.4814    3028.1240    3040.2302    3068.5652    3078.6533    3091.7589 
    3093.7873    3112.4686    3146.6016 
   Product of consistently coupled torsional frequencies (in cm-1^ntor)  2.5683E+12
   Primitively coupled torsional frequencies (cm-1) (Not used)
      52.3516      83.2183     121.6182     140.9459     177.7963     273.2392 
   Product of primitively coupled torsional frequencies (in cm-1^ntor)   3.6280E+12
   Effective coupled torsional barrier (kcal/mol)
        1.097        3.051        4.055        6.673        9.620       12.430 

   D matrix: 
   m-n        1             2             3             4             5
    1   2.195874E+01  8.492815E+00  1.208837E+01 -2.125443E+00  1.786964E+00
    2   8.492815E+00  4.448277E+01  1.094154E+01  7.871837E+00  3.689246E-01
    3   1.208837E+01  1.094154E+01  4.221940E+01 -1.131595E+01 -6.413369E-01
    4  -2.125443E+00  7.871837E+00 -1.131595E+01  1.818143E+01  1.379596E-01
    5   1.786964E+00  3.689246E-01 -6.413369E-01  1.379596E-01  3.079473E+00
    6   7.458592E-01  1.380268E+00  2.306555E+00  1.544650E+00 -3.413217E-02
   m-n        6
    1   7.458592E-01
    2   1.380268E+00
    3   2.306555E+00
    4   1.544650E+00
    5  -3.413217E-02
    6   3.124154E+00

   Eigenvalues of D matrix:
     6.0249E+01    4.0876E+01    1.6296E+01    1.0266E+01    2.8161E+00    2.5437E+00
   Determinant of D matrix  2.245713E+029

          Uncoupled force constants (au), Pitzer moment of inertia (amu A^2),
   uncoupled torsional frequencies (cm-1), and uncoupled torsional barrier (kcal/mol)
   --------------------------------------------------------------------------------
   Torsion               1             2             3             4             5
   Force constant   2.98270E-02  5.07069E-02  2.01245E-02  4.34804E-02  2.90337E-02
   Moment          21.959       44.483       42.219       18.181        3.079
   Tor. Freq.       100.255       91.842       59.390      133.026      264.130
   Rot. barrier       6.570       11.170        4.433        9.578        4.049
   M_j,tau            2.387        2.387        2.387        2.387        3.000

   Torsion               6
   Force constant   8.08058E-03
   Moment           3.124
   Tor. Freq.       138.344
   Rot. barrier       1.127
   M_j,tau            3.000
   --------------------------------------------------------------------------------
   Potential Energy =   0.795 kcal/mol
   Weight =  1
   Overall rotational symmetry number =   1

       List of zero-point inclusive energy (kcal/mol) for each structure
      ------------------------------------------------------------------
        Structure            Energy (T = 0 K)
      ------------------------------------------------------------------
          1                    107.50
          2                    107.65
          3                    108.21
          4                    108.45
      ZPE of the system =      107.50


     Note: The following SS-HO and SS-T include the Rot. P.F. and Boltzmann factor,
           but are calculated with weight = 1 for each structure. Weights are
           counted in MS partition functions. Zero of energy is set to the potential
           energy of global minimum.

            Partition function of structure    1
     ================================================================
          T(K)      Rot.          SS-HO           SS-T     SS-T/SS-HO
        100.00    8.9061E+004   6.7812E-230   5.4315E-230    0.801
        125.00    1.2447E+005   1.9336E-182   1.6048E-182    0.830
        200.00    2.5190E+005   1.1244E-110   1.0326E-110    0.918
        298.15    4.5850E+005   1.6169E-070   1.6532E-070    1.022
        300.00    4.6278E+005   5.2629E-070   5.3906E-070    1.024
        500.00    9.9574E+005   5.7657E-036   6.8749E-036    1.192
        750.00    1.8293E+006   3.4705E-017   4.5817E-017    1.320
       1000.00    2.8164E+006   1.7364E-006   2.3683E-006    1.364
       1100.00    3.2492E+006   2.8573E-003   3.8924E-003    1.362
       1150.00    3.4732E+006   8.1495E-002   1.1068E-001    1.358
       1200.00    3.7022E+006   1.9057E+000   2.5765E+000    1.352
       1250.00    3.9360E+006   3.7340E+001   5.0188E+001    1.344
       1300.00    4.1745E+006   6.2454E+002   8.3348E+002    1.335
       1350.00    4.4176E+006   9.0594E+003   1.1990E+004    1.324
       1400.00    4.6653E+006   1.1554E+005   1.5150E+005    1.311
       1450.00    4.9175E+006   1.3109E+006   1.7012E+006    1.298
       1500.00    5.1740E+006   1.3370E+007   1.7157E+007    1.283
       1550.00    5.4348E+006   1.2368E+008   1.5681E+008    1.268
       1600.00    5.6999E+006   1.0461E+009   1.3094E+009    1.252
       1650.00    5.9692E+006   8.1465E+009   1.0060E+010    1.235
       1700.00    6.2426E+006   5.8780E+010   7.1563E+010    1.217
       1800.00    6.8014E+006   2.4873E+012   2.9384E+012    1.181
       1900.00    7.3760E+006   8.2335E+013   9.4194E+013    1.144
       2000.00    7.9659E+006   2.1990E+015   2.4322E+015    1.106
       2500.00    1.1133E+007   2.5479E+021   2.3409E+021    0.919

            Partition function of structure    2
     ================================================================
          T(K)      Rot.          SS-HO           SS-T     SS-T/SS-HO
        100.00    8.8826E+004   3.5419E-230   2.9284E-230    0.827
        125.00    1.2414E+005   1.2159E-182   1.0475E-182    0.861
        200.00    2.5124E+005   9.5027E-111   9.2525E-111    0.974
        298.15    4.5729E+005   1.6269E-070   1.8223E-070    1.120
        300.00    4.6155E+005   5.3073E-070   5.9589E-070    1.123
        500.00    9.9311E+005   6.7423E-036   9.1782E-036    1.361
        750.00    1.8245E+006   4.3794E-017   6.5318E-017    1.491
       1000.00    2.8089E+006   2.2785E-006   3.3593E-006    1.474
       1100.00    3.2406E+006   3.7902E-003   5.4657E-003    1.442
       1150.00    3.4641E+006   1.0862E-001   1.5450E-001    1.422
       1200.00    3.6924E+006   2.5511E+000   3.5737E+000    1.401
       1250.00    3.9256E+006   5.0189E+001   6.9150E+001    1.378
       1300.00    4.1635E+006   8.4263E+002   1.1405E+003    1.353
       1350.00    4.4060E+006   1.2266E+004   1.6291E+004    1.328
       1400.00    4.6530E+006   1.5694E+005   2.0436E+005    1.302
       1450.00    4.9045E+006   1.7862E+006   2.2783E+006    1.276
       1500.00    5.1603E+006   1.8269E+007   2.2810E+007    1.249
       1550.00    5.4205E+006   1.6946E+008   2.0698E+008    1.221
       1600.00    5.6849E+006   1.4370E+009   1.7158E+009    1.194
       1650.00    5.9534E+006   1.1217E+010   1.3088E+010    1.167
       1700.00    6.2261E+006   8.1121E+010   9.2446E+010    1.140
       1800.00    6.7834E+006   3.4471E+012   3.7433E+012    1.086
       1900.00    7.3565E+006   1.1454E+014   1.1839E+014    1.034
       2000.00    7.9448E+006   3.0695E+015   3.0172E+015    0.983
       2500.00    1.1103E+007   3.6040E+021   2.7406E+021    0.760

            Partition function of structure    3
     ================================================================
          T(K)      Rot.          SS-HO           SS-T     SS-T/SS-HO
        100.00    8.6927E+004   2.0346E-231   1.7105E-231    0.841
        125.00    1.2148E+005   1.1817E-183   1.0303E-183    0.872
        200.00    2.4587E+005   1.9557E-111   1.8946E-111    0.969
        298.15    4.4751E+005   4.9131E-071   5.3317E-071    1.085
        300.00    4.5168E+005   1.6103E-070   1.7508E-070    1.087
        500.00    9.7187E+005   2.7491E-036   3.4832E-036    1.267
        750.00    1.7854E+006   2.0629E-017   2.8576E-017    1.385
       1000.00    2.7489E+006   1.1523E-006   1.6272E-006    1.412
       1100.00    3.1713E+006   1.9538E-003   2.7438E-003    1.404
       1150.00    3.3900E+006   5.6456E-002   7.8886E-002    1.397
       1200.00    3.6135E+006   1.3360E+000   1.8550E+000    1.388
       1250.00    3.8417E+006   2.6466E+001   3.6471E+001    1.378
       1300.00    4.0744E+006   4.4717E+002   6.1088E+002    1.366
       1350.00    4.3118E+006   6.5475E+003   8.8581E+003    1.353
       1400.00    4.5535E+006   8.4231E+004   1.1275E+005    1.339
       1450.00    4.7996E+006   9.6345E+005   1.2748E+006    1.323
       1500.00    5.0500E+006   9.9004E+006   1.2939E+007    1.307
       1550.00    5.3046E+006   9.2234E+007   1.1897E+008    1.290
       1600.00    5.5633E+006   7.8527E+008   9.9900E+008    1.272
       1650.00    5.8261E+006   6.1534E+009   7.7159E+009    1.254
       1700.00    6.0929E+006   4.4658E+010   5.5164E+010    1.235
       1800.00    6.6384E+006   1.9100E+012   2.2860E+012    1.197
       1900.00    7.1992E+006   6.3830E+013   7.3887E+013    1.158
       2000.00    7.7750E+006   1.7194E+015   1.9221E+015    1.118
       2500.00    1.0866E+007   2.0579E+021   1.9041E+021    0.925

            Partition function of structure    4
     ================================================================
          T(K)      Rot.          SS-HO           SS-T     SS-T/SS-HO
        100.00    8.1702E+004   4.4074E-232   3.4729E-232    0.788
        125.00    1.1418E+005   3.1294E-184   2.5473E-184    0.814
        200.00    2.3109E+005   6.8947E-112   6.1473E-112    0.892
        298.15    4.2062E+005   2.0062E-071   1.9610E-071    0.977
        300.00    4.2454E+005   6.5875E-071   6.4485E-071    0.979
        500.00    9.1346E+005   1.2567E-036   1.3920E-036    1.108
        750.00    1.6781E+006   9.9319E-018   1.1955E-017    1.204
       1000.00    2.5836E+006   5.6885E-007   7.0724E-007    1.243
       1100.00    2.9807E+006   9.7108E-004   1.2108E-003    1.247
       1150.00    3.1862E+006   2.8143E-002   3.5081E-002    1.247
       1200.00    3.3963E+006   6.6778E-001   8.3130E-001    1.245
       1250.00    3.6108E+006   1.3262E+001   1.6471E+001    1.242
       1300.00    3.8295E+006   2.2459E+002   2.7802E+002    1.238
       1350.00    4.0526E+006   3.2954E+003   4.0628E+003    1.233
       1400.00    4.2798E+006   4.2479E+004   5.2113E+004    1.227
       1450.00    4.5111E+006   4.8678E+005   5.9379E+005    1.220
       1500.00    4.7465E+006   5.0108E+006   6.0734E+006    1.212
       1550.00    4.9857E+006   4.6757E+007   5.6274E+007    1.204
       1600.00    5.2289E+006   3.9869E+008   4.7617E+008    1.194
       1650.00    5.4759E+006   3.1286E+009   3.7058E+009    1.184
       1700.00    5.7267E+006   2.2737E+010   2.6694E+010    1.174
       1800.00    6.2394E+006   9.7485E+011   1.1228E+012    1.152
       1900.00    6.7665E+006   3.2652E+013   3.6824E+013    1.128
       2000.00    7.3076E+006   8.8133E+014   9.7171E+014    1.103
       2500.00    1.0213E+007   1.0630E+021   1.0279E+021    0.967

     ================================================================
              Partition Functions Including All Structures
        -----------------------------------------------------------
        Zero of energy is set to potential energy of global minimum
        -----------------------------------------------------------
        T(K)    Elec.        Trans.              Con-rovib
                                            MS-LH    or     MS-T
        100.00  2.0000E+000  3.2877E+006  1.0571E-229  8.5656E-230
        125.00  2.0000E+000  5.7434E+006  3.2990E-182  2.7808E-182
        200.00  2.0000E+000  1.8598E+007  2.3392E-110  2.2088E-110
        298.15  2.0000E+000  5.0464E+007  3.9357E-070  4.2047E-070
        300.00  2.0000E+000  5.1250E+007  1.2839E-069  1.3745E-069
        500.00  2.0000E+000  1.8379E+008  1.6514E-035  2.0928E-035
        750.00  2.0000E+000  5.0646E+008  1.0906E-016  1.5166E-016
       1000.00  2.0000E+000  1.0397E+009  5.7361E-006  8.0620E-006
       1100.00  2.0000E+000  1.3194E+009  9.5723E-003  1.3313E-002
       1150.00  2.0000E+000  1.4745E+009  2.7471E-001  3.7915E-001
       1200.00  2.0000E+000  1.6400E+009  6.4605E+000  8.8364E+000
       1250.00  2.0000E+000  1.8162E+009  1.2726E+002  1.7228E+002
       1300.00  2.0000E+000  2.0033E+009  2.1389E+003  2.8629E+003
       1350.00  2.0000E+000  2.2015E+009  3.1168E+004  4.1203E+004
       1400.00  2.0000E+000  2.4111E+009  3.9919E+005  5.2072E+005
       1450.00  2.0000E+000  2.6322E+009  4.5473E+006  5.8481E+006
       1500.00  2.0000E+000  2.8650E+009  4.6550E+007  5.8979E+007
       1550.00  2.0000E+000  3.1097E+009  4.3214E+008  5.3903E+008
       1600.00  2.0000E+000  3.3666E+009  3.6670E+009  4.5004E+009
       1650.00  2.0000E+000  3.6358E+009  2.8646E+010  3.4570E+010
       1700.00  2.0000E+000  3.9175E+009  2.0730E+011  2.4587E+011
       1800.00  2.0000E+000  4.5193E+009  8.8192E+012  1.0090E+013
       1900.00  2.0000E+000  5.1734E+009  2.9335E+014  3.2329E+014
       2000.00  2.0000E+000  5.8812E+009  7.8693E+015  8.3432E+015
       2500.00  2.0000E+000  1.0274E+010  9.2728E+021  8.0134E+021

             Total Partition Function (E + T + Con-rovib)
             ---------------------------------------------
                T(K)     E + T + MS-LH     E + T + MS-T
                100.00     6.9506E-223       5.6322E-223
                125.00     3.7895E-175       3.1942E-175
                200.00     8.7009E-103       8.2159E-103
                298.15     3.9722E-062       4.2437E-062
                300.00     1.3160E-061       1.4089E-061
                500.00     6.0701E-027       7.6927E-027
                750.00     1.1047E-007       1.5362E-007
               1000.00     1.1927E+004       1.6763E+004
               1100.00     2.5259E+007       3.5129E+007
               1150.00     8.1011E+008       1.1181E+009
               1200.00     2.1190E+010       2.8984E+010
               1250.00     4.6225E+011       6.2579E+011
               1300.00     8.5699E+012       1.1470E+013
               1350.00     1.3724E+014       1.8142E+014
               1400.00     1.9250E+015       2.5110E+015
               1450.00     2.3938E+016       3.0786E+016
               1500.00     2.6673E+017       3.3795E+017
               1550.00     2.6877E+018       3.3525E+018
               1600.00     2.4691E+019       3.0302E+019
               1650.00     2.0830E+020       2.5138E+020
               1700.00     1.6242E+021       1.9264E+021
               1800.00     7.9713E+022       9.1204E+022
               1900.00     3.0353E+024       3.3450E+024
               2000.00     9.2562E+025       9.8136E+025
               2500.00     1.9054E+032       1.6466E+032

     ================================================================
              Partition Functions Including All Structures
        -----------------------------------------------------------
                    Zero of energy is set to ZPE
        -----------------------------------------------------------
        T(K)             Con-rovib                Total
                   MS-LH        MS-T       E+T+MS-LH    E+T+MS-T
        100.00  8.9224E+005  7.2300E+005  5.8668E+012  4.7540E+012
        125.00  2.8806E+006  2.4281E+006  3.3089E+013  2.7891E+013
        200.00  6.7961E+007  6.4172E+007  2.5279E+015  2.3870E+015
        298.15  2.4531E+009  2.6208E+009  2.4758E+017  2.6451E+017
        300.00  2.6142E+009  2.7986E+009  2.6795E+017  2.8686E+017
        500.00  1.5963E+012  2.0231E+012  5.8677E+020  7.4363E+020
        750.00  2.2971E+015  3.1945E+015  2.3268E+024  3.2358E+024
       1000.00  1.7834E+018  2.5066E+018  3.7083E+027  5.2120E+027
       1100.00  2.1775E+019  3.0284E+019  5.7460E+028  7.9912E+028
       1150.00  7.3665E+019  1.0167E+020  2.1723E+029  2.9982E+029
       1200.00  2.4404E+020  3.3379E+020  8.0046E+029  1.0948E+030
       1250.00  7.9212E+020  1.0724E+021  2.8773E+030  3.8953E+030
       1300.00  2.5203E+021  3.3733E+021  1.0098E+031  1.3516E+031
       1350.00  7.8644E+021  1.0396E+022  3.4628E+031  4.5776E+031
       1400.00  2.4079E+022  3.1409E+022  1.1611E+032  1.5146E+032
       1450.00  7.2373E+022  9.3076E+022  3.8099E+032  4.8998E+032
       1500.00  2.1364E+023  2.7068E+023  1.2241E+033  1.5510E+033
       1550.00  6.1967E+023  7.7295E+023  3.8540E+033  4.8073E+033
       1600.00  1.7669E+024  2.1684E+024  1.1897E+034  1.4601E+034
       1650.00  4.9548E+024  5.9794E+024  3.6029E+034  4.3480E+034
       1700.00  1.3671E+025  1.6214E+025  1.0711E+035  1.2704E+035
       1800.00  9.9287E+025  1.1360E+026  8.9742E+035  1.0268E+036
       1900.00  6.7911E+026  7.4841E+026  7.0266E+036  7.7437E+036
       2000.00  4.3879E+027  4.6521E+027  5.1612E+037  5.4720E+037
       2500.00  2.3135E+031  1.9993E+031  4.7538E+041  4.1081E+041
     ================================================================

                     ==============================
                          Thermodynamic Functions
                      (Ideal gas at standard state)
                     ==============================
     T  - Temperature (Kelvin)        G  - Gibbs Free Energy (kcal/mol)
     E  - Thermal Energy (kcal/mol)   H  - Enthalpy (kcal/mol)
     S  - Entropy (cal/(mol-K))
     Cp - Heat Capacity at Constant Pressure (cal/(mol-K))
        -----------------------------------------------------------
        Zero of energy is set to potential energy of global minimum
        -----------------------------------------------------------

               Contribution from electronic P.F. 
     ================================================================
                  T          G          E          S
                100.00      -0.138      0.000      1.377
                125.00      -0.172      0.000      1.377
                200.00      -0.275      0.000      1.377
                298.15      -0.411      0.000      1.377
                300.00      -0.413      0.000      1.377
                500.00      -0.689      0.000      1.377
                750.00      -1.033      0.000      1.377
               1000.00      -1.377      0.000      1.377
               1100.00      -1.515      0.000      1.377
               1150.00      -1.584      0.000      1.377
               1200.00      -1.653      0.000      1.377
               1250.00      -1.722      0.000      1.377
               1300.00      -1.791      0.000      1.377
               1350.00      -1.860      0.000      1.377
               1400.00      -1.928      0.000      1.377
               1450.00      -1.997      0.000      1.377
               1500.00      -2.066      0.000      1.377
               1550.00      -2.135      0.000      1.377
               1600.00      -2.204      0.000      1.377
               1650.00      -2.273      0.000      1.377
               1700.00      -2.342      0.000      1.377
               1800.00      -2.479      0.000      1.377
               1900.00      -2.617      0.000      1.377
               2000.00      -2.755      0.000      1.377
               2500.00      -3.444      0.000      1.377

               Contribution from translational P.F. 
     ================================================================
                  T          G          E          S
                100.00      -2.982      0.298     34.788
                125.00      -3.866      0.373     35.896
                200.00      -6.653      0.596     38.231
                298.15     -10.509      0.889     40.215
                300.00     -10.583      0.894     40.246
                500.00     -18.908      1.490     42.783
                750.00     -29.872      2.236     44.798
               1000.00     -41.259      2.981     46.227
               1100.00     -45.906      3.279     46.700
               1150.00     -48.246      3.428     46.921
               1200.00     -50.598      3.577     47.133
               1250.00     -52.959      3.726     47.336
               1300.00     -55.331      3.875     47.530
               1350.00     -57.712      4.024     47.718
               1400.00     -60.103      4.173     47.899
               1450.00     -62.502      4.322     48.073
               1500.00     -64.910      4.471     48.241
               1550.00     -67.326      4.620     48.404
               1600.00     -69.750      4.769     48.562
               1650.00     -72.182      4.918     48.715
               1700.00     -74.622      5.067     48.863
               1800.00     -79.522      5.365     49.147
               1900.00     -84.451      5.664     49.416
               2000.00     -89.405      5.962     49.671
               2500.00    -114.528      7.452     50.779

        Contribution from conformational-rovibrational P.F. (MS-LH)
     ================================================================
                  T          G          E          S
                100.00     104.773    108.457     36.832
                125.00     103.801    108.909     40.864
                200.00     100.328    110.613     51.422
                298.15      94.686    113.575     63.353
                300.00      94.569    113.639     63.569
                500.00      79.577    122.628     86.102
                750.00      54.780    138.581    111.735
               1000.00      23.983    158.097    134.114
               1100.00      10.162    166.618    142.232
               1150.00       2.953    171.001    146.129
               1200.00      -4.449    175.460    149.924
               1250.00     -12.038    179.987    153.620
               1300.00     -19.810    184.579    157.222
               1350.00     -27.759    189.230    160.733
               1400.00     -35.881    193.937    164.156
               1450.00     -44.173    198.696    167.496
               1500.00     -52.630    203.503    170.755
               1550.00     -61.247    208.355    173.937
               1600.00     -70.022    213.249    177.044
               1650.00     -78.950    218.182    180.080
               1700.00     -88.029    223.152    183.048
               1800.00    -106.623    233.193    188.786
               1900.00    -125.778    243.354    194.280
               2000.00    -145.471    253.622    199.547
               2500.00    -251.290    306.188    222.992

        Contribution from conformational-rovibrational P.F. (MS-T)
     ================================================================
                  T          G          E          S
                100.00     104.815    108.487     36.724
                125.00     103.844    108.959     40.918
                200.00     100.351    110.725     51.868
                298.15      94.647    113.771     64.144
                300.00      94.528    113.837     64.365
                500.00      79.342    122.927     87.171
                750.00      54.288    138.779    112.655
               1000.00      23.307    157.958    134.651
               1100.00       9.441    166.286    142.586
               1150.00       2.216    170.562    146.388
               1200.00      -5.196    174.907    150.085
               1250.00     -12.791    179.313    153.683
               1300.00     -20.563    183.778    157.185
               1350.00     -28.508    188.296    160.596
               1400.00     -36.621    192.864    163.918
               1450.00     -44.898    197.479    167.156
               1500.00     -53.335    202.135    170.314
               1550.00     -61.928    206.832    173.394
               1600.00     -70.673    211.566    176.400
               1650.00     -79.567    216.334    179.334
               1700.00     -88.605    221.135    182.200
               1800.00    -107.104    230.824    187.738
               1900.00    -126.145    240.618    193.033
               2000.00    -145.704    250.504    198.104
               2500.00    -250.565    300.981    220.618

     Total (Translational + Electronic + conformational-rovib.(MS-LH))
     ======================================================================
              T          G          E          H          S          Cp
            100.00     101.654    108.755    108.953     72.997     21.698
            125.00      99.763    109.282    109.530     78.138     24.389
            200.00      93.400    111.209    111.606     91.031     30.800
            298.15      83.767    114.464    115.056    104.946     39.775
            300.00      83.572    114.534    115.130    105.192     39.959
            500.00      59.981    124.118    125.112    130.262     59.370
            750.00      23.874    140.817    142.307    157.910     76.909
           1000.00     -18.653    161.078    163.066    181.719     88.391
           1100.00     -37.259    169.897    172.083    190.310     91.860
           1150.00     -46.878    174.429    176.715    194.428     93.407
           1200.00     -56.700    179.037    181.421    198.434     94.842
           1250.00     -66.719    183.713    186.197    202.333     96.175
           1300.00     -76.931    188.454    191.037    206.130     97.413
           1350.00     -87.331    193.254    195.937    209.828     98.565
           1400.00     -97.912    198.110    200.893    213.432     99.637
           1450.00    -108.672    203.018    205.900    216.946    100.636
           1500.00    -119.606    207.974    210.955    220.374    101.567
           1550.00    -130.708    212.975    216.055    223.718    102.436
           1600.00    -141.976    218.018    221.198    226.984    103.248
           1650.00    -153.405    223.100    226.379    230.172    104.007
           1700.00    -164.992    228.219    231.598    233.288    104.717
           1800.00    -188.624    238.558    242.135    239.311    106.005
           1900.00    -212.846    249.018    252.793    245.073    107.139
           2000.00    -237.631    259.584    263.558    250.595    108.141
           2500.00    -369.262    313.641    318.609    275.148    111.727

     Total (Translational + Electronic + conformational-rovib.(MS-T))
     ======================================================================
              T          G          E          H          S          Cp
            100.00     101.696    108.786    108.984     72.889     22.372
            125.00      99.806    109.331    109.580     78.192     25.167
            200.00      93.423    111.321    111.718     91.477     31.670
            298.15      83.728    114.660    115.253    105.736     40.590
            300.00      83.532    114.732    115.328    105.988     40.771
            500.00      59.745    124.417    125.411    131.332     59.491
            750.00      23.383    141.015    142.505    158.830     76.001
           1000.00     -19.330    160.938    162.926    182.255     86.622
           1100.00     -37.980    169.565    171.750    190.664     89.791
           1150.00     -47.614    173.990    176.276    194.687     91.196
           1200.00     -57.447    178.484    180.868    198.596     92.495
           1250.00     -67.472    183.039    185.523    202.396     93.698
           1300.00     -77.684    187.653    190.237    206.093     94.811
           1350.00     -88.079    192.321    195.003    209.691     95.843
           1400.00     -98.652    197.038    199.820    213.194     96.801
           1450.00    -109.397    201.801    204.682    216.606     97.689
           1500.00    -120.311    206.607    209.588    219.932     98.515
           1550.00    -131.389    211.453    214.533    223.175     99.283
           1600.00    -142.628    216.335    219.515    226.339     99.998
           1650.00    -154.022    221.253    224.532    229.426    100.664
           1700.00    -165.569    226.202    229.581    232.441    101.285
           1800.00    -189.106    236.190    239.767    238.263    102.408
           1900.00    -213.213    246.282    250.057    243.826    103.390
           2000.00    -237.864    256.466    260.440    249.152    104.252
           2500.00    -368.537    308.433    313.401    272.775    107.295

                        --------------------------------
                         Zero of energy is set to ZPE
                        --------------------------------

     Total (Translational + Electronic + conformational-rovib.(MS-LH))
     ======================================================================
              T          G          E          H          S          Cp
            100.00      -5.842      1.259      1.457     72.997     21.698
            125.00      -7.733      1.786      2.034     78.138     24.389
            200.00     -14.096      3.713      4.110     91.031     30.800
            298.15     -23.729      6.968      7.560    104.946     39.775
            300.00     -23.924      7.038      7.634    105.192     39.959
            500.00     -47.515     16.622     17.616    130.262     59.370
            750.00     -83.622     33.321     34.811    157.910     76.909
           1000.00    -126.149     53.582     55.569    181.719     88.391
           1100.00    -144.755     62.401     64.586    190.310     91.860
           1150.00    -154.374     66.933     69.219    194.428     93.407
           1200.00    -164.196     71.541     73.925    198.434     94.842
           1250.00    -174.215     76.217     78.701    202.333     96.175
           1300.00    -184.427     80.958     83.541    206.130     97.413
           1350.00    -194.827     85.758     88.441    209.828     98.565
           1400.00    -205.408     90.614     93.396    213.432     99.637
           1450.00    -216.168     95.522     98.404    216.946    100.636
           1500.00    -227.102    100.478    103.459    220.374    101.567
           1550.00    -238.204    105.479    108.559    223.718    102.436
           1600.00    -249.472    110.522    113.702    226.984    103.248
           1650.00    -260.901    115.604    118.883    230.172    104.007
           1700.00    -272.488    120.723    124.101    233.288    104.717
           1800.00    -296.120    131.062    134.639    239.311    106.005
           1900.00    -320.342    141.522    145.297    245.073    107.139
           2000.00    -345.127    152.088    156.062    250.595    108.141
           2500.00    -476.758    206.144    211.113    275.148    111.727

     Total (Translational + Electronic + conformational-rovib.(MS-T))
     ======================================================================
              T          G          E          H          S          Cp
            100.00      -5.800      1.289      1.488     72.889     22.372
            125.00      -7.690      1.835      2.084     78.192     25.167
            200.00     -14.073      3.825      4.222     91.477     31.670
            298.15     -23.768      7.164      7.757    105.736     40.590
            300.00     -23.964      7.236      7.832    105.988     40.771
            500.00     -47.751     16.921     17.915    131.332     59.491
            750.00     -84.113     33.519     35.009    158.830     76.001
           1000.00    -126.826     53.442     55.430    182.255     86.622
           1100.00    -145.476     62.068     64.254    190.664     89.791
           1150.00    -155.110     66.494     68.780    194.687     91.196
           1200.00    -164.943     70.988     73.372    198.596     92.495
           1250.00    -174.968     75.543     78.027    202.396     93.698
           1300.00    -185.181     80.157     82.741    206.093     94.811
           1350.00    -195.576     84.824     87.507    209.691     95.843
           1400.00    -206.148     89.542     92.324    213.194     96.801
           1450.00    -216.893     94.305     97.186    216.606     97.689
           1500.00    -227.807     99.111    102.091    219.932     98.515
           1550.00    -238.885    103.956    107.037    223.175     99.283
           1600.00    -250.124    108.839    112.019    226.339     99.998
           1650.00    -261.518    113.757    117.036    229.426    100.664
           1700.00    -273.065    118.706    122.085    232.441    101.285
           1800.00    -296.602    128.693    132.270    238.263    102.408
           1900.00    -320.709    138.786    142.561    243.826    103.390
           2000.00    -345.360    148.970    152.944    249.152    104.252
           2500.00    -476.033    200.937    205.905    272.775    107.295

 ==============================End of MSTor output==============================
