
 *******************************************************************************

   MSTor program version 2013 (2013)

   Jingjing Zheng, Steven L. Mielke, and Donald G. Truhlar

   Department of Chemistry and Supercomputing Institute
   University of Minnesota, Minneapolis, Minnesota, USA

   Copyright 2013
   Donald G. Truhlar and Regents of the University of Minnesota

   Citations: 
   MS-T(U) method
     J. Zheng, T. Yu, E. Papajak, I. M. Alecu, S. L. Mielke, and D. G. Truhlar,
     Phys. Chem. Chem. Phys. 13, 10885-10907 (2011).
   MS-T(C) method
     J. Zheng and D. G. Truhlar, J. Chem. Theory Comput., DOI: 10.1021/ct3010722.
   MSTor program
     J. Zheng, S. L. Mielke, K. L Clarkson, and D. G. Truhlar,
     Comp. Phys. Comm. 183, 1803-1812 (2012).
     J. Zheng, R. Meana-Paneda, and D. G. Truhlar, Comp. Phys. Comm.
     to be published as new version announcement.

 *******************************************************************************

                    Naming conventions for the MS methods
   -----------------------------------------------------------------------------
   Common name        Original or other names
   -----------------------------------------------------------------------------
   MS-LH         =    MS-HO (ref. 1)   =   MS-AS-HO (ref. 2)
   MS-T          =    MS-AS (ref. 1)   =   MS-AS-T  (ref. 2)
   -----------------------------------------------------------------------------
   Ref. 1: J. Zheng, T. Yu, E. Papajak, I. M. Alecu, S. L. Mielke, and
           D. G. Truhlar, Phys. Chem. Chem. Phys. 13, 10885 (2011).
   Ref. 2: T. Yu, J. Zheng, and D. G. Truhlar, Chem. Sci. 2, 2199 (2011)

   Calculation run on 02/23/2022 at 14:59:12  

   Number of structures:             2
   Number of torsions:               6
   Method:                           MS-T(C)
   Frequency scaling factor:         0.964
   Delta T for finite difference:    0.5 K
   Internal coordinates
     Bonds:         01-02  01-18  01-19  01-20  02-03  02-16  02-17  03-04  03-14
     Bonds:         03-15  04-05  04-12  05-06  05-08  06-07  07-09  07-10  12-21
     Bonds:         07-11  04-13
     Angles:        01-02-16  02-01-19  03-02-16  04-03-15  04-05-08  05-04-12
     Angles:        05-06-07  06-05-08  06-07-11  09-07-11  12-04-13  14-03-15
     Angles:        16-02-17  18-01-19  04-03-14  05-04-13  02-01-18  10-07-11
     Angles:        04-12-21
     Linear Angles: 
     Dihedrals:     01-03-17-02  01-16-17-02  02-04-14-03  03-05-12-04
     Dihedrals:     03-05-13-04  04-06-08-05  06-09-11-07  09-10-11-07
     Dihedrals:     05-04-12-21  02-14-15-03  02-18-20-01  02-19-20-01
     Dihedrals:     04-03-02-01  05-04-03-02  06-05-04-03  07-06-05-04
     Dihedrals:     03-02-01-18  05-06-07-09

   All moment output uses units of amu for masses and Angstroms for distances 

                           ==========================
                                Structure   1
                           ==========================

   Normal-mode Frequencies (cm-1) 
   (Overall translation and rotation projected out)
    1460.9574i      0.0000i      0.0000i      0.0000i      0.0000       0.0000 
       0.0000      49.7755      73.1161      88.7051     136.1225     166.2635 
     189.8798     215.2150     242.0901     287.2697     300.2107     339.5571 
     402.9138     516.6769     651.4403     690.1801     739.8174     844.1809 
     861.6542     914.9250     942.4680    1021.7024    1054.7157    1067.4846 
    1087.5096    1130.3220    1163.7983    1176.9113    1190.8753    1229.7527 
    1246.3956    1264.0045    1287.9048    1308.7234    1359.2124    1392.3643 
    1395.3272    1407.2058    1453.5865    1461.9060    1463.4386    1468.3529 
    1474.6772    1477.5756    1480.6663    1803.1622    2998.6232    3000.6208 
    3011.6055    3028.1519    3044.1580    3066.8471    3080.9063    3086.2100 
    3098.3399    3112.4202    3146.7591 
   Torsion-projected frequencies/non-torsional frequencies (cm-1)
    1460.9516i    189.3410     215.0595     285.4063     299.3018     338.9588 
     400.7659     516.4769     650.9971     689.2744     738.7446     844.1711 
     861.6196     914.9046     942.4142    1021.6984    1054.7130    1067.4755 
    1087.5042    1130.3125    1163.5105    1176.8924    1190.8743    1229.7307 
    1246.3776    1263.9530    1287.9030    1308.6623    1359.2100    1392.3628 
    1395.3228    1407.2011    1453.5862    1461.9051    1463.3542    1468.3478 
    1474.6766    1477.5756    1480.6630    1803.1618    2998.6229    3000.6207 
    3011.6055    3028.1519    3044.1553    3066.8460    3080.9049    3086.2098 
    3098.3393    3112.4113    3146.7591 
   Product of consistently coupled torsional frequencies (in cm-1^ntor)  1.8130E+12
   Primitively coupled torsional frequencies (cm-1) (Not used)
      53.0506      86.2140      91.3681     139.0805     179.0849     244.7052 
   Product of primitively coupled torsional frequencies (in cm-1^ntor)   2.5470E+12
   Effective coupled torsional barrier (kcal/mol)
        1.088        2.802        3.424        5.288        6.495        9.699 

   D matrix: 
   m-n        1             2             3             4             5
    1   2.198445E+01 -2.709034E+00 -3.107712E+00 -1.284182E+00  1.408767E+00
    2  -2.709034E+00  2.333204E+01  6.984545E+00  4.717768E+00  2.212284E+00
    3  -3.107712E+00  6.984545E+00  4.337109E+01 -1.254592E+01  4.737549E-01
    4  -1.284182E+00  4.717768E+00 -1.254592E+01  1.784701E+01  3.541503E-01
    5   1.408767E+00  2.212284E+00  4.737549E-01  3.541503E-01  3.031756E+00
    6  -2.812627E-01  8.291852E-01  2.308813E+00  1.421222E+00  6.238112E-02
   m-n        6
    1  -2.812627E-01
    2   8.291852E-01
    3   2.308813E+00
    4   1.421222E+00
    5   6.238112E-02
    6   3.114964E+00

   Eigenvalues of D matrix:
     4.9787E+01    2.7702E+01    2.0535E+01    9.4774E+00    2.6450E+00    2.5354E+00
   Determinant of D matrix  1.369669E+029

          Uncoupled force constants (au), Pitzer moment of inertia (amu A^2),
   uncoupled torsional frequencies (cm-1), and uncoupled torsional barrier (kcal/mol)
   --------------------------------------------------------------------------------
   Torsion               1             2             3             4             5
   Force constant   2.33184E-02  2.71146E-02  1.72528E-02  4.29770E-02  2.08032E-02
   Moment          21.984       23.332       43.371       17.847        3.032
   Tor. Freq.        88.593       92.732       54.254      133.487      225.332
   Rot. barrier       5.221        6.071        3.863        9.623        2.901
   M_j,tau            2.368        2.368        2.368        2.368        3.000

   Torsion               6
   Force constant   8.00712E-03
   Moment           3.115
   Tor. Freq.       137.917
   Rot. barrier       1.117
   M_j,tau            3.000
   --------------------------------------------------------------------------------
   Potential Energy =   0.000 kcal/mol
   Weight =  1
   Overall rotational symmetry number =   1

                           ==========================
                                Structure   2
                           ==========================

   Normal-mode Frequencies (cm-1) 
   (Overall translation and rotation projected out)
    1466.4529i      0.0001i      0.0000i      0.0000i      0.0000       0.0000 
       0.0001      50.0637      66.0780      97.3106     115.4653     137.5463 
     172.8813     239.6797     247.9829     302.2927     315.8609     332.1173 
     341.4251     493.8433     687.7756     711.9969     721.8300     814.0908 
     894.4848     918.8418     936.3045    1027.3530    1061.3911    1075.4016 
    1089.8492    1131.0860    1163.9272    1182.2504    1189.8985    1218.5867 
    1246.0970    1246.5238    1286.9151    1298.1723    1365.7922    1380.9931 
    1397.4018    1414.9509    1452.7580    1462.4952    1463.2283    1468.6737 
    1474.9811    1477.6841    1482.7513    1805.9363    2985.2770    2996.8154 
    3001.8529    3027.9552    3032.2827    3056.8553    3079.6407    3086.9208 
    3097.4177    3112.2113    3146.3799 
   Torsion-projected frequencies/non-torsional frequencies (cm-1)
    1466.4500i    114.1472     247.6002     301.7772     313.0902     328.7602 
     341.3705     493.7501     687.1965     711.7902     720.2859     814.0180 
     894.4813     918.7839     936.2556    1027.3518    1061.3894    1075.3871 
    1089.8447    1131.0855    1163.6398    1182.2465    1189.8950    1218.5824 
    1246.0452    1246.5000    1286.9141    1298.1142    1365.7909    1380.9882 
    1397.4015    1414.9484    1452.7376    1462.4920    1463.1454    1468.6713 
    1474.9798    1477.6839    1482.7496    1805.9361    2985.2767    2996.8152 
    3001.8529    3027.9552    3032.2825    3056.8540    3079.6391    3086.9208 
    3097.4173    3112.2026    3146.3799 
   Product of consistently coupled torsional frequencies (in cm-1^ntor)  1.9058E+12
   Primitively coupled torsional frequencies (cm-1) (Not used)
      51.5794      71.8536     117.4442     138.7065     178.8620     244.5240 
   Product of primitively coupled torsional frequencies (in cm-1^ntor)   2.6405E+12
   Effective coupled torsional barrier (kcal/mol)
        1.099        2.361        2.741        3.238        4.721        8.611 

   D matrix: 
   m-n        1             2             3             4             5
    1   1.975769E+01 -3.689978E+00  1.425599E+01 -4.971575E+00  9.743503E-01
    2  -3.689978E+00  2.160215E+01 -4.253354E+00  7.424667E+00  2.306046E+00
    3   1.425599E+01 -4.253354E+00  3.100019E+01 -1.181693E+01  1.114073E+00
    4  -4.971575E+00  7.424667E+00 -1.181693E+01  1.833176E+01  1.990894E-01
    5   9.743503E-01  2.306046E+00  1.114073E+00  1.990894E-01  3.017877E+00
    6   6.777109E-01  2.187114E-01  1.461985E+00  1.510797E+00  9.721393E-02
   m-n        6
    1   6.777109E-01
    2   2.187114E-01
    3   1.461985E+00
    4   1.510797E+00
    5   9.721393E-02
    6   3.060236E+00

   Eigenvalues of D matrix:
     4.8862E+01    2.1770E+01    1.2863E+01    8.1421E+00    2.6054E+00    2.5268E+00
   Determinant of D matrix  5.581150E+028

          Uncoupled force constants (au), Pitzer moment of inertia (amu A^2),
   uncoupled torsional frequencies (cm-1), and uncoupled torsional barrier (kcal/mol)
   --------------------------------------------------------------------------------
   Torsion               1             2             3             4             5
   Force constant   2.14998E-02  1.62400E-02  1.37436E-02  4.31375E-02  2.06478E-02
   Moment          19.758       21.602       31.000       18.332        3.018
   Tor. Freq.        89.734       74.585       57.276      131.957      225.005
   Rot. barrier       4.264        3.220        2.725        8.554        2.879
   M_j,tau            2.516        2.516        2.516        2.516        3.000

   Torsion               6
   Force constant   8.09561E-03
   Moment           3.060
   Tor. Freq.       139.911
   Rot. barrier       1.129
   M_j,tau            3.000
   --------------------------------------------------------------------------------
   Potential Energy =   0.308 kcal/mol
   Weight =  1
   Overall rotational symmetry number =   1

       List of zero-point inclusive energy (kcal/mol) for each structure
      ------------------------------------------------------------------
        Structure            Energy (T = 0 K)
      ------------------------------------------------------------------
          1                    107.50
          2                    107.65
      ZPE of the system =      107.50


     Note: The following SS-HO and SS-T include the Rot. P.F. and Boltzmann factor,
           but are calculated with weight = 1 for each structure. Weights are
           counted in MS partition functions. Zero of energy is set to the potential
           energy of global minimum.

            Partition function of structure    1
     ================================================================
          T(K)      Rot.          SS-HO           SS-T     SS-T/SS-HO
        100.00    8.9061E+004   6.7812E-230   5.4315E-230    0.801
        200.00    2.5190E+005   1.1244E-110   1.0326E-110    0.918
        298.15    4.5850E+005   1.6169E-070   1.6532E-070    1.022
        300.00    4.6278E+005   5.2629E-070   5.3906E-070    1.024
        500.00    9.9574E+005   5.7657E-036   6.8749E-036    1.192
        750.00    1.8293E+006   3.4705E-017   4.5817E-017    1.320
       1000.00    2.8164E+006   1.7364E-006   2.3683E-006    1.364
       1100.00    3.2492E+006   2.8573E-003   3.8924E-003    1.362
       1150.00    3.4732E+006   8.1495E-002   1.1068E-001    1.358
       1200.00    3.7022E+006   1.9057E+000   2.5765E+000    1.352
       1250.00    3.9360E+006   3.7340E+001   5.0188E+001    1.344
       1300.00    4.1745E+006   6.2454E+002   8.3348E+002    1.335
       1350.00    4.4176E+006   9.0594E+003   1.1990E+004    1.324
       1400.00    4.6653E+006   1.1554E+005   1.5150E+005    1.311
       1450.00    4.9175E+006   1.3109E+006   1.7012E+006    1.298
       1500.00    5.1740E+006   1.3370E+007   1.7157E+007    1.283
       1550.00    5.4348E+006   1.2368E+008   1.5681E+008    1.268
       1600.00    5.6999E+006   1.0461E+009   1.3094E+009    1.252
       1650.00    5.9692E+006   8.1465E+009   1.0060E+010    1.235
       1700.00    6.2426E+006   5.8780E+010   7.1563E+010    1.217
       1750.00    6.5200E+006   3.9515E+011   4.7402E+011    1.200
       1800.00    6.8014E+006   2.4873E+012   2.9384E+012    1.181
       1900.00    7.3760E+006   8.2335E+013   9.4194E+013    1.144
       2000.00    7.9659E+006   2.1990E+015   2.4322E+015    1.106
       2500.00    1.1133E+007   2.5479E+021   2.3409E+021    0.919

            Partition function of structure    2
     ================================================================
          T(K)      Rot.          SS-HO           SS-T     SS-T/SS-HO
        100.00    8.8826E+004   3.5419E-230   2.9284E-230    0.827
        200.00    2.5124E+005   9.5027E-111   9.2525E-111    0.974
        298.15    4.5729E+005   1.6269E-070   1.8223E-070    1.120
        300.00    4.6155E+005   5.3073E-070   5.9589E-070    1.123
        500.00    9.9311E+005   6.7423E-036   9.1782E-036    1.361
        750.00    1.8245E+006   4.3794E-017   6.5318E-017    1.491
       1000.00    2.8089E+006   2.2785E-006   3.3593E-006    1.474
       1100.00    3.2406E+006   3.7902E-003   5.4657E-003    1.442
       1150.00    3.4641E+006   1.0862E-001   1.5450E-001    1.422
       1200.00    3.6924E+006   2.5511E+000   3.5737E+000    1.401
       1250.00    3.9256E+006   5.0189E+001   6.9150E+001    1.378
       1300.00    4.1635E+006   8.4263E+002   1.1405E+003    1.353
       1350.00    4.4060E+006   1.2266E+004   1.6291E+004    1.328
       1400.00    4.6530E+006   1.5694E+005   2.0436E+005    1.302
       1450.00    4.9045E+006   1.7862E+006   2.2783E+006    1.276
       1500.00    5.1603E+006   1.8269E+007   2.2810E+007    1.249
       1550.00    5.4205E+006   1.6946E+008   2.0698E+008    1.221
       1600.00    5.6849E+006   1.4370E+009   1.7158E+009    1.194
       1650.00    5.9534E+006   1.1217E+010   1.3088E+010    1.167
       1700.00    6.2261E+006   8.1121E+010   9.2446E+010    1.140
       1750.00    6.5028E+006   5.4651E+011   6.0807E+011    1.113
       1800.00    6.7834E+006   3.4471E+012   3.7433E+012    1.086
       1900.00    7.3565E+006   1.1454E+014   1.1839E+014    1.034
       2000.00    7.9448E+006   3.0695E+015   3.0172E+015    0.983
       2500.00    1.1103E+007   3.6040E+021   2.7406E+021    0.760

     ================================================================
              Partition Functions Including All Structures
        -----------------------------------------------------------
        Zero of energy is set to potential energy of global minimum
        -----------------------------------------------------------
        T(K)    Elec.        Trans.              Con-rovib
                                            MS-LH    or     MS-T
        100.00  2.0000E+000  3.2877E+006  1.0323E-229  8.3598E-230
        200.00  2.0000E+000  1.8598E+007  2.0747E-110  1.9579E-110
        298.15  2.0000E+000  5.0464E+007  3.2437E-070  3.4754E-070
        300.00  2.0000E+000  5.1250E+007  1.0570E-069  1.1350E-069
        500.00  2.0000E+000  1.8379E+008  1.2508E-035  1.6053E-035
        750.00  2.0000E+000  5.0646E+008  7.8499E-017  1.1113E-016
       1000.00  2.0000E+000  1.0397E+009  4.0149E-006  5.7275E-006
       1100.00  2.0000E+000  1.3194E+009  6.6475E-003  9.3581E-003
       1150.00  2.0000E+000  1.4745E+009  1.9011E-001  2.6518E-001
       1200.00  2.0000E+000  1.6400E+009  4.4567E+000  6.1501E+000
       1250.00  2.0000E+000  1.8162E+009  8.7529E+001  1.1934E+002
       1300.00  2.0000E+000  2.0033E+009  1.4672E+003  1.9740E+003
       1350.00  2.0000E+000  2.2015E+009  2.1325E+004  2.8282E+004
       1400.00  2.0000E+000  2.4111E+009  2.7248E+005  3.5586E+005
       1450.00  2.0000E+000  2.6322E+009  3.0971E+006  3.9796E+006
       1500.00  2.0000E+000  2.8650E+009  3.1639E+007  3.9967E+007
       1550.00  2.0000E+000  3.1097E+009  2.9315E+008  3.6379E+008
       1600.00  2.0000E+000  3.3666E+009  2.4831E+009  3.0252E+009
       1650.00  2.0000E+000  3.6358E+009  1.9364E+010  2.3148E+010
       1700.00  2.0000E+000  3.9175E+009  1.3990E+011  1.6401E+011
       1750.00  2.0000E+000  4.2120E+009  9.4165E+011  1.0821E+012
       1800.00  2.0000E+000  4.5193E+009  5.9343E+012  6.6817E+012
       1900.00  2.0000E+000  5.1734E+009  1.9687E+014  2.1258E+014
       2000.00  2.0000E+000  5.8812E+009  5.2685E+015  5.4493E+015
       2500.00  2.0000E+000  1.0274E+010  6.1518E+021  5.0815E+021

             Total Partition Function (E + T + Con-rovib)
             ---------------------------------------------
                T(K)     E + T + MS-LH     E + T + MS-T
                100.00     6.7878E-223       5.4969E-223
                200.00     7.7170E-103       7.2825E-103
                298.15     3.2738E-062       3.5076E-062
                300.00     1.0834E-061       1.1633E-061
                500.00     4.5976E-027       5.9007E-027
                750.00     7.9513E-008       1.1257E-007
               1000.00     8.3483E+003       1.1909E+004
               1100.00     1.7541E+007       2.4694E+007
               1150.00     5.6063E+008       7.8200E+008
               1200.00     1.4618E+010       2.0173E+010
               1250.00     3.1794E+011       4.3349E+011
               1300.00     5.8784E+012       7.9089E+012
               1350.00     9.3897E+013       1.2453E+014
               1400.00     1.3140E+015       1.7160E+015
               1450.00     1.6304E+016       2.0950E+016
               1500.00     1.8129E+017       2.2901E+017
               1550.00     1.8232E+018       2.2625E+018
               1600.00     1.6719E+019       2.0369E+019
               1650.00     1.4081E+020       1.6832E+020
               1700.00     1.0961E+021       1.2850E+021
               1750.00     7.9324E+021       9.1155E+021
               1800.00     5.3638E+022       6.0394E+022
               1900.00     2.0370E+024       2.1995E+024
               2000.00     6.1971E+025       6.4097E+025
               2500.00     1.2641E+032       1.0442E+032

     ================================================================
              Partition Functions Including All Structures
        -----------------------------------------------------------
                    Zero of energy is set to ZPE
        -----------------------------------------------------------
        T(K)             Con-rovib                Total
                   MS-LH        MS-T       E+T+MS-LH    E+T+MS-T
        100.00  8.7135E+005  7.0564E+005  5.7295E+012  4.6398E+012
        200.00  6.0276E+007  5.6882E+007  2.2420E+015  2.1158E+015
        298.15  2.0218E+009  2.1662E+009  2.0406E+017  2.1863E+017
        300.00  2.1522E+009  2.3108E+009  2.2060E+017  2.3686E+017
        500.00  1.2091E+012  1.5518E+012  4.4444E+020  5.7040E+020
        750.00  1.6534E+015  2.3408E+015  1.6748E+024  2.3710E+024
       1000.00  1.2483E+018  1.7808E+018  2.5956E+027  3.7028E+027
       1100.00  1.5122E+019  2.1288E+019  3.9903E+028  5.6174E+028
       1150.00  5.0979E+019  7.1108E+019  1.5033E+029  2.0969E+029
       1200.00  1.6835E+020  2.3232E+020  5.5219E+029  7.6201E+029
       1250.00  5.4483E+020  7.4283E+020  1.9791E+030  2.6983E+030
       1300.00  1.7288E+021  2.3259E+021  6.9266E+030  9.3192E+030
       1350.00  5.3808E+021  7.1361E+021  2.3692E+031  3.1421E+031
       1400.00  1.6436E+022  2.1465E+022  7.9257E+031  1.0351E+032
       1450.00  4.9292E+022  6.3337E+022  2.5949E+032  3.3342E+032
       1500.00  1.4521E+023  1.8343E+023  8.3202E+032  1.0510E+033
       1550.00  4.2036E+023  5.2166E+023  2.6144E+033  3.2444E+033
       1600.00  1.1964E+024  1.4576E+024  8.0558E+033  9.8146E+033
       1650.00  3.3493E+024  4.0038E+024  2.4355E+034  2.9114E+034
       1700.00  9.2261E+024  1.0816E+025  7.2287E+034  8.4744E+034
       1750.00  2.5018E+025  2.8749E+025  2.1075E+035  2.4218E+035
       1800.00  6.6810E+025  7.5224E+025  6.0387E+035  6.7992E+035
       1900.00  4.5575E+026  4.9212E+026  4.7156E+036  5.0919E+036
       2000.00  2.9377E+027  3.0385E+027  3.4554E+037  3.5740E+037
       2500.00  1.5348E+031  1.2678E+031  3.1538E+041  2.6051E+041
     ================================================================

                     ==============================
                          Thermodynamic Functions
                      (Ideal gas at standard state)
                     ==============================
     T  - Temperature (Kelvin)        G  - Gibbs Free Energy (kcal/mol)
     E  - Thermal Energy (kcal/mol)   H  - Enthalpy (kcal/mol)
     S  - Entropy (cal/(mol-K))
     Cp - Heat Capacity at Constant Pressure (cal/(mol-K))
        -----------------------------------------------------------
        Zero of energy is set to potential energy of global minimum
        -----------------------------------------------------------

               Contribution from electronic P.F. 
     ================================================================
                  T          G          E          S
                100.00      -0.138      0.000      1.377
                200.00      -0.275      0.000      1.377
                298.15      -0.411      0.000      1.377
                300.00      -0.413      0.000      1.377
                500.00      -0.689      0.000      1.377
                750.00      -1.033      0.000      1.377
               1000.00      -1.377      0.000      1.377
               1100.00      -1.515      0.000      1.377
               1150.00      -1.584      0.000      1.377
               1200.00      -1.653      0.000      1.377
               1250.00      -1.722      0.000      1.377
               1300.00      -1.791      0.000      1.377
               1350.00      -1.860      0.000      1.377
               1400.00      -1.928      0.000      1.377
               1450.00      -1.997      0.000      1.377
               1500.00      -2.066      0.000      1.377
               1550.00      -2.135      0.000      1.377
               1600.00      -2.204      0.000      1.377
               1650.00      -2.273      0.000      1.377
               1700.00      -2.342      0.000      1.377
               1750.00      -2.411      0.000      1.377
               1800.00      -2.479      0.000      1.377
               1900.00      -2.617      0.000      1.377
               2000.00      -2.755      0.000      1.377
               2500.00      -3.444      0.000      1.377

               Contribution from translational P.F. 
     ================================================================
                  T          G          E          S
                100.00      -2.982      0.298     34.788
                200.00      -6.653      0.596     38.231
                298.15     -10.509      0.889     40.215
                300.00     -10.583      0.894     40.246
                500.00     -18.908      1.490     42.783
                750.00     -29.872      2.236     44.798
               1000.00     -41.259      2.981     46.227
               1100.00     -45.906      3.279     46.700
               1150.00     -48.246      3.428     46.921
               1200.00     -50.598      3.577     47.133
               1250.00     -52.959      3.726     47.336
               1300.00     -55.331      3.875     47.530
               1350.00     -57.712      4.024     47.718
               1400.00     -60.103      4.173     47.899
               1450.00     -62.502      4.322     48.073
               1500.00     -64.910      4.471     48.241
               1550.00     -67.326      4.620     48.404
               1600.00     -69.750      4.769     48.562
               1650.00     -72.182      4.918     48.715
               1700.00     -74.622      5.067     48.863
               1750.00     -77.068      5.216     49.007
               1800.00     -79.522      5.365     49.147
               1900.00     -84.451      5.664     49.416
               2000.00     -89.405      5.962     49.671
               2500.00    -114.528      7.452     50.779

        Contribution from conformational-rovibrational P.F. (MS-LH)
     ================================================================
                  T          G          E          S
                100.00     104.778    108.440     36.625
                200.00     100.376    110.541     50.825
                298.15      94.801    113.468     62.611
                300.00      94.685    113.532     62.825
                500.00      79.853    122.485     85.265
                750.00      55.270    138.419    110.866
               1000.00      24.692    157.926    133.234
               1100.00      10.959    166.444    141.350
               1150.00       3.794    170.827    145.246
               1200.00      -3.564    175.284    149.040
               1250.00     -11.108    179.811    152.736
               1300.00     -18.836    184.402    156.337
               1350.00     -26.741    189.053    159.847
               1400.00     -34.819    193.760    163.270
               1450.00     -43.066    198.518    166.610
               1500.00     -51.479    203.324    169.869
               1550.00     -60.052    208.176    173.050
               1600.00     -68.782    213.070    176.157
               1650.00     -77.666    218.002    179.193
               1700.00     -86.701    222.972    182.160
               1750.00     -95.881    227.976    185.061
               1800.00    -105.206    233.012    187.899
               1900.00    -124.272    243.174    193.392
               2000.00    -143.877    253.442    198.659
               2500.00    -249.252    306.007    222.103

        Contribution from conformational-rovibrational P.F. (MS-T)
     ================================================================
                  T          G          E          S
                100.00     104.820    108.471     36.512
                200.00     100.399    110.655     51.278
                298.15      94.760    113.673     63.435
                300.00      94.642    113.739     63.655
                500.00      79.605    122.805     86.399
                750.00      54.751    138.620    111.825
               1000.00      23.986    157.739    133.753
               1100.00      10.212    166.039    141.661
               1150.00       3.033    170.301    145.450
               1200.00      -4.332    174.631    149.135
               1250.00     -11.878    179.022    152.721
               1300.00     -19.602    183.472    156.211
               1350.00     -27.498    187.975    159.609
               1400.00     -35.562    192.527    162.920
               1450.00     -43.789    197.125    166.148
               1500.00     -52.175    201.767    169.294
               1550.00     -60.717    206.448    172.364
               1600.00     -69.410    211.166    175.360
               1650.00     -78.252    215.919    178.285
               1700.00     -87.238    220.704    181.142
               1750.00     -96.365    225.519    183.933
               1800.00    -105.630    230.362    186.662
               1900.00    -124.562    240.126    191.941
               2000.00    -144.011    249.982    196.996
               2500.00    -248.302    300.321    219.449

     Total (Translational + Electronic + conformational-rovib.(MS-LH))
     ======================================================================
              T          G          E          H          S          Cp
            100.00     101.658    108.739    108.937     72.790     21.171
            200.00      93.448    111.137    111.535     90.434     30.335
            298.15      83.881    114.357    114.949    104.203     39.507
            300.00      83.688    114.426    115.023    104.448     39.693
            500.00      60.257    123.976    124.969    129.426     59.255
            750.00      24.364    140.655    142.145    157.041     76.857
           1000.00     -17.944    160.907    162.894    180.838     88.365
           1100.00     -36.462    169.723    171.909    189.428     91.840
           1150.00     -46.036    174.255    176.540    193.545     93.389
           1200.00     -55.814    178.861    181.246    197.550     94.827
           1250.00     -65.790    183.537    186.021    201.449     96.161
           1300.00     -75.957    188.277    190.861    205.245     97.401
           1350.00     -86.312    193.077    195.760    208.942     98.555
           1400.00     -96.850    197.933    200.715    212.546     99.628
           1450.00    -107.566    202.840    205.721    216.060    100.628
           1500.00    -118.455    207.796    210.776    219.487    101.560
           1550.00    -129.513    212.796    215.876    222.832    102.430
           1600.00    -140.736    217.839    221.018    226.097    103.242
           1650.00    -152.121    222.921    226.200    229.285    104.001
           1700.00    -163.664    228.039    231.418    232.401    104.712
           1750.00    -175.360    233.193    236.670    235.446    105.377
           1800.00    -187.207    238.378    241.955    238.423    106.001
           1900.00    -211.340    248.837    252.613    244.186    107.136
           2000.00    -236.036    259.403    263.378    249.707    108.139
           2500.00    -367.223    313.459    318.427    274.260    111.726

     Total (Translational + Electronic + conformational-rovib.(MS-T))
     ======================================================================
              T          G          E          H          S          Cp
            100.00     101.700    108.769    108.968     72.677     21.841
            200.00      93.471    111.251    111.648     90.886     31.252
            298.15      83.840    114.562    115.154    105.027     40.404
            300.00      83.646    114.633    115.229    105.278     40.587
            500.00      60.009    124.295    125.289    130.560     59.386
            750.00      23.846    140.856    142.346    158.000     75.805
           1000.00     -18.650    160.720    162.707    181.357     86.351
           1100.00     -37.209    169.318    171.504    189.739     89.502
           1150.00     -46.797    173.729    176.015    193.749     90.901
           1200.00     -56.582    178.208    180.592    197.646     92.195
           1250.00     -66.560    182.748    185.233    201.434     93.393
           1300.00     -76.724    187.347    189.930    205.119     94.503
           1350.00     -87.070    191.999    194.681    208.705     95.532
           1400.00     -97.593    196.700    199.482    212.196     96.488
           1450.00    -108.288    201.448    204.329    215.598     97.375
           1500.00    -119.151    206.238    209.219    218.913     98.201
           1550.00    -130.178    211.068    214.148    222.146     98.969
           1600.00    -141.365    215.935    219.115    225.299     99.685
           1650.00    -152.707    220.837    224.116    228.377    100.352
           1700.00    -164.201    225.771    229.149    231.382    100.975
           1750.00    -175.844    230.735    234.213    234.318    101.558
           1800.00    -187.632    235.727    239.304    237.187    102.102
           1900.00    -211.630    245.789    249.565    242.734    103.090
           2000.00    -236.171    255.944    259.918    248.044    103.959
           2500.00    -366.274    307.773    312.741    271.606    107.038

                        --------------------------------
                         Zero of energy is set to ZPE
                        --------------------------------

     Total (Translational + Electronic + conformational-rovib.(MS-LH))
     ======================================================================
              T          G          E          H          S          Cp
            100.00      -5.838      1.242      1.441     72.790     21.171
            200.00     -14.048      3.641      4.039     90.434     30.335
            298.15     -23.615      6.861      7.453    104.203     39.507
            300.00     -23.808      6.930      7.527    104.448     39.693
            500.00     -47.239     16.480     17.473    129.426     59.255
            750.00     -83.132     33.159     34.649    157.041     76.857
           1000.00    -125.440     53.411     55.398    180.838     88.365
           1100.00    -143.958     62.227     64.413    189.428     91.840
           1150.00    -153.532     66.759     69.044    193.545     93.389
           1200.00    -163.310     71.365     73.750    197.550     94.827
           1250.00    -173.286     76.041     78.525    201.449     96.161
           1300.00    -183.453     80.781     83.365    205.245     97.401
           1350.00    -193.808     85.581     88.264    208.942     98.555
           1400.00    -204.346     90.437     93.219    212.546     99.628
           1450.00    -215.062     95.344     98.225    216.060    100.628
           1500.00    -225.951    100.300    103.280    219.487    101.560
           1550.00    -237.009    105.300    108.380    222.832    102.430
           1600.00    -248.233    110.343    113.522    226.097    103.242
           1650.00    -259.617    115.425    118.704    229.285    104.001
           1700.00    -271.160    120.543    123.922    232.401    104.712
           1750.00    -282.856    125.696    129.174    235.446    105.377
           1800.00    -294.703    130.882    134.459    238.423    106.001
           1900.00    -318.836    141.341    145.117    244.186    107.136
           2000.00    -343.532    151.907    155.882    249.707    108.139
           2500.00    -474.719    205.963    210.931    274.260    111.726

     Total (Translational + Electronic + conformational-rovib.(MS-T))
     ======================================================================
              T          G          E          H          S          Cp
            100.00      -5.796      1.273      1.472     72.677     21.841
            200.00     -14.025      3.755      4.152     90.886     31.252
            298.15     -23.656      7.066      7.658    105.027     40.404
            300.00     -23.850      7.137      7.733    105.278     40.587
            500.00     -47.487     16.799     17.793    130.560     59.386
            750.00     -83.650     33.360     34.850    158.000     75.805
           1000.00    -126.146     53.224     55.211    181.357     86.351
           1100.00    -144.705     61.822     64.008    189.739     89.502
           1150.00    -154.293     66.233     68.519    193.749     90.901
           1200.00    -164.078     70.712     73.096    197.646     92.195
           1250.00    -174.056     75.252     77.736    201.434     93.393
           1300.00    -184.220     79.851     82.434    205.119     94.503
           1350.00    -194.566     84.503     87.185    208.705     95.532
           1400.00    -205.089     89.204     91.986    212.196     96.488
           1450.00    -215.784     93.952     96.833    215.598     97.375
           1500.00    -226.647     98.742    101.723    218.913     98.201
           1550.00    -237.674    103.572    106.652    222.146     98.969
           1600.00    -248.861    108.439    111.619    225.299     99.685
           1650.00    -260.203    113.341    116.620    228.377    100.352
           1700.00    -271.697    118.275    121.653    231.382    100.975
           1750.00    -283.340    123.239    126.717    234.318    101.558
           1800.00    -295.128    128.231    131.808    237.187    102.102
           1900.00    -319.126    138.293    142.069    242.734    103.090
           2000.00    -343.667    148.448    152.422    248.044    103.959
           2500.00    -473.770    200.277    205.245    271.606    107.038

 ==============================End of MSTor output==============================
