
 *******************************************************************************

   MSTor program version 2013 (2013)

   Jingjing Zheng, Steven L. Mielke, and Donald G. Truhlar

   Department of Chemistry and Supercomputing Institute
   University of Minnesota, Minneapolis, Minnesota, USA

   Copyright 2013
   Donald G. Truhlar and Regents of the University of Minnesota

   Citations: 
   MS-T(U) method
     J. Zheng, T. Yu, E. Papajak, I. M. Alecu, S. L. Mielke, and D. G. Truhlar,
     Phys. Chem. Chem. Phys. 13, 10885-10907 (2011).
   MS-T(C) method
     J. Zheng and D. G. Truhlar, J. Chem. Theory Comput., DOI: 10.1021/ct3010722.
   MSTor program
     J. Zheng, S. L. Mielke, K. L Clarkson, and D. G. Truhlar,
     Comp. Phys. Comm. 183, 1803-1812 (2012).
     J. Zheng, R. Meana-Paneda, and D. G. Truhlar, Comp. Phys. Comm.
     to be published as new version announcement.

 *******************************************************************************

                    Naming conventions for the MS methods
   -----------------------------------------------------------------------------
   Common name        Original or other names
   -----------------------------------------------------------------------------
   MS-LH         =    MS-HO (ref. 1)   =   MS-AS-HO (ref. 2)
   MS-T          =    MS-AS (ref. 1)   =   MS-AS-T  (ref. 2)
   -----------------------------------------------------------------------------
   Ref. 1: J. Zheng, T. Yu, E. Papajak, I. M. Alecu, S. L. Mielke, and
           D. G. Truhlar, Phys. Chem. Chem. Phys. 13, 10885 (2011).
   Ref. 2: T. Yu, J. Zheng, and D. G. Truhlar, Chem. Sci. 2, 2199 (2011)

   Calculation run on 12/31/2021 at 20:34:20  

   Number of structures:             5
   Number of torsions:               6
   Method:                           MS-T(C)
   Frequency scaling factor:         0.964
   Delta T for finite difference:    0.5 K
   Internal coordinates
     Bonds:         01-02  01-18  01-19  01-20  02-03  02-16  02-17  03-04  03-14
     Bonds:         03-15  04-05  04-12  05-06  05-08  06-07  07-09  07-10  07-11
     Bonds:         04-13
     Angles:        01-02-03  02-03-15  03-02-17  03-04-13  04-03-14  04-03-15
     Angles:        04-05-06  04-05-08  05-04-12  05-06-07  06-07-09  06-07-10
     Angles:        09-07-11  12-04-13  16-02-17  18-01-19  18-01-20  19-01-20
     Linear Angles: 
     Dihedrals:     01-03-16-02  02-14-15-03  02-18-19-01  02-19-20-01
     Dihedrals:     03-05-12-04  03-12-13-04  03-16-17-02  04-06-08-05
     Dihedrals:     04-14-15-03  09-10-11-07  06-09-11-07  04-03-02-01
     Dihedrals:     05-04-03-02  06-05-04-03  07-06-05-04  03-02-01-18
     Dihedrals:     05-06-07-09

   All moment output uses units of amu for masses and Angstroms for distances 

                           ==========================
                                Structure   1
                           ==========================

   Normal-mode Frequencies (cm-1) 
   (Overall translation and rotation projected out)
       0.0000i      0.0000i      0.0000i      0.0000       0.0000       0.0000 
      35.8498      73.6864     104.4605     140.3878     174.0084     209.9407 
     243.5354     252.0126     302.5272     360.8465     515.8140     580.2134 
     652.4792     736.9697     837.7560     843.5000     915.5756     935.0577 
    1014.2721    1052.5510    1066.8427    1107.4836    1130.3615    1164.0526 
    1191.3356    1211.0438    1245.4802    1266.8844    1303.2256    1311.7495 
    1384.3856    1394.0856    1399.7581    1433.8862    1454.7960    1460.0396 
    1463.8279    1468.7629    1475.1689    1477.7240    1481.3507    1824.3258 
    2993.6176    2998.8480    3007.0904    3017.9033    3028.3602    3043.3315 
    3058.7488    3068.0199    3078.7572    3084.3275    3112.7161    3146.0506 
   Torsion-projected frequencies/non-torsional frequencies (cm-1)
     209.0778     251.0670     301.5215     360.7216     515.7855     577.8090 
     651.7878     735.7633     837.7307     843.4779     915.5503     935.0270 
    1014.2643    1052.5466    1066.8295    1107.4739    1130.3557    1163.7373 
    1191.3343    1211.0291    1245.4550    1266.8513    1303.2116    1311.6970 
    1384.3848    1394.0849    1399.7551    1433.8752    1454.7957    1460.0394 
    1463.7456    1468.7581    1475.1685    1477.7240    1481.3481    1824.3254 
    2993.6168    2998.8480    3007.0903    3017.9031    3028.3602    3043.3249 
    3058.7465    3068.0186    3078.7540    3084.3273    3112.7072    3146.0506 
   Product of consistently coupled torsional frequencies (in cm-1^ntor)  1.6733E+12
   Primitively coupled torsional frequencies (cm-1) (Not used)
      39.3476      84.5144     109.5413     142.9504     184.6774     246.0504 
   Product of primitively coupled torsional frequencies (in cm-1^ntor)   2.3662E+12
   Effective coupled torsional barrier (kcal/mol)
        1.109        1.572        2.776        4.437        8.859        9.068 

   D matrix: 
   m-n        1             2             3             4             5
    1   2.192533E+01 -2.389494E+00 -3.517976E+00 -1.116995E+00  1.433644E+00
    2  -2.389494E+00  2.283129E+01  7.294172E+00  4.815638E+00  2.174110E+00
    3  -3.517976E+00  7.294172E+00  4.292709E+01 -1.258834E+01  4.653739E-01
    4  -1.116995E+00  4.815638E+00 -1.258834E+01  1.746673E+01  4.089207E-01
    5   1.433644E+00  2.174110E+00  4.653739E-01  4.089207E-01  3.024541E+00
    6  -3.098791E-01  8.734555E-01  2.286197E+00  1.404998E+00  6.569997E-02
   m-n        6
    1  -3.098791E-01
    2   8.734555E-01
    3   2.286197E+00
    4   1.404998E+00
    5   6.569997E-02
    6   3.111451E+00

   Eigenvalues of D matrix:
     4.9561E+01    2.7078E+01    2.0651E+01    8.8418E+00    2.6408E+00    2.5134E+00
   Determinant of D matrix  1.237596E+029

          Uncoupled force constants (au), Pitzer moment of inertia (amu A^2),
   uncoupled torsional frequencies (cm-1), and uncoupled torsional barrier (kcal/mol)
   --------------------------------------------------------------------------------
   Torsion               1             2             3             4             5
   Force constant   2.18589E-02  4.15801E-02  1.08283E-02  4.46493E-02  2.08061E-02
   Moment          21.925       22.831       42.927       17.467        3.025
   Tor. Freq.        85.891      116.087       43.204      137.533      225.617
   Rot. barrier       4.371        8.315        2.165        8.929        2.901
   M_j,tau            2.505        2.505        2.505        2.505        3.000

   Torsion               6
   Force constant   8.17352E-03
   Moment           3.111
   Tor. Freq.       139.421
   Rot. barrier       1.140
   M_j,tau            3.000
   --------------------------------------------------------------------------------
   Potential Energy =   0.000 kcal/mol
   Weight =  2
   Overall rotational symmetry number =   1

                           ==========================
                                Structure   2
                           ==========================

   Normal-mode Frequencies (cm-1) 
   (Overall translation and rotation projected out)
       0.0000i      0.0000       0.0000       0.0000       0.0000       0.0001 
      29.3097      67.8256     103.2197     117.2406     137.4356     175.6137 
     241.8292     254.0100     304.5467     342.9951     482.3608     577.6879 
     698.9692     718.0851     790.3404     892.7990     920.2083     923.9863 
    1026.9703    1057.8348    1078.7438    1111.9010    1130.0865    1164.0582 
    1190.6914    1211.8145    1222.7235    1287.9878    1289.4292    1304.0102 
    1365.4232    1396.4413    1410.8224    1435.6149    1458.9601    1463.5680 
    1464.0067    1471.1618    1474.7736    1478.0222    1484.4682    1827.6333 
    2988.6759    3000.7831    3010.0966    3017.2821    3022.9521    3028.0457 
    3047.3763    3067.7430    3078.7198    3084.7441    3112.2966    3145.3317 
   Torsion-projected frequencies/non-torsional frequencies (cm-1)
     103.2197     254.0100     304.5467     342.9951     482.3608     574.7130 
     698.9692     716.2904     790.1913     892.7990     920.0387     923.9863 
    1026.9703    1057.8348    1078.7438    1111.8708    1130.0865    1163.7570 
    1190.6914    1211.7821    1222.7235    1287.9429    1289.4292    1303.9806 
    1365.4232    1396.4413    1410.8224    1435.6149    1458.9601    1463.4829 
    1464.0067    1471.1618    1474.7709    1478.0222    1484.4682    1827.6333 
    2988.6759    3000.7831    3010.0966    3017.2821    3022.9514    3028.0457 
    3047.3725    3067.7421    3078.7187    3084.7441    3112.2876    3145.3317 
   Product of consistently coupled torsional frequencies (in cm-1^ntor)  1.3719E+12
   Primitively coupled torsional frequencies (cm-1) (Not used)
      33.8572      74.1246     121.8968     139.7514     183.9816     245.9250 
   Product of primitively coupled torsional frequencies (in cm-1^ntor)   1.9344E+12
   Effective coupled torsional barrier (kcal/mol)
        0.737        1.089        2.534        2.872        3.958        7.348 

   D matrix: 
   m-n        1             2             3             4             5
    1   1.938864E+01 -3.949177E+00  1.521278E+01 -5.240665E+00  9.482525E-01
    2  -3.949177E+00  2.077649E+01 -4.295204E+00  8.270964E+00  2.226706E+00
    3   1.521278E+01 -4.295204E+00  2.946916E+01 -1.218500E+01  1.197413E+00
    4  -5.240665E+00  8.270964E+00 -1.218500E+01  1.818163E+01  2.488802E-01
    5   9.482525E-01  2.226706E+00  1.197413E+00  2.488802E-01  3.008614E+00
    6   7.393604E-01  2.574634E-01  1.339857E+00  1.485692E+00  1.064134E-01
   m-n        6
    1   7.393604E-01
    2   2.574634E-01
    3   1.339857E+00
    4   1.485692E+00
    5   1.064134E-01
    6   3.048632E+00

   Eigenvalues of D matrix:
     4.9182E+01    2.1329E+01    1.1836E+01    6.4665E+00    2.4629E+00    2.5960E+00
   Determinant of D matrix  3.906345E+028

          Uncoupled force constants (au), Pitzer moment of inertia (amu A^2),
   uncoupled torsional frequencies (cm-1), and uncoupled torsional barrier (kcal/mol)
   --------------------------------------------------------------------------------
   Torsion               1             2             3             4             5
   Force constant   2.23964E-02  1.65579E-02  5.14978E-03  4.38253E-02  2.06856E-02
   Moment          19.389       20.776       29.469       18.182        3.009
   Tor. Freq.        92.453       76.793       35.960      133.552      225.557
   Rot. barrier       3.701        2.736        0.851        7.243        2.885
   M_j,tau            2.756        2.756        2.756        2.756        3.000

   Torsion               6
   Force constant   8.03709E-03
   Moment           3.049
   Tor. Freq.       139.670
   Rot. barrier       1.121
   M_j,tau            3.000
   --------------------------------------------------------------------------------
   Potential Energy =   0.146 kcal/mol
   Weight =  1
   Overall rotational symmetry number =   1

                           ==========================
                                Structure   3
                           ==========================

   Normal-mode Frequencies (cm-1) 
   (Overall translation and rotation projected out)
       0.0000i      0.0000i      0.0000i      0.0000       0.0000       0.0000 
      33.0974      51.3450     117.4248     142.8053     175.6570     193.2380 
     261.5274     275.3945     346.2437     391.4170     478.4639     582.1214 
     656.1636     747.1947     826.6626     846.2197     914.3824     944.6212 
     978.2172    1051.0755    1071.3879    1094.7823    1133.0099    1164.1050 
    1188.8155    1195.3670    1236.6222    1263.6131    1299.4774    1347.4633 
    1374.4995    1394.4497    1399.7381    1436.4019    1452.7557    1460.2245 
    1463.7548    1469.5865    1477.6735    1478.3724    1484.0396    1823.9126 
    2998.7093    3006.8346    3012.3839    3021.8164    3028.1760    3051.9311 
    3062.1259    3076.6160    3079.3365    3083.8477    3112.4881    3145.7881 
   Torsion-projected frequencies/non-torsional frequencies (cm-1)
     190.6885     274.5590     344.5906     390.9137     477.4310     579.7218 
     656.0694     746.5824     826.6314     846.1243     914.3253     944.5954 
     978.1567    1051.0629    1071.3464    1094.7620    1133.0056    1163.7857 
    1188.8094    1195.3608    1236.5904    1263.5974    1299.4505    1347.4599 
    1374.4985    1394.4386    1399.7329    1436.3598    1452.7475    1460.2238 
    1463.6722    1469.5720    1477.6722    1478.3308    1484.0341    1823.9124 
    2998.7074    3006.8345    3012.3810    3021.8144    3028.1760    3051.9275 
    3062.1248    3076.6142    3079.3354    3083.8447    3112.4792    3145.7881 
   Product of consistently coupled torsional frequencies (in cm-1^ntor)  1.3497E+12
   Primitively coupled torsional frequencies (cm-1) (Not used)
      35.4924      56.1838     128.3655     146.5775     186.2706     265.1181 
   Product of primitively coupled torsional frequencies (in cm-1^ntor)   1.8529E+12
   Effective coupled torsional barrier (kcal/mol)
        1.122        1.448        2.134        4.773        9.025        9.297 

   D matrix: 
   m-n        1             2             3             4             5
    1   2.652816E+01  2.130129E+01 -7.154439E+00  5.926516E+00  1.363554E+00
    2   2.130129E+01  4.352644E+01  7.033059E+00  9.593592E+00 -3.235839E-01
    3  -7.154439E+00  7.033059E+00  4.066920E+01 -1.111059E+01  6.115066E-01
    4   5.926516E+00  9.593592E+00 -1.111059E+01  1.803350E+01 -2.994859E-01
    5   1.363554E+00 -3.235839E-01  6.115066E-01 -2.994859E-01  3.075831E+00
    6  -5.507556E-02  1.224426E+00  2.206325E+00  1.562138E+00  2.465855E-02
   m-n        6
    1  -5.507556E-02
    2   1.224426E+00
    3   2.206325E+00
    4   1.562138E+00
    5   2.465855E-02
    6   3.116313E+00

   Eigenvalues of D matrix:
     6.1020E+01    4.7271E+01    1.4447E+01    6.9823E+00    2.7570E+00    2.4723E+00
   Determinant of D matrix  1.509151E+029

          Uncoupled force constants (au), Pitzer moment of inertia (amu A^2),
   uncoupled torsional frequencies (cm-1), and uncoupled torsional barrier (kcal/mol)
   --------------------------------------------------------------------------------
   Torsion               1             2             3             4             5
   Force constant   2.30481E-02  3.83311E-02  1.05024E-02  4.49521E-02  2.03969E-02
   Moment          26.528       43.526       40.669       18.034        3.076
   Tor. Freq.        80.181       80.724       43.714      135.813      221.516
   Rot. barrier       4.695        7.808        2.139        9.157        2.844
   M_j,tau            2.482        2.482        2.482        2.482        3.000

   Torsion               6
   Force constant   8.28057E-03
   Moment           3.116
   Tor. Freq.       140.222
   Rot. barrier       1.155
   M_j,tau            3.000
   --------------------------------------------------------------------------------
   Potential Energy =   0.687 kcal/mol
   Weight =  2
   Overall rotational symmetry number =   1

                           ==========================
                                Structure   4
                           ==========================

   Normal-mode Frequencies (cm-1) 
   (Overall translation and rotation projected out)
       0.0000i      0.0000i      0.0000       0.0000       0.0000       0.0001 
      25.9743      58.5762     104.8540     137.8060     140.0924     173.8570 
     235.9612     278.5735     309.7237     414.2723     438.1639     578.8777 
     696.1840     742.5430     786.8974     879.8342     918.0718     934.7472 
     983.4631    1054.4390    1086.8068    1110.3966    1126.5733    1164.1879 
    1191.1304    1200.9386    1227.8657    1276.8313    1296.2219    1335.9697 
    1356.5926    1397.1037    1407.3945    1436.5487    1458.0544    1463.4925 
    1463.8681    1468.1719    1477.5688    1478.3356    1483.2974    1826.3514 
    2995.4707    3000.5409    3010.6546    3018.2649    3027.7456    3041.4343 
    3053.8612    3073.6581    3078.1652    3084.3379    3111.8595    3145.0985 
   Torsion-projected frequencies/non-torsional frequencies (cm-1)
     156.9718     264.9837     308.9969     413.7107     437.2987     575.4075 
     696.0826     742.1346     786.4243     879.8109     918.0623     934.6287 
     983.3328    1054.3912    1086.8046    1110.3559    1126.5698    1163.8908 
    1191.1263    1200.9285    1227.8491    1276.7729    1296.1731    1335.9613 
    1356.5845    1397.1018    1407.3913    1436.5480    1458.0537    1463.4120 
    1463.8597    1468.1695    1477.5650    1478.3344    1483.2925    1826.3513 
    2995.4706    3000.5392    3010.6532    3018.2647    3027.7456    3041.4340 
    3053.8562    3073.6568    3078.1640    3084.3364    3111.8505    3145.0985 
   Product of consistently coupled torsional frequencies (in cm-1^ntor)  8.5797E+11
   Primitively coupled torsional frequencies (cm-1) (Not used)
      31.6797      60.2825     119.2799     140.2579     183.0335     244.4860 
   Product of primitively coupled torsional frequencies (in cm-1^ntor)   1.4297E+12
   Effective coupled torsional barrier (kcal/mol)
        0.681        1.102        2.205        2.526        5.115        7.257 

   D matrix: 
   m-n        1             2             3             4             5
    1   1.850846E+01  6.854167E+00  1.225436E+01 -5.490969E-01  1.261628E+00
    2   6.854167E+00  3.324343E+01  4.731837E+00  9.550188E+00 -4.589419E-01
    3   1.225436E+01  4.731837E+00  2.645701E+01 -8.370797E+00  8.384355E-01
    4  -5.490969E-01  9.550188E+00 -8.370797E+00  1.748991E+01 -2.887028E-01
    5   1.261628E+00 -4.589419E-01  8.384355E-01 -2.887028E-01  3.077644E+00
    6   8.441121E-01  1.008011E+00  1.384759E+00  1.717814E+00  3.973090E-02
   m-n        6
    1   8.441121E-01
    2   1.008011E+00
    3   1.384759E+00
    4   1.717814E+00
    5   3.973090E-02
    6   3.068011E+00

   Eigenvalues of D matrix:
     4.2554E+01    3.5262E+01    1.1623E+01    6.9965E+00    2.9354E+00    2.4737E+00
   Determinant of D matrix  6.741992E+028

          Uncoupled force constants (au), Pitzer moment of inertia (amu A^2),
   uncoupled torsional frequencies (cm-1), and uncoupled torsional barrier (kcal/mol)
   --------------------------------------------------------------------------------
   Torsion               1             2             3             4             5
   Force constant   2.47982E-02  1.68334E-02  4.88711E-03  4.36188E-02  2.12953E-02
   Moment          18.508       33.243       26.457       17.490        3.078
   Tor. Freq.        99.570       61.212       36.971      135.846      226.276
   Rot. barrier       4.067        2.761        0.802        7.154        2.970
   M_j,tau            2.766        2.766        2.766        2.766        3.000

   Torsion               6
   Force constant   8.13281E-03
   Moment           3.068
   Tor. Freq.       140.055
   Rot. barrier       1.134
   M_j,tau            3.000
   --------------------------------------------------------------------------------
   Potential Energy =   0.728 kcal/mol
   Weight =  2
   Overall rotational symmetry number =   1

                           ==========================
                                Structure   5
                           ==========================

   Normal-mode Frequencies (cm-1) 
   (Overall translation and rotation projected out)
       0.0001i      0.0000i      0.0000i      0.0000i      0.0000i      0.0000 
      36.6227      69.2932      90.3661     139.8108     178.7835     203.4907 
     244.6905     257.0324     308.6509     381.4161     504.5984     601.3936 
     660.6443     740.7369     838.5146     849.1175     883.4531     937.5362 
    1007.6703    1050.7734    1075.2591    1112.6810    1128.4866    1164.3796 
    1194.1779    1209.8808    1246.2898    1286.6074    1305.6165    1324.6690 
    1357.8056    1387.3166    1397.8124    1441.4545    1453.8097    1462.7800 
    1463.5592    1467.0676    1475.0515    1477.6472    1481.2284    1825.9702 
    2993.9737    2999.6953    3009.2588    3021.9229    3027.9314    3030.8781 
    3060.8961    3077.3141    3085.1025    3090.2000    3112.2207    3145.0712 
   Torsion-projected frequencies/non-torsional frequencies (cm-1)
     200.8656     255.1130     306.6721     381.0359     503.4485     600.9187 
     659.3245     739.6517     838.4771     849.1046     883.4218     937.4955 
    1007.6464    1050.7672    1075.2546    1112.6566    1128.4770    1164.0615 
    1194.1761    1209.8532    1246.2445    1286.6050    1305.5585    1324.6576 
    1357.7927    1387.3164    1397.8106    1441.4185    1453.8084    1462.7095 
    1463.5369    1467.0617    1475.0502    1477.6470    1481.2264    1825.9701 
    2993.9731    2999.6953    3009.2584    3021.9227    3027.9314    3030.8763 
    3060.8952    3077.3123    3085.1025    3090.1992    3112.2115    3145.0712 
   Product of consistently coupled torsional frequencies (in cm-1^ntor)  1.4528E+12
   Primitively coupled torsional frequencies (cm-1) (Not used)
      45.9059      90.6299      99.2136     143.6692     188.2420     245.1610 
   Product of primitively coupled torsional frequencies (in cm-1^ntor)   2.7368E+12
   Effective coupled torsional barrier (kcal/mol)
        1.121        2.190        2.797        4.956        8.182        9.695 

   D matrix: 
   m-n        1             2             3             4             5
    1   2.254382E+01 -4.635681E+00 -9.594482E+00  5.601894E+00  1.333296E+00
    2  -4.635681E+00  2.941718E+01  1.955186E+01 -1.135176E+01  2.569133E+00
    3  -9.594482E+00  1.955186E+01  4.083014E+01 -9.254596E+00  9.807398E-01
    4   5.601894E+00 -1.135176E+01 -9.254596E+00  1.744552E+01 -5.289815E-01
    5   1.333296E+00  2.569133E+00  9.807398E-01 -5.289815E-01  3.059254E+00
    6  -2.745311E-01  6.020479E-01  2.298169E+00  1.678176E+00  3.696507E-02
   m-n        6
    1  -2.745311E-01
    2   6.020479E-01
    3   2.298169E+00
    4   1.678176E+00
    5   3.696507E-02
    6   3.129024E+00

   Eigenvalues of D matrix:
     6.3661E+01    2.0521E+01    1.7450E+01    9.5932E+00    2.6448E+00    2.5544E+00
   Determinant of D matrix  1.124265E+029

          Uncoupled force constants (au), Pitzer moment of inertia (amu A^2),
   uncoupled torsional frequencies (cm-1), and uncoupled torsional barrier (kcal/mol)
   --------------------------------------------------------------------------------
   Torsion               1             2             3             4             5
   Force constant   2.28383E-02  3.60877E-02  1.27288E-02  4.52610E-02  2.06520E-02
   Moment          22.544       29.417       40.830       17.446        3.059
   Tor. Freq.        86.581       95.276       48.030      138.556      223.501
   Rot. barrier       4.865        7.688        2.712        9.642        2.880
   M_j,tau            2.427        2.427        2.427        2.427        3.000

   Torsion               6
   Force constant   8.27954E-03
   Moment           3.129
   Tor. Freq.       139.928
   Rot. barrier       1.155
   M_j,tau            3.000
   --------------------------------------------------------------------------------
   Potential Energy =   0.822 kcal/mol
   Weight =  2
   Overall rotational symmetry number =   1

       List of zero-point inclusive energy (kcal/mol) for each structure
      ------------------------------------------------------------------
        Structure            Energy (T = 0 K)
      ------------------------------------------------------------------
          1                    109.13
          2                    109.06
          3                    109.91
          4                    109.76
          5                    110.01
      ZPE of the system =      109.06


     Note: The following SS-HO and SS-T include the Rot. P.F. and Boltzmann factor,
           but are calculated with weight = 1 for each structure. Weights are
           counted in MS partition functions. Zero of energy is set to the potential
           energy of global minimum.

            Partition function of structure    1
     ================================================================
          T(K)      Rot.          SS-HO           SS-T     SS-T/SS-HO
        100.00    8.3405E+004   1.8713E-233   1.5207E-233    0.813
        200.00    2.3590E+005   1.4415E-112   1.3911E-112    0.965
        298.15    4.2938E+005   5.9589E-072   6.5468E-072    1.099
        300.00    4.3338E+005   1.9620E-071   2.1598E-071    1.101
        500.00    9.3250E+005   3.6593E-037   4.6092E-037    1.260
        750.00    1.7131E+006   2.0703E-018   2.7026E-018    1.305
       1000.00    2.6375E+006   8.1512E-008   1.0311E-007    1.265
       1100.00    3.0429E+006   1.2046E-004   1.4891E-004    1.236
       1150.00    3.2527E+006   3.2545E-003   3.9710E-003    1.220
       1200.00    3.4671E+006   7.2091E-002   8.6742E-002    1.203
       1250.00    3.6860E+006   1.3385E+000   1.5868E+000    1.186
       1300.00    3.9094E+006   2.1221E+001   2.4770E+001    1.167
       1350.00    4.1371E+006   2.9196E+002   3.3528E+002    1.148
       1400.00    4.3690E+006   3.5335E+003   3.9900E+003    1.129
       1450.00    4.6052E+006   3.8073E+004   4.2248E+004    1.110
       1500.00    4.8454E+006   3.6901E+005   4.0220E+005    1.090
       1550.00    5.0897E+006   3.2465E+006   3.4740E+006    1.070
       1600.00    5.3379E+006   2.6134E+007   2.7444E+007    1.050
       1650.00    5.5901E+006   1.9386E+008   1.9970E+008    1.030
       1700.00    5.8461E+006   1.3334E+009   1.3470E+009    1.010
       1800.00    6.3694E+006   5.1397E+010   4.9886E+010    0.971
       1900.00    6.9075E+006   1.5547E+012   1.4483E+012    0.932
       2000.00    7.4600E+006   3.8059E+013   3.4001E+013    0.893
       2500.00    1.0426E+007   2.9746E+019   2.1408E+019    0.720

            Partition function of structure    2
     ================================================================
          T(K)      Rot.          SS-HO           SS-T     SS-T/SS-HO
        100.00    8.3615E+004   3.7375E-233   3.2976E-233    0.882
        200.00    2.3650E+005   3.0425E-112   3.2926E-112    1.082
        298.15    4.3047E+005   1.3236E-071   1.6023E-071    1.211
        300.00    4.3448E+005   4.3613E-071   5.2879E-071    1.212
        500.00    9.3485E+005   8.5992E-037   1.1359E-036    1.321
        750.00    1.7174E+006   5.0221E-018   6.4304E-018    1.280
       1000.00    2.6442E+006   2.0107E-007   2.3149E-007    1.151
       1100.00    3.0505E+006   2.9855E-004   3.2572E-004    1.091
       1150.00    3.2609E+006   8.0827E-003   8.5708E-003    1.060
       1200.00    3.4758E+006   1.7939E-001   1.8473E-001    1.030
       1250.00    3.6953E+006   3.3365E+000   3.3342E+000    0.999
       1300.00    3.9192E+006   5.2988E+001   5.1354E+001    0.969
       1350.00    4.1475E+006   7.3011E+002   6.8591E+002    0.939
       1400.00    4.3800E+006   8.8492E+003   8.0551E+003    0.910
       1450.00    4.6168E+006   9.5476E+004   8.4179E+004    0.882
       1500.00    4.8576E+006   9.2655E+005   7.9104E+005    0.854
       1550.00    5.1025E+006   8.1614E+006   6.7456E+006    0.827
       1600.00    5.3514E+006   6.5774E+007   5.2621E+007    0.800
       1650.00    5.6042E+006   4.8842E+008   3.7818E+008    0.774
       1700.00    5.8608E+006   3.3628E+009   2.5198E+009    0.749
       1800.00    6.3855E+006   1.2987E+011   9.1125E+010    0.702
       1900.00    6.9250E+006   3.9349E+012   2.5857E+012    0.657
       2000.00    7.4788E+006   9.6474E+013   5.9385E+013    0.616
       2500.00    1.0452E+007   7.5854E+019   3.3947E+019    0.448

            Partition function of structure    3
     ================================================================
          T(K)      Rot.          SS-HO           SS-T     SS-T/SS-HO
        100.00    8.2197E+004   4.4693E-235   3.7738E-235    0.844
        200.00    2.3249E+005   2.4305E-113   2.4722E-113    1.017
        298.15    4.2316E+005   1.8706E-072   2.1806E-072    1.166
        300.00    4.2711E+005   6.2070E-072   7.2500E-072    1.168
        500.00    9.1899E+005   1.8999E-037   2.5009E-037    1.316
        750.00    1.6883E+006   1.3757E-018   1.8202E-018    1.323
       1000.00    2.5993E+006   6.1262E-008   7.6685E-008    1.252
       1100.00    2.9988E+006   9.3620E-005   1.1368E-004    1.214
       1150.00    3.2055E+006   2.5664E-003   3.0655E-003    1.194
       1200.00    3.4169E+006   5.7614E-002   6.7651E-002    1.174
       1250.00    3.6326E+006   1.0829E+000   1.2492E+000    1.154
       1300.00    3.8527E+006   1.7364E+001   1.9669E+001    1.133
       1350.00    4.0771E+006   2.4140E+002   2.6836E+002    1.112
       1400.00    4.3057E+006   2.9501E+003   3.2172E+003    1.091
       1450.00    4.5384E+006   3.2074E+004   3.4300E+004    1.069
       1500.00    4.7752E+006   3.1349E+005   3.2863E+005    1.048
       1550.00    5.0159E+006   2.7798E+006   2.8555E+006    1.027
       1600.00    5.2606E+006   2.2543E+007   2.2685E+007    1.006
       1650.00    5.5091E+006   1.6838E+008   1.6594E+008    0.986
       1700.00    5.7614E+006   1.1657E+009   1.1249E+009    0.965
       1800.00    6.2772E+006   4.5471E+010   4.2038E+010    0.925
       1900.00    6.8075E+006   1.3901E+012   1.2305E+012    0.885
       2000.00    7.3519E+006   3.4356E+013   2.9101E+013    0.847
       2500.00    1.0275E+007   2.7840E+019   1.8847E+019    0.677

            Partition function of structure    4
     ================================================================
          T(K)      Rot.          SS-HO           SS-T     SS-T/SS-HO
        100.00    8.6841E+004   1.3212E-234   9.9722E-235    0.755
        200.00    2.4562E+005   5.8468E-113   5.4154E-113    0.926
        298.15    4.4707E+005   4.3516E-072   4.4936E-072    1.033
        300.00    4.5124E+005   1.4435E-071   1.4927E-071    1.034
        500.00    9.7091E+005   4.3601E-037   4.8019E-037    1.101
        750.00    1.7837E+006   3.1460E-018   3.2684E-018    1.039
       1000.00    2.7462E+006   1.3995E-007   1.2882E-007    0.920
       1100.00    3.1682E+006   2.1383E-004   1.8589E-004    0.869
       1150.00    3.3867E+006   5.8615E-003   4.9460E-003    0.844
       1200.00    3.6099E+006   1.3158E-001   1.0770E-001    0.819
       1250.00    3.8379E+006   2.4730E+000   1.9625E+000    0.794
       1300.00    4.0704E+006   3.9655E+001   3.0495E+001    0.769
       1350.00    4.3075E+006   5.5129E+002   4.1067E+002    0.745
       1400.00    4.5490E+006   6.7373E+003   4.8602E+003    0.721
       1450.00    4.7949E+006   7.3252E+004   5.1160E+004    0.698
       1500.00    5.0450E+006   7.1599E+005   4.8403E+005    0.676
       1550.00    5.2993E+006   6.3491E+006   4.1541E+006    0.654
       1600.00    5.5578E+006   5.1490E+007   3.2602E+007    0.633
       1650.00    5.8204E+006   3.8461E+008   2.3565E+008    0.613
       1700.00    6.0869E+006   2.6628E+009   1.5786E+009    0.593
       1800.00    6.6318E+006   1.0388E+011   5.7663E+010    0.555
       1900.00    7.1921E+006   3.1761E+012   1.6511E+012    0.520
       2000.00    7.7673E+006   7.8505E+013   3.8232E+013    0.487
       2500.00    1.0855E+007   6.3653E+019   2.2566E+019    0.355

            Partition function of structure    5
     ================================================================
          T(K)      Rot.          SS-HO           SS-T     SS-T/SS-HO
        100.00    8.7240E+004   2.4925E-235   1.4986E-235    0.601
        200.00    2.4675E+005   1.8155E-113   1.2698E-113    0.699
        298.15    4.4912E+005   1.5608E-072   1.2355E-072    0.792
        300.00    4.5331E+005   5.1862E-072   4.1137E-072    0.793
        500.00    9.7537E+005   1.7395E-037   1.6092E-037    0.925
        750.00    1.7919E+006   1.3158E-018   1.3053E-018    0.992
       1000.00    2.7588E+006   5.9840E-008   5.9246E-008    0.990
       1100.00    3.1828E+006   9.1964E-005   8.9887E-005    0.977
       1150.00    3.4022E+006   2.5272E-003   2.4496E-003    0.969
       1200.00    3.6265E+006   5.6860E-002   5.4591E-002    0.960
       1250.00    3.8555E+006   1.0709E+000   1.0174E+000    0.950
       1300.00    4.0891E+006   1.7205E+001   1.6158E+001    0.939
       1350.00    4.3273E+006   2.3960E+002   2.2227E+002    0.928
       1400.00    4.5699E+006   2.9329E+003   2.6852E+003    0.916
       1450.00    4.8169E+006   3.1936E+004   2.8836E+004    0.903
       1500.00    5.0682E+006   3.1258E+005   2.7816E+005    0.890
       1550.00    5.3237E+006   2.7755E+006   2.4327E+006    0.877
       1600.00    5.5833E+006   2.2536E+007   1.9445E+007    0.863
       1650.00    5.8471E+006   1.6852E+008   1.4307E+008    0.849
       1700.00    6.1149E+006   1.1680E+009   9.7513E+008    0.835
       1800.00    6.6623E+006   4.5651E+010   3.6816E+010    0.806
       1900.00    7.2251E+006   1.3982E+012   1.0876E+012    0.778
       2000.00    7.8030E+006   3.4612E+013   2.5939E+013    0.749
       2500.00    1.0905E+007   2.8223E+019   1.7356E+019    0.615

     ================================================================
              Partition Functions Including All Structures
        -----------------------------------------------------------
        Zero of energy is set to potential energy of global minimum
        -----------------------------------------------------------
        T(K)    Elec.        Trans.              Con-rovib
                                            MS-LH    or     MS-T
        100.00  1.0000E+000  3.2453E+006  7.8836E-233  6.6438E-233
        200.00  1.0000E+000  1.8358E+007  7.9441E-112  7.9063E-112
        298.15  1.0000E+000  4.9814E+007  4.0719E-071  4.4936E-071
        300.00  1.0000E+000  5.0590E+007  1.3451E-070  1.4866E-070
        500.00  1.0000E+000  1.8142E+008  3.1917E-036  3.8401E-036
        750.00  1.0000E+000  4.9993E+008  2.0838E-017  2.4623E-017
       1000.00  1.0000E+000  1.0263E+009  8.8620E-007  9.6720E-007
       1100.00  1.0000E+000  1.3024E+009  1.3383E-003  1.4024E-003
       1150.00  1.0000E+000  1.4555E+009  3.6502E-002  3.7435E-002
       1200.00  1.0000E+000  1.6189E+009  8.1567E-001  8.1810E-001
       1250.00  1.0000E+000  1.7928E+009  1.5267E+001  1.4966E+001
       1300.00  1.0000E+000  1.9775E+009  2.4388E+002  2.3354E+002
       1350.00  1.0000E+000  2.1732E+009  3.3786E+003  3.1591E+003
       1400.00  1.0000E+000  2.3800E+009  4.1157E+004  3.7560E+004
       1450.00  1.0000E+000  2.5982E+009  4.4614E+005  3.9727E+005
       1500.00  1.0000E+000  2.8281E+009  4.3487E+006  3.7771E+006
       1550.00  1.0000E+000  3.0697E+009  3.8463E+007  3.2578E+007
       1600.00  1.0000E+000  3.3232E+009  3.1118E+008  2.5697E+008
       1650.00  1.0000E+000  3.5890E+009  2.3192E+009  1.8669E+009
       1700.00  1.0000E+000  3.8671E+009  1.6023E+010  1.2571E+010
       1800.00  1.0000E+000  4.4611E+009  6.2266E+011  4.6393E+011
       1900.00  1.0000E+000  5.1067E+009  1.8973E+013  1.3421E+013
       2000.00  1.0000E+000  5.8054E+009  4.6754E+014  3.1393E+014
       2500.00  1.0000E+000  1.0142E+010  3.7478E+020  1.9430E+020

             Total Partition Function (E + T + Con-rovib)
             ---------------------------------------------
                T(K)     E + T + MS-LH     E + T + MS-T
                100.00     2.5585E-226       2.1561E-226
                200.00     1.4584E-104       1.4515E-104
                298.15     2.0284E-063       2.2384E-063
                300.00     6.8048E-063       7.5206E-063
                500.00     5.7903E-028       6.9667E-028
                750.00     1.0418E-008       1.2310E-008
               1000.00     9.0947E+002       9.9261E+002
               1100.00     1.7430E+006       1.8265E+006
               1150.00     5.3127E+007       5.4486E+007
               1200.00     1.3205E+009       1.3244E+009
               1250.00     2.7371E+010       2.6831E+010
               1300.00     4.8227E+011       4.6182E+011
               1350.00     7.3423E+012       6.8652E+012
               1400.00     9.7954E+013       8.9394E+013
               1450.00     1.1592E+015       1.0322E+015
               1500.00     1.2298E+016       1.0682E+016
               1550.00     1.1807E+017       1.0000E+017
               1600.00     1.0341E+018       8.5397E+017
               1650.00     8.3234E+018       6.7002E+018
               1700.00     6.1961E+019       4.8613E+019
               1800.00     2.7777E+021       2.0696E+021
               1900.00     9.6890E+022       6.8535E+022
               2000.00     2.7143E+024       1.8225E+024
               2500.00     3.8009E+030       1.9705E+030

     ================================================================
              Partition Functions Including All Structures
        -----------------------------------------------------------
                    Zero of energy is set to ZPE
        -----------------------------------------------------------
        T(K)             Con-rovib                Total
                   MS-LH        MS-T       E+T+MS-LH    E+T+MS-T
        100.00  1.7798E+006  1.4999E+006  5.7759E+012  4.8676E+012
        200.00  1.1936E+008  1.1879E+008  2.1913E+015  2.1808E+015
        298.15  3.5810E+009  3.9519E+009  1.7838E+017  1.9686E+017
        300.00  3.8016E+009  4.2015E+009  1.9232E+017  2.1255E+017
        500.00  1.4954E+012  1.7992E+012  2.7129E+020  3.2641E+020
        750.00  1.2570E+015  1.4854E+015  6.2842E+023  7.4258E+023
       1000.00  6.0659E+017  6.6204E+017  6.2252E+026  6.7943E+026
       1100.00  6.2383E+018  6.5373E+018  8.1247E+027  8.5141E+027
       1150.00  1.9441E+019  1.9938E+019  2.8296E+028  2.9019E+028
       1200.00  5.9473E+019  5.9650E+019  9.6279E+028  9.6565E+028
       1250.00  1.7867E+020  1.7514E+020  3.2032E+029  3.1400E+029
       1300.00  5.2731E+020  5.0495E+020  1.0428E+030  9.9855E+029
       1350.00  1.5295E+021  1.4302E+021  3.3240E+030  3.1080E+030
       1400.00  4.3622E+021  3.9810E+021  1.0382E+031  9.4748E+030
       1450.00  1.2237E+022  1.0896E+022  3.1793E+031  2.8310E+031
       1500.00  3.3775E+022  2.9336E+022  9.5519E+031  8.2964E+031
       1550.00  9.1770E+022  7.7729E+022  2.8170E+032  2.3860E+032
       1600.00  2.4553E+023  2.0276E+023  8.1597E+032  6.7382E+032
       1650.00  6.4715E+023  5.2095E+023  2.3226E+033  1.8697E+033
       1700.00  1.6809E+024  1.3188E+024  6.5001E+033  5.0999E+033
       1800.00  1.0867E+025  8.0970E+024  4.8480E+034  3.6121E+034
       1900.00  6.6537E+025  4.7065E+025  3.3979E+035  2.4035E+035
       2000.00  3.8681E+026  2.5973E+026  2.2456E+036  1.5078E+036
       2500.00  1.2821E+030  6.6469E+029  1.3003E+040  6.7411E+039
     ================================================================

                     ==============================
                          Thermodynamic Functions
                      (Ideal gas at standard state)
                     ==============================
     T  - Temperature (Kelvin)        G  - Gibbs Free Energy (kcal/mol)
     E  - Thermal Energy (kcal/mol)   H  - Enthalpy (kcal/mol)
     S  - Entropy (cal/(mol-K))
     Cp - Heat Capacity at Constant Pressure (cal/(mol-K))
        -----------------------------------------------------------
        Zero of energy is set to potential energy of global minimum
        -----------------------------------------------------------

               Contribution from electronic P.F. 
     ================================================================
                  T          G          E          S
                100.00      -0.000      0.000      0.000
                200.00      -0.000      0.000      0.000
                298.15      -0.000      0.000      0.000
                300.00      -0.000      0.000      0.000
                500.00      -0.000      0.000      0.000
                750.00      -0.000      0.000      0.000
               1000.00      -0.000      0.000      0.000
               1100.00      -0.000      0.000      0.000
               1150.00      -0.000      0.000      0.000
               1200.00      -0.000      0.000      0.000
               1250.00      -0.000      0.000      0.000
               1300.00      -0.000      0.000      0.000
               1350.00      -0.000      0.000      0.000
               1400.00      -0.000      0.000      0.000
               1450.00      -0.000      0.000      0.000
               1500.00      -0.000      0.000      0.000
               1550.00      -0.000      0.000      0.000
               1600.00      -0.000      0.000      0.000
               1650.00      -0.000      0.000      0.000
               1700.00      -0.000      0.000      0.000
               1800.00      -0.000      0.000      0.000
               1900.00      -0.000      0.000      0.000
               2000.00      -0.000      0.000      0.000
               2500.00      -0.000      0.000      0.000

               Contribution from translational P.F. 
     ================================================================
                  T          G          E          S
                100.00      -2.979      0.298     34.762
                200.00      -6.647      0.596     38.205
                298.15     -10.501      0.889     40.189
                300.00     -10.576      0.894     40.220
                500.00     -18.895      1.490     42.758
                750.00     -29.853      2.236     44.772
               1000.00     -41.233      2.981     46.201
               1100.00     -45.877      3.279     46.675
               1150.00     -48.217      3.428     46.896
               1200.00     -50.567      3.577     47.107
               1250.00     -52.927      3.726     47.310
               1300.00     -55.298      3.875     47.505
               1350.00     -57.677      4.024     47.692
               1400.00     -60.067      4.173     47.873
               1450.00     -62.465      4.322     48.047
               1500.00     -64.871      4.471     48.216
               1550.00     -67.286      4.620     48.378
               1600.00     -69.709      4.769     48.536
               1650.00     -72.140      4.918     48.689
               1700.00     -74.578      5.067     48.837
               1800.00     -79.476      5.365     49.121
               1900.00     -84.402      5.664     49.390
               2000.00     -89.353      5.962     49.645
               2500.00    -114.463      7.452     50.753

        Contribution from conformational-rovibrational P.F. (MS-LH)
     ================================================================
                  T          G          E          S
                100.00     106.204    110.008     38.039
                200.00     101.673    112.051     51.890
                298.15      96.030    114.778     62.881
                300.00      95.914    114.837     63.078
                500.00      81.210    123.086     83.752
                750.00      57.246    137.872    107.501
               1000.00      27.694    156.153    128.458
               1100.00      14.463    164.180    136.107
               1150.00       7.565    168.320    139.786
               1200.00       0.486    172.535    143.374
               1250.00      -6.771    176.820    146.873
               1300.00     -14.200    181.171    150.286
               1350.00     -21.798    185.584    153.616
               1400.00     -29.560    190.053    156.867
               1450.00     -37.483    194.575    160.040
               1500.00     -45.563    199.148    163.140
               1550.00     -53.796    203.766    166.169
               1600.00     -62.179    208.428    169.129
               1650.00     -70.708    213.130    172.023
               1700.00     -79.380    217.870    174.853
               1800.00     -97.141    227.455    180.331
               1900.00    -115.439    237.165    185.581
               2000.00    -134.250    246.986    190.618
               2500.00    -235.350    297.362    213.085

        Contribution from conformational-rovibrational P.F. (MS-T)
     ================================================================
                  T          G          E          S
                100.00     106.238    110.046     38.082
                200.00     101.675    112.157     52.412
                298.15      95.972    114.919     63.549
                300.00      95.854    114.978     63.748
                500.00      81.026    123.154     84.256
                750.00      56.998    137.617    107.493
               1000.00      27.521    155.383    127.863
               1100.00      14.361    163.161    135.273
               1150.00       7.508    167.166    138.833
               1200.00       0.479    171.241    142.302
               1250.00      -6.721    175.382    145.683
               1300.00     -14.088    179.583    148.978
               1350.00     -21.618    183.840    152.191
               1400.00     -29.306    188.150    155.325
               1450.00     -37.149    192.507    158.384
               1500.00     -45.143    196.910    161.369
               1550.00     -53.285    201.355    164.284
               1600.00     -61.570    205.839    167.131
               1650.00     -69.997    210.360    169.913
               1700.00     -78.560    214.915    172.632
               1800.00     -96.089    224.117    177.892
               1900.00    -114.131    233.432    182.928
               2000.00    -132.667    242.844    187.756
               2500.00    -232.087    291.023    209.244

     Total (Translational + Electronic + conformational-rovib.(MS-LH))
     ======================================================================
              T          G          E          H          S          Cp
            100.00     103.225    110.306    110.505     72.800     21.090
            200.00      95.025    112.647    113.044     90.095     28.994
            298.15      85.529    115.667    116.259    103.070     36.861
            300.00      85.338    115.731    116.328    103.298     37.027
            500.00      62.315    124.577    125.570    126.510     55.077
            750.00      27.393    140.108    141.599    152.273     72.012
           1000.00     -13.539    159.134    161.121    174.659     83.448
           1100.00     -31.414    167.459    169.645    182.781     86.956
           1150.00     -40.651    171.748    174.033    186.682     88.528
           1200.00     -50.081    176.112    178.496    190.481     89.990
           1250.00     -59.698    180.546    183.030    194.182     91.350
           1300.00     -69.498    185.046    187.630    197.790     92.618
           1350.00     -79.475    189.608    192.290    201.308     93.798
           1400.00     -89.627    194.226    197.008    204.739     94.899
           1450.00     -99.948    198.898    201.779    208.088     95.926
           1500.00    -110.434    203.619    206.600    211.356     96.884
           1550.00    -121.082    208.386    211.466    214.548     97.780
           1600.00    -131.888    213.197    216.377    217.665     98.618
           1650.00    -142.848    218.048    221.327    220.712     99.401
           1700.00    -153.958    222.938    226.316    223.690    100.135
           1800.00    -176.617    232.821    236.398    229.453    101.469
           1900.00    -199.840    242.829    246.604    234.971    102.644
           2000.00    -223.604    252.947    256.922    240.263    103.684
           2500.00    -349.814    304.814    309.782    263.838    107.414

     Total (Translational + Electronic + conformational-rovib.(MS-T))
     ======================================================================
              T          G          E          H          S          Cp
            100.00     103.259    110.345    110.543     72.843     21.819
            200.00      95.027    112.753    113.151     90.617     29.543
            298.15      85.471    115.808    116.400    103.738     36.995
            300.00      85.279    115.873    116.469    103.968     37.152
            500.00      62.132    124.645    125.638    127.014     54.248
            750.00      27.145    139.853    141.343    152.265     70.304
           1000.00     -13.712    158.364    160.351    174.064     81.065
           1100.00     -31.517    166.440    168.626    181.948     84.335
           1150.00     -40.709    170.594    172.879    185.729     85.792
           1200.00     -50.088    174.818    177.203    189.409     87.145
           1250.00     -59.648    179.108    181.592    192.992     88.399
           1300.00     -69.386    183.458    186.042    196.482     89.564
           1350.00     -79.295    187.864    190.547    199.883     90.646
           1400.00     -89.373    192.323    195.105    203.198     91.651
           1450.00     -99.614    196.830    199.711    206.431     92.586
           1500.00    -110.014    201.382    204.362    209.584     93.457
           1550.00    -120.571    205.975    209.056    212.662     94.267
           1600.00    -131.279    210.609    213.788    215.667     95.023
           1650.00    -142.137    215.278    218.557    218.602     95.728
           1700.00    -153.139    219.982    223.360    221.470     96.387
           1800.00    -175.565    229.483    233.060    227.014     97.578
           1900.00    -198.533    239.095    242.871    232.318     98.623
           2000.00    -222.021    248.806    252.780    237.400     99.542
           2500.00    -346.551    298.475    303.443    259.997    102.796

                        --------------------------------
                         Zero of energy is set to ZPE
                        --------------------------------

     Total (Translational + Electronic + conformational-rovib.(MS-LH))
     ======================================================================
              T          G          E          H          S          Cp
            100.00      -5.839      1.242      1.441     72.800     21.090
            200.00     -14.039      3.583      3.980     90.095     28.994
            298.15     -23.535      6.602      7.195    103.070     36.861
            300.00     -23.726      6.667      7.263    103.298     37.027
            500.00     -46.749     15.512     16.506    126.510     55.077
            750.00     -81.671     31.044     32.534    152.273     72.012
           1000.00    -122.603     50.069     52.056    174.659     83.448
           1100.00    -140.479     58.395     60.581    182.781     86.956
           1150.00    -149.716     62.683     64.969    186.682     88.528
           1200.00    -159.145     67.047     69.432    190.481     89.990
           1250.00    -168.762     71.482     73.966    194.182     91.350
           1300.00    -178.562     75.982     78.565    197.790     92.618
           1350.00    -188.540     80.543     83.226    201.308     93.798
           1400.00    -198.691     85.162     87.944    204.739     94.899
           1450.00    -209.012     89.833     92.715    208.088     95.926
           1500.00    -219.499     94.554     97.535    211.356     96.884
           1550.00    -230.146     99.322    102.402    214.548     97.780
           1600.00    -240.952    104.133    107.312    217.665     98.618
           1650.00    -251.912    108.984    112.263    220.712     99.401
           1700.00    -263.022    113.873    117.252    223.690    100.135
           1800.00    -285.681    123.756    127.333    229.453    101.469
           1900.00    -308.905    133.764    137.540    234.971    102.644
           2000.00    -332.668    143.883    147.858    240.263    103.684
           2500.00    -458.878    195.750    200.718    263.838    107.414

     Total (Translational + Electronic + conformational-rovib.(MS-T))
     ======================================================================
              T          G          E          H          S          Cp
            100.00      -5.805      1.280      1.479     72.843     21.819
            200.00     -14.037      3.689      4.086     90.617     29.543
            298.15     -23.593      6.744      7.336    103.738     36.995
            300.00     -23.786      6.808      7.405    103.968     37.152
            500.00     -46.933     15.581     16.574    127.014     54.248
            750.00     -81.920     30.789     32.279    152.265     70.304
           1000.00    -122.777     49.300     51.287    174.064     81.065
           1100.00    -140.581     57.375     59.561    181.948     84.335
           1150.00    -149.773     61.530     63.815    185.729     85.792
           1200.00    -159.152     65.754     68.139    189.409     87.145
           1250.00    -168.713     70.044     72.528    192.992     88.399
           1300.00    -178.450     74.394     76.977    196.482     89.564
           1350.00    -188.360     78.800     81.483    199.883     90.646
           1400.00    -198.437     83.258     86.041    203.198     91.651
           1450.00    -208.678     87.765     90.647    206.431     92.586
           1500.00    -219.079     92.317     95.298    209.584     93.457
           1550.00    -229.635     96.911     99.991    212.662     94.267
           1600.00    -240.344    101.544    104.724    215.667     95.023
           1650.00    -251.201    106.214    109.493    218.602     95.728
           1700.00    -262.203    110.918    114.296    221.470     96.387
           1800.00    -284.629    120.419    123.996    227.014     97.578
           1900.00    -307.598    130.031    133.807    232.318     98.623
           2000.00    -331.085    139.741    143.716    237.400     99.542
           2500.00    -455.615    189.410    194.378    259.997    102.796

 ==============================End of MSTor output==============================
