
 *******************************************************************************

   MSTor program version 2013 (2013)

   Jingjing Zheng, Steven L. Mielke, and Donald G. Truhlar

   Department of Chemistry and Supercomputing Institute
   University of Minnesota, Minneapolis, Minnesota, USA

   Copyright 2013
   Donald G. Truhlar and Regents of the University of Minnesota

   Citations: 
   MS-T(U) method
     J. Zheng, T. Yu, E. Papajak, I. M. Alecu, S. L. Mielke, and D. G. Truhlar,
     Phys. Chem. Chem. Phys. 13, 10885-10907 (2011).
   MS-T(C) method
     J. Zheng and D. G. Truhlar, J. Chem. Theory Comput., DOI: 10.1021/ct3010722.
   MSTor program
     J. Zheng, S. L. Mielke, K. L Clarkson, and D. G. Truhlar,
     Comp. Phys. Comm. 183, 1803-1812 (2012).
     J. Zheng, R. Meana-Paneda, and D. G. Truhlar, Comp. Phys. Comm.
     to be published as new version announcement.

 *******************************************************************************

                    Naming conventions for the MS methods
   -----------------------------------------------------------------------------
   Common name        Original or other names
   -----------------------------------------------------------------------------
   MS-LH         =    MS-HO (ref. 1)   =   MS-AS-HO (ref. 2)
   MS-T          =    MS-AS (ref. 1)   =   MS-AS-T  (ref. 2)
   -----------------------------------------------------------------------------
   Ref. 1: J. Zheng, T. Yu, E. Papajak, I. M. Alecu, S. L. Mielke, and
           D. G. Truhlar, Phys. Chem. Chem. Phys. 13, 10885 (2011).
   Ref. 2: T. Yu, J. Zheng, and D. G. Truhlar, Chem. Sci. 2, 2199 (2011)

   Calculation run on 12/31/2021 at 20:34:41  

   Number of structures:             4
   Number of torsions:               6
   Method:                           MS-T(C)
   Frequency scaling factor:         0.964
   Delta T for finite difference:    0.5 K
   Internal coordinates
     Bonds:         01-02  01-18  01-19  01-20  02-03  02-16  02-17  03-04  03-14
     Bonds:         03-15  04-05  04-12  05-06  05-08  06-07  07-09  07-10  07-11
     Bonds:         04-13
     Angles:        01-02-03  02-03-15  03-02-17  03-04-13  04-03-14  04-03-15
     Angles:        04-05-06  04-05-08  05-04-12  05-06-07  06-07-09  06-07-10
     Angles:        09-07-11  12-04-13  16-02-17  18-01-19  18-01-20  19-01-20
     Linear Angles: 
     Dihedrals:     01-03-16-02  02-14-15-03  02-18-19-01  02-19-20-01
     Dihedrals:     03-05-12-04  03-12-13-04  03-16-17-02  04-06-08-05
     Dihedrals:     04-14-15-03  09-10-11-07  06-09-11-07  04-03-02-01
     Dihedrals:     05-04-03-02  06-05-04-03  07-06-05-04  03-02-01-18
     Dihedrals:     05-06-07-09

   All moment output uses units of amu for masses and Angstroms for distances 

                           ==========================
                                Structure   1
                           ==========================

   Normal-mode Frequencies (cm-1) 
   (Overall translation and rotation projected out)
       0.0000i      0.0000i      0.0000i      0.0000       0.0000       0.0000 
      35.8498      73.6864     104.4605     140.3878     174.0084     209.9407 
     243.5354     252.0126     302.5272     360.8465     515.8140     580.2134 
     652.4792     736.9697     837.7560     843.5000     915.5756     935.0577 
    1014.2721    1052.5510    1066.8427    1107.4836    1130.3615    1164.0526 
    1191.3356    1211.0438    1245.4802    1266.8844    1303.2256    1311.7495 
    1384.3856    1394.0856    1399.7581    1433.8862    1454.7960    1460.0396 
    1463.8279    1468.7629    1475.1689    1477.7240    1481.3507    1824.3258 
    2993.6176    2998.8480    3007.0904    3017.9033    3028.3602    3043.3315 
    3058.7488    3068.0199    3078.7572    3084.3275    3112.7161    3146.0506 
   Torsion-projected frequencies/non-torsional frequencies (cm-1)
     209.0778     251.0670     301.5215     360.7216     515.7855     577.8090 
     651.7878     735.7633     837.7307     843.4779     915.5503     935.0270 
    1014.2643    1052.5466    1066.8295    1107.4739    1130.3557    1163.7373 
    1191.3343    1211.0291    1245.4550    1266.8513    1303.2116    1311.6970 
    1384.3848    1394.0849    1399.7551    1433.8752    1454.7957    1460.0394 
    1463.7456    1468.7581    1475.1685    1477.7240    1481.3481    1824.3254 
    2993.6168    2998.8480    3007.0903    3017.9031    3028.3602    3043.3249 
    3058.7465    3068.0186    3078.7540    3084.3273    3112.7072    3146.0506 
   Product of consistently coupled torsional frequencies (in cm-1^ntor)  1.6733E+12
   Primitively coupled torsional frequencies (cm-1) (Not used)
      39.3476      84.5144     109.5413     142.9504     184.6774     246.0504 
   Product of primitively coupled torsional frequencies (in cm-1^ntor)   2.3662E+12
   Effective coupled torsional barrier (kcal/mol)
        1.109        1.572        2.776        4.437        8.859        9.068 

   D matrix: 
   m-n        1             2             3             4             5
    1   2.192533E+01 -2.389494E+00 -3.517976E+00 -1.116995E+00  1.433644E+00
    2  -2.389494E+00  2.283129E+01  7.294172E+00  4.815638E+00  2.174110E+00
    3  -3.517976E+00  7.294172E+00  4.292709E+01 -1.258834E+01  4.653739E-01
    4  -1.116995E+00  4.815638E+00 -1.258834E+01  1.746673E+01  4.089207E-01
    5   1.433644E+00  2.174110E+00  4.653739E-01  4.089207E-01  3.024541E+00
    6  -3.098791E-01  8.734555E-01  2.286197E+00  1.404998E+00  6.569997E-02
   m-n        6
    1  -3.098791E-01
    2   8.734555E-01
    3   2.286197E+00
    4   1.404998E+00
    5   6.569997E-02
    6   3.111451E+00

   Eigenvalues of D matrix:
     4.9561E+01    2.7078E+01    2.0651E+01    8.8418E+00    2.6408E+00    2.5134E+00
   Determinant of D matrix  1.237596E+029

          Uncoupled force constants (au), Pitzer moment of inertia (amu A^2),
   uncoupled torsional frequencies (cm-1), and uncoupled torsional barrier (kcal/mol)
   --------------------------------------------------------------------------------
   Torsion               1             2             3             4             5
   Force constant   2.18589E-02  4.15801E-02  1.08283E-02  4.46493E-02  2.08061E-02
   Moment          21.925       22.831       42.927       17.467        3.025
   Tor. Freq.        85.891      116.087       43.204      137.533      225.617
   Rot. barrier       4.371        8.315        2.165        8.929        2.901
   M_j,tau            2.505        2.505        2.505        2.505        3.000

   Torsion               6
   Force constant   8.17352E-03
   Moment           3.111
   Tor. Freq.       139.421
   Rot. barrier       1.140
   M_j,tau            3.000
   --------------------------------------------------------------------------------
   Potential Energy =   0.000 kcal/mol
   Weight =  2
   Overall rotational symmetry number =   1

                           ==========================
                                Structure   2
                           ==========================

   Normal-mode Frequencies (cm-1) 
   (Overall translation and rotation projected out)
       0.0000i      0.0000       0.0000       0.0000       0.0000       0.0001 
      29.3097      67.8256     103.2197     117.2406     137.4356     175.6137 
     241.8292     254.0100     304.5467     342.9951     482.3608     577.6879 
     698.9692     718.0851     790.3404     892.7990     920.2083     923.9863 
    1026.9703    1057.8348    1078.7438    1111.9010    1130.0865    1164.0582 
    1190.6914    1211.8145    1222.7235    1287.9878    1289.4292    1304.0102 
    1365.4232    1396.4413    1410.8224    1435.6149    1458.9601    1463.5680 
    1464.0067    1471.1618    1474.7736    1478.0222    1484.4682    1827.6333 
    2988.6759    3000.7831    3010.0966    3017.2821    3022.9521    3028.0457 
    3047.3763    3067.7430    3078.7198    3084.7441    3112.2966    3145.3317 
   Torsion-projected frequencies/non-torsional frequencies (cm-1)
     103.2197     254.0100     304.5467     342.9951     482.3608     574.7130 
     698.9692     716.2904     790.1913     892.7990     920.0387     923.9863 
    1026.9703    1057.8348    1078.7438    1111.8708    1130.0865    1163.7570 
    1190.6914    1211.7821    1222.7235    1287.9429    1289.4292    1303.9806 
    1365.4232    1396.4413    1410.8224    1435.6149    1458.9601    1463.4829 
    1464.0067    1471.1618    1474.7709    1478.0222    1484.4682    1827.6333 
    2988.6759    3000.7831    3010.0966    3017.2821    3022.9514    3028.0457 
    3047.3725    3067.7421    3078.7187    3084.7441    3112.2876    3145.3317 
   Product of consistently coupled torsional frequencies (in cm-1^ntor)  1.3719E+12
   Primitively coupled torsional frequencies (cm-1) (Not used)
      33.8572      74.1246     121.8968     139.7514     183.9816     245.9250 
   Product of primitively coupled torsional frequencies (in cm-1^ntor)   1.9344E+12
   Effective coupled torsional barrier (kcal/mol)
        0.737        1.089        2.534        2.872        3.958        7.348 

   D matrix: 
   m-n        1             2             3             4             5
    1   1.938864E+01 -3.949177E+00  1.521278E+01 -5.240665E+00  9.482525E-01
    2  -3.949177E+00  2.077649E+01 -4.295204E+00  8.270964E+00  2.226706E+00
    3   1.521278E+01 -4.295204E+00  2.946916E+01 -1.218500E+01  1.197413E+00
    4  -5.240665E+00  8.270964E+00 -1.218500E+01  1.818163E+01  2.488802E-01
    5   9.482525E-01  2.226706E+00  1.197413E+00  2.488802E-01  3.008614E+00
    6   7.393604E-01  2.574634E-01  1.339857E+00  1.485692E+00  1.064134E-01
   m-n        6
    1   7.393604E-01
    2   2.574634E-01
    3   1.339857E+00
    4   1.485692E+00
    5   1.064134E-01
    6   3.048632E+00

   Eigenvalues of D matrix:
     4.9182E+01    2.1329E+01    1.1836E+01    6.4665E+00    2.4629E+00    2.5960E+00
   Determinant of D matrix  3.906345E+028

          Uncoupled force constants (au), Pitzer moment of inertia (amu A^2),
   uncoupled torsional frequencies (cm-1), and uncoupled torsional barrier (kcal/mol)
   --------------------------------------------------------------------------------
   Torsion               1             2             3             4             5
   Force constant   2.23964E-02  1.65579E-02  5.14978E-03  4.38253E-02  2.06856E-02
   Moment          19.389       20.776       29.469       18.182        3.009
   Tor. Freq.        92.453       76.793       35.960      133.552      225.557
   Rot. barrier       3.701        2.736        0.851        7.243        2.885
   M_j,tau            2.756        2.756        2.756        2.756        3.000

   Torsion               6
   Force constant   8.03709E-03
   Moment           3.049
   Tor. Freq.       139.670
   Rot. barrier       1.121
   M_j,tau            3.000
   --------------------------------------------------------------------------------
   Potential Energy =   0.146 kcal/mol
   Weight =  1
   Overall rotational symmetry number =   1

                           ==========================
                                Structure   3
                           ==========================

   Normal-mode Frequencies (cm-1) 
   (Overall translation and rotation projected out)
       0.0000i      0.0000i      0.0000i      0.0000       0.0000       0.0000 
      33.0974      51.3450     117.4248     142.8053     175.6570     193.2380 
     261.5274     275.3945     346.2437     391.4170     478.4639     582.1214 
     656.1636     747.1947     826.6626     846.2197     914.3824     944.6212 
     978.2172    1051.0755    1071.3879    1094.7823    1133.0099    1164.1050 
    1188.8155    1195.3670    1236.6222    1263.6131    1299.4774    1347.4633 
    1374.4995    1394.4497    1399.7381    1436.4019    1452.7557    1460.2245 
    1463.7548    1469.5865    1477.6735    1478.3724    1484.0396    1823.9126 
    2998.7093    3006.8346    3012.3839    3021.8164    3028.1760    3051.9311 
    3062.1259    3076.6160    3079.3365    3083.8477    3112.4881    3145.7881 
   Torsion-projected frequencies/non-torsional frequencies (cm-1)
     190.6885     274.5590     344.5906     390.9137     477.4310     579.7218 
     656.0694     746.5824     826.6314     846.1243     914.3253     944.5954 
     978.1567    1051.0629    1071.3464    1094.7620    1133.0056    1163.7857 
    1188.8094    1195.3608    1236.5904    1263.5974    1299.4505    1347.4599 
    1374.4985    1394.4386    1399.7329    1436.3598    1452.7475    1460.2238 
    1463.6722    1469.5720    1477.6722    1478.3308    1484.0341    1823.9124 
    2998.7074    3006.8345    3012.3810    3021.8144    3028.1760    3051.9275 
    3062.1248    3076.6142    3079.3354    3083.8447    3112.4792    3145.7881 
   Product of consistently coupled torsional frequencies (in cm-1^ntor)  1.3497E+12
   Primitively coupled torsional frequencies (cm-1) (Not used)
      35.4924      56.1838     128.3655     146.5775     186.2706     265.1181 
   Product of primitively coupled torsional frequencies (in cm-1^ntor)   1.8529E+12
   Effective coupled torsional barrier (kcal/mol)
        1.122        1.448        2.134        4.773        9.025        9.297 

   D matrix: 
   m-n        1             2             3             4             5
    1   2.652816E+01  2.130129E+01 -7.154439E+00  5.926516E+00  1.363554E+00
    2   2.130129E+01  4.352644E+01  7.033059E+00  9.593592E+00 -3.235839E-01
    3  -7.154439E+00  7.033059E+00  4.066920E+01 -1.111059E+01  6.115066E-01
    4   5.926516E+00  9.593592E+00 -1.111059E+01  1.803350E+01 -2.994859E-01
    5   1.363554E+00 -3.235839E-01  6.115066E-01 -2.994859E-01  3.075831E+00
    6  -5.507556E-02  1.224426E+00  2.206325E+00  1.562138E+00  2.465855E-02
   m-n        6
    1  -5.507556E-02
    2   1.224426E+00
    3   2.206325E+00
    4   1.562138E+00
    5   2.465855E-02
    6   3.116313E+00

   Eigenvalues of D matrix:
     6.1020E+01    4.7271E+01    1.4447E+01    6.9823E+00    2.7570E+00    2.4723E+00
   Determinant of D matrix  1.509151E+029

          Uncoupled force constants (au), Pitzer moment of inertia (amu A^2),
   uncoupled torsional frequencies (cm-1), and uncoupled torsional barrier (kcal/mol)
   --------------------------------------------------------------------------------
   Torsion               1             2             3             4             5
   Force constant   2.30481E-02  3.83311E-02  1.05024E-02  4.49521E-02  2.03969E-02
   Moment          26.528       43.526       40.669       18.034        3.076
   Tor. Freq.        80.181       80.724       43.714      135.813      221.516
   Rot. barrier       4.695        7.808        2.139        9.157        2.844
   M_j,tau            2.482        2.482        2.482        2.482        3.000

   Torsion               6
   Force constant   8.28057E-03
   Moment           3.116
   Tor. Freq.       140.222
   Rot. barrier       1.155
   M_j,tau            3.000
   --------------------------------------------------------------------------------
   Potential Energy =   0.687 kcal/mol
   Weight =  2
   Overall rotational symmetry number =   1

                           ==========================
                                Structure   4
                           ==========================

   Normal-mode Frequencies (cm-1) 
   (Overall translation and rotation projected out)
       0.0000i      0.0000i      0.0000       0.0000       0.0000       0.0001 
      25.9743      58.5762     104.8540     137.8060     140.0924     173.8570 
     235.9612     278.5735     309.7237     414.2723     438.1639     578.8777 
     696.1840     742.5430     786.8974     879.8342     918.0718     934.7472 
     983.4631    1054.4390    1086.8068    1110.3966    1126.5733    1164.1879 
    1191.1304    1200.9386    1227.8657    1276.8313    1296.2219    1335.9697 
    1356.5926    1397.1037    1407.3945    1436.5487    1458.0544    1463.4925 
    1463.8681    1468.1719    1477.5688    1478.3356    1483.2974    1826.3514 
    2995.4707    3000.5409    3010.6546    3018.2649    3027.7456    3041.4343 
    3053.8612    3073.6581    3078.1652    3084.3379    3111.8595    3145.0985 
   Torsion-projected frequencies/non-torsional frequencies (cm-1)
     156.9718     264.9837     308.9969     413.7107     437.2987     575.4075 
     696.0826     742.1346     786.4243     879.8109     918.0623     934.6287 
     983.3328    1054.3912    1086.8046    1110.3559    1126.5698    1163.8908 
    1191.1263    1200.9285    1227.8491    1276.7729    1296.1731    1335.9613 
    1356.5845    1397.1018    1407.3913    1436.5480    1458.0537    1463.4120 
    1463.8597    1468.1695    1477.5650    1478.3344    1483.2925    1826.3513 
    2995.4706    3000.5392    3010.6532    3018.2647    3027.7456    3041.4340 
    3053.8562    3073.6568    3078.1640    3084.3364    3111.8505    3145.0985 
   Product of consistently coupled torsional frequencies (in cm-1^ntor)  8.5797E+11
   Primitively coupled torsional frequencies (cm-1) (Not used)
      31.6797      60.2825     119.2799     140.2579     183.0335     244.4860 
   Product of primitively coupled torsional frequencies (in cm-1^ntor)   1.4297E+12
   Effective coupled torsional barrier (kcal/mol)
        0.681        1.102        2.205        2.526        5.115        7.257 

   D matrix: 
   m-n        1             2             3             4             5
    1   1.850846E+01  6.854167E+00  1.225436E+01 -5.490969E-01  1.261628E+00
    2   6.854167E+00  3.324343E+01  4.731837E+00  9.550188E+00 -4.589419E-01
    3   1.225436E+01  4.731837E+00  2.645701E+01 -8.370797E+00  8.384355E-01
    4  -5.490969E-01  9.550188E+00 -8.370797E+00  1.748991E+01 -2.887028E-01
    5   1.261628E+00 -4.589419E-01  8.384355E-01 -2.887028E-01  3.077644E+00
    6   8.441121E-01  1.008011E+00  1.384759E+00  1.717814E+00  3.973090E-02
   m-n        6
    1   8.441121E-01
    2   1.008011E+00
    3   1.384759E+00
    4   1.717814E+00
    5   3.973090E-02
    6   3.068011E+00

   Eigenvalues of D matrix:
     4.2554E+01    3.5262E+01    1.1623E+01    6.9965E+00    2.9354E+00    2.4737E+00
   Determinant of D matrix  6.741992E+028

          Uncoupled force constants (au), Pitzer moment of inertia (amu A^2),
   uncoupled torsional frequencies (cm-1), and uncoupled torsional barrier (kcal/mol)
   --------------------------------------------------------------------------------
   Torsion               1             2             3             4             5
   Force constant   2.47982E-02  1.68334E-02  4.88711E-03  4.36188E-02  2.12953E-02
   Moment          18.508       33.243       26.457       17.490        3.078
   Tor. Freq.        99.570       61.212       36.971      135.846      226.276
   Rot. barrier       4.067        2.761        0.802        7.154        2.970
   M_j,tau            2.766        2.766        2.766        2.766        3.000

   Torsion               6
   Force constant   8.13281E-03
   Moment           3.068
   Tor. Freq.       140.055
   Rot. barrier       1.134
   M_j,tau            3.000
   --------------------------------------------------------------------------------
   Potential Energy =   0.728 kcal/mol
   Weight =  2
   Overall rotational symmetry number =   1

       List of zero-point inclusive energy (kcal/mol) for each structure
      ------------------------------------------------------------------
        Structure            Energy (T = 0 K)
      ------------------------------------------------------------------
          1                    109.13
          2                    109.06
          3                    109.91
          4                    109.76
      ZPE of the system =      109.06


     Note: The following SS-HO and SS-T include the Rot. P.F. and Boltzmann factor,
           but are calculated with weight = 1 for each structure. Weights are
           counted in MS partition functions. Zero of energy is set to the potential
           energy of global minimum.

            Partition function of structure    1
     ================================================================
          T(K)      Rot.          SS-HO           SS-T     SS-T/SS-HO
        100.00    8.3405E+004   1.8713E-233   1.5207E-233    0.813
        200.00    2.3590E+005   1.4415E-112   1.3911E-112    0.965
        298.15    4.2938E+005   5.9589E-072   6.5468E-072    1.099
        300.00    4.3338E+005   1.9620E-071   2.1598E-071    1.101
        500.00    9.3250E+005   3.6593E-037   4.6092E-037    1.260
        750.00    1.7131E+006   2.0703E-018   2.7026E-018    1.305
       1000.00    2.6375E+006   8.1512E-008   1.0311E-007    1.265
       1100.00    3.0429E+006   1.2046E-004   1.4891E-004    1.236
       1150.00    3.2527E+006   3.2545E-003   3.9710E-003    1.220
       1200.00    3.4671E+006   7.2091E-002   8.6742E-002    1.203
       1250.00    3.6860E+006   1.3385E+000   1.5868E+000    1.186
       1300.00    3.9094E+006   2.1221E+001   2.4770E+001    1.167
       1350.00    4.1371E+006   2.9196E+002   3.3528E+002    1.148
       1400.00    4.3690E+006   3.5335E+003   3.9900E+003    1.129
       1450.00    4.6052E+006   3.8073E+004   4.2248E+004    1.110
       1500.00    4.8454E+006   3.6901E+005   4.0220E+005    1.090
       1550.00    5.0897E+006   3.2465E+006   3.4740E+006    1.070
       1600.00    5.3379E+006   2.6134E+007   2.7444E+007    1.050
       1650.00    5.5901E+006   1.9386E+008   1.9970E+008    1.030
       1700.00    5.8461E+006   1.3334E+009   1.3470E+009    1.010
       1800.00    6.3694E+006   5.1397E+010   4.9886E+010    0.971
       1900.00    6.9075E+006   1.5547E+012   1.4483E+012    0.932
       2000.00    7.4600E+006   3.8059E+013   3.4001E+013    0.893
       2500.00    1.0426E+007   2.9746E+019   2.1408E+019    0.720

            Partition function of structure    2
     ================================================================
          T(K)      Rot.          SS-HO           SS-T     SS-T/SS-HO
        100.00    8.3615E+004   3.7375E-233   3.2976E-233    0.882
        200.00    2.3650E+005   3.0425E-112   3.2926E-112    1.082
        298.15    4.3047E+005   1.3236E-071   1.6023E-071    1.211
        300.00    4.3448E+005   4.3613E-071   5.2879E-071    1.212
        500.00    9.3485E+005   8.5992E-037   1.1359E-036    1.321
        750.00    1.7174E+006   5.0221E-018   6.4304E-018    1.280
       1000.00    2.6442E+006   2.0107E-007   2.3149E-007    1.151
       1100.00    3.0505E+006   2.9855E-004   3.2572E-004    1.091
       1150.00    3.2609E+006   8.0827E-003   8.5708E-003    1.060
       1200.00    3.4758E+006   1.7939E-001   1.8473E-001    1.030
       1250.00    3.6953E+006   3.3365E+000   3.3342E+000    0.999
       1300.00    3.9192E+006   5.2988E+001   5.1354E+001    0.969
       1350.00    4.1475E+006   7.3011E+002   6.8591E+002    0.939
       1400.00    4.3800E+006   8.8492E+003   8.0551E+003    0.910
       1450.00    4.6168E+006   9.5476E+004   8.4179E+004    0.882
       1500.00    4.8576E+006   9.2655E+005   7.9104E+005    0.854
       1550.00    5.1025E+006   8.1614E+006   6.7456E+006    0.827
       1600.00    5.3514E+006   6.5774E+007   5.2621E+007    0.800
       1650.00    5.6042E+006   4.8842E+008   3.7818E+008    0.774
       1700.00    5.8608E+006   3.3628E+009   2.5198E+009    0.749
       1800.00    6.3855E+006   1.2987E+011   9.1125E+010    0.702
       1900.00    6.9250E+006   3.9349E+012   2.5857E+012    0.657
       2000.00    7.4788E+006   9.6474E+013   5.9385E+013    0.616
       2500.00    1.0452E+007   7.5854E+019   3.3947E+019    0.448

            Partition function of structure    3
     ================================================================
          T(K)      Rot.          SS-HO           SS-T     SS-T/SS-HO
        100.00    8.2197E+004   4.4693E-235   3.7738E-235    0.844
        200.00    2.3249E+005   2.4305E-113   2.4722E-113    1.017
        298.15    4.2316E+005   1.8706E-072   2.1806E-072    1.166
        300.00    4.2711E+005   6.2070E-072   7.2500E-072    1.168
        500.00    9.1899E+005   1.8999E-037   2.5009E-037    1.316
        750.00    1.6883E+006   1.3757E-018   1.8202E-018    1.323
       1000.00    2.5993E+006   6.1262E-008   7.6685E-008    1.252
       1100.00    2.9988E+006   9.3620E-005   1.1368E-004    1.214
       1150.00    3.2055E+006   2.5664E-003   3.0655E-003    1.194
       1200.00    3.4169E+006   5.7614E-002   6.7651E-002    1.174
       1250.00    3.6326E+006   1.0829E+000   1.2492E+000    1.154
       1300.00    3.8527E+006   1.7364E+001   1.9669E+001    1.133
       1350.00    4.0771E+006   2.4140E+002   2.6836E+002    1.112
       1400.00    4.3057E+006   2.9501E+003   3.2172E+003    1.091
       1450.00    4.5384E+006   3.2074E+004   3.4300E+004    1.069
       1500.00    4.7752E+006   3.1349E+005   3.2863E+005    1.048
       1550.00    5.0159E+006   2.7798E+006   2.8555E+006    1.027
       1600.00    5.2606E+006   2.2543E+007   2.2685E+007    1.006
       1650.00    5.5091E+006   1.6838E+008   1.6594E+008    0.986
       1700.00    5.7614E+006   1.1657E+009   1.1249E+009    0.965
       1800.00    6.2772E+006   4.5471E+010   4.2038E+010    0.925
       1900.00    6.8075E+006   1.3901E+012   1.2305E+012    0.885
       2000.00    7.3519E+006   3.4356E+013   2.9101E+013    0.847
       2500.00    1.0275E+007   2.7840E+019   1.8847E+019    0.677

            Partition function of structure    4
     ================================================================
          T(K)      Rot.          SS-HO           SS-T     SS-T/SS-HO
        100.00    8.6841E+004   1.3212E-234   9.9722E-235    0.755
        200.00    2.4562E+005   5.8468E-113   5.4154E-113    0.926
        298.15    4.4707E+005   4.3516E-072   4.4936E-072    1.033
        300.00    4.5124E+005   1.4435E-071   1.4927E-071    1.034
        500.00    9.7091E+005   4.3601E-037   4.8019E-037    1.101
        750.00    1.7837E+006   3.1460E-018   3.2684E-018    1.039
       1000.00    2.7462E+006   1.3995E-007   1.2882E-007    0.920
       1100.00    3.1682E+006   2.1383E-004   1.8589E-004    0.869
       1150.00    3.3867E+006   5.8615E-003   4.9460E-003    0.844
       1200.00    3.6099E+006   1.3158E-001   1.0770E-001    0.819
       1250.00    3.8379E+006   2.4730E+000   1.9625E+000    0.794
       1300.00    4.0704E+006   3.9655E+001   3.0495E+001    0.769
       1350.00    4.3075E+006   5.5129E+002   4.1067E+002    0.745
       1400.00    4.5490E+006   6.7373E+003   4.8602E+003    0.721
       1450.00    4.7949E+006   7.3252E+004   5.1160E+004    0.698
       1500.00    5.0450E+006   7.1599E+005   4.8403E+005    0.676
       1550.00    5.2993E+006   6.3491E+006   4.1541E+006    0.654
       1600.00    5.5578E+006   5.1490E+007   3.2602E+007    0.633
       1650.00    5.8204E+006   3.8461E+008   2.3565E+008    0.613
       1700.00    6.0869E+006   2.6628E+009   1.5786E+009    0.593
       1800.00    6.6318E+006   1.0388E+011   5.7663E+010    0.555
       1900.00    7.1921E+006   3.1761E+012   1.6511E+012    0.520
       2000.00    7.7673E+006   7.8505E+013   3.8232E+013    0.487
       2500.00    1.0855E+007   6.3653E+019   2.2566E+019    0.355

     ================================================================
              Partition Functions Including All Structures
        -----------------------------------------------------------
        Zero of energy is set to potential energy of global minimum
        -----------------------------------------------------------
        T(K)    Elec.        Trans.              Con-rovib
                                            MS-LH    or     MS-T
        100.00  1.0000E+000  3.2453E+006  7.8337E-233  6.6139E-233
        200.00  1.0000E+000  1.8358E+007  7.5810E-112  7.6523E-112
        298.15  1.0000E+000  4.9814E+007  3.7598E-071  4.2465E-071
        300.00  1.0000E+000  5.0590E+007  1.2414E-070  1.4043E-070
        500.00  1.0000E+000  1.8142E+008  2.8438E-036  3.5183E-036
        750.00  1.0000E+000  4.9993E+008  1.8206E-017  2.2013E-017
       1000.00  1.0000E+000  1.0263E+009  7.6652E-007  8.4871E-007
       1100.00  1.0000E+000  1.3024E+009  1.1544E-003  1.2227E-003
       1150.00  1.0000E+000  1.4555E+009  3.1447E-002  3.2536E-002
       1200.00  1.0000E+000  1.6189E+009  7.0195E-001  7.0891E-001
       1250.00  1.0000E+000  1.7928E+009  1.3125E+001  1.2931E+001
       1300.00  1.0000E+000  1.9775E+009  2.0947E+002  2.0122E+002
       1350.00  1.0000E+000  2.1732E+009  2.8994E+003  2.7145E+003
       1400.00  1.0000E+000  2.3800E+009  3.5291E+004  3.2190E+004
       1450.00  1.0000E+000  2.5982E+009  3.8227E+005  3.3960E+005
       1500.00  1.0000E+000  2.8281E+009  3.7235E+006  3.2208E+006
       1550.00  1.0000E+000  3.0697E+009  3.2912E+007  2.7713E+007
       1600.00  1.0000E+000  3.3232E+009  2.6611E+008  2.1808E+008
       1650.00  1.0000E+000  3.5890E+009  1.9821E+009  1.5808E+009
       1700.00  1.0000E+000  3.8671E+009  1.3687E+010  1.0621E+010
       1800.00  1.0000E+000  4.4611E+009  5.3136E+011  3.9030E+011
       1900.00  1.0000E+000  5.1067E+009  1.6177E+013  1.1245E+013
       2000.00  1.0000E+000  5.8054E+009  3.9831E+014  2.6205E+014
       2500.00  1.0000E+000  1.0142E+010  3.1833E+020  1.5959E+020

             Total Partition Function (E + T + Con-rovib)
             ---------------------------------------------
                T(K)     E + T + MS-LH     E + T + MS-T
                100.00     2.5423E-226       2.1464E-226
                200.00     1.3918E-104       1.4048E-104
                298.15     1.8729E-063       2.1154E-063
                300.00     6.2801E-063       7.1043E-063
                500.00     5.1592E-028       6.3829E-028
                750.00     9.1019E-009       1.1005E-008
               1000.00     7.8665E+002       8.7100E+002
               1100.00     1.5034E+006       1.5924E+006
               1150.00     4.5771E+007       4.7355E+007
               1200.00     1.1364E+009       1.1476E+009
               1250.00     2.3531E+010       2.3183E+010
               1300.00     4.1422E+011       3.9792E+011
               1350.00     6.3009E+012       5.8991E+012
               1400.00     8.3993E+013       7.6613E+013
               1450.00     9.9324E+014       8.8235E+014
               1500.00     1.0530E+016       9.1085E+015
               1550.00     1.0103E+017       8.5069E+016
               1600.00     8.8434E+017       7.2474E+017
               1650.00     7.1138E+018       5.6733E+018
               1700.00     5.2927E+019       4.1072E+019
               1800.00     2.3704E+021       1.7412E+021
               1900.00     8.2610E+022       5.7427E+022
               2000.00     2.3124E+024       1.5213E+024
               2500.00     3.2284E+030       1.6185E+030

     ================================================================
              Partition Functions Including All Structures
        -----------------------------------------------------------
                    Zero of energy is set to ZPE
        -----------------------------------------------------------
        T(K)             Con-rovib                Total
                   MS-LH        MS-T       E+T+MS-LH    E+T+MS-T
        100.00  1.7685E+006  1.4931E+006  5.7394E+012  4.8457E+012
        200.00  1.1391E+008  1.1498E+008  2.0911E+015  2.1108E+015
        298.15  3.3065E+009  3.7345E+009  1.6471E+017  1.8603E+017
        300.00  3.5084E+009  3.9689E+009  1.7749E+017  2.0079E+017
        500.00  1.3324E+012  1.6484E+012  2.4172E+020  2.9905E+020
        750.00  1.0983E+015  1.3279E+015  5.4906E+023  6.6386E+023
       1000.00  5.2467E+017  5.8093E+017  5.3845E+026  5.9619E+026
       1100.00  5.3809E+018  5.6993E+018  7.0080E+027  7.4227E+027
       1150.00  1.6749E+019  1.7329E+019  2.4378E+028  2.5221E+028
       1200.00  5.1181E+019  5.1689E+019  8.2856E+028  8.3678E+028
       1250.00  1.5360E+020  1.5133E+020  2.7538E+029  2.7131E+029
       1300.00  4.5291E+020  4.3508E+020  8.9564E+029  8.6037E+029
       1350.00  1.3126E+021  1.2289E+021  2.8525E+030  2.6706E+030
       1400.00  3.7404E+021  3.4118E+021  8.9023E+030  8.1201E+030
       1450.00  1.0485E+022  9.3142E+021  2.7242E+031  2.4201E+031
       1500.00  2.8920E+022  2.5015E+022  8.1787E+031  7.0744E+031
       1550.00  7.8526E+022  6.6120E+022  2.4105E+032  2.0297E+032
       1600.00  2.0997E+023  1.7208E+023  6.9778E+032  5.7185E+032
       1650.00  5.5310E+023  4.4110E+023  1.9851E+033  1.5831E+033
       1700.00  1.4358E+024  1.1142E+024  5.5524E+033  4.3087E+033
       1800.00  9.2738E+024  6.8119E+024  4.1371E+034  3.0388E+034
       1900.00  5.6730E+025  3.9437E+025  2.8971E+035  2.0139E+035
       2000.00  3.2954E+026  2.1681E+026  1.9131E+036  1.2587E+036
       2500.00  1.0890E+030  5.4594E+029  1.1044E+040  5.5368E+039
     ================================================================

                     ==============================
                          Thermodynamic Functions
                      (Ideal gas at standard state)
                     ==============================
     T  - Temperature (Kelvin)        G  - Gibbs Free Energy (kcal/mol)
     E  - Thermal Energy (kcal/mol)   H  - Enthalpy (kcal/mol)
     S  - Entropy (cal/(mol-K))
     Cp - Heat Capacity at Constant Pressure (cal/(mol-K))
        -----------------------------------------------------------
        Zero of energy is set to potential energy of global minimum
        -----------------------------------------------------------

               Contribution from electronic P.F. 
     ================================================================
                  T          G          E          S
                100.00      -0.000      0.000      0.000
                200.00      -0.000      0.000      0.000
                298.15      -0.000      0.000      0.000
                300.00      -0.000      0.000      0.000
                500.00      -0.000      0.000      0.000
                750.00      -0.000      0.000      0.000
               1000.00      -0.000      0.000      0.000
               1100.00      -0.000      0.000      0.000
               1150.00      -0.000      0.000      0.000
               1200.00      -0.000      0.000      0.000
               1250.00      -0.000      0.000      0.000
               1300.00      -0.000      0.000      0.000
               1350.00      -0.000      0.000      0.000
               1400.00      -0.000      0.000      0.000
               1450.00      -0.000      0.000      0.000
               1500.00      -0.000      0.000      0.000
               1550.00      -0.000      0.000      0.000
               1600.00      -0.000      0.000      0.000
               1650.00      -0.000      0.000      0.000
               1700.00      -0.000      0.000      0.000
               1800.00      -0.000      0.000      0.000
               1900.00      -0.000      0.000      0.000
               2000.00      -0.000      0.000      0.000
               2500.00      -0.000      0.000      0.000

               Contribution from translational P.F. 
     ================================================================
                  T          G          E          S
                100.00      -2.979      0.298     34.762
                200.00      -6.647      0.596     38.205
                298.15     -10.501      0.889     40.189
                300.00     -10.576      0.894     40.220
                500.00     -18.895      1.490     42.758
                750.00     -29.853      2.236     44.772
               1000.00     -41.233      2.981     46.201
               1100.00     -45.877      3.279     46.675
               1150.00     -48.217      3.428     46.896
               1200.00     -50.567      3.577     47.107
               1250.00     -52.927      3.726     47.310
               1300.00     -55.298      3.875     47.505
               1350.00     -57.677      4.024     47.692
               1400.00     -60.067      4.173     47.873
               1450.00     -62.465      4.322     48.047
               1500.00     -64.871      4.471     48.216
               1550.00     -67.286      4.620     48.378
               1600.00     -69.709      4.769     48.536
               1650.00     -72.140      4.918     48.689
               1700.00     -74.578      5.067     48.837
               1800.00     -79.476      5.365     49.121
               1900.00     -84.402      5.664     49.390
               2000.00     -89.353      5.962     49.645
               2500.00    -114.463      7.452     50.753

        Contribution from conformational-rovibrational P.F. (MS-LH)
     ================================================================
                  T          G          E          S
                100.00     106.206    110.003     37.971
                200.00     101.691    112.018     51.634
                298.15      96.077    114.731     62.564
                300.00      95.962    114.790     62.761
                500.00      81.325    123.029     83.409
                750.00      57.448    137.813    107.154
               1000.00      27.983    156.092    128.110
               1100.00      14.786    164.120    135.758
               1150.00       7.906    168.259    139.438
               1200.00       0.844    172.474    143.025
               1250.00      -6.395    176.760    146.524
               1300.00     -13.807    181.111    149.937
               1350.00     -21.388    185.523    153.267
               1400.00     -29.132    189.993    156.518
               1450.00     -37.038    194.515    159.692
               1500.00     -45.100    199.087    162.792
               1550.00     -53.316    203.706    165.821
               1600.00     -61.681    208.368    168.781
               1650.00     -70.193    213.070    171.675
               1700.00     -78.848    217.810    174.505
               1800.00     -96.574    227.395    179.983
               1900.00    -114.837    237.105    185.233
               2000.00    -133.613    246.926    190.270
               2500.00    -234.539    297.303    212.737

        Contribution from conformational-rovibrational P.F. (MS-T)
     ================================================================
                  T          G          E          S
                100.00     106.239    110.043     38.034
                200.00     101.688    112.134     52.233
                298.15      96.005    114.883     63.316
                300.00      95.888    114.942     63.514
                500.00      81.113    123.095     83.964
                750.00      57.165    137.524    107.146
               1000.00      27.780    155.250    127.469
               1100.00      14.660    163.010    134.863
               1150.00       7.828    167.007    138.416
               1200.00       0.820    171.073    141.878
               1250.00      -6.358    175.205    145.251
               1300.00     -13.703    179.398    148.539
               1350.00     -21.211    183.646    151.746
               1400.00     -28.877    187.947    154.874
               1450.00     -36.697    192.297    157.927
               1500.00     -44.668    196.691    160.906
               1550.00     -52.786    201.128    163.816
               1600.00     -61.048    205.604    166.658
               1650.00     -69.451    210.117    169.435
               1700.00     -77.991    214.664    172.150
               1800.00     -95.470    223.852    177.401
               1900.00    -113.464    233.152    182.429
               2000.00    -131.949    242.551    187.250
               2500.00    -231.109    290.671    208.712

     Total (Translational + Electronic + conformational-rovib.(MS-LH))
     ======================================================================
              T          G          E          H          S          Cp
            100.00     103.226    110.301    110.499     72.733     20.864
            200.00      95.044    112.614    113.012     89.840     28.775
            298.15      85.576    115.620    116.212    102.753     36.765
            300.00      85.386    115.684    116.280    102.981     36.933
            500.00      62.430    124.520    125.513    126.167     55.055
            750.00      27.595    140.048    141.539    151.926     72.007
           1000.00     -13.250    159.073    161.060    174.311     83.447
           1100.00     -31.091    167.399    169.585    182.433     86.956
           1150.00     -40.311    171.687    173.972    186.333     88.528
           1200.00     -49.723    176.051    178.436    190.132     89.990
           1250.00     -59.322    180.486    182.970    193.834     91.351
           1300.00     -69.105    184.986    187.569    197.441     92.618
           1350.00     -79.065    189.547    192.230    200.959     93.799
           1400.00     -89.199    194.166    196.948    204.391     94.899
           1450.00     -99.503    198.837    201.719    207.739     95.926
           1500.00    -109.972    203.559    206.539    211.007     96.885
           1550.00    -120.602    208.326    211.406    214.199     97.781
           1600.00    -131.390    213.137    216.316    217.317     98.619
           1650.00    -142.333    217.988    221.267    220.364     99.402
           1700.00    -153.426    222.878    226.256    223.342    100.136
           1800.00    -176.050    232.761    236.338    229.104    101.470
           1900.00    -199.238    242.769    246.545    234.623    102.645
           2000.00    -222.967    252.888    256.862    239.915    103.685
           2500.00    -349.003    304.755    309.723    263.490    107.414

     Total (Translational + Electronic + conformational-rovib.(MS-T))
     ======================================================================
              T          G          E          H          S          Cp
            100.00     103.260    110.341    110.539     72.796     21.661
            200.00      95.040    112.730    113.128     90.439     29.379
            298.15      85.504    115.772    116.364    103.505     36.878
            300.00      85.313    115.836    116.433    103.734     37.035
            500.00      62.219    124.586    125.579    126.722     54.127
            750.00      27.312    139.760    141.250    151.918     70.153
           1000.00     -13.453    158.231    160.218    173.671     80.895
           1100.00     -31.217    166.289    168.475    181.538     84.162
           1150.00     -40.389    170.435    172.720    185.312     85.619
           1200.00     -49.746    174.650    177.035    188.984     86.971
           1250.00     -59.285    178.931    181.415    192.561     88.227
           1300.00     -69.001    183.273    185.856    196.044     89.392
           1350.00     -78.888    187.670    190.353    199.438     90.476
           1400.00     -88.943    192.120    194.902    202.747     91.483
           1450.00     -99.162    196.619    199.500    205.974     92.420
           1500.00    -109.539    201.163    204.143    209.122     93.293
           1550.00    -120.073    205.748    208.829    212.194     94.106
           1600.00    -130.758    210.374    213.553    215.194     94.865
           1650.00    -141.591    215.035    218.314    218.124     95.573
           1700.00    -152.569    219.731    223.110    220.987     96.235
           1800.00    -174.947    229.217    232.794    226.523     97.433
           1900.00    -197.866    238.816    242.591    231.819     98.484
           2000.00    -221.303    248.512    252.487    236.895     99.409
           2500.00    -345.573    298.123    303.091    259.465    102.694

                        --------------------------------
                         Zero of energy is set to ZPE
                        --------------------------------

     Total (Translational + Electronic + conformational-rovib.(MS-LH))
     ======================================================================
              T          G          E          H          S          Cp
            100.00      -5.838      1.236      1.435     72.733     20.864
            200.00     -14.020      3.550      3.948     89.840     28.775
            298.15     -23.488      6.555      7.148    102.753     36.765
            300.00     -23.678      6.620      7.216    102.981     36.933
            500.00     -46.634     15.455     16.449    126.167     55.055
            750.00     -81.470     30.984     32.475    151.926     72.007
           1000.00    -122.315     50.009     51.996    174.311     83.447
           1100.00    -140.155     58.335     60.521    182.433     86.956
           1150.00    -149.375     62.623     64.908    186.333     88.528
           1200.00    -158.787     66.987     69.372    190.132     89.990
           1250.00    -168.387     71.421     73.905    193.834     91.351
           1300.00    -178.169     75.922     78.505    197.441     92.618
           1350.00    -188.129     80.483     83.166    200.959     93.799
           1400.00    -198.263     85.101     87.884    204.391     94.899
           1450.00    -208.567     89.773     92.655    207.739     95.926
           1500.00    -219.036     94.494     97.475    211.007     96.885
           1550.00    -229.666     99.262    102.342    214.199     97.781
           1600.00    -240.455    104.073    107.252    217.317     98.619
           1650.00    -251.397    108.924    112.203    220.364     99.402
           1700.00    -262.490    113.813    117.192    223.342    100.136
           1800.00    -285.114    123.696    127.273    229.104    101.470
           1900.00    -308.303    133.705    137.480    234.623    102.645
           2000.00    -332.031    143.823    147.798    239.915    103.685
           2500.00    -458.067    195.691    200.659    263.490    107.414

     Total (Translational + Electronic + conformational-rovib.(MS-T))
     ======================================================================
              T          G          E          H          S          Cp
            100.00      -5.804      1.276      1.475     72.796     21.661
            200.00     -14.024      3.666      4.064     90.439     29.379
            298.15     -23.560      6.708      7.300    103.505     36.878
            300.00     -23.752      6.772      7.368    103.734     37.035
            500.00     -46.846     15.521     16.515    126.722     54.127
            750.00     -81.753     30.696     32.186    151.918     70.153
           1000.00    -122.517     49.166     51.154    173.671     80.895
           1100.00    -140.281     57.225     59.411    181.538     84.162
           1150.00    -149.453     61.370     63.656    185.312     85.619
           1200.00    -158.811     65.586     67.971    188.984     86.971
           1250.00    -168.350     69.867     72.351    192.561     88.227
           1300.00    -178.065     74.209     76.792    196.044     89.392
           1350.00    -187.953     78.606     81.289    199.438     90.476
           1400.00    -198.008     83.056     85.838    202.747     91.483
           1450.00    -208.226     87.555     90.436    205.974     92.420
           1500.00    -218.604     92.098     95.079    209.122     93.293
           1550.00    -229.137     96.684     99.764    212.194     94.106
           1600.00    -239.822    101.309    104.489    215.194     94.865
           1650.00    -250.655    105.971    109.250    218.124     95.573
           1700.00    -261.633    110.667    114.045    220.987     96.235
           1800.00    -284.011    120.153    123.730    226.523     97.433
           1900.00    -306.930    129.751    133.527    231.819     98.484
           2000.00    -330.368    139.448    143.423    236.895     99.409
           2500.00    -454.637    189.059    194.027    259.465    102.694

 ==============================End of MSTor output==============================
