
 *******************************************************************************

   MSTor program version 2013 (2013)

   Jingjing Zheng, Steven L. Mielke, and Donald G. Truhlar

   Department of Chemistry and Supercomputing Institute
   University of Minnesota, Minneapolis, Minnesota, USA

   Copyright 2013
   Donald G. Truhlar and Regents of the University of Minnesota

   Citations: 
   MS-T(U) method
     J. Zheng, T. Yu, E. Papajak, I. M. Alecu, S. L. Mielke, and D. G. Truhlar,
     Phys. Chem. Chem. Phys. 13, 10885-10907 (2011).
   MS-T(C) method
     J. Zheng and D. G. Truhlar, J. Chem. Theory Comput., DOI: 10.1021/ct3010722.
   MSTor program
     J. Zheng, S. L. Mielke, K. L Clarkson, and D. G. Truhlar,
     Comp. Phys. Comm. 183, 1803-1812 (2012).
     J. Zheng, R. Meana-Paneda, and D. G. Truhlar, Comp. Phys. Comm.
     to be published as new version announcement.

 *******************************************************************************

                    Naming conventions for the MS methods
   -----------------------------------------------------------------------------
   Common name        Original or other names
   -----------------------------------------------------------------------------
   MS-LH         =    MS-HO (ref. 1)   =   MS-AS-HO (ref. 2)
   MS-T          =    MS-AS (ref. 1)   =   MS-AS-T  (ref. 2)
   -----------------------------------------------------------------------------
   Ref. 1: J. Zheng, T. Yu, E. Papajak, I. M. Alecu, S. L. Mielke, and
           D. G. Truhlar, Phys. Chem. Chem. Phys. 13, 10885 (2011).
   Ref. 2: T. Yu, J. Zheng, and D. G. Truhlar, Chem. Sci. 2, 2199 (2011)

   Calculation run on 12/31/2021 at 20:28:07  

   Number of structures:             9
   Number of torsions:               6
   Method:                           MS-T(C)
   Frequency scaling factor:         0.964
   Delta T for finite difference:    0.5 K
   Internal coordinates
     Bonds:         01-02  01-18  01-19  01-20  02-03  02-16  02-17  03-04  03-14
     Bonds:         03-15  04-05  04-12  05-06  05-08  06-07  07-09  07-10  07-11
     Bonds:         04-13
     Angles:        01-02-03  02-03-15  03-02-17  03-04-13  04-03-14  04-03-15
     Angles:        04-05-06  04-05-08  05-04-12  05-06-07  06-07-09  06-07-10
     Angles:        09-07-11  12-04-13  16-02-17  18-01-19  18-01-20  19-01-20
     Linear Angles: 
     Dihedrals:     01-03-16-02  02-14-15-03  02-18-19-01  02-19-20-01
     Dihedrals:     03-05-12-04  03-12-13-04  03-16-17-02  04-06-08-05
     Dihedrals:     04-14-15-03  09-10-11-07  06-09-11-07  04-03-02-01
     Dihedrals:     05-04-03-02  06-05-04-03  07-06-05-04  03-02-01-18
     Dihedrals:     05-06-07-09

   All moment output uses units of amu for masses and Angstroms for distances 

                           ==========================
                                Structure   1
                           ==========================

   Normal-mode Frequencies (cm-1) 
   (Overall translation and rotation projected out)
       0.0000i      0.0000i      0.0000i      0.0000       0.0000       0.0000 
      35.8498      73.6864     104.4605     140.3878     174.0084     209.9407 
     243.5354     252.0126     302.5272     360.8465     515.8140     580.2134 
     652.4792     736.9697     837.7560     843.5000     915.5756     935.0577 
    1014.2721    1052.5510    1066.8427    1107.4836    1130.3615    1164.0526 
    1191.3356    1211.0438    1245.4802    1266.8844    1303.2256    1311.7495 
    1384.3856    1394.0856    1399.7581    1433.8862    1454.7960    1460.0396 
    1463.8279    1468.7629    1475.1689    1477.7240    1481.3507    1824.3258 
    2993.6176    2998.8480    3007.0904    3017.9033    3028.3602    3043.3315 
    3058.7488    3068.0199    3078.7572    3084.3275    3112.7161    3146.0506 
   Torsion-projected frequencies/non-torsional frequencies (cm-1)
     209.0778     251.0670     301.5215     360.7216     515.7855     577.8090 
     651.7878     735.7633     837.7307     843.4779     915.5503     935.0270 
    1014.2643    1052.5466    1066.8295    1107.4739    1130.3557    1163.7373 
    1191.3343    1211.0291    1245.4550    1266.8513    1303.2116    1311.6970 
    1384.3848    1394.0849    1399.7551    1433.8752    1454.7957    1460.0394 
    1463.7456    1468.7581    1475.1685    1477.7240    1481.3481    1824.3254 
    2993.6168    2998.8480    3007.0903    3017.9031    3028.3602    3043.3249 
    3058.7465    3068.0186    3078.7540    3084.3273    3112.7072    3146.0506 
   Product of consistently coupled torsional frequencies (in cm-1^ntor)  1.6733E+12
   Primitively coupled torsional frequencies (cm-1) (Not used)
      39.3476      84.5144     109.5413     142.9504     184.6774     246.0504 
   Product of primitively coupled torsional frequencies (in cm-1^ntor)   2.3662E+12
   Effective coupled torsional barrier (kcal/mol)
        1.109        1.572        2.776        4.437        8.859        9.068 

   D matrix: 
   m-n        1             2             3             4             5
    1   2.192533E+01 -2.389494E+00 -3.517976E+00 -1.116995E+00  1.433644E+00
    2  -2.389494E+00  2.283129E+01  7.294172E+00  4.815638E+00  2.174110E+00
    3  -3.517976E+00  7.294172E+00  4.292709E+01 -1.258834E+01  4.653739E-01
    4  -1.116995E+00  4.815638E+00 -1.258834E+01  1.746673E+01  4.089207E-01
    5   1.433644E+00  2.174110E+00  4.653739E-01  4.089207E-01  3.024541E+00
    6  -3.098791E-01  8.734555E-01  2.286197E+00  1.404998E+00  6.569997E-02
   m-n        6
    1  -3.098791E-01
    2   8.734555E-01
    3   2.286197E+00
    4   1.404998E+00
    5   6.569997E-02
    6   3.111451E+00

   Eigenvalues of D matrix:
     4.9561E+01    2.7078E+01    2.0651E+01    8.8418E+00    2.6408E+00    2.5134E+00
   Determinant of D matrix  1.237596E+029

          Uncoupled force constants (au), Pitzer moment of inertia (amu A^2),
   uncoupled torsional frequencies (cm-1), and uncoupled torsional barrier (kcal/mol)
   --------------------------------------------------------------------------------
   Torsion               1             2             3             4             5
   Force constant   2.18589E-02  4.15801E-02  1.08283E-02  4.46493E-02  2.08061E-02
   Moment          21.925       22.831       42.927       17.467        3.025
   Tor. Freq.        85.891      116.087       43.204      137.533      225.617
   Rot. barrier       4.371        8.315        2.165        8.929        2.901
   M_j,tau            2.505        2.505        2.505        2.505        3.000

   Torsion               6
   Force constant   8.17352E-03
   Moment           3.111
   Tor. Freq.       139.421
   Rot. barrier       1.140
   M_j,tau            3.000
   --------------------------------------------------------------------------------
   Potential Energy =   0.000 kcal/mol
   Weight =  2
   Overall rotational symmetry number =   1

                           ==========================
                                Structure   2
                           ==========================

   Normal-mode Frequencies (cm-1) 
   (Overall translation and rotation projected out)
       0.0000i      0.0000       0.0000       0.0000       0.0000       0.0001 
      29.3097      67.8256     103.2197     117.2406     137.4356     175.6137 
     241.8292     254.0100     304.5467     342.9951     482.3608     577.6879 
     698.9692     718.0851     790.3404     892.7990     920.2083     923.9863 
    1026.9703    1057.8348    1078.7438    1111.9010    1130.0865    1164.0582 
    1190.6914    1211.8145    1222.7235    1287.9878    1289.4292    1304.0102 
    1365.4232    1396.4413    1410.8224    1435.6149    1458.9601    1463.5680 
    1464.0067    1471.1618    1474.7736    1478.0222    1484.4682    1827.6333 
    2988.6759    3000.7831    3010.0966    3017.2821    3022.9521    3028.0457 
    3047.3763    3067.7430    3078.7198    3084.7441    3112.2966    3145.3317 
   Torsion-projected frequencies/non-torsional frequencies (cm-1)
     103.2197     254.0100     304.5467     342.9951     482.3608     574.7130 
     698.9692     716.2904     790.1913     892.7990     920.0387     923.9863 
    1026.9703    1057.8348    1078.7438    1111.8708    1130.0865    1163.7570 
    1190.6914    1211.7821    1222.7235    1287.9429    1289.4292    1303.9806 
    1365.4232    1396.4413    1410.8224    1435.6149    1458.9601    1463.4829 
    1464.0067    1471.1618    1474.7709    1478.0222    1484.4682    1827.6333 
    2988.6759    3000.7831    3010.0966    3017.2821    3022.9514    3028.0457 
    3047.3725    3067.7421    3078.7187    3084.7441    3112.2876    3145.3317 
   Product of consistently coupled torsional frequencies (in cm-1^ntor)  1.3719E+12
   Primitively coupled torsional frequencies (cm-1) (Not used)
      33.8572      74.1246     121.8968     139.7514     183.9816     245.9250 
   Product of primitively coupled torsional frequencies (in cm-1^ntor)   1.9344E+12
   Effective coupled torsional barrier (kcal/mol)
        0.737        1.089        2.534        2.872        3.958        7.348 

   D matrix: 
   m-n        1             2             3             4             5
    1   1.938864E+01 -3.949177E+00  1.521278E+01 -5.240665E+00  9.482525E-01
    2  -3.949177E+00  2.077649E+01 -4.295204E+00  8.270964E+00  2.226706E+00
    3   1.521278E+01 -4.295204E+00  2.946916E+01 -1.218500E+01  1.197413E+00
    4  -5.240665E+00  8.270964E+00 -1.218500E+01  1.818163E+01  2.488802E-01
    5   9.482525E-01  2.226706E+00  1.197413E+00  2.488802E-01  3.008614E+00
    6   7.393604E-01  2.574634E-01  1.339857E+00  1.485692E+00  1.064134E-01
   m-n        6
    1   7.393604E-01
    2   2.574634E-01
    3   1.339857E+00
    4   1.485692E+00
    5   1.064134E-01
    6   3.048632E+00

   Eigenvalues of D matrix:
     4.9182E+01    2.1329E+01    1.1836E+01    6.4665E+00    2.4629E+00    2.5960E+00
   Determinant of D matrix  3.906345E+028

          Uncoupled force constants (au), Pitzer moment of inertia (amu A^2),
   uncoupled torsional frequencies (cm-1), and uncoupled torsional barrier (kcal/mol)
   --------------------------------------------------------------------------------
   Torsion               1             2             3             4             5
   Force constant   2.23964E-02  1.65579E-02  5.14978E-03  4.38253E-02  2.06856E-02
   Moment          19.389       20.776       29.469       18.182        3.009
   Tor. Freq.        92.453       76.793       35.960      133.552      225.557
   Rot. barrier       3.701        2.736        0.851        7.243        2.885
   M_j,tau            2.756        2.756        2.756        2.756        3.000

   Torsion               6
   Force constant   8.03709E-03
   Moment           3.049
   Tor. Freq.       139.670
   Rot. barrier       1.121
   M_j,tau            3.000
   --------------------------------------------------------------------------------
   Potential Energy =   0.146 kcal/mol
   Weight =  1
   Overall rotational symmetry number =   1

                           ==========================
                                Structure   3
                           ==========================

   Normal-mode Frequencies (cm-1) 
   (Overall translation and rotation projected out)
       0.0000i      0.0000i      0.0000i      0.0000       0.0000       0.0000 
      33.0974      51.3450     117.4248     142.8053     175.6570     193.2380 
     261.5274     275.3945     346.2437     391.4170     478.4639     582.1214 
     656.1636     747.1947     826.6626     846.2197     914.3824     944.6212 
     978.2172    1051.0755    1071.3879    1094.7823    1133.0099    1164.1050 
    1188.8155    1195.3670    1236.6222    1263.6131    1299.4774    1347.4633 
    1374.4995    1394.4497    1399.7381    1436.4019    1452.7557    1460.2245 
    1463.7548    1469.5865    1477.6735    1478.3724    1484.0396    1823.9126 
    2998.7093    3006.8346    3012.3839    3021.8164    3028.1760    3051.9311 
    3062.1259    3076.6160    3079.3365    3083.8477    3112.4881    3145.7881 
   Torsion-projected frequencies/non-torsional frequencies (cm-1)
     190.6885     274.5590     344.5906     390.9137     477.4310     579.7218 
     656.0694     746.5824     826.6314     846.1243     914.3253     944.5954 
     978.1567    1051.0629    1071.3464    1094.7620    1133.0056    1163.7857 
    1188.8094    1195.3608    1236.5904    1263.5974    1299.4505    1347.4599 
    1374.4985    1394.4386    1399.7329    1436.3598    1452.7475    1460.2238 
    1463.6722    1469.5720    1477.6722    1478.3308    1484.0341    1823.9124 
    2998.7074    3006.8345    3012.3810    3021.8144    3028.1760    3051.9275 
    3062.1248    3076.6142    3079.3354    3083.8447    3112.4792    3145.7881 
   Product of consistently coupled torsional frequencies (in cm-1^ntor)  1.3497E+12
   Primitively coupled torsional frequencies (cm-1) (Not used)
      35.4924      56.1838     128.3655     146.5775     186.2706     265.1181 
   Product of primitively coupled torsional frequencies (in cm-1^ntor)   1.8529E+12
   Effective coupled torsional barrier (kcal/mol)
        1.122        1.448        2.134        4.773        9.025        9.297 

   D matrix: 
   m-n        1             2             3             4             5
    1   2.652816E+01  2.130129E+01 -7.154439E+00  5.926516E+00  1.363554E+00
    2   2.130129E+01  4.352644E+01  7.033059E+00  9.593592E+00 -3.235839E-01
    3  -7.154439E+00  7.033059E+00  4.066920E+01 -1.111059E+01  6.115066E-01
    4   5.926516E+00  9.593592E+00 -1.111059E+01  1.803350E+01 -2.994859E-01
    5   1.363554E+00 -3.235839E-01  6.115066E-01 -2.994859E-01  3.075831E+00
    6  -5.507556E-02  1.224426E+00  2.206325E+00  1.562138E+00  2.465855E-02
   m-n        6
    1  -5.507556E-02
    2   1.224426E+00
    3   2.206325E+00
    4   1.562138E+00
    5   2.465855E-02
    6   3.116313E+00

   Eigenvalues of D matrix:
     6.1020E+01    4.7271E+01    1.4447E+01    6.9823E+00    2.7570E+00    2.4723E+00
   Determinant of D matrix  1.509151E+029

          Uncoupled force constants (au), Pitzer moment of inertia (amu A^2),
   uncoupled torsional frequencies (cm-1), and uncoupled torsional barrier (kcal/mol)
   --------------------------------------------------------------------------------
   Torsion               1             2             3             4             5
   Force constant   2.30481E-02  3.83311E-02  1.05024E-02  4.49521E-02  2.03969E-02
   Moment          26.528       43.526       40.669       18.034        3.076
   Tor. Freq.        80.181       80.724       43.714      135.813      221.516
   Rot. barrier       4.695        7.808        2.139        9.157        2.844
   M_j,tau            2.482        2.482        2.482        2.482        3.000

   Torsion               6
   Force constant   8.28057E-03
   Moment           3.116
   Tor. Freq.       140.222
   Rot. barrier       1.155
   M_j,tau            3.000
   --------------------------------------------------------------------------------
   Potential Energy =   0.687 kcal/mol
   Weight =  2
   Overall rotational symmetry number =   1

                           ==========================
                                Structure   4
                           ==========================

   Normal-mode Frequencies (cm-1) 
   (Overall translation and rotation projected out)
       0.0000i      0.0000i      0.0000       0.0000       0.0000       0.0001 
      25.9743      58.5762     104.8540     137.8060     140.0924     173.8570 
     235.9612     278.5735     309.7237     414.2723     438.1639     578.8777 
     696.1840     742.5430     786.8974     879.8342     918.0718     934.7472 
     983.4631    1054.4390    1086.8068    1110.3966    1126.5733    1164.1879 
    1191.1304    1200.9386    1227.8657    1276.8313    1296.2219    1335.9697 
    1356.5926    1397.1037    1407.3945    1436.5487    1458.0544    1463.4925 
    1463.8681    1468.1719    1477.5688    1478.3356    1483.2974    1826.3514 
    2995.4707    3000.5409    3010.6546    3018.2649    3027.7456    3041.4343 
    3053.8612    3073.6581    3078.1652    3084.3379    3111.8595    3145.0985 
   Torsion-projected frequencies/non-torsional frequencies (cm-1)
     156.9718     264.9837     308.9969     413.7107     437.2987     575.4075 
     696.0826     742.1346     786.4243     879.8109     918.0623     934.6287 
     983.3328    1054.3912    1086.8046    1110.3559    1126.5698    1163.8908 
    1191.1263    1200.9285    1227.8491    1276.7729    1296.1731    1335.9613 
    1356.5845    1397.1018    1407.3913    1436.5480    1458.0537    1463.4120 
    1463.8597    1468.1695    1477.5650    1478.3344    1483.2925    1826.3513 
    2995.4706    3000.5392    3010.6532    3018.2647    3027.7456    3041.4340 
    3053.8562    3073.6568    3078.1640    3084.3364    3111.8505    3145.0985 
   Product of consistently coupled torsional frequencies (in cm-1^ntor)  8.5797E+11
   Primitively coupled torsional frequencies (cm-1) (Not used)
      31.6797      60.2825     119.2799     140.2579     183.0335     244.4860 
   Product of primitively coupled torsional frequencies (in cm-1^ntor)   1.4297E+12
   Effective coupled torsional barrier (kcal/mol)
        0.681        1.102        2.205        2.526        5.115        7.257 

   D matrix: 
   m-n        1             2             3             4             5
    1   1.850846E+01  6.854167E+00  1.225436E+01 -5.490969E-01  1.261628E+00
    2   6.854167E+00  3.324343E+01  4.731837E+00  9.550188E+00 -4.589419E-01
    3   1.225436E+01  4.731837E+00  2.645701E+01 -8.370797E+00  8.384355E-01
    4  -5.490969E-01  9.550188E+00 -8.370797E+00  1.748991E+01 -2.887028E-01
    5   1.261628E+00 -4.589419E-01  8.384355E-01 -2.887028E-01  3.077644E+00
    6   8.441121E-01  1.008011E+00  1.384759E+00  1.717814E+00  3.973090E-02
   m-n        6
    1   8.441121E-01
    2   1.008011E+00
    3   1.384759E+00
    4   1.717814E+00
    5   3.973090E-02
    6   3.068011E+00

   Eigenvalues of D matrix:
     4.2554E+01    3.5262E+01    1.1623E+01    6.9965E+00    2.9354E+00    2.4737E+00
   Determinant of D matrix  6.741992E+028

          Uncoupled force constants (au), Pitzer moment of inertia (amu A^2),
   uncoupled torsional frequencies (cm-1), and uncoupled torsional barrier (kcal/mol)
   --------------------------------------------------------------------------------
   Torsion               1             2             3             4             5
   Force constant   2.47982E-02  1.68334E-02  4.88711E-03  4.36188E-02  2.12953E-02
   Moment          18.508       33.243       26.457       17.490        3.078
   Tor. Freq.        99.570       61.212       36.971      135.846      226.276
   Rot. barrier       4.067        2.761        0.802        7.154        2.970
   M_j,tau            2.766        2.766        2.766        2.766        3.000

   Torsion               6
   Force constant   8.13281E-03
   Moment           3.068
   Tor. Freq.       140.055
   Rot. barrier       1.134
   M_j,tau            3.000
   --------------------------------------------------------------------------------
   Potential Energy =   0.728 kcal/mol
   Weight =  2
   Overall rotational symmetry number =   1

                           ==========================
                                Structure   5
                           ==========================

   Normal-mode Frequencies (cm-1) 
   (Overall translation and rotation projected out)
       0.0001i      0.0000i      0.0000i      0.0000i      0.0000i      0.0000 
      36.6227      69.2932      90.3661     139.8108     178.7835     203.4907 
     244.6905     257.0324     308.6509     381.4161     504.5984     601.3936 
     660.6443     740.7369     838.5146     849.1175     883.4531     937.5362 
    1007.6703    1050.7734    1075.2591    1112.6810    1128.4866    1164.3796 
    1194.1779    1209.8808    1246.2898    1286.6074    1305.6165    1324.6690 
    1357.8056    1387.3166    1397.8124    1441.4545    1453.8097    1462.7800 
    1463.5592    1467.0676    1475.0515    1477.6472    1481.2284    1825.9702 
    2993.9737    2999.6953    3009.2588    3021.9229    3027.9314    3030.8781 
    3060.8961    3077.3141    3085.1025    3090.2000    3112.2207    3145.0712 
   Torsion-projected frequencies/non-torsional frequencies (cm-1)
     200.8656     255.1130     306.6721     381.0359     503.4485     600.9187 
     659.3245     739.6517     838.4771     849.1046     883.4218     937.4955 
    1007.6464    1050.7672    1075.2546    1112.6566    1128.4770    1164.0615 
    1194.1761    1209.8532    1246.2445    1286.6050    1305.5585    1324.6576 
    1357.7927    1387.3164    1397.8106    1441.4185    1453.8084    1462.7095 
    1463.5369    1467.0617    1475.0502    1477.6470    1481.2264    1825.9701 
    2993.9731    2999.6953    3009.2584    3021.9227    3027.9314    3030.8763 
    3060.8952    3077.3123    3085.1025    3090.1992    3112.2115    3145.0712 
   Product of consistently coupled torsional frequencies (in cm-1^ntor)  1.4528E+12
   Primitively coupled torsional frequencies (cm-1) (Not used)
      45.9059      90.6299      99.2136     143.6692     188.2420     245.1610 
   Product of primitively coupled torsional frequencies (in cm-1^ntor)   2.7368E+12
   Effective coupled torsional barrier (kcal/mol)
        1.121        2.190        2.797        4.956        8.182        9.695 

   D matrix: 
   m-n        1             2             3             4             5
    1   2.254382E+01 -4.635681E+00 -9.594482E+00  5.601894E+00  1.333296E+00
    2  -4.635681E+00  2.941718E+01  1.955186E+01 -1.135176E+01  2.569133E+00
    3  -9.594482E+00  1.955186E+01  4.083014E+01 -9.254596E+00  9.807398E-01
    4   5.601894E+00 -1.135176E+01 -9.254596E+00  1.744552E+01 -5.289815E-01
    5   1.333296E+00  2.569133E+00  9.807398E-01 -5.289815E-01  3.059254E+00
    6  -2.745311E-01  6.020479E-01  2.298169E+00  1.678176E+00  3.696507E-02
   m-n        6
    1  -2.745311E-01
    2   6.020479E-01
    3   2.298169E+00
    4   1.678176E+00
    5   3.696507E-02
    6   3.129024E+00

   Eigenvalues of D matrix:
     6.3661E+01    2.0521E+01    1.7450E+01    9.5932E+00    2.6448E+00    2.5544E+00
   Determinant of D matrix  1.124265E+029

          Uncoupled force constants (au), Pitzer moment of inertia (amu A^2),
   uncoupled torsional frequencies (cm-1), and uncoupled torsional barrier (kcal/mol)
   --------------------------------------------------------------------------------
   Torsion               1             2             3             4             5
   Force constant   2.28383E-02  3.60877E-02  1.27288E-02  4.52610E-02  2.06520E-02
   Moment          22.544       29.417       40.830       17.446        3.059
   Tor. Freq.        86.581       95.276       48.030      138.556      223.501
   Rot. barrier       4.865        7.688        2.712        9.642        2.880
   M_j,tau            2.427        2.427        2.427        2.427        3.000

   Torsion               6
   Force constant   8.27954E-03
   Moment           3.129
   Tor. Freq.       139.928
   Rot. barrier       1.155
   M_j,tau            3.000
   --------------------------------------------------------------------------------
   Potential Energy =   0.822 kcal/mol
   Weight =  2
   Overall rotational symmetry number =   1

                           ==========================
                                Structure   6
                           ==========================

   Normal-mode Frequencies (cm-1) 
   (Overall translation and rotation projected out)
       0.0000i      0.0000i      0.0000i      0.0000       0.0000       0.0000 
      23.6561      73.5055      91.1126     116.5430     140.8451     188.8301 
     238.4492     258.6273     307.7280     365.9248     436.8817     645.8340 
     717.7611     733.4521     787.6049     878.4985     903.2258     928.9420 
    1029.5674    1060.1709    1073.0519    1116.5654    1124.8479    1164.2191 
    1193.9935    1210.8656    1247.0413    1281.2706    1307.3666    1320.5382 
    1346.6022    1388.8415    1396.8579    1447.5541    1457.5780    1463.1979 
    1465.7274    1473.4093    1474.8839    1477.6637    1484.5386    1827.1767 
    2992.2375    3000.4119    3003.1666    3019.9267    3028.0947    3028.7207 
    3057.9419    3078.4740    3085.5696    3096.3445    3112.4420    3145.2111 
   Torsion-projected frequencies/non-torsional frequencies (cm-1)
     149.7362     254.8244     306.7268     365.1770     436.0298     645.3112 
     716.4531     732.6160     787.4491     878.4846     903.2164     928.8823 
    1029.5648    1060.1581    1073.0510    1116.5260    1124.8368    1163.9568 
    1193.9918    1210.8466    1247.0269    1281.2221    1307.3180    1320.5289 
    1346.5874    1388.8384    1396.8579    1447.5096    1457.5755    1463.1149 
    1465.7210    1473.4062    1474.8827    1477.6637    1484.5370    1827.1765 
    2992.2375    3000.4119    3003.1666    3019.9252    3028.0946    3028.7205 
    3057.9396    3078.4725    3085.5696    3096.3443    3112.4330    3145.2111 
   Product of consistently coupled torsional frequencies (in cm-1^ntor)  8.0312E+11
   Primitively coupled torsional frequencies (cm-1) (Not used)
      38.8147      79.9714     119.6264     137.7727     162.8468     244.4854 
   Product of primitively coupled torsional frequencies (in cm-1^ntor)   2.0368E+12
   Effective coupled torsional barrier (kcal/mol)
        0.990        1.115        2.684        3.466        4.526        8.251 

   D matrix: 
   m-n        1             2             3             4             5
    1   1.814794E+01 -1.911133E+00  1.267751E+01 -2.468392E+00  1.047125E+00
    2  -1.911133E+00  2.288598E+01 -1.474797E+00 -2.597407E+00  2.618586E+00
    3   1.267751E+01 -1.474797E+00  2.541448E+01 -4.271899E+00  1.295231E+00
    4  -2.468392E+00 -2.597407E+00 -4.271899E+00  1.586288E+01 -5.373092E-01
    5   1.047125E+00  2.618586E+00  1.295231E+00 -5.373092E-01  3.058006E+00
    6   7.632379E-01 -2.855438E-01  1.548355E+00  1.917950E+00  5.691403E-02
   m-n        6
    1   7.632379E-01
    2  -2.855438E-01
    3   1.548355E+00
    4   1.917950E+00
    5   5.691403E-02
    6   3.091580E+00

   Eigenvalues of D matrix:
     3.6469E+01    2.4133E+01    1.4102E+01    8.5713E+00    2.6113E+00    2.5744E+00
   Determinant of D matrix  5.441868E+028

          Uncoupled force constants (au), Pitzer moment of inertia (amu A^2),
   uncoupled torsional frequencies (cm-1), and uncoupled torsional barrier (kcal/mol)
   --------------------------------------------------------------------------------
   Torsion               1             2             3             4             5
   Force constant   2.21908E-02  2.07071E-02  5.76655E-03  4.49490E-02  2.05713E-02
   Moment          18.148       22.886       25.414       15.863        3.058
   Tor. Freq.        95.121       81.824       40.975      144.802      223.109
   Rot. barrier       4.033        3.763        1.048        8.169        2.869
   M_j,tau            2.628        2.628        2.628        2.628        3.000

   Torsion               6
   Force constant   8.24594E-03
   Moment           3.092
   Tor. Freq.       140.487
   Rot. barrier       1.150
   M_j,tau            3.000
   --------------------------------------------------------------------------------
   Potential Energy =   0.995 kcal/mol
   Weight =  2
   Overall rotational symmetry number =   1

                           ==========================
                                Structure   7
                           ==========================

   Normal-mode Frequencies (cm-1) 
   (Overall translation and rotation projected out)
       0.0000i      0.0000i      0.0000i      0.0000       0.0000       0.0001 
      33.4363      88.0799     116.3709     142.6051     174.1096     226.6397 
     271.1630     297.8034     325.0733     388.9208     481.5018     577.8019 
     677.4216     762.1626     817.1621     861.8182     924.6348     929.6453 
     980.7071    1053.3041    1078.9710    1097.5984    1124.3354    1164.1572 
    1190.0213    1206.6882    1239.1532    1263.8996    1290.8105    1353.1559 
    1365.4350    1395.5470    1400.9996    1436.0367    1457.6332    1459.6638 
    1463.3253    1465.9242    1476.2160    1477.4822    1488.1839    1823.7385 
    2992.6740    3000.0798    3011.9225    3018.7924    3028.0507    3038.4352 
    3064.4140    3071.8863    3075.1615    3090.5603    3112.5668    3145.7372 
   Torsion-projected frequencies/non-torsional frequencies (cm-1)
     223.0710     288.0936     313.5541     387.6871     479.8401     576.0445 
     677.0411     761.6185     817.0923     861.7073     924.6184     929.5788 
     980.5426    1053.2595    1078.9197    1097.5880    1124.3068    1163.8180 
    1190.0204    1206.6826    1239.1394    1263.8869    1290.7726    1353.1356 
    1365.4320    1395.5394    1400.9886    1436.0072    1457.6228    1459.6621 
    1463.2437    1465.9098    1476.1618    1477.4820    1488.1543    1823.7355 
    2992.6736    3000.0754    3011.9222    3018.7919    3028.0507    3038.4351 
    3064.4139    3071.8845    3075.1561    3090.5590    3112.5576    3145.7372 
   Product of consistently coupled torsional frequencies (in cm-1^ntor)  2.5429E+12
   Primitively coupled torsional frequencies (cm-1) (Not used)
      39.2314      92.8701     128.6412     145.6984     185.3584     296.3809 
   Product of primitively coupled torsional frequencies (in cm-1^ntor)   3.7515E+12
   Effective coupled torsional barrier (kcal/mol)
        1.126        1.554        4.336        7.328        9.246       14.644 

   D matrix: 
   m-n        1             2             3             4             5
    1   2.187406E+01  8.814682E+00  1.231059E+01 -2.190961E+00  1.844512E+00
    2   8.814682E+00  4.453380E+01  1.075792E+01  8.410140E+00  4.614203E-01
    3   1.231059E+01  1.075792E+01  4.163961E+01 -1.125885E+01 -6.779634E-01
    4  -2.190961E+00  8.410140E+00 -1.125885E+01  1.823556E+01  1.132322E-01
    5   1.844512E+00  4.614203E-01 -6.779634E-01  1.132322E-01  3.075057E+00
    6   7.596252E-01  1.431566E+00  2.274864E+00  1.560903E+00 -3.929752E-02
   m-n        6
    1   7.596252E-01
    2   1.431566E+00
    3   2.274864E+00
    4   1.560903E+00
    5  -3.929752E-02
    6   3.122269E+00

   Eigenvalues of D matrix:
     6.0044E+01    4.1211E+01    1.5887E+01    1.0019E+01    2.7873E+00    2.5325E+00
   Determinant of D matrix  2.115588E+029

          Uncoupled force constants (au), Pitzer moment of inertia (amu A^2),
   uncoupled torsional frequencies (cm-1), and uncoupled torsional barrier (kcal/mol)
   --------------------------------------------------------------------------------
   Torsion               1             2             3             4             5
   Force constant   3.43264E-02  6.68914E-02  1.35678E-02  4.58622E-02  3.46176E-02
   Moment          21.874       44.534       41.640       18.236        3.075
   Tor. Freq.       107.759      105.425       49.103      136.419      288.621
   Rot. barrier       6.891       13.428        2.724        9.206        4.827
   M_j,tau            2.500        2.500        2.500        2.500        3.000

   Torsion               6
   Force constant   8.30805E-03
   Moment           3.122
   Tor. Freq.       140.320
   Rot. barrier       1.159
   M_j,tau            3.000
   --------------------------------------------------------------------------------
   Potential Energy =   1.102 kcal/mol
   Weight =  2
   Overall rotational symmetry number =   1

                           ==========================
                                Structure   8
                           ==========================

   Normal-mode Frequencies (cm-1) 
   (Overall translation and rotation projected out)
       0.0000i      0.0000i      0.0000i      0.0000       0.0000       0.0000 
      23.2827      51.1309     108.9500     142.0569     167.4198     188.4491 
     263.5197     295.1786     338.0938     414.5927     468.1958     611.4714 
     696.1833     750.9846     830.2939     848.7388     894.7804     944.2770 
     974.4673    1043.0835    1080.8293    1105.3182    1126.4466    1164.0742 
    1182.3981    1195.8881    1235.2324    1285.6893    1304.4067    1342.6982 
    1357.9746    1376.7332    1398.4536    1447.6281    1453.9242    1463.2681 
    1465.2481    1468.6055    1477.2970    1477.6698    1489.4386    1824.7250 
    2995.7742    3000.1064    3009.4966    3027.5346    3035.7357    3041.2752 
    3063.4246    3077.9271    3089.4820    3106.6444    3111.6273    3145.1477 
   Torsion-projected frequencies/non-torsional frequencies (cm-1)
     170.0059     291.0420     333.3764     413.0273     463.8007     611.0226 
     695.5797     750.3759     830.2357     848.6392     894.6734     944.1316 
     974.3384    1043.0270    1080.7554    1105.2870    1126.4389    1163.7796 
    1182.3832    1195.8858    1235.1885    1285.6704    1304.3984    1342.6824 
    1357.9516    1376.7316    1398.4473    1447.6050    1453.9191    1463.1834 
    1465.2352    1468.5878    1477.2700    1477.6686    1489.3219    1824.7241 
    2995.7741    3000.1040    3009.4964    3027.5346    3035.7342    3041.2751 
    3063.4242    3077.9267    3089.4814    3106.6408    3111.6181    3145.1477 
   Product of consistently coupled torsional frequencies (in cm-1^ntor)  9.4264E+11
   Primitively coupled torsional frequencies (cm-1) (Not used)
      33.0443      58.5413     131.4567     150.5925     183.7888     278.6912 
   Product of primitively coupled torsional frequencies (in cm-1^ntor)   1.9615E+12
   Effective coupled torsional barrier (kcal/mol)
        1.125        1.337        3.221        6.267        7.574        9.571 

   D matrix: 
   m-n        1             2             3             4             5
    1   2.660324E+01  2.626154E+01  3.866286E-01 -2.785238E+00  1.409102E+00
    2   2.626154E+01  6.234001E+01  2.680279E+01 -1.588448E+01 -4.048507E-01
    3   3.866286E-01  2.680279E+01  4.284908E+01 -1.142455E+01 -5.229823E-02
    4  -2.785238E+00 -1.588448E+01 -1.142455E+01  1.827632E+01  3.356997E-01
    5   1.409102E+00 -4.048507E-01 -5.229823E-02  3.356997E-01  3.077685E+00
    6  -2.122722E-01  7.856157E-01  2.337805E+00  1.571000E+00  2.139058E-02
   m-n        6
    1  -2.122722E-01
    2   7.856157E-01
    3   2.337805E+00
    4   1.571000E+00
    5   2.139058E-02
    6   3.126644E+00

   Eigenvalues of D matrix:
     9.4028E+01    3.6162E+01    1.3824E+01    6.9734E+00    2.7187E+00    2.5671E+00
   Determinant of D matrix  1.740756E+029

          Uncoupled force constants (au), Pitzer moment of inertia (amu A^2),
   uncoupled torsional frequencies (cm-1), and uncoupled torsional barrier (kcal/mol)
   --------------------------------------------------------------------------------
   Torsion               1             2             3             4             5
   Force constant   2.92758E-02  3.40119E-02  6.67007E-03  4.41931E-02  2.48574E-02
   Moment          26.603       62.340       42.849       18.276        3.078
   Tor. Freq.        90.239       63.539       33.939      133.764      244.467
   Rot. barrier       6.275        7.291        1.430        9.473        3.466
   M_j,tau            2.420        2.420        2.420        2.420        3.000

   Torsion               6
   Force constant   8.31374E-03
   Moment           3.127
   Tor. Freq.       140.270
   Rot. barrier       1.159
   M_j,tau            3.000
   --------------------------------------------------------------------------------
   Potential Energy =   1.216 kcal/mol
   Weight =  2
   Overall rotational symmetry number =   1

                           ==========================
                                Structure   9
                           ==========================

   Normal-mode Frequencies (cm-1) 
   (Overall translation and rotation projected out)
       0.0001i      0.0000i      0.0000i      0.0000       0.0000       0.0000 
      23.9006      52.2506     110.9547     118.2353     142.1168     210.5530 
     232.3869     279.3396     298.3337     408.0948     439.8396     636.2026 
     730.4815     738.6025     781.6830     877.6101     889.2036     944.2046 
     980.6123    1062.2670    1087.6290    1106.3796    1125.9484    1164.2196 
    1193.9109    1200.5678    1251.9160    1288.7651    1297.0017    1336.8462 
    1355.1934    1380.4178    1398.6164    1447.4737    1457.2409    1463.0488 
    1464.7852    1469.5962    1477.7623    1478.4985    1483.5947    1826.4319 
    2998.4721    3001.7451    3008.3983    3027.6776    3028.0007    3040.7525 
    3057.8394    3079.7398    3085.3810    3095.7388    3112.1634    3144.9549 
   Torsion-projected frequencies/non-torsional frequencies (cm-1)
     197.1193     260.8201     296.0754     406.2577     439.3718     635.5012 
     730.1767     738.0562     781.1089     877.5917     889.1810     944.1337 
     980.4429    1062.2431    1087.6223    1106.3278    1125.9428    1163.9501 
    1193.9034    1200.5516    1251.8458    1288.7284    1296.9663    1336.8410 
    1355.1844    1380.4067    1398.6133    1447.4270    1457.2385    1462.9627 
    1464.7791    1469.5900    1477.7620    1478.4856    1483.5854    1826.4316 
    2998.4720    3001.7434    3008.3978    3027.6736    3027.9995    3040.7524 
    3057.8386    3079.7384    3085.3803    3095.7362    3112.1544    3144.9549 
   Product of consistently coupled torsional frequencies (in cm-1^ntor)  6.2962E+11
   Primitively coupled torsional frequencies (cm-1) (Not used)
      35.6163      62.7768     119.9648     138.7930     165.0727     248.8763 
   Product of primitively coupled torsional frequencies (in cm-1^ntor)   1.5294E+12
   Effective coupled torsional barrier (kcal/mol)
        1.036        1.114        2.378        3.188        5.956        8.374 

   D matrix: 
   m-n        1             2             3             4             5
    1   1.929495E+01  1.330958E+01  1.147779E+01 -2.136743E+00  1.311823E+00
    2   1.330958E+01  4.673090E+01  1.025013E+01 -7.177615E+00 -3.092450E-01
    3   1.147779E+01  1.025013E+01  2.400105E+01 -3.915688E+00  8.289129E-01
    4  -2.136743E+00 -7.177615E+00 -3.915688E+00  1.554689E+01 -3.540476E-01
    5   1.311823E+00 -3.092450E-01  8.289129E-01 -3.540476E-01  3.077571E+00
    6   7.004803E-01  2.592526E-01  1.471383E+00  1.918694E+00  3.539129E-02
   m-n        6
    1   7.004803E-01
    2   2.592526E-01
    3   1.471383E+00
    4   1.918694E+00
    5   3.539129E-02
    6   3.085858E+00

   Eigenvalues of D matrix:
     5.9524E+01    2.2897E+01    1.4670E+01    9.1631E+00    2.9069E+00    2.5768E+00
   Determinant of D matrix  1.044215E+029

          Uncoupled force constants (au), Pitzer moment of inertia (amu A^2),
   uncoupled torsional frequencies (cm-1), and uncoupled torsional barrier (kcal/mol)
   --------------------------------------------------------------------------------
   Torsion               1             2             3             4             5
   Force constant   2.43494E-02  2.20120E-02  6.00363E-03  4.50189E-02  2.13035E-02
   Moment          19.295       46.731       24.001       15.547        3.078
   Tor. Freq.        96.633       59.038       43.023      146.380      226.322
   Rot. barrier       4.482        4.052        1.105        8.287        2.971
   M_j,tau            2.611        2.611        2.611        2.611        3.000

   Torsion               6
   Force constant   8.24590E-03
   Moment           3.086
   Tor. Freq.       140.617
   Rot. barrier       1.150
   M_j,tau            3.000
   --------------------------------------------------------------------------------
   Potential Energy =   1.556 kcal/mol
   Weight =  2
   Overall rotational symmetry number =   1

       List of zero-point inclusive energy (kcal/mol) for each structure
      ------------------------------------------------------------------
        Structure            Energy (T = 0 K)
      ------------------------------------------------------------------
          1                    109.13
          2                    109.06
          3                    109.91
          4                    109.76
          5                    110.01
          6                    110.10
          7                    110.46
          8                    110.55
          9                    110.77
      ZPE of the system =      109.06


     Note: The following SS-HO and SS-T include the Rot. P.F. and Boltzmann factor,
           but are calculated with weight = 1 for each structure. Weights are
           counted in MS partition functions. Zero of energy is set to the potential
           energy of global minimum.

            Partition function of structure    1
     ================================================================
          T(K)      Rot.          SS-HO           SS-T     SS-T/SS-HO
        100.00    8.3405E+004   1.8713E-233   1.5207E-233    0.813
        200.00    2.3590E+005   1.4415E-112   1.3911E-112    0.965
        298.15    4.2938E+005   5.9589E-072   6.5468E-072    1.099
        300.00    4.3338E+005   1.9620E-071   2.1598E-071    1.101
        500.00    9.3250E+005   3.6593E-037   4.6092E-037    1.260
        750.00    1.7131E+006   2.0703E-018   2.7026E-018    1.305
       1000.00    2.6375E+006   8.1512E-008   1.0311E-007    1.265
       1100.00    3.0429E+006   1.2046E-004   1.4891E-004    1.236
       1150.00    3.2527E+006   3.2545E-003   3.9710E-003    1.220
       1200.00    3.4671E+006   7.2091E-002   8.6742E-002    1.203
       1250.00    3.6860E+006   1.3385E+000   1.5868E+000    1.186
       1300.00    3.9094E+006   2.1221E+001   2.4770E+001    1.167
       1350.00    4.1371E+006   2.9196E+002   3.3528E+002    1.148
       1400.00    4.3690E+006   3.5335E+003   3.9900E+003    1.129
       1450.00    4.6052E+006   3.8073E+004   4.2248E+004    1.110
       1500.00    4.8454E+006   3.6901E+005   4.0220E+005    1.090
       1550.00    5.0897E+006   3.2465E+006   3.4740E+006    1.070
       1600.00    5.3379E+006   2.6134E+007   2.7444E+007    1.050
       1650.00    5.5901E+006   1.9386E+008   1.9970E+008    1.030
       1700.00    5.8461E+006   1.3334E+009   1.3470E+009    1.010
       1800.00    6.3694E+006   5.1397E+010   4.9886E+010    0.971
       1900.00    6.9075E+006   1.5547E+012   1.4483E+012    0.932
       2000.00    7.4600E+006   3.8059E+013   3.4001E+013    0.893
       2500.00    1.0426E+007   2.9746E+019   2.1408E+019    0.720

            Partition function of structure    2
     ================================================================
          T(K)      Rot.          SS-HO           SS-T     SS-T/SS-HO
        100.00    8.3615E+004   3.7375E-233   3.2976E-233    0.882
        200.00    2.3650E+005   3.0425E-112   3.2926E-112    1.082
        298.15    4.3047E+005   1.3236E-071   1.6023E-071    1.211
        300.00    4.3448E+005   4.3613E-071   5.2879E-071    1.212
        500.00    9.3485E+005   8.5992E-037   1.1359E-036    1.321
        750.00    1.7174E+006   5.0221E-018   6.4304E-018    1.280
       1000.00    2.6442E+006   2.0107E-007   2.3149E-007    1.151
       1100.00    3.0505E+006   2.9855E-004   3.2572E-004    1.091
       1150.00    3.2609E+006   8.0827E-003   8.5708E-003    1.060
       1200.00    3.4758E+006   1.7939E-001   1.8473E-001    1.030
       1250.00    3.6953E+006   3.3365E+000   3.3342E+000    0.999
       1300.00    3.9192E+006   5.2988E+001   5.1354E+001    0.969
       1350.00    4.1475E+006   7.3011E+002   6.8591E+002    0.939
       1400.00    4.3800E+006   8.8492E+003   8.0551E+003    0.910
       1450.00    4.6168E+006   9.5476E+004   8.4179E+004    0.882
       1500.00    4.8576E+006   9.2655E+005   7.9104E+005    0.854
       1550.00    5.1025E+006   8.1614E+006   6.7456E+006    0.827
       1600.00    5.3514E+006   6.5774E+007   5.2621E+007    0.800
       1650.00    5.6042E+006   4.8842E+008   3.7818E+008    0.774
       1700.00    5.8608E+006   3.3628E+009   2.5198E+009    0.749
       1800.00    6.3855E+006   1.2987E+011   9.1125E+010    0.702
       1900.00    6.9250E+006   3.9349E+012   2.5857E+012    0.657
       2000.00    7.4788E+006   9.6474E+013   5.9385E+013    0.616
       2500.00    1.0452E+007   7.5854E+019   3.3947E+019    0.448

            Partition function of structure    3
     ================================================================
          T(K)      Rot.          SS-HO           SS-T     SS-T/SS-HO
        100.00    8.2197E+004   4.4693E-235   3.7738E-235    0.844
        200.00    2.3249E+005   2.4305E-113   2.4722E-113    1.017
        298.15    4.2316E+005   1.8706E-072   2.1806E-072    1.166
        300.00    4.2711E+005   6.2070E-072   7.2500E-072    1.168
        500.00    9.1899E+005   1.8999E-037   2.5009E-037    1.316
        750.00    1.6883E+006   1.3757E-018   1.8202E-018    1.323
       1000.00    2.5993E+006   6.1262E-008   7.6685E-008    1.252
       1100.00    2.9988E+006   9.3620E-005   1.1368E-004    1.214
       1150.00    3.2055E+006   2.5664E-003   3.0655E-003    1.194
       1200.00    3.4169E+006   5.7614E-002   6.7651E-002    1.174
       1250.00    3.6326E+006   1.0829E+000   1.2492E+000    1.154
       1300.00    3.8527E+006   1.7364E+001   1.9669E+001    1.133
       1350.00    4.0771E+006   2.4140E+002   2.6836E+002    1.112
       1400.00    4.3057E+006   2.9501E+003   3.2172E+003    1.091
       1450.00    4.5384E+006   3.2074E+004   3.4300E+004    1.069
       1500.00    4.7752E+006   3.1349E+005   3.2863E+005    1.048
       1550.00    5.0159E+006   2.7798E+006   2.8555E+006    1.027
       1600.00    5.2606E+006   2.2543E+007   2.2685E+007    1.006
       1650.00    5.5091E+006   1.6838E+008   1.6594E+008    0.986
       1700.00    5.7614E+006   1.1657E+009   1.1249E+009    0.965
       1800.00    6.2772E+006   4.5471E+010   4.2038E+010    0.925
       1900.00    6.8075E+006   1.3901E+012   1.2305E+012    0.885
       2000.00    7.3519E+006   3.4356E+013   2.9101E+013    0.847
       2500.00    1.0275E+007   2.7840E+019   1.8847E+019    0.677

            Partition function of structure    4
     ================================================================
          T(K)      Rot.          SS-HO           SS-T     SS-T/SS-HO
        100.00    8.6841E+004   1.3212E-234   9.9722E-235    0.755
        200.00    2.4562E+005   5.8468E-113   5.4154E-113    0.926
        298.15    4.4707E+005   4.3516E-072   4.4936E-072    1.033
        300.00    4.5124E+005   1.4435E-071   1.4927E-071    1.034
        500.00    9.7091E+005   4.3601E-037   4.8019E-037    1.101
        750.00    1.7837E+006   3.1460E-018   3.2684E-018    1.039
       1000.00    2.7462E+006   1.3995E-007   1.2882E-007    0.920
       1100.00    3.1682E+006   2.1383E-004   1.8589E-004    0.869
       1150.00    3.3867E+006   5.8615E-003   4.9460E-003    0.844
       1200.00    3.6099E+006   1.3158E-001   1.0770E-001    0.819
       1250.00    3.8379E+006   2.4730E+000   1.9625E+000    0.794
       1300.00    4.0704E+006   3.9655E+001   3.0495E+001    0.769
       1350.00    4.3075E+006   5.5129E+002   4.1067E+002    0.745
       1400.00    4.5490E+006   6.7373E+003   4.8602E+003    0.721
       1450.00    4.7949E+006   7.3252E+004   5.1160E+004    0.698
       1500.00    5.0450E+006   7.1599E+005   4.8403E+005    0.676
       1550.00    5.2993E+006   6.3491E+006   4.1541E+006    0.654
       1600.00    5.5578E+006   5.1490E+007   3.2602E+007    0.633
       1650.00    5.8204E+006   3.8461E+008   2.3565E+008    0.613
       1700.00    6.0869E+006   2.6628E+009   1.5786E+009    0.593
       1800.00    6.6318E+006   1.0388E+011   5.7663E+010    0.555
       1900.00    7.1921E+006   3.1761E+012   1.6511E+012    0.520
       2000.00    7.7673E+006   7.8505E+013   3.8232E+013    0.487
       2500.00    1.0855E+007   6.3653E+019   2.2566E+019    0.355

            Partition function of structure    5
     ================================================================
          T(K)      Rot.          SS-HO           SS-T     SS-T/SS-HO
        100.00    8.7240E+004   2.4925E-235   1.4986E-235    0.601
        200.00    2.4675E+005   1.8155E-113   1.2698E-113    0.699
        298.15    4.4912E+005   1.5608E-072   1.2355E-072    0.792
        300.00    4.5331E+005   5.1862E-072   4.1137E-072    0.793
        500.00    9.7537E+005   1.7395E-037   1.6092E-037    0.925
        750.00    1.7919E+006   1.3158E-018   1.3053E-018    0.992
       1000.00    2.7588E+006   5.9840E-008   5.9246E-008    0.990
       1100.00    3.1828E+006   9.1964E-005   8.9887E-005    0.977
       1150.00    3.4022E+006   2.5272E-003   2.4496E-003    0.969
       1200.00    3.6265E+006   5.6860E-002   5.4591E-002    0.960
       1250.00    3.8555E+006   1.0709E+000   1.0174E+000    0.950
       1300.00    4.0891E+006   1.7205E+001   1.6158E+001    0.939
       1350.00    4.3273E+006   2.3960E+002   2.2227E+002    0.928
       1400.00    4.5699E+006   2.9329E+003   2.6852E+003    0.916
       1450.00    4.8169E+006   3.1936E+004   2.8836E+004    0.903
       1500.00    5.0682E+006   3.1258E+005   2.7816E+005    0.890
       1550.00    5.3237E+006   2.7755E+006   2.4327E+006    0.877
       1600.00    5.5833E+006   2.2536E+007   1.9445E+007    0.863
       1650.00    5.8471E+006   1.6852E+008   1.4307E+008    0.849
       1700.00    6.1149E+006   1.1680E+009   9.7513E+008    0.835
       1800.00    6.6623E+006   4.5651E+010   3.6816E+010    0.806
       1900.00    7.2251E+006   1.3982E+012   1.0876E+012    0.778
       2000.00    7.8030E+006   3.4612E+013   2.5939E+013    0.749
       2500.00    1.0905E+007   2.8223E+019   1.7356E+019    0.615

            Partition function of structure    6
     ================================================================
          T(K)      Rot.          SS-HO           SS-T     SS-T/SS-HO
        100.00    9.5230E+004   2.7479E-235   1.2970E-235    0.472
        200.00    2.6935E+005   3.0117E-113   1.7410E-113    0.578
        298.15    4.9026E+005   3.0460E-072   1.9998E-072    0.657
        300.00    4.9483E+005   1.0143E-071   6.6713E-072    0.658
        500.00    1.0647E+006   3.9076E-037   2.8837E-037    0.738
        750.00    1.9560E+006   3.1646E-018   2.3513E-018    0.743
       1000.00    3.0114E+006   1.4874E-007   1.0300E-007    0.692
       1100.00    3.4743E+006   2.3061E-004   1.5335E-004    0.665
       1150.00    3.7138E+006   6.3614E-003   4.1376E-003    0.650
       1200.00    3.9586E+006   1.4362E-001   9.1279E-002    0.636
       1250.00    4.2086E+006   2.7136E+000   1.6837E+000    0.620
       1300.00    4.4636E+006   4.3724E+001   2.6464E+001    0.605
       1350.00    4.7236E+006   6.1057E+002   3.6024E+002    0.590
       1400.00    4.9884E+006   7.4926E+003   4.3069E+003    0.575
       1450.00    5.2580E+006   8.1776E+004   4.5772E+004    0.560
       1500.00    5.5323E+006   8.0215E+005   4.3701E+005    0.545
       1550.00    5.8113E+006   7.1367E+006   3.7829E+006    0.530
       1600.00    6.0947E+006   5.8057E+007   2.9932E+007    0.516
       1650.00    6.3826E+006   4.3492E+008   2.1804E+008    0.501
       1700.00    6.6749E+006   3.0193E+009   1.4715E+009    0.487
       1800.00    7.2725E+006   1.1837E+011   5.4496E+010    0.460
       1900.00    7.8868E+006   3.6352E+012   1.5802E+012    0.435
       2000.00    8.5176E+006   9.0209E+013   3.7017E+013    0.410
       2500.00    1.1904E+007   7.4235E+019   2.2880E+019    0.308

            Partition function of structure    7
     ================================================================
          T(K)      Rot.          SS-HO           SS-T     SS-T/SS-HO
        100.00    7.6249E+004   1.8067E-236   1.3861E-236    0.767
        200.00    2.1566E+005   3.3817E-114   3.0227E-114    0.894
        298.15    3.9254E+005   3.8300E-073   3.8071E-073    0.994
        300.00    3.9620E+005   1.2769E-072   1.2712E-072    0.996
        500.00    8.5249E+005   5.2693E-038   5.7676E-038    1.095
        750.00    1.5661E+006   4.3992E-019   4.9251E-019    1.120
       1000.00    2.4112E+006   2.0995E-008   2.3099E-008    1.100
       1100.00    2.7818E+006   3.2690E-005   3.5494E-005    1.086
       1150.00    2.9736E+006   9.0343E-004   9.7350E-004    1.078
       1200.00    3.1696E+006   2.0432E-002   2.1837E-002    1.069
       1250.00    3.3697E+006   3.8665E-001   4.0962E-001    1.059
       1300.00    3.5739E+006   6.2391E+000   6.5485E+000    1.050
       1350.00    3.7821E+006   8.7243E+001   9.0677E+001    1.039
       1400.00    3.9942E+006   1.0720E+003   1.1028E+003    1.029
       1450.00    4.2100E+006   1.1713E+004   1.1922E+004    1.018
       1500.00    4.4296E+006   1.1503E+005   1.1578E+005    1.007
       1550.00    4.6530E+006   1.0244E+006   1.0194E+006    0.995
       1600.00    4.8799E+006   8.3420E+006   8.2032E+006    0.983
       1650.00    5.1104E+006   6.2549E+007   6.0765E+007    0.971
       1700.00    5.3445E+006   4.3461E+008   4.1697E+008    0.959
       1800.00    5.8229E+006   1.7066E+010   1.5955E+010    0.935
       1900.00    6.3148E+006   5.2485E+011   4.7766E+011    0.910
       2000.00    6.8199E+006   1.3042E+013   1.1543E+013    0.885
       2500.00    9.5311E+006   1.0786E+019   8.2205E+018    0.762

            Partition function of structure    8
     ================================================================
          T(K)      Rot.          SS-HO           SS-T     SS-T/SS-HO
        100.00    7.6276E+004   2.2645E-236   1.2526E-236    0.553
        200.00    2.1574E+005   6.5217E-114   4.2854E-114    0.657
        298.15    3.9268E+005   8.5921E-073   6.3467E-073    0.739
        300.00    3.9634E+005   2.8700E-072   2.1235E-072    0.740
        500.00    8.5279E+005   1.3396E-037   1.1006E-037    0.822
        750.00    1.5667E+006   1.1895E-018   9.9960E-019    0.840
       1000.00    2.4121E+006   5.8528E-008   4.7931E-008    0.819
       1100.00    2.7828E+006   9.1879E-005   7.3871E-005    0.804
       1150.00    2.9746E+006   2.5482E-003   2.0272E-003    0.796
       1200.00    3.1707E+006   5.7816E-002   4.5474E-002    0.787
       1250.00    3.3709E+006   1.0973E+000   8.5265E-001    0.777
       1300.00    3.5752E+006   1.7755E+001   1.3619E+001    0.767
       1350.00    3.7834E+006   2.4889E+002   1.8834E+002    0.757
       1400.00    3.9956E+006   3.0651E+003   2.2868E+003    0.746
       1450.00    4.2115E+006   3.3564E+004   2.4675E+004    0.735
       1500.00    4.4312E+006   3.3025E+005   2.3909E+005    0.724
       1550.00    4.6546E+006   2.9467E+006   2.0999E+006    0.713
       1600.00    4.8817E+006   2.4035E+007   1.6852E+007    0.701
       1650.00    5.1123E+006   1.8051E+008   1.2446E+008    0.690
       1700.00    5.3464E+006   1.2561E+009   8.5139E+008    0.678
       1800.00    5.8250E+006   4.9458E+010   3.2360E+010    0.654
       1900.00    6.3171E+006   1.5247E+012   9.6181E+011    0.631
       2000.00    6.8223E+006   3.7966E+013   2.3066E+013    0.608
       2500.00    9.5345E+006   3.1649E+019   1.5771E+019    0.498

            Partition function of structure    9
     ================================================================
          T(K)      Rot.          SS-HO           SS-T     SS-T/SS-HO
        100.00    8.9392E+004   9.7690E-237   4.8021E-237    0.492
        200.00    2.5284E+005   5.4717E-114   3.3047E-114    0.604
        298.15    4.6021E+005   9.2805E-073   6.4016E-073    0.690
        300.00    4.6450E+005   3.1102E-072   2.1494E-072    0.691
        500.00    9.9943E+005   1.8053E-037   1.3937E-037    0.772
        750.00    1.8361E+006   1.7910E-018   1.3719E-018    0.766
       1000.00    2.8268E+006   9.3131E-008   6.5969E-008    0.708
       1100.00    3.2613E+006   1.4841E-004   1.0083E-004    0.679
       1150.00    3.4862E+006   4.1430E-003   2.7526E-003    0.664
       1200.00    3.7160E+006   9.4565E-002   6.1387E-002    0.649
       1250.00    3.9506E+006   1.8047E+000   1.1438E+000    0.634
       1300.00    4.1900E+006   2.9349E+001   1.8149E+001    0.618
       1350.00    4.4340E+006   4.1336E+002   2.4926E+002    0.603
       1400.00    4.6826E+006   5.1129E+003   3.0050E+003    0.588
       1450.00    4.9357E+006   5.6216E+004   3.2189E+004    0.573
       1500.00    5.1932E+006   5.5523E+005   3.0962E+005    0.558
       1550.00    5.4550E+006   4.9718E+006   2.6991E+006    0.543
       1600.00    5.7211E+006   4.0689E+007   2.1500E+007    0.528
       1650.00    5.9914E+006   3.0654E+008   1.5762E+008    0.514
       1700.00    6.2657E+006   2.1394E+009   1.0702E+009    0.500
       1800.00    6.8267E+006   8.4694E+010   4.0084E+010    0.473
       1900.00    7.4034E+006   2.6236E+012   1.1743E+012    0.448
       2000.00    7.9955E+006   6.5617E+013   2.7771E+013    0.423
       2500.00    1.1174E+007   5.5615E+019   1.7824E+019    0.320

     ================================================================
              Partition Functions Including All Structures
        -----------------------------------------------------------
        Zero of energy is set to potential energy of global minimum
        -----------------------------------------------------------
        T(K)    Elec.        Trans.              Con-rovib
                                            MS-LH    or     MS-T
        100.00  1.0000E+000  3.2453E+006  7.9487E-233  6.6760E-233
        200.00  1.0000E+000  1.8358E+007  8.8539E-112  8.4667E-112
        298.15  1.0000E+000  4.9814E+007  5.1152E-071  5.2247E-071
        300.00  1.0000E+000  5.0590E+007  1.6931E-070  1.7309E-070
        500.00  1.0000E+000  1.8142E+008  4.7075E-036  5.0311E-036
        750.00  1.0000E+000  4.9993E+008  3.4008E-017  3.5054E-017
       1000.00  1.0000E+000  1.0263E+009  1.5290E-006  1.4472E-006
       1100.00  1.0000E+000  1.3024E+009  2.3455E-003  2.1295E-003
       1150.00  1.0000E+000  1.4555E+009  6.4414E-002  5.7217E-002
       1200.00  1.0000E+000  1.6189E+009  1.4485E+000  1.2580E+000
       1250.00  1.0000E+000  1.7928E+009  2.7272E+001  2.3145E+001
       1300.00  1.0000E+000  1.9775E+009  4.3801E+002  3.6310E+002
       1350.00  1.0000E+000  2.1732E+009  6.0987E+003  4.9361E+003
       1400.00  1.0000E+000  2.3800E+009  7.4642E+004  5.8963E+004
       1450.00  1.0000E+000  2.5982E+009  8.1268E+005  6.2638E+005
       1500.00  1.0000E+000  2.8281E+009  7.9540E+006  5.9801E+006
       1550.00  1.0000E+000  3.0697E+009  7.0622E+007  5.1781E+007
       1600.00  1.0000E+000  3.3232E+009  5.7343E+008  4.0995E+008
       1650.00  1.0000E+000  3.5890E+009  4.2882E+009  2.9887E+009
       1700.00  1.0000E+000  3.8671E+009  2.9721E+010  2.0191E+010
       1800.00  1.0000E+000  4.4611E+009  1.1618E+012  7.4972E+011
       1900.00  1.0000E+000  5.1067E+009  3.5590E+013  2.1809E+013
       2000.00  1.0000E+000  5.8054E+009  8.8121E+014  5.1273E+014
       2500.00  1.0000E+000  1.0142E+010  7.1935E+020  3.2369E+020

             Total Partition Function (E + T + Con-rovib)
             ---------------------------------------------
                T(K)     E + T + MS-LH     E + T + MS-T
                100.00     2.5796E-226       2.1666E-226
                200.00     1.6254E-104       1.5544E-104
                298.15     2.5481E-063       2.6026E-063
                300.00     8.5653E-063       8.7565E-063
                500.00     8.5404E-028       9.1274E-028
                750.00     1.7002E-008       1.7525E-008
               1000.00     1.5691E+003       1.4852E+003
               1100.00     3.0547E+006       2.7735E+006
               1150.00     9.3753E+007       8.3278E+007
               1200.00     2.3450E+009       2.0366E+009
               1250.00     4.8893E+010       4.1495E+010
               1300.00     8.6617E+011       7.1803E+011
               1350.00     1.3254E+013       1.0727E+013
               1400.00     1.7765E+014       1.4033E+014
               1450.00     2.1116E+015       1.6275E+015
               1500.00     2.2494E+016       1.6912E+016
               1550.00     2.1679E+017       1.5895E+017
               1600.00     1.9056E+018       1.3623E+018
               1650.00     1.5390E+019       1.0726E+019
               1700.00     1.1493E+020       7.8081E+019
               1800.00     5.1831E+021       3.3446E+021
               1900.00     1.8175E+023       1.1137E+023
               2000.00     5.1158E+024       2.9766E+024
               2500.00     7.2954E+030       3.2828E+030

     ================================================================
              Partition Functions Including All Structures
        -----------------------------------------------------------
                    Zero of energy is set to ZPE
        -----------------------------------------------------------
        T(K)             Con-rovib                Total
                   MS-LH        MS-T       E+T+MS-LH    E+T+MS-T
        100.00  1.7945E+006  1.5071E+006  5.8236E+012  4.8912E+012
        200.00  1.3303E+008  1.2721E+008  2.4423E+015  2.3354E+015
        298.15  4.4985E+009  4.5948E+009  2.2408E+017  2.2888E+017
        300.00  4.7851E+009  4.8919E+009  2.4208E+017  2.4748E+017
        500.00  2.2056E+012  2.3572E+012  4.0014E+020  4.2764E+020
        750.00  2.0515E+015  2.1146E+015  1.0256E+024  1.0571E+024
       1000.00  1.0466E+018  9.9059E+017  1.0741E+027  1.0166E+027
       1100.00  1.0933E+019  9.9265E+018  1.4239E+028  1.2928E+028
       1150.00  3.4307E+019  3.0474E+019  4.9933E+028  4.4354E+028
       1200.00  1.0562E+020  9.1728E+019  1.7098E+029  1.4850E+029
       1250.00  3.1916E+020  2.7087E+020  5.7219E+029  4.8561E+029
       1300.00  9.4707E+020  7.8509E+020  1.8728E+030  1.5525E+030
       1350.00  2.7610E+021  2.2347E+021  6.0001E+030  4.8563E+030
       1400.00  7.9112E+021  6.2495E+021  1.8829E+031  1.4874E+031
       1450.00  2.2290E+022  1.7180E+022  5.7914E+031  4.4638E+031
       1500.00  6.1777E+022  4.6446E+022  1.7471E+032  1.3135E+032
       1550.00  1.6850E+023  1.2354E+023  5.1723E+032  3.7924E+032
       1600.00  4.5246E+023  3.2347E+023  1.5036E+033  1.0750E+033
       1650.00  1.1966E+024  8.3397E+023  4.2946E+033  2.9931E+033
       1700.00  3.1180E+024  2.1182E+024  1.2057E+034  8.1912E+033
       1800.00  2.0278E+025  1.3085E+025  9.0460E+034  5.8373E+034
       1900.00  1.2481E+026  7.6481E+025  6.3738E+035  3.9057E+035
       2000.00  7.2905E+026  4.2420E+026  4.2325E+036  2.4626E+036
       2500.00  2.4608E+030  1.1073E+030  2.4957E+040  1.1230E+040
     ================================================================

                     ==============================
                          Thermodynamic Functions
                      (Ideal gas at standard state)
                     ==============================
     T  - Temperature (Kelvin)        G  - Gibbs Free Energy (kcal/mol)
     E  - Thermal Energy (kcal/mol)   H  - Enthalpy (kcal/mol)
     S  - Entropy (cal/(mol-K))
     Cp - Heat Capacity at Constant Pressure (cal/(mol-K))
        -----------------------------------------------------------
        Zero of energy is set to potential energy of global minimum
        -----------------------------------------------------------

               Contribution from electronic P.F. 
     ================================================================
                  T          G          E          S
                100.00      -0.000      0.000      0.000
                200.00      -0.000      0.000      0.000
                298.15      -0.000      0.000      0.000
                300.00      -0.000      0.000      0.000
                500.00      -0.000      0.000      0.000
                750.00      -0.000      0.000      0.000
               1000.00      -0.000      0.000      0.000
               1100.00      -0.000      0.000      0.000
               1150.00      -0.000      0.000      0.000
               1200.00      -0.000      0.000      0.000
               1250.00      -0.000      0.000      0.000
               1300.00      -0.000      0.000      0.000
               1350.00      -0.000      0.000      0.000
               1400.00      -0.000      0.000      0.000
               1450.00      -0.000      0.000      0.000
               1500.00      -0.000      0.000      0.000
               1550.00      -0.000      0.000      0.000
               1600.00      -0.000      0.000      0.000
               1650.00      -0.000      0.000      0.000
               1700.00      -0.000      0.000      0.000
               1800.00      -0.000      0.000      0.000
               1900.00      -0.000      0.000      0.000
               2000.00      -0.000      0.000      0.000
               2500.00      -0.000      0.000      0.000

               Contribution from translational P.F. 
     ================================================================
                  T          G          E          S
                100.00      -2.979      0.298     34.762
                200.00      -6.647      0.596     38.205
                298.15     -10.501      0.889     40.189
                300.00     -10.576      0.894     40.220
                500.00     -18.895      1.490     42.758
                750.00     -29.853      2.236     44.772
               1000.00     -41.233      2.981     46.201
               1100.00     -45.877      3.279     46.675
               1150.00     -48.217      3.428     46.896
               1200.00     -50.567      3.577     47.107
               1250.00     -52.927      3.726     47.310
               1300.00     -55.298      3.875     47.505
               1350.00     -57.677      4.024     47.692
               1400.00     -60.067      4.173     47.873
               1450.00     -62.465      4.322     48.047
               1500.00     -64.871      4.471     48.216
               1550.00     -67.286      4.620     48.378
               1600.00     -69.709      4.769     48.536
               1650.00     -72.140      4.918     48.689
               1700.00     -74.578      5.067     48.837
               1800.00     -79.476      5.365     49.121
               1900.00     -84.402      5.664     49.390
               2000.00     -89.353      5.962     49.645
               2500.00    -114.463      7.452     50.753

        Contribution from conformational-rovibrational P.F. (MS-LH)
     ================================================================
                  T          G          E          S
                100.00     106.203    110.017     38.142
                200.00     101.630    112.154     52.620
                298.15      95.895    114.969     63.976
                300.00      95.776    115.030     64.178
                500.00      80.824    123.367     85.085
                750.00      56.516    138.195    108.904
               1000.00      26.611    156.493    129.882
               1100.00      13.236    164.525    137.535
               1150.00       6.267    168.666    141.216
               1200.00      -0.884    172.883    144.805
               1250.00      -8.212    177.170    148.305
               1300.00     -15.713    181.522    151.719
               1350.00     -23.382    185.936    155.050
               1400.00     -31.216    190.406    158.302
               1450.00     -39.211    194.930    161.476
               1500.00     -47.363    199.503    164.577
               1550.00     -55.668    204.122    167.606
               1600.00     -64.122    208.784    170.567
               1650.00     -72.723    213.487    173.461
               1700.00     -81.467    218.228    176.291
               1800.00     -99.372    227.814    181.770
               1900.00    -117.814    237.525    187.020
               2000.00    -136.769    247.346    192.058
               2500.00    -238.589    297.725    214.526

        Contribution from conformational-rovibrational P.F. (MS-T)
     ================================================================
                  T          G          E          S
                100.00     106.237    110.052     38.143
                200.00     101.647    112.225     52.889
                298.15      95.882    115.055     64.305
                300.00      95.763    115.116     64.507
                500.00      80.758    123.374     85.232
                750.00      56.471    137.896    108.566
               1000.00      26.720    155.699    128.980
               1100.00      13.448    163.488    136.400
               1150.00       6.538    167.498    139.965
               1200.00      -0.547    171.578    143.438
               1250.00      -7.804    175.723    146.822
               1300.00     -15.228    179.928    150.120
               1350.00     -22.815    184.189    153.336
               1400.00     -30.560    188.502    156.473
               1450.00     -38.461    192.863    159.534
               1500.00     -46.513    197.269    162.521
               1550.00     -54.712    201.717    165.438
               1600.00     -63.055    206.204    168.287
               1650.00     -71.539    210.727    171.071
               1700.00     -80.161    215.284    173.791
               1800.00     -97.805    224.492    179.054
               1900.00    -115.965    233.811    184.092
               2000.00    -134.617    243.228    188.922
               2500.00    -234.622    291.428    210.420

     Total (Translational + Electronic + conformational-rovib.(MS-LH))
     ======================================================================
              T          G          E          H          S          Cp
            100.00     103.223    110.315    110.514     72.904     21.552
            200.00      94.982    112.750    113.147     90.825     30.078
            298.15      85.394    115.858    116.451    104.165     37.567
            300.00      85.201    115.924    116.520    104.398     37.726
            500.00      61.929    124.857    125.851    127.843     55.339
            750.00      26.663    140.430    141.921    153.676     72.115
           1000.00     -14.623    159.474    161.461    176.084     83.498
           1100.00     -32.641    167.804    169.990    184.210     86.995
           1150.00     -41.949    172.094    174.379    188.112     88.562
           1200.00     -51.450    176.460    178.844    191.912     90.021
           1250.00     -61.139    180.896    183.380    195.615     91.378
           1300.00     -71.010    185.397    187.981    199.224     92.642
           1350.00     -81.060    189.960    192.643    202.742     93.820
           1400.00     -91.283    194.579    197.361    206.175     94.919
           1450.00    -101.676    199.252    202.133    209.524     95.944
           1500.00    -112.234    203.974    206.955    212.792     96.901
           1550.00    -122.954    208.742    211.822    215.985     97.795
           1600.00    -133.831    213.554    216.733    219.103     98.631
           1650.00    -144.863    218.406    221.684    222.150     99.414
           1700.00    -156.045    223.295    226.674    225.129    100.147
           1800.00    -178.848    233.179    236.756    230.891    101.478
           1900.00    -202.215    243.188    246.964    236.410    102.652
           2000.00    -226.123    253.308    257.282    241.703    103.691
           2500.00    -353.053    305.177    310.145    265.279    107.417

     Total (Translational + Electronic + conformational-rovib.(MS-T))
     ======================================================================
              T          G          E          H          S          Cp
            100.00     103.258    110.350    110.548     72.905     22.100
            200.00      95.000    112.821    113.219     91.094     30.322
            298.15      85.382    115.944    116.536    104.494     37.574
            300.00      85.188    116.010    116.606    104.727     37.727
            500.00      61.863    124.865    125.858    127.990     54.551
            750.00      26.618    140.131    141.622    153.338     70.488
           1000.00     -14.513    158.680    160.667    175.181     81.186
           1100.00     -32.430    166.767    168.953    183.075     84.437
           1150.00     -41.679    170.926    173.211    186.861     85.888
           1200.00     -51.114    175.155    177.540    190.545     87.233
           1250.00     -60.732    179.449    181.933    194.132     88.481
           1300.00     -70.526    183.803    186.386    197.625     89.641
           1350.00     -80.493    188.213    190.896    201.028     90.718
           1400.00     -90.627    192.675    195.457    204.346     91.719
           1450.00    -100.926    197.185    200.066    207.581     92.650
           1500.00    -111.384    201.740    204.721    210.736     93.517
           1550.00    -121.998    206.337    209.417    213.816     94.325
           1600.00    -132.765    210.973    214.152    216.823     95.078
           1650.00    -143.679    215.645    218.924    219.760     95.781
           1700.00    -154.739    220.352    223.730    222.629     96.438
           1800.00    -177.282    229.857    233.434    228.175     97.626
           1900.00    -200.367    239.475    243.250    233.482     98.669
           2000.00    -223.971    249.190    253.164    238.567     99.586
           2500.00    -349.086    298.880    303.848    261.173    102.837

                        --------------------------------
                         Zero of energy is set to ZPE
                        --------------------------------

     Total (Translational + Electronic + conformational-rovib.(MS-LH))
     ======================================================================
              T          G          E          H          S          Cp
            100.00      -5.841      1.251      1.449     72.904     21.552
            200.00     -14.082      3.685      4.083     90.825     30.078
            298.15     -23.670      6.794      7.386    104.165     37.567
            300.00     -23.863      6.860      7.456    104.398     37.726
            500.00     -47.135     15.793     16.786    127.843     55.339
            750.00     -82.401     31.366     32.856    153.676     72.115
           1000.00    -123.687     50.410     52.397    176.084     83.498
           1100.00    -141.705     58.740     60.926    184.210     86.995
           1150.00    -151.014     63.030     65.315    188.112     88.562
           1200.00    -160.515     67.395     69.780    191.912     90.021
           1250.00    -170.203     71.831     74.316    195.615     91.378
           1300.00    -180.075     76.333     78.916    199.224     92.642
           1350.00    -190.124     80.896     83.578    202.742     93.820
           1400.00    -200.347     85.515     88.297    206.175     94.919
           1450.00    -210.740     90.187     93.069    209.524     95.944
           1500.00    -221.298     94.909     97.890    212.792     96.901
           1550.00    -232.018     99.678    102.758    215.985     97.795
           1600.00    -242.896    104.489    107.669    219.103     98.631
           1650.00    -253.927    109.341    112.620    222.150     99.414
           1700.00    -265.109    114.231    117.609    225.129    100.147
           1800.00    -287.913    124.115    127.692    230.891    101.478
           1900.00    -311.280    134.124    137.900    236.410    102.652
           2000.00    -335.187    144.244    148.218    241.703    103.691
           2500.00    -462.117    196.113    201.081    265.279    107.417

     Total (Translational + Electronic + conformational-rovib.(MS-T))
     ======================================================================
              T          G          E          H          S          Cp
            100.00      -5.806      1.285      1.484     72.905     22.100
            200.00     -14.064      3.757      4.155     91.094     30.322
            298.15     -23.683      6.880      7.472    104.494     37.574
            300.00     -23.876      6.945      7.542    104.727     37.727
            500.00     -47.201     15.800     16.794    127.990     54.551
            750.00     -82.446     31.067     32.558    153.338     70.488
           1000.00    -123.578     49.616     51.603    175.181     81.186
           1100.00    -141.494     57.703     59.888    183.075     84.437
           1150.00    -150.743     61.862     64.147    186.861     85.888
           1200.00    -160.179     66.091     68.475    190.545     87.233
           1250.00    -169.796     70.385     72.869    194.132     88.481
           1300.00    -179.590     74.739     77.322    197.625     89.641
           1350.00    -189.557     79.149     81.831    201.028     90.718
           1400.00    -199.692     83.611     86.393    204.346     91.719
           1450.00    -209.990     88.121     91.002    207.581     92.650
           1500.00    -220.448     92.676     95.657    210.736     93.517
           1550.00    -231.063     97.273    100.353    213.816     94.325
           1600.00    -241.829    101.909    105.088    216.823     95.078
           1650.00    -252.744    106.581    109.860    219.760     95.781
           1700.00    -263.804    111.287    114.666    222.629     96.438
           1800.00    -286.346    120.793    124.370    228.175     97.626
           1900.00    -309.431    130.410    134.186    233.482     98.669
           2000.00    -333.035    140.125    144.100    238.567     99.586
           2500.00    -458.150    189.815    194.783    261.173    102.837

 ==============================End of MSTor output==============================
