
 *******************************************************************************

   MSTor program version 2013 (2013)

   Jingjing Zheng, Steven L. Mielke, and Donald G. Truhlar

   Department of Chemistry and Supercomputing Institute
   University of Minnesota, Minneapolis, Minnesota, USA

   Copyright 2013
   Donald G. Truhlar and Regents of the University of Minnesota

   Citations: 
   MS-T(U) method
     J. Zheng, T. Yu, E. Papajak, I. M. Alecu, S. L. Mielke, and D. G. Truhlar,
     Phys. Chem. Chem. Phys. 13, 10885-10907 (2011).
   MS-T(C) method
     J. Zheng and D. G. Truhlar, J. Chem. Theory Comput., DOI: 10.1021/ct3010722.
   MSTor program
     J. Zheng, S. L. Mielke, K. L Clarkson, and D. G. Truhlar,
     Comp. Phys. Comm. 183, 1803-1812 (2012).
     J. Zheng, R. Meana-Paneda, and D. G. Truhlar, Comp. Phys. Comm.
     to be published as new version announcement.

 *******************************************************************************

                    Naming conventions for the MS methods
   -----------------------------------------------------------------------------
   Common name        Original or other names
   -----------------------------------------------------------------------------
   MS-LH         =    MS-HO (ref. 1)   =   MS-AS-HO (ref. 2)
   MS-T          =    MS-AS (ref. 1)   =   MS-AS-T  (ref. 2)
   -----------------------------------------------------------------------------
   Ref. 1: J. Zheng, T. Yu, E. Papajak, I. M. Alecu, S. L. Mielke, and
           D. G. Truhlar, Phys. Chem. Chem. Phys. 13, 10885 (2011).
   Ref. 2: T. Yu, J. Zheng, and D. G. Truhlar, Chem. Sci. 2, 2199 (2011)

   Calculation run on 12/31/2021 at 20:35:04  

   Number of structures:             3
   Number of torsions:               6
   Method:                           MS-T(C)
   Frequency scaling factor:         0.964
   Delta T for finite difference:    0.5 K
   Internal coordinates
     Bonds:         01-02  01-18  01-19  01-20  02-03  02-16  02-17  03-04  03-14
     Bonds:         03-15  04-05  04-12  05-06  05-08  06-07  07-09  07-10  07-11
     Bonds:         04-13
     Angles:        01-02-03  02-03-15  03-02-17  03-04-13  04-03-14  04-03-15
     Angles:        04-05-06  04-05-08  05-04-12  05-06-07  06-07-09  06-07-10
     Angles:        09-07-11  12-04-13  16-02-17  18-01-19  18-01-20  19-01-20
     Linear Angles: 
     Dihedrals:     01-03-16-02  02-14-15-03  02-18-19-01  02-19-20-01
     Dihedrals:     03-05-12-04  03-12-13-04  03-16-17-02  04-06-08-05
     Dihedrals:     04-14-15-03  09-10-11-07  06-09-11-07  04-03-02-01
     Dihedrals:     05-04-03-02  06-05-04-03  07-06-05-04  03-02-01-18
     Dihedrals:     05-06-07-09

   All moment output uses units of amu for masses and Angstroms for distances 

                           ==========================
                                Structure   1
                           ==========================

   Normal-mode Frequencies (cm-1) 
   (Overall translation and rotation projected out)
       0.0000i      0.0000i      0.0000i      0.0000       0.0000       0.0000 
      35.8498      73.6864     104.4605     140.3878     174.0084     209.9407 
     243.5354     252.0126     302.5272     360.8465     515.8140     580.2134 
     652.4792     736.9697     837.7560     843.5000     915.5756     935.0577 
    1014.2721    1052.5510    1066.8427    1107.4836    1130.3615    1164.0526 
    1191.3356    1211.0438    1245.4802    1266.8844    1303.2256    1311.7495 
    1384.3856    1394.0856    1399.7581    1433.8862    1454.7960    1460.0396 
    1463.8279    1468.7629    1475.1689    1477.7240    1481.3507    1824.3258 
    2993.6176    2998.8480    3007.0904    3017.9033    3028.3602    3043.3315 
    3058.7488    3068.0199    3078.7572    3084.3275    3112.7161    3146.0506 
   Torsion-projected frequencies/non-torsional frequencies (cm-1)
     209.0778     251.0670     301.5215     360.7216     515.7855     577.8090 
     651.7878     735.7633     837.7307     843.4779     915.5503     935.0270 
    1014.2643    1052.5466    1066.8295    1107.4739    1130.3557    1163.7373 
    1191.3343    1211.0291    1245.4550    1266.8513    1303.2116    1311.6970 
    1384.3848    1394.0849    1399.7551    1433.8752    1454.7957    1460.0394 
    1463.7456    1468.7581    1475.1685    1477.7240    1481.3481    1824.3254 
    2993.6168    2998.8480    3007.0903    3017.9031    3028.3602    3043.3249 
    3058.7465    3068.0186    3078.7540    3084.3273    3112.7072    3146.0506 
   Product of consistently coupled torsional frequencies (in cm-1^ntor)  1.6733E+12
   Primitively coupled torsional frequencies (cm-1) (Not used)
      39.3476      84.5144     109.5413     142.9504     184.6774     246.0504 
   Product of primitively coupled torsional frequencies (in cm-1^ntor)   2.3662E+12
   Effective coupled torsional barrier (kcal/mol)
        1.109        1.572        2.776        4.437        8.859        9.068 

   D matrix: 
   m-n        1             2             3             4             5
    1   2.192533E+01 -2.389494E+00 -3.517976E+00 -1.116995E+00  1.433644E+00
    2  -2.389494E+00  2.283129E+01  7.294172E+00  4.815638E+00  2.174110E+00
    3  -3.517976E+00  7.294172E+00  4.292709E+01 -1.258834E+01  4.653739E-01
    4  -1.116995E+00  4.815638E+00 -1.258834E+01  1.746673E+01  4.089207E-01
    5   1.433644E+00  2.174110E+00  4.653739E-01  4.089207E-01  3.024541E+00
    6  -3.098791E-01  8.734555E-01  2.286197E+00  1.404998E+00  6.569997E-02
   m-n        6
    1  -3.098791E-01
    2   8.734555E-01
    3   2.286197E+00
    4   1.404998E+00
    5   6.569997E-02
    6   3.111451E+00

   Eigenvalues of D matrix:
     4.9561E+01    2.7078E+01    2.0651E+01    8.8418E+00    2.6408E+00    2.5134E+00
   Determinant of D matrix  1.237596E+029

          Uncoupled force constants (au), Pitzer moment of inertia (amu A^2),
   uncoupled torsional frequencies (cm-1), and uncoupled torsional barrier (kcal/mol)
   --------------------------------------------------------------------------------
   Torsion               1             2             3             4             5
   Force constant   2.18589E-02  4.15801E-02  1.08283E-02  4.46493E-02  2.08061E-02
   Moment          21.925       22.831       42.927       17.467        3.025
   Tor. Freq.        85.891      116.087       43.204      137.533      225.617
   Rot. barrier       4.371        8.315        2.165        8.929        2.901
   M_j,tau            2.505        2.505        2.505        2.505        3.000

   Torsion               6
   Force constant   8.17352E-03
   Moment           3.111
   Tor. Freq.       139.421
   Rot. barrier       1.140
   M_j,tau            3.000
   --------------------------------------------------------------------------------
   Potential Energy =   0.000 kcal/mol
   Weight =  2
   Overall rotational symmetry number =   1

                           ==========================
                                Structure   2
                           ==========================

   Normal-mode Frequencies (cm-1) 
   (Overall translation and rotation projected out)
       0.0000i      0.0000       0.0000       0.0000       0.0000       0.0001 
      29.3097      67.8256     103.2197     117.2406     137.4356     175.6137 
     241.8292     254.0100     304.5467     342.9951     482.3608     577.6879 
     698.9692     718.0851     790.3404     892.7990     920.2083     923.9863 
    1026.9703    1057.8348    1078.7438    1111.9010    1130.0865    1164.0582 
    1190.6914    1211.8145    1222.7235    1287.9878    1289.4292    1304.0102 
    1365.4232    1396.4413    1410.8224    1435.6149    1458.9601    1463.5680 
    1464.0067    1471.1618    1474.7736    1478.0222    1484.4682    1827.6333 
    2988.6759    3000.7831    3010.0966    3017.2821    3022.9521    3028.0457 
    3047.3763    3067.7430    3078.7198    3084.7441    3112.2966    3145.3317 
   Torsion-projected frequencies/non-torsional frequencies (cm-1)
     103.2197     254.0100     304.5467     342.9951     482.3608     574.7130 
     698.9692     716.2904     790.1913     892.7990     920.0387     923.9863 
    1026.9703    1057.8348    1078.7438    1111.8708    1130.0865    1163.7570 
    1190.6914    1211.7821    1222.7235    1287.9429    1289.4292    1303.9806 
    1365.4232    1396.4413    1410.8224    1435.6149    1458.9601    1463.4829 
    1464.0067    1471.1618    1474.7709    1478.0222    1484.4682    1827.6333 
    2988.6759    3000.7831    3010.0966    3017.2821    3022.9514    3028.0457 
    3047.3725    3067.7421    3078.7187    3084.7441    3112.2876    3145.3317 
   Product of consistently coupled torsional frequencies (in cm-1^ntor)  1.3719E+12
   Primitively coupled torsional frequencies (cm-1) (Not used)
      33.8572      74.1246     121.8968     139.7514     183.9816     245.9250 
   Product of primitively coupled torsional frequencies (in cm-1^ntor)   1.9344E+12
   Effective coupled torsional barrier (kcal/mol)
        0.737        1.089        2.534        2.872        3.958        7.348 

   D matrix: 
   m-n        1             2             3             4             5
    1   1.938864E+01 -3.949177E+00  1.521278E+01 -5.240665E+00  9.482525E-01
    2  -3.949177E+00  2.077649E+01 -4.295204E+00  8.270964E+00  2.226706E+00
    3   1.521278E+01 -4.295204E+00  2.946916E+01 -1.218500E+01  1.197413E+00
    4  -5.240665E+00  8.270964E+00 -1.218500E+01  1.818163E+01  2.488802E-01
    5   9.482525E-01  2.226706E+00  1.197413E+00  2.488802E-01  3.008614E+00
    6   7.393604E-01  2.574634E-01  1.339857E+00  1.485692E+00  1.064134E-01
   m-n        6
    1   7.393604E-01
    2   2.574634E-01
    3   1.339857E+00
    4   1.485692E+00
    5   1.064134E-01
    6   3.048632E+00

   Eigenvalues of D matrix:
     4.9182E+01    2.1329E+01    1.1836E+01    6.4665E+00    2.4629E+00    2.5960E+00
   Determinant of D matrix  3.906345E+028

          Uncoupled force constants (au), Pitzer moment of inertia (amu A^2),
   uncoupled torsional frequencies (cm-1), and uncoupled torsional barrier (kcal/mol)
   --------------------------------------------------------------------------------
   Torsion               1             2             3             4             5
   Force constant   2.23964E-02  1.65579E-02  5.14978E-03  4.38253E-02  2.06856E-02
   Moment          19.389       20.776       29.469       18.182        3.009
   Tor. Freq.        92.453       76.793       35.960      133.552      225.557
   Rot. barrier       3.701        2.736        0.851        7.243        2.885
   M_j,tau            2.756        2.756        2.756        2.756        3.000

   Torsion               6
   Force constant   8.03709E-03
   Moment           3.049
   Tor. Freq.       139.670
   Rot. barrier       1.121
   M_j,tau            3.000
   --------------------------------------------------------------------------------
   Potential Energy =   0.146 kcal/mol
   Weight =  1
   Overall rotational symmetry number =   1

                           ==========================
                                Structure   3
                           ==========================

   Normal-mode Frequencies (cm-1) 
   (Overall translation and rotation projected out)
       0.0000i      0.0000i      0.0000i      0.0000       0.0000       0.0000 
      33.0974      51.3450     117.4248     142.8053     175.6570     193.2380 
     261.5274     275.3945     346.2437     391.4170     478.4639     582.1214 
     656.1636     747.1947     826.6626     846.2197     914.3824     944.6212 
     978.2172    1051.0755    1071.3879    1094.7823    1133.0099    1164.1050 
    1188.8155    1195.3670    1236.6222    1263.6131    1299.4774    1347.4633 
    1374.4995    1394.4497    1399.7381    1436.4019    1452.7557    1460.2245 
    1463.7548    1469.5865    1477.6735    1478.3724    1484.0396    1823.9126 
    2998.7093    3006.8346    3012.3839    3021.8164    3028.1760    3051.9311 
    3062.1259    3076.6160    3079.3365    3083.8477    3112.4881    3145.7881 
   Torsion-projected frequencies/non-torsional frequencies (cm-1)
     190.6885     274.5590     344.5906     390.9137     477.4310     579.7218 
     656.0694     746.5824     826.6314     846.1243     914.3253     944.5954 
     978.1567    1051.0629    1071.3464    1094.7620    1133.0056    1163.7857 
    1188.8094    1195.3608    1236.5904    1263.5974    1299.4505    1347.4599 
    1374.4985    1394.4386    1399.7329    1436.3598    1452.7475    1460.2238 
    1463.6722    1469.5720    1477.6722    1478.3308    1484.0341    1823.9124 
    2998.7074    3006.8345    3012.3810    3021.8144    3028.1760    3051.9275 
    3062.1248    3076.6142    3079.3354    3083.8447    3112.4792    3145.7881 
   Product of consistently coupled torsional frequencies (in cm-1^ntor)  1.3497E+12
   Primitively coupled torsional frequencies (cm-1) (Not used)
      35.4924      56.1838     128.3655     146.5775     186.2706     265.1181 
   Product of primitively coupled torsional frequencies (in cm-1^ntor)   1.8529E+12
   Effective coupled torsional barrier (kcal/mol)
        1.122        1.448        2.134        4.773        9.025        9.297 

   D matrix: 
   m-n        1             2             3             4             5
    1   2.652816E+01  2.130129E+01 -7.154439E+00  5.926516E+00  1.363554E+00
    2   2.130129E+01  4.352644E+01  7.033059E+00  9.593592E+00 -3.235839E-01
    3  -7.154439E+00  7.033059E+00  4.066920E+01 -1.111059E+01  6.115066E-01
    4   5.926516E+00  9.593592E+00 -1.111059E+01  1.803350E+01 -2.994859E-01
    5   1.363554E+00 -3.235839E-01  6.115066E-01 -2.994859E-01  3.075831E+00
    6  -5.507556E-02  1.224426E+00  2.206325E+00  1.562138E+00  2.465855E-02
   m-n        6
    1  -5.507556E-02
    2   1.224426E+00
    3   2.206325E+00
    4   1.562138E+00
    5   2.465855E-02
    6   3.116313E+00

   Eigenvalues of D matrix:
     6.1020E+01    4.7271E+01    1.4447E+01    6.9823E+00    2.7570E+00    2.4723E+00
   Determinant of D matrix  1.509151E+029

          Uncoupled force constants (au), Pitzer moment of inertia (amu A^2),
   uncoupled torsional frequencies (cm-1), and uncoupled torsional barrier (kcal/mol)
   --------------------------------------------------------------------------------
   Torsion               1             2             3             4             5
   Force constant   2.30481E-02  3.83311E-02  1.05024E-02  4.49521E-02  2.03969E-02
   Moment          26.528       43.526       40.669       18.034        3.076
   Tor. Freq.        80.181       80.724       43.714      135.813      221.516
   Rot. barrier       4.695        7.808        2.139        9.157        2.844
   M_j,tau            2.482        2.482        2.482        2.482        3.000

   Torsion               6
   Force constant   8.28057E-03
   Moment           3.116
   Tor. Freq.       140.222
   Rot. barrier       1.155
   M_j,tau            3.000
   --------------------------------------------------------------------------------
   Potential Energy =   0.687 kcal/mol
   Weight =  2
   Overall rotational symmetry number =   1

       List of zero-point inclusive energy (kcal/mol) for each structure
      ------------------------------------------------------------------
        Structure            Energy (T = 0 K)
      ------------------------------------------------------------------
          1                    109.13
          2                    109.06
          3                    109.91
      ZPE of the system =      109.06


     Note: The following SS-HO and SS-T include the Rot. P.F. and Boltzmann factor,
           but are calculated with weight = 1 for each structure. Weights are
           counted in MS partition functions. Zero of energy is set to the potential
           energy of global minimum.

            Partition function of structure    1
     ================================================================
          T(K)      Rot.          SS-HO           SS-T     SS-T/SS-HO
        100.00    8.3405E+004   1.8713E-233   1.5207E-233    0.813
        200.00    2.3590E+005   1.4415E-112   1.3911E-112    0.965
        298.15    4.2938E+005   5.9589E-072   6.5468E-072    1.099
        300.00    4.3338E+005   1.9620E-071   2.1598E-071    1.101
        500.00    9.3250E+005   3.6593E-037   4.6092E-037    1.260
        750.00    1.7131E+006   2.0703E-018   2.7026E-018    1.305
       1000.00    2.6375E+006   8.1512E-008   1.0311E-007    1.265
       1100.00    3.0429E+006   1.2046E-004   1.4891E-004    1.236
       1150.00    3.2527E+006   3.2545E-003   3.9710E-003    1.220
       1200.00    3.4671E+006   7.2091E-002   8.6742E-002    1.203
       1250.00    3.6860E+006   1.3385E+000   1.5868E+000    1.186
       1300.00    3.9094E+006   2.1221E+001   2.4770E+001    1.167
       1350.00    4.1371E+006   2.9196E+002   3.3528E+002    1.148
       1400.00    4.3690E+006   3.5335E+003   3.9900E+003    1.129
       1450.00    4.6052E+006   3.8073E+004   4.2248E+004    1.110
       1500.00    4.8454E+006   3.6901E+005   4.0220E+005    1.090
       1550.00    5.0897E+006   3.2465E+006   3.4740E+006    1.070
       1600.00    5.3379E+006   2.6134E+007   2.7444E+007    1.050
       1650.00    5.5901E+006   1.9386E+008   1.9970E+008    1.030
       1700.00    5.8461E+006   1.3334E+009   1.3470E+009    1.010
       1800.00    6.3694E+006   5.1397E+010   4.9886E+010    0.971
       1900.00    6.9075E+006   1.5547E+012   1.4483E+012    0.932
       2000.00    7.4600E+006   3.8059E+013   3.4001E+013    0.893
       2500.00    1.0426E+007   2.9746E+019   2.1408E+019    0.720

            Partition function of structure    2
     ================================================================
          T(K)      Rot.          SS-HO           SS-T     SS-T/SS-HO
        100.00    8.3615E+004   3.7375E-233   3.2976E-233    0.882
        200.00    2.3650E+005   3.0425E-112   3.2926E-112    1.082
        298.15    4.3047E+005   1.3236E-071   1.6023E-071    1.211
        300.00    4.3448E+005   4.3613E-071   5.2879E-071    1.212
        500.00    9.3485E+005   8.5992E-037   1.1359E-036    1.321
        750.00    1.7174E+006   5.0221E-018   6.4304E-018    1.280
       1000.00    2.6442E+006   2.0107E-007   2.3149E-007    1.151
       1100.00    3.0505E+006   2.9855E-004   3.2572E-004    1.091
       1150.00    3.2609E+006   8.0827E-003   8.5708E-003    1.060
       1200.00    3.4758E+006   1.7939E-001   1.8473E-001    1.030
       1250.00    3.6953E+006   3.3365E+000   3.3342E+000    0.999
       1300.00    3.9192E+006   5.2988E+001   5.1354E+001    0.969
       1350.00    4.1475E+006   7.3011E+002   6.8591E+002    0.939
       1400.00    4.3800E+006   8.8492E+003   8.0551E+003    0.910
       1450.00    4.6168E+006   9.5476E+004   8.4179E+004    0.882
       1500.00    4.8576E+006   9.2655E+005   7.9104E+005    0.854
       1550.00    5.1025E+006   8.1614E+006   6.7456E+006    0.827
       1600.00    5.3514E+006   6.5774E+007   5.2621E+007    0.800
       1650.00    5.6042E+006   4.8842E+008   3.7818E+008    0.774
       1700.00    5.8608E+006   3.3628E+009   2.5198E+009    0.749
       1800.00    6.3855E+006   1.2987E+011   9.1125E+010    0.702
       1900.00    6.9250E+006   3.9349E+012   2.5857E+012    0.657
       2000.00    7.4788E+006   9.6474E+013   5.9385E+013    0.616
       2500.00    1.0452E+007   7.5854E+019   3.3947E+019    0.448

            Partition function of structure    3
     ================================================================
          T(K)      Rot.          SS-HO           SS-T     SS-T/SS-HO
        100.00    8.2197E+004   4.4693E-235   3.7738E-235    0.844
        200.00    2.3249E+005   2.4305E-113   2.4722E-113    1.017
        298.15    4.2316E+005   1.8706E-072   2.1806E-072    1.166
        300.00    4.2711E+005   6.2070E-072   7.2500E-072    1.168
        500.00    9.1899E+005   1.8999E-037   2.5009E-037    1.316
        750.00    1.6883E+006   1.3757E-018   1.8202E-018    1.323
       1000.00    2.5993E+006   6.1262E-008   7.6685E-008    1.252
       1100.00    2.9988E+006   9.3620E-005   1.1368E-004    1.214
       1150.00    3.2055E+006   2.5664E-003   3.0655E-003    1.194
       1200.00    3.4169E+006   5.7614E-002   6.7651E-002    1.174
       1250.00    3.6326E+006   1.0829E+000   1.2492E+000    1.154
       1300.00    3.8527E+006   1.7364E+001   1.9669E+001    1.133
       1350.00    4.0771E+006   2.4140E+002   2.6836E+002    1.112
       1400.00    4.3057E+006   2.9501E+003   3.2172E+003    1.091
       1450.00    4.5384E+006   3.2074E+004   3.4300E+004    1.069
       1500.00    4.7752E+006   3.1349E+005   3.2863E+005    1.048
       1550.00    5.0159E+006   2.7798E+006   2.8555E+006    1.027
       1600.00    5.2606E+006   2.2543E+007   2.2685E+007    1.006
       1650.00    5.5091E+006   1.6838E+008   1.6594E+008    0.986
       1700.00    5.7614E+006   1.1657E+009   1.1249E+009    0.965
       1800.00    6.2772E+006   4.5471E+010   4.2038E+010    0.925
       1900.00    6.8075E+006   1.3901E+012   1.2305E+012    0.885
       2000.00    7.3519E+006   3.4356E+013   2.9101E+013    0.847
       2500.00    1.0275E+007   2.7840E+019   1.8847E+019    0.677

     ================================================================
              Partition Functions Including All Structures
        -----------------------------------------------------------
        Zero of energy is set to potential energy of global minimum
        -----------------------------------------------------------
        T(K)    Elec.        Trans.              Con-rovib
                                            MS-LH    or     MS-T
        100.00  1.0000E+000  3.2453E+006  7.5695E-233  6.4144E-233
        200.00  1.0000E+000  1.8358E+007  6.4116E-112  6.5692E-112
        298.15  1.0000E+000  4.9814E+007  2.8895E-071  3.3478E-071
        300.00  1.0000E+000  5.0590E+007  9.5267E-071  1.1058E-070
        500.00  1.0000E+000  1.8142E+008  1.9718E-036  2.5579E-036
        750.00  1.0000E+000  4.9993E+008  1.1914E-017  1.5476E-017
       1000.00  1.0000E+000  1.0263E+009  4.8662E-007  5.9107E-007
       1100.00  1.0000E+000  1.3024E+009  7.2670E-004  8.5090E-004
       1150.00  1.0000E+000  1.4555E+009  1.9724E-002  2.2644E-002
       1200.00  1.0000E+000  1.6189E+009  4.3880E-001  4.9351E-001
       1250.00  1.0000E+000  1.7928E+009  8.1792E+000  9.0062E+000
       1300.00  1.0000E+000  1.9775E+009  1.3016E+002  1.4023E+002
       1350.00  1.0000E+000  2.1732E+009  1.7968E+003  1.8932E+003
       1400.00  1.0000E+000  2.3800E+009  2.1816E+004  2.2470E+004
       1450.00  1.0000E+000  2.5982E+009  2.3577E+005  2.3728E+005
       1500.00  1.0000E+000  2.8281E+009  2.2916E+006  2.2527E+006
       1550.00  1.0000E+000  3.0697E+009  2.0214E+007  1.9405E+007
       1600.00  1.0000E+000  3.3232E+009  1.6313E+008  1.5288E+008
       1650.00  1.0000E+000  3.5890E+009  1.2129E+009  1.1095E+009
       1700.00  1.0000E+000  3.8671E+009  8.3611E+009  7.4636E+009
       1800.00  1.0000E+000  4.4611E+009  3.2360E+011  2.7497E+011
       1900.00  1.0000E+000  5.1067E+009  9.8244E+012  7.9432E+012
       2000.00  1.0000E+000  5.8054E+009  2.4130E+014  1.8559E+014
       2500.00  1.0000E+000  1.0142E+010  1.9103E+020  1.1446E+020

             Total Partition Function (E + T + Con-rovib)
             ---------------------------------------------
                T(K)     E + T + MS-LH     E + T + MS-T
                100.00     2.4566E-226       2.0817E-226
                200.00     1.1771E-104       1.2060E-104
                298.15     1.4393E-063       1.6677E-063
                300.00     4.8195E-063       5.5940E-063
                500.00     3.5772E-028       4.6405E-028
                750.00     5.9562E-009       7.7371E-009
               1000.00     4.9940E+002       6.0660E+002
               1100.00     9.4645E+005       1.1082E+006
               1150.00     2.8708E+007       3.2958E+007
               1200.00     7.1036E+008       7.9894E+008
               1250.00     1.4664E+010       1.6146E+010
               1300.00     2.5739E+011       2.7731E+011
               1350.00     3.9048E+012       4.1142E+012
               1400.00     5.1923E+013       5.3478E+013
               1450.00     6.1259E+014       6.1650E+014
               1500.00     6.4806E+015       6.3707E+015
               1550.00     6.2050E+016       5.9565E+016
               1600.00     5.4211E+017       5.0805E+017
               1650.00     4.3531E+018       3.9819E+018
               1700.00     3.2333E+019       2.8862E+019
               1800.00     1.4436E+021       1.2267E+021
               1900.00     5.0171E+022       4.0564E+022
               2000.00     1.4009E+024       1.0774E+024
               2500.00     1.9373E+030       1.1608E+030

     ================================================================
              Partition Functions Including All Structures
        -----------------------------------------------------------
                    Zero of energy is set to ZPE
        -----------------------------------------------------------
        T(K)             Con-rovib                Total
                   MS-LH        MS-T       E+T+MS-LH    E+T+MS-T
        100.00  1.7089E+006  1.4481E+006  5.5458E+012  4.6995E+012
        200.00  9.6336E+007  9.8704E+007  1.7686E+015  1.8120E+015
        298.15  2.5411E+009  2.9442E+009  1.2658E+017  1.4666E+017
        300.00  2.6925E+009  3.1252E+009  1.3621E+017  1.5810E+017
        500.00  9.2381E+011  1.1984E+012  1.6760E+020  2.1742E+020
        750.00  7.1870E+014  9.3357E+014  3.5930E+023  4.6672E+023
       1000.00  3.3308E+017  4.0458E+017  3.4183E+026  4.1521E+026
       1100.00  3.3874E+018  3.9663E+018  4.4118E+027  5.1657E+027
       1150.00  1.0505E+019  1.2060E+019  1.5290E+028  1.7553E+028
       1200.00  3.1994E+019  3.5983E+019  5.1794E+028  5.8253E+028
       1250.00  9.5719E+019  1.0540E+020  1.7161E+029  1.8896E+029
       1300.00  2.8143E+020  3.0321E+020  5.5653E+029  5.9960E+029
       1350.00  8.1344E+020  8.5707E+020  1.7678E+030  1.8626E+030
       1400.00  2.3123E+021  2.3815E+021  5.5033E+030  5.6681E+030
       1450.00  6.4665E+021  6.5078E+021  1.6802E+031  1.6909E+031
       1500.00  1.7798E+022  1.7496E+022  5.0334E+031  4.9480E+031
       1550.00  4.8229E+022  4.6297E+022  1.4805E+032  1.4212E+032
       1600.00  1.2872E+023  1.2063E+023  4.2775E+032  4.0088E+032
       1650.00  3.3845E+023  3.0959E+023  1.2147E+033  1.1111E+033
       1700.00  8.7713E+023  7.8298E+023  3.3919E+033  3.0278E+033
       1800.00  5.6478E+024  4.7991E+024  2.5195E+034  2.1409E+034
       1900.00  3.4454E+025  2.7856E+025  1.7595E+035  1.4226E+035
       2000.00  1.9964E+026  1.5354E+026  1.1590E+036  8.9139E+035
       2500.00  6.5349E+029  3.9155E+029  6.6275E+039  3.9710E+039
     ================================================================

                     ==============================
                          Thermodynamic Functions
                      (Ideal gas at standard state)
                     ==============================
     T  - Temperature (Kelvin)        G  - Gibbs Free Energy (kcal/mol)
     E  - Thermal Energy (kcal/mol)   H  - Enthalpy (kcal/mol)
     S  - Entropy (cal/(mol-K))
     Cp - Heat Capacity at Constant Pressure (cal/(mol-K))
        -----------------------------------------------------------
        Zero of energy is set to potential energy of global minimum
        -----------------------------------------------------------

               Contribution from electronic P.F. 
     ================================================================
                  T          G          E          S
                100.00      -0.000      0.000      0.000
                200.00      -0.000      0.000      0.000
                298.15      -0.000      0.000      0.000
                300.00      -0.000      0.000      0.000
                500.00      -0.000      0.000      0.000
                750.00      -0.000      0.000      0.000
               1000.00      -0.000      0.000      0.000
               1100.00      -0.000      0.000      0.000
               1150.00      -0.000      0.000      0.000
               1200.00      -0.000      0.000      0.000
               1250.00      -0.000      0.000      0.000
               1300.00      -0.000      0.000      0.000
               1350.00      -0.000      0.000      0.000
               1400.00      -0.000      0.000      0.000
               1450.00      -0.000      0.000      0.000
               1500.00      -0.000      0.000      0.000
               1550.00      -0.000      0.000      0.000
               1600.00      -0.000      0.000      0.000
               1650.00      -0.000      0.000      0.000
               1700.00      -0.000      0.000      0.000
               1800.00      -0.000      0.000      0.000
               1900.00      -0.000      0.000      0.000
               2000.00      -0.000      0.000      0.000
               2500.00      -0.000      0.000      0.000

               Contribution from translational P.F. 
     ================================================================
                  T          G          E          S
                100.00      -2.979      0.298     34.762
                200.00      -6.647      0.596     38.205
                298.15     -10.501      0.889     40.189
                300.00     -10.576      0.894     40.220
                500.00     -18.895      1.490     42.758
                750.00     -29.853      2.236     44.772
               1000.00     -41.233      2.981     46.201
               1100.00     -45.877      3.279     46.675
               1150.00     -48.217      3.428     46.896
               1200.00     -50.567      3.577     47.107
               1250.00     -52.927      3.726     47.310
               1300.00     -55.298      3.875     47.505
               1350.00     -57.677      4.024     47.692
               1400.00     -60.067      4.173     47.873
               1450.00     -62.465      4.322     48.047
               1500.00     -64.871      4.471     48.216
               1550.00     -67.286      4.620     48.378
               1600.00     -69.709      4.769     48.536
               1650.00     -72.140      4.918     48.689
               1700.00     -74.578      5.067     48.837
               1800.00     -79.476      5.365     49.121
               1900.00     -84.402      5.664     49.390
               2000.00     -89.353      5.962     49.645
               2500.00    -114.463      7.452     50.753

        Contribution from conformational-rovibrational P.F. (MS-LH)
     ================================================================
                  T          G          E          S
                100.00     106.212    109.980     37.675
                200.00     101.758    111.922     50.820
                298.15      96.233    114.596     61.587
                300.00      96.119    114.654     61.783
                500.00      81.689    122.863     82.349
                750.00      58.080    137.634    106.073
               1000.00      28.886    155.909    127.023
               1100.00      15.798    163.936    134.671
               1150.00       8.972    168.074    138.350
               1200.00       1.964    172.289    141.937
               1250.00      -5.220    176.574    145.436
               1300.00     -12.578    180.925    148.848
               1350.00     -20.104    185.337    152.178
               1400.00     -27.794    189.806    155.429
               1450.00     -35.645    194.328    158.603
               1500.00     -43.653    198.900    161.702
               1550.00     -51.815    203.519    164.731
               1600.00     -60.125    208.180    167.691
               1650.00     -68.583    212.882    170.585
               1700.00     -77.183    217.623    173.415
               1800.00     -94.800    227.207    178.893
               1900.00    -112.954    236.917    184.143
               2000.00    -131.622    246.738    189.180
               2500.00    -232.002    297.114    211.646

        Contribution from conformational-rovibrational P.F. (MS-T)
     ================================================================
                  T          G          E          S
                100.00     106.245    110.022     37.767
                200.00     101.748    112.047     51.491
                298.15      96.146    114.767     62.454
                300.00      96.030    114.826     62.651
                500.00      81.430    122.982     83.103
                750.00      57.690    137.446    106.341
               1000.00      28.499    155.223    126.723
               1100.00      15.453    163.007    134.140
               1150.00       8.656    167.015    137.703
               1200.00       1.684    171.094    141.175
               1250.00      -5.460    175.239    144.559
               1300.00     -12.770    179.444    147.857
               1350.00     -20.244    183.705    151.073
               1400.00     -27.876    188.019    154.211
               1450.00     -35.664    192.380    157.272
               1500.00     -43.602    196.787    160.260
               1550.00     -51.689    201.236    163.177
               1600.00     -59.919    205.725    166.027
               1650.00     -68.290    210.249    168.812
               1700.00     -76.799    214.808    171.533
               1800.00     -94.218    224.018    176.798
               1900.00    -112.151    233.340    181.837
               2000.00    -130.578    242.759    186.669
               2500.00    -229.458    290.966    208.170

     Total (Translational + Electronic + conformational-rovib.(MS-LH))
     ======================================================================
              T          G          E          H          S          Cp
            100.00     103.233    110.278    110.477     72.437     20.127
            200.00      95.110    112.518    112.915     89.025     28.213
            298.15      85.732    115.484    116.077    101.776     36.495
            300.00      85.544    115.548    116.145    102.002     36.666
            500.00      62.794    124.354    125.347    125.107     54.974
            750.00      28.227    139.870    141.360    150.845     71.978
           1000.00     -12.347    158.890    160.877    173.225     83.434
           1100.00     -30.080    167.215    169.400    181.345     86.946
           1150.00     -39.245    171.502    173.788    185.246     88.519
           1200.00     -48.602    175.866    178.251    189.044     89.982
           1250.00     -58.148    180.300    182.784    192.745     91.344
           1300.00     -67.875    184.800    187.383    196.353     92.612
           1350.00     -77.781    189.361    192.044    199.871     93.793
           1400.00     -87.861    193.979    196.761    203.302     94.894
           1450.00     -98.110    198.651    201.532    206.650     95.922
           1500.00    -108.525    203.372    206.352    209.918     96.881
           1550.00    -119.101    208.139    211.219    213.110     97.777
           1600.00    -129.834    212.950    216.129    216.227     98.615
           1650.00    -140.722    217.801    221.080    219.274     99.399
           1700.00    -151.761    222.690    226.068    222.252    100.133
           1800.00    -174.276    232.573    236.150    228.014    101.467
           1900.00    -197.355    242.581    246.356    233.532    102.643
           2000.00    -220.975    252.699    256.674    238.824    103.683
           2500.00    -346.465    304.566    309.534    262.400    107.413

     Total (Translational + Electronic + conformational-rovib.(MS-T))
     ======================================================================
              T          G          E          H          S          Cp
            100.00     103.266    110.320    110.519     72.529     20.981
            200.00      95.101    112.643    113.040     89.697     28.898
            298.15      85.645    115.656    116.248    102.643     36.742
            300.00      85.455    115.720    116.316    102.871     36.903
            500.00      62.535    124.472    125.466    125.861     54.225
            750.00      27.837    139.681    141.172    151.113     70.329
           1000.00     -12.734    158.204    160.191    172.925     81.124
           1100.00     -30.424    166.285    168.471    180.814     84.404
           1150.00     -39.560    170.443    172.729    184.599     85.866
           1200.00     -48.883    174.671    177.056    188.282     87.221
           1250.00     -58.387    178.965    181.449    191.869     88.478
           1300.00     -68.068    183.319    185.902    195.362     89.644
           1350.00     -77.922    187.729    190.412    198.766     90.727
           1400.00     -87.943    192.192    194.974    202.083     91.733
           1450.00     -98.129    196.703    199.584    205.319     92.668
           1500.00    -108.474    201.259    204.240    208.475     93.538
           1550.00    -118.975    205.857    208.937    211.556     94.349
           1600.00    -129.628    210.494    213.673    214.563     95.103
           1650.00    -140.430    215.168    218.446    217.501     95.807
           1700.00    -151.377    219.875    223.253    220.371     96.465
           1800.00    -173.694    229.384    232.961    225.919     97.653
           1900.00    -196.553    239.003    242.779    231.227     98.694
           2000.00    -219.932    248.721    252.695    236.313     99.609
           2500.00    -343.921    298.418    303.386    258.923    102.844

                        --------------------------------
                         Zero of energy is set to ZPE
                        --------------------------------

     Total (Translational + Electronic + conformational-rovib.(MS-LH))
     ======================================================================
              T          G          E          H          S          Cp
            100.00      -5.831      1.214      1.412     72.437     20.127
            200.00     -13.954      3.454      3.851     89.025     28.213
            298.15     -23.332      6.420      7.013    101.776     36.495
            300.00     -23.520      6.484      7.080    102.002     36.666
            500.00     -46.270     15.289     16.283    125.107     54.974
            750.00     -80.838     30.806     32.296    150.845     71.978
           1000.00    -121.412     49.826     51.813    173.225     83.434
           1100.00    -139.144     58.150     60.336    181.345     86.946
           1150.00    -148.309     62.438     64.723    185.246     88.519
           1200.00    -157.667     66.802     69.186    189.044     89.982
           1250.00    -167.212     71.236     73.720    192.745     91.344
           1300.00    -176.940     75.736     78.319    196.353     92.612
           1350.00    -186.846     80.297     82.980    199.871     93.793
           1400.00    -196.925     84.915     87.697    203.302     94.894
           1450.00    -207.174     89.586     92.468    206.650     95.922
           1500.00    -217.589     94.307     97.288    209.918     96.881
           1550.00    -228.165     99.075    102.155    213.110     97.777
           1600.00    -238.899    103.885    107.065    216.227     98.615
           1650.00    -249.786    108.737    112.015    219.274     99.399
           1700.00    -260.825    113.626    117.004    222.252    100.133
           1800.00    -283.340    123.508    127.085    228.014    101.467
           1900.00    -306.420    133.516    137.292    233.532    102.643
           2000.00    -330.039    143.635    147.609    238.824    103.683
           2500.00    -455.530    195.501    200.469    262.400    107.413

     Total (Translational + Electronic + conformational-rovib.(MS-T))
     ======================================================================
              T          G          E          H          S          Cp
            100.00      -5.798      1.256      1.454     72.529     20.981
            200.00     -13.963      3.578      3.976     89.697     28.898
            298.15     -23.419      6.591      7.184    102.643     36.742
            300.00     -23.609      6.656      7.252    102.871     36.903
            500.00     -46.529     15.408     16.401    125.861     54.225
            750.00     -81.227     30.617     32.107    151.113     70.329
           1000.00    -121.798     49.139     51.126    172.925     81.124
           1100.00    -139.489     57.221     59.407    180.814     84.404
           1150.00    -148.625     61.379     63.664    184.599     85.866
           1200.00    -157.947     65.607     67.992    188.282     87.221
           1250.00    -167.451     69.901     72.385    191.869     88.478
           1300.00    -177.132     74.255     76.838    195.362     89.644
           1350.00    -186.986     78.665     81.348    198.766     90.727
           1400.00    -197.008     83.127     85.910    202.083     91.733
           1450.00    -207.193     87.638     90.520    205.319     92.668
           1500.00    -217.538     92.194     95.175    208.475     93.538
           1550.00    -228.039     96.792     99.873    211.556     94.349
           1600.00    -238.693    101.430    104.609    214.563     95.103
           1650.00    -249.494    106.103    109.382    217.501     95.807
           1700.00    -260.442    110.811    114.189    220.371     96.465
           1800.00    -282.758    120.319    123.896    225.919     97.653
           1900.00    -305.617    129.939    133.715    231.227     98.694
           2000.00    -328.996    139.656    143.631    236.313     99.609
           2500.00    -452.986    189.354    194.322    258.923    102.844

 ==============================End of MSTor output==============================
