
 *******************************************************************************

   MSTor program version 2013 (2013)

   Jingjing Zheng, Steven L. Mielke, and Donald G. Truhlar

   Department of Chemistry and Supercomputing Institute
   University of Minnesota, Minneapolis, Minnesota, USA

   Copyright 2013
   Donald G. Truhlar and Regents of the University of Minnesota

   Citations: 
   MS-T(U) method
     J. Zheng, T. Yu, E. Papajak, I. M. Alecu, S. L. Mielke, and D. G. Truhlar,
     Phys. Chem. Chem. Phys. 13, 10885-10907 (2011).
   MS-T(C) method
     J. Zheng and D. G. Truhlar, J. Chem. Theory Comput., DOI: 10.1021/ct3010722.
   MSTor program
     J. Zheng, S. L. Mielke, K. L Clarkson, and D. G. Truhlar,
     Comp. Phys. Comm. 183, 1803-1812 (2012).
     J. Zheng, R. Meana-Paneda, and D. G. Truhlar, Comp. Phys. Comm.
     to be published as new version announcement.

 *******************************************************************************

                    Naming conventions for the MS methods
   -----------------------------------------------------------------------------
   Common name        Original or other names
   -----------------------------------------------------------------------------
   MS-LH         =    MS-HO (ref. 1)   =   MS-AS-HO (ref. 2)
   MS-T          =    MS-AS (ref. 1)   =   MS-AS-T  (ref. 2)
   -----------------------------------------------------------------------------
   Ref. 1: J. Zheng, T. Yu, E. Papajak, I. M. Alecu, S. L. Mielke, and
           D. G. Truhlar, Phys. Chem. Chem. Phys. 13, 10885 (2011).
   Ref. 2: T. Yu, J. Zheng, and D. G. Truhlar, Chem. Sci. 2, 2199 (2011)

   Calculation run on 03/25/2022 at 09:43:47  

   Number of structures:             1
   Number of torsions:               6
   Method:                           MS-T(C)
   Frequency scaling factor:         0.951
   Delta T for finite difference:    0.5 K
   Internal coordinates
     Bonds:         01-02  01-18  01-19  01-20  02-03  02-16  02-17  03-04  03-14
     Bonds:         03-15  04-05  04-12  05-06  05-08  06-07  07-09  07-10  07-11
     Bonds:         04-13
     Angles:        01-02-03  02-03-15  03-02-17  03-04-13  04-03-14  04-03-15
     Angles:        04-05-06  04-05-08  05-04-12  05-06-07  06-07-09  06-07-10
     Angles:        09-07-11  12-04-13  16-02-17  18-01-19  18-01-20  19-01-20
     Linear Angles: 
     Dihedrals:     01-03-16-02  02-14-15-03  02-18-19-01  02-19-20-01
     Dihedrals:     03-05-12-04  03-12-13-04  03-16-17-02  04-06-08-05
     Dihedrals:     04-14-15-03  09-10-11-07  06-09-11-07  04-03-02-01
     Dihedrals:     05-04-03-02  06-05-04-03  07-06-05-04  03-02-01-18
     Dihedrals:     05-06-07-09

   All moment output uses units of amu for masses and Angstroms for distances 

                           ==========================
                                Structure   1
                           ==========================

   Normal-mode Frequencies (cm-1) 
   (Overall translation and rotation projected out)
       0.0001i      0.0000i      0.0000i      0.0000i      0.0000       0.0000 
      35.3664      72.6927     103.0518     138.4946     171.6618     207.1096 
     240.2512     248.6141     298.4475     355.9804     508.8580     572.3890 
     643.6802     727.0313     826.4585     832.1250     903.2286     922.4480 
    1000.5941    1038.3569    1052.4558    1092.5487    1115.1181    1148.3548 
    1175.2698    1194.7123    1228.6843    1249.7998    1285.6510    1294.0600 
    1365.7165    1375.2857    1380.8817    1414.5495    1435.1774    1440.3502 
    1444.0875    1448.9559    1455.2755    1457.7962    1461.3740    1799.7239 
    2953.2472    2958.4071    2966.5384    2977.2054    2987.5213    3002.2907 
    3017.5002    3026.6462    3037.2387    3042.7339    3070.7396    3103.6246 
   Torsion-projected frequencies/non-torsional frequencies (cm-1)
     206.2583     247.6813     297.4553     355.8571     508.8299     570.0170 
     642.9981     725.8411     826.4335     832.1032     903.2037     922.4177 
    1000.5864    1038.3525    1052.4428    1092.5391    1115.1123    1148.0438 
    1175.2686    1194.6978    1228.6595    1249.7672    1285.6372    1294.0081 
    1365.7157    1375.2850    1380.8787    1414.5387    1435.1771    1440.3501 
    1444.0063    1448.9511    1455.2751    1457.7961    1461.3715    1799.7235 
    2953.2465    2958.4071    2966.5382    2977.2052    2987.5213    3002.2842 
    3017.4978    3026.6449    3037.2355    3042.7337    3070.7309    3103.6246 
   Product of consistently coupled torsional frequencies (in cm-1^ntor)  1.5424E+12
   Primitively coupled torsional frequencies (cm-1) (Not used)
      38.8169      83.3746     108.0641     141.0227     182.1869     242.7323 
   Product of primitively coupled torsional frequencies (in cm-1^ntor)   2.1811E+12
   Effective coupled torsional barrier (kcal/mol)
        1.079        1.530        2.702        4.318        8.621        8.825 

   D matrix: 
   m-n        1             2             3             4             5
    1   2.192533E+01 -2.389494E+00 -3.517976E+00 -1.116995E+00  1.433644E+00
    2  -2.389494E+00  2.283129E+01  7.294172E+00  4.815638E+00  2.174110E+00
    3  -3.517976E+00  7.294172E+00  4.292709E+01 -1.258834E+01  4.653739E-01
    4  -1.116995E+00  4.815638E+00 -1.258834E+01  1.746673E+01  4.089207E-01
    5   1.433644E+00  2.174110E+00  4.653739E-01  4.089207E-01  3.024541E+00
    6  -3.098791E-01  8.734555E-01  2.286197E+00  1.404998E+00  6.569997E-02
   m-n        6
    1  -3.098791E-01
    2   8.734555E-01
    3   2.286197E+00
    4   1.404998E+00
    5   6.569997E-02
    6   3.111451E+00

   Eigenvalues of D matrix:
     4.9561E+01    2.7078E+01    2.0651E+01    8.8418E+00    2.6408E+00    2.5134E+00
   Determinant of D matrix  1.237596E+029

          Uncoupled force constants (au), Pitzer moment of inertia (amu A^2),
   uncoupled torsional frequencies (cm-1), and uncoupled torsional barrier (kcal/mol)
   --------------------------------------------------------------------------------
   Torsion               1             2             3             4             5
   Force constant   2.12733E-02  4.04662E-02  1.05382E-02  4.34532E-02  2.02488E-02
   Moment          21.925       22.831       42.927       17.467        3.025
   Tor. Freq.        84.732      114.521       42.621      135.678      222.574
   Rot. barrier       4.254        8.092        2.107        8.689        2.824
   M_j,tau            2.505        2.505        2.505        2.505        3.000

   Torsion               6
   Force constant   7.95456E-03
   Moment           3.111
   Tor. Freq.       137.541
   Rot. barrier       1.109
   M_j,tau            3.000
   --------------------------------------------------------------------------------
   Potential Energy =   0.000 kcal/mol
   Weight =  2
   Overall rotational symmetry number =   1

       List of zero-point inclusive energy (kcal/mol) for each structure
      ------------------------------------------------------------------
        Structure            Energy (T = 0 K)
      ------------------------------------------------------------------
          1                    107.66
      ZPE of the system =      107.66


     Note: The following SS-HO and SS-T include the Rot. P.F. and Boltzmann factor,
           but are calculated with weight = 1 for each structure. Weights are
           counted in MS partition functions. Zero of energy is set to the potential
           energy of global minimum.

            Partition function of structure    1
     ================================================================
          T(K)      Rot.          SS-HO           SS-T     SS-T/SS-HO
        100.00    8.3405E+004   3.1961E-230   2.6094E-230    0.816
        200.00    2.3590E+005   6.2878E-111   6.1202E-111    0.973
        298.15    4.2938E+005   7.9146E-071   8.7708E-071    1.108
        300.00    4.3338E+005   2.5678E-070   2.8511E-070    1.110
        500.00    9.3250E+005   1.8997E-036   2.4044E-036    1.266
        750.00    1.7131E+006   7.0560E-018   9.2041E-018    1.304
       1000.00    2.6375E+006   2.3055E-007   2.8994E-007    1.258
       1100.00    3.0429E+006   3.2527E-004   3.9898E-004    1.227
       1150.00    3.2527E+006   8.6188E-003   1.0425E-002    1.210
       1200.00    3.4671E+006   1.8763E-001   2.2358E-001    1.192
       1250.00    3.6860E+006   3.4297E+000   4.0230E+000    1.173
       1300.00    3.9094E+006   5.3619E+001   6.1865E+001    1.154
       1350.00    4.1371E+006   7.2835E+002   8.2606E+002    1.134
       1400.00    4.3690E+006   8.7142E+003   9.7091E+003    1.114
       1450.00    4.6052E+006   9.2914E+004   1.0164E+005    1.094
       1500.00    4.8454E+006   8.9197E+005   9.5758E+005    1.074
       1550.00    5.0897E+006   7.7792E+006   8.1920E+006    1.053
       1600.00    5.3379E+006   6.2123E+007   6.4145E+007    1.033
       1650.00    5.5901E+006   4.5745E+008   4.6295E+008    1.012
       1700.00    5.8461E+006   3.1252E+009   3.0990E+009    0.992
       1800.00    6.3694E+006   1.1902E+011   1.1321E+011    0.951
       1900.00    6.9075E+006   3.5634E+012   3.2480E+012    0.911
       2000.00    7.4600E+006   8.6459E+013   7.5461E+013    0.873
       2500.00    1.0426E+007   6.5553E+019   4.5775E+019    0.698

     ================================================================
              Partition Functions Including All Structures
        -----------------------------------------------------------
        Zero of energy is set to potential energy of global minimum
        -----------------------------------------------------------
        T(K)    Elec.        Trans.              Con-rovib
                                            MS-LH    or     MS-T
        100.00  1.0000E+000  3.2453E+006  6.3922E-230  5.2188E-230
        200.00  1.0000E+000  1.8358E+007  1.2576E-110  1.2240E-110
        298.15  1.0000E+000  4.9814E+007  1.5829E-070  1.7542E-070
        300.00  1.0000E+000  5.0590E+007  5.1355E-070  5.7022E-070
        500.00  1.0000E+000  1.8142E+008  3.7994E-036  4.8088E-036
        750.00  1.0000E+000  4.9993E+008  1.4112E-017  1.8408E-017
       1000.00  1.0000E+000  1.0263E+009  4.6111E-007  5.7987E-007
       1100.00  1.0000E+000  1.3024E+009  6.5054E-004  7.9797E-004
       1150.00  1.0000E+000  1.4555E+009  1.7238E-002  2.0850E-002
       1200.00  1.0000E+000  1.6189E+009  3.7526E-001  4.4716E-001
       1250.00  1.0000E+000  1.7928E+009  6.8594E+000  8.0459E+000
       1300.00  1.0000E+000  1.9775E+009  1.0724E+002  1.2373E+002
       1350.00  1.0000E+000  2.1732E+009  1.4567E+003  1.6521E+003
       1400.00  1.0000E+000  2.3800E+009  1.7428E+004  1.9418E+004
       1450.00  1.0000E+000  2.5982E+009  1.8583E+005  2.0329E+005
       1500.00  1.0000E+000  2.8281E+009  1.7839E+006  1.9152E+006
       1550.00  1.0000E+000  3.0697E+009  1.5558E+007  1.6384E+007
       1600.00  1.0000E+000  3.3232E+009  1.2425E+008  1.2829E+008
       1650.00  1.0000E+000  3.5890E+009  9.1489E+008  9.2590E+008
       1700.00  1.0000E+000  3.8671E+009  6.2504E+009  6.1980E+009
       1800.00  1.0000E+000  4.4611E+009  2.3805E+011  2.2642E+011
       1900.00  1.0000E+000  5.1067E+009  7.1267E+012  6.4959E+012
       2000.00  1.0000E+000  5.8054E+009  1.7292E+014  1.5092E+014
       2500.00  1.0000E+000  1.0142E+010  1.3111E+020  9.1550E+019

             Total Partition Function (E + T + Con-rovib)
             ---------------------------------------------
                T(K)     E + T + MS-LH     E + T + MS-T
                100.00     2.0745E-223       1.6937E-223
                200.00     2.3087E-103       2.2472E-103
                298.15     7.8851E-063       8.7381E-063
                300.00     2.5981E-062       2.8847E-062
                500.00     6.8929E-028       8.7242E-028
                750.00     7.0550E-009       9.2029E-009
               1000.00     4.7322E+002       5.9510E+002
               1100.00     8.4726E+005       1.0393E+006
               1150.00     2.5089E+007       3.0346E+007
               1200.00     6.0750E+008       7.2390E+008
               1250.00     1.2298E+010       1.4425E+010
               1300.00     2.1206E+011       2.4468E+011
               1350.00     3.1657E+012       3.5903E+012
               1400.00     4.1480E+013       4.6216E+013
               1450.00     4.8283E+014       5.2819E+014
               1500.00     5.0451E+015       5.4162E+015
               1550.00     4.7759E+016       5.0293E+016
               1600.00     4.1290E+017       4.2633E+017
               1650.00     3.2835E+018       3.3230E+018
               1700.00     2.4171E+019       2.3968E+019
               1800.00     1.0620E+021       1.0101E+021
               1900.00     3.6394E+022       3.3173E+022
               2000.00     1.0039E+024       8.7617E+023
               2500.00     1.3296E+030       9.2847E+029

     ================================================================
              Partition Functions Including All Structures
        -----------------------------------------------------------
                    Zero of energy is set to ZPE
        -----------------------------------------------------------
        T(K)             Con-rovib                Total
                   MS-LH        MS-T       E+T+MS-LH    E+T+MS-T
        100.00  1.2049E+006  9.8374E+005  3.9104E+012  3.1926E+012
        200.00  5.4599E+007  5.3144E+007  1.0023E+015  9.7563E+014
        298.15  1.2918E+009  1.4315E+009  6.4347E+016  7.1308E+016
        300.00  1.3667E+009  1.5176E+009  6.9144E+016  7.6773E+016
        500.00  4.3130E+011  5.4588E+011  7.8246E+019  9.9034E+019
        750.00  3.3085E+014  4.3157E+014  1.6540E+023  2.1576E+023
       1000.00  1.5536E+017  1.9537E+017  1.5944E+026  2.0050E+026
       1100.00  1.5920E+018  1.9528E+018  2.0734E+027  2.5433E+027
       1150.00  4.9568E+018  5.9954E+018  7.2145E+027  8.7262E+027
       1200.00  1.5157E+019  1.8061E+019  2.4537E+028  2.9239E+028
       1250.00  4.5531E+019  5.3407E+019  8.1629E+028  9.5749E+028
       1300.00  1.3441E+020  1.5509E+020  2.6581E+029  3.0668E+029
       1350.00  3.9010E+020  4.4243E+020  8.4774E+029  9.6147E+029
       1400.00  1.1134E+021  1.2405E+021  2.6498E+030  2.9524E+030
       1450.00  3.1260E+021  3.4197E+021  8.1222E+030  8.8852E+030
       1500.00  8.6378E+021  9.2731E+021  2.4428E+031  2.6225E+031
       1550.00  2.3497E+022  2.4744E+022  7.2128E+031  7.5955E+031
       1600.00  6.2949E+022  6.4997E+022  2.0920E+032  2.1600E+032
       1650.00  1.6614E+023  1.6814E+023  5.9628E+032  6.0346E+032
       1700.00  4.3215E+023  4.2852E+023  1.6711E+033  1.6571E+033
       1800.00  2.8023E+024  2.6655E+024  1.2501E+034  1.1891E+034
       1900.00  1.7211E+025  1.5687E+025  8.7891E+034  8.0112E+034
       2000.00  1.0037E+026  8.7603E+025  5.8269E+035  5.0857E+035
       2500.00  3.3778E+029  2.3587E+029  3.4257E+039  2.3921E+039
     ================================================================

                     ==============================
                          Thermodynamic Functions
                      (Ideal gas at standard state)
                     ==============================
     T  - Temperature (Kelvin)        G  - Gibbs Free Energy (kcal/mol)
     E  - Thermal Energy (kcal/mol)   H  - Enthalpy (kcal/mol)
     S  - Entropy (cal/(mol-K))
     Cp - Heat Capacity at Constant Pressure (cal/(mol-K))
        -----------------------------------------------------------
        Zero of energy is set to potential energy of global minimum
        -----------------------------------------------------------

               Contribution from electronic P.F. 
     ================================================================
                  T          G          E          S
                100.00      -0.000      0.000      0.000
                200.00      -0.000      0.000      0.000
                298.15      -0.000      0.000      0.000
                300.00      -0.000      0.000      0.000
                500.00      -0.000      0.000      0.000
                750.00      -0.000      0.000      0.000
               1000.00      -0.000      0.000      0.000
               1100.00      -0.000      0.000      0.000
               1150.00      -0.000      0.000      0.000
               1200.00      -0.000      0.000      0.000
               1250.00      -0.000      0.000      0.000
               1300.00      -0.000      0.000      0.000
               1350.00      -0.000      0.000      0.000
               1400.00      -0.000      0.000      0.000
               1450.00      -0.000      0.000      0.000
               1500.00      -0.000      0.000      0.000
               1550.00      -0.000      0.000      0.000
               1600.00      -0.000      0.000      0.000
               1650.00      -0.000      0.000      0.000
               1700.00      -0.000      0.000      0.000
               1800.00      -0.000      0.000      0.000
               1900.00      -0.000      0.000      0.000
               2000.00      -0.000      0.000      0.000
               2500.00      -0.000      0.000      0.000

               Contribution from translational P.F. 
     ================================================================
                  T          G          E          S
                100.00      -2.979      0.298     34.762
                200.00      -6.647      0.596     38.205
                298.15     -10.501      0.889     40.189
                300.00     -10.576      0.894     40.220
                500.00     -18.895      1.490     42.758
                750.00     -29.853      2.236     44.772
               1000.00     -41.233      2.981     46.201
               1100.00     -45.877      3.279     46.675
               1150.00     -48.217      3.428     46.896
               1200.00     -50.567      3.577     47.107
               1250.00     -52.927      3.726     47.310
               1300.00     -55.298      3.875     47.505
               1350.00     -57.677      4.024     47.692
               1400.00     -60.067      4.173     47.873
               1450.00     -62.465      4.322     48.047
               1500.00     -64.871      4.471     48.216
               1550.00     -67.286      4.620     48.378
               1600.00     -69.709      4.769     48.536
               1650.00     -72.140      4.918     48.689
               1700.00     -74.578      5.067     48.837
               1800.00     -79.476      5.365     49.121
               1900.00     -84.402      5.664     49.390
               2000.00     -89.353      5.962     49.645
               2500.00    -114.463      7.452     50.753

        Contribution from conformational-rovibrational P.F. (MS-LH)
     ================================================================
                  T          G          E          S
                100.00     104.873    108.507     36.342
                200.00     100.575    110.394     49.093
                298.15      95.226    113.048     59.777
                300.00      95.115    113.107     59.972
                500.00      81.037    121.365     80.657
                750.00      57.827    136.250    104.564
               1000.00      28.993    154.644    125.651
               1100.00      16.040    162.716    133.342
               1150.00       9.280    166.876    137.041
               1200.00       2.337    171.112    140.646
               1250.00      -4.783    175.419    144.161
               1300.00     -12.077    179.790    147.590
               1350.00     -19.541    184.222    150.935
               1400.00     -27.170    188.710    154.200
               1450.00     -34.960    193.251    157.386
               1500.00     -42.907    197.841    160.498
               1550.00     -51.008    202.476    163.538
               1600.00     -59.260    207.155    166.509
               1650.00     -67.658    211.873    169.413
               1700.00     -76.200    216.629    172.252
               1800.00     -93.702    226.243    177.747
               1900.00    -111.742    235.981    183.012
               2000.00    -130.297    245.828    188.062
               2500.00    -230.132    296.311    210.577

        Contribution from conformational-rovibrational P.F. (MS-T)
     ================================================================
                  T          G          E          S
                100.00     104.914    108.542     36.287
                200.00     100.586    110.520     49.673
                298.15      95.165    113.235     60.609
                300.00      95.053    113.295     60.807
                500.00      80.803    121.537     81.468
                750.00      57.431    136.197    105.022
               1000.00      28.537    154.195    125.658
               1100.00      15.593    162.065    133.156
               1150.00       8.845    166.114    136.756
               1200.00       1.919    170.233    140.262
               1250.00      -5.180    174.416    143.677
               1300.00     -12.447    178.659    147.004
               1350.00     -19.879    182.956    150.248
               1400.00     -27.470    187.303    153.410
               1450.00     -35.218    191.698    156.494
               1500.00     -43.119    196.137    159.503
               1550.00     -51.167    200.616    162.441
               1600.00     -59.361    205.133    165.309
               1650.00     -67.697    209.685    168.110
               1700.00     -76.171    214.270    170.848
               1800.00     -93.523    223.529    176.140
               1900.00    -111.392    232.895    181.203
               2000.00    -129.756    242.354    186.055
               2500.00    -228.348    290.713    207.625

     Total (Translational + Electronic + conformational-rovib.(MS-LH))
     ======================================================================
              T          G          E          H          S          Cp
            100.00     101.894    108.806    109.004     71.104     19.544
            200.00      93.928    110.990    111.387     87.299     27.804
            298.15      84.725    113.937    114.529     99.966     36.495
            300.00      84.539    114.001    114.597    100.192     36.673
            500.00      62.142    122.856    123.849    123.414     55.371
            750.00      27.974    138.486    139.976    149.336     72.458
           1000.00     -12.240    157.625    159.612    171.852     83.898
           1100.00     -29.838    165.995    168.181    180.016     87.392
           1150.00     -38.937    170.304    172.590    183.936     88.954
           1200.00     -48.229    174.689    177.074    187.753     90.406
           1250.00     -57.710    179.145    181.629    191.471     91.756
           1300.00     -67.375    183.665    186.248    195.095     93.013
           1350.00     -77.218    188.246    190.928    198.627     94.182
           1400.00     -87.236    192.883    195.665    202.072     95.271
           1450.00     -97.424    197.573    200.454    205.433     96.287
           1500.00    -107.778    202.312    205.293    208.714     97.234
           1550.00    -118.294    207.097    210.177    211.917     98.119
           1600.00    -128.969    211.924    215.104    215.045     98.945
           1650.00    -139.798    216.791    220.070    218.102     99.718
           1700.00    -150.778    221.696    225.075    221.090    100.442
           1800.00    -173.178    231.609    235.186    226.869    101.755
           1900.00    -196.143    241.645    245.420    232.402    102.912
           2000.00    -219.651    251.789    255.764    237.707    103.934
           2500.00    -344.595    303.763    308.731    261.330    107.594

     Total (Translational + Electronic + conformational-rovib.(MS-T))
     ======================================================================
              T          G          E          H          S          Cp
            100.00     101.934    108.840    109.039     71.049     20.338
            200.00      93.939    111.116    111.514     87.878     28.647
            298.15      84.664    114.124    114.717    100.798     36.875
            300.00      84.477    114.189    114.785    101.026     37.044
            500.00      61.908    123.027    124.021    124.225     54.877
            750.00      27.578    138.433    139.923    149.793     71.201
           1000.00     -12.696    157.176    159.163    171.859     81.995
           1100.00     -30.284    165.343    167.529    179.830     85.237
           1150.00     -39.372    169.542    171.828    183.651     86.675
           1200.00     -48.648    173.810    176.195    187.369     88.005
           1250.00     -58.107    178.142    180.626    190.987     89.235
           1300.00     -67.745    182.534    185.117    194.509     90.374
           1350.00     -77.556    186.980    189.662    197.940     91.428
           1400.00     -87.537    191.476    194.259    201.283     92.406
           1450.00     -97.683    196.020    198.902    204.541     93.313
           1500.00    -107.990    200.608    203.589    207.719     94.155
           1550.00    -118.454    205.236    208.316    210.819     94.937
           1600.00    -129.071    209.902    213.082    213.845     95.666
           1650.00    -139.837    214.603    217.882    216.799     96.344
           1700.00    -150.750    219.337    222.715    219.685     96.976
           1800.00    -172.999    228.894    232.471    225.261     98.117
           1900.00    -195.794    238.558    242.334    230.593     99.115
           2000.00    -219.110    248.316    252.290    235.700     99.992
           2500.00    -342.812    298.166    303.134    258.378    103.083

                        --------------------------------
                         Zero of energy is set to ZPE
                        --------------------------------

     Total (Translational + Electronic + conformational-rovib.(MS-LH))
     ======================================================================
              T          G          E          H          S          Cp
            100.00      -5.762      1.150      1.349     71.104     19.544
            200.00     -13.728      3.334      3.732     87.299     27.804
            298.15     -22.931      6.281      6.874     99.966     36.495
            300.00     -23.116      6.345      6.941    100.192     36.673
            500.00     -45.514     15.200     16.194    123.414     55.371
            750.00     -79.681     30.830     32.320    149.336     72.458
           1000.00    -119.896     49.969     51.956    171.852     83.898
           1100.00    -137.493     58.339     60.525    180.016     87.392
           1150.00    -146.592     62.649     64.934    183.936     88.954
           1200.00    -155.885     67.034     69.418    187.753     90.406
           1250.00    -165.366     71.489     73.973    191.471     91.756
           1300.00    -175.031     76.009     78.593    195.095     93.013
           1350.00    -184.874     80.590     83.273    198.627     94.182
           1400.00    -194.892     85.227     88.009    202.072     95.271
           1450.00    -205.080     89.917     92.799    205.433     96.287
           1500.00    -215.434     94.656     97.637    208.714     97.234
           1550.00    -225.950     99.441    102.521    211.917     98.119
           1600.00    -236.624    104.268    107.448    215.045     98.945
           1650.00    -247.453    109.136    112.415    218.102     99.718
           1700.00    -258.433    114.041    117.419    221.090    100.442
           1800.00    -280.833    123.953    127.530    226.869    101.755
           1900.00    -303.799    133.989    137.765    232.402    102.912
           2000.00    -327.306    144.134    148.108    237.707    103.934
           2500.00    -452.251    196.107    201.075    261.330    107.594

     Total (Translational + Electronic + conformational-rovib.(MS-T))
     ======================================================================
              T          G          E          H          S          Cp
            100.00      -5.721      1.185      1.383     71.049     20.338
            200.00     -13.717      3.461      3.858     87.878     28.647
            298.15     -22.992      6.468      7.061    100.798     36.875
            300.00     -23.178      6.533      7.129    101.026     37.044
            500.00     -45.748     15.371     16.365    124.225     54.877
            750.00     -80.077     30.777     32.268    149.793     71.201
           1000.00    -120.352     49.521     51.508    171.859     81.995
           1100.00    -137.940     57.688     59.874    179.830     85.237
           1150.00    -147.027     61.887     64.172    183.651     86.675
           1200.00    -156.303     66.155     68.539    187.369     88.005
           1250.00    -165.763     70.487     72.971    190.987     89.235
           1300.00    -175.400     74.878     77.461    194.509     90.374
           1350.00    -185.212     79.324     82.007    197.940     91.428
           1400.00    -195.193     83.821     86.603    201.283     92.406
           1450.00    -205.339     88.365     91.246    204.541     93.313
           1500.00    -215.646     92.952     95.933    207.719     94.155
           1550.00    -226.110     97.580    100.661    210.819     94.937
           1600.00    -236.726    102.246    105.426    213.845     95.666
           1650.00    -247.493    106.947    110.226    216.799     96.344
           1700.00    -258.405    111.681    115.059    219.685     96.976
           1800.00    -280.655    121.238    124.815    225.261     98.117
           1900.00    -303.449    130.902    134.678    230.593     99.115
           2000.00    -326.766    140.660    144.634    235.700     99.992
           2500.00    -450.468    190.510    195.478    258.378    103.083

 ==============================End of MSTor output==============================
