
 *******************************************************************************

   MSTor program version 2013 (2013)

   Jingjing Zheng, Steven L. Mielke, and Donald G. Truhlar

   Department of Chemistry and Supercomputing Institute
   University of Minnesota, Minneapolis, Minnesota, USA

   Copyright 2013
   Donald G. Truhlar and Regents of the University of Minnesota

   Citations: 
   MS-T(U) method
     J. Zheng, T. Yu, E. Papajak, I. M. Alecu, S. L. Mielke, and D. G. Truhlar,
     Phys. Chem. Chem. Phys. 13, 10885-10907 (2011).
   MS-T(C) method
     J. Zheng and D. G. Truhlar, J. Chem. Theory Comput., DOI: 10.1021/ct3010722.
   MSTor program
     J. Zheng, S. L. Mielke, K. L Clarkson, and D. G. Truhlar,
     Comp. Phys. Comm. 183, 1803-1812 (2012).
     J. Zheng, R. Meana-Paneda, and D. G. Truhlar, Comp. Phys. Comm.
     to be published as new version announcement.

 *******************************************************************************

                    Naming conventions for the MS methods
   -----------------------------------------------------------------------------
   Common name        Original or other names
   -----------------------------------------------------------------------------
   MS-LH         =    MS-HO (ref. 1)   =   MS-AS-HO (ref. 2)
   MS-T          =    MS-AS (ref. 1)   =   MS-AS-T  (ref. 2)
   -----------------------------------------------------------------------------
   Ref. 1: J. Zheng, T. Yu, E. Papajak, I. M. Alecu, S. L. Mielke, and
           D. G. Truhlar, Phys. Chem. Chem. Phys. 13, 10885 (2011).
   Ref. 2: T. Yu, J. Zheng, and D. G. Truhlar, Chem. Sci. 2, 2199 (2011)

   Calculation run on 12/31/2021 at 20:29:44  

   Number of structures:             6
   Number of torsions:               6
   Method:                           MS-T(C)
   Frequency scaling factor:         0.964
   Delta T for finite difference:    0.5 K
   Internal coordinates
     Bonds:         01-02  01-18  01-19  01-20  02-03  02-16  02-17  03-04  03-14
     Bonds:         03-15  04-05  04-12  05-06  05-08  06-07  07-09  07-10  07-11
     Bonds:         04-13
     Angles:        01-02-03  02-03-15  03-02-17  03-04-13  04-03-14  04-03-15
     Angles:        04-05-06  04-05-08  05-04-12  05-06-07  06-07-09  06-07-10
     Angles:        09-07-11  12-04-13  16-02-17  18-01-19  18-01-20  19-01-20
     Linear Angles: 
     Dihedrals:     01-03-16-02  02-14-15-03  02-18-19-01  02-19-20-01
     Dihedrals:     03-05-12-04  03-12-13-04  03-16-17-02  04-06-08-05
     Dihedrals:     04-14-15-03  09-10-11-07  06-09-11-07  04-03-02-01
     Dihedrals:     05-04-03-02  06-05-04-03  07-06-05-04  03-02-01-18
     Dihedrals:     05-06-07-09

   All moment output uses units of amu for masses and Angstroms for distances 

                           ==========================
                                Structure   1
                           ==========================

   Normal-mode Frequencies (cm-1) 
   (Overall translation and rotation projected out)
       0.0000i      0.0000i      0.0000i      0.0000       0.0000       0.0000 
      35.8498      73.6864     104.4605     140.3878     174.0084     209.9407 
     243.5354     252.0126     302.5272     360.8465     515.8140     580.2134 
     652.4792     736.9697     837.7560     843.5000     915.5756     935.0577 
    1014.2721    1052.5510    1066.8427    1107.4836    1130.3615    1164.0526 
    1191.3356    1211.0438    1245.4802    1266.8844    1303.2256    1311.7495 
    1384.3856    1394.0856    1399.7581    1433.8862    1454.7960    1460.0396 
    1463.8279    1468.7629    1475.1689    1477.7240    1481.3507    1824.3258 
    2993.6176    2998.8480    3007.0904    3017.9033    3028.3602    3043.3315 
    3058.7488    3068.0199    3078.7572    3084.3275    3112.7161    3146.0506 
   Torsion-projected frequencies/non-torsional frequencies (cm-1)
     209.0778     251.0670     301.5215     360.7216     515.7855     577.8090 
     651.7878     735.7633     837.7307     843.4779     915.5503     935.0270 
    1014.2643    1052.5466    1066.8295    1107.4739    1130.3557    1163.7373 
    1191.3343    1211.0291    1245.4550    1266.8513    1303.2116    1311.6970 
    1384.3848    1394.0849    1399.7551    1433.8752    1454.7957    1460.0394 
    1463.7456    1468.7581    1475.1685    1477.7240    1481.3481    1824.3254 
    2993.6168    2998.8480    3007.0903    3017.9031    3028.3602    3043.3249 
    3058.7465    3068.0186    3078.7540    3084.3273    3112.7072    3146.0506 
   Product of consistently coupled torsional frequencies (in cm-1^ntor)  1.6733E+12
   Primitively coupled torsional frequencies (cm-1) (Not used)
      39.3476      84.5144     109.5413     142.9504     184.6774     246.0504 
   Product of primitively coupled torsional frequencies (in cm-1^ntor)   2.3662E+12
   Effective coupled torsional barrier (kcal/mol)
        1.109        1.572        2.776        4.437        8.859        9.068 

   D matrix: 
   m-n        1             2             3             4             5
    1   2.192533E+01 -2.389494E+00 -3.517976E+00 -1.116995E+00  1.433644E+00
    2  -2.389494E+00  2.283129E+01  7.294172E+00  4.815638E+00  2.174110E+00
    3  -3.517976E+00  7.294172E+00  4.292709E+01 -1.258834E+01  4.653739E-01
    4  -1.116995E+00  4.815638E+00 -1.258834E+01  1.746673E+01  4.089207E-01
    5   1.433644E+00  2.174110E+00  4.653739E-01  4.089207E-01  3.024541E+00
    6  -3.098791E-01  8.734555E-01  2.286197E+00  1.404998E+00  6.569997E-02
   m-n        6
    1  -3.098791E-01
    2   8.734555E-01
    3   2.286197E+00
    4   1.404998E+00
    5   6.569997E-02
    6   3.111451E+00

   Eigenvalues of D matrix:
     4.9561E+01    2.7078E+01    2.0651E+01    8.8418E+00    2.6408E+00    2.5134E+00
   Determinant of D matrix  1.237596E+029

          Uncoupled force constants (au), Pitzer moment of inertia (amu A^2),
   uncoupled torsional frequencies (cm-1), and uncoupled torsional barrier (kcal/mol)
   --------------------------------------------------------------------------------
   Torsion               1             2             3             4             5
   Force constant   2.18589E-02  4.15801E-02  1.08283E-02  4.46493E-02  2.08061E-02
   Moment          21.925       22.831       42.927       17.467        3.025
   Tor. Freq.        85.891      116.087       43.204      137.533      225.617
   Rot. barrier       4.371        8.315        2.165        8.929        2.901
   M_j,tau            2.505        2.505        2.505        2.505        3.000

   Torsion               6
   Force constant   8.17352E-03
   Moment           3.111
   Tor. Freq.       139.421
   Rot. barrier       1.140
   M_j,tau            3.000
   --------------------------------------------------------------------------------
   Potential Energy =   0.000 kcal/mol
   Weight =  2
   Overall rotational symmetry number =   1

                           ==========================
                                Structure   2
                           ==========================

   Normal-mode Frequencies (cm-1) 
   (Overall translation and rotation projected out)
       0.0000i      0.0000       0.0000       0.0000       0.0000       0.0001 
      29.3097      67.8256     103.2197     117.2406     137.4356     175.6137 
     241.8292     254.0100     304.5467     342.9951     482.3608     577.6879 
     698.9692     718.0851     790.3404     892.7990     920.2083     923.9863 
    1026.9703    1057.8348    1078.7438    1111.9010    1130.0865    1164.0582 
    1190.6914    1211.8145    1222.7235    1287.9878    1289.4292    1304.0102 
    1365.4232    1396.4413    1410.8224    1435.6149    1458.9601    1463.5680 
    1464.0067    1471.1618    1474.7736    1478.0222    1484.4682    1827.6333 
    2988.6759    3000.7831    3010.0966    3017.2821    3022.9521    3028.0457 
    3047.3763    3067.7430    3078.7198    3084.7441    3112.2966    3145.3317 
   Torsion-projected frequencies/non-torsional frequencies (cm-1)
     103.2197     254.0100     304.5467     342.9951     482.3608     574.7130 
     698.9692     716.2904     790.1913     892.7990     920.0387     923.9863 
    1026.9703    1057.8348    1078.7438    1111.8708    1130.0865    1163.7570 
    1190.6914    1211.7821    1222.7235    1287.9429    1289.4292    1303.9806 
    1365.4232    1396.4413    1410.8224    1435.6149    1458.9601    1463.4829 
    1464.0067    1471.1618    1474.7709    1478.0222    1484.4682    1827.6333 
    2988.6759    3000.7831    3010.0966    3017.2821    3022.9514    3028.0457 
    3047.3725    3067.7421    3078.7187    3084.7441    3112.2876    3145.3317 
   Product of consistently coupled torsional frequencies (in cm-1^ntor)  1.3719E+12
   Primitively coupled torsional frequencies (cm-1) (Not used)
      33.8572      74.1246     121.8968     139.7514     183.9816     245.9250 
   Product of primitively coupled torsional frequencies (in cm-1^ntor)   1.9344E+12
   Effective coupled torsional barrier (kcal/mol)
        0.737        1.089        2.534        2.872        3.958        7.348 

   D matrix: 
   m-n        1             2             3             4             5
    1   1.938864E+01 -3.949177E+00  1.521278E+01 -5.240665E+00  9.482525E-01
    2  -3.949177E+00  2.077649E+01 -4.295204E+00  8.270964E+00  2.226706E+00
    3   1.521278E+01 -4.295204E+00  2.946916E+01 -1.218500E+01  1.197413E+00
    4  -5.240665E+00  8.270964E+00 -1.218500E+01  1.818163E+01  2.488802E-01
    5   9.482525E-01  2.226706E+00  1.197413E+00  2.488802E-01  3.008614E+00
    6   7.393604E-01  2.574634E-01  1.339857E+00  1.485692E+00  1.064134E-01
   m-n        6
    1   7.393604E-01
    2   2.574634E-01
    3   1.339857E+00
    4   1.485692E+00
    5   1.064134E-01
    6   3.048632E+00

   Eigenvalues of D matrix:
     4.9182E+01    2.1329E+01    1.1836E+01    6.4665E+00    2.4629E+00    2.5960E+00
   Determinant of D matrix  3.906345E+028

          Uncoupled force constants (au), Pitzer moment of inertia (amu A^2),
   uncoupled torsional frequencies (cm-1), and uncoupled torsional barrier (kcal/mol)
   --------------------------------------------------------------------------------
   Torsion               1             2             3             4             5
   Force constant   2.23964E-02  1.65579E-02  5.14978E-03  4.38253E-02  2.06856E-02
   Moment          19.389       20.776       29.469       18.182        3.009
   Tor. Freq.        92.453       76.793       35.960      133.552      225.557
   Rot. barrier       3.701        2.736        0.851        7.243        2.885
   M_j,tau            2.756        2.756        2.756        2.756        3.000

   Torsion               6
   Force constant   8.03709E-03
   Moment           3.049
   Tor. Freq.       139.670
   Rot. barrier       1.121
   M_j,tau            3.000
   --------------------------------------------------------------------------------
   Potential Energy =   0.146 kcal/mol
   Weight =  1
   Overall rotational symmetry number =   1

                           ==========================
                                Structure   3
                           ==========================

   Normal-mode Frequencies (cm-1) 
   (Overall translation and rotation projected out)
       0.0000i      0.0000i      0.0000i      0.0000       0.0000       0.0000 
      33.0974      51.3450     117.4248     142.8053     175.6570     193.2380 
     261.5274     275.3945     346.2437     391.4170     478.4639     582.1214 
     656.1636     747.1947     826.6626     846.2197     914.3824     944.6212 
     978.2172    1051.0755    1071.3879    1094.7823    1133.0099    1164.1050 
    1188.8155    1195.3670    1236.6222    1263.6131    1299.4774    1347.4633 
    1374.4995    1394.4497    1399.7381    1436.4019    1452.7557    1460.2245 
    1463.7548    1469.5865    1477.6735    1478.3724    1484.0396    1823.9126 
    2998.7093    3006.8346    3012.3839    3021.8164    3028.1760    3051.9311 
    3062.1259    3076.6160    3079.3365    3083.8477    3112.4881    3145.7881 
   Torsion-projected frequencies/non-torsional frequencies (cm-1)
     190.6885     274.5590     344.5906     390.9137     477.4310     579.7218 
     656.0694     746.5824     826.6314     846.1243     914.3253     944.5954 
     978.1567    1051.0629    1071.3464    1094.7620    1133.0056    1163.7857 
    1188.8094    1195.3608    1236.5904    1263.5974    1299.4505    1347.4599 
    1374.4985    1394.4386    1399.7329    1436.3598    1452.7475    1460.2238 
    1463.6722    1469.5720    1477.6722    1478.3308    1484.0341    1823.9124 
    2998.7074    3006.8345    3012.3810    3021.8144    3028.1760    3051.9275 
    3062.1248    3076.6142    3079.3354    3083.8447    3112.4792    3145.7881 
   Product of consistently coupled torsional frequencies (in cm-1^ntor)  1.3497E+12
   Primitively coupled torsional frequencies (cm-1) (Not used)
      35.4924      56.1838     128.3655     146.5775     186.2706     265.1181 
   Product of primitively coupled torsional frequencies (in cm-1^ntor)   1.8529E+12
   Effective coupled torsional barrier (kcal/mol)
        1.122        1.448        2.134        4.773        9.025        9.297 

   D matrix: 
   m-n        1             2             3             4             5
    1   2.652816E+01  2.130129E+01 -7.154439E+00  5.926516E+00  1.363554E+00
    2   2.130129E+01  4.352644E+01  7.033059E+00  9.593592E+00 -3.235839E-01
    3  -7.154439E+00  7.033059E+00  4.066920E+01 -1.111059E+01  6.115066E-01
    4   5.926516E+00  9.593592E+00 -1.111059E+01  1.803350E+01 -2.994859E-01
    5   1.363554E+00 -3.235839E-01  6.115066E-01 -2.994859E-01  3.075831E+00
    6  -5.507556E-02  1.224426E+00  2.206325E+00  1.562138E+00  2.465855E-02
   m-n        6
    1  -5.507556E-02
    2   1.224426E+00
    3   2.206325E+00
    4   1.562138E+00
    5   2.465855E-02
    6   3.116313E+00

   Eigenvalues of D matrix:
     6.1020E+01    4.7271E+01    1.4447E+01    6.9823E+00    2.7570E+00    2.4723E+00
   Determinant of D matrix  1.509151E+029

          Uncoupled force constants (au), Pitzer moment of inertia (amu A^2),
   uncoupled torsional frequencies (cm-1), and uncoupled torsional barrier (kcal/mol)
   --------------------------------------------------------------------------------
   Torsion               1             2             3             4             5
   Force constant   2.30481E-02  3.83311E-02  1.05024E-02  4.49521E-02  2.03969E-02
   Moment          26.528       43.526       40.669       18.034        3.076
   Tor. Freq.        80.181       80.724       43.714      135.813      221.516
   Rot. barrier       4.695        7.808        2.139        9.157        2.844
   M_j,tau            2.482        2.482        2.482        2.482        3.000

   Torsion               6
   Force constant   8.28057E-03
   Moment           3.116
   Tor. Freq.       140.222
   Rot. barrier       1.155
   M_j,tau            3.000
   --------------------------------------------------------------------------------
   Potential Energy =   0.687 kcal/mol
   Weight =  2
   Overall rotational symmetry number =   1

                           ==========================
                                Structure   4
                           ==========================

   Normal-mode Frequencies (cm-1) 
   (Overall translation and rotation projected out)
       0.0000i      0.0000i      0.0000       0.0000       0.0000       0.0001 
      25.9743      58.5762     104.8540     137.8060     140.0924     173.8570 
     235.9612     278.5735     309.7237     414.2723     438.1639     578.8777 
     696.1840     742.5430     786.8974     879.8342     918.0718     934.7472 
     983.4631    1054.4390    1086.8068    1110.3966    1126.5733    1164.1879 
    1191.1304    1200.9386    1227.8657    1276.8313    1296.2219    1335.9697 
    1356.5926    1397.1037    1407.3945    1436.5487    1458.0544    1463.4925 
    1463.8681    1468.1719    1477.5688    1478.3356    1483.2974    1826.3514 
    2995.4707    3000.5409    3010.6546    3018.2649    3027.7456    3041.4343 
    3053.8612    3073.6581    3078.1652    3084.3379    3111.8595    3145.0985 
   Torsion-projected frequencies/non-torsional frequencies (cm-1)
     156.9718     264.9837     308.9969     413.7107     437.2987     575.4075 
     696.0826     742.1346     786.4243     879.8109     918.0623     934.6287 
     983.3328    1054.3912    1086.8046    1110.3559    1126.5698    1163.8908 
    1191.1263    1200.9285    1227.8491    1276.7729    1296.1731    1335.9613 
    1356.5845    1397.1018    1407.3913    1436.5480    1458.0537    1463.4120 
    1463.8597    1468.1695    1477.5650    1478.3344    1483.2925    1826.3513 
    2995.4706    3000.5392    3010.6532    3018.2647    3027.7456    3041.4340 
    3053.8562    3073.6568    3078.1640    3084.3364    3111.8505    3145.0985 
   Product of consistently coupled torsional frequencies (in cm-1^ntor)  8.5797E+11
   Primitively coupled torsional frequencies (cm-1) (Not used)
      31.6797      60.2825     119.2799     140.2579     183.0335     244.4860 
   Product of primitively coupled torsional frequencies (in cm-1^ntor)   1.4297E+12
   Effective coupled torsional barrier (kcal/mol)
        0.681        1.102        2.205        2.526        5.115        7.257 

   D matrix: 
   m-n        1             2             3             4             5
    1   1.850846E+01  6.854167E+00  1.225436E+01 -5.490969E-01  1.261628E+00
    2   6.854167E+00  3.324343E+01  4.731837E+00  9.550188E+00 -4.589419E-01
    3   1.225436E+01  4.731837E+00  2.645701E+01 -8.370797E+00  8.384355E-01
    4  -5.490969E-01  9.550188E+00 -8.370797E+00  1.748991E+01 -2.887028E-01
    5   1.261628E+00 -4.589419E-01  8.384355E-01 -2.887028E-01  3.077644E+00
    6   8.441121E-01  1.008011E+00  1.384759E+00  1.717814E+00  3.973090E-02
   m-n        6
    1   8.441121E-01
    2   1.008011E+00
    3   1.384759E+00
    4   1.717814E+00
    5   3.973090E-02
    6   3.068011E+00

   Eigenvalues of D matrix:
     4.2554E+01    3.5262E+01    1.1623E+01    6.9965E+00    2.9354E+00    2.4737E+00
   Determinant of D matrix  6.741992E+028

          Uncoupled force constants (au), Pitzer moment of inertia (amu A^2),
   uncoupled torsional frequencies (cm-1), and uncoupled torsional barrier (kcal/mol)
   --------------------------------------------------------------------------------
   Torsion               1             2             3             4             5
   Force constant   2.47982E-02  1.68334E-02  4.88711E-03  4.36188E-02  2.12953E-02
   Moment          18.508       33.243       26.457       17.490        3.078
   Tor. Freq.        99.570       61.212       36.971      135.846      226.276
   Rot. barrier       4.067        2.761        0.802        7.154        2.970
   M_j,tau            2.766        2.766        2.766        2.766        3.000

   Torsion               6
   Force constant   8.13281E-03
   Moment           3.068
   Tor. Freq.       140.055
   Rot. barrier       1.134
   M_j,tau            3.000
   --------------------------------------------------------------------------------
   Potential Energy =   0.728 kcal/mol
   Weight =  2
   Overall rotational symmetry number =   1

                           ==========================
                                Structure   5
                           ==========================

   Normal-mode Frequencies (cm-1) 
   (Overall translation and rotation projected out)
       0.0001i      0.0000i      0.0000i      0.0000i      0.0000i      0.0000 
      36.6227      69.2932      90.3661     139.8108     178.7835     203.4907 
     244.6905     257.0324     308.6509     381.4161     504.5984     601.3936 
     660.6443     740.7369     838.5146     849.1175     883.4531     937.5362 
    1007.6703    1050.7734    1075.2591    1112.6810    1128.4866    1164.3796 
    1194.1779    1209.8808    1246.2898    1286.6074    1305.6165    1324.6690 
    1357.8056    1387.3166    1397.8124    1441.4545    1453.8097    1462.7800 
    1463.5592    1467.0676    1475.0515    1477.6472    1481.2284    1825.9702 
    2993.9737    2999.6953    3009.2588    3021.9229    3027.9314    3030.8781 
    3060.8961    3077.3141    3085.1025    3090.2000    3112.2207    3145.0712 
   Torsion-projected frequencies/non-torsional frequencies (cm-1)
     200.8656     255.1130     306.6721     381.0359     503.4485     600.9187 
     659.3245     739.6517     838.4771     849.1046     883.4218     937.4955 
    1007.6464    1050.7672    1075.2546    1112.6566    1128.4770    1164.0615 
    1194.1761    1209.8532    1246.2445    1286.6050    1305.5585    1324.6576 
    1357.7927    1387.3164    1397.8106    1441.4185    1453.8084    1462.7095 
    1463.5369    1467.0617    1475.0502    1477.6470    1481.2264    1825.9701 
    2993.9731    2999.6953    3009.2584    3021.9227    3027.9314    3030.8763 
    3060.8952    3077.3123    3085.1025    3090.1992    3112.2115    3145.0712 
   Product of consistently coupled torsional frequencies (in cm-1^ntor)  1.4528E+12
   Primitively coupled torsional frequencies (cm-1) (Not used)
      45.9059      90.6299      99.2136     143.6692     188.2420     245.1610 
   Product of primitively coupled torsional frequencies (in cm-1^ntor)   2.7368E+12
   Effective coupled torsional barrier (kcal/mol)
        1.121        2.190        2.797        4.956        8.182        9.695 

   D matrix: 
   m-n        1             2             3             4             5
    1   2.254382E+01 -4.635681E+00 -9.594482E+00  5.601894E+00  1.333296E+00
    2  -4.635681E+00  2.941718E+01  1.955186E+01 -1.135176E+01  2.569133E+00
    3  -9.594482E+00  1.955186E+01  4.083014E+01 -9.254596E+00  9.807398E-01
    4   5.601894E+00 -1.135176E+01 -9.254596E+00  1.744552E+01 -5.289815E-01
    5   1.333296E+00  2.569133E+00  9.807398E-01 -5.289815E-01  3.059254E+00
    6  -2.745311E-01  6.020479E-01  2.298169E+00  1.678176E+00  3.696507E-02
   m-n        6
    1  -2.745311E-01
    2   6.020479E-01
    3   2.298169E+00
    4   1.678176E+00
    5   3.696507E-02
    6   3.129024E+00

   Eigenvalues of D matrix:
     6.3661E+01    2.0521E+01    1.7450E+01    9.5932E+00    2.6448E+00    2.5544E+00
   Determinant of D matrix  1.124265E+029

          Uncoupled force constants (au), Pitzer moment of inertia (amu A^2),
   uncoupled torsional frequencies (cm-1), and uncoupled torsional barrier (kcal/mol)
   --------------------------------------------------------------------------------
   Torsion               1             2             3             4             5
   Force constant   2.28383E-02  3.60877E-02  1.27288E-02  4.52610E-02  2.06520E-02
   Moment          22.544       29.417       40.830       17.446        3.059
   Tor. Freq.        86.581       95.276       48.030      138.556      223.501
   Rot. barrier       4.865        7.688        2.712        9.642        2.880
   M_j,tau            2.427        2.427        2.427        2.427        3.000

   Torsion               6
   Force constant   8.27954E-03
   Moment           3.129
   Tor. Freq.       139.928
   Rot. barrier       1.155
   M_j,tau            3.000
   --------------------------------------------------------------------------------
   Potential Energy =   0.822 kcal/mol
   Weight =  2
   Overall rotational symmetry number =   1

                           ==========================
                                Structure   6
                           ==========================

   Normal-mode Frequencies (cm-1) 
   (Overall translation and rotation projected out)
       0.0000i      0.0000i      0.0000i      0.0000       0.0000       0.0000 
      23.6561      73.5055      91.1126     116.5430     140.8451     188.8301 
     238.4492     258.6273     307.7280     365.9248     436.8817     645.8340 
     717.7611     733.4521     787.6049     878.4985     903.2258     928.9420 
    1029.5674    1060.1709    1073.0519    1116.5654    1124.8479    1164.2191 
    1193.9935    1210.8656    1247.0413    1281.2706    1307.3666    1320.5382 
    1346.6022    1388.8415    1396.8579    1447.5541    1457.5780    1463.1979 
    1465.7274    1473.4093    1474.8839    1477.6637    1484.5386    1827.1767 
    2992.2375    3000.4119    3003.1666    3019.9267    3028.0947    3028.7207 
    3057.9419    3078.4740    3085.5696    3096.3445    3112.4420    3145.2111 
   Torsion-projected frequencies/non-torsional frequencies (cm-1)
     149.7362     254.8244     306.7268     365.1770     436.0298     645.3112 
     716.4531     732.6160     787.4491     878.4846     903.2164     928.8823 
    1029.5648    1060.1581    1073.0510    1116.5260    1124.8368    1163.9568 
    1193.9918    1210.8466    1247.0269    1281.2221    1307.3180    1320.5289 
    1346.5874    1388.8384    1396.8579    1447.5096    1457.5755    1463.1149 
    1465.7210    1473.4062    1474.8827    1477.6637    1484.5370    1827.1765 
    2992.2375    3000.4119    3003.1666    3019.9252    3028.0946    3028.7205 
    3057.9396    3078.4725    3085.5696    3096.3443    3112.4330    3145.2111 
   Product of consistently coupled torsional frequencies (in cm-1^ntor)  8.0312E+11
   Primitively coupled torsional frequencies (cm-1) (Not used)
      38.8147      79.9714     119.6264     137.7727     162.8468     244.4854 
   Product of primitively coupled torsional frequencies (in cm-1^ntor)   2.0368E+12
   Effective coupled torsional barrier (kcal/mol)
        0.990        1.115        2.684        3.466        4.526        8.251 

   D matrix: 
   m-n        1             2             3             4             5
    1   1.814794E+01 -1.911133E+00  1.267751E+01 -2.468392E+00  1.047125E+00
    2  -1.911133E+00  2.288598E+01 -1.474797E+00 -2.597407E+00  2.618586E+00
    3   1.267751E+01 -1.474797E+00  2.541448E+01 -4.271899E+00  1.295231E+00
    4  -2.468392E+00 -2.597407E+00 -4.271899E+00  1.586288E+01 -5.373092E-01
    5   1.047125E+00  2.618586E+00  1.295231E+00 -5.373092E-01  3.058006E+00
    6   7.632379E-01 -2.855438E-01  1.548355E+00  1.917950E+00  5.691403E-02
   m-n        6
    1   7.632379E-01
    2  -2.855438E-01
    3   1.548355E+00
    4   1.917950E+00
    5   5.691403E-02
    6   3.091580E+00

   Eigenvalues of D matrix:
     3.6469E+01    2.4133E+01    1.4102E+01    8.5713E+00    2.6113E+00    2.5744E+00
   Determinant of D matrix  5.441868E+028

          Uncoupled force constants (au), Pitzer moment of inertia (amu A^2),
   uncoupled torsional frequencies (cm-1), and uncoupled torsional barrier (kcal/mol)
   --------------------------------------------------------------------------------
   Torsion               1             2             3             4             5
   Force constant   2.21908E-02  2.07071E-02  5.76655E-03  4.49490E-02  2.05713E-02
   Moment          18.148       22.886       25.414       15.863        3.058
   Tor. Freq.        95.121       81.824       40.975      144.802      223.109
   Rot. barrier       4.033        3.763        1.048        8.169        2.869
   M_j,tau            2.628        2.628        2.628        2.628        3.000

   Torsion               6
   Force constant   8.24594E-03
   Moment           3.092
   Tor. Freq.       140.487
   Rot. barrier       1.150
   M_j,tau            3.000
   --------------------------------------------------------------------------------
   Potential Energy =   0.995 kcal/mol
   Weight =  2
   Overall rotational symmetry number =   1

       List of zero-point inclusive energy (kcal/mol) for each structure
      ------------------------------------------------------------------
        Structure            Energy (T = 0 K)
      ------------------------------------------------------------------
          1                    109.13
          2                    109.06
          3                    109.91
          4                    109.76
          5                    110.01
          6                    110.10
      ZPE of the system =      109.06


     Note: The following SS-HO and SS-T include the Rot. P.F. and Boltzmann factor,
           but are calculated with weight = 1 for each structure. Weights are
           counted in MS partition functions. Zero of energy is set to the potential
           energy of global minimum.

            Partition function of structure    1
     ================================================================
          T(K)      Rot.          SS-HO           SS-T     SS-T/SS-HO
        100.00    8.3405E+004   1.8713E-233   1.5207E-233    0.813
        200.00    2.3590E+005   1.4415E-112   1.3911E-112    0.965
        298.15    4.2938E+005   5.9589E-072   6.5468E-072    1.099
        300.00    4.3338E+005   1.9620E-071   2.1598E-071    1.101
        500.00    9.3250E+005   3.6593E-037   4.6092E-037    1.260
        750.00    1.7131E+006   2.0703E-018   2.7026E-018    1.305
       1000.00    2.6375E+006   8.1512E-008   1.0311E-007    1.265
       1100.00    3.0429E+006   1.2046E-004   1.4891E-004    1.236
       1150.00    3.2527E+006   3.2545E-003   3.9710E-003    1.220
       1200.00    3.4671E+006   7.2091E-002   8.6742E-002    1.203
       1250.00    3.6860E+006   1.3385E+000   1.5868E+000    1.186
       1300.00    3.9094E+006   2.1221E+001   2.4770E+001    1.167
       1350.00    4.1371E+006   2.9196E+002   3.3528E+002    1.148
       1400.00    4.3690E+006   3.5335E+003   3.9900E+003    1.129
       1450.00    4.6052E+006   3.8073E+004   4.2248E+004    1.110
       1500.00    4.8454E+006   3.6901E+005   4.0220E+005    1.090
       1550.00    5.0897E+006   3.2465E+006   3.4740E+006    1.070
       1600.00    5.3379E+006   2.6134E+007   2.7444E+007    1.050
       1650.00    5.5901E+006   1.9386E+008   1.9970E+008    1.030
       1700.00    5.8461E+006   1.3334E+009   1.3470E+009    1.010
       1800.00    6.3694E+006   5.1397E+010   4.9886E+010    0.971
       1900.00    6.9075E+006   1.5547E+012   1.4483E+012    0.932
       2000.00    7.4600E+006   3.8059E+013   3.4001E+013    0.893
       2500.00    1.0426E+007   2.9746E+019   2.1408E+019    0.720

            Partition function of structure    2
     ================================================================
          T(K)      Rot.          SS-HO           SS-T     SS-T/SS-HO
        100.00    8.3615E+004   3.7375E-233   3.2976E-233    0.882
        200.00    2.3650E+005   3.0425E-112   3.2926E-112    1.082
        298.15    4.3047E+005   1.3236E-071   1.6023E-071    1.211
        300.00    4.3448E+005   4.3613E-071   5.2879E-071    1.212
        500.00    9.3485E+005   8.5992E-037   1.1359E-036    1.321
        750.00    1.7174E+006   5.0221E-018   6.4304E-018    1.280
       1000.00    2.6442E+006   2.0107E-007   2.3149E-007    1.151
       1100.00    3.0505E+006   2.9855E-004   3.2572E-004    1.091
       1150.00    3.2609E+006   8.0827E-003   8.5708E-003    1.060
       1200.00    3.4758E+006   1.7939E-001   1.8473E-001    1.030
       1250.00    3.6953E+006   3.3365E+000   3.3342E+000    0.999
       1300.00    3.9192E+006   5.2988E+001   5.1354E+001    0.969
       1350.00    4.1475E+006   7.3011E+002   6.8591E+002    0.939
       1400.00    4.3800E+006   8.8492E+003   8.0551E+003    0.910
       1450.00    4.6168E+006   9.5476E+004   8.4179E+004    0.882
       1500.00    4.8576E+006   9.2655E+005   7.9104E+005    0.854
       1550.00    5.1025E+006   8.1614E+006   6.7456E+006    0.827
       1600.00    5.3514E+006   6.5774E+007   5.2621E+007    0.800
       1650.00    5.6042E+006   4.8842E+008   3.7818E+008    0.774
       1700.00    5.8608E+006   3.3628E+009   2.5198E+009    0.749
       1800.00    6.3855E+006   1.2987E+011   9.1125E+010    0.702
       1900.00    6.9250E+006   3.9349E+012   2.5857E+012    0.657
       2000.00    7.4788E+006   9.6474E+013   5.9385E+013    0.616
       2500.00    1.0452E+007   7.5854E+019   3.3947E+019    0.448

            Partition function of structure    3
     ================================================================
          T(K)      Rot.          SS-HO           SS-T     SS-T/SS-HO
        100.00    8.2197E+004   4.4693E-235   3.7738E-235    0.844
        200.00    2.3249E+005   2.4305E-113   2.4722E-113    1.017
        298.15    4.2316E+005   1.8706E-072   2.1806E-072    1.166
        300.00    4.2711E+005   6.2070E-072   7.2500E-072    1.168
        500.00    9.1899E+005   1.8999E-037   2.5009E-037    1.316
        750.00    1.6883E+006   1.3757E-018   1.8202E-018    1.323
       1000.00    2.5993E+006   6.1262E-008   7.6685E-008    1.252
       1100.00    2.9988E+006   9.3620E-005   1.1368E-004    1.214
       1150.00    3.2055E+006   2.5664E-003   3.0655E-003    1.194
       1200.00    3.4169E+006   5.7614E-002   6.7651E-002    1.174
       1250.00    3.6326E+006   1.0829E+000   1.2492E+000    1.154
       1300.00    3.8527E+006   1.7364E+001   1.9669E+001    1.133
       1350.00    4.0771E+006   2.4140E+002   2.6836E+002    1.112
       1400.00    4.3057E+006   2.9501E+003   3.2172E+003    1.091
       1450.00    4.5384E+006   3.2074E+004   3.4300E+004    1.069
       1500.00    4.7752E+006   3.1349E+005   3.2863E+005    1.048
       1550.00    5.0159E+006   2.7798E+006   2.8555E+006    1.027
       1600.00    5.2606E+006   2.2543E+007   2.2685E+007    1.006
       1650.00    5.5091E+006   1.6838E+008   1.6594E+008    0.986
       1700.00    5.7614E+006   1.1657E+009   1.1249E+009    0.965
       1800.00    6.2772E+006   4.5471E+010   4.2038E+010    0.925
       1900.00    6.8075E+006   1.3901E+012   1.2305E+012    0.885
       2000.00    7.3519E+006   3.4356E+013   2.9101E+013    0.847
       2500.00    1.0275E+007   2.7840E+019   1.8847E+019    0.677

            Partition function of structure    4
     ================================================================
          T(K)      Rot.          SS-HO           SS-T     SS-T/SS-HO
        100.00    8.6841E+004   1.3212E-234   9.9722E-235    0.755
        200.00    2.4562E+005   5.8468E-113   5.4154E-113    0.926
        298.15    4.4707E+005   4.3516E-072   4.4936E-072    1.033
        300.00    4.5124E+005   1.4435E-071   1.4927E-071    1.034
        500.00    9.7091E+005   4.3601E-037   4.8019E-037    1.101
        750.00    1.7837E+006   3.1460E-018   3.2684E-018    1.039
       1000.00    2.7462E+006   1.3995E-007   1.2882E-007    0.920
       1100.00    3.1682E+006   2.1383E-004   1.8589E-004    0.869
       1150.00    3.3867E+006   5.8615E-003   4.9460E-003    0.844
       1200.00    3.6099E+006   1.3158E-001   1.0770E-001    0.819
       1250.00    3.8379E+006   2.4730E+000   1.9625E+000    0.794
       1300.00    4.0704E+006   3.9655E+001   3.0495E+001    0.769
       1350.00    4.3075E+006   5.5129E+002   4.1067E+002    0.745
       1400.00    4.5490E+006   6.7373E+003   4.8602E+003    0.721
       1450.00    4.7949E+006   7.3252E+004   5.1160E+004    0.698
       1500.00    5.0450E+006   7.1599E+005   4.8403E+005    0.676
       1550.00    5.2993E+006   6.3491E+006   4.1541E+006    0.654
       1600.00    5.5578E+006   5.1490E+007   3.2602E+007    0.633
       1650.00    5.8204E+006   3.8461E+008   2.3565E+008    0.613
       1700.00    6.0869E+006   2.6628E+009   1.5786E+009    0.593
       1800.00    6.6318E+006   1.0388E+011   5.7663E+010    0.555
       1900.00    7.1921E+006   3.1761E+012   1.6511E+012    0.520
       2000.00    7.7673E+006   7.8505E+013   3.8232E+013    0.487
       2500.00    1.0855E+007   6.3653E+019   2.2566E+019    0.355

            Partition function of structure    5
     ================================================================
          T(K)      Rot.          SS-HO           SS-T     SS-T/SS-HO
        100.00    8.7240E+004   2.4925E-235   1.4986E-235    0.601
        200.00    2.4675E+005   1.8155E-113   1.2698E-113    0.699
        298.15    4.4912E+005   1.5608E-072   1.2355E-072    0.792
        300.00    4.5331E+005   5.1862E-072   4.1137E-072    0.793
        500.00    9.7537E+005   1.7395E-037   1.6092E-037    0.925
        750.00    1.7919E+006   1.3158E-018   1.3053E-018    0.992
       1000.00    2.7588E+006   5.9840E-008   5.9246E-008    0.990
       1100.00    3.1828E+006   9.1964E-005   8.9887E-005    0.977
       1150.00    3.4022E+006   2.5272E-003   2.4496E-003    0.969
       1200.00    3.6265E+006   5.6860E-002   5.4591E-002    0.960
       1250.00    3.8555E+006   1.0709E+000   1.0174E+000    0.950
       1300.00    4.0891E+006   1.7205E+001   1.6158E+001    0.939
       1350.00    4.3273E+006   2.3960E+002   2.2227E+002    0.928
       1400.00    4.5699E+006   2.9329E+003   2.6852E+003    0.916
       1450.00    4.8169E+006   3.1936E+004   2.8836E+004    0.903
       1500.00    5.0682E+006   3.1258E+005   2.7816E+005    0.890
       1550.00    5.3237E+006   2.7755E+006   2.4327E+006    0.877
       1600.00    5.5833E+006   2.2536E+007   1.9445E+007    0.863
       1650.00    5.8471E+006   1.6852E+008   1.4307E+008    0.849
       1700.00    6.1149E+006   1.1680E+009   9.7513E+008    0.835
       1800.00    6.6623E+006   4.5651E+010   3.6816E+010    0.806
       1900.00    7.2251E+006   1.3982E+012   1.0876E+012    0.778
       2000.00    7.8030E+006   3.4612E+013   2.5939E+013    0.749
       2500.00    1.0905E+007   2.8223E+019   1.7356E+019    0.615

            Partition function of structure    6
     ================================================================
          T(K)      Rot.          SS-HO           SS-T     SS-T/SS-HO
        100.00    9.5230E+004   2.7479E-235   1.2970E-235    0.472
        200.00    2.6935E+005   3.0117E-113   1.7410E-113    0.578
        298.15    4.9026E+005   3.0460E-072   1.9998E-072    0.657
        300.00    4.9483E+005   1.0143E-071   6.6713E-072    0.658
        500.00    1.0647E+006   3.9076E-037   2.8837E-037    0.738
        750.00    1.9560E+006   3.1646E-018   2.3513E-018    0.743
       1000.00    3.0114E+006   1.4874E-007   1.0300E-007    0.692
       1100.00    3.4743E+006   2.3061E-004   1.5335E-004    0.665
       1150.00    3.7138E+006   6.3614E-003   4.1376E-003    0.650
       1200.00    3.9586E+006   1.4362E-001   9.1279E-002    0.636
       1250.00    4.2086E+006   2.7136E+000   1.6837E+000    0.620
       1300.00    4.4636E+006   4.3724E+001   2.6464E+001    0.605
       1350.00    4.7236E+006   6.1057E+002   3.6024E+002    0.590
       1400.00    4.9884E+006   7.4926E+003   4.3069E+003    0.575
       1450.00    5.2580E+006   8.1776E+004   4.5772E+004    0.560
       1500.00    5.5323E+006   8.0215E+005   4.3701E+005    0.545
       1550.00    5.8113E+006   7.1367E+006   3.7829E+006    0.530
       1600.00    6.0947E+006   5.8057E+007   2.9932E+007    0.516
       1650.00    6.3826E+006   4.3492E+008   2.1804E+008    0.501
       1700.00    6.6749E+006   3.0193E+009   1.4715E+009    0.487
       1800.00    7.2725E+006   1.1837E+011   5.4496E+010    0.460
       1900.00    7.8868E+006   3.6352E+012   1.5802E+012    0.435
       2000.00    8.5176E+006   9.0209E+013   3.7017E+013    0.410
       2500.00    1.1904E+007   7.4235E+019   2.2880E+019    0.308

     ================================================================
              Partition Functions Including All Structures
        -----------------------------------------------------------
        Zero of energy is set to potential energy of global minimum
        -----------------------------------------------------------
        T(K)    Elec.        Trans.              Con-rovib
                                            MS-LH    or     MS-T
        100.00  1.0000E+000  3.2453E+006  7.9386E-233  6.6698E-233
        200.00  1.0000E+000  1.8358E+007  8.5464E-112  8.2545E-112
        298.15  1.0000E+000  4.9814E+007  4.6811E-071  4.8936E-071
        300.00  1.0000E+000  5.0590E+007  1.5479E-070  1.6200E-070
        500.00  1.0000E+000  1.8142E+008  3.9732E-036  4.4169E-036
        750.00  1.0000E+000  4.9993E+008  2.7167E-017  2.9326E-017
       1000.00  1.0000E+000  1.0263E+009  1.1837E-006  1.1732E-006
       1100.00  1.0000E+000  1.3024E+009  1.7995E-003  1.7091E-003
       1150.00  1.0000E+000  1.4555E+009  4.9225E-002  4.5710E-002
       1200.00  1.0000E+000  1.6189E+009  1.1029E+000  1.0007E+000
       1250.00  1.0000E+000  1.7928E+009  2.0694E+001  1.8333E+001
       1300.00  1.0000E+000  1.9775E+009  3.3133E+002  2.8646E+002
       1350.00  1.0000E+000  2.1732E+009  4.5997E+003  3.8795E+003
       1400.00  1.0000E+000  2.3800E+009  5.6142E+004  4.6174E+004
       1450.00  1.0000E+000  2.5982E+009  6.0970E+005  4.8881E+005
       1500.00  1.0000E+000  2.8281E+009  5.9530E+006  4.6511E+006
       1550.00  1.0000E+000  3.0697E+009  5.2737E+007  4.0144E+007
       1600.00  1.0000E+000  3.3232E+009  4.2729E+008  3.1683E+008
       1650.00  1.0000E+000  3.5890E+009  3.1890E+009  2.3030E+009
       1700.00  1.0000E+000  3.8671E+009  2.2061E+010  1.5514E+010
       1800.00  1.0000E+000  4.4611E+009  8.5940E+011  5.7292E+011
       1900.00  1.0000E+000  5.1067E+009  2.6243E+013  1.6581E+013
       2000.00  1.0000E+000  5.8054E+009  6.4796E+014  3.8797E+014
       2500.00  1.0000E+000  1.0142E+010  5.2325E+020  2.4006E+020

             Total Partition Function (E + T + Con-rovib)
             ---------------------------------------------
                T(K)     E + T + MS-LH     E + T + MS-T
                100.00     2.5763E-226       2.1646E-226
                200.00     1.5690E-104       1.5154E-104
                298.15     2.3318E-063       2.4377E-063
                300.00     7.8310E-063       8.1955E-063
                500.00     7.2082E-028       8.0131E-028
                750.00     1.3582E-008       1.4661E-008
               1000.00     1.2148E+003       1.2040E+003
               1100.00     2.3437E+006       2.2260E+006
               1150.00     7.1645E+007       6.6530E+007
               1200.00     1.7855E+009       1.6199E+009
               1250.00     3.7101E+010       3.2868E+010
               1300.00     6.5520E+011       5.6649E+011
               1350.00     9.9960E+012       8.4309E+012
               1400.00     1.3362E+014       1.0990E+014
               1450.00     1.5841E+015       1.2701E+015
               1500.00     1.6835E+016       1.3154E+016
               1550.00     1.6188E+017       1.2323E+017
               1600.00     1.4200E+018       1.0529E+018
               1650.00     1.1445E+019       8.2653E+018
               1700.00     8.5312E+019       5.9994E+019
               1800.00     3.8339E+021       2.5559E+021
               1900.00     1.3402E+023       8.4675E+022
               2000.00     3.7617E+024       2.2523E+024
               2500.00     5.3066E+030       2.4346E+030

     ================================================================
              Partition Functions Including All Structures
        -----------------------------------------------------------
                    Zero of energy is set to ZPE
        -----------------------------------------------------------
        T(K)             Con-rovib                Total
                   MS-LH        MS-T       E+T+MS-LH    E+T+MS-T
        100.00  1.7922E+006  1.5057E+006  5.8162E+012  4.8866E+012
        200.00  1.2841E+008  1.2402E+008  2.3574E+015  2.2769E+015
        298.15  4.1167E+009  4.3036E+009  2.0507E+017  2.1438E+017
        300.00  4.3749E+009  4.5785E+009  2.2133E+017  2.3163E+017
        500.00  1.8615E+012  2.0694E+012  3.3772E+020  3.7543E+020
        750.00  1.6388E+015  1.7690E+015  8.1929E+023  8.8440E+023
       1000.00  8.1021E+017  8.0304E+017  8.3149E+026  8.2413E+026
       1100.00  8.3882E+018  7.9669E+018  1.0925E+028  1.0376E+028
       1150.00  2.6217E+019  2.4345E+019  3.8158E+028  3.5434E+028
       1200.00  8.0417E+019  7.2960E+019  1.3018E+029  1.1811E+029
       1250.00  2.4218E+020  2.1455E+020  4.3419E+029  3.8465E+029
       1300.00  7.1639E+020  6.1939E+020  1.4167E+030  1.2249E+030
       1350.00  2.0824E+021  1.7563E+021  4.5254E+030  3.8168E+030
       1400.00  5.9504E+021  4.8939E+021  1.4162E+031  1.1648E+031
       1450.00  1.6722E+022  1.3407E+022  4.3449E+031  3.4834E+031
       1500.00  4.6236E+022  3.6124E+022  1.3076E+032  1.0216E+032
       1550.00  1.2582E+023  9.5780E+022  3.8624E+032  2.9401E+032
       1600.00  3.3715E+023  2.5000E+023  1.1204E+033  8.3080E+032
       1650.00  8.8988E+023  6.4263E+023  3.1937E+033  2.3064E+033
       1700.00  2.3144E+024  1.6275E+024  8.9498E+033  6.2938E+033
       1800.00  1.4999E+025  9.9992E+024  6.6912E+034  4.4607E+034
       1900.00  9.2034E+025  5.8149E+025  4.6999E+035  2.9695E+035
       2000.00  5.3608E+026  3.2098E+026  3.1122E+036  1.8634E+036
       2500.00  1.7900E+030  8.2123E+029  1.8154E+040  8.3287E+039
     ================================================================

                     ==============================
                          Thermodynamic Functions
                      (Ideal gas at standard state)
                     ==============================
     T  - Temperature (Kelvin)        G  - Gibbs Free Energy (kcal/mol)
     E  - Thermal Energy (kcal/mol)   H  - Enthalpy (kcal/mol)
     S  - Entropy (cal/(mol-K))
     Cp - Heat Capacity at Constant Pressure (cal/(mol-K))
        -----------------------------------------------------------
        Zero of energy is set to potential energy of global minimum
        -----------------------------------------------------------

               Contribution from electronic P.F. 
     ================================================================
                  T          G          E          S
                100.00      -0.000      0.000      0.000
                200.00      -0.000      0.000      0.000
                298.15      -0.000      0.000      0.000
                300.00      -0.000      0.000      0.000
                500.00      -0.000      0.000      0.000
                750.00      -0.000      0.000      0.000
               1000.00      -0.000      0.000      0.000
               1100.00      -0.000      0.000      0.000
               1150.00      -0.000      0.000      0.000
               1200.00      -0.000      0.000      0.000
               1250.00      -0.000      0.000      0.000
               1300.00      -0.000      0.000      0.000
               1350.00      -0.000      0.000      0.000
               1400.00      -0.000      0.000      0.000
               1450.00      -0.000      0.000      0.000
               1500.00      -0.000      0.000      0.000
               1550.00      -0.000      0.000      0.000
               1600.00      -0.000      0.000      0.000
               1650.00      -0.000      0.000      0.000
               1700.00      -0.000      0.000      0.000
               1800.00      -0.000      0.000      0.000
               1900.00      -0.000      0.000      0.000
               2000.00      -0.000      0.000      0.000
               2500.00      -0.000      0.000      0.000

               Contribution from translational P.F. 
     ================================================================
                  T          G          E          S
                100.00      -2.979      0.298     34.762
                200.00      -6.647      0.596     38.205
                298.15     -10.501      0.889     40.189
                300.00     -10.576      0.894     40.220
                500.00     -18.895      1.490     42.758
                750.00     -29.853      2.236     44.772
               1000.00     -41.233      2.981     46.201
               1100.00     -45.877      3.279     46.675
               1150.00     -48.217      3.428     46.896
               1200.00     -50.567      3.577     47.107
               1250.00     -52.927      3.726     47.310
               1300.00     -55.298      3.875     47.505
               1350.00     -57.677      4.024     47.692
               1400.00     -60.067      4.173     47.873
               1450.00     -62.465      4.322     48.047
               1500.00     -64.871      4.471     48.216
               1550.00     -67.286      4.620     48.378
               1600.00     -69.709      4.769     48.536
               1650.00     -72.140      4.918     48.689
               1700.00     -74.578      5.067     48.837
               1800.00     -79.476      5.365     49.121
               1900.00     -84.402      5.664     49.390
               2000.00     -89.353      5.962     49.645
               2500.00    -114.463      7.452     50.753

        Contribution from conformational-rovibrational P.F. (MS-LH)
     ================================================================
                  T          G          E          S
                100.00     106.203    110.015     38.122
                200.00     101.644    112.112     52.340
                298.15      95.948    114.878     63.494
                300.00      95.830    114.938     63.694
                500.00      80.992    123.218     84.451
                750.00      56.851    138.015    108.219
               1000.00      27.119    156.298    129.179
               1100.00      13.816    164.327    136.828
               1150.00       6.882    168.466    140.508
               1200.00      -0.234    172.681    144.096
               1250.00      -7.526    176.967    147.594
               1300.00     -14.992    181.318    151.007
               1350.00     -22.626    185.730    154.338
               1400.00     -30.424    190.200    157.588
               1450.00     -38.383    194.722    160.762
               1500.00     -46.499    199.295    163.862
               1550.00     -54.768    203.913    166.891
               1600.00     -63.187    208.575    169.851
               1650.00     -71.752    213.277    172.745
               1700.00     -80.460    218.017    175.575
               1800.00     -98.294    227.602    181.053
               1900.00    -116.664    237.312    186.303
               2000.00    -135.547    247.133    191.340
               2500.00    -237.008    297.509    213.807

        Contribution from conformational-rovibrational P.F. (MS-T)
     ================================================================
                  T          G          E          S
                100.00     106.238    110.050     38.128
                200.00     101.658    112.195     52.685
                298.15      95.921    114.985     63.939
                300.00      95.803    115.045     64.139
                500.00      80.887    123.250     84.726
                750.00      56.737    137.727    107.987
               1000.00      27.137    155.489    128.352
               1100.00      13.928    163.260    135.756
               1150.00       7.051    167.262    139.314
               1200.00      -0.002    171.334    142.779
               1250.00      -7.225    175.470    146.156
               1300.00     -14.616    179.667    149.448
               1350.00     -22.169    183.920    152.658
               1400.00     -29.880    188.224    155.789
               1450.00     -37.746    192.577    158.844
               1500.00     -45.763    196.975    161.826
               1550.00     -53.928    201.415    164.738
               1600.00     -62.236    205.895    167.582
               1650.00     -70.685    210.410    170.361
               1700.00     -79.271    214.960    173.077
               1800.00     -96.843    224.153    178.331
               1900.00    -114.930    233.457    183.362
               2000.00    -133.509    242.860    188.184
               2500.00    -233.137    290.994    209.653

     Total (Translational + Electronic + conformational-rovib.(MS-LH))
     ======================================================================
              T          G          E          H          S          Cp
            100.00     103.224    110.313    110.512     72.883     21.429
            200.00      94.996    112.708    113.105     90.545     29.525
            298.15      85.446    115.767    116.360    103.683     37.145
            300.00      85.254    115.832    116.428    103.914     37.308
            500.00      62.098    124.709    125.702    127.209     55.155
            750.00      26.998    140.251    141.741    152.991     72.033
           1000.00     -14.114    159.279    161.266    175.380     83.455
           1100.00     -32.062    167.606    169.791    183.503     86.961
           1150.00     -41.335    171.894    174.179    187.403     88.531
           1200.00     -50.800    176.258    178.643    191.203     89.992
           1250.00     -60.453    180.693    183.177    194.904     91.352
           1300.00     -70.289    185.193    187.776    198.512     92.619
           1350.00     -80.303    189.755    192.437    202.030     93.799
           1400.00     -90.491    194.373    197.155    205.461     94.900
           1450.00    -100.848    199.045    201.926    208.810     95.926
           1500.00    -111.370    203.766    206.747    212.078     96.885
           1550.00    -122.054    208.533    211.613    215.270     97.780
           1600.00    -132.896    213.344    216.524    218.387     98.618
           1650.00    -143.892    218.195    221.474    221.434     99.401
           1700.00    -155.038    223.085    226.463    224.412    100.135
           1800.00    -177.770    232.968    236.545    230.175    101.468
           1900.00    -201.065    242.976    246.751    235.693    102.644
           2000.00    -224.901    253.094    257.069    240.985    103.683
           2500.00    -351.471    304.961    309.929    264.560    107.413

     Total (Translational + Electronic + conformational-rovib.(MS-T))
     ======================================================================
              T          G          E          H          S          Cp
            100.00     103.258    110.348    110.547     72.890     22.012
            200.00      95.010    112.791    113.188     90.891     29.899
            298.15      85.420    115.874    116.466    104.128     37.216
            300.00      85.227    115.939    116.535    104.359     37.372
            500.00      61.993    124.741    125.734    127.484     54.349
            750.00      26.884    139.963    141.453    152.759     70.318
           1000.00     -14.096    158.469    160.457    174.553     81.016
           1100.00     -31.949    166.539    168.725    182.431     84.269
           1150.00     -41.166    170.690    172.975    186.209     85.720
           1200.00     -50.568    174.911    177.295    189.886     87.066
           1250.00     -60.153    179.196    181.680    193.466     88.316
           1300.00     -69.913    183.542    186.125    196.953     89.476
           1350.00     -79.846    187.944    190.626    200.350     90.555
           1400.00     -89.947    192.397    195.180    203.662     91.557
           1450.00    -100.211    196.900    199.781    206.891     92.490
           1500.00    -110.635    201.447    204.428    210.041     93.359
           1550.00    -121.214    206.036    209.116    213.116     94.169
           1600.00    -131.945    210.664    213.843    216.118     94.924
           1650.00    -142.825    215.329    218.607    219.050     95.629
           1700.00    -153.849    220.027    223.406    221.914     96.287
           1800.00    -176.320    229.518    233.095    227.453     97.479
           1900.00    -199.332    239.121    242.897    232.752     98.525
           2000.00    -222.863    248.822    252.796    237.829     99.446
           2500.00    -347.601    298.446    303.414    260.406    102.715

                        --------------------------------
                         Zero of energy is set to ZPE
                        --------------------------------

     Total (Translational + Electronic + conformational-rovib.(MS-LH))
     ======================================================================
              T          G          E          H          S          Cp
            100.00      -5.841      1.249      1.448     72.883     21.429
            200.00     -14.068      3.644      4.041     90.545     29.525
            298.15     -23.618      6.703      7.295    103.683     37.145
            300.00     -23.810      6.768      7.364    103.914     37.308
            500.00     -46.967     15.644     16.638    127.209     55.155
            750.00     -82.066     31.186     32.677    152.991     72.033
           1000.00    -123.178     50.215     52.202    175.380     83.455
           1100.00    -141.126     58.541     60.727    183.503     86.961
           1150.00    -150.399     62.830     65.115    187.403     88.531
           1200.00    -159.865     67.194     69.579    191.203     89.992
           1250.00    -169.518     71.629     74.113    194.904     91.352
           1300.00    -179.353     76.129     78.712    198.512     92.619
           1350.00    -189.367     80.690     83.373    202.030     93.799
           1400.00    -199.555     85.309     88.091    205.461     94.900
           1450.00    -209.912     89.980     92.862    208.810     95.926
           1500.00    -220.435     94.701     97.682    212.078     96.885
           1550.00    -231.119     99.469    102.549    215.270     97.780
           1600.00    -241.960    104.280    107.459    218.387     98.618
           1650.00    -252.956    109.131    112.410    221.434     99.401
           1700.00    -264.103    114.020    117.399    224.412    100.135
           1800.00    -286.834    123.903    127.480    230.175    101.468
           1900.00    -310.129    133.911    137.687    235.693    102.644
           2000.00    -333.965    144.030    148.004    240.985    103.683
           2500.00    -460.536    195.896    200.865    264.560    107.413

     Total (Translational + Electronic + conformational-rovib.(MS-T))
     ======================================================================
              T          G          E          H          S          Cp
            100.00      -5.806      1.284      1.483     72.890     22.012
            200.00     -14.054      3.727      4.124     90.891     29.899
            298.15     -23.644      6.809      7.402    104.128     37.216
            300.00     -23.837      6.875      7.471    104.359     37.372
            500.00     -47.072     15.677     16.670    127.484     54.349
            750.00     -82.180     30.899     32.389    152.759     70.318
           1000.00    -123.160     49.405     51.392    174.553     81.016
           1100.00    -141.013     57.475     59.661    182.431     84.269
           1150.00    -150.230     61.626     63.911    186.209     85.720
           1200.00    -159.633     65.846     68.231    189.886     87.066
           1250.00    -169.217     70.132     72.616    193.466     88.316
           1300.00    -178.978     74.478     77.061    196.953     89.476
           1350.00    -188.911     78.879     81.562    200.350     90.555
           1400.00    -199.011     83.333     86.115    203.662     91.557
           1450.00    -209.276     87.835     90.717    206.891     92.490
           1500.00    -219.699     92.382     95.363    210.041     93.359
           1550.00    -230.278     96.971    100.052    213.116     94.169
           1600.00    -241.010    101.600    104.779    216.118     94.924
           1650.00    -251.889    106.264    109.543    219.050     95.629
           1700.00    -262.914    110.963    114.341    221.914     96.287
           1800.00    -285.384    120.454    124.031    227.453     97.479
           1900.00    -308.396    130.057    133.832    232.752     98.525
           2000.00    -331.927    139.757    143.732    237.829     99.446
           2500.00    -456.666    189.382    194.350    260.406    102.715

 ==============================End of MSTor output==============================
