
 *******************************************************************************

   MSTor program version 2013 (2013)

   Jingjing Zheng, Steven L. Mielke, and Donald G. Truhlar

   Department of Chemistry and Supercomputing Institute
   University of Minnesota, Minneapolis, Minnesota, USA

   Copyright 2013
   Donald G. Truhlar and Regents of the University of Minnesota

   Citations: 
   MS-T(U) method
     J. Zheng, T. Yu, E. Papajak, I. M. Alecu, S. L. Mielke, and D. G. Truhlar,
     Phys. Chem. Chem. Phys. 13, 10885-10907 (2011).
   MS-T(C) method
     J. Zheng and D. G. Truhlar, J. Chem. Theory Comput., DOI: 10.1021/ct3010722.
   MSTor program
     J. Zheng, S. L. Mielke, K. L Clarkson, and D. G. Truhlar,
     Comp. Phys. Comm. 183, 1803-1812 (2012).
     J. Zheng, R. Meana-Paneda, and D. G. Truhlar, Comp. Phys. Comm.
     to be published as new version announcement.

 *******************************************************************************

                    Naming conventions for the MS methods
   -----------------------------------------------------------------------------
   Common name        Original or other names
   -----------------------------------------------------------------------------
   MS-LH         =    MS-HO (ref. 1)   =   MS-AS-HO (ref. 2)
   MS-T          =    MS-AS (ref. 1)   =   MS-AS-T  (ref. 2)
   -----------------------------------------------------------------------------
   Ref. 1: J. Zheng, T. Yu, E. Papajak, I. M. Alecu, S. L. Mielke, and
           D. G. Truhlar, Phys. Chem. Chem. Phys. 13, 10885 (2011).
   Ref. 2: T. Yu, J. Zheng, and D. G. Truhlar, Chem. Sci. 2, 2199 (2011)

   Calculation run on 02/03/2022 at 12:59:19  

   Number of structures:             2
   Number of torsions:               6
   Method:                           MS-T(C)
   Frequency scaling factor:         0.964
   Delta T for finite difference:    0.5 K
   Internal coordinates
     Bonds:         01-02  01-18  01-19  01-20  02-03  02-16  02-17  03-04  03-14
     Bonds:         03-15  04-05  04-12  05-06  05-08  06-07  07-09  07-10  07-11
     Bonds:         04-13
     Angles:        01-02-03  02-03-15  03-02-17  03-04-13  04-03-14  04-03-15
     Angles:        04-05-06  04-05-08  05-04-12  05-06-07  06-07-09  06-07-10
     Angles:        09-07-11  12-04-13  16-02-17  18-01-19  18-01-20  19-01-20
     Linear Angles: 
     Dihedrals:     01-03-16-02  02-14-15-03  02-18-19-01  02-19-20-01
     Dihedrals:     03-05-12-04  03-12-13-04  03-16-17-02  04-06-08-05
     Dihedrals:     04-14-15-03  09-10-11-07  06-09-11-07  04-03-02-01
     Dihedrals:     05-04-03-02  06-05-04-03  07-06-05-04  03-02-01-18
     Dihedrals:     05-06-07-09

   All moment output uses units of amu for masses and Angstroms for distances 

                           ==========================
                                Structure   1
                           ==========================

   Normal-mode Frequencies (cm-1) 
   (Overall translation and rotation projected out)
       0.0000i      0.0000i      0.0000i      0.0000       0.0000       0.0000 
      35.8498      73.6864     104.4605     140.3878     174.0084     209.9407 
     243.5354     252.0126     302.5272     360.8465     515.8140     580.2134 
     652.4792     736.9697     837.7560     843.5000     915.5756     935.0577 
    1014.2721    1052.5510    1066.8427    1107.4836    1130.3615    1164.0526 
    1191.3356    1211.0438    1245.4802    1266.8844    1303.2256    1311.7495 
    1384.3856    1394.0856    1399.7581    1433.8862    1454.7960    1460.0396 
    1463.8279    1468.7629    1475.1689    1477.7240    1481.3507    1824.3258 
    2993.6176    2998.8480    3007.0904    3017.9033    3028.3602    3043.3315 
    3058.7488    3068.0199    3078.7572    3084.3275    3112.7161    3146.0506 
   Torsion-projected frequencies/non-torsional frequencies (cm-1)
     209.0778     251.0670     301.5215     360.7216     515.7855     577.8090 
     651.7878     735.7633     837.7307     843.4779     915.5503     935.0270 
    1014.2643    1052.5466    1066.8295    1107.4739    1130.3557    1163.7373 
    1191.3343    1211.0291    1245.4550    1266.8513    1303.2116    1311.6970 
    1384.3848    1394.0849    1399.7551    1433.8752    1454.7957    1460.0394 
    1463.7456    1468.7581    1475.1685    1477.7240    1481.3481    1824.3254 
    2993.6168    2998.8480    3007.0903    3017.9031    3028.3602    3043.3249 
    3058.7465    3068.0186    3078.7540    3084.3273    3112.7072    3146.0506 
   Product of consistently coupled torsional frequencies (in cm-1^ntor)  1.6733E+12
   Primitively coupled torsional frequencies (cm-1) (Not used)
      39.3476      84.5144     109.5413     142.9504     184.6774     246.0504 
   Product of primitively coupled torsional frequencies (in cm-1^ntor)   2.3662E+12
   Effective coupled torsional barrier (kcal/mol)
        1.109        1.572        2.776        4.437        8.859        9.068 

   D matrix: 
   m-n        1             2             3             4             5
    1   2.192533E+01 -2.389494E+00 -3.517976E+00 -1.116995E+00  1.433644E+00
    2  -2.389494E+00  2.283129E+01  7.294172E+00  4.815638E+00  2.174110E+00
    3  -3.517976E+00  7.294172E+00  4.292709E+01 -1.258834E+01  4.653739E-01
    4  -1.116995E+00  4.815638E+00 -1.258834E+01  1.746673E+01  4.089207E-01
    5   1.433644E+00  2.174110E+00  4.653739E-01  4.089207E-01  3.024541E+00
    6  -3.098791E-01  8.734555E-01  2.286197E+00  1.404998E+00  6.569997E-02
   m-n        6
    1  -3.098791E-01
    2   8.734555E-01
    3   2.286197E+00
    4   1.404998E+00
    5   6.569997E-02
    6   3.111451E+00

   Eigenvalues of D matrix:
     4.9561E+01    2.7078E+01    2.0651E+01    8.8418E+00    2.6408E+00    2.5134E+00
   Determinant of D matrix  1.237596E+029

          Uncoupled force constants (au), Pitzer moment of inertia (amu A^2),
   uncoupled torsional frequencies (cm-1), and uncoupled torsional barrier (kcal/mol)
   --------------------------------------------------------------------------------
   Torsion               1             2             3             4             5
   Force constant   2.18589E-02  4.15801E-02  1.08283E-02  4.46493E-02  2.08061E-02
   Moment          21.925       22.831       42.927       17.467        3.025
   Tor. Freq.        85.891      116.087       43.204      137.533      225.617
   Rot. barrier       4.371        8.315        2.165        8.929        2.901
   M_j,tau            2.505        2.505        2.505        2.505        3.000

   Torsion               6
   Force constant   8.17352E-03
   Moment           3.111
   Tor. Freq.       139.421
   Rot. barrier       1.140
   M_j,tau            3.000
   --------------------------------------------------------------------------------
   Potential Energy =   0.000 kcal/mol
   Weight =  2
   Overall rotational symmetry number =   1

                           ==========================
                                Structure   2
                           ==========================

   Normal-mode Frequencies (cm-1) 
   (Overall translation and rotation projected out)
       0.0000i      0.0000       0.0000       0.0000       0.0000       0.0001 
      29.3097      67.8256     103.2197     117.2406     137.4356     175.6137 
     241.8292     254.0100     304.5467     342.9951     482.3608     577.6879 
     698.9692     718.0851     790.3404     892.7990     920.2083     923.9863 
    1026.9703    1057.8348    1078.7438    1111.9010    1130.0865    1164.0582 
    1190.6914    1211.8145    1222.7235    1287.9878    1289.4292    1304.0102 
    1365.4232    1396.4413    1410.8224    1435.6149    1458.9601    1463.5680 
    1464.0067    1471.1618    1474.7736    1478.0222    1484.4682    1827.6333 
    2988.6759    3000.7831    3010.0966    3017.2821    3022.9521    3028.0457 
    3047.3763    3067.7430    3078.7198    3084.7441    3112.2966    3145.3317 
   Torsion-projected frequencies/non-torsional frequencies (cm-1)
     103.2197     254.0100     304.5467     342.9951     482.3608     574.7130 
     698.9692     716.2904     790.1913     892.7990     920.0387     923.9863 
    1026.9703    1057.8348    1078.7438    1111.8708    1130.0865    1163.7570 
    1190.6914    1211.7821    1222.7235    1287.9429    1289.4292    1303.9806 
    1365.4232    1396.4413    1410.8224    1435.6149    1458.9601    1463.4829 
    1464.0067    1471.1618    1474.7709    1478.0222    1484.4682    1827.6333 
    2988.6759    3000.7831    3010.0966    3017.2821    3022.9514    3028.0457 
    3047.3725    3067.7421    3078.7187    3084.7441    3112.2876    3145.3317 
   Product of consistently coupled torsional frequencies (in cm-1^ntor)  1.3719E+12
   Primitively coupled torsional frequencies (cm-1) (Not used)
      33.8572      74.1246     121.8968     139.7514     183.9816     245.9250 
   Product of primitively coupled torsional frequencies (in cm-1^ntor)   1.9344E+12
   Effective coupled torsional barrier (kcal/mol)
        0.737        1.089        2.534        2.872        3.958        7.348 

   D matrix: 
   m-n        1             2             3             4             5
    1   1.938864E+01 -3.949177E+00  1.521278E+01 -5.240665E+00  9.482525E-01
    2  -3.949177E+00  2.077649E+01 -4.295204E+00  8.270964E+00  2.226706E+00
    3   1.521278E+01 -4.295204E+00  2.946916E+01 -1.218500E+01  1.197413E+00
    4  -5.240665E+00  8.270964E+00 -1.218500E+01  1.818163E+01  2.488802E-01
    5   9.482525E-01  2.226706E+00  1.197413E+00  2.488802E-01  3.008614E+00
    6   7.393604E-01  2.574634E-01  1.339857E+00  1.485692E+00  1.064134E-01
   m-n        6
    1   7.393604E-01
    2   2.574634E-01
    3   1.339857E+00
    4   1.485692E+00
    5   1.064134E-01
    6   3.048632E+00

   Eigenvalues of D matrix:
     4.9182E+01    2.1329E+01    1.1836E+01    6.4665E+00    2.4629E+00    2.5960E+00
   Determinant of D matrix  3.906345E+028

          Uncoupled force constants (au), Pitzer moment of inertia (amu A^2),
   uncoupled torsional frequencies (cm-1), and uncoupled torsional barrier (kcal/mol)
   --------------------------------------------------------------------------------
   Torsion               1             2             3             4             5
   Force constant   2.23964E-02  1.65579E-02  5.14978E-03  4.38253E-02  2.06856E-02
   Moment          19.389       20.776       29.469       18.182        3.009
   Tor. Freq.        92.453       76.793       35.960      133.552      225.557
   Rot. barrier       3.701        2.736        0.851        7.243        2.885
   M_j,tau            2.756        2.756        2.756        2.756        3.000

   Torsion               6
   Force constant   8.03709E-03
   Moment           3.049
   Tor. Freq.       139.670
   Rot. barrier       1.121
   M_j,tau            3.000
   --------------------------------------------------------------------------------
   Potential Energy =   0.146 kcal/mol
   Weight =  1
   Overall rotational symmetry number =   1

       List of zero-point inclusive energy (kcal/mol) for each structure
      ------------------------------------------------------------------
        Structure            Energy (T = 0 K)
      ------------------------------------------------------------------
          1                    109.13
          2                    109.06
      ZPE of the system =      109.06


     Note: The following SS-HO and SS-T include the Rot. P.F. and Boltzmann factor,
           but are calculated with weight = 1 for each structure. Weights are
           counted in MS partition functions. Zero of energy is set to the potential
           energy of global minimum.

            Partition function of structure    1
     ================================================================
          T(K)      Rot.          SS-HO           SS-T     SS-T/SS-HO
        100.00    8.3405E+004   1.8713E-233   1.5207E-233    0.813
        200.00    2.3590E+005   1.4415E-112   1.3911E-112    0.965
        298.15    4.2938E+005   5.9589E-072   6.5468E-072    1.099
        300.00    4.3338E+005   1.9620E-071   2.1598E-071    1.101
        500.00    9.3250E+005   3.6593E-037   4.6092E-037    1.260
        750.00    1.7131E+006   2.0703E-018   2.7026E-018    1.305
       1000.00    2.6375E+006   8.1512E-008   1.0311E-007    1.265
       1100.00    3.0429E+006   1.2046E-004   1.4891E-004    1.236
       1150.00    3.2527E+006   3.2545E-003   3.9710E-003    1.220
       1200.00    3.4671E+006   7.2091E-002   8.6742E-002    1.203
       1250.00    3.6860E+006   1.3385E+000   1.5868E+000    1.186
       1300.00    3.9094E+006   2.1221E+001   2.4770E+001    1.167
       1350.00    4.1371E+006   2.9196E+002   3.3528E+002    1.148
       1400.00    4.3690E+006   3.5335E+003   3.9900E+003    1.129
       1450.00    4.6052E+006   3.8073E+004   4.2248E+004    1.110
       1500.00    4.8454E+006   3.6901E+005   4.0220E+005    1.090
       1550.00    5.0897E+006   3.2465E+006   3.4740E+006    1.070
       1600.00    5.3379E+006   2.6134E+007   2.7444E+007    1.050
       1650.00    5.5901E+006   1.9386E+008   1.9970E+008    1.030
       1700.00    5.8461E+006   1.3334E+009   1.3470E+009    1.010
       1800.00    6.3694E+006   5.1397E+010   4.9886E+010    0.971
       1900.00    6.9075E+006   1.5547E+012   1.4483E+012    0.932
       2000.00    7.4600E+006   3.8059E+013   3.4001E+013    0.893
       2500.00    1.0426E+007   2.9746E+019   2.1408E+019    0.720

            Partition function of structure    2
     ================================================================
          T(K)      Rot.          SS-HO           SS-T     SS-T/SS-HO
        100.00    8.3615E+004   3.7375E-233   3.2976E-233    0.882
        200.00    2.3650E+005   3.0425E-112   3.2926E-112    1.082
        298.15    4.3047E+005   1.3236E-071   1.6023E-071    1.211
        300.00    4.3448E+005   4.3613E-071   5.2879E-071    1.212
        500.00    9.3485E+005   8.5992E-037   1.1359E-036    1.321
        750.00    1.7174E+006   5.0221E-018   6.4304E-018    1.280
       1000.00    2.6442E+006   2.0107E-007   2.3149E-007    1.151
       1100.00    3.0505E+006   2.9855E-004   3.2572E-004    1.091
       1150.00    3.2609E+006   8.0827E-003   8.5708E-003    1.060
       1200.00    3.4758E+006   1.7939E-001   1.8473E-001    1.030
       1250.00    3.6953E+006   3.3365E+000   3.3342E+000    0.999
       1300.00    3.9192E+006   5.2988E+001   5.1354E+001    0.969
       1350.00    4.1475E+006   7.3011E+002   6.8591E+002    0.939
       1400.00    4.3800E+006   8.8492E+003   8.0551E+003    0.910
       1450.00    4.6168E+006   9.5476E+004   8.4179E+004    0.882
       1500.00    4.8576E+006   9.2655E+005   7.9104E+005    0.854
       1550.00    5.1025E+006   8.1614E+006   6.7456E+006    0.827
       1600.00    5.3514E+006   6.5774E+007   5.2621E+007    0.800
       1650.00    5.6042E+006   4.8842E+008   3.7818E+008    0.774
       1700.00    5.8608E+006   3.3628E+009   2.5198E+009    0.749
       1800.00    6.3855E+006   1.2987E+011   9.1125E+010    0.702
       1900.00    6.9250E+006   3.9349E+012   2.5857E+012    0.657
       2000.00    7.4788E+006   9.6474E+013   5.9385E+013    0.616
       2500.00    1.0452E+007   7.5854E+019   3.3947E+019    0.448

     ================================================================
              Partition Functions Including All Structures
        -----------------------------------------------------------
        Zero of energy is set to potential energy of global minimum
        -----------------------------------------------------------
        T(K)    Elec.        Trans.              Con-rovib
                                            MS-LH    or     MS-T
        100.00  1.0000E+000  3.2453E+006  7.4801E-233  6.3389E-233
        200.00  1.0000E+000  1.8358E+007  5.9255E-112  6.0748E-112
        298.15  1.0000E+000  4.9814E+007  2.5153E-071  2.9117E-071
        300.00  1.0000E+000  5.0590E+007  8.2853E-071  9.6076E-071
        500.00  1.0000E+000  1.8142E+008  1.5918E-036  2.0577E-036
        750.00  1.0000E+000  4.9993E+008  9.1628E-018  1.1836E-017
       1000.00  1.0000E+000  1.0263E+009  3.6409E-007  4.3770E-007
       1100.00  1.0000E+000  1.3024E+009  5.3946E-004  6.2355E-004
       1150.00  1.0000E+000  1.4555E+009  1.4592E-002  1.6513E-002
       1200.00  1.0000E+000  1.6189E+009  3.2357E-001  3.5821E-001
       1250.00  1.0000E+000  1.7928E+009  6.0134E+000  6.5078E+000
       1300.00  1.0000E+000  1.9775E+009  9.5430E+001  1.0089E+002
       1350.00  1.0000E+000  2.1732E+009  1.3140E+003  1.3565E+003
       1400.00  1.0000E+000  2.3800E+009  1.5916E+004  1.6035E+004
       1450.00  1.0000E+000  2.5982E+009  1.7162E+005  1.6868E+005
       1500.00  1.0000E+000  2.8281E+009  1.6646E+006  1.5954E+006
       1550.00  1.0000E+000  3.0697E+009  1.4654E+007  1.3694E+007
       1600.00  1.0000E+000  3.3232E+009  1.1804E+008  1.0751E+008
       1650.00  1.0000E+000  3.5890E+009  8.7614E+008  7.7759E+008
       1700.00  1.0000E+000  3.8671E+009  6.0297E+009  5.2139E+009
       1800.00  1.0000E+000  4.4611E+009  2.3266E+011  1.9090E+011
       1900.00  1.0000E+000  5.1067E+009  7.0442E+012  5.4823E+012
       2000.00  1.0000E+000  5.8054E+009  1.7259E+014  1.2739E+014
       2500.00  1.0000E+000  1.0142E+010  1.3535E+020  7.6762E+019

             Total Partition Function (E + T + Con-rovib)
             ---------------------------------------------
                T(K)     E + T + MS-LH     E + T + MS-T
                100.00     2.4276E-226       2.0572E-226
                200.00     1.0878E-104       1.1152E-104
                298.15     1.2530E-063       1.4504E-063
                300.00     4.1915E-063       4.8605E-063
                500.00     2.8878E-028       3.7331E-028
                750.00     4.5808E-009       5.9170E-009
               1000.00     3.7366E+002       4.4920E+002
               1100.00     7.0259E+005       8.1210E+005
               1150.00     2.1238E+007       2.4034E+007
               1200.00     5.2382E+008       5.7990E+008
               1250.00     1.0781E+010       1.1667E+010
               1300.00     1.8871E+011       1.9952E+011
               1350.00     2.8556E+012       2.9478E+012
               1400.00     3.7881E+013       3.8164E+013
               1450.00     4.4591E+014       4.3826E+014
               1500.00     4.7075E+015       4.5120E+015
               1550.00     4.4984E+016       4.2034E+016
               1600.00     3.9228E+017       3.5728E+017
               1650.00     3.1444E+018       2.7907E+018
               1700.00     2.3317E+019       2.0162E+019
               1800.00     1.0379E+021       8.5161E+020
               1900.00     3.5973E+022       2.7997E+022
               2000.00     1.0020E+024       7.3954E+023
               2500.00     1.3726E+030       7.7850E+029

     ================================================================
              Partition Functions Including All Structures
        -----------------------------------------------------------
                    Zero of energy is set to ZPE
        -----------------------------------------------------------
        T(K)             Con-rovib                Total
                   MS-LH        MS-T       E+T+MS-LH    E+T+MS-T
        100.00  1.6887E+006  1.4311E+006  5.4803E+012  4.6442E+012
        200.00  8.9032E+007  9.1275E+007  1.6345E+015  1.6757E+015
        298.15  2.2121E+009  2.5606E+009  1.1019E+017  1.2755E+017
        300.00  2.3416E+009  2.7154E+009  1.1846E+017  1.3737E+017
        500.00  7.4578E+011  9.6408E+011  1.3530E+020  1.7490E+020
        750.00  5.5273E+014  7.1397E+014  2.7633E+023  3.5694E+023
       1000.00  2.4922E+017  2.9960E+017  2.5576E+026  3.0747E+026
       1100.00  2.5146E+018  2.9066E+018  3.2750E+027  3.7855E+027
       1150.00  7.7715E+018  8.7948E+018  1.1311E+028  1.2801E+028
       1200.00  2.3592E+019  2.6118E+019  3.8193E+028  4.2282E+028
       1250.00  7.0374E+019  7.6160E+019  1.2617E+029  1.3654E+029
       1300.00  2.0634E+020  2.1815E+020  4.0804E+029  4.3140E+029
       1350.00  5.9488E+020  6.1409E+020  1.2928E+030  1.3345E+030
       1400.00  1.6869E+021  1.6995E+021  4.0149E+030  4.0449E+030
       1450.00  4.7071E+021  4.6263E+021  1.2230E+031  1.2020E+031
       1500.00  1.2928E+022  1.2391E+022  3.6562E+031  3.5044E+031
       1550.00  3.4964E+022  3.2672E+022  1.0733E+032  1.0029E+032
       1600.00  9.3140E+022  8.4830E+022  3.0953E+032  2.8191E+032
       1650.00  2.4448E+023  2.1698E+023  8.7744E+032  7.7874E+032
       1700.00  6.3255E+023  5.4697E+023  2.4461E+033  2.1152E+033
       1800.00  4.0606E+024  3.3317E+024  1.8115E+034  1.4863E+034
       1900.00  2.4704E+025  1.9226E+025  1.2616E+035  9.8183E+034
       2000.00  1.4279E+026  1.0539E+026  8.2896E+035  6.1185E+035
       2500.00  4.6301E+029  2.6260E+029  4.6957E+039  2.6632E+039
     ================================================================

                     ==============================
                          Thermodynamic Functions
                      (Ideal gas at standard state)
                     ==============================
     T  - Temperature (Kelvin)        G  - Gibbs Free Energy (kcal/mol)
     E  - Thermal Energy (kcal/mol)   H  - Enthalpy (kcal/mol)
     S  - Entropy (cal/(mol-K))
     Cp - Heat Capacity at Constant Pressure (cal/(mol-K))
        -----------------------------------------------------------
        Zero of energy is set to potential energy of global minimum
        -----------------------------------------------------------

               Contribution from electronic P.F. 
     ================================================================
                  T          G          E          S
                100.00      -0.000      0.000      0.000
                200.00      -0.000      0.000      0.000
                298.15      -0.000      0.000      0.000
                300.00      -0.000      0.000      0.000
                500.00      -0.000      0.000      0.000
                750.00      -0.000      0.000      0.000
               1000.00      -0.000      0.000      0.000
               1100.00      -0.000      0.000      0.000
               1150.00      -0.000      0.000      0.000
               1200.00      -0.000      0.000      0.000
               1250.00      -0.000      0.000      0.000
               1300.00      -0.000      0.000      0.000
               1350.00      -0.000      0.000      0.000
               1400.00      -0.000      0.000      0.000
               1450.00      -0.000      0.000      0.000
               1500.00      -0.000      0.000      0.000
               1550.00      -0.000      0.000      0.000
               1600.00      -0.000      0.000      0.000
               1650.00      -0.000      0.000      0.000
               1700.00      -0.000      0.000      0.000
               1800.00      -0.000      0.000      0.000
               1900.00      -0.000      0.000      0.000
               2000.00      -0.000      0.000      0.000
               2500.00      -0.000      0.000      0.000

               Contribution from translational P.F. 
     ================================================================
                  T          G          E          S
                100.00      -2.979      0.298     34.762
                200.00      -6.647      0.596     38.205
                298.15     -10.501      0.889     40.189
                300.00     -10.576      0.894     40.220
                500.00     -18.895      1.490     42.758
                750.00     -29.853      2.236     44.772
               1000.00     -41.233      2.981     46.201
               1100.00     -45.877      3.279     46.675
               1150.00     -48.217      3.428     46.896
               1200.00     -50.567      3.577     47.107
               1250.00     -52.927      3.726     47.310
               1300.00     -55.298      3.875     47.505
               1350.00     -57.677      4.024     47.692
               1400.00     -60.067      4.173     47.873
               1450.00     -62.465      4.322     48.047
               1500.00     -64.871      4.471     48.216
               1550.00     -67.286      4.620     48.378
               1600.00     -69.709      4.769     48.536
               1650.00     -72.140      4.918     48.689
               1700.00     -74.578      5.067     48.837
               1800.00     -79.476      5.365     49.121
               1900.00     -84.402      5.664     49.390
               2000.00     -89.353      5.962     49.645
               2500.00    -114.463      7.452     50.753

        Contribution from conformational-rovibrational P.F. (MS-LH)
     ================================================================
                  T          G          E          S
                100.00     106.215    109.971     37.558
                200.00     101.789    111.866     50.385
                298.15      96.316    114.504     61.006
                300.00      96.203    114.562     61.199
                500.00      81.901    122.731     81.659
                750.00      58.471    137.477    105.342
               1000.00      29.462    155.739    126.277
               1100.00      16.449    163.762    133.921
               1150.00       9.661    167.899    137.599
               1200.00       2.691    172.112    141.185
               1250.00      -4.456    176.396    144.682
               1300.00     -11.776    180.746    148.094
               1350.00     -19.264    185.157    151.423
               1400.00     -26.917    189.626    154.673
               1450.00     -34.730    194.147    157.847
               1500.00     -42.701    198.718    160.946
               1550.00     -50.824    203.336    163.974
               1600.00     -59.097    207.997    166.934
               1650.00     -67.516    212.699    169.827
               1700.00     -76.078    217.438    172.657
               1800.00     -93.620    227.022    178.134
               1900.00    -111.698    236.731    183.384
               2000.00    -130.290    246.551    188.420
               2500.00    -230.290    296.925    210.886

        Contribution from conformational-rovibrational P.F. (MS-T)
     ================================================================
                  T          G          E          S
                100.00     106.248    110.013     37.651
                200.00     101.779    111.991     51.056
                298.15      96.229    114.672     61.860
                300.00      96.114    114.731     62.055
                500.00      81.646    122.846     82.400
                750.00      58.089    137.274    105.579
               1000.00      29.096    155.004    125.908
               1100.00      16.132    162.767    133.304
               1150.00       9.378    166.764    136.858
               1200.00       2.448    170.833    140.320
               1250.00      -4.653    174.966    143.695
               1300.00     -11.920    179.160    146.984
               1350.00     -19.350    183.410    150.192
               1400.00     -26.938    187.712    153.321
               1450.00     -34.681    192.063    156.375
               1500.00     -42.574    196.459    159.356
               1550.00     -50.615    200.898    162.266
               1600.00     -58.800    205.376    165.109
               1650.00     -67.125    209.890    167.888
               1700.00     -75.587    214.438    170.603
               1800.00     -92.912    223.630    175.857
               1900.00    -110.751    232.933    180.886
               2000.00    -129.083    242.335    185.709
               2500.00    -227.473    290.468    207.176

     Total (Translational + Electronic + conformational-rovib.(MS-LH))
     ======================================================================
              T          G          E          H          S          Cp
            100.00     103.235    110.269    110.467     72.320     19.768
            200.00      95.142    112.463    112.860     88.591     27.771
            298.15      85.814    115.393    115.986    101.195     36.203
            300.00      85.627    115.457    116.053    101.419     36.376
            500.00      63.007    124.221    125.215    124.417     54.833
            750.00      28.618    139.713    141.203    150.114     71.908
           1000.00     -11.771    158.720    160.707    172.478     83.396
           1100.00     -29.428    167.041    169.227    180.595     86.916
           1150.00     -38.556    171.327    173.612    184.494     88.492
           1200.00     -47.876    175.689    178.074    188.292     89.958
           1250.00     -57.383    180.122    182.606    191.992     91.322
           1300.00     -67.074    184.621    187.205    195.599     92.592
           1350.00     -76.942    189.181    191.864    199.116     93.775
           1400.00     -86.984    193.799    196.581    202.546     94.878
           1450.00     -97.195    198.469    201.351    205.894     95.907
           1500.00    -107.572    203.190    206.170    209.161     96.868
           1550.00    -118.110    207.956    211.036    212.352     97.765
           1600.00    -128.806    212.766    215.946    215.470     98.604
           1650.00    -139.656    217.617    220.896    218.516     99.389
           1700.00    -150.656    222.506    225.884    221.494    100.124
           1800.00    -173.096    232.388    235.964    227.256    101.459
           1900.00    -196.099    242.395    246.170    232.774    102.636
           2000.00    -219.643    252.513    256.487    238.065    103.677
           2500.00    -344.754    304.377    309.345    261.639    107.410

     Total (Translational + Electronic + conformational-rovib.(MS-T))
     ======================================================================
              T          G          E          H          S          Cp
            100.00     103.268    110.311    110.510     72.413     20.629
            200.00      95.132    112.587    112.984     89.262     28.428
            298.15      85.728    115.561    116.154    102.049     36.429
            300.00      85.539    115.625    116.221    102.274     36.593
            500.00      62.752    124.336    125.330    125.157     54.083
            750.00      28.237    139.510    141.000    150.351     70.166
           1000.00     -12.137    157.985    159.972    172.109     80.917
           1100.00     -29.745    166.045    168.231    179.978     84.187
           1150.00     -38.839    170.192    172.478    183.753     85.645
           1200.00     -48.119    174.410    176.794    187.427     86.999
           1250.00     -57.580    178.692    181.176    191.004     88.255
           1300.00     -67.218    183.035    185.618    194.489     89.422
           1350.00     -77.027    187.434    190.117    197.884     90.506
           1400.00     -87.005    191.885    194.667    201.194     91.514
           1450.00     -97.145    196.385    199.267    204.422     92.451
           1500.00    -107.446    200.931    203.912    207.571     93.325
           1550.00    -117.901    205.518    208.598    210.645     94.138
           1600.00    -128.509    210.145    213.324    213.646     94.897
           1650.00    -139.265    214.808    218.087    216.577     95.605
           1700.00    -150.165    219.506    222.884    219.441     96.266
           1800.00    -172.389    228.995    232.572    224.978     97.464
           1900.00    -195.153    238.596    242.372    230.276     98.514
           2000.00    -218.436    248.296    252.271    235.353     99.439
           2500.00    -341.937    297.920    302.888    257.930    102.717

                        --------------------------------
                         Zero of energy is set to ZPE
                        --------------------------------

     Total (Translational + Electronic + conformational-rovib.(MS-LH))
     ======================================================================
              T          G          E          H          S          Cp
            100.00      -5.829      1.204      1.403     72.320     19.768
            200.00     -13.922      3.398      3.796     88.591     27.771
            298.15     -23.250      6.329      6.921    101.195     36.203
            300.00     -23.437      6.392      6.989    101.419     36.376
            500.00     -46.058     15.157     16.151    124.417     54.833
            750.00     -80.446     30.648     32.139    150.114     71.908
           1000.00    -120.835     49.655     51.642    172.478     83.396
           1100.00    -138.493     57.976     60.162    180.595     86.916
           1150.00    -147.620     62.263     64.548    184.494     88.492
           1200.00    -156.940     66.625     69.010    188.292     89.958
           1250.00    -166.448     71.058     73.542    191.992     91.322
           1300.00    -176.138     75.557     78.140    195.599     92.592
           1350.00    -186.006     80.117     82.800    199.116     93.775
           1400.00    -196.048     84.734     87.517    202.546     94.878
           1450.00    -206.259     89.405     92.286    205.894     95.907
           1500.00    -216.636     94.125     97.106    209.161     96.868
           1550.00    -227.174     98.892    101.972    212.352     97.765
           1600.00    -237.870    103.702    106.882    215.470     98.604
           1650.00    -248.720    108.553    111.832    218.516     99.389
           1700.00    -259.721    113.441    116.820    221.494    100.124
           1800.00    -282.160    123.323    126.900    227.256    101.459
           1900.00    -305.164    133.330    137.106    232.774    102.636
           2000.00    -328.707    143.448    147.423    238.065    103.677
           2500.00    -453.818    195.313    200.281    261.639    107.410

     Total (Translational + Electronic + conformational-rovib.(MS-T))
     ======================================================================
              T          G          E          H          S          Cp
            100.00      -5.796      1.247      1.445     72.413     20.629
            200.00     -13.932      3.522      3.920     89.262     28.428
            298.15     -23.336      6.497      7.089    102.049     36.429
            300.00     -23.525      6.561      7.157    102.274     36.593
            500.00     -46.313     15.272     16.266    125.157     54.083
            750.00     -80.828     30.445     31.936    150.351     70.166
           1000.00    -121.201     48.921     50.908    172.109     80.917
           1100.00    -138.809     56.981     59.167    179.978     84.187
           1150.00    -147.903     61.128     63.413    183.753     85.645
           1200.00    -157.183     65.345     67.730    187.427     86.999
           1250.00    -166.644     69.628     72.112    191.004     88.255
           1300.00    -176.282     73.971     76.554    194.489     89.422
           1350.00    -186.092     78.370     81.052    197.884     90.506
           1400.00    -196.069     82.821     85.603    201.194     91.514
           1450.00    -206.210     87.321     90.203    204.422     92.451
           1500.00    -216.510     91.866     94.847    207.571     93.325
           1550.00    -226.966     96.454     99.534    210.645     94.138
           1600.00    -237.573    101.081    104.260    213.646     94.897
           1650.00    -248.329    105.744    109.023    216.577     95.605
           1700.00    -259.230    110.442    113.820    219.441     96.266
           1800.00    -281.453    119.931    123.508    224.978     97.464
           1900.00    -304.217    129.532    133.308    230.276     98.514
           2000.00    -327.501    139.232    143.206    235.353     99.439
           2500.00    -451.001    188.855    193.823    257.930    102.717

 ==============================End of MSTor output==============================
