
 *******************************************************************************

   MSTor program version 2013 (2013)

   Jingjing Zheng, Steven L. Mielke, and Donald G. Truhlar

   Department of Chemistry and Supercomputing Institute
   University of Minnesota, Minneapolis, Minnesota, USA

   Copyright 2013
   Donald G. Truhlar and Regents of the University of Minnesota

   Citations: 
   MS-T(U) method
     J. Zheng, T. Yu, E. Papajak, I. M. Alecu, S. L. Mielke, and D. G. Truhlar,
     Phys. Chem. Chem. Phys. 13, 10885-10907 (2011).
   MS-T(C) method
     J. Zheng and D. G. Truhlar, J. Chem. Theory Comput., DOI: 10.1021/ct3010722.
   MSTor program
     J. Zheng, S. L. Mielke, K. L Clarkson, and D. G. Truhlar,
     Comp. Phys. Comm. 183, 1803-1812 (2012).
     J. Zheng, R. Meana-Paneda, and D. G. Truhlar, Comp. Phys. Comm.
     to be published as new version announcement.

 *******************************************************************************

                    Naming conventions for the MS methods
   -----------------------------------------------------------------------------
   Common name        Original or other names
   -----------------------------------------------------------------------------
   MS-LH         =    MS-HO (ref. 1)   =   MS-AS-HO (ref. 2)
   MS-T          =    MS-AS (ref. 1)   =   MS-AS-T  (ref. 2)
   -----------------------------------------------------------------------------
   Ref. 1: J. Zheng, T. Yu, E. Papajak, I. M. Alecu, S. L. Mielke, and
           D. G. Truhlar, Phys. Chem. Chem. Phys. 13, 10885 (2011).
   Ref. 2: T. Yu, J. Zheng, and D. G. Truhlar, Chem. Sci. 2, 2199 (2011)

   Calculation run on 07/01/2022 at 10:38:23  

   Number of structures:             1
   Number of torsions:               6
   Method:                           MS-T(C)
   Frequency scaling factor:         0.964
   Delta T for finite difference:    0.5 K
   Internal coordinates
     Bonds:         01-02  01-18  01-19  01-20  02-03  03-04  03-15  04-05  04-12
     Bonds:         05-06  05-08  06-07  07-09  07-11  15-21  04-13  03-14  07-10
     Bonds:         02-17  02-16
     Angles:        01-02-03  01-02-16  01-02-17  02-01-19  02-01-20  02-03-04
     Angles:        02-03-15  03-15-21  04-03-15  04-05-06  04-05-08  05-04-12
     Angles:        05-04-13  05-06-07  06-05-08  06-07-09  06-07-10  10-07-11
     Angles:        12-04-13  18-01-19
     Linear Angles: 
     Dihedrals:     01-03-17-02  02-04-14-03  02-14-15-03  02-19-20-01
     Dihedrals:     03-05-13-04  03-16-17-02  06-09-10-07  02-03-15-21
     Dihedrals:     02-18-19-01  03-05-12-04  06-10-11-07  04-03-02-01
     Dihedrals:     05-04-03-02  06-05-04-03  07-06-05-04  03-02-01-18
     Dihedrals:     05-06-07-09

   All moment output uses units of amu for masses and Angstroms for distances 

                           ==========================
                                Structure   1
                           ==========================

   Normal-mode Frequencies (cm-1) 
   (Overall translation and rotation projected out)
    1290.6683i      0.0001i      0.0000i      0.0000i      0.0000i      0.0000 
       0.0000      32.2935      70.3630      83.7198     138.3317     167.5361 
     175.1418     227.6594     242.3774     281.4350     307.7128     349.4155 
     364.6878     518.9297     579.9621     683.0799     748.2019     840.4053 
     851.8647     916.9988     937.4817    1021.0293    1046.4395    1074.7171 
    1108.0069    1117.1110    1163.9814    1190.0027    1193.2673    1199.7572 
    1216.5067    1243.6694    1269.0035    1300.0472    1363.8327    1392.6232 
    1405.8691    1428.4723    1454.3201    1457.9278    1464.0122    1475.0395 
    1477.4539    1479.2231    1604.4998    1822.3124    2981.8360    3004.3738 
    3016.0110    3021.6430    3029.3993    3060.5437    3080.4510    3083.3095 
    3090.0202    3114.3956    3147.6715 
   Torsion-projected frequencies/non-torsional frequencies (cm-1)
    1290.6597i    169.8321     239.5743     280.5182     306.3639     346.3313 
     362.5259     518.8558     577.3951     683.0209     747.3995     840.3820 
     851.8256     916.9878     937.4525    1021.0177    1046.4339    1074.7072 
    1107.9932    1117.1084    1163.6773    1189.9997    1193.2483    1199.7378 
    1216.4938    1243.6675    1268.9347    1300.0381    1363.8306    1392.6223 
    1405.8641    1428.4690    1454.3173    1457.9278    1463.9353    1475.0368 
    1477.4539    1479.2203    1604.4930    1822.3122    2981.8339    3004.3738 
    3016.0109    3021.6409    3029.3993    3060.5420    3080.4504    3083.3084 
    3090.0201    3114.3871    3147.6715 
   Product of consistently coupled torsional frequencies (in cm-1^ntor)  1.0778E+12
   Primitively coupled torsional frequencies (cm-1) (Not used)
      35.4642      80.9382      87.3311     140.7676     181.0484     241.4061 
   Product of primitively coupled torsional frequencies (in cm-1^ntor)   1.5423E+12
   Effective coupled torsional barrier (kcal/mol)
        0.999        1.105        2.686        3.463        4.708        7.332 

   D matrix: 
   m-n        1             2             3             4             5
    1   2.240573E+01 -1.837832E+00 -3.503939E+00 -1.107427E-01  1.415836E+00
    2  -1.837832E+00  2.477514E+01  7.063671E+00  5.071332E+00  2.034038E+00
    3  -3.503939E+00  7.063671E+00  4.260244E+01 -1.274923E+01  5.247651E-01
    4  -1.107427E-01  5.071332E+00 -1.274923E+01  1.727880E+01  4.111418E-01
    5   1.415836E+00  2.034038E+00  5.247651E-01  4.111418E-01  3.027101E+00
    6  -2.518040E-01  8.804246E-01  2.259839E+00  1.386281E+00  6.868753E-02
   m-n        6
    1  -2.518040E-01
    2   8.804246E-01
    3   2.259839E+00
    4   1.386281E+00
    5   6.868753E-02
    6   3.109952E+00

   Eigenvalues of D matrix:
     4.9384E+01    2.7928E+01    2.1741E+01    8.9249E+00    2.7106E+00    2.5106E+00
   Determinant of D matrix  1.385797E+029

          Uncoupled force constants (au), Pitzer moment of inertia (amu A^2),
   uncoupled torsional frequencies (cm-1), and uncoupled torsional barrier (kcal/mol)
   --------------------------------------------------------------------------------
   Torsion               1             2             3             4             5
   Force constant   2.04440E-02  2.69072E-02  8.39974E-03  4.44542E-02  2.09069E-02
   Moment          22.406       24.775       42.602       17.279        3.027
   Tor. Freq.        82.169       89.646       38.196      137.976      226.067
   Rot. barrier       3.315        4.363        1.362        7.208        2.915
   M_j,tau            2.782        2.782        2.782        2.782        3.000

   Torsion               6
   Force constant   8.11292E-03
   Moment           3.110
   Tor. Freq.       138.937
   Rot. barrier       1.131
   M_j,tau            3.000
   --------------------------------------------------------------------------------
   Potential Energy =   0.000 kcal/mol
   Weight =  1
   Overall rotational symmetry number =   1

       List of zero-point inclusive energy (kcal/mol) for each structure
      ------------------------------------------------------------------
        Structure            Energy (T = 0 K)
      ------------------------------------------------------------------
          1                    107.38
      ZPE of the system =      107.38


     Note: The following SS-HO and SS-T include the Rot. P.F. and Boltzmann factor,
           but are calculated with weight = 1 for each structure. Weights are
           counted in MS partition functions. Zero of energy is set to the potential
           energy of global minimum.

            Partition function of structure    1
     ================================================================
          T(K)      Rot.          SS-HO           SS-T     SS-T/SS-HO
        100.00    8.7545E+004   1.7010E-229   1.4232E-229    0.837
        200.00    2.4761E+005   2.3299E-110   2.3888E-110    1.025
        298.15    4.5070E+005   3.2101E-070   3.7393E-070    1.165
        300.00    4.5490E+005   1.0445E-069   1.2189E-069    1.167
        500.00    9.7878E+005   1.1274E-035   1.4779E-035    1.311
        750.00    1.7981E+006   6.7817E-017   8.9847E-017    1.325
       1000.00    2.7684E+006   3.3935E-006   4.2055E-006    1.239
       1100.00    3.1939E+006   5.5838E-003   6.6514E-003    1.191
       1150.00    3.4141E+006   1.5925E-001   1.8562E-001    1.166
       1200.00    3.6392E+006   3.7238E+000   4.2424E+000    1.139
       1250.00    3.8690E+006   7.2963E+001   8.1167E+001    1.112
       1300.00    4.1034E+006   1.2203E+003   1.3245E+003    1.085
       1350.00    4.3424E+006   1.7701E+004   1.8730E+004    1.058
       1400.00    4.5859E+006   2.2574E+005   2.3271E+005    1.031
       1450.00    4.8337E+006   2.5611E+006   2.5710E+006    1.004
       1500.00    5.0859E+006   2.6120E+007   2.5519E+007    0.977
       1550.00    5.3423E+006   2.4162E+008   2.2965E+008    0.950
       1600.00    5.6029E+006   2.0435E+009   1.8889E+009    0.924
       1650.00    5.8676E+006   1.5913E+010   1.4300E+010    0.899
       1700.00    6.1363E+006   1.1482E+011   1.0028E+011    0.873
       1800.00    6.6856E+006   4.8581E+012   4.0063E+012    0.825
       1900.00    7.2504E+006   1.6080E+014   1.2514E+014    0.778
       2000.00    7.8303E+006   4.2945E+015   3.1526E+015    0.734
       2500.00    1.0943E+007   4.9747E+021   2.7327E+021    0.549

     ================================================================
              Partition Functions Including All Structures
        -----------------------------------------------------------
        Zero of energy is set to potential energy of global minimum
        -----------------------------------------------------------
        T(K)    Elec.        Trans.              Con-rovib
                                            MS-LH    or     MS-T
        100.00  2.0000E+000  3.2877E+006  1.7010E-229  1.4232E-229
        200.00  2.0000E+000  1.8598E+007  2.3299E-110  2.3888E-110
        298.15  2.0000E+000  5.0464E+007  3.2101E-070  3.7393E-070
        300.00  2.0000E+000  5.1250E+007  1.0445E-069  1.2189E-069
        500.00  2.0000E+000  1.8379E+008  1.1274E-035  1.4779E-035
        750.00  2.0000E+000  5.0646E+008  6.7817E-017  8.9847E-017
       1000.00  2.0000E+000  1.0397E+009  3.3935E-006  4.2055E-006
       1100.00  2.0000E+000  1.3194E+009  5.5838E-003  6.6514E-003
       1150.00  2.0000E+000  1.4745E+009  1.5925E-001  1.8562E-001
       1200.00  2.0000E+000  1.6400E+009  3.7238E+000  4.2424E+000
       1250.00  2.0000E+000  1.8162E+009  7.2963E+001  8.1167E+001
       1300.00  2.0000E+000  2.0033E+009  1.2203E+003  1.3245E+003
       1350.00  2.0000E+000  2.2015E+009  1.7701E+004  1.8730E+004
       1400.00  2.0000E+000  2.4111E+009  2.2574E+005  2.3271E+005
       1450.00  2.0000E+000  2.6322E+009  2.5611E+006  2.5710E+006
       1500.00  2.0000E+000  2.8650E+009  2.6120E+007  2.5519E+007
       1550.00  2.0000E+000  3.1097E+009  2.4162E+008  2.2965E+008
       1600.00  2.0000E+000  3.3666E+009  2.0435E+009  1.8889E+009
       1650.00  2.0000E+000  3.6358E+009  1.5913E+010  1.4300E+010
       1700.00  2.0000E+000  3.9175E+009  1.1482E+011  1.0028E+011
       1800.00  2.0000E+000  4.5193E+009  4.8581E+012  4.0063E+012
       1900.00  2.0000E+000  5.1734E+009  1.6080E+014  1.2514E+014
       2000.00  2.0000E+000  5.8812E+009  4.2945E+015  3.1526E+015
       2500.00  2.0000E+000  1.0274E+010  4.9747E+021  2.7327E+021

             Total Partition Function (E + T + Con-rovib)
             ---------------------------------------------
                T(K)     E + T + MS-LH     E + T + MS-T
                100.00     1.1184E-222       9.3580E-223
                200.00     8.6663E-103       8.8854E-103
                298.15     3.2399E-062       3.7740E-062
                300.00     1.0706E-061       1.2493E-061
                500.00     4.1440E-027       5.4324E-027
                750.00     6.8693E-008       9.1008E-008
               1000.00     7.0562E+003       8.7447E+003
               1100.00     1.4734E+007       1.7551E+007
               1150.00     4.6963E+008       5.4739E+008
               1200.00     1.2214E+010       1.3915E+010
               1250.00     2.6503E+011       2.9483E+011
               1300.00     4.8894E+012       5.3067E+012
               1350.00     7.7938E+013       8.2469E+013
               1400.00     1.0885E+015       1.1222E+015
               1450.00     1.3483E+016       1.3534E+016
               1500.00     1.4966E+017       1.4622E+017
               1550.00     1.5027E+018       1.4283E+018
               1600.00     1.3759E+019       1.2718E+019
               1650.00     1.1572E+020       1.0399E+020
               1700.00     8.9959E+020       7.8574E+020
               1800.00     4.3911E+022       3.6211E+022
               1900.00     1.6638E+024       1.2947E+024
               2000.00     5.0514E+025       3.7083E+025
               2500.00     1.0222E+032       5.6151E+031

     ================================================================
              Partition Functions Including All Structures
        -----------------------------------------------------------
                    Zero of energy is set to ZPE
        -----------------------------------------------------------
        T(K)             Con-rovib                Total
                   MS-LH        MS-T       E+T+MS-LH    E+T+MS-T
        100.00  8.1742E+005  6.8393E+005  5.3749E+012  4.4971E+012
        200.00  5.1076E+007  5.2367E+007  1.8998E+015  1.9478E+015
        298.15  1.6564E+009  1.9294E+009  1.6718E+017  1.9473E+017
        300.00  1.7626E+009  2.0569E+009  1.8067E+017  2.1083E+017
        500.00  9.7370E+011  1.2764E+012  3.5791E+020  4.6918E+020
        750.00  1.3251E+015  1.7555E+015  1.3422E+024  1.7782E+024
       1000.00  9.9730E+017  1.2359E+018  2.0737E+027  2.5699E+027
       1100.00  1.2068E+019  1.4375E+019  3.1845E+028  3.7933E+028
       1150.00  4.0663E+019  4.7396E+019  1.1991E+029  1.3977E+029
       1200.00  1.3422E+020  1.5291E+020  4.4023E+029  5.0153E+029
       1250.00  4.3415E+020  4.8297E+020  1.5770E+030  1.7543E+030
       1300.00  1.3769E+021  1.4945E+021  5.5169E+030  5.9878E+030
       1350.00  4.2838E+021  4.5328E+021  1.8862E+031  1.9958E+031
       1400.00  1.3079E+022  1.3484E+022  6.3070E+031  6.5020E+031
       1450.00  3.9208E+022  3.9359E+022  2.0641E+032  2.0720E+032
       1500.00  1.1546E+023  1.1280E+023  6.6155E+032  6.4633E+032
       1550.00  3.3411E+023  3.1756E+023  2.0780E+033  1.9750E+033
       1600.00  9.5057E+023  8.7864E+023  6.4004E+033  5.9161E+033
       1650.00  2.6601E+024  2.3905E+024  1.9343E+034  1.7383E+034
       1700.00  7.3250E+024  6.3980E+024  5.7392E+034  5.0129E+034
       1800.00  5.3008E+025  4.3714E+025  4.7912E+035  3.9511E+035
       1900.00  3.6138E+026  2.8122E+026  3.7392E+036  2.9098E+036
       2000.00  2.3281E+027  1.7091E+027  2.7384E+037  2.0103E+037
       2500.00  1.2135E+031  6.6659E+030  2.4935E+041  1.3697E+041
     ================================================================

                     ==============================
                          Thermodynamic Functions
                      (Ideal gas at standard state)
                     ==============================
     T  - Temperature (Kelvin)        G  - Gibbs Free Energy (kcal/mol)
     E  - Thermal Energy (kcal/mol)   H  - Enthalpy (kcal/mol)
     S  - Entropy (cal/(mol-K))
     Cp - Heat Capacity at Constant Pressure (cal/(mol-K))
        -----------------------------------------------------------
        Zero of energy is set to potential energy of global minimum
        -----------------------------------------------------------

               Contribution from electronic P.F. 
     ================================================================
                  T          G          E          S
                100.00      -0.138      0.000      1.377
                200.00      -0.275      0.000      1.377
                298.15      -0.411      0.000      1.377
                300.00      -0.413      0.000      1.377
                500.00      -0.689      0.000      1.377
                750.00      -1.033      0.000      1.377
               1000.00      -1.377      0.000      1.377
               1100.00      -1.515      0.000      1.377
               1150.00      -1.584      0.000      1.377
               1200.00      -1.653      0.000      1.377
               1250.00      -1.722      0.000      1.377
               1300.00      -1.791      0.000      1.377
               1350.00      -1.860      0.000      1.377
               1400.00      -1.928      0.000      1.377
               1450.00      -1.997      0.000      1.377
               1500.00      -2.066      0.000      1.377
               1550.00      -2.135      0.000      1.377
               1600.00      -2.204      0.000      1.377
               1650.00      -2.273      0.000      1.377
               1700.00      -2.342      0.000      1.377
               1800.00      -2.479      0.000      1.377
               1900.00      -2.617      0.000      1.377
               2000.00      -2.755      0.000      1.377
               2500.00      -3.444      0.000      1.377

               Contribution from translational P.F. 
     ================================================================
                  T          G          E          S
                100.00      -2.982      0.298     34.788
                200.00      -6.653      0.596     38.231
                298.15     -10.509      0.889     40.215
                300.00     -10.583      0.894     40.246
                500.00     -18.908      1.490     42.783
                750.00     -29.872      2.236     44.798
               1000.00     -41.259      2.981     46.227
               1100.00     -45.906      3.279     46.700
               1150.00     -48.246      3.428     46.921
               1200.00     -50.598      3.577     47.133
               1250.00     -52.959      3.726     47.336
               1300.00     -55.331      3.875     47.530
               1350.00     -57.712      4.024     47.718
               1400.00     -60.103      4.173     47.899
               1450.00     -62.502      4.322     48.073
               1500.00     -64.910      4.471     48.241
               1550.00     -67.326      4.620     48.404
               1600.00     -69.750      4.769     48.562
               1650.00     -72.182      4.918     48.715
               1700.00     -74.622      5.067     48.863
               1800.00     -79.522      5.365     49.147
               1900.00     -84.451      5.664     49.416
               2000.00     -89.405      5.962     49.671
               2500.00    -114.528      7.452     50.779

        Contribution from conformational-rovibrational P.F. (MS-LH)
     ================================================================
                  T          G          E          S
                100.00     104.679    108.295     36.166
                200.00     100.330    110.385     50.274
                298.15      94.807    113.322     62.100
                300.00      94.692    113.386     62.315
                500.00      79.956    122.358     84.803
                750.00      55.488    138.292    110.406
               1000.00      25.026    157.792    132.766
               1100.00      11.340    166.307    140.878
               1150.00       4.199    170.688    144.773
               1200.00      -3.135    175.144    148.566
               1250.00     -10.656    179.670    152.261
               1300.00     -18.360    184.259    155.861
               1350.00     -26.241    188.909    159.370
               1400.00     -34.295    193.614    162.793
               1450.00     -42.519    198.371    166.131
               1500.00     -50.907    203.177    169.389
               1550.00     -59.456    208.028    172.570
               1600.00     -68.163    212.920    175.677
               1650.00     -77.023    217.852    178.712
               1700.00     -86.033    222.821    181.679
               1800.00    -104.490    232.860    187.416
               1900.00    -123.508    243.019    192.909
               2000.00    -143.064    253.286    198.175
               2500.00    -248.197    305.846    221.617

        Contribution from conformational-rovibrational P.F. (MS-T)
     ================================================================
                  T          G          E          S
                100.00     104.714    108.339     36.252
                200.00     100.320    110.517     50.985
                298.15      94.716    113.496     62.989
                300.00      94.600    113.561     63.205
                500.00      79.687    122.495     85.617
                750.00      55.068    138.130    110.748
               1000.00      24.600    157.064    132.464
               1100.00      10.958    165.290    140.302
               1150.00       3.849    169.515    144.058
               1200.00      -3.446    173.808    147.712
               1250.00     -10.921    178.163    151.268
               1300.00     -18.571    182.577    154.729
               1350.00     -26.392    187.044    158.101
               1400.00     -34.380    191.562    161.387
               1450.00     -42.530    196.126    164.590
               1500.00     -50.838    200.733    167.714
               1550.00     -59.300    205.381    170.762
               1600.00     -67.913    210.067    173.737
               1650.00     -76.672    214.788    176.642
               1700.00     -85.576    219.541    179.481
               1800.00    -103.800    229.139    184.966
               1900.00    -122.561    238.845    190.214
               2000.00    -141.836    248.646    195.241
               2500.00    -245.220    298.745    217.586

     Total (Translational + Electronic + conformational-rovib.(MS-LH))
     ======================================================================
              T          G          E          H          S          Cp
            100.00     101.559    108.593    108.792     72.331     20.848
            200.00      93.402    110.981    111.378     89.883     30.378
            298.15      83.887    114.211    114.803    103.692     39.634
            300.00      83.695    114.280    114.877    103.938     39.821
            500.00      60.360    123.848    124.842    128.963     59.297
            750.00      24.582    140.527    142.018    156.581     76.835
           1000.00     -17.610    160.773    162.760    180.370     88.335
           1100.00     -36.080    169.586    171.772    188.956     91.811
           1150.00     -45.632    174.116    176.401    193.072     93.361
           1200.00     -55.386    178.721    181.106    197.076     94.800
           1250.00     -65.337    183.396    185.880    200.974     96.135
           1300.00     -75.481    188.134    190.718    204.769     97.376
           1350.00     -85.813    192.933    195.616    208.466     98.531
           1400.00     -96.326    197.787    200.570    212.069     99.605
           1450.00    -107.018    202.694    205.575    215.581    100.606
           1500.00    -117.883    207.648    210.629    219.008    101.539
           1550.00    -128.917    212.648    215.728    222.352    102.410
           1600.00    -140.117    217.690    220.869    225.616    103.223
           1650.00    -151.478    222.771    226.049    228.804    103.984
           1700.00    -162.996    227.888    231.267    231.919    104.695
           1800.00    -186.491    238.225    241.802    237.941    105.986
           1900.00    -210.576    248.683    252.459    243.702    107.122
           2000.00    -235.224    259.248    263.222    249.223    108.126
           2500.00    -366.168    313.298    318.266    273.774    111.717

     Total (Translational + Electronic + conformational-rovib.(MS-T))
     ======================================================================
              T          G          E          H          S          Cp
            100.00     101.595    108.637    108.836     72.417     21.799
            200.00      93.392    111.113    111.511     90.594     31.034
            298.15      83.797    114.385    114.978    104.581     39.865
            300.00      83.603    114.455    115.052    104.828     40.044
            500.00      60.091    123.986    124.979    129.777     58.673
            750.00      24.163    140.365    141.856    156.923     75.072
           1000.00     -18.036    160.045    162.032    180.068     85.609
           1100.00     -36.463    168.569    170.755    188.380     88.764
           1150.00     -45.982    172.943    175.228    192.357     90.167
           1200.00     -55.697    177.385    179.770    196.222     91.467
           1250.00     -65.602    181.890    184.374    199.981     92.672
           1300.00     -75.693    186.452    189.035    203.637     93.790
           1350.00     -85.964    191.068    193.751    207.197     94.829
           1400.00     -96.411    195.735    198.517    210.663     95.795
           1450.00    -107.029    200.448    203.330    214.040     96.693
           1500.00    -117.814    205.205    208.185    217.333     97.530
           1550.00    -128.761    210.001    213.082    220.544     98.311
           1600.00    -139.867    214.836    218.016    223.677     99.039
           1650.00    -151.128    219.706    222.985    226.735     99.720
           1700.00    -162.539    224.609    227.987    229.721    100.356
           1800.00    -185.802    234.504    238.081    235.491    101.509
           1900.00    -209.629    244.508    248.284    241.007    102.523
           2000.00    -233.996    254.608    258.582    246.289    103.418
           2500.00    -363.192    306.197    311.165    269.743    106.615

                        --------------------------------
                         Zero of energy is set to ZPE
                        --------------------------------

     Total (Translational + Electronic + conformational-rovib.(MS-LH))
     ======================================================================
              T          G          E          H          S          Cp
            100.00      -5.825      1.209      1.408     72.331     20.848
            200.00     -13.982      3.597      3.994     89.883     30.378
            298.15     -23.497      6.826      7.419    103.692     39.634
            300.00     -23.689      6.896      7.492    103.938     39.821
            500.00     -47.024     16.464     17.457    128.963     59.297
            750.00     -82.802     33.143     34.634    156.581     76.835
           1000.00    -124.994     53.389     55.376    180.370     88.335
           1100.00    -143.465     62.202     64.387    188.956     91.811
           1150.00    -153.016     66.732     69.017    193.072     93.361
           1200.00    -162.770     71.337     73.722    197.076     94.800
           1250.00    -172.722     76.011     78.496    200.974     96.135
           1300.00    -182.866     80.750     83.334    204.769     97.376
           1350.00    -193.197     85.549     88.232    208.466     98.531
           1400.00    -203.711     90.403     93.185    212.069     99.605
           1450.00    -214.402     95.310     98.191    215.581    100.606
           1500.00    -225.267    100.264    103.245    219.008    101.539
           1550.00    -236.302    105.264    108.344    222.352    102.410
           1600.00    -247.501    110.305    113.485    225.616    103.223
           1650.00    -258.862    115.386    118.665    228.804    103.984
           1700.00    -270.380    120.504    123.882    231.919    104.695
           1800.00    -293.876    130.841    134.418    237.941    105.986
           1900.00    -317.960    141.299    145.074    243.702    107.122
           2000.00    -342.608    151.863    155.838    249.223    108.126
           2500.00    -473.552    205.914    210.882    273.774    111.717

     Total (Translational + Electronic + conformational-rovib.(MS-T))
     ======================================================================
              T          G          E          H          S          Cp
            100.00      -5.789      1.253      1.452     72.417     21.799
            200.00     -13.992      3.729      4.127     90.594     31.034
            298.15     -23.587      7.001      7.594    104.581     39.865
            300.00     -23.781      7.071      7.667    104.828     40.044
            500.00     -47.293     16.602     17.595    129.777     58.673
            750.00     -83.221     32.981     34.472    156.923     75.072
           1000.00    -125.421     52.661     54.648    180.068     85.609
           1100.00    -143.847     61.185     63.371    188.380     88.764
           1150.00    -153.366     65.559     67.844    192.357     90.167
           1200.00    -163.081     70.001     72.386    196.222     91.467
           1250.00    -172.986     74.505     76.989    199.981     92.672
           1300.00    -183.077     79.068     81.651    203.637     93.790
           1350.00    -193.349     83.684     86.367    207.197     94.829
           1400.00    -203.795     88.351     91.133    210.663     95.795
           1450.00    -214.413     93.064     95.945    214.040     96.693
           1500.00    -225.198     97.820    100.801    217.333     97.530
           1550.00    -236.145    102.617    105.698    220.544     98.311
           1600.00    -247.251    107.452    110.631    223.677     99.039
           1650.00    -258.512    112.322    115.601    226.735     99.720
           1700.00    -269.924    117.224    120.603    229.721    100.356
           1800.00    -293.186    127.120    130.697    235.491    101.509
           1900.00    -317.013    137.124    140.900    241.007    102.523
           2000.00    -341.380    147.224    151.198    246.289    103.418
           2500.00    -470.576    198.813    203.781    269.743    106.615

 ==============================End of MSTor output==============================
