
 *******************************************************************************

   MSTor program version 2013 (2013)

   Jingjing Zheng, Steven L. Mielke, and Donald G. Truhlar

   Department of Chemistry and Supercomputing Institute
   University of Minnesota, Minneapolis, Minnesota, USA

   Copyright 2013
   Donald G. Truhlar and Regents of the University of Minnesota

   Citations: 
   MS-T(U) method
     J. Zheng, T. Yu, E. Papajak, I. M. Alecu, S. L. Mielke, and D. G. Truhlar,
     Phys. Chem. Chem. Phys. 13, 10885-10907 (2011).
   MS-T(C) method
     J. Zheng and D. G. Truhlar, J. Chem. Theory Comput., DOI: 10.1021/ct3010722.
   MSTor program
     J. Zheng, S. L. Mielke, K. L Clarkson, and D. G. Truhlar,
     Comp. Phys. Comm. 183, 1803-1812 (2012).
     J. Zheng, R. Meana-Paneda, and D. G. Truhlar, Comp. Phys. Comm.
     to be published as new version announcement.

 *******************************************************************************

                    Naming conventions for the MS methods
   -----------------------------------------------------------------------------
   Common name        Original or other names
   -----------------------------------------------------------------------------
   MS-LH         =    MS-HO (ref. 1)   =   MS-AS-HO (ref. 2)
   MS-T          =    MS-AS (ref. 1)   =   MS-AS-T  (ref. 2)
   -----------------------------------------------------------------------------
   Ref. 1: J. Zheng, T. Yu, E. Papajak, I. M. Alecu, S. L. Mielke, and
           D. G. Truhlar, Phys. Chem. Chem. Phys. 13, 10885 (2011).
   Ref. 2: T. Yu, J. Zheng, and D. G. Truhlar, Chem. Sci. 2, 2199 (2011)

   Calculation run on 01/25/2022 at 12:45:08  

   Number of structures:             3
   Number of torsions:               6
   Method:                           MS-T(C)
   Frequency scaling factor:         0.964
   Delta T for finite difference:    0.5 K
   Internal coordinates
     Bonds:         01-02  01-18  01-19  01-20  02-03  03-04  03-15  04-05  04-12
     Bonds:         05-06  05-08  06-07  07-09  07-11  15-21  04-13  03-14  07-10
     Bonds:         02-17  02-16
     Angles:        01-02-03  01-02-16  01-02-17  02-01-19  02-01-20  02-03-04
     Angles:        02-03-15  03-15-21  04-03-15  04-05-06  04-05-08  05-04-12
     Angles:        05-04-13  05-06-07  06-05-08  06-07-09  06-07-10  10-07-11
     Angles:        12-04-13  18-01-19
     Linear Angles: 
     Dihedrals:     01-03-17-02  02-04-14-03  02-14-15-03  02-19-20-01
     Dihedrals:     03-05-13-04  03-16-17-02  06-09-10-07  02-03-15-21
     Dihedrals:     02-18-19-01  03-05-12-04  06-10-11-07  04-03-02-01
     Dihedrals:     05-04-03-02  06-05-04-03  07-06-05-04  03-02-01-18
     Dihedrals:     05-06-07-09

   All moment output uses units of amu for masses and Angstroms for distances 

                           ==========================
                                Structure   1
                           ==========================

   Normal-mode Frequencies (cm-1) 
   (Overall translation and rotation projected out)
    1290.6683i      0.0001i      0.0000i      0.0000i      0.0000i      0.0000 
       0.0000      32.2935      70.3630      83.7198     138.3317     167.5361 
     175.1418     227.6594     242.3774     281.4350     307.7128     349.4155 
     364.6878     518.9297     579.9621     683.0799     748.2019     840.4053 
     851.8647     916.9988     937.4817    1021.0293    1046.4395    1074.7171 
    1108.0069    1117.1110    1163.9814    1190.0027    1193.2673    1199.7572 
    1216.5067    1243.6694    1269.0035    1300.0472    1363.8327    1392.6232 
    1405.8691    1428.4723    1454.3201    1457.9278    1464.0122    1475.0395 
    1477.4539    1479.2231    1604.4998    1822.3124    2981.8360    3004.3738 
    3016.0110    3021.6430    3029.3993    3060.5437    3080.4510    3083.3095 
    3090.0202    3114.3956    3147.6715 
   Torsion-projected frequencies/non-torsional frequencies (cm-1)
    1290.6597i    169.8321     239.5743     280.5182     306.3639     346.3313 
     362.5259     518.8558     577.3951     683.0209     747.3995     840.3820 
     851.8256     916.9878     937.4525    1021.0177    1046.4339    1074.7072 
    1107.9932    1117.1084    1163.6773    1189.9997    1193.2483    1199.7378 
    1216.4938    1243.6675    1268.9347    1300.0381    1363.8306    1392.6223 
    1405.8641    1428.4690    1454.3173    1457.9278    1463.9353    1475.0368 
    1477.4539    1479.2203    1604.4930    1822.3122    2981.8339    3004.3738 
    3016.0109    3021.6409    3029.3993    3060.5420    3080.4504    3083.3084 
    3090.0201    3114.3871    3147.6715 
   Product of consistently coupled torsional frequencies (in cm-1^ntor)  1.0778E+12
   Primitively coupled torsional frequencies (cm-1) (Not used)
      35.4642      80.9382      87.3311     140.7676     181.0484     241.4061 
   Product of primitively coupled torsional frequencies (in cm-1^ntor)   1.5423E+12
   Effective coupled torsional barrier (kcal/mol)
        0.999        1.105        2.686        3.463        4.708        7.332 

   D matrix: 
   m-n        1             2             3             4             5
    1   2.240573E+01 -1.837832E+00 -3.503939E+00 -1.107427E-01  1.415836E+00
    2  -1.837832E+00  2.477514E+01  7.063671E+00  5.071332E+00  2.034038E+00
    3  -3.503939E+00  7.063671E+00  4.260244E+01 -1.274923E+01  5.247651E-01
    4  -1.107427E-01  5.071332E+00 -1.274923E+01  1.727880E+01  4.111418E-01
    5   1.415836E+00  2.034038E+00  5.247651E-01  4.111418E-01  3.027101E+00
    6  -2.518040E-01  8.804246E-01  2.259839E+00  1.386281E+00  6.868753E-02
   m-n        6
    1  -2.518040E-01
    2   8.804246E-01
    3   2.259839E+00
    4   1.386281E+00
    5   6.868753E-02
    6   3.109952E+00

   Eigenvalues of D matrix:
     4.9384E+01    2.7928E+01    2.1741E+01    8.9249E+00    2.7106E+00    2.5106E+00
   Determinant of D matrix  1.385797E+029

          Uncoupled force constants (au), Pitzer moment of inertia (amu A^2),
   uncoupled torsional frequencies (cm-1), and uncoupled torsional barrier (kcal/mol)
   --------------------------------------------------------------------------------
   Torsion               1             2             3             4             5
   Force constant   2.04440E-02  2.69072E-02  8.39974E-03  4.44542E-02  2.09069E-02
   Moment          22.406       24.775       42.602       17.279        3.027
   Tor. Freq.        82.169       89.646       38.196      137.976      226.067
   Rot. barrier       3.315        4.363        1.362        7.208        2.915
   M_j,tau            2.782        2.782        2.782        2.782        3.000

   Torsion               6
   Force constant   8.11292E-03
   Moment           3.110
   Tor. Freq.       138.937
   Rot. barrier       1.131
   M_j,tau            3.000
   --------------------------------------------------------------------------------
   Potential Energy =   0.000 kcal/mol
   Weight =  1
   Overall rotational symmetry number =   1

                           ==========================
                                Structure   2
                           ==========================

   Normal-mode Frequencies (cm-1) 
   (Overall translation and rotation projected out)
    1321.7534i      0.0000i      0.0000i      0.0000       0.0000       0.0000 
       0.0000      33.9480      63.9505      97.8398     113.9456     138.2614 
     176.5168     228.0765     249.8492     290.6771     314.2819     330.8584 
     356.7105     484.4724     583.0718     702.1264     750.0556     827.1438 
     895.4639     925.4902     931.0910    1028.5804    1056.1209    1081.9414 
    1098.1985    1126.9700    1164.3730    1175.6717    1189.0020    1200.2200 
    1217.7354    1231.5348    1266.8327    1285.1246    1362.8206    1396.4029 
    1415.6783    1424.9275    1455.1922    1461.1767    1463.7636    1474.5328 
    1477.6006    1479.8516    1569.2615    1829.9524    2965.4961    2981.7343 
    3005.9720    3015.9446    3029.1531    3052.3202    3084.3761    3090.7781 
    3091.8845    3114.2259    3147.3110 
   Torsion-projected frequencies/non-torsional frequencies (cm-1)
    1321.7231i    110.9481     248.1267     289.2357     313.7177     326.4292 
     355.8585     484.2176     580.5494     702.0814     749.2982     826.9199 
     895.4598     925.4854     931.0100    1028.5763    1056.1176    1081.9276 
    1098.1967    1126.9659    1164.0559    1175.6652    1189.0001    1200.2155 
    1217.7198    1231.5310    1266.7619    1285.1203    1362.8183    1396.4021 
    1415.6778    1424.9048    1455.1885    1461.1765    1463.6862    1474.5318 
    1477.6005    1479.8478    1569.2559    1829.9511    2965.4961    2981.7342 
    3005.9719    3015.9441    3029.1531    3052.3180    3084.3751    3090.7780 
    3091.8843    3114.2175    3147.3110 
   Product of consistently coupled torsional frequencies (in cm-1^ntor)  1.2592E+12
   Primitively coupled torsional frequencies (cm-1) (Not used)
      36.6590      67.5284     111.2314     140.1156     182.7300     241.6213 
   Product of primitively coupled torsional frequencies (in cm-1^ntor)   1.7034E+12
   Effective coupled torsional barrier (kcal/mol)
        1.102        1.200        2.616        2.879        4.129        8.460 

   D matrix: 
   m-n        1             2             3             4             5
    1   1.958637E+01 -3.614223E+00  1.461576E+01 -4.727350E+00  9.898484E-01
    2  -3.614223E+00  2.347350E+01 -2.300436E+00  7.780257E+00  2.149147E+00
    3   1.461576E+01 -2.300436E+00  3.261781E+01 -1.236398E+01  9.672509E-01
    4  -4.727350E+00  7.780257E+00 -1.236398E+01  1.827244E+01  2.526127E-01
    5   9.898484E-01  2.149147E+00  9.672509E-01  2.526127E-01  3.027726E+00
    6   7.268877E-01  3.867670E-01  1.548300E+00  1.479360E+00  9.075951E-02
   m-n        6
    1   7.268877E-01
    2   3.867670E-01
    3   1.548300E+00
    4   1.479360E+00
    5   9.075951E-02
    6   3.064400E+00

   Eigenvalues of D matrix:
     4.9589E+01    2.4647E+01    1.3276E+01    7.3445E+00    2.6938E+00    2.4917E+00
   Determinant of D matrix  6.087111E+028

          Uncoupled force constants (au), Pitzer moment of inertia (amu A^2),
   uncoupled torsional frequencies (cm-1), and uncoupled torsional barrier (kcal/mol)
   --------------------------------------------------------------------------------
   Torsion               1             2             3             4             5
   Force constant   2.08465E-02  1.47955E-02  6.60476E-03  4.45446E-02  2.06802E-02
   Moment          19.586       23.474       32.618       18.272        3.028
   Tor. Freq.        88.745       68.294       38.709      134.309      224.814
   Rot. barrier       3.931        2.790        1.245        8.400        2.884
   M_j,tau            2.580        2.580        2.580        2.580        3.000

   Torsion               6
   Force constant   8.14045E-03
   Moment           3.064
   Tor. Freq.       140.203
   Rot. barrier       1.135
   M_j,tau            3.000
   --------------------------------------------------------------------------------
   Potential Energy =   0.199 kcal/mol
   Weight =  1
   Overall rotational symmetry number =   1

                           ==========================
                                Structure   3
                           ==========================

   Normal-mode Frequencies (cm-1) 
   (Overall translation and rotation projected out)
    1289.2988i      0.0001i      0.0000i      0.0000i      0.0000       0.0000 
       0.0000      31.1805      43.8066     118.6601     139.4497     161.9956 
     172.5835     230.0688     272.5573     288.7850     292.9689     357.8856 
     444.0015     493.4729     583.4673     683.9866     750.2706     830.2314 
     853.0494     917.0641     944.6726     981.8354    1045.8550    1075.0001 
    1090.6908    1127.9127    1163.8718    1179.0018    1190.3244    1204.0653 
    1217.7208    1239.1858    1268.1442    1344.4090    1352.1821    1387.2920 
    1401.1228    1432.0928    1455.3646    1457.6690    1463.8127    1475.9453 
    1477.4127    1483.4543    1599.6779    1821.7723    2993.8979    3003.1751 
    3022.0755    3029.2819    3038.3657    3068.5914    3080.4837    3088.2782 
    3089.9582    3114.1935    3147.5996 
   Torsion-projected frequencies/non-torsional frequencies (cm-1)
    1289.2651i    161.0880     254.3939     281.5069     289.5406     356.4197 
     442.7313     493.2022     581.0086     683.8995     749.9315     830.1948 
     852.8876     917.0381     944.6414     981.7584    1045.8532    1074.8934 
    1090.6784    1127.9047    1163.5690    1178.9919    1190.3238    1204.0493 
    1217.7110    1239.1805    1268.1084    1344.4019    1352.1777    1387.2882 
    1401.1210    1432.0605    1455.3567    1457.6686    1463.7322    1475.9107 
    1477.4121    1483.4265    1599.6691    1821.7719    2993.8955    3003.1728 
    3022.0732    3029.2819    3038.3643    3068.5865    3080.4819    3088.2775 
    3089.9559    3114.1850    3147.5995 
   Product of consistently coupled torsional frequencies (in cm-1^ntor)  1.0171E+12
   Primitively coupled torsional frequencies (cm-1) (Not used)
      34.1972      48.3411     125.8741     142.3180     180.9437     266.8214 
   Product of primitively coupled torsional frequencies (in cm-1^ntor)   1.4298E+12
   Effective coupled torsional barrier (kcal/mol)
        0.914        1.089        2.359        3.226        5.109        6.957 

   D matrix: 
   m-n        1             2             3             4             5
    1   2.629848E+01  2.222023E+01 -5.135962E+00  6.140750E+00  1.408110E+00
    2   2.222023E+01  4.455673E+01  8.119972E+00  9.444168E+00 -4.688647E-01
    3  -5.135962E+00  8.119972E+00  4.119891E+01 -1.140810E+01  4.238193E-01
    4   6.140750E+00  9.444168E+00 -1.140810E+01  1.794350E+01 -2.368415E-01
    5   1.408110E+00 -4.688647E-01  4.238193E-01 -2.368415E-01  3.085203E+00
    6   9.441357E-02  1.289837E+00  2.238132E+00  1.537107E+00  1.435871E-02
   m-n        6
    1   9.441357E-02
    2   1.289837E+00
    3   2.238132E+00
    4   1.537107E+00
    5   1.435871E-02
    6   3.118505E+00

   Eigenvalues of D matrix:
     6.2410E+01    4.7731E+01    1.3621E+01    7.2215E+00    2.7422E+00    2.4754E+00
   Determinant of D matrix  1.513499E+029

          Uncoupled force constants (au), Pitzer moment of inertia (amu A^2),
   uncoupled torsional frequencies (cm-1), and uncoupled torsional barrier (kcal/mol)
   --------------------------------------------------------------------------------
   Torsion               1             2             3             4             5
   Force constant   1.99514E-02  2.66131E-02  8.46433E-03  4.45123E-02  2.31541E-02
   Moment          26.298       44.557       41.199       17.944        3.085
   Tor. Freq.        74.925       66.481       38.990      135.485      235.655
   Rot. barrier       3.068        4.092        1.301        6.844        3.229
   M_j,tau            2.857        2.857        2.857        2.857        3.000

   Torsion               6
   Force constant   8.02625E-03
   Moment           3.119
   Tor. Freq.       138.003
   Rot. barrier       1.119
   M_j,tau            3.000
   --------------------------------------------------------------------------------
   Potential Energy =   0.644 kcal/mol
   Weight =  1
   Overall rotational symmetry number =   1

       List of zero-point inclusive energy (kcal/mol) for each structure
      ------------------------------------------------------------------
        Structure            Energy (T = 0 K)
      ------------------------------------------------------------------
          1                    107.38
          2                    107.43
          3                    108.18
      ZPE of the system =      107.38


     Note: The following SS-HO and SS-T include the Rot. P.F. and Boltzmann factor,
           but are calculated with weight = 1 for each structure. Weights are
           counted in MS partition functions. Zero of energy is set to the potential
           energy of global minimum.

            Partition function of structure    1
     ================================================================
          T(K)      Rot.          SS-HO           SS-T     SS-T/SS-HO
        100.00    8.7545E+004   1.7010E-229   1.4232E-229    0.837
        125.00    1.2235E+005   4.4697E-182   3.9542E-182    0.885
        200.00    2.4761E+005   2.3299E-110   2.3888E-110    1.025
        298.15    4.5070E+005   3.2101E-070   3.7393E-070    1.165
        300.00    4.5490E+005   1.0445E-069   1.2189E-069    1.167
        500.00    9.7878E+005   1.1274E-035   1.4779E-035    1.311
        750.00    1.7981E+006   6.7817E-017   8.9847E-017    1.325
       1000.00    2.7684E+006   3.3935E-006   4.2055E-006    1.239
       1100.00    3.1939E+006   5.5838E-003   6.6514E-003    1.191
       1150.00    3.4141E+006   1.5925E-001   1.8562E-001    1.166
       1200.00    3.6392E+006   3.7238E+000   4.2424E+000    1.139
       1250.00    3.8690E+006   7.2963E+001   8.1167E+001    1.112
       1300.00    4.1034E+006   1.2203E+003   1.3245E+003    1.085
       1350.00    4.3424E+006   1.7701E+004   1.8730E+004    1.058
       1400.00    4.5859E+006   2.2574E+005   2.3271E+005    1.031
       1450.00    4.8337E+006   2.5611E+006   2.5710E+006    1.004
       1500.00    5.0859E+006   2.6120E+007   2.5519E+007    0.977
       1550.00    5.3423E+006   2.4162E+008   2.2965E+008    0.950
       1600.00    5.6029E+006   2.0435E+009   1.8889E+009    0.924
       1650.00    5.8676E+006   1.5913E+010   1.4300E+010    0.899
       1700.00    6.1363E+006   1.1482E+011   1.0028E+011    0.873
       1800.00    6.6856E+006   4.8581E+012   4.0063E+012    0.825
       1900.00    7.2504E+006   1.6080E+014   1.2514E+014    0.778
       2000.00    7.8303E+006   4.2945E+015   3.1526E+015    0.734
       2500.00    1.0943E+007   4.9747E+021   2.7327E+021    0.549

            Partition function of structure    2
     ================================================================
          T(K)      Rot.          SS-HO           SS-T     SS-T/SS-HO
        100.00    8.8212E+004   1.4739E-229   1.2923E-229    0.877
        125.00    1.2328E+005   4.1405E-182   3.8305E-182    0.925
        200.00    2.4950E+005   2.4223E-110   2.6115E-110    1.078
        298.15    4.5413E+005   3.5915E-070   4.4898E-070    1.250
        300.00    4.5836E+005   1.1697E-069   1.4655E-069    1.253
        500.00    9.8624E+005   1.3459E-035   1.9535E-035    1.451
        750.00    1.8118E+006   8.3739E-017   1.2340E-016    1.474
       1000.00    2.7895E+006   4.2670E-006   5.8253E-006    1.365
       1100.00    3.2182E+006   7.0579E-003   9.2194E-003    1.306
       1150.00    3.4401E+006   2.0177E-001   2.5731E-001    1.275
       1200.00    3.6669E+006   4.7282E+000   5.8808E+000    1.244
       1250.00    3.8985E+006   9.2829E+001   1.1250E+002    1.212
       1300.00    4.1347E+006   1.5555E+003   1.8356E+003    1.180
       1350.00    4.3755E+006   2.2603E+004   2.5954E+004    1.148
       1400.00    4.6208E+006   2.8874E+005   3.2242E+005    1.117
       1450.00    4.8706E+006   3.2811E+006   3.5613E+006    1.085
       1500.00    5.1247E+006   3.3512E+007   3.5343E+007    1.055
       1550.00    5.3830E+006   3.1044E+008   3.1801E+008    1.024
       1600.00    5.6456E+006   2.6291E+009   2.6152E+009    0.995
       1650.00    5.9123E+006   2.0499E+010   1.9797E+010    0.966
       1700.00    6.1830E+006   1.4808E+011   1.3881E+011    0.937
       1800.00    6.7365E+006   6.2798E+012   5.5444E+012    0.883
       1900.00    7.3056E+006   2.0829E+014   1.7316E+014    0.831
       2000.00    7.8899E+006   5.5731E+015   4.3623E+015    0.783
       2500.00    1.1026E+007   6.5037E+021   3.7829E+021    0.582

            Partition function of structure    3
     ================================================================
          T(K)      Rot.          SS-HO           SS-T     SS-T/SS-HO
        100.00    8.5327E+004   3.6178E-231   3.1218E-231    0.863
        125.00    1.1925E+005   2.0961E-183   1.9181E-183    0.915
        200.00    2.4134E+005   3.4873E-111   3.7105E-111    1.064
        298.15    4.3928E+005   8.8981E-071   1.0734E-070    1.206
        300.00    4.4337E+005   2.9174E-070   3.5256E-070    1.208
        500.00    9.5399E+005   5.1233E-036   6.8509E-036    1.337
        750.00    1.7526E+006   3.9179E-017   5.1786E-017    1.322
       1000.00    2.6983E+006   2.2084E-006   2.6834E-006    1.215
       1100.00    3.1130E+006   3.7529E-003   4.3586E-003    1.161
       1150.00    3.3276E+006   1.0854E-001   1.2303E-001    1.133
       1200.00    3.5470E+006   2.5708E+000   2.8412E+000    1.105
       1250.00    3.7710E+006   5.0968E+001   5.4874E+001    1.077
       1300.00    3.9995E+006   8.6174E+002   9.0319E+002    1.048
       1350.00    4.2324E+006   1.2626E+004   1.2874E+004    1.020
       1400.00    4.4697E+006   1.6252E+005   1.6113E+005    0.991
       1450.00    4.7113E+006   1.8599E+006   1.7921E+006    0.964
       1500.00    4.9571E+006   1.9121E+007   1.7899E+007    0.936
       1550.00    5.2070E+006   1.7821E+008   1.6201E+008    0.909
       1600.00    5.4609E+006   1.5179E+009   1.3397E+009    0.883
       1650.00    5.7189E+006   1.1899E+010   1.0194E+010    0.857
       1700.00    5.9808E+006   8.6384E+010   7.1823E+010    0.831
       1800.00    6.5162E+006   3.6969E+012   2.8937E+012    0.783
       1900.00    7.0667E+006   1.2361E+014   9.1063E+013    0.737
       2000.00    7.6319E+006   3.3315E+015   2.3095E+015    0.693
       2500.00    1.0666E+007   3.9941E+021   2.0513E+021    0.514

     ================================================================
              Partition Functions Including All Structures
        -----------------------------------------------------------
        Zero of energy is set to potential energy of global minimum
        -----------------------------------------------------------
        T(K)    Elec.        Trans.              Con-rovib
                                            MS-LH    or     MS-T
        100.00  2.0000E+000  3.2877E+006  3.2111E-229  2.7467E-229
        125.00  2.0000E+000  5.7434E+006  8.8198E-182  7.9765E-182
        200.00  2.0000E+000  1.8598E+007  5.1009E-110  5.3714E-110
        298.15  2.0000E+000  5.0464E+007  7.6915E-070  9.3025E-070
        300.00  2.0000E+000  5.1250E+007  2.5059E-069  3.0369E-069
        500.00  2.0000E+000  1.8379E+008  2.9856E-035  4.1165E-035
        750.00  2.0000E+000  5.0646E+008  1.9073E-016  2.6503E-016
       1000.00  2.0000E+000  1.0397E+009  9.8689E-006  1.2714E-005
       1100.00  2.0000E+000  1.3194E+009  1.6395E-002  2.0229E-002
       1150.00  2.0000E+000  1.4745E+009  4.6957E-001  5.6597E-001
       1200.00  2.0000E+000  1.6400E+009  1.1023E+001  1.2964E+001
       1250.00  2.0000E+000  1.8162E+009  2.1676E+002  2.4855E+002
       1300.00  2.0000E+000  2.0033E+009  3.6376E+003  4.0633E+003
       1350.00  2.0000E+000  2.2015E+009  5.2930E+004  5.7557E+004
       1400.00  2.0000E+000  2.4111E+009  6.7699E+005  7.1626E+005
       1450.00  2.0000E+000  2.6322E+009  7.7021E+006  7.9244E+006
       1500.00  2.0000E+000  2.8650E+009  7.8753E+007  7.8761E+007
       1550.00  2.0000E+000  3.1097E+009  7.3027E+008  7.0967E+008
       1600.00  2.0000E+000  3.3666E+009  6.1905E+009  5.8439E+009
       1650.00  2.0000E+000  3.6358E+009  4.8312E+010  4.4291E+010
       1700.00  2.0000E+000  3.9175E+009  3.4928E+011  3.1092E+011
       1800.00  2.0000E+000  4.5193E+009  1.4835E+013  1.2444E+013
       1900.00  2.0000E+000  5.1734E+009  4.9271E+014  3.8936E+014
       2000.00  2.0000E+000  5.8812E+009  1.3199E+016  9.8244E+015
       2500.00  2.0000E+000  1.0274E+010  1.5472E+022  8.5669E+021

             Total Partition Function (E + T + Con-rovib)
             ---------------------------------------------
                T(K)     E + T + MS-LH     E + T + MS-T
                100.00     2.1114E-222       1.8060E-222
                125.00     1.0131E-174       9.1623E-175
                200.00     1.8973E-102       1.9979E-102
                298.15     7.7628E-062       9.3888E-062
                300.00     2.5686E-061       3.1129E-061
                500.00     1.0974E-026       1.5131E-026
                750.00     1.9320E-007       2.6846E-007
               1000.00     2.0521E+004       2.6437E+004
               1100.00     4.3262E+007       5.3381E+007
               1150.00     1.3847E+009       1.6690E+009
               1200.00     3.6155E+010       4.2523E+010
               1250.00     7.8736E+011       9.0282E+011
               1300.00     1.4574E+013       1.6280E+013
               1350.00     2.3305E+014       2.5343E+014
               1400.00     3.2646E+015       3.4539E+015
               1450.00     4.0546E+016       4.1716E+016
               1500.00     4.5125E+017       4.5129E+017
               1550.00     4.5419E+018       4.4138E+018
               1600.00     4.1682E+019       3.9348E+019
               1650.00     3.5130E+020       3.2207E+020
               1700.00     2.7367E+021       2.4361E+021
               1800.00     1.3409E+023       1.1248E+023
               1900.00     5.0979E+024       4.0286E+024
               2000.00     1.5525E+026       1.1556E+026
               2500.00     3.1793E+032       1.7603E+032

     ================================================================
              Partition Functions Including All Structures
        -----------------------------------------------------------
                    Zero of energy is set to ZPE
        -----------------------------------------------------------
        T(K)             Con-rovib                Total
                   MS-LH        MS-T       E+T+MS-LH    E+T+MS-T
        100.00  1.5431E+006  1.3200E+006  1.0147E+013  8.6792E+012
        125.00  4.9075E+006  4.4382E+006  5.6371E+013  5.0981E+013
        200.00  1.1182E+008  1.1775E+008  4.1593E+015  4.3798E+015
        298.15  3.9688E+009  4.8001E+009  4.0056E+017  4.8446E+017
        300.00  4.2288E+009  5.1249E+009  4.3345E+017  5.2531E+017
        500.00  2.5786E+012  3.5553E+012  9.4783E+020  1.3068E+021
        750.00  3.7267E+015  5.1785E+015  3.7749E+024  5.2454E+024
       1000.00  2.9003E+018  3.7365E+018  6.0306E+027  7.7694E+027
       1100.00  3.5433E+019  4.3721E+019  9.3499E+028  1.1537E+029
       1150.00  1.1990E+020  1.4451E+020  3.5357E+029  4.2615E+029
       1200.00  3.9729E+020  4.6726E+020  1.3031E+030  1.5326E+030
       1250.00  1.2898E+021  1.4789E+021  4.6850E+030  5.3721E+030
       1300.00  4.1045E+021  4.5848E+021  1.6445E+031  1.8369E+031
       1350.00  1.2810E+022  1.3929E+022  5.6401E+031  6.1332E+031
       1400.00  3.9225E+022  4.1500E+022  1.8915E+032  2.0012E+032
       1450.00  1.1791E+023  1.2131E+023  6.2072E+032  6.3864E+032
       1500.00  3.4811E+023  3.4814E+023  1.9946E+033  1.9948E+033
       1550.00  1.0098E+024  9.8133E+023  6.2805E+033  6.1033E+033
       1600.00  2.8796E+024  2.7184E+024  1.9389E+034  1.8303E+034
       1650.00  8.0758E+024  7.4038E+024  5.8724E+034  5.3838E+034
       1700.00  2.2284E+025  1.9836E+025  1.7459E+035  1.5542E+035
       1800.00  1.6187E+026  1.3578E+026  1.4631E+036  1.2273E+036
       1900.00  1.1073E+027  8.7502E+026  1.1457E+037  9.0536E+036
       2000.00  7.1553E+027  5.3259E+027  8.4164E+037  6.2646E+037
       2500.00  3.7742E+031  2.0897E+031  7.7553E+041  4.2940E+041
     ================================================================

                     ==============================
                          Thermodynamic Functions
                      (Ideal gas at standard state)
                     ==============================
     T  - Temperature (Kelvin)        G  - Gibbs Free Energy (kcal/mol)
     E  - Thermal Energy (kcal/mol)   H  - Enthalpy (kcal/mol)
     S  - Entropy (cal/(mol-K))
     Cp - Heat Capacity at Constant Pressure (cal/(mol-K))
        -----------------------------------------------------------
        Zero of energy is set to potential energy of global minimum
        -----------------------------------------------------------

               Contribution from electronic P.F. 
     ================================================================
                  T          G          E          S
                100.00      -0.138      0.000      1.377
                125.00      -0.172      0.000      1.377
                200.00      -0.275      0.000      1.377
                298.15      -0.411      0.000      1.377
                300.00      -0.413      0.000      1.377
                500.00      -0.689      0.000      1.377
                750.00      -1.033      0.000      1.377
               1000.00      -1.377      0.000      1.377
               1100.00      -1.515      0.000      1.377
               1150.00      -1.584      0.000      1.377
               1200.00      -1.653      0.000      1.377
               1250.00      -1.722      0.000      1.377
               1300.00      -1.791      0.000      1.377
               1350.00      -1.860      0.000      1.377
               1400.00      -1.928      0.000      1.377
               1450.00      -1.997      0.000      1.377
               1500.00      -2.066      0.000      1.377
               1550.00      -2.135      0.000      1.377
               1600.00      -2.204      0.000      1.377
               1650.00      -2.273      0.000      1.377
               1700.00      -2.342      0.000      1.377
               1800.00      -2.479      0.000      1.377
               1900.00      -2.617      0.000      1.377
               2000.00      -2.755      0.000      1.377
               2500.00      -3.444      0.000      1.377

               Contribution from translational P.F. 
     ================================================================
                  T          G          E          S
                100.00      -2.982      0.298     34.788
                125.00      -3.866      0.373     35.896
                200.00      -6.653      0.596     38.231
                298.15     -10.509      0.889     40.215
                300.00     -10.583      0.894     40.246
                500.00     -18.908      1.490     42.783
                750.00     -29.872      2.236     44.798
               1000.00     -41.259      2.981     46.227
               1100.00     -45.906      3.279     46.700
               1150.00     -48.246      3.428     46.921
               1200.00     -50.598      3.577     47.133
               1250.00     -52.959      3.726     47.336
               1300.00     -55.331      3.875     47.530
               1350.00     -57.712      4.024     47.718
               1400.00     -60.103      4.173     47.899
               1450.00     -62.502      4.322     48.073
               1500.00     -64.910      4.471     48.241
               1550.00     -67.326      4.620     48.404
               1600.00     -69.750      4.769     48.562
               1650.00     -72.182      4.918     48.715
               1700.00     -74.622      5.067     48.863
               1800.00     -79.522      5.365     49.147
               1900.00     -84.451      5.664     49.416
               2000.00     -89.405      5.962     49.671
               2500.00    -114.528      7.452     50.779

        Contribution from conformational-rovibrational P.F. (MS-LH)
     ================================================================
                  T          G          E          S
                100.00     104.552    108.333     37.808
                125.00     103.557    108.779     41.773
                200.00     100.019    110.476     52.289
                298.15      94.289    113.450     64.266
                300.00      94.170    113.515     64.482
                500.00      78.989    122.525     87.073
                750.00      53.946    138.484    112.717
               1000.00      22.905    157.999    135.094
               1100.00       8.986    166.518    143.211
               1150.00       1.728    170.901    147.108
               1200.00      -5.723    175.359    150.902
               1250.00     -13.361    179.887    154.598
               1300.00     -21.181    184.478    158.199
               1350.00     -29.179    189.129    161.710
               1400.00     -37.351    193.836    165.133
               1450.00     -45.691    198.594    168.473
               1500.00     -54.197    203.401    171.732
               1550.00     -62.863    208.253    174.914
               1600.00     -71.687    213.147    178.021
               1650.00     -80.664    218.080    181.057
               1700.00     -89.791    223.049    184.024
               1800.00    -108.483    233.090    189.763
               1900.00    -127.736    243.251    195.256
               2000.00    -147.527    253.519    200.523
               2500.00    -253.834    306.085    223.968

        Contribution from conformational-rovibrational P.F. (MS-T)
     ================================================================
                  T          G          E          S
                100.00     104.584    108.377     37.936
                125.00     103.582    108.848     42.126
                200.00      99.998    110.616     53.092
                298.15      94.176    113.644     65.293
                300.00      94.055    113.709     65.512
                500.00      78.669    122.673     88.007
                750.00      53.456    138.287    113.109
               1000.00      22.401    157.198    134.797
               1100.00       8.527    165.417    142.628
               1150.00       1.301    169.640    146.382
               1200.00      -6.110    173.931    150.034
               1250.00     -13.701    178.284    153.588
               1300.00     -21.467    182.696    157.049
               1350.00     -29.404    187.162    160.419
               1400.00     -37.508    191.678    163.704
               1450.00     -45.773    196.242    166.907
               1500.00     -54.197    200.848    170.030
               1550.00     -62.775    205.496    173.078
               1600.00     -71.504    210.181    176.053
               1650.00     -80.379    214.902    178.958
               1700.00     -89.398    219.656    181.796
               1800.00    -107.854    229.254    187.282
               1900.00    -126.847    238.960    192.530
               2000.00    -146.353    248.762    197.558
               2500.00    -250.897    298.867    219.906

     Total (Translational + Electronic + conformational-rovib.(MS-LH))
     ======================================================================
              T          G          E          H          S          Cp
            100.00     101.433    108.631    108.830     73.973     21.347
            125.00      99.519    109.151    109.400     79.047     24.148
            200.00      93.090    111.072    111.470     91.897     30.850
            298.15      83.370    114.339    114.931    105.858     39.923
            300.00      83.174    114.409    115.005    106.105     40.106
            500.00      59.392    124.015    125.009    131.234     59.431
            750.00      23.041    140.720    142.210    158.892     76.908
           1000.00     -19.731    160.980    162.967    182.698     88.383
           1100.00     -38.435    169.797    171.983    191.289     91.852
           1150.00     -48.103    174.329    176.615    195.406     93.399
           1200.00     -57.974    178.936    181.321    199.412     94.835
           1250.00     -68.042    183.613    186.097    203.311     96.168
           1300.00     -78.303    188.353    190.936    207.107     97.408
           1350.00     -88.751    193.153    195.836    210.805     98.560
           1400.00     -99.382    198.009    200.791    214.409     99.633
           1450.00    -110.191    202.916    205.798    217.923    100.632
           1500.00    -121.173    207.872    210.853    221.351    101.563
           1550.00    -132.324    212.873    215.953    224.695    102.433
           1600.00    -143.641    217.916    221.095    227.960    103.245
           1650.00    -155.119    222.998    226.277    231.149    104.004
           1700.00    -166.755    228.117    231.495    234.265    104.714
           1800.00    -190.485    238.455    242.032    240.287    106.003
           1900.00    -214.803    248.915    252.690    246.049    107.138
           2000.00    -239.686    259.481    263.455    251.571    108.140
           2500.00    -371.805    313.537    318.505    276.124    111.727

     Total (Translational + Electronic + conformational-rovib.(MS-T))
     ======================================================================
              T          G          E          H          S          Cp
            100.00     101.464    108.675    108.874     74.101     22.302
            125.00      99.544    109.221    109.469     79.400     25.193
            200.00      93.070    111.213    111.610     92.701     31.636
            298.15      83.257    114.532    115.125    106.885     40.225
            300.00      83.059    114.603    115.199    107.135     40.400
            500.00      59.073    124.163    125.157    132.168     58.667
            750.00      22.551    140.523    142.014    159.284     74.965
           1000.00     -20.235    160.179    162.166    182.401     85.534
           1100.00     -38.894    168.696    170.882    190.706     88.706
           1150.00     -48.530    173.068    175.353    194.681     90.117
           1200.00     -58.361    177.508    179.892    198.544     91.424
           1250.00     -68.382    182.010    184.494    202.301     92.636
           1300.00     -78.589    186.571    189.154    205.956     93.761
           1350.00     -88.976    191.186    193.869    209.515     94.805
           1400.00     -99.539    195.852    198.634    212.980     95.776
           1450.00    -110.273    200.564    203.445    216.357     96.679
           1500.00    -121.173    205.320    208.301    219.649     97.520
           1550.00    -132.236    210.116    213.196    222.860     98.304
           1600.00    -143.458    214.951    218.130    225.992     99.036
           1650.00    -154.835    219.820    223.099    229.051     99.719
           1700.00    -166.362    224.723    228.101    232.037    100.357
           1800.00    -189.856    234.619    238.196    237.807    101.514
           1900.00    -213.915    244.624    248.399    243.323    102.531
           2000.00    -238.513    254.724    258.698    248.606    103.428
           2500.00    -368.869    306.319    311.287    272.062    106.628

                        --------------------------------
                         Zero of energy is set to ZPE
                        --------------------------------

     Total (Translational + Electronic + conformational-rovib.(MS-LH))
     ======================================================================
              T          G          E          H          S          Cp
            100.00      -5.951      1.247      1.446     73.973     21.347
            125.00      -7.865      1.767      2.016     79.047     24.148
            200.00     -14.294      3.688      4.086     91.897     30.850
            298.15     -24.015      6.955      7.547    105.858     39.923
            300.00     -24.211      7.025      7.621    106.105     40.106
            500.00     -47.992     16.631     17.625    131.234     59.431
            750.00     -84.343     33.335     34.826    158.892     76.908
           1000.00    -127.116     53.595     55.583    182.698     88.383
           1100.00    -145.819     62.413     64.599    191.289     91.852
           1150.00    -155.487     66.945     69.231    195.406     93.399
           1200.00    -165.358     71.552     73.937    199.412     94.835
           1250.00    -175.426     76.228     78.712    203.311     96.168
           1300.00    -185.687     80.969     83.552    207.107     97.408
           1350.00    -196.135     85.769     88.452    210.805     98.560
           1400.00    -206.766     90.625     93.407    214.409     99.633
           1450.00    -217.575     95.532     98.414    217.923    100.632
           1500.00    -228.557    100.488    103.469    221.351    101.563
           1550.00    -239.708    105.489    108.569    224.695    102.433
           1600.00    -251.025    110.532    113.711    227.960    103.245
           1650.00    -262.503    115.614    118.893    231.149    104.004
           1700.00    -274.139    120.733    124.111    234.265    104.714
           1800.00    -297.869    131.071    134.648    240.287    106.003
           1900.00    -322.188    141.531    145.306    246.049    107.138
           2000.00    -347.071    152.097    156.071    251.571    108.140
           2500.00    -479.189    206.153    211.121    276.124    111.727

     Total (Translational + Electronic + conformational-rovib.(MS-T))
     ======================================================================
              T          G          E          H          S          Cp
            100.00      -5.920      1.291      1.490     74.101     22.302
            125.00      -7.840      1.836      2.085     79.400     25.193
            200.00     -14.314      3.829      4.226     92.701     31.636
            298.15     -24.127      7.148      7.741    106.885     40.225
            300.00     -24.325      7.219      7.815    107.135     40.400
            500.00     -48.311     16.779     17.773    132.168     58.667
            750.00     -84.833     33.139     34.629    159.284     74.965
           1000.00    -127.619     52.795     54.782    182.401     85.534
           1100.00    -146.279     61.312     63.498    190.706     88.706
           1150.00    -155.914     65.684     67.969    194.681     90.117
           1200.00    -165.745     70.123     72.508    198.544     91.424
           1250.00    -175.766     74.626     77.110    202.301     92.636
           1300.00    -185.973     79.187     81.770    205.956     93.761
           1350.00    -196.360     83.802     86.485    209.515     94.805
           1400.00    -206.923     88.467     91.250    212.980     95.776
           1450.00    -217.657     93.180     96.061    216.357     96.679
           1500.00    -228.558     97.936    100.916    219.649     97.520
           1550.00    -239.621    102.732    105.812    222.860     98.304
           1600.00    -250.842    107.566    110.746    225.992     99.036
           1650.00    -262.219    112.436    115.715    229.051     99.719
           1700.00    -273.746    117.339    120.717    232.037    100.357
           1800.00    -297.241    127.235    130.812    237.807    101.514
           1900.00    -321.299    137.240    141.015    243.323    102.531
           2000.00    -345.898    147.340    151.314    248.606    103.428
           2500.00    -476.253    198.935    203.903    272.062    106.628

 ==============================End of MSTor output==============================
