
 *******************************************************************************

   MSTor program version 2013 (2013)

   Jingjing Zheng, Steven L. Mielke, and Donald G. Truhlar

   Department of Chemistry and Supercomputing Institute
   University of Minnesota, Minneapolis, Minnesota, USA

   Copyright 2013
   Donald G. Truhlar and Regents of the University of Minnesota

   Citations: 
   MS-T(U) method
     J. Zheng, T. Yu, E. Papajak, I. M. Alecu, S. L. Mielke, and D. G. Truhlar,
     Phys. Chem. Chem. Phys. 13, 10885-10907 (2011).
   MS-T(C) method
     J. Zheng and D. G. Truhlar, J. Chem. Theory Comput., DOI: 10.1021/ct3010722.
   MSTor program
     J. Zheng, S. L. Mielke, K. L Clarkson, and D. G. Truhlar,
     Comp. Phys. Comm. 183, 1803-1812 (2012).
     J. Zheng, R. Meana-Paneda, and D. G. Truhlar, Comp. Phys. Comm.
     to be published as new version announcement.

 *******************************************************************************

                    Naming conventions for the MS methods
   -----------------------------------------------------------------------------
   Common name        Original or other names
   -----------------------------------------------------------------------------
   MS-LH         =    MS-HO (ref. 1)   =   MS-AS-HO (ref. 2)
   MS-T          =    MS-AS (ref. 1)   =   MS-AS-T  (ref. 2)
   -----------------------------------------------------------------------------
   Ref. 1: J. Zheng, T. Yu, E. Papajak, I. M. Alecu, S. L. Mielke, and
           D. G. Truhlar, Phys. Chem. Chem. Phys. 13, 10885 (2011).
   Ref. 2: T. Yu, J. Zheng, and D. G. Truhlar, Chem. Sci. 2, 2199 (2011)

   Calculation run on 02/23/2022 at 21:07:05  

   Number of structures:             2
   Number of torsions:               6
   Method:                           MS-T(C)
   Frequency scaling factor:         0.964
   Delta T for finite difference:    0.5 K
   Internal coordinates
     Bonds:         01-02  01-18  01-19  01-20  02-03  03-04  03-15  04-05  04-12
     Bonds:         05-06  05-08  06-07  07-09  07-11  15-21  04-13  03-14  07-10
     Bonds:         02-17  02-16
     Angles:        01-02-03  01-02-16  01-02-17  02-01-19  02-01-20  02-03-04
     Angles:        02-03-15  03-15-21  04-03-15  04-05-06  04-05-08  05-04-12
     Angles:        05-04-13  05-06-07  06-05-08  06-07-09  06-07-10  10-07-11
     Angles:        12-04-13  18-01-19
     Linear Angles: 
     Dihedrals:     01-03-17-02  02-04-14-03  02-14-15-03  02-19-20-01
     Dihedrals:     03-05-13-04  03-16-17-02  06-09-10-07  02-03-15-21
     Dihedrals:     02-18-19-01  03-05-12-04  06-10-11-07  04-03-02-01
     Dihedrals:     05-04-03-02  06-05-04-03  07-06-05-04  03-02-01-18
     Dihedrals:     05-06-07-09

   All moment output uses units of amu for masses and Angstroms for distances 

                           ==========================
                                Structure   1
                           ==========================

   Normal-mode Frequencies (cm-1) 
   (Overall translation and rotation projected out)
    1290.6683i      0.0001i      0.0000i      0.0000i      0.0000i      0.0000 
       0.0000      32.2935      70.3630      83.7198     138.3317     167.5361 
     175.1418     227.6594     242.3774     281.4350     307.7128     349.4155 
     364.6878     518.9297     579.9621     683.0799     748.2019     840.4053 
     851.8647     916.9988     937.4817    1021.0293    1046.4395    1074.7171 
    1108.0069    1117.1110    1163.9814    1190.0027    1193.2673    1199.7572 
    1216.5067    1243.6694    1269.0035    1300.0472    1363.8327    1392.6232 
    1405.8691    1428.4723    1454.3201    1457.9278    1464.0122    1475.0395 
    1477.4539    1479.2231    1604.4998    1822.3124    2981.8360    3004.3738 
    3016.0110    3021.6430    3029.3993    3060.5437    3080.4510    3083.3095 
    3090.0202    3114.3956    3147.6715 
   Torsion-projected frequencies/non-torsional frequencies (cm-1)
    1290.6597i    169.8321     239.5743     280.5182     306.3639     346.3313 
     362.5259     518.8558     577.3951     683.0209     747.3995     840.3820 
     851.8256     916.9878     937.4525    1021.0177    1046.4339    1074.7072 
    1107.9932    1117.1084    1163.6773    1189.9997    1193.2483    1199.7378 
    1216.4938    1243.6675    1268.9347    1300.0381    1363.8306    1392.6223 
    1405.8641    1428.4690    1454.3173    1457.9278    1463.9353    1475.0368 
    1477.4539    1479.2203    1604.4930    1822.3122    2981.8339    3004.3738 
    3016.0109    3021.6409    3029.3993    3060.5420    3080.4504    3083.3084 
    3090.0201    3114.3871    3147.6715 
   Product of consistently coupled torsional frequencies (in cm-1^ntor)  1.0778E+12
   Primitively coupled torsional frequencies (cm-1) (Not used)
      35.4642      80.9382      87.3311     140.7676     181.0484     241.4061 
   Product of primitively coupled torsional frequencies (in cm-1^ntor)   1.5423E+12
   Effective coupled torsional barrier (kcal/mol)
        0.999        1.105        2.686        3.463        4.708        7.332 

   D matrix: 
   m-n        1             2             3             4             5
    1   2.240573E+01 -1.837832E+00 -3.503939E+00 -1.107427E-01  1.415836E+00
    2  -1.837832E+00  2.477514E+01  7.063671E+00  5.071332E+00  2.034038E+00
    3  -3.503939E+00  7.063671E+00  4.260244E+01 -1.274923E+01  5.247651E-01
    4  -1.107427E-01  5.071332E+00 -1.274923E+01  1.727880E+01  4.111418E-01
    5   1.415836E+00  2.034038E+00  5.247651E-01  4.111418E-01  3.027101E+00
    6  -2.518040E-01  8.804246E-01  2.259839E+00  1.386281E+00  6.868753E-02
   m-n        6
    1  -2.518040E-01
    2   8.804246E-01
    3   2.259839E+00
    4   1.386281E+00
    5   6.868753E-02
    6   3.109952E+00

   Eigenvalues of D matrix:
     4.9384E+01    2.7928E+01    2.1741E+01    8.9249E+00    2.7106E+00    2.5106E+00
   Determinant of D matrix  1.385797E+029

          Uncoupled force constants (au), Pitzer moment of inertia (amu A^2),
   uncoupled torsional frequencies (cm-1), and uncoupled torsional barrier (kcal/mol)
   --------------------------------------------------------------------------------
   Torsion               1             2             3             4             5
   Force constant   2.04440E-02  2.69072E-02  8.39974E-03  4.44542E-02  2.09069E-02
   Moment          22.406       24.775       42.602       17.279        3.027
   Tor. Freq.        82.169       89.646       38.196      137.976      226.067
   Rot. barrier       3.315        4.363        1.362        7.208        2.915
   M_j,tau            2.782        2.782        2.782        2.782        3.000

   Torsion               6
   Force constant   8.11292E-03
   Moment           3.110
   Tor. Freq.       138.937
   Rot. barrier       1.131
   M_j,tau            3.000
   --------------------------------------------------------------------------------
   Potential Energy =   0.000 kcal/mol
   Weight =  1
   Overall rotational symmetry number =   1

                           ==========================
                                Structure   2
                           ==========================

   Normal-mode Frequencies (cm-1) 
   (Overall translation and rotation projected out)
    1321.7534i      0.0000i      0.0000i      0.0000       0.0000       0.0000 
       0.0000      33.9480      63.9505      97.8398     113.9456     138.2614 
     176.5168     228.0765     249.8492     290.6771     314.2819     330.8584 
     356.7105     484.4724     583.0718     702.1264     750.0556     827.1438 
     895.4639     925.4902     931.0910    1028.5804    1056.1209    1081.9414 
    1098.1985    1126.9700    1164.3730    1175.6717    1189.0020    1200.2200 
    1217.7354    1231.5348    1266.8327    1285.1246    1362.8206    1396.4029 
    1415.6783    1424.9275    1455.1922    1461.1767    1463.7636    1474.5328 
    1477.6006    1479.8516    1569.2615    1829.9524    2965.4961    2981.7343 
    3005.9720    3015.9446    3029.1531    3052.3202    3084.3761    3090.7781 
    3091.8845    3114.2259    3147.3110 
   Torsion-projected frequencies/non-torsional frequencies (cm-1)
    1321.7231i    110.9481     248.1267     289.2357     313.7177     326.4292 
     355.8585     484.2176     580.5494     702.0814     749.2982     826.9199 
     895.4598     925.4854     931.0100    1028.5763    1056.1176    1081.9276 
    1098.1967    1126.9659    1164.0559    1175.6652    1189.0001    1200.2155 
    1217.7198    1231.5310    1266.7619    1285.1203    1362.8183    1396.4021 
    1415.6778    1424.9048    1455.1885    1461.1765    1463.6862    1474.5318 
    1477.6005    1479.8478    1569.2559    1829.9511    2965.4961    2981.7342 
    3005.9719    3015.9441    3029.1531    3052.3180    3084.3751    3090.7780 
    3091.8843    3114.2175    3147.3110 
   Product of consistently coupled torsional frequencies (in cm-1^ntor)  1.2592E+12
   Primitively coupled torsional frequencies (cm-1) (Not used)
      36.6590      67.5284     111.2314     140.1156     182.7300     241.6213 
   Product of primitively coupled torsional frequencies (in cm-1^ntor)   1.7034E+12
   Effective coupled torsional barrier (kcal/mol)
        1.102        1.200        2.616        2.879        4.129        8.460 

   D matrix: 
   m-n        1             2             3             4             5
    1   1.958637E+01 -3.614223E+00  1.461576E+01 -4.727350E+00  9.898484E-01
    2  -3.614223E+00  2.347350E+01 -2.300436E+00  7.780257E+00  2.149147E+00
    3   1.461576E+01 -2.300436E+00  3.261781E+01 -1.236398E+01  9.672509E-01
    4  -4.727350E+00  7.780257E+00 -1.236398E+01  1.827244E+01  2.526127E-01
    5   9.898484E-01  2.149147E+00  9.672509E-01  2.526127E-01  3.027726E+00
    6   7.268877E-01  3.867670E-01  1.548300E+00  1.479360E+00  9.075951E-02
   m-n        6
    1   7.268877E-01
    2   3.867670E-01
    3   1.548300E+00
    4   1.479360E+00
    5   9.075951E-02
    6   3.064400E+00

   Eigenvalues of D matrix:
     4.9589E+01    2.4647E+01    1.3276E+01    7.3445E+00    2.6938E+00    2.4917E+00
   Determinant of D matrix  6.087111E+028

          Uncoupled force constants (au), Pitzer moment of inertia (amu A^2),
   uncoupled torsional frequencies (cm-1), and uncoupled torsional barrier (kcal/mol)
   --------------------------------------------------------------------------------
   Torsion               1             2             3             4             5
   Force constant   2.08465E-02  1.47955E-02  6.60476E-03  4.45446E-02  2.06802E-02
   Moment          19.586       23.474       32.618       18.272        3.028
   Tor. Freq.        88.745       68.294       38.709      134.309      224.814
   Rot. barrier       3.931        2.790        1.245        8.400        2.884
   M_j,tau            2.580        2.580        2.580        2.580        3.000

   Torsion               6
   Force constant   8.14045E-03
   Moment           3.064
   Tor. Freq.       140.203
   Rot. barrier       1.135
   M_j,tau            3.000
   --------------------------------------------------------------------------------
   Potential Energy =   0.199 kcal/mol
   Weight =  1
   Overall rotational symmetry number =   1

       List of zero-point inclusive energy (kcal/mol) for each structure
      ------------------------------------------------------------------
        Structure            Energy (T = 0 K)
      ------------------------------------------------------------------
          1                    107.38
          2                    107.43
      ZPE of the system =      107.38


     Note: The following SS-HO and SS-T include the Rot. P.F. and Boltzmann factor,
           but are calculated with weight = 1 for each structure. Weights are
           counted in MS partition functions. Zero of energy is set to the potential
           energy of global minimum.

            Partition function of structure    1
     ================================================================
          T(K)      Rot.          SS-HO           SS-T     SS-T/SS-HO
        100.00    8.7545E+004   1.7010E-229   1.4232E-229    0.837
        200.00    2.4761E+005   2.3299E-110   2.3888E-110    1.025
        298.15    4.5070E+005   3.2101E-070   3.7393E-070    1.165
        300.00    4.5490E+005   1.0445E-069   1.2189E-069    1.167
        500.00    9.7878E+005   1.1274E-035   1.4779E-035    1.311
        750.00    1.7981E+006   6.7817E-017   8.9847E-017    1.325
       1000.00    2.7684E+006   3.3935E-006   4.2055E-006    1.239
       1100.00    3.1939E+006   5.5838E-003   6.6514E-003    1.191
       1150.00    3.4141E+006   1.5925E-001   1.8562E-001    1.166
       1200.00    3.6392E+006   3.7238E+000   4.2424E+000    1.139
       1250.00    3.8690E+006   7.2963E+001   8.1167E+001    1.112
       1300.00    4.1034E+006   1.2203E+003   1.3245E+003    1.085
       1350.00    4.3424E+006   1.7701E+004   1.8730E+004    1.058
       1400.00    4.5859E+006   2.2574E+005   2.3271E+005    1.031
       1450.00    4.8337E+006   2.5611E+006   2.5710E+006    1.004
       1500.00    5.0859E+006   2.6120E+007   2.5519E+007    0.977
       1550.00    5.3423E+006   2.4162E+008   2.2965E+008    0.950
       1600.00    5.6029E+006   2.0435E+009   1.8889E+009    0.924
       1650.00    5.8676E+006   1.5913E+010   1.4300E+010    0.899
       1700.00    6.1363E+006   1.1482E+011   1.0028E+011    0.873
       1800.00    6.6856E+006   4.8581E+012   4.0063E+012    0.825
       1900.00    7.2504E+006   1.6080E+014   1.2514E+014    0.778
       2000.00    7.8303E+006   4.2945E+015   3.1526E+015    0.734
       2500.00    1.0943E+007   4.9747E+021   2.7327E+021    0.549

            Partition function of structure    2
     ================================================================
          T(K)      Rot.          SS-HO           SS-T     SS-T/SS-HO
        100.00    8.8212E+004   1.4739E-229   1.2923E-229    0.877
        200.00    2.4950E+005   2.4223E-110   2.6115E-110    1.078
        298.15    4.5413E+005   3.5915E-070   4.4898E-070    1.250
        300.00    4.5836E+005   1.1697E-069   1.4655E-069    1.253
        500.00    9.8624E+005   1.3459E-035   1.9535E-035    1.451
        750.00    1.8118E+006   8.3739E-017   1.2340E-016    1.474
       1000.00    2.7895E+006   4.2670E-006   5.8253E-006    1.365
       1100.00    3.2182E+006   7.0579E-003   9.2194E-003    1.306
       1150.00    3.4401E+006   2.0177E-001   2.5731E-001    1.275
       1200.00    3.6669E+006   4.7282E+000   5.8808E+000    1.244
       1250.00    3.8985E+006   9.2829E+001   1.1250E+002    1.212
       1300.00    4.1347E+006   1.5555E+003   1.8356E+003    1.180
       1350.00    4.3755E+006   2.2603E+004   2.5954E+004    1.148
       1400.00    4.6208E+006   2.8874E+005   3.2242E+005    1.117
       1450.00    4.8706E+006   3.2811E+006   3.5613E+006    1.085
       1500.00    5.1247E+006   3.3512E+007   3.5343E+007    1.055
       1550.00    5.3830E+006   3.1044E+008   3.1801E+008    1.024
       1600.00    5.6456E+006   2.6291E+009   2.6152E+009    0.995
       1650.00    5.9123E+006   2.0499E+010   1.9797E+010    0.966
       1700.00    6.1830E+006   1.4808E+011   1.3881E+011    0.937
       1800.00    6.7365E+006   6.2798E+012   5.5444E+012    0.883
       1900.00    7.3056E+006   2.0829E+014   1.7316E+014    0.831
       2000.00    7.8899E+006   5.5731E+015   4.3623E+015    0.783
       2500.00    1.1026E+007   6.5037E+021   3.7829E+021    0.582

     ================================================================
              Partition Functions Including All Structures
        -----------------------------------------------------------
        Zero of energy is set to potential energy of global minimum
        -----------------------------------------------------------
        T(K)    Elec.        Trans.              Con-rovib
                                            MS-LH    or     MS-T
        100.00  2.0000E+000  3.2877E+006  3.1749E-229  2.7155E-229
        200.00  2.0000E+000  1.8598E+007  4.7522E-110  5.0003E-110
        298.15  2.0000E+000  5.0464E+007  6.8016E-070  8.2291E-070
        300.00  2.0000E+000  5.1250E+007  2.2142E-069  2.6844E-069
        500.00  2.0000E+000  1.8379E+008  2.4733E-035  3.4314E-035
        750.00  2.0000E+000  5.0646E+008  1.5156E-016  2.1325E-016
       1000.00  2.0000E+000  1.0397E+009  7.6605E-006  1.0031E-005
       1100.00  2.0000E+000  1.3194E+009  1.2642E-002  1.5871E-002
       1150.00  2.0000E+000  1.4745E+009  3.6102E-001  4.4294E-001
       1200.00  2.0000E+000  1.6400E+009  8.4520E+000  1.0123E+001
       1250.00  2.0000E+000  1.8162E+009  1.6579E+002  1.9367E+002
       1300.00  2.0000E+000  2.0033E+009  2.7758E+003  3.1601E+003
       1350.00  2.0000E+000  2.2015E+009  4.0304E+004  4.4683E+004
       1400.00  2.0000E+000  2.4111E+009  5.1448E+005  5.5513E+005
       1450.00  2.0000E+000  2.6322E+009  5.8422E+006  6.1323E+006
       1500.00  2.0000E+000  2.8650E+009  5.9632E+007  6.0861E+007
       1550.00  2.0000E+000  3.1097E+009  5.5206E+008  5.4766E+008
       1600.00  2.0000E+000  3.3666E+009  4.6726E+009  4.5041E+009
       1650.00  2.0000E+000  3.6358E+009  3.6413E+010  3.4097E+010
       1700.00  2.0000E+000  3.9175E+009  2.6290E+011  2.3910E+011
       1800.00  2.0000E+000  4.5193E+009  1.1138E+013  9.5507E+012
       1900.00  2.0000E+000  5.1734E+009  3.6909E+014  2.9829E+014
       2000.00  2.0000E+000  5.8812E+009  9.8675E+015  7.5149E+015
       2500.00  2.0000E+000  1.0274E+010  1.1478E+022  6.5156E+021

             Total Partition Function (E + T + Con-rovib)
             ---------------------------------------------
                T(K)     E + T + MS-LH     E + T + MS-T
                100.00     2.0876E-222       1.7855E-222
                200.00     1.7676E-102       1.8599E-102
                298.15     6.8647E-062       8.3054E-062
                300.00     2.2695E-061       2.7515E-061
                500.00     9.0912E-027       1.2613E-026
                750.00     1.5351E-007       2.1600E-007
               1000.00     1.5929E+004       2.0857E+004
               1100.00     3.3359E+007       4.1879E+007
               1150.00     1.0646E+009       1.3062E+009
               1200.00     2.7723E+010       3.3204E+010
               1250.00     6.0222E+011       7.0350E+011
               1300.00     1.1122E+013       1.2661E+013
               1350.00     1.7746E+014       1.9674E+014
               1400.00     2.4809E+015       2.6769E+015
               1450.00     3.0755E+016       3.2282E+016
               1500.00     3.4169E+017       3.4873E+017
               1550.00     3.4335E+018       3.4061E+018
               1600.00     3.1462E+019       3.0327E+019
               1650.00     2.6478E+020       2.4794E+020
               1700.00     2.0598E+021       1.8734E+021
               1800.00     1.0067E+023       8.6325E+022
               1900.00     3.8189E+024       3.0864E+024
               2000.00     1.1607E+026       8.8394E+025
               2500.00     2.3586E+032       1.3388E+032

     ================================================================
              Partition Functions Including All Structures
        -----------------------------------------------------------
                    Zero of energy is set to ZPE
        -----------------------------------------------------------
        T(K)             Con-rovib                Total
                   MS-LH        MS-T       E+T+MS-LH    E+T+MS-T
        100.00  1.5257E+006  1.3050E+006  1.0032E+013  8.5806E+012
        200.00  1.0418E+008  1.0962E+008  3.8750E+015  4.0773E+015
        298.15  3.5096E+009  4.2462E+009  3.5422E+017  4.2855E+017
        300.00  3.7365E+009  4.5300E+009  3.8299E+017  4.6432E+017
        500.00  2.1361E+012  2.9636E+012  7.8519E+020  1.0893E+021
        750.00  2.9612E+015  4.1667E+015  2.9995E+024  4.2205E+024
       1000.00  2.2513E+018  2.9479E+018  4.6812E+027  6.1296E+027
       1100.00  2.7322E+019  3.4301E+019  7.2096E+028  9.0512E+028
       1150.00  9.2181E+019  1.1310E+020  2.7184E+029  3.3351E+029
       1200.00  3.0463E+020  3.6486E+020  9.9919E+029  1.1967E+030
       1250.00  9.8651E+020  1.1524E+021  3.5834E+030  4.1860E+030
       1300.00  3.1321E+021  3.5656E+021  1.2549E+031  1.4286E+031
       1350.00  9.7540E+021  1.0814E+022  4.2948E+031  4.7614E+031
       1400.00  2.9809E+022  3.2165E+022  1.4374E+032  1.5510E+032
       1450.00  8.9439E+022  9.3879E+022  4.7084E+032  4.9421E+032
       1500.00  2.6359E+023  2.6902E+023  1.5103E+033  1.5415E+033
       1550.00  7.6338E+023  7.5730E+023  4.7478E+033  4.7100E+033
       1600.00  2.1735E+024  2.0952E+024  1.4635E+034  1.4107E+034
       1650.00  6.0868E+024  5.6997E+024  4.4261E+034  4.1446E+034
       1700.00  1.6772E+025  1.5254E+025  1.3141E+035  1.1952E+035
       1800.00  1.2153E+026  1.0421E+026  1.0985E+036  9.4192E+035
       1900.00  8.2948E+026  6.7037E+026  8.5825E+036  6.9362E+036
       2000.00  5.3493E+027  4.0739E+027  6.2921E+037  4.7919E+037
       2500.00  2.8000E+031  1.5894E+031  5.7534E+041  3.2658E+041
     ================================================================

                     ==============================
                          Thermodynamic Functions
                      (Ideal gas at standard state)
                     ==============================
     T  - Temperature (Kelvin)        G  - Gibbs Free Energy (kcal/mol)
     E  - Thermal Energy (kcal/mol)   H  - Enthalpy (kcal/mol)
     S  - Entropy (cal/(mol-K))
     Cp - Heat Capacity at Constant Pressure (cal/(mol-K))
        -----------------------------------------------------------
        Zero of energy is set to potential energy of global minimum
        -----------------------------------------------------------

               Contribution from electronic P.F. 
     ================================================================
                  T          G          E          S
                100.00      -0.138      0.000      1.377
                200.00      -0.275      0.000      1.377
                298.15      -0.411      0.000      1.377
                300.00      -0.413      0.000      1.377
                500.00      -0.689      0.000      1.377
                750.00      -1.033      0.000      1.377
               1000.00      -1.377      0.000      1.377
               1100.00      -1.515      0.000      1.377
               1150.00      -1.584      0.000      1.377
               1200.00      -1.653      0.000      1.377
               1250.00      -1.722      0.000      1.377
               1300.00      -1.791      0.000      1.377
               1350.00      -1.860      0.000      1.377
               1400.00      -1.928      0.000      1.377
               1450.00      -1.997      0.000      1.377
               1500.00      -2.066      0.000      1.377
               1550.00      -2.135      0.000      1.377
               1600.00      -2.204      0.000      1.377
               1650.00      -2.273      0.000      1.377
               1700.00      -2.342      0.000      1.377
               1800.00      -2.479      0.000      1.377
               1900.00      -2.617      0.000      1.377
               2000.00      -2.755      0.000      1.377
               2500.00      -3.444      0.000      1.377

               Contribution from translational P.F. 
     ================================================================
                  T          G          E          S
                100.00      -2.982      0.298     34.788
                200.00      -6.653      0.596     38.231
                298.15     -10.509      0.889     40.215
                300.00     -10.583      0.894     40.246
                500.00     -18.908      1.490     42.783
                750.00     -29.872      2.236     44.798
               1000.00     -41.259      2.981     46.227
               1100.00     -45.906      3.279     46.700
               1150.00     -48.246      3.428     46.921
               1200.00     -50.598      3.577     47.133
               1250.00     -52.959      3.726     47.336
               1300.00     -55.331      3.875     47.530
               1350.00     -57.712      4.024     47.718
               1400.00     -60.103      4.173     47.899
               1450.00     -62.502      4.322     48.073
               1500.00     -64.910      4.471     48.241
               1550.00     -67.326      4.620     48.404
               1600.00     -69.750      4.769     48.562
               1650.00     -72.182      4.918     48.715
               1700.00     -74.622      5.067     48.863
               1800.00     -79.522      5.365     49.147
               1900.00     -84.451      5.664     49.416
               2000.00     -89.405      5.962     49.671
               2500.00    -114.528      7.452     50.779

        Contribution from conformational-rovibrational P.F. (MS-LH)
     ================================================================
                  T          G          E          S
                100.00     104.555    108.325     37.700
                200.00     100.047    110.428     51.905
                298.15      94.362    113.371     63.756
                300.00      94.244    113.435     63.971
                500.00      79.176    122.411     86.471
                750.00      54.289    138.349    112.080
               1000.00      23.408    157.855    134.446
               1100.00       9.554    166.372    142.561
               1150.00       2.328    170.754    146.457
               1200.00      -5.090    175.211    150.251
               1250.00     -12.695    179.738    153.946
               1300.00     -20.483    184.328    157.547
               1350.00     -28.448    188.979    161.057
               1400.00     -36.587    193.685    164.480
               1450.00     -44.895    198.443    167.820
               1500.00     -53.368    203.250    171.078
               1550.00     -62.002    208.101    174.260
               1600.00     -70.793    212.995    177.367
               1650.00     -79.737    217.928    180.403
               1700.00     -88.832    222.897    183.370
               1800.00    -107.458    232.937    189.108
               1900.00    -126.645    243.098    194.602
               2000.00    -146.370    253.366    199.868
               2500.00    -252.350    305.932    223.313

        Contribution from conformational-rovibrational P.F. (MS-T)
     ================================================================
                  T          G          E          S
                100.00     104.586    108.368     37.826
                200.00     100.026    110.568     52.707
                298.15      94.249    113.568     64.796
                300.00      94.129    113.633     65.014
                500.00      78.850    122.574     87.448
                750.00      53.780    138.175    112.526
               1000.00      22.873    157.077    134.204
               1100.00       9.057    165.294    142.034
               1150.00       1.861    169.516    145.787
               1200.00      -5.520    173.806    149.439
               1250.00     -13.081    178.160    152.993
               1300.00     -20.818    182.571    156.453
               1350.00     -28.725    187.037    159.824
               1400.00     -36.799    191.554    163.109
               1450.00     -45.035    196.117    166.312
               1500.00     -53.429    200.725    169.436
               1550.00     -61.977    205.373    172.483
               1600.00     -70.676    210.058    175.459
               1650.00     -79.522    214.780    178.364
               1700.00     -88.511    219.534    181.203
               1800.00    -106.908    229.133    186.689
               1900.00    -125.841    238.841    191.938
               2000.00    -145.288    248.645    196.966
               2500.00    -249.537    298.758    219.318

     Total (Translational + Electronic + conformational-rovib.(MS-LH))
     ======================================================================
              T          G          E          H          S          Cp
            100.00     101.435    108.623    108.822     73.865     21.028
            200.00      93.119    111.024    111.421     91.514     30.471
            298.15      83.442    114.259    114.852    105.348     39.672
            300.00      83.247    114.329    114.926    105.594     39.858
            500.00      59.579    123.901    124.895    130.631     59.313
            750.00      23.384    140.585    142.075    158.256     76.854
           1000.00     -19.228    160.836    162.823    182.051     88.356
           1100.00     -37.867    169.651    171.837    190.639     91.832
           1150.00     -47.502    174.182    176.467    194.756     93.382
           1200.00     -57.340    178.788    181.173    198.761     94.820
           1250.00     -67.376    183.464    185.948    202.659     96.155
           1300.00     -77.605    188.204    190.787    206.455     97.396
           1350.00     -88.020    193.003    195.686    210.153     98.550
           1400.00     -98.618    197.858    200.641    213.756     99.624
           1450.00    -109.394    202.766    205.647    217.270    100.624
           1500.00    -120.344    207.721    210.702    220.697    101.557
           1550.00    -131.463    212.722    215.802    224.041    102.427
           1600.00    -142.747    217.764    220.944    227.306    103.240
           1650.00    -154.192    222.846    226.125    230.495    104.000
           1700.00    -165.795    227.964    231.343    233.610    104.711
           1800.00    -189.459    238.303    241.880    239.633    106.000
           1900.00    -213.713    248.762    252.538    245.395    107.136
           2000.00    -238.530    259.328    263.302    250.916    108.138
           2500.00    -370.322    313.384    318.352    275.469    111.727

     Total (Translational + Electronic + conformational-rovib.(MS-T))
     ======================================================================
              T          G          E          H          S          Cp
            100.00     101.466    108.666    108.865     73.991     21.978
            200.00      93.099    111.164    111.561     92.316     31.276
            298.15      83.330    114.457    115.049    106.388     40.028
            300.00      83.133    114.527    115.123    106.637     40.205
            500.00      59.254    124.065    125.058    131.609     58.596
            750.00      22.875    140.410    141.901    158.701     74.919
           1000.00     -19.764    160.058    162.045    181.809     85.511
           1100.00     -38.364    168.573    170.759    190.112     88.692
           1150.00     -47.969    172.944    175.229    194.086     90.107
           1200.00     -57.771    177.383    179.768    197.949     91.417
           1250.00     -67.763    181.886    184.370    201.706     92.632
           1300.00     -77.940    186.446    189.030    205.361     93.760
           1350.00     -88.297    191.062    193.744    208.919     94.807
           1400.00     -98.830    195.727    198.509    212.385     95.780
           1450.00    -109.534    200.440    203.321    215.762     96.685
           1500.00    -120.405    205.196    208.177    219.054     97.528
           1550.00    -131.438    209.993    213.073    222.265     98.314
           1600.00    -142.630    214.828    218.007    225.398     99.046
           1650.00    -153.977    219.698    222.977    228.457     99.730
           1700.00    -165.475    224.601    227.979    231.443    100.370
           1800.00    -188.910    234.499    238.076    237.214    101.528
           1900.00    -212.909    244.505    248.280    242.731    102.546
           2000.00    -237.448    254.606    258.581    248.014    103.444
           2500.00    -367.509    306.210    311.178    271.475    106.644

                        --------------------------------
                         Zero of energy is set to ZPE
                        --------------------------------

     Total (Translational + Electronic + conformational-rovib.(MS-LH))
     ======================================================================
              T          G          E          H          S          Cp
            100.00      -5.949      1.239      1.437     73.865     21.028
            200.00     -14.266      3.640      4.037     91.514     30.471
            298.15     -23.942      6.875      7.468    105.348     39.672
            300.00     -24.137      6.945      7.541    105.594     39.858
            500.00     -47.805     16.517     17.511    130.631     59.313
            750.00     -84.000     33.201     34.691    158.256     76.854
           1000.00    -126.612     53.451     55.439    182.051     88.356
           1100.00    -145.251     62.267     64.452    190.639     91.832
           1150.00    -154.886     66.798     69.083    194.756     93.382
           1200.00    -164.724     71.404     73.789    198.761     94.820
           1250.00    -174.760     76.080     78.564    202.659     96.155
           1300.00    -184.989     80.819     83.403    206.455     97.396
           1350.00    -195.404     85.619     88.302    210.153     98.550
           1400.00    -206.002     90.474     93.256    213.756     99.624
           1450.00    -216.778     95.381     98.263    217.270    100.624
           1500.00    -227.728    100.337    103.318    220.697    101.557
           1550.00    -238.847    105.337    108.418    224.041    102.427
           1600.00    -250.131    110.380    113.559    227.306    103.240
           1650.00    -261.576    115.462    118.741    230.495    104.000
           1700.00    -273.179    120.580    123.959    233.610    104.711
           1800.00    -296.843    130.919    134.496    239.633    106.000
           1900.00    -321.097    141.378    145.154    245.395    107.136
           2000.00    -345.914    151.944    155.918    250.916    108.138
           2500.00    -477.706    206.000    210.968    275.469    111.727

     Total (Translational + Electronic + conformational-rovib.(MS-T))
     ======================================================================
              T          G          E          H          S          Cp
            100.00      -5.918      1.282      1.481     73.991     21.978
            200.00     -14.286      3.780      4.177     92.316     31.276
            298.15     -24.054      7.073      7.665    106.388     40.028
            300.00     -24.251      7.143      7.739    106.637     40.205
            500.00     -48.130     16.680     17.674    131.609     58.596
            750.00     -84.509     33.026     34.517    158.701     74.919
           1000.00    -127.148     52.673     54.661    181.809     85.511
           1100.00    -145.748     61.189     63.375    190.112     88.692
           1150.00    -155.353     65.560     67.845    194.086     90.107
           1200.00    -165.155     69.999     72.384    197.949     91.417
           1250.00    -175.147     74.501     76.985    201.706     92.632
           1300.00    -185.324     79.062     81.646    205.361     93.760
           1350.00    -195.681     83.677     86.360    208.919     94.807
           1400.00    -206.214     88.343     91.125    212.385     95.780
           1450.00    -216.918     93.056     95.937    215.762     96.685
           1500.00    -227.789     97.812    100.793    219.054     97.528
           1550.00    -238.822    102.609    105.689    222.265     98.314
           1600.00    -250.014    107.444    110.623    225.398     99.046
           1650.00    -261.361    112.314    115.593    228.457     99.730
           1700.00    -272.859    117.217    120.595    231.443    100.370
           1800.00    -296.294    127.115    130.692    237.214    101.528
           1900.00    -320.293    137.121    140.896    242.731    102.546
           2000.00    -344.832    147.222    151.197    248.014    103.444
           2500.00    -474.893    198.826    203.794    271.475    106.644

 ==============================End of MSTor output==============================
