
 *******************************************************************************

   MSTor program version 2013 (2013)

   Jingjing Zheng, Steven L. Mielke, and Donald G. Truhlar

   Department of Chemistry and Supercomputing Institute
   University of Minnesota, Minneapolis, Minnesota, USA

   Copyright 2013
   Donald G. Truhlar and Regents of the University of Minnesota

   Citations: 
   MS-T(U) method
     J. Zheng, T. Yu, E. Papajak, I. M. Alecu, S. L. Mielke, and D. G. Truhlar,
     Phys. Chem. Chem. Phys. 13, 10885-10907 (2011).
   MS-T(C) method
     J. Zheng and D. G. Truhlar, J. Chem. Theory Comput., DOI: 10.1021/ct3010722.
   MSTor program
     J. Zheng, S. L. Mielke, K. L Clarkson, and D. G. Truhlar,
     Comp. Phys. Comm. 183, 1803-1812 (2012).
     J. Zheng, R. Meana-Paneda, and D. G. Truhlar, Comp. Phys. Comm.
     to be published as new version announcement.

 *******************************************************************************

                    Naming conventions for the MS methods
   -----------------------------------------------------------------------------
   Common name        Original or other names
   -----------------------------------------------------------------------------
   MS-LH         =    MS-HO (ref. 1)   =   MS-AS-HO (ref. 2)
   MS-T          =    MS-AS (ref. 1)   =   MS-AS-T  (ref. 2)
   -----------------------------------------------------------------------------
   Ref. 1: J. Zheng, T. Yu, E. Papajak, I. M. Alecu, S. L. Mielke, and
           D. G. Truhlar, Phys. Chem. Chem. Phys. 13, 10885 (2011).
   Ref. 2: T. Yu, J. Zheng, and D. G. Truhlar, Chem. Sci. 2, 2199 (2011)

   Calculation run on 01/25/2022 at 12:43:54  

   Number of structures:             7
   Number of torsions:               6
   Method:                           MS-T(C)
   Frequency scaling factor:         0.964
   Delta T for finite difference:    0.5 K
   Internal coordinates
     Bonds:         01-02  01-18  01-19  01-20  02-03  03-04  03-15  04-05  04-12
     Bonds:         05-06  05-08  06-07  07-09  07-11  15-21  04-13  03-14  07-10
     Bonds:         02-17  02-16
     Angles:        01-02-03  01-02-16  01-02-17  02-01-19  02-01-20  02-03-04
     Angles:        02-03-15  03-15-21  04-03-15  04-05-06  04-05-08  05-04-12
     Angles:        05-04-13  05-06-07  06-05-08  06-07-09  06-07-10  10-07-11
     Angles:        12-04-13  18-01-19
     Linear Angles: 
     Dihedrals:     01-03-17-02  02-04-14-03  02-14-15-03  02-19-20-01
     Dihedrals:     03-05-13-04  03-16-17-02  06-09-10-07  02-03-15-21
     Dihedrals:     02-18-19-01  03-05-12-04  06-10-11-07  04-03-02-01
     Dihedrals:     05-04-03-02  06-05-04-03  07-06-05-04  03-02-01-18
     Dihedrals:     05-06-07-09

   All moment output uses units of amu for masses and Angstroms for distances 

                           ==========================
                                Structure   1
                           ==========================

   Normal-mode Frequencies (cm-1) 
   (Overall translation and rotation projected out)
    1290.6683i      0.0001i      0.0000i      0.0000i      0.0000i      0.0000 
       0.0000      32.2935      70.3630      83.7198     138.3317     167.5361 
     175.1418     227.6594     242.3774     281.4350     307.7128     349.4155 
     364.6878     518.9297     579.9621     683.0799     748.2019     840.4053 
     851.8647     916.9988     937.4817    1021.0293    1046.4395    1074.7171 
    1108.0069    1117.1110    1163.9814    1190.0027    1193.2673    1199.7572 
    1216.5067    1243.6694    1269.0035    1300.0472    1363.8327    1392.6232 
    1405.8691    1428.4723    1454.3201    1457.9278    1464.0122    1475.0395 
    1477.4539    1479.2231    1604.4998    1822.3124    2981.8360    3004.3738 
    3016.0110    3021.6430    3029.3993    3060.5437    3080.4510    3083.3095 
    3090.0202    3114.3956    3147.6715 
   Torsion-projected frequencies/non-torsional frequencies (cm-1)
    1290.6597i    169.8321     239.5743     280.5182     306.3639     346.3313 
     362.5259     518.8558     577.3951     683.0209     747.3995     840.3820 
     851.8256     916.9878     937.4525    1021.0177    1046.4339    1074.7072 
    1107.9932    1117.1084    1163.6773    1189.9997    1193.2483    1199.7378 
    1216.4938    1243.6675    1268.9347    1300.0381    1363.8306    1392.6223 
    1405.8641    1428.4690    1454.3173    1457.9278    1463.9353    1475.0368 
    1477.4539    1479.2203    1604.4930    1822.3122    2981.8339    3004.3738 
    3016.0109    3021.6409    3029.3993    3060.5420    3080.4504    3083.3084 
    3090.0201    3114.3871    3147.6715 
   Product of consistently coupled torsional frequencies (in cm-1^ntor)  1.0778E+12
   Primitively coupled torsional frequencies (cm-1) (Not used)
      35.4642      80.9382      87.3311     140.7676     181.0484     241.4061 
   Product of primitively coupled torsional frequencies (in cm-1^ntor)   1.5423E+12
   Effective coupled torsional barrier (kcal/mol)
        0.999        1.105        2.686        3.463        4.708        7.332 

   D matrix: 
   m-n        1             2             3             4             5
    1   2.240573E+01 -1.837832E+00 -3.503939E+00 -1.107427E-01  1.415836E+00
    2  -1.837832E+00  2.477514E+01  7.063671E+00  5.071332E+00  2.034038E+00
    3  -3.503939E+00  7.063671E+00  4.260244E+01 -1.274923E+01  5.247651E-01
    4  -1.107427E-01  5.071332E+00 -1.274923E+01  1.727880E+01  4.111418E-01
    5   1.415836E+00  2.034038E+00  5.247651E-01  4.111418E-01  3.027101E+00
    6  -2.518040E-01  8.804246E-01  2.259839E+00  1.386281E+00  6.868753E-02
   m-n        6
    1  -2.518040E-01
    2   8.804246E-01
    3   2.259839E+00
    4   1.386281E+00
    5   6.868753E-02
    6   3.109952E+00

   Eigenvalues of D matrix:
     4.9384E+01    2.7928E+01    2.1741E+01    8.9249E+00    2.7106E+00    2.5106E+00
   Determinant of D matrix  1.385797E+029

          Uncoupled force constants (au), Pitzer moment of inertia (amu A^2),
   uncoupled torsional frequencies (cm-1), and uncoupled torsional barrier (kcal/mol)
   --------------------------------------------------------------------------------
   Torsion               1             2             3             4             5
   Force constant   2.04440E-02  2.69072E-02  8.39974E-03  4.44542E-02  2.09069E-02
   Moment          22.406       24.775       42.602       17.279        3.027
   Tor. Freq.        82.169       89.646       38.196      137.976      226.067
   Rot. barrier       3.315        4.363        1.362        7.208        2.915
   M_j,tau            2.782        2.782        2.782        2.782        3.000

   Torsion               6
   Force constant   8.11292E-03
   Moment           3.110
   Tor. Freq.       138.937
   Rot. barrier       1.131
   M_j,tau            3.000
   --------------------------------------------------------------------------------
   Potential Energy =   0.000 kcal/mol
   Weight =  1
   Overall rotational symmetry number =   1

                           ==========================
                                Structure   2
                           ==========================

   Normal-mode Frequencies (cm-1) 
   (Overall translation and rotation projected out)
    1321.7534i      0.0000i      0.0000i      0.0000       0.0000       0.0000 
       0.0000      33.9480      63.9505      97.8398     113.9456     138.2614 
     176.5168     228.0765     249.8492     290.6771     314.2819     330.8584 
     356.7105     484.4724     583.0718     702.1264     750.0556     827.1438 
     895.4639     925.4902     931.0910    1028.5804    1056.1209    1081.9414 
    1098.1985    1126.9700    1164.3730    1175.6717    1189.0020    1200.2200 
    1217.7354    1231.5348    1266.8327    1285.1246    1362.8206    1396.4029 
    1415.6783    1424.9275    1455.1922    1461.1767    1463.7636    1474.5328 
    1477.6006    1479.8516    1569.2615    1829.9524    2965.4961    2981.7343 
    3005.9720    3015.9446    3029.1531    3052.3202    3084.3761    3090.7781 
    3091.8845    3114.2259    3147.3110 
   Torsion-projected frequencies/non-torsional frequencies (cm-1)
    1321.7231i    110.9481     248.1267     289.2357     313.7177     326.4292 
     355.8585     484.2176     580.5494     702.0814     749.2982     826.9199 
     895.4598     925.4854     931.0100    1028.5763    1056.1176    1081.9276 
    1098.1967    1126.9659    1164.0559    1175.6652    1189.0001    1200.2155 
    1217.7198    1231.5310    1266.7619    1285.1203    1362.8183    1396.4021 
    1415.6778    1424.9048    1455.1885    1461.1765    1463.6862    1474.5318 
    1477.6005    1479.8478    1569.2559    1829.9511    2965.4961    2981.7342 
    3005.9719    3015.9441    3029.1531    3052.3180    3084.3751    3090.7780 
    3091.8843    3114.2175    3147.3110 
   Product of consistently coupled torsional frequencies (in cm-1^ntor)  1.2592E+12
   Primitively coupled torsional frequencies (cm-1) (Not used)
      36.6590      67.5284     111.2314     140.1156     182.7300     241.6213 
   Product of primitively coupled torsional frequencies (in cm-1^ntor)   1.7034E+12
   Effective coupled torsional barrier (kcal/mol)
        1.102        1.200        2.616        2.879        4.129        8.460 

   D matrix: 
   m-n        1             2             3             4             5
    1   1.958637E+01 -3.614223E+00  1.461576E+01 -4.727350E+00  9.898484E-01
    2  -3.614223E+00  2.347350E+01 -2.300436E+00  7.780257E+00  2.149147E+00
    3   1.461576E+01 -2.300436E+00  3.261781E+01 -1.236398E+01  9.672509E-01
    4  -4.727350E+00  7.780257E+00 -1.236398E+01  1.827244E+01  2.526127E-01
    5   9.898484E-01  2.149147E+00  9.672509E-01  2.526127E-01  3.027726E+00
    6   7.268877E-01  3.867670E-01  1.548300E+00  1.479360E+00  9.075951E-02
   m-n        6
    1   7.268877E-01
    2   3.867670E-01
    3   1.548300E+00
    4   1.479360E+00
    5   9.075951E-02
    6   3.064400E+00

   Eigenvalues of D matrix:
     4.9589E+01    2.4647E+01    1.3276E+01    7.3445E+00    2.6938E+00    2.4917E+00
   Determinant of D matrix  6.087111E+028

          Uncoupled force constants (au), Pitzer moment of inertia (amu A^2),
   uncoupled torsional frequencies (cm-1), and uncoupled torsional barrier (kcal/mol)
   --------------------------------------------------------------------------------
   Torsion               1             2             3             4             5
   Force constant   2.08465E-02  1.47955E-02  6.60476E-03  4.45446E-02  2.06802E-02
   Moment          19.586       23.474       32.618       18.272        3.028
   Tor. Freq.        88.745       68.294       38.709      134.309      224.814
   Rot. barrier       3.931        2.790        1.245        8.400        2.884
   M_j,tau            2.580        2.580        2.580        2.580        3.000

   Torsion               6
   Force constant   8.14045E-03
   Moment           3.064
   Tor. Freq.       140.203
   Rot. barrier       1.135
   M_j,tau            3.000
   --------------------------------------------------------------------------------
   Potential Energy =   0.199 kcal/mol
   Weight =  1
   Overall rotational symmetry number =   1

                           ==========================
                                Structure   3
                           ==========================

   Normal-mode Frequencies (cm-1) 
   (Overall translation and rotation projected out)
    1289.2988i      0.0001i      0.0000i      0.0000i      0.0000       0.0000 
       0.0000      31.1805      43.8066     118.6601     139.4497     161.9956 
     172.5835     230.0688     272.5573     288.7850     292.9689     357.8856 
     444.0015     493.4729     583.4673     683.9866     750.2706     830.2314 
     853.0494     917.0641     944.6726     981.8354    1045.8550    1075.0001 
    1090.6908    1127.9127    1163.8718    1179.0018    1190.3244    1204.0653 
    1217.7208    1239.1858    1268.1442    1344.4090    1352.1821    1387.2920 
    1401.1228    1432.0928    1455.3646    1457.6690    1463.8127    1475.9453 
    1477.4127    1483.4543    1599.6779    1821.7723    2993.8979    3003.1751 
    3022.0755    3029.2819    3038.3657    3068.5914    3080.4837    3088.2782 
    3089.9582    3114.1935    3147.5996 
   Torsion-projected frequencies/non-torsional frequencies (cm-1)
    1289.2651i    161.0880     254.3939     281.5069     289.5406     356.4197 
     442.7313     493.2022     581.0086     683.8995     749.9315     830.1948 
     852.8876     917.0381     944.6414     981.7584    1045.8532    1074.8934 
    1090.6784    1127.9047    1163.5690    1178.9919    1190.3238    1204.0493 
    1217.7110    1239.1805    1268.1084    1344.4019    1352.1777    1387.2882 
    1401.1210    1432.0605    1455.3567    1457.6686    1463.7322    1475.9107 
    1477.4121    1483.4265    1599.6691    1821.7719    2993.8955    3003.1728 
    3022.0732    3029.2819    3038.3643    3068.5865    3080.4819    3088.2775 
    3089.9559    3114.1850    3147.5995 
   Product of consistently coupled torsional frequencies (in cm-1^ntor)  1.0171E+12
   Primitively coupled torsional frequencies (cm-1) (Not used)
      34.1972      48.3411     125.8741     142.3180     180.9437     266.8214 
   Product of primitively coupled torsional frequencies (in cm-1^ntor)   1.4298E+12
   Effective coupled torsional barrier (kcal/mol)
        0.914        1.089        2.359        3.226        5.109        6.957 

   D matrix: 
   m-n        1             2             3             4             5
    1   2.629848E+01  2.222023E+01 -5.135962E+00  6.140750E+00  1.408110E+00
    2   2.222023E+01  4.455673E+01  8.119972E+00  9.444168E+00 -4.688647E-01
    3  -5.135962E+00  8.119972E+00  4.119891E+01 -1.140810E+01  4.238193E-01
    4   6.140750E+00  9.444168E+00 -1.140810E+01  1.794350E+01 -2.368415E-01
    5   1.408110E+00 -4.688647E-01  4.238193E-01 -2.368415E-01  3.085203E+00
    6   9.441357E-02  1.289837E+00  2.238132E+00  1.537107E+00  1.435871E-02
   m-n        6
    1   9.441357E-02
    2   1.289837E+00
    3   2.238132E+00
    4   1.537107E+00
    5   1.435871E-02
    6   3.118505E+00

   Eigenvalues of D matrix:
     6.2410E+01    4.7731E+01    1.3621E+01    7.2215E+00    2.7422E+00    2.4754E+00
   Determinant of D matrix  1.513499E+029

          Uncoupled force constants (au), Pitzer moment of inertia (amu A^2),
   uncoupled torsional frequencies (cm-1), and uncoupled torsional barrier (kcal/mol)
   --------------------------------------------------------------------------------
   Torsion               1             2             3             4             5
   Force constant   1.99514E-02  2.66131E-02  8.46433E-03  4.45123E-02  2.31541E-02
   Moment          26.298       44.557       41.199       17.944        3.085
   Tor. Freq.        74.925       66.481       38.990      135.485      235.655
   Rot. barrier       3.068        4.092        1.301        6.844        3.229
   M_j,tau            2.857        2.857        2.857        2.857        3.000

   Torsion               6
   Force constant   8.02625E-03
   Moment           3.119
   Tor. Freq.       138.003
   Rot. barrier       1.119
   M_j,tau            3.000
   --------------------------------------------------------------------------------
   Potential Energy =   0.644 kcal/mol
   Weight =  1
   Overall rotational symmetry number =   1

                           ==========================
                                Structure   4
                           ==========================

   Normal-mode Frequencies (cm-1) 
   (Overall translation and rotation projected out)
    1321.0427i      0.0000i      0.0000i      0.0000i      0.0000       0.0000 
       0.0001      36.8324      52.7789     100.0944     137.0818     144.5017 
     176.2282     234.3854     242.2181     282.0163     318.0980     328.1975 
     425.0662     485.6941     581.0778     703.9670     757.2603     829.0409 
     882.6402     920.2296     937.4549     984.9098    1053.9205    1079.2966 
    1093.7539    1132.3660    1164.2469    1167.2227    1190.2660    1207.6495 
    1221.8790    1230.2133    1263.2930    1322.0407    1347.1486    1396.1318 
    1413.1411    1425.3727    1453.2387    1460.7727    1463.6948    1476.2272 
    1477.6321    1482.0675    1569.1861    1829.6572    2966.0367    2977.0029 
    3005.1609    3029.1245    3037.1426    3058.0982    3083.4061    3089.8031 
    3100.8062    3114.1904    3147.3124 
   Torsion-projected frequencies/non-torsional frequencies (cm-1)
    1321.0199i    155.3572     233.6312     280.3782     311.7538     324.5594 
     424.9515     485.5838     578.0288     703.8813     756.9307     828.7334 
     882.6163     920.2175     937.3795     984.8198    1053.8843    1079.2794 
    1093.7468    1132.3519    1163.9400    1167.1844    1190.2587    1207.6327 
    1221.8494    1230.2048    1263.2456    1322.0312    1347.1416    1396.1291 
    1413.1348    1425.3480    1453.2325    1460.7726    1463.6181    1476.2068 
    1477.6319    1482.0623    1569.1791    1829.6563    2966.0365    2977.0026 
    3005.1594    3029.1245    3037.1410    3058.0917    3083.4046    3089.8019 
    3100.8058    3114.1819    3147.3124 
   Product of consistently coupled torsional frequencies (in cm-1^ntor)  1.1109E+12
   Primitively coupled torsional frequencies (cm-1) (Not used)
      40.3311      55.7078     115.0545     140.1769     183.9267     250.3330 
   Product of primitively coupled torsional frequencies (in cm-1^ntor)   1.6684E+12
   Effective coupled torsional barrier (kcal/mol)
        1.083        1.110        2.418        3.432        4.469        7.931 

   D matrix: 
   m-n        1             2             3             4             5
    1   1.823326E+01  8.440161E+00  9.972063E+00  1.043541E+00  1.309578E+00
    2   8.440161E+00  3.486928E+01  5.804553E+00  9.048682E+00 -6.347754E-01
    3   9.972063E+00  5.804553E+00  2.768588E+01 -8.226349E+00  8.792925E-01
    4   1.043541E+00  9.048682E+00 -8.226349E+00  1.741918E+01 -3.777455E-01
    5   1.309578E+00 -6.347754E-01  8.792925E-01 -3.777455E-01  3.084185E+00
    6   7.830965E-01  1.072818E+00  1.476167E+00  1.725810E+00  3.651679E-02
   m-n        6
    1   7.830965E-01
    2   1.072818E+00
    3   1.476167E+00
    4   1.725810E+00
    5   3.651679E-02
    6   3.076306E+00

   Eigenvalues of D matrix:
     4.4617E+01    3.3735E+01    1.2687E+01    7.9252E+00    2.9049E+00    2.4989E+00
   Determinant of D matrix  8.359684E+028

          Uncoupled force constants (au), Pitzer moment of inertia (amu A^2),
   uncoupled torsional frequencies (cm-1), and uncoupled torsional barrier (kcal/mol)
   --------------------------------------------------------------------------------
   Torsion               1             2             3             4             5
   Force constant   2.36243E-02  1.61372E-02  6.47987E-03  4.45236E-02  2.34309E-02
   Moment          18.233       34.869       27.686       17.419        3.084
   Tor. Freq.        97.916       58.519       41.616      137.527      237.099
   Rot. barrier       4.175        2.852        1.145        7.869        3.267
   M_j,tau            2.665        2.665        2.665        2.665        3.000

   Torsion               6
   Force constant   8.13182E-03
   Moment           3.076
   Tor. Freq.       139.857
   Rot. barrier       1.134
   M_j,tau            3.000
   --------------------------------------------------------------------------------
   Potential Energy =   0.732 kcal/mol
   Weight =  1
   Overall rotational symmetry number =   1

                           ==========================
                                Structure   5
                           ==========================

   Normal-mode Frequencies (cm-1) 
   (Overall translation and rotation projected out)
    1320.1299i      0.0000i      0.0000i      0.0000i      0.0000       0.0000 
       0.0000      34.2673      46.7398     100.1424     130.6026     139.5723 
     175.8371     220.6475     236.0274     283.7825     318.1300     346.6679 
     426.3250     439.2043     583.8778     705.8054     760.3782     823.5974 
     887.8890     920.0301     947.9632     982.7789    1051.4662    1067.6279 
    1107.4732    1130.6264    1164.3253    1172.3679    1189.9186    1203.0299 
    1218.2061    1233.6720    1271.8881    1318.3510    1347.5952    1388.7898 
    1413.4043    1425.5533    1460.1886    1462.5860    1463.7191    1475.0896 
    1477.5978    1480.1110    1573.9205    1829.4850    2986.4976    3001.1094 
    3003.5394    3029.1513    3045.1164    3053.0504    3083.5936    3085.3145 
    3092.7742    3114.2258    3147.3115 
   Torsion-projected frequencies/non-torsional frequencies (cm-1)
    1320.1186i    158.5010     224.9167     283.6732     315.4148     342.2868 
     424.9958     439.1078     581.2629     705.6768     760.0137     823.3131 
     887.8660     920.0024     947.9170     982.6690    1051.4397    1067.6205 
    1107.4669    1130.6193    1164.0078    1172.3591    1189.9171    1203.0134 
    1218.1990    1233.6458    1271.8566    1318.3292    1347.5909    1388.7852 
    1413.4022    1425.5262    1460.1879    1462.5828    1463.6440    1475.0756 
    1477.5976    1480.1105    1573.9186    1829.4839    2986.4962    3001.1094 
    3003.5384    3029.1512    3045.1152    3053.0486    3083.5934    3085.3136 
    3092.7736    3114.2174    3147.3114 
   Product of consistently coupled torsional frequencies (in cm-1^ntor)  7.7485E+11
   Primitively coupled torsional frequencies (cm-1) (Not used)
      37.3963      49.1725     106.3785     139.6073     181.9621     232.4657 
   Product of primitively coupled torsional frequencies (in cm-1^ntor)   1.1552E+12
   Effective coupled torsional barrier (kcal/mol)
        1.095        1.149        1.928        2.785        4.317        8.240 

   D matrix: 
   m-n        1             2             3             4             5
    1   1.915784E+01  6.764686E+00  1.295250E+01 -1.889918E+00  1.203226E+00
    2   6.764686E+00  3.725997E+01  5.494786E+00  9.026663E+00 -2.630390E-01
    3   1.295250E+01  5.494786E+00  3.090599E+01 -1.012845E+01  6.469751E-01
    4  -1.889918E+00  9.026663E+00 -1.012845E+01  1.802333E+01 -8.593631E-02
    5   1.203226E+00 -2.630390E-01  6.469751E-01 -8.593631E-02  3.080643E+00
    6   8.245066E-01  1.057635E+00  1.594236E+00  1.624417E+00  3.901157E-02
   m-n        6
    1   8.245066E-01
    2   1.057635E+00
    3   1.594236E+00
    4   1.624417E+00
    5   3.901157E-02
    6   3.078954E+00

   Eigenvalues of D matrix:
     4.6836E+01    3.8868E+01    1.2269E+01    8.0629E+00    2.9656E+00    2.5057E+00
   Determinant of D matrix  1.018267E+029

          Uncoupled force constants (au), Pitzer moment of inertia (amu A^2),
   uncoupled torsional frequencies (cm-1), and uncoupled torsional barrier (kcal/mol)
   --------------------------------------------------------------------------------
   Torsion               1             2             3             4             5
   Force constant   1.91028E-02  1.44023E-02  6.52460E-03  4.45926E-02  2.04390E-02
   Moment          19.158       37.260       30.906       18.023        3.081
   Tor. Freq.        85.897       53.481       39.524      135.307      221.572
   Rot. barrier       3.507        2.644        1.198        8.186        2.850
   M_j,tau            2.615        2.615        2.615        2.615        3.000

   Torsion               6
   Force constant   8.09534E-03
   Moment           3.079
   Tor. Freq.       139.483
   Rot. barrier       1.129
   M_j,tau            3.000
   --------------------------------------------------------------------------------
   Potential Energy =   0.741 kcal/mol
   Weight =  1
   Overall rotational symmetry number =   1

                           ==========================
                                Structure   6
                           ==========================

   Normal-mode Frequencies (cm-1) 
   (Overall translation and rotation projected out)
    1305.0654i      0.0000i      0.0000i      0.0000i      0.0000       0.0000 
       0.0001      22.8782      60.8955      75.4109     139.1333     165.1141 
     179.3436     226.9705     247.1496     285.7650     309.1041     356.8604 
     379.6087     509.7564     603.5459     685.9676     748.4776     840.8997 
     855.3447     886.3749     940.0673    1020.7812    1056.6089    1077.9860 
    1109.5058    1116.2200    1164.3044    1191.2527    1193.8241    1202.6748 
    1217.0098    1268.7128    1277.7232    1317.6737    1320.5210    1390.9955 
    1401.2106    1435.9328    1451.3478    1456.0828    1463.3619    1474.8869 
    1477.2912    1479.3429    1589.6537    1826.9170    2967.3424    3005.0870 
    3018.5677    3021.3930    3029.3255    3077.9758    3083.2769    3091.0014 
    3092.3175    3114.4755    3147.1501 
   Torsion-projected frequencies/non-torsional frequencies (cm-1)
    1305.0552i    166.2829     244.0739     284.7819     307.1568     351.3789 
     379.2805     508.6477     602.8345     685.4991     747.7410     840.8513 
     855.3151     886.3416     940.0314    1020.7602    1056.6018    1077.9758 
    1109.5008    1116.2140    1163.9784    1191.2297    1193.8203    1202.6559 
    1216.9893    1268.6479    1277.7111    1317.6693    1320.5154    1390.9930 
    1401.2051    1435.8978    1451.3344    1456.0812    1463.2762    1474.8858 
    1477.2907    1479.3403    1589.6473    1826.9167    2967.3420    3005.0869 
    3018.5671    3021.3926    3029.3255    3077.9752    3083.2758    3091.0012 
    3092.3174    3114.4668    3147.1501 
   Product of consistently coupled torsional frequencies (in cm-1^ntor)  6.1765E+11
   Primitively coupled torsional frequencies (cm-1) (Not used)
      32.5017      76.7363      85.2538     142.0185     183.3557     240.2180 
   Product of primitively coupled torsional frequencies (in cm-1^ntor)   1.3300E+12
   Effective coupled torsional barrier (kcal/mol)
        1.119        1.223        2.779        4.131        4.568        9.799 

   D matrix: 
   m-n        1             2             3             4             5
    1   2.289905E+01 -3.653989E+00 -8.299079E+00  4.948796E+00  1.351099E+00
    2  -3.653989E+00  3.133855E+01  1.872153E+01 -1.137381E+01  2.454684E+00
    3  -8.299079E+00  1.872153E+01  3.974539E+01 -8.571650E+00  1.036388E+00
    4   4.948796E+00 -1.137381E+01 -8.571650E+00  1.707059E+01 -5.617675E-01
    5   1.351099E+00  2.454684E+00  1.036388E+00 -5.617675E-01  3.063553E+00
    6  -2.189192E-01  5.472753E-01  2.258722E+00  1.699624E+00  3.904286E-02
   m-n        6
    1  -2.189192E-01
    2   5.472753E-01
    3   2.258722E+00
    4   1.699624E+00
    5   3.904286E-02
    6   3.128218E+00

   Eigenvalues of D matrix:
     6.1866E+01    2.1892E+01    1.8195E+01    1.0019E+01    2.7122E+00    2.5611E+00
   Determinant of D matrix  1.305024E+029

          Uncoupled force constants (au), Pitzer moment of inertia (amu A^2),
   uncoupled torsional frequencies (cm-1), and uncoupled torsional barrier (kcal/mol)
   --------------------------------------------------------------------------------
   Torsion               1             2             3             4             5
   Force constant   2.07121E-02  1.99710E-02  5.98444E-03  4.64190E-02  2.07158E-02
   Moment          22.899       31.339       39.745       17.071        3.064
   Tor. Freq.        81.810       68.670       33.379      141.850      223.688
   Rot. barrier       4.356        4.200        1.259        9.762        2.889
   M_j,tau            2.443        2.443        2.443        2.443        3.000

   Torsion               6
   Force constant   8.27548E-03
   Moment           3.128
   Tor. Freq.       139.912
   Rot. barrier       1.154
   M_j,tau            3.000
   --------------------------------------------------------------------------------
   Potential Energy =   0.768 kcal/mol
   Weight =  1
   Overall rotational symmetry number =   1

                           ==========================
                                Structure   7
                           ==========================

   Normal-mode Frequencies (cm-1) 
   (Overall translation and rotation projected out)
    1318.2357i      0.0000i      0.0000i      0.0000i      0.0000       0.0000 
       0.0000      24.6000      81.0223     117.4077     141.2537     144.9873 
     203.6228     236.3356     258.6968     290.3374     305.5350     382.1991 
     423.1736     490.3153     629.9382     748.7694     763.5560     829.5559 
     849.6241     909.4141     948.0490     979.7959    1049.0900    1077.0221 
    1104.5536    1115.6805    1163.9466    1170.3281    1192.1765    1200.5372 
    1221.8993    1266.7112    1271.9742    1336.2851    1350.2461    1365.0949 
    1397.6804    1445.9115    1451.8329    1461.1145    1463.4535    1472.8838 
    1476.9313    1491.5542    1549.0546    1817.3927    2982.8027    3005.4187 
    3029.2603    3034.6840    3046.7158    3073.0368    3084.0451    3098.4823 
    3109.8791    3114.2294    3147.7723 
   Torsion-projected frequencies/non-torsional frequencies (cm-1)
    1318.2054i    183.8599     243.2601     284.6355     299.5834     374.8966 
     421.1859     489.8327     629.5863     748.4634     763.1496     829.4632 
     849.5588     909.3094     948.0046     979.5955    1049.0657    1076.9562 
    1104.5435    1115.6609    1163.6407    1170.3092    1192.1732    1200.5326 
    1221.8965    1266.6643    1271.9524    1336.2748    1350.2406    1365.0720 
    1397.6769    1445.9069    1451.8203    1461.1131    1463.3673    1472.8383 
    1476.9313    1491.3167    1549.0506    1817.3918    2982.8017    3005.4163 
    3029.2603    3034.6828    3046.7120    3073.0364    3084.0441    3098.4798 
    3109.8699    3114.2212    3147.7723 
   Product of consistently coupled torsional frequencies (in cm-1^ntor)  1.4269E+12
   Primitively coupled torsional frequencies (cm-1) (Not used)
      28.2195      85.0706     134.5348     146.9891     170.6396     275.5801 
   Product of primitively coupled torsional frequencies (in cm-1^ntor)   2.2324E+12
   Effective coupled torsional barrier (kcal/mol)
        1.027        1.086        3.519        5.758        9.179       13.033 

   D matrix: 
   m-n        1             2             3             4             5
    1   2.671364E+01  2.659537E+01 -7.896409E-01  3.643782E-01  1.384204E+00
    2   2.659537E+01  6.183529E+01  1.984821E+01 -8.177467E+00 -5.899909E-01
    3  -7.896409E-01  1.984821E+01  4.207318E+01 -1.128530E+01  1.073858E-02
    4   3.643782E-01 -8.177467E+00 -1.128530E+01  1.746527E+01  3.143010E-01
    5   1.384204E+00 -5.899909E-01  1.073858E-02  3.143010E-01  3.087281E+00
    6  -8.922836E-02  7.646496E-01  2.323881E+00  1.502848E+00  2.466854E-02
   m-n        6
    1  -8.922836E-02
    2   7.646496E-01
    3   2.323881E+00
    4   1.502848E+00
    5   2.466854E-02
    6   3.123844E+00

   Eigenvalues of D matrix:
     8.5350E+01    4.0993E+01    1.3581E+01    9.0337E+00    2.7588E+00    2.5818E+00
   Determinant of D matrix  2.326488E+029

          Uncoupled force constants (au), Pitzer moment of inertia (amu A^2),
   uncoupled torsional frequencies (cm-1), and uncoupled torsional barrier (kcal/mol)
   --------------------------------------------------------------------------------
   Torsion               1             2             3             4             5
   Force constant   4.54882E-02  4.83858E-02  5.75491E-03  4.64925E-02  2.68318E-02
   Moment          26.714       61.835       42.073       17.465        3.087
   Tor. Freq.       112.250       76.093       31.814      140.349      253.596
   Rot. barrier       8.949        9.519        1.132        9.146        3.742
   M_j,tau            2.526        2.526        2.526        2.526        3.000

   Torsion               6
   Force constant   7.99200E-03
   Moment           3.124
   Tor. Freq.       137.591
   Rot. barrier       1.114
   M_j,tau            3.000
   --------------------------------------------------------------------------------
   Potential Energy =   0.825 kcal/mol
   Weight =  1
   Overall rotational symmetry number =   1

       List of zero-point inclusive energy (kcal/mol) for each structure
      ------------------------------------------------------------------
        Structure            Energy (T = 0 K)
      ------------------------------------------------------------------
          1                    107.38
          2                    107.43
          3                    108.18
          4                    108.08
          5                    108.07
          6                    108.20
          7                    108.61
      ZPE of the system =      107.38


     Note: The following SS-HO and SS-T include the Rot. P.F. and Boltzmann factor,
           but are calculated with weight = 1 for each structure. Weights are
           counted in MS partition functions. Zero of energy is set to the potential
           energy of global minimum.

            Partition function of structure    1
     ================================================================
          T(K)      Rot.          SS-HO           SS-T     SS-T/SS-HO
        100.00    8.7545E+004   1.7010E-229   1.4232E-229    0.837
        125.00    1.2235E+005   4.4697E-182   3.9542E-182    0.885
        200.00    2.4761E+005   2.3299E-110   2.3888E-110    1.025
        298.15    4.5070E+005   3.2101E-070   3.7393E-070    1.165
        300.00    4.5490E+005   1.0445E-069   1.2189E-069    1.167
        500.00    9.7878E+005   1.1274E-035   1.4779E-035    1.311
        750.00    1.7981E+006   6.7817E-017   8.9847E-017    1.325
       1000.00    2.7684E+006   3.3935E-006   4.2055E-006    1.239
       1100.00    3.1939E+006   5.5838E-003   6.6514E-003    1.191
       1150.00    3.4141E+006   1.5925E-001   1.8562E-001    1.166
       1200.00    3.6392E+006   3.7238E+000   4.2424E+000    1.139
       1250.00    3.8690E+006   7.2963E+001   8.1167E+001    1.112
       1300.00    4.1034E+006   1.2203E+003   1.3245E+003    1.085
       1350.00    4.3424E+006   1.7701E+004   1.8730E+004    1.058
       1400.00    4.5859E+006   2.2574E+005   2.3271E+005    1.031
       1450.00    4.8337E+006   2.5611E+006   2.5710E+006    1.004
       1500.00    5.0859E+006   2.6120E+007   2.5519E+007    0.977
       1550.00    5.3423E+006   2.4162E+008   2.2965E+008    0.950
       1600.00    5.6029E+006   2.0435E+009   1.8889E+009    0.924
       1650.00    5.8676E+006   1.5913E+010   1.4300E+010    0.899
       1700.00    6.1363E+006   1.1482E+011   1.0028E+011    0.873
       1800.00    6.6856E+006   4.8581E+012   4.0063E+012    0.825
       1900.00    7.2504E+006   1.6080E+014   1.2514E+014    0.778
       2000.00    7.8303E+006   4.2945E+015   3.1526E+015    0.734
       2500.00    1.0943E+007   4.9747E+021   2.7327E+021    0.549

            Partition function of structure    2
     ================================================================
          T(K)      Rot.          SS-HO           SS-T     SS-T/SS-HO
        100.00    8.8212E+004   1.4739E-229   1.2923E-229    0.877
        125.00    1.2328E+005   4.1405E-182   3.8305E-182    0.925
        200.00    2.4950E+005   2.4223E-110   2.6115E-110    1.078
        298.15    4.5413E+005   3.5915E-070   4.4898E-070    1.250
        300.00    4.5836E+005   1.1697E-069   1.4655E-069    1.253
        500.00    9.8624E+005   1.3459E-035   1.9535E-035    1.451
        750.00    1.8118E+006   8.3739E-017   1.2340E-016    1.474
       1000.00    2.7895E+006   4.2670E-006   5.8253E-006    1.365
       1100.00    3.2182E+006   7.0579E-003   9.2194E-003    1.306
       1150.00    3.4401E+006   2.0177E-001   2.5731E-001    1.275
       1200.00    3.6669E+006   4.7282E+000   5.8808E+000    1.244
       1250.00    3.8985E+006   9.2829E+001   1.1250E+002    1.212
       1300.00    4.1347E+006   1.5555E+003   1.8356E+003    1.180
       1350.00    4.3755E+006   2.2603E+004   2.5954E+004    1.148
       1400.00    4.6208E+006   2.8874E+005   3.2242E+005    1.117
       1450.00    4.8706E+006   3.2811E+006   3.5613E+006    1.085
       1500.00    5.1247E+006   3.3512E+007   3.5343E+007    1.055
       1550.00    5.3830E+006   3.1044E+008   3.1801E+008    1.024
       1600.00    5.6456E+006   2.6291E+009   2.6152E+009    0.995
       1650.00    5.9123E+006   2.0499E+010   1.9797E+010    0.966
       1700.00    6.1830E+006   1.4808E+011   1.3881E+011    0.937
       1800.00    6.7365E+006   6.2798E+012   5.5444E+012    0.883
       1900.00    7.3056E+006   2.0829E+014   1.7316E+014    0.831
       2000.00    7.8899E+006   5.5731E+015   4.3623E+015    0.783
       2500.00    1.1026E+007   6.5037E+021   3.7829E+021    0.582

            Partition function of structure    3
     ================================================================
          T(K)      Rot.          SS-HO           SS-T     SS-T/SS-HO
        100.00    8.5327E+004   3.6178E-231   3.1218E-231    0.863
        125.00    1.1925E+005   2.0961E-183   1.9181E-183    0.915
        200.00    2.4134E+005   3.4873E-111   3.7105E-111    1.064
        298.15    4.3928E+005   8.8981E-071   1.0734E-070    1.206
        300.00    4.4337E+005   2.9174E-070   3.5256E-070    1.208
        500.00    9.5399E+005   5.1233E-036   6.8509E-036    1.337
        750.00    1.7526E+006   3.9179E-017   5.1786E-017    1.322
       1000.00    2.6983E+006   2.2084E-006   2.6834E-006    1.215
       1100.00    3.1130E+006   3.7529E-003   4.3586E-003    1.161
       1150.00    3.3276E+006   1.0854E-001   1.2303E-001    1.133
       1200.00    3.5470E+006   2.5708E+000   2.8412E+000    1.105
       1250.00    3.7710E+006   5.0968E+001   5.4874E+001    1.077
       1300.00    3.9995E+006   8.6174E+002   9.0319E+002    1.048
       1350.00    4.2324E+006   1.2626E+004   1.2874E+004    1.020
       1400.00    4.4697E+006   1.6252E+005   1.6113E+005    0.991
       1450.00    4.7113E+006   1.8599E+006   1.7921E+006    0.964
       1500.00    4.9571E+006   1.9121E+007   1.7899E+007    0.936
       1550.00    5.2070E+006   1.7821E+008   1.6201E+008    0.909
       1600.00    5.4609E+006   1.5179E+009   1.3397E+009    0.883
       1650.00    5.7189E+006   1.1899E+010   1.0194E+010    0.857
       1700.00    5.9808E+006   8.6384E+010   7.1823E+010    0.831
       1800.00    6.5162E+006   3.6969E+012   2.8937E+012    0.783
       1900.00    7.0667E+006   1.2361E+014   9.1063E+013    0.737
       2000.00    7.6319E+006   3.3315E+015   2.3095E+015    0.693
       2500.00    1.0666E+007   3.9941E+021   2.0513E+021    0.514

            Partition function of structure    4
     ================================================================
          T(K)      Rot.          SS-HO           SS-T     SS-T/SS-HO
        100.00    9.0669E+004   5.5585E-231   4.4123E-231    0.794
        125.00    1.2671E+005   2.9528E-183   2.4767E-183    0.839
        200.00    2.5645E+005   4.4074E-111   4.3024E-111    0.976
        298.15    4.6678E+005   1.0751E-070   1.2047E-070    1.121
        300.00    4.7113E+005   3.5231E-070   3.9556E-070    1.123
        500.00    1.0137E+006   6.0073E-036   7.6619E-036    1.275
        750.00    1.8623E+006   4.5383E-017   5.8404E-017    1.287
       1000.00    2.8672E+006   2.5467E-006   3.0468E-006    1.196
       1100.00    3.3079E+006   4.3241E-003   4.9605E-003    1.147
       1150.00    3.5359E+006   1.2503E-001   1.4019E-001    1.121
       1200.00    3.7690E+006   2.9605E+000   3.2410E+000    1.095
       1250.00    4.0070E+006   5.8682E+001   6.2667E+001    1.068
       1300.00    4.2498E+006   9.9204E+002   1.0326E+003    1.041
       1350.00    4.4974E+006   1.4533E+004   1.4735E+004    1.014
       1400.00    4.7495E+006   1.8706E+005   1.8462E+005    0.987
       1450.00    5.0062E+006   2.1407E+006   2.0557E+006    0.960
       1500.00    5.2674E+006   2.2008E+007   2.0554E+007    0.934
       1550.00    5.5329E+006   2.0512E+008   1.8625E+008    0.908
       1600.00    5.8028E+006   1.7471E+009   1.5418E+009    0.882
       1650.00    6.0769E+006   1.3696E+010   1.1743E+010    0.857
       1700.00    6.3552E+006   9.9440E+010   8.2827E+010    0.833
       1800.00    6.9241E+006   4.2562E+012   3.3439E+012    0.786
       1900.00    7.5091E+006   1.4234E+014   1.0544E+014    0.741
       2000.00    8.1096E+006   3.8370E+015   2.6793E+015    0.698
       2500.00    1.1334E+007   4.6053E+021   2.4007E+021    0.521

            Partition function of structure    5
     ================================================================
          T(K)      Rot.          SS-HO           SS-T     SS-T/SS-HO
        100.00    9.0737E+004   6.7907E-231   5.4702E-231    0.806
        125.00    1.2681E+005   3.6735E-183   3.1359E-183    0.854
        200.00    2.5664E+005   5.7027E-111   5.7435E-111    1.007
        298.15    4.6713E+005   1.4355E-070   1.6878E-070    1.176
        300.00    4.7148E+005   4.7062E-070   5.5459E-070    1.178
        500.00    1.0145E+006   8.2897E-036   1.1125E-035    1.342
        750.00    1.8637E+006   6.3771E-017   8.4088E-017    1.319
       1000.00    2.8693E+006   3.6108E-006   4.2958E-006    1.190
       1100.00    3.3103E+006   6.1455E-003   6.9357E-003    1.129
       1150.00    3.5386E+006   1.7787E-001   1.9521E-001    1.098
       1200.00    3.7718E+006   4.2156E+000   4.4955E+000    1.066
       1250.00    4.0100E+006   8.3628E+001   8.6594E+001    1.035
       1300.00    4.2530E+006   1.4148E+003   1.4217E+003    1.005
       1350.00    4.5007E+006   2.0741E+004   2.0215E+004    0.975
       1400.00    4.7531E+006   2.6713E+005   2.5243E+005    0.945
       1450.00    5.0100E+006   3.0587E+006   2.8015E+006    0.916
       1500.00    5.2713E+006   3.1462E+007   2.7923E+007    0.888
       1550.00    5.5371E+006   2.9338E+008   2.5226E+008    0.860
       1600.00    5.8071E+006   2.5000E+009   2.0822E+009    0.833
       1650.00    6.0815E+006   1.9606E+010   1.5816E+010    0.807
       1700.00    6.3600E+006   1.4240E+011   1.1125E+011    0.781
       1800.00    6.9293E+006   6.0994E+012   4.4690E+012    0.733
       1900.00    7.5147E+006   2.0410E+014   1.4027E+014    0.687
       2000.00    8.1157E+006   5.5047E+015   3.5490E+015    0.645
       2500.00    1.1342E+007   6.6190E+021   3.1255E+021    0.472

            Partition function of structure    6
     ================================================================
          T(K)      Rot.          SS-HO           SS-T     SS-T/SS-HO
        100.00    9.2757E+004   4.5619E-231   2.4828E-231    0.544
        125.00    1.2963E+005   2.7835E-183   1.5927E-183    0.572
        200.00    2.6236E+005   5.1031E-111   3.3650E-111    0.659
        298.15    4.7753E+005   1.3915E-070   1.0479E-070    0.753
        300.00    4.8198E+005   4.5664E-070   3.4455E-070    0.755
        500.00    1.0371E+006   8.5082E-036   7.3254E-036    0.861
        750.00    1.9052E+006   6.7039E-017   5.9385E-017    0.886
       1000.00    2.9332E+006   3.8359E-006   3.2316E-006    0.842
       1100.00    3.3840E+006   6.5458E-003   5.3360E-003    0.815
       1150.00    3.6174E+006   1.8967E-001   1.5180E-001    0.800
       1200.00    3.8558E+006   4.4998E+000   3.5318E+000    0.785
       1250.00    4.0993E+006   8.9348E+001   6.8711E+001    0.769
       1300.00    4.3477E+006   1.5128E+003   1.1389E+003    0.753
       1350.00    4.6010E+006   2.2195E+004   1.6346E+004    0.736
       1400.00    4.8589E+006   2.8605E+005   2.0595E+005    0.720
       1450.00    5.1215E+006   3.2774E+006   2.3055E+006    0.703
       1500.00    5.3887E+006   3.3732E+007   2.3173E+007    0.687
       1550.00    5.6604E+006   3.1472E+008   2.1104E+008    0.671
       1600.00    5.9365E+006   2.6832E+009   1.7557E+009    0.654
       1650.00    6.2169E+006   2.1053E+010   1.3437E+010    0.638
       1700.00    6.5016E+006   1.5298E+011   9.5217E+010    0.622
       1800.00    7.0836E+006   6.5573E+012   3.8788E+012    0.592
       1900.00    7.6821E+006   2.1958E+014   1.2335E+014    0.562
       2000.00    8.2964E+006   5.9256E+015   3.1599E+015    0.533
       2500.00    1.1595E+007   7.1408E+021   2.9317E+021    0.411

            Partition function of structure    7
     ================================================================
          T(K)      Rot.          SS-HO           SS-T     SS-T/SS-HO
        100.00    8.0542E+004   3.1722E-232   2.3769E-232    0.749
        125.00    1.1256E+005   2.7336E-184   2.1529E-184    0.788
        200.00    2.2781E+005   8.0909E-112   7.2378E-112    0.895
        298.15    4.1465E+005   2.7722E-071   2.7292E-071    0.984
        300.00    4.1851E+005   9.1211E-071   8.9905E-071    0.986
        500.00    9.0049E+005   1.9848E-036   2.0747E-036    1.045
        750.00    1.6543E+006   1.6705E-017   1.7175E-017    1.028
       1000.00    2.5470E+006   9.8479E-007   9.6073E-007    0.976
       1100.00    2.9384E+006   1.6935E-003   1.6092E-003    0.950
       1150.00    3.1410E+006   4.9230E-002   4.6130E-002    0.937
       1200.00    3.3481E+006   1.1714E+000   1.0819E+000    0.924
       1250.00    3.5595E+006   2.3322E+001   2.1221E+001    0.910
       1300.00    3.7752E+006   3.9584E+002   3.5473E+002    0.896
       1350.00    3.9951E+006   5.8203E+003   5.1348E+003    0.882
       1400.00    4.2191E+006   7.5165E+004   6.5260E+004    0.868
       1450.00    4.4471E+006   8.6283E+005   7.3701E+005    0.854
       1500.00    4.6791E+006   8.8957E+006   7.4736E+006    0.840
       1550.00    4.9150E+006   8.3129E+007   6.8674E+007    0.826
       1600.00    5.1547E+006   7.0977E+008   5.7642E+008    0.812
       1650.00    5.3982E+006   5.5766E+009   4.4512E+009    0.798
       1700.00    5.6454E+006   4.0573E+010   3.1823E+010    0.784
       1800.00    6.1508E+006   1.7431E+012   1.3194E+012    0.757
       1900.00    6.6704E+006   5.8487E+013   4.2697E+013    0.730
       2000.00    7.2039E+006   1.5811E+015   1.1126E+015    0.704
       2500.00    1.0068E+007   1.9174E+021   1.1173E+021    0.583

     ================================================================
              Partition Functions Including All Structures
        -----------------------------------------------------------
        Zero of energy is set to potential energy of global minimum
        -----------------------------------------------------------
        T(K)    Elec.        Trans.              Con-rovib
                                            MS-LH    or     MS-T
        100.00  2.0000E+000  3.2877E+006  3.3834E-229  2.8727E-229
        125.00  2.0000E+000  5.7434E+006  9.7882E-182  8.7185E-182
        200.00  2.0000E+000  1.8598E+007  6.7032E-110  6.7848E-110
        298.15  2.0000E+000  5.0464E+007  1.1871E-069  1.3516E-069
        300.00  2.0000E+000  5.1250E+007  3.8767E-069  4.4216E-069
        500.00  2.0000E+000  1.8379E+008  5.4646E-035  6.9352E-035
        750.00  2.0000E+000  5.0646E+008  3.8363E-016  4.8409E-016
       1000.00  2.0000E+000  1.0397E+009  2.0847E-005  2.4249E-005
       1100.00  2.0000E+000  1.3194E+009  3.5103E-002  3.9071E-002
       1150.00  2.0000E+000  1.4745E+009  1.0114E+000  1.0993E+000
       1200.00  2.0000E+000  1.6400E+009  2.3870E+001  2.5314E+001
       1250.00  2.0000E+000  1.8162E+009  4.7174E+002  4.8774E+002
       1300.00  2.0000E+000  2.0033E+009  7.9531E+003  8.0112E+003
       1350.00  2.0000E+000  2.2015E+009  1.1622E+005  1.1399E+005
       1400.00  2.0000E+000  2.4111E+009  1.4924E+006  1.4245E+006
       1450.00  2.0000E+000  2.6322E+009  1.7042E+007  1.5824E+007
       1500.00  2.0000E+000  2.8650E+009  1.7485E+008  1.5788E+008
       1550.00  2.0000E+000  3.1097E+009  1.6266E+009  1.4279E+009
       1600.00  2.0000E+000  3.3666E+009  1.3831E+010  1.1800E+010
       1650.00  2.0000E+000  3.6358E+009  1.0824E+011  8.9739E+010
       1700.00  2.0000E+000  3.9175E+009  7.8468E+011  6.3204E+011
       1800.00  2.0000E+000  4.5193E+009  3.3491E+013  2.5456E+013
       1900.00  2.0000E+000  5.1734E+009  1.1172E+015  8.0111E+014
       2000.00  2.0000E+000  5.8812E+009  3.0047E+016  2.0325E+016
       2500.00  2.0000E+000  1.0274E+010  3.5755E+022  1.8142E+022

             Total Partition Function (E + T + Con-rovib)
             ---------------------------------------------
                T(K)     E + T + MS-LH     E + T + MS-T
                100.00     2.2247E-222       1.8889E-222
                125.00     1.1243E-174       1.0015E-174
                200.00     2.4933E-102       2.5237E-102
                298.15     1.1981E-061       1.3641E-061
                300.00     3.9736E-061       4.5321E-061
                500.00     2.0087E-026       2.5492E-026
                750.00     3.8859E-007       4.9034E-007
               1000.00     4.3348E+004       5.0422E+004
               1100.00     9.2630E+007       1.0310E+008
               1150.00     2.9825E+009       3.2418E+009
               1200.00     7.8294E+010       8.3032E+010
               1250.00     1.7136E+012       1.7717E+012
               1300.00     3.1865E+013       3.2098E+013
               1350.00     5.1172E+014       5.0190E+014
               1400.00     7.1966E+015       6.8693E+015
               1450.00     8.9713E+016       8.3303E+016
               1500.00     1.0019E+018       9.0467E+017
               1550.00     1.0117E+019       8.8807E+018
               1600.00     9.3125E+019       7.9451E+019
               1650.00     7.8711E+020       6.5255E+020
               1700.00     6.1480E+021       4.9521E+021
               1800.00     3.0271E+023       2.3008E+023
               1900.00     1.1560E+025       8.2889E+024
               2000.00     3.5343E+026       2.3907E+026
               2500.00     7.3469E+032       3.7278E+032

     ================================================================
              Partition Functions Including All Structures
        -----------------------------------------------------------
                    Zero of energy is set to ZPE
        -----------------------------------------------------------
        T(K)             Con-rovib                Total
                   MS-LH        MS-T       E+T+MS-LH    E+T+MS-T
        100.00  1.6259E+006  1.3805E+006  1.0691E+013  9.0775E+012
        125.00  5.4463E+006  4.8511E+006  6.2560E+013  5.5724E+013
        200.00  1.4695E+008  1.4874E+008  5.4658E+015  5.5324E+015
        298.15  6.1253E+009  6.9741E+009  6.1821E+017  7.0388E+017
        300.00  6.5420E+009  7.4615E+009  6.7056E+017  7.6480E+017
        500.00  4.7197E+012  5.9898E+012  1.7348E+021  2.2017E+021
        750.00  7.4958E+015  9.4585E+015  7.5926E+024  9.5807E+024
       1000.00  6.1266E+018  7.1264E+018  1.2739E+028  1.4818E+028
       1100.00  7.5867E+019  8.4441E+019  2.0020E+029  2.2282E+029
       1150.00  2.5824E+020  2.8069E+020  7.6152E+029  8.2773E+029
       1200.00  8.6033E+020  9.1239E+020  2.8219E+030  2.9927E+030
       1250.00  2.8070E+021  2.9022E+021  1.0196E+031  1.0542E+031
       1300.00  8.9739E+021  9.0394E+021  3.5955E+031  3.6218E+031
       1350.00  2.8126E+022  2.7586E+022  1.2384E+032  1.2146E+032
       1400.00  8.6470E+022  8.2537E+022  4.1697E+032  3.9801E+032
       1450.00  2.6089E+023  2.4225E+023  1.3734E+033  1.2753E+033
       1500.00  7.7289E+023  6.9789E+023  4.4286E+033  3.9989E+033
       1550.00  2.2493E+024  1.9745E+024  1.3989E+034  1.2280E+034
       1600.00  6.4336E+024  5.4890E+024  4.3319E+034  3.6958E+034
       1650.00  1.8094E+025  1.5001E+025  1.3157E+035  1.0908E+035
       1700.00  5.0061E+025  4.0323E+025  3.9223E+035  3.1593E+035
       1800.00  3.6543E+026  2.7775E+026  3.3030E+036  2.5105E+036
       1900.00  2.5108E+027  1.8004E+027  2.5979E+037  1.8628E+037
       2000.00  1.6289E+028  1.1019E+028  1.9160E+038  1.2960E+038
       2500.00  8.7218E+031  4.4254E+031  1.7922E+042  9.0934E+041
     ================================================================

                     ==============================
                          Thermodynamic Functions
                      (Ideal gas at standard state)
                     ==============================
     T  - Temperature (Kelvin)        G  - Gibbs Free Energy (kcal/mol)
     E  - Thermal Energy (kcal/mol)   H  - Enthalpy (kcal/mol)
     S  - Entropy (cal/(mol-K))
     Cp - Heat Capacity at Constant Pressure (cal/(mol-K))
        -----------------------------------------------------------
        Zero of energy is set to potential energy of global minimum
        -----------------------------------------------------------

               Contribution from electronic P.F. 
     ================================================================
                  T          G          E          S
                100.00      -0.138      0.000      1.377
                125.00      -0.172      0.000      1.377
                200.00      -0.275      0.000      1.377
                298.15      -0.411      0.000      1.377
                300.00      -0.413      0.000      1.377
                500.00      -0.689      0.000      1.377
                750.00      -1.033      0.000      1.377
               1000.00      -1.377      0.000      1.377
               1100.00      -1.515      0.000      1.377
               1150.00      -1.584      0.000      1.377
               1200.00      -1.653      0.000      1.377
               1250.00      -1.722      0.000      1.377
               1300.00      -1.791      0.000      1.377
               1350.00      -1.860      0.000      1.377
               1400.00      -1.928      0.000      1.377
               1450.00      -1.997      0.000      1.377
               1500.00      -2.066      0.000      1.377
               1550.00      -2.135      0.000      1.377
               1600.00      -2.204      0.000      1.377
               1650.00      -2.273      0.000      1.377
               1700.00      -2.342      0.000      1.377
               1800.00      -2.479      0.000      1.377
               1900.00      -2.617      0.000      1.377
               2000.00      -2.755      0.000      1.377
               2500.00      -3.444      0.000      1.377

               Contribution from translational P.F. 
     ================================================================
                  T          G          E          S
                100.00      -2.982      0.298     34.788
                125.00      -3.866      0.373     35.896
                200.00      -6.653      0.596     38.231
                298.15     -10.509      0.889     40.215
                300.00     -10.583      0.894     40.246
                500.00     -18.908      1.490     42.783
                750.00     -29.872      2.236     44.798
               1000.00     -41.259      2.981     46.227
               1100.00     -45.906      3.279     46.700
               1150.00     -48.246      3.428     46.921
               1200.00     -50.598      3.577     47.133
               1250.00     -52.959      3.726     47.336
               1300.00     -55.331      3.875     47.530
               1350.00     -57.712      4.024     47.718
               1400.00     -60.103      4.173     47.899
               1450.00     -62.502      4.322     48.073
               1500.00     -64.910      4.471     48.241
               1550.00     -67.326      4.620     48.404
               1600.00     -69.750      4.769     48.562
               1650.00     -72.182      4.918     48.715
               1700.00     -74.622      5.067     48.863
               1800.00     -79.522      5.365     49.147
               1900.00     -84.451      5.664     49.416
               2000.00     -89.405      5.962     49.671
               2500.00    -114.528      7.452     50.779

        Contribution from conformational-rovibrational P.F. (MS-LH)
     ================================================================
                  T          G          E          S
                100.00     104.542    108.370     38.275
                125.00     103.531    108.849     42.540
                200.00      99.910    110.638     53.642
                298.15      94.032    113.676     65.887
                300.00      93.910    113.742     66.106
                500.00      78.388    122.797     88.819
                750.00      52.905    138.773    114.491
               1000.00      21.419    158.294    136.875
               1100.00       7.322    166.814    144.993
               1150.00      -0.026    171.198    148.890
               1200.00      -7.566    175.656    152.685
               1250.00     -15.293    180.184    156.381
               1300.00     -23.202    184.775    159.983
               1350.00     -31.289    189.427    163.493
               1400.00     -39.550    194.134    166.917
               1450.00     -47.980    198.892    170.257
               1500.00     -56.574    203.699    173.516
               1550.00     -65.330    208.551    176.697
               1600.00     -74.243    213.445    179.805
               1650.00     -83.309    218.378    182.841
               1700.00     -92.526    223.348    185.808
               1800.00    -111.396    233.388    191.546
               1900.00    -130.827    243.549    197.040
               2000.00    -150.796    253.817    202.307
               2500.00    -257.995    306.383    225.751

        Contribution from conformational-rovibrational P.F. (MS-T)
     ================================================================
                  T          G          E          S
                100.00     104.575    108.408     38.334
                125.00     103.560    108.907     42.779
                200.00      99.905    110.757     54.257
                298.15      93.955    113.841     66.698
                300.00      93.831    113.907     66.919
                500.00      78.151    122.907     89.511
                750.00      52.558    138.537    114.638
               1000.00      21.118    157.468    136.350
               1100.00       7.088    165.698    144.192
               1150.00      -0.216    169.927    147.951
               1200.00      -7.706    174.224    151.608
               1250.00     -15.376    178.584    155.168
               1300.00     -23.221    183.003    158.634
               1350.00     -31.237    187.477    162.010
               1400.00     -39.421    192.001    165.301
               1450.00     -47.766    196.572    168.509
               1500.00     -56.270    201.186    171.638
               1550.00     -64.929    205.842    174.691
               1600.00     -73.738    210.536    177.671
               1650.00     -82.695    215.265    180.581
               1700.00     -91.795    220.027    183.425
               1800.00    -110.414    229.642    188.920
               1900.00    -129.571    239.366    194.178
               2000.00    -149.242    249.186    199.214
               2500.00    -254.625    299.377    221.601

     Total (Translational + Electronic + conformational-rovib.(MS-LH))
     ======================================================================
              T          G          E          H          S          Cp
            100.00     101.422    108.668    108.866     74.440     22.580
            125.00      99.493    109.221    109.470     79.814     25.559
            200.00      92.982    111.235    111.632     93.251     31.802
            298.15      83.112    114.565    115.157    107.479     40.349
            300.00      82.913    114.636    115.232    107.729     40.527
            500.00      58.792    124.288    125.281    132.980     59.546
            750.00      22.000    141.009    142.499    160.666     76.945
           1000.00     -21.218    161.275    163.262    184.479     88.397
           1100.00     -40.099    170.093    172.279    193.071     91.862
           1150.00     -49.856    174.626    176.911    197.189     93.407
           1200.00     -59.816    179.233    181.618    201.195     94.842
           1250.00     -69.974    183.910    186.394    205.094     96.174
           1300.00     -80.324    188.650    191.234    208.891     97.412
           1350.00     -90.861    193.451    196.134    212.589     98.563
           1400.00    -101.581    198.307    201.089    216.193     99.635
           1450.00    -112.479    203.214    206.096    219.707    100.634
           1500.00    -123.550    208.170    211.151    223.134    101.565
           1550.00    -134.791    213.171    216.251    226.479    102.434
           1600.00    -146.197    218.214    221.394    229.744    103.246
           1650.00    -157.764    223.296    226.575    232.933    104.004
           1700.00    -169.489    228.415    231.793    236.048    104.714
           1800.00    -193.397    238.754    242.330    242.071    106.003
           1900.00    -217.895    249.213    252.989    247.833    107.137
           2000.00    -242.956    259.779    263.753    253.355    108.139
           2500.00    -375.966    313.835    318.803    277.908    111.726

     Total (Translational + Electronic + conformational-rovib.(MS-T))
     ======================================================================
              T          G          E          H          S          Cp
            100.00     101.455    108.706    108.905     74.499     23.344
            125.00      99.522    109.280    109.528     80.053     26.397
            200.00      92.977    111.353    111.750     93.866     32.492
            298.15      83.036    114.730    115.322    108.290     40.596
            300.00      82.835    114.801    115.398    108.542     40.765
            500.00      58.555    124.397    125.391    133.672     58.747
            750.00      21.653    140.772    142.263    160.813     75.029
           1000.00     -21.518    160.449    162.436    183.954     85.636
           1100.00     -40.333    168.977    171.163    192.269     88.824
           1150.00     -50.047    173.355    175.640    196.249     90.242
           1200.00     -59.956    177.801    180.186    200.118     91.556
           1250.00     -70.057    182.310    184.794    203.881     92.774
           1300.00     -80.343    186.878    189.462    207.542     93.905
           1350.00     -90.809    191.501    194.183    211.106     94.954
           1400.00    -101.452    196.174    198.956    214.577     95.930
           1450.00    -112.266    200.894    203.775    217.959     96.837
           1500.00    -123.246    205.658    208.639    221.256     97.682
           1550.00    -134.390    210.462    213.542    224.472     98.469
           1600.00    -145.692    215.305    218.484    227.610     99.203
           1650.00    -157.150    220.183    223.462    230.674     99.888
           1700.00    -168.759    225.094    228.473    233.665    100.528
           1800.00    -192.416    235.008    238.585    239.445    101.688
           1900.00    -216.639    245.030    248.805    244.971    102.706
           2000.00    -241.403    255.147    259.122    250.262    103.604
           2500.00    -372.597    306.829    311.797    273.757    106.795

                        --------------------------------
                         Zero of energy is set to ZPE
                        --------------------------------

     Total (Translational + Electronic + conformational-rovib.(MS-LH))
     ======================================================================
              T          G          E          H          S          Cp
            100.00      -5.962      1.284      1.482     74.440     22.580
            125.00      -7.891      1.837      2.086     79.814     25.559
            200.00     -14.402      3.850      4.248     93.251     31.802
            298.15     -24.272      7.181      7.773    107.479     40.349
            300.00     -24.471      7.252      7.848    107.729     40.527
            500.00     -48.593     16.904     17.897    132.980     59.546
            750.00     -85.385     33.624     35.115    160.666     76.945
           1000.00    -128.602     53.890     55.878    184.479     88.397
           1100.00    -147.483     62.709     64.895    193.071     91.862
           1150.00    -157.240     67.242     69.527    197.189     93.407
           1200.00    -167.200     71.849     74.234    201.195     94.842
           1250.00    -177.358     76.526     79.010    205.094     96.174
           1300.00    -187.708     81.266     83.850    208.891     97.412
           1350.00    -198.245     86.067     88.749    212.589     98.563
           1400.00    -208.965     90.923     93.705    216.193     99.635
           1450.00    -219.863     95.830     98.712    219.707    100.634
           1500.00    -230.935    100.786    103.767    223.134    101.565
           1550.00    -242.175    105.787    108.867    226.479    102.434
           1600.00    -253.581    110.830    114.009    229.744    103.246
           1650.00    -265.148    115.912    119.191    232.933    104.004
           1700.00    -276.873    121.031    124.409    236.048    104.714
           1800.00    -300.781    131.369    134.946    242.071    106.003
           1900.00    -325.279    141.829    145.605    247.833    107.137
           2000.00    -350.340    152.395    156.369    253.355    108.139
           2500.00    -483.351    206.451    211.419    277.908    111.726

     Total (Translational + Electronic + conformational-rovib.(MS-T))
     ======================================================================
              T          G          E          H          S          Cp
            100.00      -5.929      1.322      1.521     74.499     23.344
            125.00      -7.862      1.896      2.144     80.053     26.397
            200.00     -14.407      3.969      4.366     93.866     32.492
            298.15     -24.348      7.346      7.938    108.290     40.596
            300.00     -24.549      7.417      8.014    108.542     40.765
            500.00     -48.829     17.013     18.007    133.672     58.747
            750.00     -85.731     33.388     34.879    160.813     75.029
           1000.00    -128.902     53.065     55.052    183.954     85.636
           1100.00    -147.717     61.593     63.779    192.269     88.824
           1150.00    -157.431     65.971     68.256    196.249     90.242
           1200.00    -167.341     70.417     72.802    200.118     91.556
           1250.00    -177.441     74.926     77.410    203.881     92.774
           1300.00    -187.727     79.494     82.078    207.542     93.905
           1350.00    -198.194     84.117     86.799    211.106     94.954
           1400.00    -208.836     88.790     91.572    214.577     95.930
           1450.00    -219.650     93.510     96.391    217.959     96.837
           1500.00    -230.631     98.274    101.254    221.256     97.682
           1550.00    -241.774    103.078    106.158    224.472     98.469
           1600.00    -253.077    107.921    111.100    227.610     99.203
           1650.00    -264.534    112.799    116.078    230.674     99.888
           1700.00    -276.143    117.710    121.088    233.665    100.528
           1800.00    -299.800    127.624    131.201    239.445    101.688
           1900.00    -324.023    137.646    141.421    244.971    102.706
           2000.00    -348.787    147.763    151.738    250.262    103.604
           2500.00    -479.981    199.445    204.413    273.757    106.795

 ==============================End of MSTor output==============================
