
 *******************************************************************************

   MSTor program version 2013 (2013)

   Jingjing Zheng, Steven L. Mielke, and Donald G. Truhlar

   Department of Chemistry and Supercomputing Institute
   University of Minnesota, Minneapolis, Minnesota, USA

   Copyright 2013
   Donald G. Truhlar and Regents of the University of Minnesota

   Citations: 
   MS-T(U) method
     J. Zheng, T. Yu, E. Papajak, I. M. Alecu, S. L. Mielke, and D. G. Truhlar,
     Phys. Chem. Chem. Phys. 13, 10885-10907 (2011).
   MS-T(C) method
     J. Zheng and D. G. Truhlar, J. Chem. Theory Comput., DOI: 10.1021/ct3010722.
   MSTor program
     J. Zheng, S. L. Mielke, K. L Clarkson, and D. G. Truhlar,
     Comp. Phys. Comm. 183, 1803-1812 (2012).
     J. Zheng, R. Meana-Paneda, and D. G. Truhlar, Comp. Phys. Comm.
     to be published as new version announcement.

 *******************************************************************************

                    Naming conventions for the MS methods
   -----------------------------------------------------------------------------
   Common name        Original or other names
   -----------------------------------------------------------------------------
   MS-LH         =    MS-HO (ref. 1)   =   MS-AS-HO (ref. 2)
   MS-T          =    MS-AS (ref. 1)   =   MS-AS-T  (ref. 2)
   -----------------------------------------------------------------------------
   Ref. 1: J. Zheng, T. Yu, E. Papajak, I. M. Alecu, S. L. Mielke, and
           D. G. Truhlar, Phys. Chem. Chem. Phys. 13, 10885 (2011).
   Ref. 2: T. Yu, J. Zheng, and D. G. Truhlar, Chem. Sci. 2, 2199 (2011)

   Calculation run on 01/25/2022 at 12:44:30  

   Number of structures:             5
   Number of torsions:               6
   Method:                           MS-T(C)
   Frequency scaling factor:         0.964
   Delta T for finite difference:    0.5 K
   Internal coordinates
     Bonds:         01-02  01-18  01-19  01-20  02-03  03-04  03-15  04-05  04-12
     Bonds:         05-06  05-08  06-07  07-09  07-11  15-21  04-13  03-14  07-10
     Bonds:         02-17  02-16
     Angles:        01-02-03  01-02-16  01-02-17  02-01-19  02-01-20  02-03-04
     Angles:        02-03-15  03-15-21  04-03-15  04-05-06  04-05-08  05-04-12
     Angles:        05-04-13  05-06-07  06-05-08  06-07-09  06-07-10  10-07-11
     Angles:        12-04-13  18-01-19
     Linear Angles: 
     Dihedrals:     01-03-17-02  02-04-14-03  02-14-15-03  02-19-20-01
     Dihedrals:     03-05-13-04  03-16-17-02  06-09-10-07  02-03-15-21
     Dihedrals:     02-18-19-01  03-05-12-04  06-10-11-07  04-03-02-01
     Dihedrals:     05-04-03-02  06-05-04-03  07-06-05-04  03-02-01-18
     Dihedrals:     05-06-07-09

   All moment output uses units of amu for masses and Angstroms for distances 

                           ==========================
                                Structure   1
                           ==========================

   Normal-mode Frequencies (cm-1) 
   (Overall translation and rotation projected out)
    1290.6683i      0.0001i      0.0000i      0.0000i      0.0000i      0.0000 
       0.0000      32.2935      70.3630      83.7198     138.3317     167.5361 
     175.1418     227.6594     242.3774     281.4350     307.7128     349.4155 
     364.6878     518.9297     579.9621     683.0799     748.2019     840.4053 
     851.8647     916.9988     937.4817    1021.0293    1046.4395    1074.7171 
    1108.0069    1117.1110    1163.9814    1190.0027    1193.2673    1199.7572 
    1216.5067    1243.6694    1269.0035    1300.0472    1363.8327    1392.6232 
    1405.8691    1428.4723    1454.3201    1457.9278    1464.0122    1475.0395 
    1477.4539    1479.2231    1604.4998    1822.3124    2981.8360    3004.3738 
    3016.0110    3021.6430    3029.3993    3060.5437    3080.4510    3083.3095 
    3090.0202    3114.3956    3147.6715 
   Torsion-projected frequencies/non-torsional frequencies (cm-1)
    1290.6597i    169.8321     239.5743     280.5182     306.3639     346.3313 
     362.5259     518.8558     577.3951     683.0209     747.3995     840.3820 
     851.8256     916.9878     937.4525    1021.0177    1046.4339    1074.7072 
    1107.9932    1117.1084    1163.6773    1189.9997    1193.2483    1199.7378 
    1216.4938    1243.6675    1268.9347    1300.0381    1363.8306    1392.6223 
    1405.8641    1428.4690    1454.3173    1457.9278    1463.9353    1475.0368 
    1477.4539    1479.2203    1604.4930    1822.3122    2981.8339    3004.3738 
    3016.0109    3021.6409    3029.3993    3060.5420    3080.4504    3083.3084 
    3090.0201    3114.3871    3147.6715 
   Product of consistently coupled torsional frequencies (in cm-1^ntor)  1.0778E+12
   Primitively coupled torsional frequencies (cm-1) (Not used)
      35.4642      80.9382      87.3311     140.7676     181.0484     241.4061 
   Product of primitively coupled torsional frequencies (in cm-1^ntor)   1.5423E+12
   Effective coupled torsional barrier (kcal/mol)
        0.999        1.105        2.686        3.463        4.708        7.332 

   D matrix: 
   m-n        1             2             3             4             5
    1   2.240573E+01 -1.837832E+00 -3.503939E+00 -1.107427E-01  1.415836E+00
    2  -1.837832E+00  2.477514E+01  7.063671E+00  5.071332E+00  2.034038E+00
    3  -3.503939E+00  7.063671E+00  4.260244E+01 -1.274923E+01  5.247651E-01
    4  -1.107427E-01  5.071332E+00 -1.274923E+01  1.727880E+01  4.111418E-01
    5   1.415836E+00  2.034038E+00  5.247651E-01  4.111418E-01  3.027101E+00
    6  -2.518040E-01  8.804246E-01  2.259839E+00  1.386281E+00  6.868753E-02
   m-n        6
    1  -2.518040E-01
    2   8.804246E-01
    3   2.259839E+00
    4   1.386281E+00
    5   6.868753E-02
    6   3.109952E+00

   Eigenvalues of D matrix:
     4.9384E+01    2.7928E+01    2.1741E+01    8.9249E+00    2.7106E+00    2.5106E+00
   Determinant of D matrix  1.385797E+029

          Uncoupled force constants (au), Pitzer moment of inertia (amu A^2),
   uncoupled torsional frequencies (cm-1), and uncoupled torsional barrier (kcal/mol)
   --------------------------------------------------------------------------------
   Torsion               1             2             3             4             5
   Force constant   2.04440E-02  2.69072E-02  8.39974E-03  4.44542E-02  2.09069E-02
   Moment          22.406       24.775       42.602       17.279        3.027
   Tor. Freq.        82.169       89.646       38.196      137.976      226.067
   Rot. barrier       3.315        4.363        1.362        7.208        2.915
   M_j,tau            2.782        2.782        2.782        2.782        3.000

   Torsion               6
   Force constant   8.11292E-03
   Moment           3.110
   Tor. Freq.       138.937
   Rot. barrier       1.131
   M_j,tau            3.000
   --------------------------------------------------------------------------------
   Potential Energy =   0.000 kcal/mol
   Weight =  1
   Overall rotational symmetry number =   1

                           ==========================
                                Structure   2
                           ==========================

   Normal-mode Frequencies (cm-1) 
   (Overall translation and rotation projected out)
    1321.7534i      0.0000i      0.0000i      0.0000       0.0000       0.0000 
       0.0000      33.9480      63.9505      97.8398     113.9456     138.2614 
     176.5168     228.0765     249.8492     290.6771     314.2819     330.8584 
     356.7105     484.4724     583.0718     702.1264     750.0556     827.1438 
     895.4639     925.4902     931.0910    1028.5804    1056.1209    1081.9414 
    1098.1985    1126.9700    1164.3730    1175.6717    1189.0020    1200.2200 
    1217.7354    1231.5348    1266.8327    1285.1246    1362.8206    1396.4029 
    1415.6783    1424.9275    1455.1922    1461.1767    1463.7636    1474.5328 
    1477.6006    1479.8516    1569.2615    1829.9524    2965.4961    2981.7343 
    3005.9720    3015.9446    3029.1531    3052.3202    3084.3761    3090.7781 
    3091.8845    3114.2259    3147.3110 
   Torsion-projected frequencies/non-torsional frequencies (cm-1)
    1321.7231i    110.9481     248.1267     289.2357     313.7177     326.4292 
     355.8585     484.2176     580.5494     702.0814     749.2982     826.9199 
     895.4598     925.4854     931.0100    1028.5763    1056.1176    1081.9276 
    1098.1967    1126.9659    1164.0559    1175.6652    1189.0001    1200.2155 
    1217.7198    1231.5310    1266.7619    1285.1203    1362.8183    1396.4021 
    1415.6778    1424.9048    1455.1885    1461.1765    1463.6862    1474.5318 
    1477.6005    1479.8478    1569.2559    1829.9511    2965.4961    2981.7342 
    3005.9719    3015.9441    3029.1531    3052.3180    3084.3751    3090.7780 
    3091.8843    3114.2175    3147.3110 
   Product of consistently coupled torsional frequencies (in cm-1^ntor)  1.2592E+12
   Primitively coupled torsional frequencies (cm-1) (Not used)
      36.6590      67.5284     111.2314     140.1156     182.7300     241.6213 
   Product of primitively coupled torsional frequencies (in cm-1^ntor)   1.7034E+12
   Effective coupled torsional barrier (kcal/mol)
        1.102        1.200        2.616        2.879        4.129        8.460 

   D matrix: 
   m-n        1             2             3             4             5
    1   1.958637E+01 -3.614223E+00  1.461576E+01 -4.727350E+00  9.898484E-01
    2  -3.614223E+00  2.347350E+01 -2.300436E+00  7.780257E+00  2.149147E+00
    3   1.461576E+01 -2.300436E+00  3.261781E+01 -1.236398E+01  9.672509E-01
    4  -4.727350E+00  7.780257E+00 -1.236398E+01  1.827244E+01  2.526127E-01
    5   9.898484E-01  2.149147E+00  9.672509E-01  2.526127E-01  3.027726E+00
    6   7.268877E-01  3.867670E-01  1.548300E+00  1.479360E+00  9.075951E-02
   m-n        6
    1   7.268877E-01
    2   3.867670E-01
    3   1.548300E+00
    4   1.479360E+00
    5   9.075951E-02
    6   3.064400E+00

   Eigenvalues of D matrix:
     4.9589E+01    2.4647E+01    1.3276E+01    7.3445E+00    2.6938E+00    2.4917E+00
   Determinant of D matrix  6.087111E+028

          Uncoupled force constants (au), Pitzer moment of inertia (amu A^2),
   uncoupled torsional frequencies (cm-1), and uncoupled torsional barrier (kcal/mol)
   --------------------------------------------------------------------------------
   Torsion               1             2             3             4             5
   Force constant   2.08465E-02  1.47955E-02  6.60476E-03  4.45446E-02  2.06802E-02
   Moment          19.586       23.474       32.618       18.272        3.028
   Tor. Freq.        88.745       68.294       38.709      134.309      224.814
   Rot. barrier       3.931        2.790        1.245        8.400        2.884
   M_j,tau            2.580        2.580        2.580        2.580        3.000

   Torsion               6
   Force constant   8.14045E-03
   Moment           3.064
   Tor. Freq.       140.203
   Rot. barrier       1.135
   M_j,tau            3.000
   --------------------------------------------------------------------------------
   Potential Energy =   0.199 kcal/mol
   Weight =  1
   Overall rotational symmetry number =   1

                           ==========================
                                Structure   3
                           ==========================

   Normal-mode Frequencies (cm-1) 
   (Overall translation and rotation projected out)
    1289.2988i      0.0001i      0.0000i      0.0000i      0.0000       0.0000 
       0.0000      31.1805      43.8066     118.6601     139.4497     161.9956 
     172.5835     230.0688     272.5573     288.7850     292.9689     357.8856 
     444.0015     493.4729     583.4673     683.9866     750.2706     830.2314 
     853.0494     917.0641     944.6726     981.8354    1045.8550    1075.0001 
    1090.6908    1127.9127    1163.8718    1179.0018    1190.3244    1204.0653 
    1217.7208    1239.1858    1268.1442    1344.4090    1352.1821    1387.2920 
    1401.1228    1432.0928    1455.3646    1457.6690    1463.8127    1475.9453 
    1477.4127    1483.4543    1599.6779    1821.7723    2993.8979    3003.1751 
    3022.0755    3029.2819    3038.3657    3068.5914    3080.4837    3088.2782 
    3089.9582    3114.1935    3147.5996 
   Torsion-projected frequencies/non-torsional frequencies (cm-1)
    1289.2651i    161.0880     254.3939     281.5069     289.5406     356.4197 
     442.7313     493.2022     581.0086     683.8995     749.9315     830.1948 
     852.8876     917.0381     944.6414     981.7584    1045.8532    1074.8934 
    1090.6784    1127.9047    1163.5690    1178.9919    1190.3238    1204.0493 
    1217.7110    1239.1805    1268.1084    1344.4019    1352.1777    1387.2882 
    1401.1210    1432.0605    1455.3567    1457.6686    1463.7322    1475.9107 
    1477.4121    1483.4265    1599.6691    1821.7719    2993.8955    3003.1728 
    3022.0732    3029.2819    3038.3643    3068.5865    3080.4819    3088.2775 
    3089.9559    3114.1850    3147.5995 
   Product of consistently coupled torsional frequencies (in cm-1^ntor)  1.0171E+12
   Primitively coupled torsional frequencies (cm-1) (Not used)
      34.1972      48.3411     125.8741     142.3180     180.9437     266.8214 
   Product of primitively coupled torsional frequencies (in cm-1^ntor)   1.4298E+12
   Effective coupled torsional barrier (kcal/mol)
        0.914        1.089        2.359        3.226        5.109        6.957 

   D matrix: 
   m-n        1             2             3             4             5
    1   2.629848E+01  2.222023E+01 -5.135962E+00  6.140750E+00  1.408110E+00
    2   2.222023E+01  4.455673E+01  8.119972E+00  9.444168E+00 -4.688647E-01
    3  -5.135962E+00  8.119972E+00  4.119891E+01 -1.140810E+01  4.238193E-01
    4   6.140750E+00  9.444168E+00 -1.140810E+01  1.794350E+01 -2.368415E-01
    5   1.408110E+00 -4.688647E-01  4.238193E-01 -2.368415E-01  3.085203E+00
    6   9.441357E-02  1.289837E+00  2.238132E+00  1.537107E+00  1.435871E-02
   m-n        6
    1   9.441357E-02
    2   1.289837E+00
    3   2.238132E+00
    4   1.537107E+00
    5   1.435871E-02
    6   3.118505E+00

   Eigenvalues of D matrix:
     6.2410E+01    4.7731E+01    1.3621E+01    7.2215E+00    2.7422E+00    2.4754E+00
   Determinant of D matrix  1.513499E+029

          Uncoupled force constants (au), Pitzer moment of inertia (amu A^2),
   uncoupled torsional frequencies (cm-1), and uncoupled torsional barrier (kcal/mol)
   --------------------------------------------------------------------------------
   Torsion               1             2             3             4             5
   Force constant   1.99514E-02  2.66131E-02  8.46433E-03  4.45123E-02  2.31541E-02
   Moment          26.298       44.557       41.199       17.944        3.085
   Tor. Freq.        74.925       66.481       38.990      135.485      235.655
   Rot. barrier       3.068        4.092        1.301        6.844        3.229
   M_j,tau            2.857        2.857        2.857        2.857        3.000

   Torsion               6
   Force constant   8.02625E-03
   Moment           3.119
   Tor. Freq.       138.003
   Rot. barrier       1.119
   M_j,tau            3.000
   --------------------------------------------------------------------------------
   Potential Energy =   0.644 kcal/mol
   Weight =  1
   Overall rotational symmetry number =   1

                           ==========================
                                Structure   4
                           ==========================

   Normal-mode Frequencies (cm-1) 
   (Overall translation and rotation projected out)
    1321.0427i      0.0000i      0.0000i      0.0000i      0.0000       0.0000 
       0.0001      36.8324      52.7789     100.0944     137.0818     144.5017 
     176.2282     234.3854     242.2181     282.0163     318.0980     328.1975 
     425.0662     485.6941     581.0778     703.9670     757.2603     829.0409 
     882.6402     920.2296     937.4549     984.9098    1053.9205    1079.2966 
    1093.7539    1132.3660    1164.2469    1167.2227    1190.2660    1207.6495 
    1221.8790    1230.2133    1263.2930    1322.0407    1347.1486    1396.1318 
    1413.1411    1425.3727    1453.2387    1460.7727    1463.6948    1476.2272 
    1477.6321    1482.0675    1569.1861    1829.6572    2966.0367    2977.0029 
    3005.1609    3029.1245    3037.1426    3058.0982    3083.4061    3089.8031 
    3100.8062    3114.1904    3147.3124 
   Torsion-projected frequencies/non-torsional frequencies (cm-1)
    1321.0199i    155.3572     233.6312     280.3782     311.7538     324.5594 
     424.9515     485.5838     578.0288     703.8813     756.9307     828.7334 
     882.6163     920.2175     937.3795     984.8198    1053.8843    1079.2794 
    1093.7468    1132.3519    1163.9400    1167.1844    1190.2587    1207.6327 
    1221.8494    1230.2048    1263.2456    1322.0312    1347.1416    1396.1291 
    1413.1348    1425.3480    1453.2325    1460.7726    1463.6181    1476.2068 
    1477.6319    1482.0623    1569.1791    1829.6563    2966.0365    2977.0026 
    3005.1594    3029.1245    3037.1410    3058.0917    3083.4046    3089.8019 
    3100.8058    3114.1819    3147.3124 
   Product of consistently coupled torsional frequencies (in cm-1^ntor)  1.1109E+12
   Primitively coupled torsional frequencies (cm-1) (Not used)
      40.3311      55.7078     115.0545     140.1769     183.9267     250.3330 
   Product of primitively coupled torsional frequencies (in cm-1^ntor)   1.6684E+12
   Effective coupled torsional barrier (kcal/mol)
        1.083        1.110        2.418        3.432        4.469        7.931 

   D matrix: 
   m-n        1             2             3             4             5
    1   1.823326E+01  8.440161E+00  9.972063E+00  1.043541E+00  1.309578E+00
    2   8.440161E+00  3.486928E+01  5.804553E+00  9.048682E+00 -6.347754E-01
    3   9.972063E+00  5.804553E+00  2.768588E+01 -8.226349E+00  8.792925E-01
    4   1.043541E+00  9.048682E+00 -8.226349E+00  1.741918E+01 -3.777455E-01
    5   1.309578E+00 -6.347754E-01  8.792925E-01 -3.777455E-01  3.084185E+00
    6   7.830965E-01  1.072818E+00  1.476167E+00  1.725810E+00  3.651679E-02
   m-n        6
    1   7.830965E-01
    2   1.072818E+00
    3   1.476167E+00
    4   1.725810E+00
    5   3.651679E-02
    6   3.076306E+00

   Eigenvalues of D matrix:
     4.4617E+01    3.3735E+01    1.2687E+01    7.9252E+00    2.9049E+00    2.4989E+00
   Determinant of D matrix  8.359684E+028

          Uncoupled force constants (au), Pitzer moment of inertia (amu A^2),
   uncoupled torsional frequencies (cm-1), and uncoupled torsional barrier (kcal/mol)
   --------------------------------------------------------------------------------
   Torsion               1             2             3             4             5
   Force constant   2.36243E-02  1.61372E-02  6.47987E-03  4.45236E-02  2.34309E-02
   Moment          18.233       34.869       27.686       17.419        3.084
   Tor. Freq.        97.916       58.519       41.616      137.527      237.099
   Rot. barrier       4.175        2.852        1.145        7.869        3.267
   M_j,tau            2.665        2.665        2.665        2.665        3.000

   Torsion               6
   Force constant   8.13182E-03
   Moment           3.076
   Tor. Freq.       139.857
   Rot. barrier       1.134
   M_j,tau            3.000
   --------------------------------------------------------------------------------
   Potential Energy =   0.732 kcal/mol
   Weight =  1
   Overall rotational symmetry number =   1

                           ==========================
                                Structure   5
                           ==========================

   Normal-mode Frequencies (cm-1) 
   (Overall translation and rotation projected out)
    1320.1299i      0.0000i      0.0000i      0.0000i      0.0000       0.0000 
       0.0000      34.2673      46.7398     100.1424     130.6026     139.5723 
     175.8371     220.6475     236.0274     283.7825     318.1300     346.6679 
     426.3250     439.2043     583.8778     705.8054     760.3782     823.5974 
     887.8890     920.0301     947.9632     982.7789    1051.4662    1067.6279 
    1107.4732    1130.6264    1164.3253    1172.3679    1189.9186    1203.0299 
    1218.2061    1233.6720    1271.8881    1318.3510    1347.5952    1388.7898 
    1413.4043    1425.5533    1460.1886    1462.5860    1463.7191    1475.0896 
    1477.5978    1480.1110    1573.9205    1829.4850    2986.4976    3001.1094 
    3003.5394    3029.1513    3045.1164    3053.0504    3083.5936    3085.3145 
    3092.7742    3114.2258    3147.3115 
   Torsion-projected frequencies/non-torsional frequencies (cm-1)
    1320.1186i    158.5010     224.9167     283.6732     315.4148     342.2868 
     424.9958     439.1078     581.2629     705.6768     760.0137     823.3131 
     887.8660     920.0024     947.9170     982.6690    1051.4397    1067.6205 
    1107.4669    1130.6193    1164.0078    1172.3591    1189.9171    1203.0134 
    1218.1990    1233.6458    1271.8566    1318.3292    1347.5909    1388.7852 
    1413.4022    1425.5262    1460.1879    1462.5828    1463.6440    1475.0756 
    1477.5976    1480.1105    1573.9186    1829.4839    2986.4962    3001.1094 
    3003.5384    3029.1512    3045.1152    3053.0486    3083.5934    3085.3136 
    3092.7736    3114.2174    3147.3114 
   Product of consistently coupled torsional frequencies (in cm-1^ntor)  7.7485E+11
   Primitively coupled torsional frequencies (cm-1) (Not used)
      37.3963      49.1725     106.3785     139.6073     181.9621     232.4657 
   Product of primitively coupled torsional frequencies (in cm-1^ntor)   1.1552E+12
   Effective coupled torsional barrier (kcal/mol)
        1.095        1.149        1.928        2.785        4.317        8.240 

   D matrix: 
   m-n        1             2             3             4             5
    1   1.915784E+01  6.764686E+00  1.295250E+01 -1.889918E+00  1.203226E+00
    2   6.764686E+00  3.725997E+01  5.494786E+00  9.026663E+00 -2.630390E-01
    3   1.295250E+01  5.494786E+00  3.090599E+01 -1.012845E+01  6.469751E-01
    4  -1.889918E+00  9.026663E+00 -1.012845E+01  1.802333E+01 -8.593631E-02
    5   1.203226E+00 -2.630390E-01  6.469751E-01 -8.593631E-02  3.080643E+00
    6   8.245066E-01  1.057635E+00  1.594236E+00  1.624417E+00  3.901157E-02
   m-n        6
    1   8.245066E-01
    2   1.057635E+00
    3   1.594236E+00
    4   1.624417E+00
    5   3.901157E-02
    6   3.078954E+00

   Eigenvalues of D matrix:
     4.6836E+01    3.8868E+01    1.2269E+01    8.0629E+00    2.9656E+00    2.5057E+00
   Determinant of D matrix  1.018267E+029

          Uncoupled force constants (au), Pitzer moment of inertia (amu A^2),
   uncoupled torsional frequencies (cm-1), and uncoupled torsional barrier (kcal/mol)
   --------------------------------------------------------------------------------
   Torsion               1             2             3             4             5
   Force constant   1.91028E-02  1.44023E-02  6.52460E-03  4.45926E-02  2.04390E-02
   Moment          19.158       37.260       30.906       18.023        3.081
   Tor. Freq.        85.897       53.481       39.524      135.307      221.572
   Rot. barrier       3.507        2.644        1.198        8.186        2.850
   M_j,tau            2.615        2.615        2.615        2.615        3.000

   Torsion               6
   Force constant   8.09534E-03
   Moment           3.079
   Tor. Freq.       139.483
   Rot. barrier       1.129
   M_j,tau            3.000
   --------------------------------------------------------------------------------
   Potential Energy =   0.741 kcal/mol
   Weight =  1
   Overall rotational symmetry number =   1

       List of zero-point inclusive energy (kcal/mol) for each structure
      ------------------------------------------------------------------
        Structure            Energy (T = 0 K)
      ------------------------------------------------------------------
          1                    107.38
          2                    107.43
          3                    108.18
          4                    108.08
          5                    108.07
      ZPE of the system =      107.38


     Note: The following SS-HO and SS-T include the Rot. P.F. and Boltzmann factor,
           but are calculated with weight = 1 for each structure. Weights are
           counted in MS partition functions. Zero of energy is set to the potential
           energy of global minimum.

            Partition function of structure    1
     ================================================================
          T(K)      Rot.          SS-HO           SS-T     SS-T/SS-HO
        100.00    8.7545E+004   1.7010E-229   1.4232E-229    0.837
        125.00    1.2235E+005   4.4697E-182   3.9542E-182    0.885
        200.00    2.4761E+005   2.3299E-110   2.3888E-110    1.025
        298.15    4.5070E+005   3.2101E-070   3.7393E-070    1.165
        300.00    4.5490E+005   1.0445E-069   1.2189E-069    1.167
        500.00    9.7878E+005   1.1274E-035   1.4779E-035    1.311
        750.00    1.7981E+006   6.7817E-017   8.9847E-017    1.325
       1000.00    2.7684E+006   3.3935E-006   4.2055E-006    1.239
       1100.00    3.1939E+006   5.5838E-003   6.6514E-003    1.191
       1150.00    3.4141E+006   1.5925E-001   1.8562E-001    1.166
       1200.00    3.6392E+006   3.7238E+000   4.2424E+000    1.139
       1250.00    3.8690E+006   7.2963E+001   8.1167E+001    1.112
       1300.00    4.1034E+006   1.2203E+003   1.3245E+003    1.085
       1350.00    4.3424E+006   1.7701E+004   1.8730E+004    1.058
       1400.00    4.5859E+006   2.2574E+005   2.3271E+005    1.031
       1450.00    4.8337E+006   2.5611E+006   2.5710E+006    1.004
       1500.00    5.0859E+006   2.6120E+007   2.5519E+007    0.977
       1550.00    5.3423E+006   2.4162E+008   2.2965E+008    0.950
       1600.00    5.6029E+006   2.0435E+009   1.8889E+009    0.924
       1650.00    5.8676E+006   1.5913E+010   1.4300E+010    0.899
       1700.00    6.1363E+006   1.1482E+011   1.0028E+011    0.873
       1800.00    6.6856E+006   4.8581E+012   4.0063E+012    0.825
       1900.00    7.2504E+006   1.6080E+014   1.2514E+014    0.778
       2000.00    7.8303E+006   4.2945E+015   3.1526E+015    0.734
       2500.00    1.0943E+007   4.9747E+021   2.7327E+021    0.549

            Partition function of structure    2
     ================================================================
          T(K)      Rot.          SS-HO           SS-T     SS-T/SS-HO
        100.00    8.8212E+004   1.4739E-229   1.2923E-229    0.877
        125.00    1.2328E+005   4.1405E-182   3.8305E-182    0.925
        200.00    2.4950E+005   2.4223E-110   2.6115E-110    1.078
        298.15    4.5413E+005   3.5915E-070   4.4898E-070    1.250
        300.00    4.5836E+005   1.1697E-069   1.4655E-069    1.253
        500.00    9.8624E+005   1.3459E-035   1.9535E-035    1.451
        750.00    1.8118E+006   8.3739E-017   1.2340E-016    1.474
       1000.00    2.7895E+006   4.2670E-006   5.8253E-006    1.365
       1100.00    3.2182E+006   7.0579E-003   9.2194E-003    1.306
       1150.00    3.4401E+006   2.0177E-001   2.5731E-001    1.275
       1200.00    3.6669E+006   4.7282E+000   5.8808E+000    1.244
       1250.00    3.8985E+006   9.2829E+001   1.1250E+002    1.212
       1300.00    4.1347E+006   1.5555E+003   1.8356E+003    1.180
       1350.00    4.3755E+006   2.2603E+004   2.5954E+004    1.148
       1400.00    4.6208E+006   2.8874E+005   3.2242E+005    1.117
       1450.00    4.8706E+006   3.2811E+006   3.5613E+006    1.085
       1500.00    5.1247E+006   3.3512E+007   3.5343E+007    1.055
       1550.00    5.3830E+006   3.1044E+008   3.1801E+008    1.024
       1600.00    5.6456E+006   2.6291E+009   2.6152E+009    0.995
       1650.00    5.9123E+006   2.0499E+010   1.9797E+010    0.966
       1700.00    6.1830E+006   1.4808E+011   1.3881E+011    0.937
       1800.00    6.7365E+006   6.2798E+012   5.5444E+012    0.883
       1900.00    7.3056E+006   2.0829E+014   1.7316E+014    0.831
       2000.00    7.8899E+006   5.5731E+015   4.3623E+015    0.783
       2500.00    1.1026E+007   6.5037E+021   3.7829E+021    0.582

            Partition function of structure    3
     ================================================================
          T(K)      Rot.          SS-HO           SS-T     SS-T/SS-HO
        100.00    8.5327E+004   3.6178E-231   3.1218E-231    0.863
        125.00    1.1925E+005   2.0961E-183   1.9181E-183    0.915
        200.00    2.4134E+005   3.4873E-111   3.7105E-111    1.064
        298.15    4.3928E+005   8.8981E-071   1.0734E-070    1.206
        300.00    4.4337E+005   2.9174E-070   3.5256E-070    1.208
        500.00    9.5399E+005   5.1233E-036   6.8509E-036    1.337
        750.00    1.7526E+006   3.9179E-017   5.1786E-017    1.322
       1000.00    2.6983E+006   2.2084E-006   2.6834E-006    1.215
       1100.00    3.1130E+006   3.7529E-003   4.3586E-003    1.161
       1150.00    3.3276E+006   1.0854E-001   1.2303E-001    1.133
       1200.00    3.5470E+006   2.5708E+000   2.8412E+000    1.105
       1250.00    3.7710E+006   5.0968E+001   5.4874E+001    1.077
       1300.00    3.9995E+006   8.6174E+002   9.0319E+002    1.048
       1350.00    4.2324E+006   1.2626E+004   1.2874E+004    1.020
       1400.00    4.4697E+006   1.6252E+005   1.6113E+005    0.991
       1450.00    4.7113E+006   1.8599E+006   1.7921E+006    0.964
       1500.00    4.9571E+006   1.9121E+007   1.7899E+007    0.936
       1550.00    5.2070E+006   1.7821E+008   1.6201E+008    0.909
       1600.00    5.4609E+006   1.5179E+009   1.3397E+009    0.883
       1650.00    5.7189E+006   1.1899E+010   1.0194E+010    0.857
       1700.00    5.9808E+006   8.6384E+010   7.1823E+010    0.831
       1800.00    6.5162E+006   3.6969E+012   2.8937E+012    0.783
       1900.00    7.0667E+006   1.2361E+014   9.1063E+013    0.737
       2000.00    7.6319E+006   3.3315E+015   2.3095E+015    0.693
       2500.00    1.0666E+007   3.9941E+021   2.0513E+021    0.514

            Partition function of structure    4
     ================================================================
          T(K)      Rot.          SS-HO           SS-T     SS-T/SS-HO
        100.00    9.0669E+004   5.5585E-231   4.4123E-231    0.794
        125.00    1.2671E+005   2.9528E-183   2.4767E-183    0.839
        200.00    2.5645E+005   4.4074E-111   4.3024E-111    0.976
        298.15    4.6678E+005   1.0751E-070   1.2047E-070    1.121
        300.00    4.7113E+005   3.5231E-070   3.9556E-070    1.123
        500.00    1.0137E+006   6.0073E-036   7.6619E-036    1.275
        750.00    1.8623E+006   4.5383E-017   5.8404E-017    1.287
       1000.00    2.8672E+006   2.5467E-006   3.0468E-006    1.196
       1100.00    3.3079E+006   4.3241E-003   4.9605E-003    1.147
       1150.00    3.5359E+006   1.2503E-001   1.4019E-001    1.121
       1200.00    3.7690E+006   2.9605E+000   3.2410E+000    1.095
       1250.00    4.0070E+006   5.8682E+001   6.2667E+001    1.068
       1300.00    4.2498E+006   9.9204E+002   1.0326E+003    1.041
       1350.00    4.4974E+006   1.4533E+004   1.4735E+004    1.014
       1400.00    4.7495E+006   1.8706E+005   1.8462E+005    0.987
       1450.00    5.0062E+006   2.1407E+006   2.0557E+006    0.960
       1500.00    5.2674E+006   2.2008E+007   2.0554E+007    0.934
       1550.00    5.5329E+006   2.0512E+008   1.8625E+008    0.908
       1600.00    5.8028E+006   1.7471E+009   1.5418E+009    0.882
       1650.00    6.0769E+006   1.3696E+010   1.1743E+010    0.857
       1700.00    6.3552E+006   9.9440E+010   8.2827E+010    0.833
       1800.00    6.9241E+006   4.2562E+012   3.3439E+012    0.786
       1900.00    7.5091E+006   1.4234E+014   1.0544E+014    0.741
       2000.00    8.1096E+006   3.8370E+015   2.6793E+015    0.698
       2500.00    1.1334E+007   4.6053E+021   2.4007E+021    0.521

            Partition function of structure    5
     ================================================================
          T(K)      Rot.          SS-HO           SS-T     SS-T/SS-HO
        100.00    9.0737E+004   6.7907E-231   5.4702E-231    0.806
        125.00    1.2681E+005   3.6735E-183   3.1359E-183    0.854
        200.00    2.5664E+005   5.7027E-111   5.7435E-111    1.007
        298.15    4.6713E+005   1.4355E-070   1.6878E-070    1.176
        300.00    4.7148E+005   4.7062E-070   5.5459E-070    1.178
        500.00    1.0145E+006   8.2897E-036   1.1125E-035    1.342
        750.00    1.8637E+006   6.3771E-017   8.4088E-017    1.319
       1000.00    2.8693E+006   3.6108E-006   4.2958E-006    1.190
       1100.00    3.3103E+006   6.1455E-003   6.9357E-003    1.129
       1150.00    3.5386E+006   1.7787E-001   1.9521E-001    1.098
       1200.00    3.7718E+006   4.2156E+000   4.4955E+000    1.066
       1250.00    4.0100E+006   8.3628E+001   8.6594E+001    1.035
       1300.00    4.2530E+006   1.4148E+003   1.4217E+003    1.005
       1350.00    4.5007E+006   2.0741E+004   2.0215E+004    0.975
       1400.00    4.7531E+006   2.6713E+005   2.5243E+005    0.945
       1450.00    5.0100E+006   3.0587E+006   2.8015E+006    0.916
       1500.00    5.2713E+006   3.1462E+007   2.7923E+007    0.888
       1550.00    5.5371E+006   2.9338E+008   2.5226E+008    0.860
       1600.00    5.8071E+006   2.5000E+009   2.0822E+009    0.833
       1650.00    6.0815E+006   1.9606E+010   1.5816E+010    0.807
       1700.00    6.3600E+006   1.4240E+011   1.1125E+011    0.781
       1800.00    6.9293E+006   6.0994E+012   4.4690E+012    0.733
       1900.00    7.5147E+006   2.0410E+014   1.4027E+014    0.687
       2000.00    8.1157E+006   5.5047E+015   3.5490E+015    0.645
       2500.00    1.1342E+007   6.6190E+021   3.1255E+021    0.472

     ================================================================
              Partition Functions Including All Structures
        -----------------------------------------------------------
        Zero of energy is set to potential energy of global minimum
        -----------------------------------------------------------
        T(K)    Elec.        Trans.              Con-rovib
                                            MS-LH    or     MS-T
        100.00  2.0000E+000  3.2877E+006  3.3346E-229  2.8455E-229
        125.00  2.0000E+000  5.7434E+006  9.4825E-182  8.5377E-182
        200.00  2.0000E+000  1.8598E+007  6.1119E-110  6.3760E-110
        298.15  2.0000E+000  5.0464E+007  1.0202E-069  1.2195E-069
        300.00  2.0000E+000  5.1250E+007  3.3288E-069  3.9871E-069
        500.00  2.0000E+000  1.8379E+008  4.4153E-035  5.9952E-035
        750.00  2.0000E+000  5.0646E+008  2.9989E-016  4.0753E-016
       1000.00  2.0000E+000  1.0397E+009  1.6026E-005  2.0057E-005
       1100.00  2.0000E+000  1.3194E+009  2.6864E-002  3.2125E-002
       1150.00  2.0000E+000  1.4745E+009  7.7246E-001  9.0137E-001
       1200.00  2.0000E+000  1.6400E+009  1.8199E+001  2.0701E+001
       1250.00  2.0000E+000  1.8162E+009  3.5907E+002  3.9781E+002
       1300.00  2.0000E+000  2.0033E+009  6.0444E+003  6.5175E+003
       1350.00  2.0000E+000  2.2015E+009  8.8204E+004  9.2507E+004
       1400.00  2.0000E+000  2.4111E+009  1.1312E+006  1.1533E+006
       1450.00  2.0000E+000  2.6322E+009  1.2901E+007  1.2782E+007
       1500.00  2.0000E+000  2.8650E+009  1.3222E+008  1.2724E+008
       1550.00  2.0000E+000  3.1097E+009  1.2288E+009  1.1482E+009
       1600.00  2.0000E+000  3.3666E+009  1.0438E+010  9.4678E+009
       1650.00  2.0000E+000  3.6358E+009  8.1614E+010  7.1851E+010
       1700.00  2.0000E+000  3.9175E+009  5.9113E+011  5.0500E+011
       1800.00  2.0000E+000  4.5193E+009  2.5190E+013  2.0257E+013
       1900.00  2.0000E+000  5.1734E+009  8.3916E+014  6.3506E+014
       2000.00  2.0000E+000  5.8812E+009  2.2541E+016  1.6053E+016
       2500.00  2.0000E+000  1.0274E+010  2.6697E+022  1.4093E+022

             Total Partition Function (E + T + Con-rovib)
             ---------------------------------------------
                T(K)     E + T + MS-LH     E + T + MS-T
                100.00     2.1926E-222       1.8710E-222
                125.00     1.0892E-174       9.8070E-175
                200.00     2.2734E-102       2.3716E-102
                298.15     1.0297E-061       1.2308E-061
                300.00     3.4121E-061       4.0868E-061
                500.00     1.6230E-026       2.2037E-026
                750.00     3.0376E-007       4.1279E-007
               1000.00     3.3324E+004       4.1705E+004
               1100.00     7.0888E+007       8.4772E+007
               1150.00     2.2780E+009       2.6581E+009
               1200.00     5.9692E+010       6.7899E+010
               1250.00     1.3043E+012       1.4450E+012
               1300.00     2.4218E+013       2.6113E+013
               1350.00     3.8837E+014       4.0732E+014
               1400.00     5.4547E+015       5.5614E+015
               1450.00     6.7917E+016       6.7286E+016
               1500.00     7.5763E+017       7.2907E+017
               1550.00     7.6423E+018       7.1410E+018
               1600.00     7.0279E+019       6.3749E+019
               1650.00     5.9347E+020       5.2247E+020
               1700.00     4.6315E+021       3.9567E+021
               1800.00     2.2769E+023       1.8310E+023
               1900.00     8.6826E+024       6.5708E+024
               2000.00     2.6513E+026       1.8882E+026
               2500.00     5.4857E+032       2.8959E+032

     ================================================================
              Partition Functions Including All Structures
        -----------------------------------------------------------
                    Zero of energy is set to ZPE
        -----------------------------------------------------------
        T(K)             Con-rovib                Total
                   MS-LH        MS-T       E+T+MS-LH    E+T+MS-T
        100.00  1.6025E+006  1.3674E+006  1.0537E+013  8.9915E+012
        125.00  5.2762E+006  4.7505E+006  6.0606E+013  5.4568E+013
        200.00  1.3398E+008  1.3977E+008  4.9837E+015  5.1990E+015
        298.15  5.2642E+009  6.2926E+009  5.3130E+017  6.3509E+017
        300.00  5.6175E+009  6.7283E+009  5.7580E+017  6.8966E+017
        500.00  3.8134E+012  5.1779E+012  1.4017E+021  1.9033E+021
        750.00  5.8595E+015  7.9626E+015  5.9352E+024  8.0655E+024
       1000.00  4.7099E+018  5.8944E+018  9.7933E+027  1.2256E+028
       1100.00  5.8060E+019  6.9431E+019  1.5321E+029  1.8321E+029
       1150.00  1.9724E+020  2.3015E+020  5.8164E+029  6.7870E+029
       1200.00  6.5593E+020  7.4610E+020  2.1515E+030  2.4472E+030
       1250.00  2.1366E+021  2.3671E+021  7.7610E+030  8.5982E+030
       1300.00  6.8202E+021  7.3540E+021  2.7326E+031  2.9465E+031
       1350.00  2.1346E+022  2.2388E+022  9.3989E+031  9.8575E+031
       1400.00  6.5541E+022  6.6823E+022  3.1605E+032  3.2223E+032
       1450.00  1.9751E+023  1.9567E+023  1.0397E+033  1.0301E+033
       1500.00  5.8446E+023  5.6243E+023  3.3489E+033  3.2227E+033
       1550.00  1.6991E+024  1.5877E+024  1.0568E+034  9.8746E+033
       1600.00  4.8553E+024  4.4041E+024  3.2691E+034  2.9654E+034
       1650.00  1.3643E+025  1.2011E+025  9.9205E+034  8.7337E+034
       1700.00  3.7713E+025  3.2218E+025  2.9548E+035  2.5243E+035
       1800.00  2.7486E+026  2.2103E+026  2.4844E+036  1.9978E+036
       1900.00  1.8859E+027  1.4272E+027  1.9513E+037  1.4767E+037
       2000.00  1.2219E+028  8.7024E+027  1.4373E+038  1.0236E+038
       2500.00  6.5122E+031  3.4378E+031  1.3381E+042  7.0639E+041
     ================================================================

                     ==============================
                          Thermodynamic Functions
                      (Ideal gas at standard state)
                     ==============================
     T  - Temperature (Kelvin)        G  - Gibbs Free Energy (kcal/mol)
     E  - Thermal Energy (kcal/mol)   H  - Enthalpy (kcal/mol)
     S  - Entropy (cal/(mol-K))
     Cp - Heat Capacity at Constant Pressure (cal/(mol-K))
        -----------------------------------------------------------
        Zero of energy is set to potential energy of global minimum
        -----------------------------------------------------------

               Contribution from electronic P.F. 
     ================================================================
                  T          G          E          S
                100.00      -0.138      0.000      1.377
                125.00      -0.172      0.000      1.377
                200.00      -0.275      0.000      1.377
                298.15      -0.411      0.000      1.377
                300.00      -0.413      0.000      1.377
                500.00      -0.689      0.000      1.377
                750.00      -1.033      0.000      1.377
               1000.00      -1.377      0.000      1.377
               1100.00      -1.515      0.000      1.377
               1150.00      -1.584      0.000      1.377
               1200.00      -1.653      0.000      1.377
               1250.00      -1.722      0.000      1.377
               1300.00      -1.791      0.000      1.377
               1350.00      -1.860      0.000      1.377
               1400.00      -1.928      0.000      1.377
               1450.00      -1.997      0.000      1.377
               1500.00      -2.066      0.000      1.377
               1550.00      -2.135      0.000      1.377
               1600.00      -2.204      0.000      1.377
               1650.00      -2.273      0.000      1.377
               1700.00      -2.342      0.000      1.377
               1800.00      -2.479      0.000      1.377
               1900.00      -2.617      0.000      1.377
               2000.00      -2.755      0.000      1.377
               2500.00      -3.444      0.000      1.377

               Contribution from translational P.F. 
     ================================================================
                  T          G          E          S
                100.00      -2.982      0.298     34.788
                125.00      -3.866      0.373     35.896
                200.00      -6.653      0.596     38.231
                298.15     -10.509      0.889     40.215
                300.00     -10.583      0.894     40.246
                500.00     -18.908      1.490     42.783
                750.00     -29.872      2.236     44.798
               1000.00     -41.259      2.981     46.227
               1100.00     -45.906      3.279     46.700
               1150.00     -48.246      3.428     46.921
               1200.00     -50.598      3.577     47.133
               1250.00     -52.959      3.726     47.336
               1300.00     -55.331      3.875     47.530
               1350.00     -57.712      4.024     47.718
               1400.00     -60.103      4.173     47.899
               1450.00     -62.502      4.322     48.073
               1500.00     -64.910      4.471     48.241
               1550.00     -67.326      4.620     48.404
               1600.00     -69.750      4.769     48.562
               1650.00     -72.182      4.918     48.715
               1700.00     -74.622      5.067     48.863
               1800.00     -79.522      5.365     49.147
               1900.00     -84.451      5.664     49.416
               2000.00     -89.405      5.962     49.671
               2500.00    -114.528      7.452     50.779

        Contribution from conformational-rovibrational P.F. (MS-LH)
     ================================================================
                  T          G          E          S
                100.00     104.545    108.358     38.131
                125.00     103.539    108.825     42.285
                200.00      99.947    110.579     53.161
                298.15      94.122    113.593     65.307
                300.00      94.001    113.659     65.526
                500.00      78.600    122.700     88.201
                750.00      53.272    138.673    113.869
               1000.00      21.941    158.195    136.253
               1100.00       7.906    166.716    144.372
               1150.00       0.590    171.100    148.269
               1200.00      -6.919    175.558    152.064
               1250.00     -14.615    180.086    155.760
               1300.00     -22.493    184.678    159.362
               1350.00     -30.549    189.329    162.873
               1400.00     -38.779    194.036    166.297
               1450.00     -47.178    198.795    169.637
               1500.00     -55.741    203.602    172.896
               1550.00     -64.466    208.455    176.078
               1600.00     -73.348    213.349    179.185
               1650.00     -82.383    218.282    182.221
               1700.00     -91.569    223.252    185.189
               1800.00    -110.377    233.293    190.928
               1900.00    -129.746    243.455    196.422
               2000.00    -149.654    253.723    201.688
               2500.00    -256.544    306.291    225.134

        Contribution from conformational-rovibrational P.F. (MS-T)
     ================================================================
                  T          G          E          S
                100.00     104.576    108.400     38.239
                125.00     103.565    108.891     42.609
                200.00      99.930    110.716     53.929
                298.15      94.016    113.784     66.303
                300.00      93.893    113.850     66.523
                500.00      78.296    122.836     89.081
                750.00      52.815    138.445    114.173
               1000.00      21.496    157.346    135.850
               1100.00       7.515    165.562    143.678
               1150.00       0.237    169.783    147.431
               1200.00      -7.226    174.072    151.082
               1250.00     -14.869    178.425    154.635
               1300.00     -22.688    182.836    158.095
               1350.00     -30.677    187.301    161.465
               1400.00     -38.833    191.817    164.750
               1450.00     -47.151    196.379    167.952
               1500.00     -55.627    200.985    171.075
               1550.00     -64.257    205.632    174.122
               1600.00     -73.038    210.317    177.097
               1650.00     -81.966    215.038    180.002
               1700.00     -91.037    219.791    182.840
               1800.00    -109.597    229.389    188.325
               1900.00    -128.694    239.095    193.573
               2000.00    -148.305    248.897    198.601
               2500.00    -253.370    299.002    220.949

     Total (Translational + Electronic + conformational-rovib.(MS-LH))
     ======================================================================
              T          G          E          H          S          Cp
            100.00     101.425    108.656    108.855     74.296     22.139
            125.00      99.501    109.197    109.446     79.559     25.023
            200.00      93.019    111.175    111.573     92.770     31.439
            298.15      83.202    114.482    115.074    106.900     40.203
            300.00      83.004    114.553    115.149    107.149     40.383
            500.00      59.003    124.191    125.184    132.362     59.519
            750.00      22.367    140.909    142.399    160.044     76.943
           1000.00     -20.695    161.175    163.163    183.858     88.401
           1100.00     -39.514    169.994    172.180    192.450     91.867
           1150.00     -49.240    174.528    176.813    196.568     93.413
           1200.00     -59.169    179.135    181.520    200.574     94.847
           1250.00     -69.296    183.812    186.296    204.473     96.179
           1300.00     -79.615    188.553    191.136    208.270     97.417
           1350.00     -90.121    193.353    196.036    211.968     98.569
           1400.00    -100.810    198.210    200.992    215.573     99.641
           1450.00    -111.677    203.118    205.999    219.087    100.639
           1500.00    -122.717    208.074    211.054    222.515    101.571
           1550.00    -133.927    213.075    216.155    225.859    102.439
           1600.00    -145.302    218.118    221.297    229.125    103.251
           1650.00    -156.838    223.200    226.479    232.314    104.010
           1700.00    -168.532    228.319    231.698    235.429    104.720
           1800.00    -192.379    238.658    242.235    241.452    106.008
           1900.00    -216.814    249.118    252.894    247.215    107.142
           2000.00    -241.813    259.685    263.659    252.736    108.144
           2500.00    -374.515    313.743    318.711    277.290    111.729

     Total (Translational + Electronic + conformational-rovib.(MS-T))
     ======================================================================
              T          G          E          H          S          Cp
            100.00     101.457    108.698    108.897     74.404     23.049
            125.00      99.527    109.264    109.512     79.883     26.030
            200.00      93.002    111.312    111.709     93.538     32.237
            298.15      83.097    114.673    115.266    107.895     40.500
            300.00      82.897    114.744    115.341    108.146     40.670
            500.00      58.700    124.327    125.320    133.242     58.679
            750.00      21.910    140.680    142.171    160.348     74.923
           1000.00     -21.141    160.326    162.314    183.454     85.500
           1100.00     -39.905    168.841    171.027    191.756     88.678
           1150.00     -49.593    173.211    175.496    195.730     90.092
           1200.00     -59.477    177.649    180.034    199.592     91.402
           1250.00     -69.551    182.151    184.635    203.348     92.616
           1300.00     -79.810    186.711    189.294    207.003     93.743
           1350.00     -90.249    191.325    194.008    210.561     94.789
           1400.00    -100.864    195.990    198.772    214.026     95.762
           1450.00    -111.650    200.701    203.583    217.402     96.667
           1500.00    -122.603    205.457    208.438    220.694     97.510
           1550.00    -133.718    210.253    213.333    223.904     98.295
           1600.00    -144.992    215.087    218.266    227.036     99.028
           1650.00    -156.421    219.956    223.235    230.094     99.712
           1700.00    -168.001    224.858    228.237    233.081    100.352
           1800.00    -191.599    234.754    238.331    238.850    101.511
           1900.00    -215.762    244.758    248.534    244.366    102.529
           2000.00    -240.465    254.858    258.833    249.649    103.427
           2500.00    -371.342    306.454    311.422    273.105    106.630

                        --------------------------------
                         Zero of energy is set to ZPE
                        --------------------------------

     Total (Translational + Electronic + conformational-rovib.(MS-LH))
     ======================================================================
              T          G          E          H          S          Cp
            100.00      -5.959      1.272      1.471     74.296     22.139
            125.00      -7.883      1.813      2.062     79.559     25.023
            200.00     -14.366      3.791      4.188     92.770     31.439
            298.15     -24.182      7.098      7.690    106.900     40.203
            300.00     -24.380      7.169      7.765    107.149     40.383
            500.00     -48.381     16.807     17.800    132.362     59.519
            750.00     -85.017     33.525     35.015    160.044     76.943
           1000.00    -128.079     53.791     55.778    183.858     88.401
           1100.00    -146.898     62.610     64.796    192.450     91.867
           1150.00    -156.624     67.143     69.429    196.568     93.413
           1200.00    -166.553     71.751     74.136    200.574     94.847
           1250.00    -176.680     76.428     78.912    204.473     96.179
           1300.00    -186.999     81.169     83.752    208.270     97.417
           1350.00    -197.505     85.969     88.652    211.968     98.569
           1400.00    -208.194     90.825     93.608    215.573     99.641
           1450.00    -219.061     95.733     98.615    219.087    100.639
           1500.00    -230.102    100.690    103.670    222.515    101.571
           1550.00    -241.311    105.691    108.771    225.859    102.439
           1600.00    -252.686    110.734    113.913    229.125    103.251
           1650.00    -264.222    115.816    119.095    232.314    104.010
           1700.00    -275.916    120.935    124.314    235.429    104.720
           1800.00    -299.763    131.274    134.851    241.452    106.008
           1900.00    -324.198    141.734    145.510    247.215    107.142
           2000.00    -349.198    152.301    156.275    252.736    108.144
           2500.00    -481.899    206.358    211.327    277.290    111.729

     Total (Translational + Electronic + conformational-rovib.(MS-T))
     ======================================================================
              T          G          E          H          S          Cp
            100.00      -5.927      1.314      1.513     74.404     23.049
            125.00      -7.857      1.880      2.128     79.883     26.030
            200.00     -14.382      3.928      4.325     93.538     32.237
            298.15     -24.287      7.289      7.881    107.895     40.500
            300.00     -24.487      7.360      7.956    108.146     40.670
            500.00     -48.685     16.943     17.936    133.242     58.679
            750.00     -85.475     33.296     34.787    160.348     74.923
           1000.00    -128.525     52.942     54.929    183.454     85.500
           1100.00    -147.290     61.457     63.642    191.756     88.678
           1150.00    -156.977     65.827     68.112    195.730     90.092
           1200.00    -166.861     70.265     72.650    199.592     91.402
           1250.00    -176.935     74.767     77.251    203.348     92.616
           1300.00    -187.194     79.327     81.910    207.003     93.743
           1350.00    -197.633     83.941     86.624    210.561     94.789
           1400.00    -208.248     88.606     91.388    214.026     95.762
           1450.00    -219.035     93.317     96.199    217.402     96.667
           1500.00    -229.987     98.073    101.053    220.694     97.510
           1550.00    -241.103    102.869    105.949    223.904     98.295
           1600.00    -252.376    107.702    110.882    227.036     99.028
           1650.00    -263.805    112.572    115.851    230.094     99.712
           1700.00    -275.385    117.474    120.853    233.081    100.352
           1800.00    -298.983    127.370    130.947    238.850    101.511
           1900.00    -323.146    137.374    141.150    244.366    102.529
           2000.00    -347.849    147.474    151.449    249.649    103.427
           2500.00    -478.726    199.070    204.038    273.105    106.630

 ==============================End of MSTor output==============================
