
 *******************************************************************************

   MSTor program version 2013 (2013)

   Jingjing Zheng, Steven L. Mielke, and Donald G. Truhlar

   Department of Chemistry and Supercomputing Institute
   University of Minnesota, Minneapolis, Minnesota, USA

   Copyright 2013
   Donald G. Truhlar and Regents of the University of Minnesota

   Citations: 
   MS-T(U) method
     J. Zheng, T. Yu, E. Papajak, I. M. Alecu, S. L. Mielke, and D. G. Truhlar,
     Phys. Chem. Chem. Phys. 13, 10885-10907 (2011).
   MS-T(C) method
     J. Zheng and D. G. Truhlar, J. Chem. Theory Comput., DOI: 10.1021/ct3010722.
   MSTor program
     J. Zheng, S. L. Mielke, K. L Clarkson, and D. G. Truhlar,
     Comp. Phys. Comm. 183, 1803-1812 (2012).
     J. Zheng, R. Meana-Paneda, and D. G. Truhlar, Comp. Phys. Comm.
     to be published as new version announcement.

 *******************************************************************************

                    Naming conventions for the MS methods
   -----------------------------------------------------------------------------
   Common name        Original or other names
   -----------------------------------------------------------------------------
   MS-LH         =    MS-HO (ref. 1)   =   MS-AS-HO (ref. 2)
   MS-T          =    MS-AS (ref. 1)   =   MS-AS-T  (ref. 2)
   -----------------------------------------------------------------------------
   Ref. 1: J. Zheng, T. Yu, E. Papajak, I. M. Alecu, S. L. Mielke, and
           D. G. Truhlar, Phys. Chem. Chem. Phys. 13, 10885 (2011).
   Ref. 2: T. Yu, J. Zheng, and D. G. Truhlar, Chem. Sci. 2, 2199 (2011)

   Calculation run on 07/01/2022 at 09:48:32  

   Number of structures:             1
   Number of torsions:               6
   Method:                           MS-T(C)
   Frequency scaling factor:         0.964
   Delta T for finite difference:    0.5 K
   Internal coordinates
     Bonds:         01-02  01-20  02-03  02-16  02-17  03-14  04-12  04-13  05-06
     Bonds:         05-08  06-07  07-10  07-11  09-21  01-19  03-15  07-09  03-04
     Bonds:         04-05  01-18
     Angles:        01-02-03  02-03-04  02-03-14  03-04-13  04-05-06  05-04-12
     Angles:        05-06-07  06-05-08  06-07-11  10-07-11  12-04-13  14-03-15
     Angles:        18-01-19  16-02-17  02-01-19  18-01-20  01-02-16  09-07-11
     Linear Angles: 07=09=21
     Dihedrals:     01-03-16-02  02-04-14-03  02-18-19-01  03-05-12-04
     Dihedrals:     03-05-13-04  03-16-17-02  04-06-08-05  04-14-15-03
     Dihedrals:     06-09-11-07  06-10-11-07  18-19-20-01  04-03-02-01
     Dihedrals:     05-04-03-02  06-05-04-03  07-06-05-04  09-07-06-05
     Dihedrals:     03-02-01-18

   All moment output uses units of amu for masses and Angstroms for distances 

                           ==========================
                                Structure   1
                           ==========================

   Normal-mode Frequencies (cm-1) 
   (Overall translation and rotation projected out)
    1451.0936i      0.0000i      0.0000i      0.0000i      0.0000       0.0000 
       0.0000      35.3619      70.4772      85.9701     114.5545     144.2421 
     213.5633     243.0887     251.9051     305.4397     317.9320     378.1965 
     517.3437     546.0111     575.2181     654.8991     736.3901     835.6072 
     839.0338     910.8022     933.5903    1019.9177    1066.7278    1067.1524 
    1093.6651    1107.6028    1140.4156    1172.7810    1207.5547    1222.1310 
    1245.5554    1252.4109    1267.8518    1303.5258    1311.0025    1383.1797 
    1392.4799    1399.0410    1431.7109    1441.4223    1455.2330    1468.7689 
    1475.3105    1481.4003    1571.9894    1836.2233    2993.4956    2999.4935 
    3008.5149    3017.5819    3041.5220    3058.4980    3067.6886    3078.8874 
    3079.7664    3085.2804    3194.5873 
   Torsion-projected frequencies/non-torsional frequencies (cm-1)
    1451.0591i    210.7002     251.3626     303.8738     312.8716     377.0318 
     517.2381     545.6318     573.2453     654.2031     735.1718     835.5892 
     839.0181     910.7734     933.5652    1019.9082    1066.7182    1067.1204 
    1093.6217    1107.5954    1140.4098    1172.7661    1207.5436    1222.1094 
    1245.5137    1252.3262    1267.7773    1303.5125    1310.9500    1383.1784 
    1392.4794    1399.0379    1431.7031    1441.4173    1455.2328    1468.7641 
    1475.3101    1481.3974    1571.9844    1836.2224    2993.4951    2999.4935 
    3008.5148    3017.5817    3041.5175    3058.4961    3067.6873    3078.8851 
    3079.7658    3085.2802    3194.5860 
   Product of consistently coupled torsional frequencies (in cm-1^ntor)  9.0242E+11
   Primitively coupled torsional frequencies (cm-1) (Not used)
      38.4216      83.0079      91.9110     123.4090     165.9015     245.6007 
   Product of primitively coupled torsional frequencies (in cm-1^ntor)   1.4740E+12
   Effective coupled torsional barrier (kcal/mol)
        1.754        2.744        2.794        4.710        8.064        8.907 

   D matrix: 
   m-n        1             2             3             4             5
    1   2.225723E+01 -2.951009E+00 -4.477268E+00 -1.963466E+00 -1.506189E+00
    2  -2.951009E+00  2.376791E+01  8.662762E+00  6.520384E+00  2.870714E+00
    3  -4.477268E+00  8.662762E+00  4.679392E+01 -1.159660E+01  5.662310E+00
    4  -1.963466E+00  6.520384E+00 -1.159660E+01  2.210547E+01  4.240739E+00
    5  -1.506189E+00  2.870714E+00  5.662310E+00  4.240739E+00  7.906865E+00
    6   1.405010E+00  2.214998E+00  4.949256E-01  5.189770E-01  1.351757E-01
   m-n        6
    1   1.405010E+00
    2   2.214998E+00
    3   4.949256E-01
    4   5.189770E-01
    5   1.351757E-01
    6   3.026075E+00

   Eigenvalues of D matrix:
     5.3705E+01    3.2010E+01    2.0694E+01    1.2290E+01    2.6394E+00    4.5192E+00
   Determinant of D matrix  3.968310E+029

          Uncoupled force constants (au), Pitzer moment of inertia (amu A^2),
   uncoupled torsional frequencies (cm-1), and uncoupled torsional barrier (kcal/mol)
   --------------------------------------------------------------------------------
   Torsion               1             2             3             4             5
   Force constant   2.17040E-02  3.76287E-02  1.11406E-02  3.71802E-02  1.28955E-02
   Moment          22.257       23.768       46.794       22.105        7.907
   Tor. Freq.        84.945      108.235       41.972      111.561      109.855
   Rot. barrier       4.693        8.136        2.409        8.039        2.788
   M_j,tau            2.409        2.409        2.409        2.409        2.409

   Torsion               6
   Force constant   2.08432E-02
   Moment           3.026
   Tor. Freq.       225.760
   Rot. barrier       2.907
   M_j,tau            3.000
   --------------------------------------------------------------------------------
   Potential Energy =   0.000 kcal/mol
   Weight =  2
   Overall rotational symmetry number =   1

       List of zero-point inclusive energy (kcal/mol) for each structure
      ------------------------------------------------------------------
        Structure            Energy (T = 0 K)
      ------------------------------------------------------------------
          1                    107.43
      ZPE of the system =      107.43


     Note: The following SS-HO and SS-T include the Rot. P.F. and Boltzmann factor,
           but are calculated with weight = 1 for each structure. Weights are
           counted in MS partition functions. Zero of energy is set to the potential
           energy of global minimum.

            Partition function of structure    1
     ================================================================
          T(K)      Rot.          SS-HO           SS-T     SS-T/SS-HO
        100.00    8.7254E+004   1.2785E-229   8.6065E-230    0.673
        125.00    1.2194E+005   3.4659E-182   2.3985E-182    0.692
        200.00    2.4679E+005   1.7982E-110   1.3661E-110    0.760
        298.15    4.4920E+005   2.3527E-070   2.0343E-070    0.865
        300.00    4.5339E+005   7.6479E-070   6.6286E-070    0.867
        500.00    9.7553E+005   7.6677E-036   8.1979E-036    1.069
        750.00    1.7922E+006   4.4286E-017   5.4418E-017    1.229
       1000.00    2.7592E+006   2.1767E-006   2.8062E-006    1.289
       1100.00    3.1833E+006   3.5660E-003   4.6088E-003    1.292
       1150.00    3.4028E+006   1.0152E-001   1.3101E-001    1.290
       1200.00    3.6271E+006   2.3701E+000   3.0489E+000    1.286
       1250.00    3.8561E+006   4.6373E+001   5.9378E+001    1.280
       1300.00    4.0898E+006   7.7461E+002   9.8592E+002    1.273
       1350.00    4.3280E+006   1.1223E+004   1.4182E+004    1.264
       1400.00    4.5707E+006   1.4298E+005   1.7916E+005    1.253
       1450.00    4.8177E+006   1.6206E+006   2.0117E+006    1.241
       1500.00    5.0690E+006   1.6514E+007   2.0287E+007    1.228
       1550.00    5.3246E+006   1.5265E+008   1.8541E+008    1.215
       1600.00    5.5843E+006   1.2901E+009   1.5482E+009    1.200
       1650.00    5.8481E+006   1.0040E+010   1.1895E+010    1.185
       1700.00    6.1159E+006   7.2396E+010   8.4618E+010    1.169
       1800.00    6.6634E+006   3.0601E+012   3.4748E+012    1.136
       1900.00    7.2263E+006   1.0120E+014   1.1141E+014    1.101
       2000.00    7.8043E+006   2.7006E+015   2.8771E+015    1.065
       2500.00    1.0907E+007   3.1203E+021   2.7722E+021    0.888

     ================================================================
              Partition Functions Including All Structures
        -----------------------------------------------------------
        Zero of energy is set to potential energy of global minimum
        -----------------------------------------------------------
        T(K)    Elec.        Trans.              Con-rovib
                                            MS-LH    or     MS-T
        100.00  2.0000E+000  3.2877E+006  2.5569E-229  1.7213E-229
        125.00  2.0000E+000  5.7434E+006  6.9319E-182  4.7969E-182
        200.00  2.0000E+000  1.8598E+007  3.5964E-110  2.7322E-110
        298.15  2.0000E+000  5.0464E+007  4.7055E-070  4.0687E-070
        300.00  2.0000E+000  5.1250E+007  1.5296E-069  1.3257E-069
        500.00  2.0000E+000  1.8379E+008  1.5335E-035  1.6396E-035
        750.00  2.0000E+000  5.0646E+008  8.8572E-017  1.0884E-016
       1000.00  2.0000E+000  1.0397E+009  4.3533E-006  5.6125E-006
       1100.00  2.0000E+000  1.3194E+009  7.1320E-003  9.2176E-003
       1150.00  2.0000E+000  1.4745E+009  2.0305E-001  2.6202E-001
       1200.00  2.0000E+000  1.6400E+009  4.7402E+000  6.0979E+000
       1250.00  2.0000E+000  1.8162E+009  9.2745E+001  1.1876E+002
       1300.00  2.0000E+000  2.0033E+009  1.5492E+003  1.9718E+003
       1350.00  2.0000E+000  2.2015E+009  2.2446E+004  2.8363E+004
       1400.00  2.0000E+000  2.4111E+009  2.8595E+005  3.5832E+005
       1450.00  2.0000E+000  2.6322E+009  3.2413E+006  4.0234E+006
       1500.00  2.0000E+000  2.8650E+009  3.3028E+007  4.0574E+007
       1550.00  2.0000E+000  3.1097E+009  3.0529E+008  3.7083E+008
       1600.00  2.0000E+000  3.3666E+009  2.5802E+009  3.0964E+009
       1650.00  2.0000E+000  3.6358E+009  2.0080E+010  2.3789E+010
       1700.00  2.0000E+000  3.9175E+009  1.4479E+011  1.6924E+011
       1800.00  2.0000E+000  4.5193E+009  6.1201E+012  6.9496E+012
       1900.00  2.0000E+000  5.1734E+009  2.0240E+014  2.2281E+014
       2000.00  2.0000E+000  5.8812E+009  5.4012E+015  5.7541E+015
       2500.00  2.0000E+000  1.0274E+010  6.2407E+021  5.5445E+021

             Total Partition Function (E + T + Con-rovib)
             ---------------------------------------------
                T(K)     E + T + MS-LH     E + T + MS-T
                100.00     1.6813E-222       1.1318E-222
                125.00     7.9625E-175       5.5101E-175
                200.00     1.3377E-102       1.0163E-102
                298.15     4.7491E-062       4.1064E-062
                300.00     1.5678E-061       1.3589E-061
                500.00     5.6369E-027       6.0267E-027
                750.00     8.9716E-008       1.1024E-007
               1000.00     9.0519E+003       1.1670E+004
               1100.00     1.8820E+007       2.4323E+007
               1150.00     5.9877E+008       7.7269E+008
               1200.00     1.5548E+010       2.0001E+010
               1250.00     3.3689E+011       4.3137E+011
               1300.00     6.2071E+012       7.9005E+012
               1350.00     9.8831E+013       1.2488E+014
               1400.00     1.3789E+015       1.7279E+015
               1450.00     1.7063E+016       2.1180E+016
               1500.00     1.8925E+017       2.3248E+017
               1550.00     1.8987E+018       2.3063E+018
               1600.00     1.7373E+019       2.0849E+019
               1650.00     1.4601E+020       1.7299E+020
               1700.00     1.1345E+021       1.3260E+021
               1800.00     5.5318E+022       6.2815E+022
               1900.00     2.0942E+024       2.3054E+024
               2000.00     6.3531E+025       6.7683E+025
               2500.00     1.2823E+032       1.1393E+032

     ================================================================
              Partition Functions Including All Structures
        -----------------------------------------------------------
                    Zero of energy is set to ZPE
        -----------------------------------------------------------
        T(K)             Con-rovib                Total
                   MS-LH        MS-T       E+T+MS-LH    E+T+MS-T
        100.00  1.5650E+006  1.0535E+006  1.0290E+013  6.9272E+012
        125.00  4.6803E+006  3.2388E+006  5.3762E+013  3.7204E+013
        200.00  8.8973E+007  6.7593E+007  3.3094E+015  2.5142E+015
        298.15  2.6332E+009  2.2768E+009  2.6576E+017  2.2979E+017
        300.00  2.7979E+009  2.4250E+009  2.8679E+017  2.4856E+017
        500.00  1.3901E+012  1.4862E+012  5.1097E+020  5.4631E+020
        750.00  1.7873E+015  2.1962E+015  1.8104E+024  2.2246E+024
       1000.00  1.3107E+018  1.6898E+018  2.7253E+027  3.5136E+027
       1100.00  1.5757E+019  2.0364E+019  4.1578E+028  5.3737E+028
       1150.00  5.2946E+019  6.8325E+019  1.5614E+029  2.0149E+029
       1200.00  1.7433E+020  2.2426E+020  5.7179E+029  7.3556E+029
       1250.00  5.6265E+020  7.2044E+020  2.0438E+030  2.6170E+030
       1300.00  1.7809E+021  2.2667E+021  7.1353E+030  9.0819E+030
       1350.00  5.5303E+021  6.9882E+021  2.4350E+031  3.0770E+031
       1400.00  1.6857E+022  2.1123E+022  8.1287E+031  1.0186E+032
       1450.00  5.0456E+022  6.2631E+022  2.6561E+032  3.2971E+032
       1500.00  1.4837E+023  1.8226E+023  8.5013E+032  1.0443E+033
       1550.00  4.2879E+023  5.2084E+023  2.6669E+033  3.2393E+033
       1600.00  1.2185E+024  1.4623E+024  8.2045E+033  9.8458E+033
       1650.00  3.4062E+024  4.0354E+024  2.4768E+034  2.9344E+034
       1700.00  9.3699E+024  1.0952E+025  7.3414E+034  8.5807E+034
       1800.00  6.7682E+025  7.6854E+025  6.1175E+035  6.9466E+035
       1900.00  4.6069E+026  5.0715E+026  4.7666E+036  5.2474E+036
       2000.00  2.9637E+027  3.1573E+027  3.4860E+037  3.7138E+037
       2500.00  1.5371E+031  1.3656E+031  3.1585E+041  2.8061E+041
     ================================================================

                     ==============================
                          Thermodynamic Functions
                      (Ideal gas at standard state)
                     ==============================
     T  - Temperature (Kelvin)        G  - Gibbs Free Energy (kcal/mol)
     E  - Thermal Energy (kcal/mol)   H  - Enthalpy (kcal/mol)
     S  - Entropy (cal/(mol-K))
     Cp - Heat Capacity at Constant Pressure (cal/(mol-K))
        -----------------------------------------------------------
        Zero of energy is set to potential energy of global minimum
        -----------------------------------------------------------

               Contribution from electronic P.F. 
     ================================================================
                  T          G          E          S
                100.00      -0.138      0.000      1.377
                125.00      -0.172      0.000      1.377
                200.00      -0.275      0.000      1.377
                298.15      -0.411      0.000      1.377
                300.00      -0.413      0.000      1.377
                500.00      -0.689      0.000      1.377
                750.00      -1.033      0.000      1.377
               1000.00      -1.377      0.000      1.377
               1100.00      -1.515      0.000      1.377
               1150.00      -1.584      0.000      1.377
               1200.00      -1.653      0.000      1.377
               1250.00      -1.722      0.000      1.377
               1300.00      -1.791      0.000      1.377
               1350.00      -1.860      0.000      1.377
               1400.00      -1.928      0.000      1.377
               1450.00      -1.997      0.000      1.377
               1500.00      -2.066      0.000      1.377
               1550.00      -2.135      0.000      1.377
               1600.00      -2.204      0.000      1.377
               1650.00      -2.273      0.000      1.377
               1700.00      -2.342      0.000      1.377
               1800.00      -2.479      0.000      1.377
               1900.00      -2.617      0.000      1.377
               2000.00      -2.755      0.000      1.377
               2500.00      -3.444      0.000      1.377

               Contribution from translational P.F. 
     ================================================================
                  T          G          E          S
                100.00      -2.982      0.298     34.788
                125.00      -3.866      0.373     35.896
                200.00      -6.653      0.596     38.231
                298.15     -10.509      0.889     40.215
                300.00     -10.583      0.894     40.246
                500.00     -18.908      1.490     42.783
                750.00     -29.872      2.236     44.798
               1000.00     -41.259      2.981     46.227
               1100.00     -45.906      3.279     46.700
               1150.00     -48.246      3.428     46.921
               1200.00     -50.598      3.577     47.133
               1250.00     -52.959      3.726     47.336
               1300.00     -55.331      3.875     47.530
               1350.00     -57.712      4.024     47.718
               1400.00     -60.103      4.173     47.899
               1450.00     -62.502      4.322     48.073
               1500.00     -64.910      4.471     48.241
               1550.00     -67.326      4.620     48.404
               1600.00     -69.750      4.769     48.562
               1650.00     -72.182      4.918     48.715
               1700.00     -74.622      5.067     48.863
               1800.00     -79.522      5.365     49.147
               1900.00     -84.451      5.664     49.416
               2000.00     -89.405      5.962     49.671
               2500.00    -114.528      7.452     50.779

        Contribution from conformational-rovibrational P.F. (MS-LH)
     ================================================================
                  T          G          E          S
                100.00     104.598    108.334     37.359
                125.00     103.617    108.749     41.058
                200.00     100.157    110.348     50.954
                298.15      94.580    113.232     62.558
                300.00      94.464    113.295     62.770
                500.00      79.650    122.234     85.167
                750.00      55.090    138.177    110.784
               1000.00      24.531    157.694    133.163
               1100.00      10.805    166.215    141.281
               1150.00       3.644    170.599    145.179
               1200.00      -3.711    175.058    148.974
               1250.00     -11.252    179.586    152.671
               1300.00     -18.976    184.178    156.273
               1350.00     -26.878    188.830    159.784
               1400.00     -34.953    193.538    163.208
               1450.00     -43.197    198.297    166.548
               1500.00     -51.607    203.105    169.808
               1550.00     -60.177    207.957    172.990
               1600.00     -68.904    212.852    176.098
               1650.00     -77.785    217.786    179.134
               1700.00     -86.817    222.756    182.102
               1800.00    -105.316    232.798    187.841
               1900.00    -124.377    242.961    193.335
               2000.00    -143.975    253.230    198.603
               2500.00    -249.323    305.800    222.049

        Contribution from conformational-rovibrational P.F. (MS-T)
     ================================================================
                  T          G          E          S
                100.00     104.676    108.355     36.784
                125.00     103.708    108.785     40.610
                200.00     100.267    110.453     50.932
                298.15      94.666    113.457     63.024
                300.00      94.550    113.523     63.244
                500.00      79.584    122.636     86.105
                750.00      54.783    138.560    111.704
               1000.00      24.026    157.823    133.796
               1100.00      10.245    166.183    141.762
               1150.00       3.061    170.475    145.578
               1200.00      -4.311    174.834    149.288
               1250.00     -11.866    179.255    152.897
               1300.00     -19.599    183.733    156.409
               1350.00     -27.506    188.263    159.829
               1400.00     -35.581    192.842    163.159
               1450.00     -43.820    197.467    166.405
               1500.00     -52.220    202.134    169.569
               1550.00     -60.776    206.840    172.655
               1600.00     -69.484    211.582    175.666
               1650.00     -78.341    216.358    178.605
               1700.00     -87.344    221.165    181.475
               1800.00    -105.770    230.865    187.020
               1900.00    -124.739    240.668    192.320
               2000.00    -144.227    250.561    197.394
               2500.00    -248.735    301.046    219.913

     Total (Translational + Electronic + conformational-rovib.(MS-LH))
     ======================================================================
              T          G          E          H          S          Cp
            100.00     101.478    108.632    108.830     73.524     20.293
            125.00      99.579    109.122    109.370     78.331     22.844
            200.00      93.229    110.944    111.342     90.563     29.665
            298.15      83.661    114.121    114.713    104.150     39.253
            300.00      83.468    114.190    114.786    104.393     39.445
            500.00      60.054    123.725    124.718    129.328     59.274
            750.00      24.184    140.413    141.903    156.959     76.899
           1000.00     -18.105    160.675    162.662    180.767     88.398
           1100.00     -36.615    169.494    171.680    189.359     91.870
           1150.00     -46.187    174.027    176.312    193.478     93.418
           1200.00     -55.961    178.635    181.020    197.484     94.853
           1250.00     -65.933    183.312    185.796    201.384     96.186
           1300.00     -76.098    188.053    190.637    205.181     97.425
           1350.00     -86.450    192.854    195.537    208.879     98.577
           1400.00     -96.984    197.711    200.493    212.484     99.649
           1450.00    -107.697    202.619    205.501    215.998    100.648
           1500.00    -118.583    207.576    210.557    219.426    101.579
           1550.00    -129.638    212.578    215.658    222.771    102.448
           1600.00    -140.858    217.621    220.801    226.037    103.260
           1650.00    -152.240    222.704    225.983    229.226    104.018
           1700.00    -163.780    227.823    231.202    232.342    104.728
           1800.00    -187.318    238.163    241.740    238.365    106.016
           1900.00    -211.444    248.624    252.400    244.128    107.149
           2000.00    -236.135    259.191    263.166    249.651    108.151
           2500.00    -367.294    313.252    318.220    274.206    111.734

     Total (Translational + Electronic + conformational-rovib.(MS-T))
     ======================================================================
              T          G          E          H          S          Cp
            100.00     101.557    108.653    108.852     72.949     20.777
            125.00      99.670    109.157    109.406     77.884     23.512
            200.00      93.339    111.049    111.447     90.541     30.799
            298.15      83.747    114.346    114.938    104.616     40.476
            300.00      83.553    114.417    115.013    104.867     40.664
            500.00      59.988    124.127    125.120    130.265     59.724
            750.00      23.877    140.796    142.286    157.879     76.329
           1000.00     -18.610    160.804    162.791    181.401     86.953
           1100.00     -37.176    169.462    171.648    189.840     90.102
           1150.00     -46.770    173.903    176.188    193.877     91.495
           1200.00     -56.562    178.411    180.796    197.798     92.780
           1250.00     -66.548    182.981    185.465    201.610     93.967
           1300.00     -76.721    187.608    190.191    205.317     95.064
           1350.00     -87.078    192.287    194.970    208.924     96.080
           1400.00     -97.612    197.016    199.798    212.435     97.021
           1450.00    -108.320    201.789    204.671    215.855     97.893
           1500.00    -119.196    206.605    209.586    219.188     98.702
           1550.00    -130.237    211.460    214.540    222.437     99.455
           1600.00    -141.439    216.351    219.531    225.606    100.154
           1650.00    -152.797    221.276    224.555    228.698    100.806
           1700.00    -164.307    226.232    229.610    231.716    101.413
           1800.00    -187.773    236.231    239.808    237.544    102.509
           1900.00    -211.808    246.332    250.108    243.113    103.467
           2000.00    -236.387    256.523    260.497    248.442    104.309
           2500.00    -366.707    308.498    313.466    272.069    107.280

                        --------------------------------
                         Zero of energy is set to ZPE
                        --------------------------------

     Total (Translational + Electronic + conformational-rovib.(MS-LH))
     ======================================================================
              T          G          E          H          S          Cp
            100.00      -5.954      1.200      1.398     73.524     20.293
            125.00      -7.853      1.690      1.938     78.331     22.844
            200.00     -14.203      3.512      3.910     90.563     29.665
            298.15     -23.771      6.688      7.281    104.150     39.253
            300.00     -23.964      6.758      7.354    104.393     39.445
            500.00     -47.378     16.292     17.286    129.328     59.274
            750.00     -83.248     32.981     34.471    156.959     76.899
           1000.00    -125.537     53.243     55.230    180.767     88.398
           1100.00    -144.048     62.062     64.248    189.359     91.870
           1150.00    -153.619     66.595     68.880    193.478     93.418
           1200.00    -163.393     71.203     73.588    197.484     94.853
           1250.00    -173.366     75.880     78.364    201.384     96.186
           1300.00    -183.530     80.621     83.205    205.181     97.425
           1350.00    -193.882     85.422     88.105    208.879     98.577
           1400.00    -204.416     90.279     93.061    212.484     99.649
           1450.00    -215.129     95.187     98.069    215.998    100.648
           1500.00    -226.015    100.144    103.125    219.426    101.579
           1550.00    -237.070    105.145    108.226    222.771    102.448
           1600.00    -248.291    110.189    113.369    226.037    103.260
           1650.00    -259.673    115.272    118.551    229.226    104.018
           1700.00    -271.212    120.391    123.770    232.342    104.728
           1800.00    -294.750    130.731    134.308    238.365    106.016
           1900.00    -318.876    141.192    144.968    244.128    107.149
           2000.00    -343.567    151.759    155.734    249.651    108.151
           2500.00    -474.726    205.820    210.788    274.206    111.734

     Total (Translational + Electronic + conformational-rovib.(MS-T))
     ======================================================================
              T          G          E          H          S          Cp
            100.00      -5.875      1.221      1.419     72.949     20.777
            125.00      -7.762      1.725      1.974     77.884     23.512
            200.00     -14.093      3.617      4.014     90.541     30.799
            298.15     -23.685      6.914      7.506    104.616     40.476
            300.00     -23.879      6.985      7.581    104.867     40.664
            500.00     -47.444     16.695     17.688    130.265     59.724
            750.00     -83.555     33.364     34.854    157.879     76.329
           1000.00    -126.042     53.372     55.359    181.401     86.953
           1100.00    -144.608     62.030     64.216    189.840     90.102
           1150.00    -154.202     66.471     68.756    193.877     91.495
           1200.00    -163.994     70.979     73.364    197.798     92.780
           1250.00    -173.980     75.549     78.033    201.610     93.967
           1300.00    -184.153     80.175     82.759    205.317     95.064
           1350.00    -194.510     84.855     87.538    208.924     96.080
           1400.00    -205.044     89.583     92.366    212.435     97.021
           1450.00    -215.752     94.357     97.239    215.855     97.893
           1500.00    -226.628     99.173    102.154    219.188     98.702
           1550.00    -237.669    104.028    107.108    222.437     99.455
           1600.00    -248.871    108.919    112.098    225.606    100.154
           1650.00    -260.229    113.844    117.123    228.698    100.806
           1700.00    -271.739    118.800    122.178    231.716    101.413
           1800.00    -295.205    128.799    132.376    237.544    102.509
           1900.00    -319.240    138.900    142.675    243.113    103.467
           2000.00    -343.819    149.091    153.065    248.442    104.309
           2500.00    -474.139    201.066    206.034    272.069    107.280

 ==============================End of MSTor output==============================
