
 *******************************************************************************

   MSTor program version 2013 (2013)

   Jingjing Zheng, Steven L. Mielke, and Donald G. Truhlar

   Department of Chemistry and Supercomputing Institute
   University of Minnesota, Minneapolis, Minnesota, USA

   Copyright 2013
   Donald G. Truhlar and Regents of the University of Minnesota

   Citations: 
   MS-T(U) method
     J. Zheng, T. Yu, E. Papajak, I. M. Alecu, S. L. Mielke, and D. G. Truhlar,
     Phys. Chem. Chem. Phys. 13, 10885-10907 (2011).
   MS-T(C) method
     J. Zheng and D. G. Truhlar, J. Chem. Theory Comput., DOI: 10.1021/ct3010722.
   MSTor program
     J. Zheng, S. L. Mielke, K. L Clarkson, and D. G. Truhlar,
     Comp. Phys. Comm. 183, 1803-1812 (2012).
     J. Zheng, R. Meana-Paneda, and D. G. Truhlar, Comp. Phys. Comm.
     to be published as new version announcement.

 *******************************************************************************

                    Naming conventions for the MS methods
   -----------------------------------------------------------------------------
   Common name        Original or other names
   -----------------------------------------------------------------------------
   MS-LH         =    MS-HO (ref. 1)   =   MS-AS-HO (ref. 2)
   MS-T          =    MS-AS (ref. 1)   =   MS-AS-T  (ref. 2)
   -----------------------------------------------------------------------------
   Ref. 1: J. Zheng, T. Yu, E. Papajak, I. M. Alecu, S. L. Mielke, and
           D. G. Truhlar, Phys. Chem. Chem. Phys. 13, 10885 (2011).
   Ref. 2: T. Yu, J. Zheng, and D. G. Truhlar, Chem. Sci. 2, 2199 (2011)

   Calculation run on 01/24/2022 at 18:17:02  

   Number of structures:             3
   Number of torsions:               6
   Method:                           MS-T(C)
   Frequency scaling factor:         0.964
   Delta T for finite difference:    0.5 K
   Internal coordinates
     Bonds:         01-02  01-20  02-03  02-16  02-17  03-14  04-12  04-13  05-06
     Bonds:         05-08  06-07  07-10  07-11  09-21  01-19  03-15  07-09  03-04
     Bonds:         04-05  01-18
     Angles:        01-02-03  02-03-04  02-03-14  03-04-13  04-05-06  05-04-12
     Angles:        05-06-07  06-05-08  06-07-11  10-07-11  12-04-13  14-03-15
     Angles:        18-01-19  16-02-17  02-01-19  18-01-20  01-02-16  09-07-11
     Linear Angles: 07=09=21
     Dihedrals:     01-03-16-02  02-04-14-03  02-18-19-01  03-05-12-04
     Dihedrals:     03-05-13-04  03-16-17-02  04-06-08-05  04-14-15-03
     Dihedrals:     06-09-11-07  06-10-11-07  18-19-20-01  04-03-02-01
     Dihedrals:     05-04-03-02  06-05-04-03  07-06-05-04  09-07-06-05
     Dihedrals:     03-02-01-18

   All moment output uses units of amu for masses and Angstroms for distances 

                           ==========================
                                Structure   1
                           ==========================

   Normal-mode Frequencies (cm-1) 
   (Overall translation and rotation projected out)
    1451.0936i      0.0000i      0.0000i      0.0000i      0.0000       0.0000 
       0.0000      35.3619      70.4772      85.9701     114.5545     144.2421 
     213.5633     243.0887     251.9051     305.4397     317.9320     378.1965 
     517.3437     546.0111     575.2181     654.8991     736.3901     835.6072 
     839.0338     910.8022     933.5903    1019.9177    1066.7278    1067.1524 
    1093.6651    1107.6028    1140.4156    1172.7810    1207.5547    1222.1310 
    1245.5554    1252.4109    1267.8518    1303.5258    1311.0025    1383.1797 
    1392.4799    1399.0410    1431.7109    1441.4223    1455.2330    1468.7689 
    1475.3105    1481.4003    1571.9894    1836.2233    2993.4956    2999.4935 
    3008.5149    3017.5819    3041.5220    3058.4980    3067.6886    3078.8874 
    3079.7664    3085.2804    3194.5873 
   Torsion-projected frequencies/non-torsional frequencies (cm-1)
    1451.0591i    210.7002     251.3626     303.8738     312.8716     377.0318 
     517.2381     545.6318     573.2453     654.2031     735.1718     835.5892 
     839.0181     910.7734     933.5652    1019.9082    1066.7182    1067.1204 
    1093.6217    1107.5954    1140.4098    1172.7661    1207.5436    1222.1094 
    1245.5137    1252.3262    1267.7773    1303.5125    1310.9500    1383.1784 
    1392.4794    1399.0379    1431.7031    1441.4173    1455.2328    1468.7641 
    1475.3101    1481.3974    1571.9844    1836.2224    2993.4951    2999.4935 
    3008.5148    3017.5817    3041.5175    3058.4961    3067.6873    3078.8851 
    3079.7658    3085.2802    3194.5860 
   Product of consistently coupled torsional frequencies (in cm-1^ntor)  9.0242E+11
   Primitively coupled torsional frequencies (cm-1) (Not used)
      38.4216      83.0079      91.9110     123.4090     165.9015     245.6007 
   Product of primitively coupled torsional frequencies (in cm-1^ntor)   1.4740E+12
   Effective coupled torsional barrier (kcal/mol)
        1.754        2.744        2.794        4.710        8.064        8.907 

   D matrix: 
   m-n        1             2             3             4             5
    1   2.225723E+01 -2.951009E+00 -4.477268E+00 -1.963466E+00 -1.506189E+00
    2  -2.951009E+00  2.376791E+01  8.662762E+00  6.520384E+00  2.870714E+00
    3  -4.477268E+00  8.662762E+00  4.679392E+01 -1.159660E+01  5.662310E+00
    4  -1.963466E+00  6.520384E+00 -1.159660E+01  2.210547E+01  4.240739E+00
    5  -1.506189E+00  2.870714E+00  5.662310E+00  4.240739E+00  7.906865E+00
    6   1.405010E+00  2.214998E+00  4.949256E-01  5.189770E-01  1.351757E-01
   m-n        6
    1   1.405010E+00
    2   2.214998E+00
    3   4.949256E-01
    4   5.189770E-01
    5   1.351757E-01
    6   3.026075E+00

   Eigenvalues of D matrix:
     5.3705E+01    3.2010E+01    2.0694E+01    1.2290E+01    2.6394E+00    4.5192E+00
   Determinant of D matrix  3.968310E+029

          Uncoupled force constants (au), Pitzer moment of inertia (amu A^2),
   uncoupled torsional frequencies (cm-1), and uncoupled torsional barrier (kcal/mol)
   --------------------------------------------------------------------------------
   Torsion               1             2             3             4             5
   Force constant   2.17040E-02  3.76287E-02  1.11406E-02  3.71802E-02  1.28955E-02
   Moment          22.257       23.768       46.794       22.105        7.907
   Tor. Freq.        84.945      108.235       41.972      111.561      109.855
   Rot. barrier       4.693        8.136        2.409        8.039        2.788
   M_j,tau            2.409        2.409        2.409        2.409        2.409

   Torsion               6
   Force constant   2.08432E-02
   Moment           3.026
   Tor. Freq.       225.760
   Rot. barrier       2.907
   M_j,tau            3.000
   --------------------------------------------------------------------------------
   Potential Energy =   0.000 kcal/mol
   Weight =  2
   Overall rotational symmetry number =   1

                           ==========================
                                Structure   2
                           ==========================

   Normal-mode Frequencies (cm-1) 
   (Overall translation and rotation projected out)
    1451.0956i      0.0001i      0.0000i      0.0000i      0.0000i      0.0000 
       0.0000      34.2106      73.1812      90.7149     109.4496     148.7806 
     213.4900     243.6872     253.4756     304.7488     313.6632     380.4834 
     518.0621     545.0947     577.1061     654.4971     736.0999     834.9324 
     839.9998     911.4249     933.8733    1020.1498    1066.7842    1068.3546 
    1092.2911    1107.3889    1140.1041    1172.8613    1206.5058    1222.8538 
    1244.5622    1253.1120    1267.8664    1303.8308    1311.9621    1383.3893 
    1392.5887    1399.3607    1431.7957    1441.5117    1455.3380    1468.8344 
    1475.3239    1481.4351    1572.9185    1835.8106    2994.8635    2999.2245 
    3008.0852    3017.1252    3043.7533    3058.9076    3067.8003    3079.1739 
    3079.2764    3085.3271    3194.3551 
   Torsion-projected frequencies/non-torsional frequencies (cm-1)
    1451.0611i    212.1810     252.1598     303.8890     308.1725     379.2147 
     517.9301     544.8034     574.9222     653.8587     734.8878     834.9209 
     839.9702     911.3899     933.8486    1020.1405    1066.7712    1068.3183 
    1092.2529    1107.3827    1140.0992    1172.8438    1206.4881    1222.8417 
    1244.5230    1253.0350    1267.7918    1303.8169    1311.9088    1383.3868 
    1392.5871    1399.3579    1431.7831    1441.5095    1455.3378    1468.8303 
    1475.3235    1481.4331    1572.9130    1835.8098    2994.8628    2999.2244 
    3008.0850    3017.1249    3043.7474    3058.9051    3067.7990    3079.1708 
    3079.2757    3085.3269    3194.3537 
   Product of consistently coupled torsional frequencies (in cm-1^ntor)  9.4070E+11
   Primitively coupled torsional frequencies (cm-1) (Not used)
      37.8658      83.9523      97.3084     121.8146     167.1971     245.9714 
   Product of primitively coupled torsional frequencies (in cm-1^ntor)   1.5497E+12
   Effective coupled torsional barrier (kcal/mol)
        1.709        2.752        2.792        4.749        8.261        9.615 

   D matrix: 
   m-n        1             2             3             4             5
    1   2.193343E+01 -2.395714E+00 -3.312467E+00 -1.062398E+00 -1.084642E-01
    2  -2.395714E+00  2.327567E+01  7.528069E+00  6.125554E+00  1.747402E+00
    3  -3.312467E+00  7.528069E+00  4.620716E+01 -1.264513E+01  5.172068E+00
    4  -1.062398E+00  6.125554E+00 -1.264513E+01  2.181910E+01  3.592301E+00
    5  -1.084642E-01  1.747402E+00  5.172068E+00  3.592301E+00  7.649342E+00
    6   1.429963E+00  2.227558E+00  5.390292E-01  5.685665E-01  2.145775E-01
   m-n        6
    1   1.429963E+00
    2   2.227558E+00
    3   5.390292E-01
    4   5.685665E-01
    5   2.145775E-01
    6   3.030848E+00

   Eigenvalues of D matrix:
     5.2994E+01    3.0168E+01    2.1036E+01    2.6385E+00    4.5039E+00    1.2575E+01
   Determinant of D matrix  3.824200E+029

          Uncoupled force constants (au), Pitzer moment of inertia (amu A^2),
   uncoupled torsional frequencies (cm-1), and uncoupled torsional barrier (kcal/mol)
   --------------------------------------------------------------------------------
   Torsion               1             2             3             4             5
   Force constant   2.17058E-02  4.11319E-02  1.08879E-02  3.75435E-02  1.29354E-02
   Moment          21.933       23.276       46.207       21.819        7.649
   Tor. Freq.        85.574      114.352       41.756      112.838      111.862
   Rot. barrier       4.714        8.933        2.365        8.154        2.809
   M_j,tau            2.404        2.404        2.404        2.404        2.404

   Torsion               6
   Force constant   2.08192E-02
   Moment           3.031
   Tor. Freq.       225.452
   Rot. barrier       2.903
   M_j,tau            3.000
   --------------------------------------------------------------------------------
   Potential Energy =   0.001 kcal/mol
   Weight =  2
   Overall rotational symmetry number =   1

                           ==========================
                                Structure   3
                           ==========================

   Normal-mode Frequencies (cm-1) 
   (Overall translation and rotation projected out)
    1450.4608i      0.0001i      0.0001i      0.0000i      0.0000i      0.0000 
       0.0000      30.7790      64.8332      92.1676     110.6372     116.8015 
     148.7858     241.4600     260.5165     299.0132     319.9087     364.7526 
     485.6226     544.5277     573.5217     699.7127     717.8230     788.9657 
     889.2742     919.2437     920.4321    1035.4356    1068.9931    1078.1687 
    1094.6034    1111.1387    1137.5402    1173.1717    1209.6151    1211.8422 
    1239.3944    1255.5458    1284.6573    1287.9537    1304.6529    1362.5661 
    1396.7022    1409.3778    1433.8502    1441.2419    1463.6806    1470.8897 
    1474.9303    1484.3036    1571.0863    1838.6738    2989.8889    3001.4515 
    3010.2740    3018.0576    3024.6363    3047.8777    3068.6995    3079.1365 
    3079.7458    3085.6469    3193.8573 
   Torsion-projected frequencies/non-torsional frequencies (cm-1)
    1450.4280i    104.0733     258.8590     297.3594     316.2663     363.4668 
     485.5136     544.1589     570.9336     699.6842     716.0649     788.8441 
     889.2702     919.0984     920.4054    1035.4350    1068.9623    1078.1679 
    1094.5679    1111.1098    1137.5391    1173.1552    1209.6033    1211.8158 
    1239.3824    1255.4213    1284.6453    1287.9097    1304.6240    1362.5654 
    1396.7021    1409.3770    1433.8501    1441.2392    1463.6806    1470.8897 
    1474.9278    1484.3035    1571.0809    1838.6733    2989.8889    3001.4515 
    3010.2740    3018.0575    3024.6356    3047.8737    3068.6986    3079.1359 
    3079.7446    3085.6469    3193.8559 
   Product of consistently coupled torsional frequencies (in cm-1^ntor)  8.5009E+11
   Primitively coupled torsional frequencies (cm-1) (Not used)
      34.6337      70.9562     110.9254     121.8245     166.9215     245.8532 
   Product of primitively coupled torsional frequencies (in cm-1^ntor)   1.3628E+12
   Effective coupled torsional barrier (kcal/mol)
        0.924        2.340        2.674        3.071        4.359        6.906 

   D matrix: 
   m-n        1             2             3             4             5
    1   1.981018E+01 -4.055477E+00  1.603080E+01 -5.138528E+00  1.667891E+00
    2  -4.055477E+00  2.135308E+01 -4.760329E+00  9.899731E+00  8.106105E-01
    3   1.603080E+01 -4.760329E+00  3.121684E+01 -1.276643E+01  2.960316E+00
    4  -5.138528E+00  9.899731E+00 -1.276643E+01  2.321747E+01  4.025466E+00
    5   1.667891E+00  8.106105E-01  2.960316E+00  4.025466E+00  7.426689E+00
    6   9.837832E-01  2.265353E+00  1.245347E+00  4.016525E-01  2.634246E-01
   m-n        6
    1   9.837832E-01
    2   2.265353E+00
    3   1.245347E+00
    4   4.016525E-01
    5   2.634246E-01
    6   3.016104E+00

   Eigenvalues of D matrix:
     5.2764E+01    2.4450E+01    1.3869E+01    8.2316E+00    4.1408E+00    2.5854E+00
   Determinant of D matrix  1.199768E+029

          Uncoupled force constants (au), Pitzer moment of inertia (amu A^2),
   uncoupled torsional frequencies (cm-1), and uncoupled torsional barrier (kcal/mol)
   --------------------------------------------------------------------------------
   Torsion               1             2             3             4             5
   Force constant   2.21858E-02  1.65758E-02  5.71780E-03  3.67284E-02  1.29208E-02
   Moment          19.810       21.353       31.217       23.217        7.427
   Tor. Freq.        91.033       75.790       36.815      108.193      113.462
   Rot. barrier       4.098        3.062        1.056        6.784        2.386
   M_j,tau            2.607        2.607        2.607        2.607        2.607

   Torsion               6
   Force constant   2.07138E-02
   Moment           3.016
   Tor. Freq.       225.430
   Rot. barrier       2.888
   M_j,tau            3.000
   --------------------------------------------------------------------------------
   Potential Energy =   0.111 kcal/mol
   Weight =  2
   Overall rotational symmetry number =   1

       List of zero-point inclusive energy (kcal/mol) for each structure
      ------------------------------------------------------------------
        Structure            Energy (T = 0 K)
      ------------------------------------------------------------------
          1                    107.43
          2                    107.45
          3                    107.37
      ZPE of the system =      107.37


     Note: The following SS-HO and SS-T include the Rot. P.F. and Boltzmann factor,
           but are calculated with weight = 1 for each structure. Weights are
           counted in MS partition functions. Zero of energy is set to the potential
           energy of global minimum.

            Partition function of structure    1
     ================================================================
          T(K)      Rot.          SS-HO           SS-T     SS-T/SS-HO
        100.00    8.7254E+004   1.2785E-229   8.6065E-230    0.673
        125.00    1.2194E+005   3.4659E-182   2.3985E-182    0.692
        200.00    2.4679E+005   1.7982E-110   1.3661E-110    0.760
        298.15    4.4920E+005   2.3527E-070   2.0343E-070    0.865
        300.00    4.5339E+005   7.6479E-070   6.6286E-070    0.867
        500.00    9.7553E+005   7.6677E-036   8.1979E-036    1.069
        750.00    1.7922E+006   4.4286E-017   5.4418E-017    1.229
       1000.00    2.7592E+006   2.1767E-006   2.8062E-006    1.289
       1100.00    3.1833E+006   3.5660E-003   4.6088E-003    1.292
       1150.00    3.4028E+006   1.0152E-001   1.3101E-001    1.290
       1200.00    3.6271E+006   2.3701E+000   3.0489E+000    1.286
       1250.00    3.8561E+006   4.6373E+001   5.9378E+001    1.280
       1300.00    4.0898E+006   7.7461E+002   9.8592E+002    1.273
       1350.00    4.3280E+006   1.1223E+004   1.4182E+004    1.264
       1400.00    4.5707E+006   1.4298E+005   1.7916E+005    1.253
       1450.00    4.8177E+006   1.6206E+006   2.0117E+006    1.241
       1500.00    5.0690E+006   1.6514E+007   2.0287E+007    1.228
       1550.00    5.3246E+006   1.5265E+008   1.8541E+008    1.215
       1600.00    5.5843E+006   1.2901E+009   1.5482E+009    1.200
       1650.00    5.8481E+006   1.0040E+010   1.1895E+010    1.185
       1700.00    6.1159E+006   7.2396E+010   8.4618E+010    1.169
       1800.00    6.6634E+006   3.0601E+012   3.4748E+012    1.136
       1900.00    7.2263E+006   1.0120E+014   1.1141E+014    1.101
       2000.00    7.8043E+006   2.7006E+015   2.8771E+015    1.065
       2500.00    1.0907E+007   3.1203E+021   2.7722E+021    0.888

            Partition function of structure    2
     ================================================================
          T(K)      Rot.          SS-HO           SS-T     SS-T/SS-HO
        100.00    8.8682E+004   1.1709E-229   7.8177E-230    0.668
        125.00    1.2394E+005   3.2179E-182   2.2091E-182    0.686
        200.00    2.5083E+005   1.7018E-110   1.2831E-110    0.754
        298.15    4.5655E+005   2.2482E-070   1.9277E-070    0.857
        300.00    4.6080E+005   7.3089E-070   6.2816E-070    0.859
        500.00    9.9149E+005   7.3796E-036   7.7895E-036    1.056
        750.00    1.8215E+006   4.2753E-017   5.1563E-017    1.206
       1000.00    2.8044E+006   2.1041E-006   2.6513E-006    1.260
       1100.00    3.2354E+006   3.4483E-003   4.3510E-003    1.262
       1150.00    3.4584E+006   9.8187E-002   1.2365E-001    1.259
       1200.00    3.6864E+006   2.2925E+000   2.8770E+000    1.255
       1250.00    3.9192E+006   4.4860E+001   5.6021E+001    1.249
       1300.00    4.1567E+006   7.4941E+002   9.3009E+002    1.241
       1350.00    4.3988E+006   1.0859E+004   1.3378E+004    1.232
       1400.00    4.6454E+006   1.3835E+005   1.6901E+005    1.222
       1450.00    4.8965E+006   1.5683E+006   1.8979E+006    1.210
       1500.00    5.1519E+006   1.5982E+007   1.9141E+007    1.198
       1550.00    5.4117E+006   1.4774E+008   1.7497E+008    1.184
       1600.00    5.6756E+006   1.2487E+009   1.4613E+009    1.170
       1650.00    5.9437E+006   9.7183E+009   1.1230E+010    1.156
       1700.00    6.2159E+006   7.0080E+010   7.9907E+010    1.140
       1800.00    6.7724E+006   2.9624E+012   3.2833E+012    1.108
       1900.00    7.3445E+006   9.7978E+013   1.0534E+014    1.075
       2000.00    7.9319E+006   2.6148E+015   2.7225E+015    1.041
       2500.00    1.1085E+007   3.0219E+021   2.6346E+021    0.872

            Partition function of structure    3
     ================================================================
          T(K)      Rot.          SS-HO           SS-T     SS-T/SS-HO
        100.00    8.9311E+004   2.4011E-229   1.7489E-229    0.728
        125.00    1.2482E+005   6.4892E-182   4.9457E-182    0.762
        200.00    2.5261E+005   3.4679E-110   2.9945E-110    0.863
        298.15    4.5979E+005   4.7182E-070   4.6588E-070    0.987
        300.00    4.6407E+005   1.5346E-069   1.5187E-069    0.990
        500.00    9.9853E+005   1.6085E-035   1.9054E-035    1.185
        750.00    1.8344E+006   9.5292E-017   1.2203E-016    1.281
       1000.00    2.8243E+006   4.7462E-006   5.9252E-006    1.248
       1100.00    3.2583E+006   7.8045E-003   9.4737E-003    1.214
       1150.00    3.4830E+006   2.2255E-001   2.6566E-001    1.194
       1200.00    3.7126E+006   5.2035E+000   6.0986E+000    1.172
       1250.00    3.9470E+006   1.0195E+002   1.1716E+002    1.149
       1300.00    4.1862E+006   1.7052E+003   1.9190E+003    1.125
       1350.00    4.4300E+006   2.4735E+004   2.7233E+004    1.101
       1400.00    4.6784E+006   3.1547E+005   3.3947E+005    1.076
       1450.00    4.9312E+006   3.5797E+006   3.7616E+006    1.051
       1500.00    5.1885E+006   3.6512E+007   3.7442E+007    1.025
       1550.00    5.4501E+006   3.3781E+008   3.3783E+008    1.000
       1600.00    5.7159E+006   2.8575E+009   2.7855E+009    0.975
       1650.00    5.9859E+006   2.2257E+010   2.1136E+010    0.950
       1700.00    6.2601E+006   1.6061E+011   1.4854E+011    0.925
       1800.00    6.8205E+006   6.7987E+012   5.9570E+012    0.876
       1900.00    7.3967E+006   2.2513E+014   1.8670E+014    0.829
       2000.00    7.9882E+006   6.0150E+015   4.7180E+015    0.784
       2500.00    1.1164E+007   6.9820E+021   4.1349E+021    0.592

     ================================================================
              Partition Functions Including All Structures
        -----------------------------------------------------------
        Zero of energy is set to potential energy of global minimum
        -----------------------------------------------------------
        T(K)    Elec.        Trans.              Con-rovib
                                            MS-LH    or     MS-T
        100.00  2.0000E+000  3.2877E+006  9.7009E-229  6.7826E-229
        125.00  2.0000E+000  5.7434E+006  2.6346E-181  1.9106E-181
        200.00  2.0000E+000  1.8598E+007  1.3936E-109  1.1287E-109
        298.15  2.0000E+000  5.0464E+007  1.8638E-069  1.7242E-069
        300.00  2.0000E+000  5.1250E+007  6.0607E-069  5.6195E-069
        500.00  2.0000E+000  1.8379E+008  6.2266E-035  7.0083E-035
        750.00  2.0000E+000  5.0646E+008  3.6466E-016  4.5602E-016
       1000.00  2.0000E+000  1.0397E+009  1.8054E-005  2.2765E-005
       1100.00  2.0000E+000  1.3194E+009  2.9638E-002  3.6867E-002
       1150.00  2.0000E+000  1.4745E+009  8.4453E-001  1.0406E+000
       1200.00  2.0000E+000  1.6400E+009  1.9732E+001  2.4049E+001
       1250.00  2.0000E+000  1.8162E+009  3.8637E+002  4.6512E+002
       1300.00  2.0000E+000  2.0033E+009  6.4584E+003  7.6701E+003
       1350.00  2.0000E+000  2.2015E+009  9.3634E+004  1.0958E+005
       1400.00  2.0000E+000  2.4111E+009  1.1936E+006  1.3753E+006
       1450.00  2.0000E+000  2.6322E+009  1.3537E+007  1.5342E+007
       1500.00  2.0000E+000  2.8650E+009  1.3802E+008  1.5374E+008
       1550.00  2.0000E+000  3.1097E+009  1.2764E+009  1.3964E+009
       1600.00  2.0000E+000  3.3666E+009  1.0793E+010  1.1590E+010
       1650.00  2.0000E+000  3.6358E+009  8.4030E+010  8.8522E+010
       1700.00  2.0000E+000  3.9175E+009  6.0618E+011  6.2613E+011
       1800.00  2.0000E+000  4.5193E+009  2.5642E+013  2.5430E+013
       1900.00  2.0000E+000  5.1734E+009  8.4862E+014  8.0689E+014
       2000.00  2.0000E+000  5.8812E+009  2.2661E+016  2.0635E+016
       2500.00  2.0000E+000  1.0274E+010  2.6248E+022  1.9083E+022

             Total Partition Function (E + T + Con-rovib)
             ---------------------------------------------
                T(K)     E + T + MS-LH     E + T + MS-T
                100.00     6.3787E-222       4.4598E-222
                125.00     3.0263E-174       2.1947E-174
                200.00     5.1835E-102       4.1984E-102
                298.15     1.8811E-061       1.7402E-061
                300.00     6.2122E-061       5.7600E-061
                500.00     2.2887E-026       2.5761E-026
                750.00     3.6937E-007       4.6191E-007
               1000.00     3.7540E+004       4.7337E+004
               1100.00     7.8207E+007       9.7284E+007
               1150.00     2.4905E+009       3.0688E+009
               1200.00     6.4722E+010       7.8881E+010
               1250.00     1.4034E+012       1.6895E+012
               1300.00     2.5876E+013       3.0731E+013
               1350.00     4.1228E+014       4.8251E+014
               1400.00     5.7557E+015       6.6318E+015
               1450.00     7.1265E+016       8.0768E+016
               1500.00     7.9083E+017       8.8092E+017
               1550.00     7.9384E+018       8.6850E+018
               1600.00     7.2669E+019       7.8037E+019
               1650.00     6.1103E+020       6.4369E+020
               1700.00     4.7495E+021       4.9058E+021
               1800.00     2.3177E+023       2.2985E+023
               1900.00     8.7805E+024       8.3488E+024
               2000.00     2.6655E+026       2.4272E+026
               2500.00     5.3936E+032       3.9213E+032

     ================================================================
              Partition Functions Including All Structures
        -----------------------------------------------------------
                    Zero of energy is set to ZPE
        -----------------------------------------------------------
        T(K)             Con-rovib                Total
                   MS-LH        MS-T       E+T+MS-LH    E+T+MS-T
        100.00  4.3108E+006  3.0140E+006  2.8345E+013  1.9818E+013
        125.00  1.3769E+007  9.9857E+006  1.5817E+014  1.1470E+014
        200.00  2.9377E+008  2.3794E+008  1.0927E+016  8.8504E+015
        298.15  9.3679E+009  8.6661E+009  9.4548E+017  8.7464E+017
        300.00  9.9641E+009  9.2388E+009  1.0213E+018  9.4698E+017
        500.00  5.2942E+012  5.9588E+012  1.9460E+021  2.1903E+021
        750.00  7.0511E+015  8.8176E+015  7.1422E+024  8.9315E+024
       1000.00  5.2644E+018  6.6382E+018  1.0946E+028  1.3803E+028
       1100.00  6.3600E+019  7.9114E+019  1.6783E+029  2.0876E+029
       1150.00  2.1417E+020  2.6391E+020  6.3159E+029  7.7825E+029
       1200.00  7.0657E+020  8.6115E+020  2.3176E+030  2.8246E+030
       1250.00  2.2846E+021  2.7503E+021  8.2988E+030  9.9903E+030
       1300.00  7.2435E+021  8.6026E+021  2.9022E+031  3.4467E+031
       1350.00  2.2529E+022  2.6367E+022  9.9198E+031  1.1610E+032
       1400.00  6.8772E+022  7.9240E+022  3.3163E+032  3.8211E+032
       1450.00  2.0613E+023  2.3361E+023  1.0851E+033  1.2298E+033
       1500.00  6.0690E+023  6.7604E+023  3.4775E+033  3.8736E+033
       1550.00  1.7561E+024  1.9213E+024  1.0922E+034  1.1949E+034
       1600.00  4.9959E+024  5.3649E+024  3.3638E+034  3.6123E+034
       1650.00  1.3980E+025  1.4727E+025  1.0166E+035  1.0709E+035
       1700.00  3.8496E+025  3.9762E+025  3.0162E+035  3.1154E+035
       1800.00  2.7858E+026  2.7627E+026  2.5180E+036  2.4971E+036
       1900.00  1.8993E+027  1.8059E+027  1.9652E+037  1.8685E+037
       2000.00  1.2237E+028  1.1143E+028  1.4393E+038  1.3107E+038
       2500.00  6.3828E+031  4.6405E+031  1.3116E+042  9.5354E+041
     ================================================================

                     ==============================
                          Thermodynamic Functions
                      (Ideal gas at standard state)
                     ==============================
     T  - Temperature (Kelvin)        G  - Gibbs Free Energy (kcal/mol)
     E  - Thermal Energy (kcal/mol)   H  - Enthalpy (kcal/mol)
     S  - Entropy (cal/(mol-K))
     Cp - Heat Capacity at Constant Pressure (cal/(mol-K))
        -----------------------------------------------------------
        Zero of energy is set to potential energy of global minimum
        -----------------------------------------------------------

               Contribution from electronic P.F. 
     ================================================================
                  T          G          E          S
                100.00      -0.138      0.000      1.377
                125.00      -0.172      0.000      1.377
                200.00      -0.275      0.000      1.377
                298.15      -0.411      0.000      1.377
                300.00      -0.413      0.000      1.377
                500.00      -0.689      0.000      1.377
                750.00      -1.033      0.000      1.377
               1000.00      -1.377      0.000      1.377
               1100.00      -1.515      0.000      1.377
               1150.00      -1.584      0.000      1.377
               1200.00      -1.653      0.000      1.377
               1250.00      -1.722      0.000      1.377
               1300.00      -1.791      0.000      1.377
               1350.00      -1.860      0.000      1.377
               1400.00      -1.928      0.000      1.377
               1450.00      -1.997      0.000      1.377
               1500.00      -2.066      0.000      1.377
               1550.00      -2.135      0.000      1.377
               1600.00      -2.204      0.000      1.377
               1650.00      -2.273      0.000      1.377
               1700.00      -2.342      0.000      1.377
               1800.00      -2.479      0.000      1.377
               1900.00      -2.617      0.000      1.377
               2000.00      -2.755      0.000      1.377
               2500.00      -3.444      0.000      1.377

               Contribution from translational P.F. 
     ================================================================
                  T          G          E          S
                100.00      -2.982      0.298     34.788
                125.00      -3.866      0.373     35.896
                200.00      -6.653      0.596     38.231
                298.15     -10.509      0.889     40.215
                300.00     -10.583      0.894     40.246
                500.00     -18.908      1.490     42.783
                750.00     -29.872      2.236     44.798
               1000.00     -41.259      2.981     46.227
               1100.00     -45.906      3.279     46.700
               1150.00     -48.246      3.428     46.921
               1200.00     -50.598      3.577     47.133
               1250.00     -52.959      3.726     47.336
               1300.00     -55.331      3.875     47.530
               1350.00     -57.712      4.024     47.718
               1400.00     -60.103      4.173     47.899
               1450.00     -62.502      4.322     48.073
               1500.00     -64.910      4.471     48.241
               1550.00     -67.326      4.620     48.404
               1600.00     -69.750      4.769     48.562
               1650.00     -72.182      4.918     48.715
               1700.00     -74.622      5.067     48.863
               1800.00     -79.522      5.365     49.147
               1900.00     -84.451      5.664     49.416
               2000.00     -89.405      5.962     49.671
               2500.00    -114.528      7.452     50.779

        Contribution from conformational-rovibrational P.F. (MS-LH)
     ================================================================
                  T          G          E          S
                100.00     104.333    108.332     39.991
                125.00     103.285    108.755     43.756
                200.00      99.619    110.369     53.752
                298.15      93.765    113.264     65.401
                300.00      93.644    113.328     65.614
                500.00      78.258    122.274     88.032
                750.00      52.981    138.220    113.653
               1000.00      21.705    157.738    136.033
               1100.00       7.692    166.260    144.153
               1150.00       0.386    170.644    148.050
               1200.00      -7.112    175.103    151.846
               1250.00     -14.797    179.631    155.543
               1300.00     -22.664    184.224    159.145
               1350.00     -30.710    188.876    162.656
               1400.00     -38.929    193.584    166.080
               1450.00     -47.316    198.344    169.421
               1500.00     -55.869    203.151    172.680
               1550.00     -64.583    208.004    175.863
               1600.00     -73.454    212.899    178.971
               1650.00     -82.479    217.833    182.007
               1700.00     -91.654    222.804    184.975
               1800.00    -110.440    232.846    190.715
               1900.00    -129.789    243.009    196.209
               2000.00    -149.675    253.279    201.477
               2500.00    -256.460    305.851    224.924

        Contribution from conformational-rovibrational P.F. (MS-T)
     ================================================================
                  T          G          E          S
                100.00     104.404    108.360     39.565
                125.00     103.365    108.801     43.485
                200.00      99.703    110.484     53.906
                298.15      93.811    113.484     65.985
                300.00      93.689    113.550     66.205
                500.00      78.141    122.620     88.959
                750.00      52.647    138.433    114.381
               1000.00      21.244    157.546    136.302
               1100.00       7.215    165.844    144.209
               1150.00      -0.091    170.106    147.997
               1200.00      -7.583    174.435    151.682
               1250.00     -15.258    178.826    155.267
               1300.00     -23.109    183.276    158.757
               1350.00     -31.132    187.779    162.156
               1400.00     -39.323    192.331    165.467
               1450.00     -47.677    196.931    168.695
               1500.00     -56.191    201.573    171.842
               1550.00     -64.860    206.255    174.913
               1600.00     -73.681    210.974    177.909
               1650.00     -82.650    215.728    180.835
               1700.00     -91.763    220.515    183.693
               1800.00    -110.411    230.177    189.215
               1900.00    -129.598    239.945    194.496
               2000.00    -149.303    249.806    199.554
               2500.00    -254.876    300.171    222.019

     Total (Translational + Electronic + conformational-rovib.(MS-LH))
     ======================================================================
              T          G          E          H          S          Cp
            100.00     101.213    108.630    108.829     76.156     20.617
            125.00      99.247    109.127    109.376     81.029     23.111
            200.00      92.691    110.966    111.363     93.360     29.821
            298.15      82.845    114.153    114.745    106.993     39.329
            300.00      82.647    114.222    114.818    107.237     39.520
            500.00      58.662    123.765    124.758    132.193     59.292
            750.00      22.075    140.456    141.946    159.828     76.905
           1000.00     -20.932    160.719    162.706    183.638     88.404
           1100.00     -39.729    169.538    171.724    192.231     91.875
           1150.00     -49.444    174.072    176.357    196.349     93.423
           1200.00     -59.362    178.680    181.065    200.356     94.859
           1250.00     -69.478    183.357    185.842    204.256     96.192
           1300.00     -79.786    188.099    190.682    208.053     97.430
           1350.00     -90.282    192.900    195.583    211.752     98.582
           1400.00    -100.960    197.757    200.539    215.356     99.655
           1450.00    -111.816    202.666    205.547    218.871    100.653
           1500.00    -122.845    207.623    210.604    222.299    101.584
           1550.00    -134.044    212.625    215.705    225.644    102.453
           1600.00    -145.408    217.668    220.848    228.910    103.264
           1650.00    -156.934    222.751    226.030    232.100    104.023
           1700.00    -168.617    227.871    231.249    235.216    104.733
           1800.00    -192.442    238.211    241.788    241.239    106.020
           1900.00    -216.856    248.673    252.448    247.002    107.154
           2000.00    -241.835    259.240    263.215    252.525    108.155
           2500.00    -374.431    313.303    318.271    277.081    111.737

     Total (Translational + Electronic + conformational-rovib.(MS-T))
     ======================================================================
              T          G          E          H          S          Cp
            100.00     101.284    108.658    108.857     75.730     21.245
            125.00      99.327    109.173    109.422     80.759     23.872
            200.00      92.775    111.080    111.478     93.514     30.861
            298.15      82.891    114.373    114.966    107.577     40.366
            300.00      82.692    114.444    115.040    107.828     40.552
            500.00      58.544    124.111    125.104    133.120     59.403
            750.00      21.742    140.669    142.159    160.556     75.780
           1000.00     -21.393    160.527    162.514    183.906     86.330
           1100.00     -40.206    169.123    171.309    192.287     89.488
           1150.00     -49.921    173.534    175.819    196.296     90.891
           1200.00     -59.834    178.012    180.396    200.192     92.189
           1250.00     -69.939    182.552    185.036    203.980     93.391
           1300.00     -80.230    187.151    189.734    207.665     94.505
           1350.00     -90.704    191.803    194.485    211.251     95.539
           1400.00    -101.354    196.505    199.287    214.743     96.499
           1450.00    -112.177    201.253    204.134    218.145     97.390
           1500.00    -123.167    206.044    209.025    221.461     98.220
           1550.00    -134.321    210.875    213.955    224.694     98.992
           1600.00    -145.635    215.743    218.923    227.849     99.711
           1650.00    -157.105    220.647    223.926    230.927    100.382
           1700.00    -168.727    225.582    228.960    233.934    101.008
           1800.00    -192.413    235.542    239.119    239.740    102.141
           1900.00    -216.666    245.608    249.384    245.289    103.133
           2000.00    -241.463    255.767    259.742    250.602    104.006
           2500.00    -372.848    307.623    312.591    274.175    107.095

                        --------------------------------
                         Zero of energy is set to ZPE
                        --------------------------------

     Total (Translational + Electronic + conformational-rovib.(MS-LH))
     ======================================================================
              T          G          E          H          S          Cp
            100.00      -6.155      1.261      1.460     76.156     20.617
            125.00      -8.121      1.759      2.007     81.029     23.111
            200.00     -14.678      3.597      3.994     93.360     29.821
            298.15     -24.523      6.784      7.377    106.993     39.329
            300.00     -24.722      6.853      7.450    107.237     39.520
            500.00     -48.707     16.396     17.390    132.193     59.292
            750.00     -85.293     33.087     34.577    159.828     76.905
           1000.00    -128.300     53.350     55.337    183.638     88.404
           1100.00    -147.098     62.170     64.356    192.231     91.875
           1150.00    -156.813     66.703     68.989    196.349     93.423
           1200.00    -166.731     71.312     73.696    200.356     94.859
           1250.00    -176.846     75.989     78.473    204.256     96.192
           1300.00    -187.155     80.731     83.314    208.053     97.430
           1350.00    -197.650     85.532     88.215    211.752     98.582
           1400.00    -208.328     90.389     93.171    215.356     99.655
           1450.00    -219.184     95.297     98.179    218.871    100.653
           1500.00    -230.214    100.254    103.235    222.299    101.584
           1550.00    -241.413    105.256    108.336    225.644    102.453
           1600.00    -252.777    110.300    113.479    228.910    103.264
           1650.00    -264.303    115.383    118.662    232.100    104.023
           1700.00    -275.986    120.503    123.881    235.216    104.733
           1800.00    -299.811    130.843    134.420    241.239    106.020
           1900.00    -324.225    141.304    145.080    247.002    107.154
           2000.00    -349.203    151.872    155.846    252.525    108.155
           2500.00    -481.799    205.934    210.902    277.081    111.737

     Total (Translational + Electronic + conformational-rovib.(MS-T))
     ======================================================================
              T          G          E          H          S          Cp
            100.00      -6.084      1.290      1.489     75.730     21.245
            125.00      -8.041      1.805      2.053     80.759     23.872
            200.00     -14.594      3.712      4.109     93.514     30.861
            298.15     -24.477      7.004      7.597    107.577     40.366
            300.00     -24.676      7.076      7.672    107.828     40.552
            500.00     -48.824     16.742     17.736    133.120     59.403
            750.00     -85.627     33.300     34.791    160.556     75.780
           1000.00    -128.761     53.158     55.145    183.906     86.330
           1100.00    -147.575     61.755     63.941    192.287     89.488
           1150.00    -157.290     66.165     68.450    196.296     90.891
           1200.00    -167.203     70.643     73.028    200.192     92.189
           1250.00    -177.307     75.184     77.668    203.980     93.391
           1300.00    -187.599     79.782     82.365    207.665     94.505
           1350.00    -198.072     84.434     87.117    211.251     95.539
           1400.00    -208.723     89.136     91.918    214.743     96.499
           1450.00    -219.545     93.884     96.766    218.145     97.390
           1500.00    -230.536     98.675    101.656    221.461     98.220
           1550.00    -241.690    103.506    106.587    224.694     98.992
           1600.00    -253.004    108.375    111.554    227.849     99.711
           1650.00    -264.474    113.278    116.557    230.927    100.382
           1700.00    -276.095    118.214    121.592    233.934    101.008
           1800.00    -299.781    128.174    131.751    239.740    102.141
           1900.00    -324.035    138.240    142.015    245.289    103.133
           2000.00    -348.831    148.399    152.373    250.602    104.006
           2500.00    -480.216    200.254    205.222    274.175    107.095

 ==============================End of MSTor output==============================
