
 *******************************************************************************

   MSTor program version 2013 (2013)

   Jingjing Zheng, Steven L. Mielke, and Donald G. Truhlar

   Department of Chemistry and Supercomputing Institute
   University of Minnesota, Minneapolis, Minnesota, USA

   Copyright 2013
   Donald G. Truhlar and Regents of the University of Minnesota

   Citations: 
   MS-T(U) method
     J. Zheng, T. Yu, E. Papajak, I. M. Alecu, S. L. Mielke, and D. G. Truhlar,
     Phys. Chem. Chem. Phys. 13, 10885-10907 (2011).
   MS-T(C) method
     J. Zheng and D. G. Truhlar, J. Chem. Theory Comput., DOI: 10.1021/ct3010722.
   MSTor program
     J. Zheng, S. L. Mielke, K. L Clarkson, and D. G. Truhlar,
     Comp. Phys. Comm. 183, 1803-1812 (2012).
     J. Zheng, R. Meana-Paneda, and D. G. Truhlar, Comp. Phys. Comm.
     to be published as new version announcement.

 *******************************************************************************

                    Naming conventions for the MS methods
   -----------------------------------------------------------------------------
   Common name        Original or other names
   -----------------------------------------------------------------------------
   MS-LH         =    MS-HO (ref. 1)   =   MS-AS-HO (ref. 2)
   MS-T          =    MS-AS (ref. 1)   =   MS-AS-T  (ref. 2)
   -----------------------------------------------------------------------------
   Ref. 1: J. Zheng, T. Yu, E. Papajak, I. M. Alecu, S. L. Mielke, and
           D. G. Truhlar, Phys. Chem. Chem. Phys. 13, 10885 (2011).
   Ref. 2: T. Yu, J. Zheng, and D. G. Truhlar, Chem. Sci. 2, 2199 (2011)

   Calculation run on 01/24/2022 at 18:14:30  

   Number of structures:             7
   Number of torsions:               6
   Method:                           MS-T(C)
   Frequency scaling factor:         0.964
   Delta T for finite difference:    0.5 K
   Internal coordinates
     Bonds:         01-02  01-20  02-03  02-16  02-17  03-14  04-12  04-13  05-06
     Bonds:         05-08  06-07  07-10  07-11  09-21  01-19  03-15  07-09  03-04
     Bonds:         04-05  01-18
     Angles:        01-02-03  02-03-04  02-03-14  03-04-13  04-05-06  05-04-12
     Angles:        05-06-07  06-05-08  06-07-11  10-07-11  12-04-13  14-03-15
     Angles:        18-01-19  16-02-17  02-01-19  18-01-20  01-02-16  09-07-11
     Linear Angles: 07=09=21
     Dihedrals:     01-03-16-02  02-04-14-03  02-18-19-01  03-05-12-04
     Dihedrals:     03-05-13-04  03-16-17-02  04-06-08-05  04-14-15-03
     Dihedrals:     06-09-11-07  06-10-11-07  18-19-20-01  04-03-02-01
     Dihedrals:     05-04-03-02  06-05-04-03  07-06-05-04  09-07-06-05
     Dihedrals:     03-02-01-18

   All moment output uses units of amu for masses and Angstroms for distances 

                           ==========================
                                Structure   1
                           ==========================

   Normal-mode Frequencies (cm-1) 
   (Overall translation and rotation projected out)
    1451.0936i      0.0000i      0.0000i      0.0000i      0.0000       0.0000 
       0.0000      35.3619      70.4772      85.9701     114.5545     144.2421 
     213.5633     243.0887     251.9051     305.4397     317.9320     378.1965 
     517.3437     546.0111     575.2181     654.8991     736.3901     835.6072 
     839.0338     910.8022     933.5903    1019.9177    1066.7278    1067.1524 
    1093.6651    1107.6028    1140.4156    1172.7810    1207.5547    1222.1310 
    1245.5554    1252.4109    1267.8518    1303.5258    1311.0025    1383.1797 
    1392.4799    1399.0410    1431.7109    1441.4223    1455.2330    1468.7689 
    1475.3105    1481.4003    1571.9894    1836.2233    2993.4956    2999.4935 
    3008.5149    3017.5819    3041.5220    3058.4980    3067.6886    3078.8874 
    3079.7664    3085.2804    3194.5873 
   Torsion-projected frequencies/non-torsional frequencies (cm-1)
    1451.0591i    210.7002     251.3626     303.8738     312.8716     377.0318 
     517.2381     545.6318     573.2453     654.2031     735.1718     835.5892 
     839.0181     910.7734     933.5652    1019.9082    1066.7182    1067.1204 
    1093.6217    1107.5954    1140.4098    1172.7661    1207.5436    1222.1094 
    1245.5137    1252.3262    1267.7773    1303.5125    1310.9500    1383.1784 
    1392.4794    1399.0379    1431.7031    1441.4173    1455.2328    1468.7641 
    1475.3101    1481.3974    1571.9844    1836.2224    2993.4951    2999.4935 
    3008.5148    3017.5817    3041.5175    3058.4961    3067.6873    3078.8851 
    3079.7658    3085.2802    3194.5860 
   Product of consistently coupled torsional frequencies (in cm-1^ntor)  9.0242E+11
   Primitively coupled torsional frequencies (cm-1) (Not used)
      38.4216      83.0079      91.9110     123.4090     165.9015     245.6007 
   Product of primitively coupled torsional frequencies (in cm-1^ntor)   1.4740E+12
   Effective coupled torsional barrier (kcal/mol)
        1.754        2.744        2.794        4.710        8.064        8.907 

   D matrix: 
   m-n        1             2             3             4             5
    1   2.225723E+01 -2.951009E+00 -4.477268E+00 -1.963466E+00 -1.506189E+00
    2  -2.951009E+00  2.376791E+01  8.662762E+00  6.520384E+00  2.870714E+00
    3  -4.477268E+00  8.662762E+00  4.679392E+01 -1.159660E+01  5.662310E+00
    4  -1.963466E+00  6.520384E+00 -1.159660E+01  2.210547E+01  4.240739E+00
    5  -1.506189E+00  2.870714E+00  5.662310E+00  4.240739E+00  7.906865E+00
    6   1.405010E+00  2.214998E+00  4.949256E-01  5.189770E-01  1.351757E-01
   m-n        6
    1   1.405010E+00
    2   2.214998E+00
    3   4.949256E-01
    4   5.189770E-01
    5   1.351757E-01
    6   3.026075E+00

   Eigenvalues of D matrix:
     5.3705E+01    3.2010E+01    2.0694E+01    1.2290E+01    2.6394E+00    4.5192E+00
   Determinant of D matrix  3.968310E+029

          Uncoupled force constants (au), Pitzer moment of inertia (amu A^2),
   uncoupled torsional frequencies (cm-1), and uncoupled torsional barrier (kcal/mol)
   --------------------------------------------------------------------------------
   Torsion               1             2             3             4             5
   Force constant   2.17040E-02  3.76287E-02  1.11406E-02  3.71802E-02  1.28955E-02
   Moment          22.257       23.768       46.794       22.105        7.907
   Tor. Freq.        84.945      108.235       41.972      111.561      109.855
   Rot. barrier       4.693        8.136        2.409        8.039        2.788
   M_j,tau            2.409        2.409        2.409        2.409        2.409

   Torsion               6
   Force constant   2.08432E-02
   Moment           3.026
   Tor. Freq.       225.760
   Rot. barrier       2.907
   M_j,tau            3.000
   --------------------------------------------------------------------------------
   Potential Energy =   0.000 kcal/mol
   Weight =  2
   Overall rotational symmetry number =   1

                           ==========================
                                Structure   2
                           ==========================

   Normal-mode Frequencies (cm-1) 
   (Overall translation and rotation projected out)
    1451.0956i      0.0001i      0.0000i      0.0000i      0.0000i      0.0000 
       0.0000      34.2106      73.1812      90.7149     109.4496     148.7806 
     213.4900     243.6872     253.4756     304.7488     313.6632     380.4834 
     518.0621     545.0947     577.1061     654.4971     736.0999     834.9324 
     839.9998     911.4249     933.8733    1020.1498    1066.7842    1068.3546 
    1092.2911    1107.3889    1140.1041    1172.8613    1206.5058    1222.8538 
    1244.5622    1253.1120    1267.8664    1303.8308    1311.9621    1383.3893 
    1392.5887    1399.3607    1431.7957    1441.5117    1455.3380    1468.8344 
    1475.3239    1481.4351    1572.9185    1835.8106    2994.8635    2999.2245 
    3008.0852    3017.1252    3043.7533    3058.9076    3067.8003    3079.1739 
    3079.2764    3085.3271    3194.3551 
   Torsion-projected frequencies/non-torsional frequencies (cm-1)
    1451.0611i    212.1810     252.1598     303.8890     308.1725     379.2147 
     517.9301     544.8034     574.9222     653.8587     734.8878     834.9209 
     839.9702     911.3899     933.8486    1020.1405    1066.7712    1068.3183 
    1092.2529    1107.3827    1140.0992    1172.8438    1206.4881    1222.8417 
    1244.5230    1253.0350    1267.7918    1303.8169    1311.9088    1383.3868 
    1392.5871    1399.3579    1431.7831    1441.5095    1455.3378    1468.8303 
    1475.3235    1481.4331    1572.9130    1835.8098    2994.8628    2999.2244 
    3008.0850    3017.1249    3043.7474    3058.9051    3067.7990    3079.1708 
    3079.2757    3085.3269    3194.3537 
   Product of consistently coupled torsional frequencies (in cm-1^ntor)  9.4070E+11
   Primitively coupled torsional frequencies (cm-1) (Not used)
      37.8658      83.9523      97.3084     121.8146     167.1971     245.9714 
   Product of primitively coupled torsional frequencies (in cm-1^ntor)   1.5497E+12
   Effective coupled torsional barrier (kcal/mol)
        1.709        2.752        2.792        4.749        8.261        9.615 

   D matrix: 
   m-n        1             2             3             4             5
    1   2.193343E+01 -2.395714E+00 -3.312467E+00 -1.062398E+00 -1.084642E-01
    2  -2.395714E+00  2.327567E+01  7.528069E+00  6.125554E+00  1.747402E+00
    3  -3.312467E+00  7.528069E+00  4.620716E+01 -1.264513E+01  5.172068E+00
    4  -1.062398E+00  6.125554E+00 -1.264513E+01  2.181910E+01  3.592301E+00
    5  -1.084642E-01  1.747402E+00  5.172068E+00  3.592301E+00  7.649342E+00
    6   1.429963E+00  2.227558E+00  5.390292E-01  5.685665E-01  2.145775E-01
   m-n        6
    1   1.429963E+00
    2   2.227558E+00
    3   5.390292E-01
    4   5.685665E-01
    5   2.145775E-01
    6   3.030848E+00

   Eigenvalues of D matrix:
     5.2994E+01    3.0168E+01    2.1036E+01    2.6385E+00    4.5039E+00    1.2575E+01
   Determinant of D matrix  3.824200E+029

          Uncoupled force constants (au), Pitzer moment of inertia (amu A^2),
   uncoupled torsional frequencies (cm-1), and uncoupled torsional barrier (kcal/mol)
   --------------------------------------------------------------------------------
   Torsion               1             2             3             4             5
   Force constant   2.17058E-02  4.11319E-02  1.08879E-02  3.75435E-02  1.29354E-02
   Moment          21.933       23.276       46.207       21.819        7.649
   Tor. Freq.        85.574      114.352       41.756      112.838      111.862
   Rot. barrier       4.714        8.933        2.365        8.154        2.809
   M_j,tau            2.404        2.404        2.404        2.404        2.404

   Torsion               6
   Force constant   2.08192E-02
   Moment           3.031
   Tor. Freq.       225.452
   Rot. barrier       2.903
   M_j,tau            3.000
   --------------------------------------------------------------------------------
   Potential Energy =   0.001 kcal/mol
   Weight =  2
   Overall rotational symmetry number =   1

                           ==========================
                                Structure   3
                           ==========================

   Normal-mode Frequencies (cm-1) 
   (Overall translation and rotation projected out)
    1450.4608i      0.0001i      0.0001i      0.0000i      0.0000i      0.0000 
       0.0000      30.7790      64.8332      92.1676     110.6372     116.8015 
     148.7858     241.4600     260.5165     299.0132     319.9087     364.7526 
     485.6226     544.5277     573.5217     699.7127     717.8230     788.9657 
     889.2742     919.2437     920.4321    1035.4356    1068.9931    1078.1687 
    1094.6034    1111.1387    1137.5402    1173.1717    1209.6151    1211.8422 
    1239.3944    1255.5458    1284.6573    1287.9537    1304.6529    1362.5661 
    1396.7022    1409.3778    1433.8502    1441.2419    1463.6806    1470.8897 
    1474.9303    1484.3036    1571.0863    1838.6738    2989.8889    3001.4515 
    3010.2740    3018.0576    3024.6363    3047.8777    3068.6995    3079.1365 
    3079.7458    3085.6469    3193.8573 
   Torsion-projected frequencies/non-torsional frequencies (cm-1)
    1450.4280i    104.0733     258.8590     297.3594     316.2663     363.4668 
     485.5136     544.1589     570.9336     699.6842     716.0649     788.8441 
     889.2702     919.0984     920.4054    1035.4350    1068.9623    1078.1679 
    1094.5679    1111.1098    1137.5391    1173.1552    1209.6033    1211.8158 
    1239.3824    1255.4213    1284.6453    1287.9097    1304.6240    1362.5654 
    1396.7021    1409.3770    1433.8501    1441.2392    1463.6806    1470.8897 
    1474.9278    1484.3035    1571.0809    1838.6733    2989.8889    3001.4515 
    3010.2740    3018.0575    3024.6356    3047.8737    3068.6986    3079.1359 
    3079.7446    3085.6469    3193.8559 
   Product of consistently coupled torsional frequencies (in cm-1^ntor)  8.5009E+11
   Primitively coupled torsional frequencies (cm-1) (Not used)
      34.6337      70.9562     110.9254     121.8245     166.9215     245.8532 
   Product of primitively coupled torsional frequencies (in cm-1^ntor)   1.3628E+12
   Effective coupled torsional barrier (kcal/mol)
        0.924        2.340        2.674        3.071        4.359        6.906 

   D matrix: 
   m-n        1             2             3             4             5
    1   1.981018E+01 -4.055477E+00  1.603080E+01 -5.138528E+00  1.667891E+00
    2  -4.055477E+00  2.135308E+01 -4.760329E+00  9.899731E+00  8.106105E-01
    3   1.603080E+01 -4.760329E+00  3.121684E+01 -1.276643E+01  2.960316E+00
    4  -5.138528E+00  9.899731E+00 -1.276643E+01  2.321747E+01  4.025466E+00
    5   1.667891E+00  8.106105E-01  2.960316E+00  4.025466E+00  7.426689E+00
    6   9.837832E-01  2.265353E+00  1.245347E+00  4.016525E-01  2.634246E-01
   m-n        6
    1   9.837832E-01
    2   2.265353E+00
    3   1.245347E+00
    4   4.016525E-01
    5   2.634246E-01
    6   3.016104E+00

   Eigenvalues of D matrix:
     5.2764E+01    2.4450E+01    1.3869E+01    8.2316E+00    4.1408E+00    2.5854E+00
   Determinant of D matrix  1.199768E+029

          Uncoupled force constants (au), Pitzer moment of inertia (amu A^2),
   uncoupled torsional frequencies (cm-1), and uncoupled torsional barrier (kcal/mol)
   --------------------------------------------------------------------------------
   Torsion               1             2             3             4             5
   Force constant   2.21858E-02  1.65758E-02  5.71780E-03  3.67284E-02  1.29208E-02
   Moment          19.810       21.353       31.217       23.217        7.427
   Tor. Freq.        91.033       75.790       36.815      108.193      113.462
   Rot. barrier       4.098        3.062        1.056        6.784        2.386
   M_j,tau            2.607        2.607        2.607        2.607        2.607

   Torsion               6
   Force constant   2.07138E-02
   Moment           3.016
   Tor. Freq.       225.430
   Rot. barrier       2.888
   M_j,tau            3.000
   --------------------------------------------------------------------------------
   Potential Energy =   0.111 kcal/mol
   Weight =  2
   Overall rotational symmetry number =   1

                           ==========================
                                Structure   4
                           ==========================

   Normal-mode Frequencies (cm-1) 
   (Overall translation and rotation projected out)
    1450.5735i      0.0001i      0.0000i      0.0000i      0.0000i      0.0000i
       0.0000      31.6969      49.0909      95.7260     115.6836     155.5793 
     195.4871     259.6179     280.5337     314.5910     359.4839     396.7700 
     482.6286     544.3182     579.0321     657.9900     746.3365     824.6262 
     842.2408     910.8014     942.4565     980.9996    1067.9467    1073.2960 
    1091.5923    1096.9505    1141.0926    1172.7256    1191.7298    1218.5857 
    1240.0739    1247.9952    1266.4771    1299.5090    1346.5348    1374.5310 
    1392.9735    1399.0168    1434.3237    1441.7420    1453.5085    1469.5497 
    1478.4926    1484.1537    1572.3224    1835.3289    2999.2342    3007.9784 
    3013.3688    3020.9493    3052.8719    3062.3103    3077.0258    3079.2287 
    3079.9597    3084.7661    3194.3859 
   Torsion-projected frequencies/non-torsional frequencies (cm-1)
    1450.5389i    193.0768     278.1154     307.7857     357.7599     395.8930 
     481.5399     543.9470     576.9042     657.8830     745.7552     824.6000 
     842.1442     910.7352     942.4356     980.9293    1067.9170    1073.2439 
    1091.5497    1096.9374    1141.0858    1172.7086    1191.7194    1218.5673 
    1240.0411    1247.9248    1266.4005    1299.4817    1346.5315    1374.5302 
    1392.9575    1399.0140    1434.2786    1441.7382    1453.4999    1469.5350 
    1478.4461    1484.1467    1572.3167    1835.3282    2999.2320    3007.9783 
    3013.3659    3020.9475    3052.8686    3062.3090    3077.0236    3079.2280 
    3079.9583    3084.7636    3194.3846 
   Product of consistently coupled torsional frequencies (in cm-1^ntor)  7.3776E+11
   Primitively coupled torsional frequencies (cm-1) (Not used)
      34.2396      54.1404     104.8871     134.5809     171.3783     265.0899 
   Product of primitively coupled torsional frequencies (in cm-1^ntor)   1.1888E+12
   Effective coupled torsional barrier (kcal/mol)
        1.543        2.150        2.822        5.084        8.395        9.917 

   D matrix: 
   m-n        1             2             3             4             5
    1   2.679722E+01  2.185784E+01 -7.460761E+00  7.139605E+00  2.574860E-01
    2   2.185784E+01  4.524465E+01  7.556087E+00  1.262644E+01  3.091397E+00
    3  -7.460761E+00  7.556087E+00  4.348285E+01 -1.091201E+01  4.897250E+00
    4   7.139605E+00  1.262644E+01 -1.091201E+01  2.335290E+01  4.240046E+00
    5   2.574860E-01  3.091397E+00  4.897250E+00  4.240046E+00  7.701000E+00
    6   1.361191E+00 -2.993319E-01  6.753235E-01 -2.529787E-01  9.256859E-02
   m-n        6
    1   1.361191E+00
    2  -2.993319E-01
    3   6.753235E-01
    4  -2.529787E-01
    5   9.256859E-02
    6   3.077186E+00

   Eigenvalues of D matrix:
     6.5158E+01    5.0299E+01    1.8495E+01    8.5821E+00    2.6966E+00    4.4250E+00
   Determinant of D matrix  4.723425E+029

          Uncoupled force constants (au), Pitzer moment of inertia (amu A^2),
   uncoupled torsional frequencies (cm-1), and uncoupled torsional barrier (kcal/mol)
   --------------------------------------------------------------------------------
   Torsion               1             2             3             4             5
   Force constant   2.30287E-02  3.81345E-02  1.05342E-02  3.75409E-02  1.30095E-02
   Moment          26.797       45.245       43.483       23.353        7.701
   Tor. Freq.        79.744       78.973       42.340      109.066      111.805
   Rot. barrier       5.098        8.442        2.332        8.311        2.880
   M_j,tau            2.381        2.381        2.381        2.381        2.381

   Torsion               6
   Force constant   2.04180E-02
   Moment           3.077
   Tor. Freq.       221.582
   Rot. barrier       2.847
   M_j,tau            3.000
   --------------------------------------------------------------------------------
   Potential Energy =   0.671 kcal/mol
   Weight =  2
   Overall rotational symmetry number =   1

                           ==========================
                                Structure   5
                           ==========================

   Normal-mode Frequencies (cm-1) 
   (Overall translation and rotation projected out)
    1451.2365i      0.0000i      0.0000i      0.0000       0.0000       0.0000 
       0.0001      32.9641      49.9727      88.9507     125.0616     150.6705 
     197.0993     260.6877     279.5996     319.3530     357.2042     397.7547 
     482.2711     545.5358     576.6776     658.2872     746.5558     825.1769 
     841.6347     909.6106     942.9428     981.1602    1066.4105    1073.6071 
    1091.9429    1098.0953    1141.4670    1172.4708    1193.0702    1218.3453 
    1240.8136    1248.1517    1266.5152    1299.5487    1346.3547    1374.6691 
    1393.0152    1399.0307    1434.3997    1441.6363    1453.7543    1469.5335 
    1478.6308    1484.2117    1571.5810    1835.7497    2999.2556    3008.6034 
    3013.4542    3021.7883    3052.6251    3062.7178    3076.8701    3079.6205 
    3079.8708    3084.1622    3194.5908 
   Torsion-projected frequencies/non-torsional frequencies (cm-1)
    1451.2013i    193.1526     277.5210     313.7488     354.3504     397.1074 
     481.3822     545.0963     574.6488     658.1590     745.9726     825.1447 
     841.5413     909.5484     942.9221     981.0902    1066.3793    1073.5614 
    1091.9102    1098.0673    1141.4603    1172.4550    1193.0608    1218.3214 
    1240.7879    1248.0680    1266.4409    1299.5216    1346.3511    1374.6683 
    1392.9967    1399.0287    1434.3631    1441.6280    1453.7457    1469.5187 
    1478.5868    1484.2046    1571.5760    1835.7489    2999.2534    3008.6033 
    3013.4510    3021.7864    3052.6214    3062.7165    3076.8681    3079.6193 
    3079.8700    3084.1596    3194.5894 
   Product of consistently coupled torsional frequencies (in cm-1^ntor)  7.6655E+11
   Primitively coupled torsional frequencies (cm-1) (Not used)
      35.2140      54.5739     101.4586     137.8982     170.9127     265.4750 
   Product of primitively coupled torsional frequencies (in cm-1^ntor)   1.2200E+12
   Effective coupled torsional barrier (kcal/mol)
        1.662        2.180        2.874        5.257        8.587       10.208 

   D matrix: 
   m-n        1             2             3             4             5
    1   2.659918E+01  2.112428E+01 -7.723040E+00  6.046017E+00 -2.198331E-01
    2   2.112428E+01  4.482395E+01  8.505469E+00  1.199585E+01  3.597186E+00
    3  -7.723040E+00  8.505469E+00  4.437563E+01 -9.733311E+00  5.584542E+00
    4   6.046017E+00  1.199585E+01 -9.733311E+00  2.293463E+01  4.564725E+00
    5  -2.198331E-01  3.597186E+00  5.584542E+00  4.564725E+00  7.917704E+00
    6   1.355676E+00 -3.448449E-01  6.252810E-01 -3.362172E-01  1.488783E-02
   m-n        6
    1   1.355676E+00
    2  -3.448449E-01
    3   6.252810E-01
    4  -3.362172E-01
    5   1.488783E-02
    6   3.075653E+00

   Eigenvalues of D matrix:
     6.3473E+01    5.1118E+01    1.9703E+01    8.2786E+00    2.7012E+00    4.4519E+00
   Determinant of D matrix  4.843075E+029

          Uncoupled force constants (au), Pitzer moment of inertia (amu A^2),
   uncoupled torsional frequencies (cm-1), and uncoupled torsional barrier (kcal/mol)
   --------------------------------------------------------------------------------
   Torsion               1             2             3             4             5
   Force constant   2.33672E-02  3.85684E-02  1.08483E-02  3.75383E-02  1.28993E-02
   Moment          26.599       44.824       44.376       22.935        7.918
   Tor. Freq.        80.626       79.793       42.532      110.052      109.796
   Rot. barrier       5.293        8.737        2.457        8.503        2.922
   M_j,tau            2.354        2.354        2.354        2.354        2.354

   Torsion               6
   Force constant   2.04806E-02
   Moment           3.076
   Tor. Freq.       221.977
   Rot. barrier       2.856
   M_j,tau            3.000
   --------------------------------------------------------------------------------
   Potential Energy =   0.680 kcal/mol
   Weight =  2
   Overall rotational symmetry number =   1

                           ==========================
                                Structure   6
                           ==========================

   Normal-mode Frequencies (cm-1) 
   (Overall translation and rotation projected out)
    1450.4755i      0.0000i      0.0000i      0.0000i      0.0000       0.0000 
       0.0000      28.2199      56.6361      95.2168     107.0945     140.0450 
     148.0680     236.8264     278.5279     313.4616     330.3418     418.5777 
     443.6844     544.6610     574.6951     696.6211     741.7525     785.7892 
     878.3518     912.3810     933.7770     986.4777    1069.4362    1085.9788 
    1098.3205    1109.6777    1131.6798    1173.2291    1201.0140    1211.4560 
    1241.2250    1256.8172    1275.5660    1295.8933    1330.9505    1356.5575 
    1397.3832    1405.8297    1434.8093    1440.5860    1463.7586    1467.6190 
    1477.9049    1483.2764    1570.9299    1838.2543    2996.7900    3000.7845 
    3010.7851    3018.5957    3042.7431    3053.4621    3073.7185    3078.4185 
    3079.0870    3084.9332    3193.7933 
   Torsion-projected frequencies/non-torsional frequencies (cm-1)
    1450.4418i    158.4255     265.0206     307.8689     328.5387     417.6640 
     442.7837     544.2716     571.5990     696.5114     741.3714     785.3204 
     878.3310     912.3690     933.6574     986.3300    1069.3865    1085.9694 
    1098.2719    1109.6377    1131.6766    1173.2115    1201.0070    1211.4381 
    1241.2030    1256.6852    1275.5082    1295.8467    1330.9391    1356.5488 
    1397.3811    1405.8258    1434.8089    1440.5830    1463.7519    1467.6164 
    1477.8991    1483.2712    1570.9246    1838.2538    2996.7899    3000.7829 
    3010.7836    3018.5954    3042.7429    3053.4568    3073.7172    3078.4173 
    3079.0864    3084.9319    3193.7920 
   Product of consistently coupled torsional frequencies (in cm-1^ntor)  5.5031E+11
   Primitively coupled torsional frequencies (cm-1) (Not used)
      33.0254      58.4070     109.7864     119.2666     165.5412     244.3057 
   Product of primitively coupled torsional frequencies (in cm-1^ntor)   1.0215E+12
   Effective coupled torsional barrier (kcal/mol)
        0.902        2.308        2.377        2.655        5.580        6.804 

   D matrix: 
   m-n        1             2             3             4             5
    1   1.929824E+01  7.737541E+00  1.310205E+01  1.032836E+00  2.397369E+00
    2   7.737541E+00  3.469032E+01  5.147488E+00  1.233326E+01  2.806675E+00
    3   1.310205E+01  5.147488E+00  2.800779E+01 -7.855847E+00  3.387851E+00
    4   1.032836E+00  1.233326E+01 -7.855847E+00  2.291601E+01  4.732803E+00
    5   2.397369E+00  2.806675E+00  3.387851E+00  4.732803E+00  7.615629E+00
    6   1.272003E+00 -4.629334E-01  8.620511E-01 -3.015518E-01  5.509395E-02
   m-n        6
    1   1.272003E+00
    2  -4.629334E-01
    3   8.620511E-01
    4  -3.015518E-01
    5   5.509395E-02
    6   3.077756E+00

   Eigenvalues of D matrix:
     4.7157E+01    3.8376E+01    1.4023E+01    8.9290E+00    4.1843E+00    2.9353E+00
   Determinant of D matrix  2.117849E+029

          Uncoupled force constants (au), Pitzer moment of inertia (amu A^2),
   uncoupled torsional frequencies (cm-1), and uncoupled torsional barrier (kcal/mol)
   --------------------------------------------------------------------------------
   Torsion               1             2             3             4             5
   Force constant   2.47584E-02  1.68742E-02  5.64208E-03  3.66333E-02  1.28844E-02
   Moment          19.298       34.690       28.008       22.916        7.616
   Tor. Freq.        97.433       59.995       38.609      108.761      111.888
   Rot. barrier       4.518        3.079        1.029        6.684        2.351
   M_j,tau            2.623        2.623        2.623        2.623        2.623

   Torsion               6
   Force constant   2.12628E-02
   Moment           3.078
   Tor. Freq.       226.099
   Rot. barrier       2.965
   M_j,tau            3.000
   --------------------------------------------------------------------------------
   Potential Energy =   0.688 kcal/mol
   Weight =  2
   Overall rotational symmetry number =   1

                           ==========================
                                Structure   7
                           ==========================

   Normal-mode Frequencies (cm-1) 
   (Overall translation and rotation projected out)
    1450.6305i      0.0001i      0.0000i      0.0000i      0.0000i      0.0000 
       0.0001      28.8376      56.5070      93.5977     108.9456     141.7639 
     146.7887     238.1381     275.8279     314.6620     331.4628     418.1566 
     443.9570     544.5978     574.7460     697.4574     740.9862     785.7625 
     878.6722     912.9883     933.3975     986.7041    1069.2319    1085.9634 
    1097.9404    1109.4795    1132.5935    1173.3638    1200.8609    1211.4321 
    1241.1634    1256.7624    1275.6825    1296.2102    1331.0643    1356.5225 
    1397.6896    1405.8815    1434.7488    1440.7503    1463.8029    1467.6824 
    1478.0183    1483.5126    1571.0371    1838.2971    2996.2845    3001.1367 
    3010.9723    3018.9867    3042.6013    3053.1777    3073.4224    3078.8650 
    3079.0478    3084.9968    3193.7799 
   Torsion-projected frequencies/non-torsional frequencies (cm-1)
    1450.5972i    158.3416     263.2789     309.2075     328.9999     417.1844 
     443.1205     544.2207     571.7004     697.3352     740.6241     785.2918 
     878.6489     912.9738     933.2772     986.5536    1069.1794    1085.9513 
    1097.9019    1109.4390    1132.5885    1173.3446    1200.8525    1211.4149 
    1241.1436    1256.6384    1275.6143    1296.1659    1331.0535    1356.5134 
    1397.6865    1405.8780    1434.7480    1440.7476    1463.7963    1467.6797 
    1478.0119    1483.5064    1571.0318    1838.2966    2996.2844    3001.1350 
    3010.9707    3018.9865    3042.6011    3053.1723    3073.4210    3078.8639 
    3079.0470    3084.9954    3193.7785 
   Product of consistently coupled torsional frequencies (in cm-1^ntor)  5.6545E+11
   Primitively coupled torsional frequencies (cm-1) (Not used)
      33.6524      58.2645     109.3574     120.1540     165.4499     245.2898 
   Product of primitively coupled torsional frequencies (in cm-1^ntor)   1.0456E+12
   Effective coupled torsional barrier (kcal/mol)
        0.974        2.438        2.452        2.798        5.935        7.256 

   D matrix: 
   m-n        1             2             3             4             5
    1   1.878360E+01  7.268647E+00  1.276126E+01 -5.797526E-03  1.730266E+00
    2   7.268647E+00  3.486383E+01  4.824099E+00  1.254934E+01  2.676053E+00
    3   1.276126E+01  4.824099E+00  2.772557E+01 -8.423656E+00  2.944119E+00
    4  -5.797526E-03  1.254934E+01 -8.423656E+00  2.316107E+01  4.701970E+00
    5   1.730266E+00  2.676053E+00  2.944119E+00  4.701970E+00  7.500273E+00
    6   1.286260E+00 -4.288517E-01  8.787601E-01 -2.227358E-01  1.234526E-01
   m-n        6
    1   1.286260E+00
    2  -4.288517E-01
    3   8.787601E-01
    4  -2.227358E-01
    5   1.234526E-01
    6   3.079574E+00

   Eigenvalues of D matrix:
     4.6164E+01    3.9245E+01    1.3389E+01    9.1942E+00    4.1869E+00    2.9348E+00
   Determinant of D matrix  2.085342E+029

          Uncoupled force constants (au), Pitzer moment of inertia (amu A^2),
   uncoupled torsional frequencies (cm-1), and uncoupled torsional barrier (kcal/mol)
   --------------------------------------------------------------------------------
   Torsion               1             2             3             4             5
   Force constant   2.49146E-02  1.70222E-02  5.72554E-03  3.66918E-02  1.28557E-02
   Moment          18.784       34.864       27.726       23.161        7.500
   Tor. Freq.        99.070       60.107       39.091      108.271      112.620
   Rot. barrier       4.836        3.304        1.111        7.122        2.495
   M_j,tau            2.543        2.543        2.543        2.543        2.543

   Torsion               6
   Force constant   2.13878E-02
   Moment           3.080
   Tor. Freq.       226.695
   Rot. barrier       2.982
   M_j,tau            3.000
   --------------------------------------------------------------------------------
   Potential Energy =   0.690 kcal/mol
   Weight =  2
   Overall rotational symmetry number =   1

       List of zero-point inclusive energy (kcal/mol) for each structure
      ------------------------------------------------------------------
        Structure            Energy (T = 0 K)
      ------------------------------------------------------------------
          1                    107.43
          2                    107.45
          3                    107.37
          4                    108.21
          5                    108.23
          6                    108.05
          7                    108.06
      ZPE of the system =      107.37


     Note: The following SS-HO and SS-T include the Rot. P.F. and Boltzmann factor,
           but are calculated with weight = 1 for each structure. Weights are
           counted in MS partition functions. Zero of energy is set to the potential
           energy of global minimum.

            Partition function of structure    1
     ================================================================
          T(K)      Rot.          SS-HO           SS-T     SS-T/SS-HO
        100.00    8.7254E+004   1.2785E-229   8.6065E-230    0.673
        125.00    1.2194E+005   3.4659E-182   2.3985E-182    0.692
        200.00    2.4679E+005   1.7982E-110   1.3661E-110    0.760
        298.15    4.4920E+005   2.3527E-070   2.0343E-070    0.865
        300.00    4.5339E+005   7.6479E-070   6.6286E-070    0.867
        500.00    9.7553E+005   7.6677E-036   8.1979E-036    1.069
        750.00    1.7922E+006   4.4286E-017   5.4418E-017    1.229
       1000.00    2.7592E+006   2.1767E-006   2.8062E-006    1.289
       1100.00    3.1833E+006   3.5660E-003   4.6088E-003    1.292
       1150.00    3.4028E+006   1.0152E-001   1.3101E-001    1.290
       1200.00    3.6271E+006   2.3701E+000   3.0489E+000    1.286
       1250.00    3.8561E+006   4.6373E+001   5.9378E+001    1.280
       1300.00    4.0898E+006   7.7461E+002   9.8592E+002    1.273
       1350.00    4.3280E+006   1.1223E+004   1.4182E+004    1.264
       1400.00    4.5707E+006   1.4298E+005   1.7916E+005    1.253
       1450.00    4.8177E+006   1.6206E+006   2.0117E+006    1.241
       1500.00    5.0690E+006   1.6514E+007   2.0287E+007    1.228
       1550.00    5.3246E+006   1.5265E+008   1.8541E+008    1.215
       1600.00    5.5843E+006   1.2901E+009   1.5482E+009    1.200
       1650.00    5.8481E+006   1.0040E+010   1.1895E+010    1.185
       1700.00    6.1159E+006   7.2396E+010   8.4618E+010    1.169
       1800.00    6.6634E+006   3.0601E+012   3.4748E+012    1.136
       1900.00    7.2263E+006   1.0120E+014   1.1141E+014    1.101
       2000.00    7.8043E+006   2.7006E+015   2.8771E+015    1.065
       2500.00    1.0907E+007   3.1203E+021   2.7722E+021    0.888

            Partition function of structure    2
     ================================================================
          T(K)      Rot.          SS-HO           SS-T     SS-T/SS-HO
        100.00    8.8682E+004   1.1709E-229   7.8177E-230    0.668
        125.00    1.2394E+005   3.2179E-182   2.2091E-182    0.686
        200.00    2.5083E+005   1.7018E-110   1.2831E-110    0.754
        298.15    4.5655E+005   2.2482E-070   1.9277E-070    0.857
        300.00    4.6080E+005   7.3089E-070   6.2816E-070    0.859
        500.00    9.9149E+005   7.3796E-036   7.7895E-036    1.056
        750.00    1.8215E+006   4.2753E-017   5.1563E-017    1.206
       1000.00    2.8044E+006   2.1041E-006   2.6513E-006    1.260
       1100.00    3.2354E+006   3.4483E-003   4.3510E-003    1.262
       1150.00    3.4584E+006   9.8187E-002   1.2365E-001    1.259
       1200.00    3.6864E+006   2.2925E+000   2.8770E+000    1.255
       1250.00    3.9192E+006   4.4860E+001   5.6021E+001    1.249
       1300.00    4.1567E+006   7.4941E+002   9.3009E+002    1.241
       1350.00    4.3988E+006   1.0859E+004   1.3378E+004    1.232
       1400.00    4.6454E+006   1.3835E+005   1.6901E+005    1.222
       1450.00    4.8965E+006   1.5683E+006   1.8979E+006    1.210
       1500.00    5.1519E+006   1.5982E+007   1.9141E+007    1.198
       1550.00    5.4117E+006   1.4774E+008   1.7497E+008    1.184
       1600.00    5.6756E+006   1.2487E+009   1.4613E+009    1.170
       1650.00    5.9437E+006   9.7183E+009   1.1230E+010    1.156
       1700.00    6.2159E+006   7.0080E+010   7.9907E+010    1.140
       1800.00    6.7724E+006   2.9624E+012   3.2833E+012    1.108
       1900.00    7.3445E+006   9.7978E+013   1.0534E+014    1.075
       2000.00    7.9319E+006   2.6148E+015   2.7225E+015    1.041
       2500.00    1.1085E+007   3.0219E+021   2.6346E+021    0.872

            Partition function of structure    3
     ================================================================
          T(K)      Rot.          SS-HO           SS-T     SS-T/SS-HO
        100.00    8.9311E+004   2.4011E-229   1.7489E-229    0.728
        125.00    1.2482E+005   6.4892E-182   4.9457E-182    0.762
        200.00    2.5261E+005   3.4679E-110   2.9945E-110    0.863
        298.15    4.5979E+005   4.7182E-070   4.6588E-070    0.987
        300.00    4.6407E+005   1.5346E-069   1.5187E-069    0.990
        500.00    9.9853E+005   1.6085E-035   1.9054E-035    1.185
        750.00    1.8344E+006   9.5292E-017   1.2203E-016    1.281
       1000.00    2.8243E+006   4.7462E-006   5.9252E-006    1.248
       1100.00    3.2583E+006   7.8045E-003   9.4737E-003    1.214
       1150.00    3.4830E+006   2.2255E-001   2.6566E-001    1.194
       1200.00    3.7126E+006   5.2035E+000   6.0986E+000    1.172
       1250.00    3.9470E+006   1.0195E+002   1.1716E+002    1.149
       1300.00    4.1862E+006   1.7052E+003   1.9190E+003    1.125
       1350.00    4.4300E+006   2.4735E+004   2.7233E+004    1.101
       1400.00    4.6784E+006   3.1547E+005   3.3947E+005    1.076
       1450.00    4.9312E+006   3.5797E+006   3.7616E+006    1.051
       1500.00    5.1885E+006   3.6512E+007   3.7442E+007    1.025
       1550.00    5.4501E+006   3.3781E+008   3.3783E+008    1.000
       1600.00    5.7159E+006   2.8575E+009   2.7855E+009    0.975
       1650.00    5.9859E+006   2.2257E+010   2.1136E+010    0.950
       1700.00    6.2601E+006   1.6061E+011   1.4854E+011    0.925
       1800.00    6.8205E+006   6.7987E+012   5.9570E+012    0.876
       1900.00    7.3967E+006   2.2513E+014   1.8670E+014    0.829
       2000.00    7.9882E+006   6.0150E+015   4.7180E+015    0.784
       2500.00    1.1164E+007   6.9820E+021   4.1349E+021    0.592

            Partition function of structure    4
     ================================================================
          T(K)      Rot.          SS-HO           SS-T     SS-T/SS-HO
        100.00    8.6780E+004   3.1130E-231   2.1454E-231    0.689
        125.00    1.2128E+005   1.8540E-183   1.3185E-183    0.711
        200.00    2.4545E+005   3.0579E-111   2.4158E-111    0.790
        298.15    4.4676E+005   7.4153E-071   6.7026E-071    0.904
        300.00    4.5092E+005   2.4290E-070   2.2006E-070    0.906
        500.00    9.7023E+005   3.9796E-036   4.3522E-036    1.094
        750.00    1.7824E+006   2.9343E-017   3.5495E-017    1.210
       1000.00    2.7442E+006   1.6291E-006   2.0075E-006    1.232
       1100.00    3.1660E+006   2.7588E-003   3.3779E-003    1.224
       1150.00    3.3843E+006   7.9680E-002   9.7033E-002    1.218
       1200.00    3.6074E+006   1.8848E+000   2.2799E+000    1.210
       1250.00    3.8352E+006   3.7326E+001   4.4796E+001    1.200
       1300.00    4.0676E+006   6.3049E+002   7.4989E+002    1.189
       1350.00    4.3045E+006   9.2297E+003   1.0869E+004    1.178
       1400.00    4.5458E+006   1.1871E+005   1.3829E+005    1.165
       1450.00    4.7915E+006   1.3577E+006   1.5631E+006    1.151
       1500.00    5.0414E+006   1.3949E+007   1.5862E+007    1.137
       1550.00    5.2956E+006   1.2994E+008   1.4583E+008    1.122
       1600.00    5.5539E+006   1.1062E+009   1.2245E+009    1.107
       1650.00    5.8163E+006   8.6679E+009   9.4574E+009    1.091
       1700.00    6.0826E+006   6.2904E+010   6.7618E+010    1.075
       1800.00    6.6271E+006   2.6902E+012   2.8028E+012    1.042
       1900.00    7.1870E+006   8.9902E+013   9.0633E+013    1.008
       2000.00    7.7618E+006   2.4218E+015   2.3591E+015    0.974
       2500.00    1.0847E+007   2.8994E+021   2.3463E+021    0.809

            Partition function of structure    5
     ================================================================
          T(K)      Rot.          SS-HO           SS-T     SS-T/SS-HO
        100.00    8.5956E+004   2.7141E-231   1.8847E-231    0.694
        125.00    1.2013E+005   1.6450E-183   1.1767E-183    0.715
        200.00    2.4312E+005   2.7822E-111   2.2006E-111    0.791
        298.15    4.4252E+005   6.8346E-071   6.1752E-071    0.904
        300.00    4.4664E+005   2.2391E-070   2.0278E-070    0.906
        500.00    9.6102E+005   3.7050E-036   4.0701E-036    1.099
        750.00    1.7655E+006   2.7445E-017   3.3614E-017    1.225
       1000.00    2.7182E+006   1.5270E-006   1.9187E-006    1.256
       1100.00    3.1359E+006   2.5875E-003   3.2385E-003    1.252
       1150.00    3.3521E+006   7.4750E-002   9.3167E-002    1.246
       1200.00    3.5731E+006   1.7686E+000   2.1922E+000    1.240
       1250.00    3.7988E+006   3.5032E+001   4.3133E+001    1.231
       1300.00    4.0289E+006   5.9185E+002   7.2304E+002    1.222
       1350.00    4.2636E+006   8.6655E+003   1.0493E+004    1.211
       1400.00    4.5027E+006   1.1147E+005   1.3368E+005    1.199
       1450.00    4.7460E+006   1.2751E+006   1.5130E+006    1.187
       1500.00    4.9936E+006   1.3103E+007   1.5372E+007    1.173
       1550.00    5.2453E+006   1.2207E+008   1.4149E+008    1.159
       1600.00    5.5012E+006   1.0393E+009   1.1894E+009    1.144
       1650.00    5.7611E+006   8.1445E+009   9.1974E+009    1.129
       1700.00    6.0249E+006   5.9111E+010   6.5832E+010    1.114
       1800.00    6.5642E+006   2.5285E+012   2.7346E+012    1.082
       1900.00    7.1188E+006   8.4512E+013   8.8609E+013    1.048
       2000.00    7.6881E+006   2.2769E+015   2.3109E+015    1.015
       2500.00    1.0745E+007   2.7275E+021   2.3182E+021    0.850

            Partition function of structure    6
     ================================================================
          T(K)      Rot.          SS-HO           SS-T     SS-T/SS-HO
        100.00    9.1763E+004   8.5973E-231   5.4405E-231    0.633
        125.00    1.2824E+005   4.5599E-183   3.0244E-183    0.663
        200.00    2.5955E+005   6.5600E-111   4.9540E-111    0.755
        298.15    4.7241E+005   1.5131E-070   1.3112E-070    0.867
        300.00    4.7682E+005   4.9538E-070   4.3026E-070    0.869
        500.00    1.0259E+006   7.8974E-036   8.1002E-036    1.026
        750.00    1.8848E+006   5.7605E-017   6.2287E-017    1.081
       1000.00    2.9018E+006   3.1825E-006   3.3012E-006    1.037
       1100.00    3.3478E+006   5.3829E-003   5.4068E-003    1.004
       1150.00    3.5786E+006   1.5539E-001   1.5323E-001    0.986
       1200.00    3.8145E+006   3.6740E+000   3.5520E+000    0.967
       1250.00    4.0554E+006   7.2729E+001   6.8856E+001    0.947
       1300.00    4.3011E+006   1.2280E+003   1.1374E+003    0.926
       1350.00    4.5517E+006   1.7971E+004   1.6267E+004    0.905
       1400.00    4.8069E+006   2.3108E+005   2.0426E+005    0.884
       1450.00    5.0667E+006   2.6420E+006   2.2790E+006    0.863
       1500.00    5.3310E+006   2.7139E+007   2.2831E+007    0.841
       1550.00    5.5997E+006   2.5275E+008   2.0726E+008    0.820
       1600.00    5.8729E+006   2.1513E+009   1.7187E+009    0.799
       1650.00    6.1503E+006   1.6854E+010   1.3113E+010    0.778
       1700.00    6.4320E+006   1.2229E+011   9.2628E+010    0.757
       1800.00    7.0077E+006   5.2284E+012   3.7502E+012    0.717
       1900.00    7.5998E+006   1.7468E+014   1.1855E+014    0.679
       2000.00    8.2076E+006   4.7047E+015   3.0195E+015    0.642
       2500.00    1.1470E+007   5.6291E+021   2.7285E+021    0.485

            Partition function of structure    7
     ================================================================
          T(K)      Rot.          SS-HO           SS-T     SS-T/SS-HO
        100.00    9.2442E+004   8.1364E-231   5.1093E-231    0.628
        125.00    1.2919E+005   4.3501E-183   2.8559E-183    0.657
        200.00    2.6147E+005   6.3308E-111   4.7154E-111    0.745
        298.15    4.7591E+005   1.4690E-070   1.2554E-070    0.855
        300.00    4.8034E+005   4.8098E-070   4.1199E-070    0.857
        500.00    1.0335E+006   7.7021E-036   7.8501E-036    1.019
        750.00    1.8987E+006   5.6292E-017   6.1302E-017    1.089
       1000.00    2.9233E+006   3.1127E-006   3.2968E-006    1.059
       1100.00    3.3726E+006   5.2660E-003   5.4297E-003    1.031
       1150.00    3.6051E+006   1.5203E-001   1.5429E-001    1.015
       1200.00    3.8428E+006   3.5949E+000   3.5862E+000    0.998
       1250.00    4.0854E+006   7.1168E+001   6.9700E+001    0.979
       1300.00    4.3330E+006   1.2018E+003   1.1542E+003    0.960
       1350.00    4.5853E+006   1.7588E+004   1.6549E+004    0.941
       1400.00    4.8424E+006   2.2616E+005   2.0831E+005    0.921
       1450.00    5.1041E+006   2.5859E+006   2.3297E+006    0.901
       1500.00    5.3704E+006   2.6565E+007   2.3393E+007    0.881
       1550.00    5.6412E+006   2.4741E+008   2.1284E+008    0.860
       1600.00    5.9163E+006   2.1060E+009   1.7689E+009    0.840
       1650.00    6.1958E+006   1.6499E+010   1.3524E+010    0.820
       1700.00    6.4795E+006   1.1972E+011   9.5734E+010    0.800
       1800.00    7.0596E+006   5.1189E+012   3.8916E+012    0.760
       1900.00    7.6560E+006   1.7104E+014   1.2349E+014    0.722
       2000.00    8.2683E+006   4.6067E+015   3.1565E+015    0.685
       2500.00    1.1555E+007   5.5130E+021   2.8964E+021    0.525

     ================================================================
              Partition Functions Including All Structures
        -----------------------------------------------------------
        Zero of energy is set to potential energy of global minimum
        -----------------------------------------------------------
        T(K)    Elec.        Trans.              Con-rovib
                                            MS-LH    or     MS-T
        100.00  2.0000E+000  3.2877E+006  1.0152E-228  7.0742E-229
        125.00  2.0000E+000  5.7434E+006  2.8828E-181  2.0782E-181
        200.00  2.0000E+000  1.8598E+007  1.7682E-109  1.4145E-109
        298.15  2.0000E+000  5.0464E+007  2.7452E-069  2.4951E-069
        300.00  2.0000E+000  5.1250E+007  8.9470E-069  8.1497E-069
        500.00  2.0000E+000  1.8379E+008  1.0883E-034  1.1883E-034
        750.00  2.0000E+000  5.0646E+008  7.0603E-016  8.4142E-016
       1000.00  2.0000E+000  1.0397E+009  3.6957E-005  4.3814E-005
       1100.00  2.0000E+000  1.3194E+009  6.1628E-002  7.1773E-002
       1150.00  2.0000E+000  1.4745E+009  1.7682E+000  2.0361E+000
       1200.00  2.0000E+000  1.6400E+009  4.1577E+001  4.7270E+001
       1250.00  2.0000E+000  1.8162E+009  8.1888E+002  9.1809E+002
       1300.00  2.0000E+000  2.0033E+009  1.3763E+004  1.5199E+004
       1350.00  2.0000E+000  2.2015E+009  2.0054E+005  2.1794E+005
       1400.00  2.0000E+000  2.4111E+009  2.5685E+006  2.7444E+006
       1450.00  2.0000E+000  2.6322E+009  2.9259E+007  3.0712E+007
       1500.00  2.0000E+000  2.8650E+009  2.9953E+008  3.0866E+008
       1550.00  2.0000E+000  3.1097E+009  2.7807E+009  2.8113E+009
       1600.00  2.0000E+000  3.3666E+009  2.3598E+010  2.3393E+010
       1650.00  2.0000E+000  3.6358E+009  1.8436E+011  1.7911E+011
       1700.00  2.0000E+000  3.9175E+009  1.3342E+012  1.2698E+012
       1800.00  2.0000E+000  4.5193E+009  5.6774E+013  5.1789E+013
       1900.00  2.0000E+000  5.1734E+009  1.8889E+015  1.6495E+015
       2000.00  2.0000E+000  5.8812E+009  5.0681E+016  4.2327E+016
       2500.00  2.0000E+000  1.0274E+010  5.9786E+022  3.9662E+022

             Total Partition Function (E + T + Con-rovib)
             ---------------------------------------------
                T(K)     E + T + MS-LH     E + T + MS-T
                100.00     6.6754E-222       4.6515E-222
                125.00     3.3114E-174       2.3871E-174
                200.00     6.5770E-102       5.2612E-102
                298.15     2.7707E-061       2.5182E-061
                300.00     9.1707E-061       8.3535E-061
                500.00     4.0005E-026       4.3678E-026
                750.00     7.1515E-007       8.5229E-007
               1000.00     7.6845E+004       9.1103E+004
               1100.00     1.6262E+008       1.8939E+008
               1150.00     5.2144E+009       6.0043E+009
               1200.00     1.3637E+011       1.5505E+011
               1250.00     2.9745E+012       3.3349E+012
               1300.00     5.5142E+013       6.0897E+013
               1350.00     8.8300E+014       9.5961E+014
               1400.00     1.2385E+016       1.3234E+016
               1450.00     1.5403E+017       1.6168E+017
               1500.00     1.7163E+018       1.7686E+018
               1550.00     1.7295E+019       1.7485E+019
               1600.00     1.5889E+020       1.5751E+020
               1650.00     1.3406E+021       1.3024E+021
               1700.00     1.0454E+022       9.9486E+021
               1800.00     5.1316E+023       4.6810E+023
               1900.00     1.9544E+025       1.7067E+025
               2000.00     5.9613E+026       4.9787E+026
               2500.00     1.2285E+033       8.1498E+032

     ================================================================
              Partition Functions Including All Structures
        -----------------------------------------------------------
                    Zero of energy is set to ZPE
        -----------------------------------------------------------
        T(K)             Con-rovib                Total
                   MS-LH        MS-T       E+T+MS-LH    E+T+MS-T
        100.00  4.5114E+006  3.1436E+006  2.9664E+013  2.0670E+013
        125.00  1.5067E+007  1.0861E+007  1.7306E+014  1.2476E+014
        200.00  3.7274E+008  2.9817E+008  1.3864E+016  1.1091E+016
        298.15  1.3798E+010  1.2541E+010  1.3926E+018  1.2657E+018
        300.00  1.4709E+010  1.3399E+010  1.5077E+018  1.3734E+018
        500.00  9.2536E+012  1.0103E+013  3.4014E+021  3.7138E+021
        750.00  1.3652E+016  1.6270E+016  1.3828E+025  1.6480E+025
       1000.00  1.0776E+019  1.2776E+019  2.2407E+028  2.6565E+028
       1100.00  1.3225E+020  1.5402E+020  3.4897E+029  4.0642E+029
       1150.00  4.4842E+020  5.1635E+020  1.3224E+030  1.5227E+030
       1200.00  1.4888E+021  1.6926E+021  4.8832E+030  5.5519E+030
       1250.00  4.8422E+021  5.4288E+021  1.7589E+031  1.9720E+031
       1300.00  1.5436E+022  1.7047E+022  6.1846E+031  6.8301E+031
       1350.00  4.8253E+022  5.2439E+022  2.1246E+032  2.3089E+032
       1400.00  1.4799E+023  1.5812E+023  7.1362E+032  7.6249E+032
       1450.00  4.4551E+023  4.6764E+023  2.3453E+033  2.4618E+033
       1500.00  1.3171E+024  1.3572E+024  7.5469E+033  7.7769E+033
       1550.00  3.8258E+024  3.8678E+024  2.3794E+034  2.4056E+034
       1600.00  1.0924E+025  1.0829E+025  7.3551E+034  7.2911E+034
       1650.00  3.0672E+025  2.9798E+025  2.2303E+035  2.1668E+035
       1700.00  8.4730E+025  8.0636E+025  6.6387E+035  6.3179E+035
       1800.00  6.1679E+026  5.6263E+026  5.5749E+036  5.0854E+036
       1900.00  4.2275E+027  3.6917E+027  4.3741E+037  3.8197E+037
       2000.00  2.7367E+028  2.2856E+028  3.2191E+038  2.6885E+038
       2500.00  1.4538E+032  9.6447E+031  2.9873E+042  1.9818E+042
     ================================================================

                     ==============================
                          Thermodynamic Functions
                      (Ideal gas at standard state)
                     ==============================
     T  - Temperature (Kelvin)        G  - Gibbs Free Energy (kcal/mol)
     E  - Thermal Energy (kcal/mol)   H  - Enthalpy (kcal/mol)
     S  - Entropy (cal/(mol-K))
     Cp - Heat Capacity at Constant Pressure (cal/(mol-K))
        -----------------------------------------------------------
        Zero of energy is set to potential energy of global minimum
        -----------------------------------------------------------

               Contribution from electronic P.F. 
     ================================================================
                  T          G          E          S
                100.00      -0.138      0.000      1.377
                125.00      -0.172      0.000      1.377
                200.00      -0.275      0.000      1.377
                298.15      -0.411      0.000      1.377
                300.00      -0.413      0.000      1.377
                500.00      -0.689      0.000      1.377
                750.00      -1.033      0.000      1.377
               1000.00      -1.377      0.000      1.377
               1100.00      -1.515      0.000      1.377
               1150.00      -1.584      0.000      1.377
               1200.00      -1.653      0.000      1.377
               1250.00      -1.722      0.000      1.377
               1300.00      -1.791      0.000      1.377
               1350.00      -1.860      0.000      1.377
               1400.00      -1.928      0.000      1.377
               1450.00      -1.997      0.000      1.377
               1500.00      -2.066      0.000      1.377
               1550.00      -2.135      0.000      1.377
               1600.00      -2.204      0.000      1.377
               1650.00      -2.273      0.000      1.377
               1700.00      -2.342      0.000      1.377
               1800.00      -2.479      0.000      1.377
               1900.00      -2.617      0.000      1.377
               2000.00      -2.755      0.000      1.377
               2500.00      -3.444      0.000      1.377

               Contribution from translational P.F. 
     ================================================================
                  T          G          E          S
                100.00      -2.982      0.298     34.788
                125.00      -3.866      0.373     35.896
                200.00      -6.653      0.596     38.231
                298.15     -10.509      0.889     40.215
                300.00     -10.583      0.894     40.246
                500.00     -18.908      1.490     42.783
                750.00     -29.872      2.236     44.798
               1000.00     -41.259      2.981     46.227
               1100.00     -45.906      3.279     46.700
               1150.00     -48.246      3.428     46.921
               1200.00     -50.598      3.577     47.133
               1250.00     -52.959      3.726     47.336
               1300.00     -55.331      3.875     47.530
               1350.00     -57.712      4.024     47.718
               1400.00     -60.103      4.173     47.899
               1450.00     -62.502      4.322     48.073
               1500.00     -64.910      4.471     48.241
               1550.00     -67.326      4.620     48.404
               1600.00     -69.750      4.769     48.562
               1650.00     -72.182      4.918     48.715
               1700.00     -74.622      5.067     48.863
               1800.00     -79.522      5.365     49.147
               1900.00     -84.451      5.664     49.416
               2000.00     -89.405      5.962     49.671
               2500.00    -114.528      7.452     50.779

        Contribution from conformational-rovibrational P.F. (MS-LH)
     ================================================================
                  T          G          E          S
                100.00     104.324    108.363     40.393
                125.00     103.263    108.815     44.417
                200.00      99.524    110.515     54.953
                298.15      93.535    113.481     66.899
                300.00      93.411    113.546     67.115
                500.00      77.703    122.561     89.715
                750.00      51.996    138.543    115.396
               1000.00      20.281    158.079    137.798
               1100.00       6.091    166.605    145.921
               1150.00      -1.303    170.991    149.821
               1200.00      -8.889    175.452    153.617
               1250.00     -16.663    179.982    157.315
               1300.00     -24.619    184.575    160.919
               1350.00     -32.753    189.229    164.431
               1400.00     -41.061    193.938    167.856
               1450.00     -49.537    198.698    171.197
               1500.00     -58.179    203.507    174.457
               1550.00     -66.982    208.361    177.640
               1600.00     -75.942    213.256    180.749
               1650.00     -85.055    218.191    183.786
               1700.00     -94.319    223.162    186.754
               1800.00    -113.284    233.206    192.494
               1900.00    -132.810    243.370    197.989
               2000.00    -152.874    253.640    203.257
               2500.00    -260.549    306.215    226.706

        Contribution from conformational-rovibrational P.F. (MS-T)
     ================================================================
                  T          G          E          S
                100.00     104.396    108.390     39.941
                125.00     103.344    108.858     44.108
                200.00      99.613    110.624     55.056
                298.15      93.592    113.693     67.418
                300.00      93.467    113.759     67.641
                500.00      77.616    122.870     90.509
                750.00      51.734    138.685    115.934
               1000.00      19.943    157.797    137.854
               1100.00       5.758    166.096    145.761
               1150.00      -1.625    170.357    149.550
               1200.00      -9.195    174.686    153.235
               1250.00     -16.947    179.078    156.820
               1300.00     -24.875    183.528    160.310
               1350.00     -32.976    188.031    163.709
               1400.00     -41.245    192.584    167.021
               1450.00     -49.677    197.184    170.249
               1500.00     -58.268    201.827    173.397
               1550.00     -67.015    206.509    176.467
               1600.00     -75.914    211.229    179.464
               1650.00     -84.961    215.983    182.390
               1700.00     -94.152    220.770    185.248
               1800.00    -112.955    230.433    190.771
               1900.00    -132.298    240.202    196.053
               2000.00    -152.158    250.064    201.111
               2500.00    -258.510    300.435    223.578

     Total (Translational + Electronic + conformational-rovib.(MS-LH))
     ======================================================================
              T          G          E          H          S          Cp
            100.00     101.204    108.661    108.860     76.558     21.669
            125.00      99.225    109.188    109.436     81.690     24.340
            200.00      92.596    111.111    111.509     94.561     30.781
            298.15      82.616    114.370    114.962    108.491     39.870
            300.00      82.415    114.440    115.036    108.738     40.056
            500.00      58.107    124.051    125.045    133.876     59.509
            750.00      21.090    140.779    142.269    161.572     77.002
           1000.00     -22.355    161.059    163.047    185.402     88.454
           1100.00     -41.329    169.884    172.070    193.999     91.915
           1150.00     -51.133    174.419    176.704    198.119     93.458
           1200.00     -61.139    179.029    181.413    202.127     94.890
           1250.00     -71.344    183.708    186.192    206.028     96.220
           1300.00     -81.741    188.451    191.034    209.827     97.456
           1350.00     -92.325    193.253    195.936    213.526     98.605
           1400.00    -103.092    198.111    200.893    217.132     99.675
           1450.00    -114.036    203.021    205.902    220.647    100.672
           1500.00    -125.155    207.978    210.959    224.076    101.601
           1550.00    -136.443    212.981    216.061    227.422    102.469
           1600.00    -147.896    218.026    221.205    230.688    103.279
           1650.00    -159.510    223.109    226.388    233.878    104.036
           1700.00    -171.282    228.230    231.608    236.994    104.745
           1800.00    -195.285    238.571    242.148    243.019    106.030
           1900.00    -219.877    249.033    252.809    248.782    107.162
           2000.00    -245.034    259.602    263.576    254.305    108.162
           2500.00    -378.520    313.667    318.635    278.862    111.741

     Total (Translational + Electronic + conformational-rovib.(MS-T))
     ======================================================================
              T          G          E          H          S          Cp
            100.00     101.276    108.688    108.886     76.106     22.244
            125.00      99.306    109.230    109.479     81.381     25.056
            200.00      92.685    111.221    111.618     94.665     31.805
            298.15      82.673    114.581    115.174    109.010     40.834
            300.00      82.471    114.653    115.250    109.264     41.013
            500.00      58.020    124.361    125.354    134.669     59.454
            750.00      20.829    140.921    142.411    162.109     75.773
           1000.00     -22.694    160.778    162.765    185.459     86.331
           1100.00     -41.663    169.374    171.560    193.839     89.492
           1150.00     -51.455    173.785    176.070    197.848     90.895
           1200.00     -61.446    178.263    180.648    201.745     92.194
           1250.00     -71.628    182.804    185.288    205.533     93.397
           1300.00     -81.997    187.403    189.986    209.218     94.512
           1350.00     -92.548    192.055    194.738    212.805     95.546
           1400.00    -103.276    196.758    199.540    216.297     96.506
           1450.00    -114.176    201.506    204.388    219.699     97.399
           1500.00    -125.245    206.298    209.279    223.015     98.228
           1550.00    -136.477    211.129    214.210    226.249     99.001
           1600.00    -147.868    215.998    219.178    229.404     99.720
           1650.00    -159.416    220.902    224.181    232.483    100.391
           1700.00    -171.115    225.838    229.216    235.489    101.018
           1800.00    -194.957    235.799    239.376    241.296    102.150
           1900.00    -219.366    245.866    249.642    246.846    103.143
           2000.00    -244.318    256.026    260.000    252.159    104.016
           2500.00    -376.482    307.887    312.855    275.735    107.106

                        --------------------------------
                         Zero of energy is set to ZPE
                        --------------------------------

     Total (Translational + Electronic + conformational-rovib.(MS-LH))
     ======================================================================
              T          G          E          H          S          Cp
            100.00      -6.165      1.293      1.491     76.558     21.669
            125.00      -8.144      1.819      2.067     81.690     24.340
            200.00     -14.772      3.743      4.140     94.561     30.781
            298.15     -24.753      7.001      7.594    108.491     39.870
            300.00     -24.954      7.072      7.668    108.738     40.056
            500.00     -49.262     16.683     17.676    133.876     59.509
            750.00     -86.278     33.410     34.901    161.572     77.002
           1000.00    -129.724     53.691     55.678    185.402     88.454
           1100.00    -148.698     62.515     64.701    193.999     91.915
           1150.00    -158.501     67.050     69.336    198.119     93.458
           1200.00    -168.508     71.660     74.045    202.127     94.890
           1250.00    -178.712     76.339     78.823    206.028     96.220
           1300.00    -189.109     81.082     83.665    209.827     97.456
           1350.00    -199.693     85.884     88.567    213.526     98.605
           1400.00    -210.460     90.742     93.525    217.132     99.675
           1450.00    -221.405     95.652     98.534    220.647    100.672
           1500.00    -232.523    100.610    103.591    224.076    101.601
           1550.00    -243.811    105.612    108.693    227.422    102.469
           1600.00    -255.264    110.657    113.837    230.688    103.279
           1650.00    -266.879    115.741    119.020    233.878    104.036
           1700.00    -278.651    120.861    124.239    236.994    104.745
           1800.00    -302.654    131.203    134.780    243.019    106.030
           1900.00    -327.246    141.665    145.440    248.782    107.162
           2000.00    -352.402    152.233    156.208    254.305    108.162
           2500.00    -485.889    206.299    211.267    278.862    111.741

     Total (Translational + Electronic + conformational-rovib.(MS-T))
     ======================================================================
              T          G          E          H          S          Cp
            100.00      -6.093      1.319      1.518     76.106     22.244
            125.00      -8.062      1.862      2.110     81.381     25.056
            200.00     -14.683      3.852      4.249     94.665     31.805
            298.15     -24.696      7.213      7.805    109.010     40.834
            300.00     -24.898      7.285      7.881    109.264     41.013
            500.00     -49.349     16.992     17.986    134.669     59.454
            750.00     -86.540     33.552     35.042    162.109     75.773
           1000.00    -130.062     53.409     55.396    185.459     86.331
           1100.00    -149.031     62.006     64.192    193.839     89.492
           1150.00    -158.824     66.417     68.702    197.848     90.895
           1200.00    -168.814     70.895     73.280    201.745     92.194
           1250.00    -178.997     75.436     77.920    205.533     93.397
           1300.00    -189.366     80.034     82.618    209.218     94.512
           1350.00    -199.917     84.687     87.370    212.805     95.546
           1400.00    -210.645     89.389     92.171    216.297     96.506
           1450.00    -221.545     94.138     97.019    219.699     97.399
           1500.00    -232.613     98.929    101.910    223.015     98.228
           1550.00    -243.845    103.761    106.841    226.249     99.001
           1600.00    -255.237    108.630    111.809    229.404     99.720
           1650.00    -266.784    113.533    116.812    232.483    100.391
           1700.00    -278.484    118.469    121.848    235.489    101.018
           1800.00    -302.325    128.430    132.007    241.296    102.150
           1900.00    -326.735    138.497    142.273    246.846    103.143
           2000.00    -351.687    148.657    152.632    252.159    104.016
           2500.00    -483.851    200.519    205.487    275.735    107.106

 ==============================End of MSTor output==============================
