
 *******************************************************************************

   MSTor program version 2013 (2013)

   Jingjing Zheng, Steven L. Mielke, and Donald G. Truhlar

   Department of Chemistry and Supercomputing Institute
   University of Minnesota, Minneapolis, Minnesota, USA

   Copyright 2013
   Donald G. Truhlar and Regents of the University of Minnesota

   Citations: 
   MS-T(U) method
     J. Zheng, T. Yu, E. Papajak, I. M. Alecu, S. L. Mielke, and D. G. Truhlar,
     Phys. Chem. Chem. Phys. 13, 10885-10907 (2011).
   MS-T(C) method
     J. Zheng and D. G. Truhlar, J. Chem. Theory Comput., DOI: 10.1021/ct3010722.
   MSTor program
     J. Zheng, S. L. Mielke, K. L Clarkson, and D. G. Truhlar,
     Comp. Phys. Comm. 183, 1803-1812 (2012).
     J. Zheng, R. Meana-Paneda, and D. G. Truhlar, Comp. Phys. Comm.
     to be published as new version announcement.

 *******************************************************************************

                    Naming conventions for the MS methods
   -----------------------------------------------------------------------------
   Common name        Original or other names
   -----------------------------------------------------------------------------
   MS-LH         =    MS-HO (ref. 1)   =   MS-AS-HO (ref. 2)
   MS-T          =    MS-AS (ref. 1)   =   MS-AS-T  (ref. 2)
   -----------------------------------------------------------------------------
   Ref. 1: J. Zheng, T. Yu, E. Papajak, I. M. Alecu, S. L. Mielke, and
           D. G. Truhlar, Phys. Chem. Chem. Phys. 13, 10885 (2011).
   Ref. 2: T. Yu, J. Zheng, and D. G. Truhlar, Chem. Sci. 2, 2199 (2011)

   Calculation run on 01/24/2022 at 18:17:31  

   Number of structures:             2
   Number of torsions:               6
   Method:                           MS-T(C)
   Frequency scaling factor:         0.964
   Delta T for finite difference:    0.5 K
   Internal coordinates
     Bonds:         01-02  01-20  02-03  02-16  02-17  03-14  04-12  04-13  05-06
     Bonds:         05-08  06-07  07-10  07-11  09-21  01-19  03-15  07-09  03-04
     Bonds:         04-05  01-18
     Angles:        01-02-03  02-03-04  02-03-14  03-04-13  04-05-06  05-04-12
     Angles:        05-06-07  06-05-08  06-07-11  10-07-11  12-04-13  14-03-15
     Angles:        18-01-19  16-02-17  02-01-19  18-01-20  01-02-16  09-07-11
     Linear Angles: 07=09=21
     Dihedrals:     01-03-16-02  02-04-14-03  02-18-19-01  03-05-12-04
     Dihedrals:     03-05-13-04  03-16-17-02  04-06-08-05  04-14-15-03
     Dihedrals:     06-09-11-07  06-10-11-07  18-19-20-01  04-03-02-01
     Dihedrals:     05-04-03-02  06-05-04-03  07-06-05-04  09-07-06-05
     Dihedrals:     03-02-01-18

   All moment output uses units of amu for masses and Angstroms for distances 

                           ==========================
                                Structure   1
                           ==========================

   Normal-mode Frequencies (cm-1) 
   (Overall translation and rotation projected out)
    1451.0936i      0.0000i      0.0000i      0.0000i      0.0000       0.0000 
       0.0000      35.3619      70.4772      85.9701     114.5545     144.2421 
     213.5633     243.0887     251.9051     305.4397     317.9320     378.1965 
     517.3437     546.0111     575.2181     654.8991     736.3901     835.6072 
     839.0338     910.8022     933.5903    1019.9177    1066.7278    1067.1524 
    1093.6651    1107.6028    1140.4156    1172.7810    1207.5547    1222.1310 
    1245.5554    1252.4109    1267.8518    1303.5258    1311.0025    1383.1797 
    1392.4799    1399.0410    1431.7109    1441.4223    1455.2330    1468.7689 
    1475.3105    1481.4003    1571.9894    1836.2233    2993.4956    2999.4935 
    3008.5149    3017.5819    3041.5220    3058.4980    3067.6886    3078.8874 
    3079.7664    3085.2804    3194.5873 
   Torsion-projected frequencies/non-torsional frequencies (cm-1)
    1451.0591i    210.7002     251.3626     303.8738     312.8716     377.0318 
     517.2381     545.6318     573.2453     654.2031     735.1718     835.5892 
     839.0181     910.7734     933.5652    1019.9082    1066.7182    1067.1204 
    1093.6217    1107.5954    1140.4098    1172.7661    1207.5436    1222.1094 
    1245.5137    1252.3262    1267.7773    1303.5125    1310.9500    1383.1784 
    1392.4794    1399.0379    1431.7031    1441.4173    1455.2328    1468.7641 
    1475.3101    1481.3974    1571.9844    1836.2224    2993.4951    2999.4935 
    3008.5148    3017.5817    3041.5175    3058.4961    3067.6873    3078.8851 
    3079.7658    3085.2802    3194.5860 
   Product of consistently coupled torsional frequencies (in cm-1^ntor)  9.0242E+11
   Primitively coupled torsional frequencies (cm-1) (Not used)
      38.4216      83.0079      91.9110     123.4090     165.9015     245.6007 
   Product of primitively coupled torsional frequencies (in cm-1^ntor)   1.4740E+12
   Effective coupled torsional barrier (kcal/mol)
        1.754        2.744        2.794        4.710        8.064        8.907 

   D matrix: 
   m-n        1             2             3             4             5
    1   2.225723E+01 -2.951009E+00 -4.477268E+00 -1.963466E+00 -1.506189E+00
    2  -2.951009E+00  2.376791E+01  8.662762E+00  6.520384E+00  2.870714E+00
    3  -4.477268E+00  8.662762E+00  4.679392E+01 -1.159660E+01  5.662310E+00
    4  -1.963466E+00  6.520384E+00 -1.159660E+01  2.210547E+01  4.240739E+00
    5  -1.506189E+00  2.870714E+00  5.662310E+00  4.240739E+00  7.906865E+00
    6   1.405010E+00  2.214998E+00  4.949256E-01  5.189770E-01  1.351757E-01
   m-n        6
    1   1.405010E+00
    2   2.214998E+00
    3   4.949256E-01
    4   5.189770E-01
    5   1.351757E-01
    6   3.026075E+00

   Eigenvalues of D matrix:
     5.3705E+01    3.2010E+01    2.0694E+01    1.2290E+01    2.6394E+00    4.5192E+00
   Determinant of D matrix  3.968310E+029

          Uncoupled force constants (au), Pitzer moment of inertia (amu A^2),
   uncoupled torsional frequencies (cm-1), and uncoupled torsional barrier (kcal/mol)
   --------------------------------------------------------------------------------
   Torsion               1             2             3             4             5
   Force constant   2.17040E-02  3.76287E-02  1.11406E-02  3.71802E-02  1.28955E-02
   Moment          22.257       23.768       46.794       22.105        7.907
   Tor. Freq.        84.945      108.235       41.972      111.561      109.855
   Rot. barrier       4.693        8.136        2.409        8.039        2.788
   M_j,tau            2.409        2.409        2.409        2.409        2.409

   Torsion               6
   Force constant   2.08432E-02
   Moment           3.026
   Tor. Freq.       225.760
   Rot. barrier       2.907
   M_j,tau            3.000
   --------------------------------------------------------------------------------
   Potential Energy =   0.000 kcal/mol
   Weight =  2
   Overall rotational symmetry number =   1

                           ==========================
                                Structure   2
                           ==========================

   Normal-mode Frequencies (cm-1) 
   (Overall translation and rotation projected out)
    1451.0956i      0.0001i      0.0000i      0.0000i      0.0000i      0.0000 
       0.0000      34.2106      73.1812      90.7149     109.4496     148.7806 
     213.4900     243.6872     253.4756     304.7488     313.6632     380.4834 
     518.0621     545.0947     577.1061     654.4971     736.0999     834.9324 
     839.9998     911.4249     933.8733    1020.1498    1066.7842    1068.3546 
    1092.2911    1107.3889    1140.1041    1172.8613    1206.5058    1222.8538 
    1244.5622    1253.1120    1267.8664    1303.8308    1311.9621    1383.3893 
    1392.5887    1399.3607    1431.7957    1441.5117    1455.3380    1468.8344 
    1475.3239    1481.4351    1572.9185    1835.8106    2994.8635    2999.2245 
    3008.0852    3017.1252    3043.7533    3058.9076    3067.8003    3079.1739 
    3079.2764    3085.3271    3194.3551 
   Torsion-projected frequencies/non-torsional frequencies (cm-1)
    1451.0611i    212.1810     252.1598     303.8890     308.1725     379.2147 
     517.9301     544.8034     574.9222     653.8587     734.8878     834.9209 
     839.9702     911.3899     933.8486    1020.1405    1066.7712    1068.3183 
    1092.2529    1107.3827    1140.0992    1172.8438    1206.4881    1222.8417 
    1244.5230    1253.0350    1267.7918    1303.8169    1311.9088    1383.3868 
    1392.5871    1399.3579    1431.7831    1441.5095    1455.3378    1468.8303 
    1475.3235    1481.4331    1572.9130    1835.8098    2994.8628    2999.2244 
    3008.0850    3017.1249    3043.7474    3058.9051    3067.7990    3079.1708 
    3079.2757    3085.3269    3194.3537 
   Product of consistently coupled torsional frequencies (in cm-1^ntor)  9.4070E+11
   Primitively coupled torsional frequencies (cm-1) (Not used)
      37.8658      83.9523      97.3084     121.8146     167.1971     245.9714 
   Product of primitively coupled torsional frequencies (in cm-1^ntor)   1.5497E+12
   Effective coupled torsional barrier (kcal/mol)
        1.709        2.752        2.792        4.749        8.261        9.615 

   D matrix: 
   m-n        1             2             3             4             5
    1   2.193343E+01 -2.395714E+00 -3.312467E+00 -1.062398E+00 -1.084642E-01
    2  -2.395714E+00  2.327567E+01  7.528069E+00  6.125554E+00  1.747402E+00
    3  -3.312467E+00  7.528069E+00  4.620716E+01 -1.264513E+01  5.172068E+00
    4  -1.062398E+00  6.125554E+00 -1.264513E+01  2.181910E+01  3.592301E+00
    5  -1.084642E-01  1.747402E+00  5.172068E+00  3.592301E+00  7.649342E+00
    6   1.429963E+00  2.227558E+00  5.390292E-01  5.685665E-01  2.145775E-01
   m-n        6
    1   1.429963E+00
    2   2.227558E+00
    3   5.390292E-01
    4   5.685665E-01
    5   2.145775E-01
    6   3.030848E+00

   Eigenvalues of D matrix:
     5.2994E+01    3.0168E+01    2.1036E+01    2.6385E+00    4.5039E+00    1.2575E+01
   Determinant of D matrix  3.824200E+029

          Uncoupled force constants (au), Pitzer moment of inertia (amu A^2),
   uncoupled torsional frequencies (cm-1), and uncoupled torsional barrier (kcal/mol)
   --------------------------------------------------------------------------------
   Torsion               1             2             3             4             5
   Force constant   2.17058E-02  4.11319E-02  1.08879E-02  3.75435E-02  1.29354E-02
   Moment          21.933       23.276       46.207       21.819        7.649
   Tor. Freq.        85.574      114.352       41.756      112.838      111.862
   Rot. barrier       4.714        8.933        2.365        8.154        2.809
   M_j,tau            2.404        2.404        2.404        2.404        2.404

   Torsion               6
   Force constant   2.08192E-02
   Moment           3.031
   Tor. Freq.       225.452
   Rot. barrier       2.903
   M_j,tau            3.000
   --------------------------------------------------------------------------------
   Potential Energy =   0.001 kcal/mol
   Weight =  2
   Overall rotational symmetry number =   1

       List of zero-point inclusive energy (kcal/mol) for each structure
      ------------------------------------------------------------------
        Structure            Energy (T = 0 K)
      ------------------------------------------------------------------
          1                    107.43
          2                    107.45
      ZPE of the system =      107.43


     Note: The following SS-HO and SS-T include the Rot. P.F. and Boltzmann factor,
           but are calculated with weight = 1 for each structure. Weights are
           counted in MS partition functions. Zero of energy is set to the potential
           energy of global minimum.

            Partition function of structure    1
     ================================================================
          T(K)      Rot.          SS-HO           SS-T     SS-T/SS-HO
        100.00    8.7254E+004   1.2785E-229   8.6065E-230    0.673
        125.00    1.2194E+005   3.4659E-182   2.3985E-182    0.692
        200.00    2.4679E+005   1.7982E-110   1.3661E-110    0.760
        298.15    4.4920E+005   2.3527E-070   2.0343E-070    0.865
        300.00    4.5339E+005   7.6479E-070   6.6286E-070    0.867
        500.00    9.7553E+005   7.6677E-036   8.1979E-036    1.069
        750.00    1.7922E+006   4.4286E-017   5.4418E-017    1.229
       1000.00    2.7592E+006   2.1767E-006   2.8062E-006    1.289
       1100.00    3.1833E+006   3.5660E-003   4.6088E-003    1.292
       1150.00    3.4028E+006   1.0152E-001   1.3101E-001    1.290
       1200.00    3.6271E+006   2.3701E+000   3.0489E+000    1.286
       1250.00    3.8561E+006   4.6373E+001   5.9378E+001    1.280
       1300.00    4.0898E+006   7.7461E+002   9.8592E+002    1.273
       1350.00    4.3280E+006   1.1223E+004   1.4182E+004    1.264
       1400.00    4.5707E+006   1.4298E+005   1.7916E+005    1.253
       1450.00    4.8177E+006   1.6206E+006   2.0117E+006    1.241
       1500.00    5.0690E+006   1.6514E+007   2.0287E+007    1.228
       1550.00    5.3246E+006   1.5265E+008   1.8541E+008    1.215
       1600.00    5.5843E+006   1.2901E+009   1.5482E+009    1.200
       1650.00    5.8481E+006   1.0040E+010   1.1895E+010    1.185
       1700.00    6.1159E+006   7.2396E+010   8.4618E+010    1.169
       1800.00    6.6634E+006   3.0601E+012   3.4748E+012    1.136
       1900.00    7.2263E+006   1.0120E+014   1.1141E+014    1.101
       2000.00    7.8043E+006   2.7006E+015   2.8771E+015    1.065
       2500.00    1.0907E+007   3.1203E+021   2.7722E+021    0.888

            Partition function of structure    2
     ================================================================
          T(K)      Rot.          SS-HO           SS-T     SS-T/SS-HO
        100.00    8.8682E+004   1.1709E-229   7.8177E-230    0.668
        125.00    1.2394E+005   3.2179E-182   2.2091E-182    0.686
        200.00    2.5083E+005   1.7018E-110   1.2831E-110    0.754
        298.15    4.5655E+005   2.2482E-070   1.9277E-070    0.857
        300.00    4.6080E+005   7.3089E-070   6.2816E-070    0.859
        500.00    9.9149E+005   7.3796E-036   7.7895E-036    1.056
        750.00    1.8215E+006   4.2753E-017   5.1563E-017    1.206
       1000.00    2.8044E+006   2.1041E-006   2.6513E-006    1.260
       1100.00    3.2354E+006   3.4483E-003   4.3510E-003    1.262
       1150.00    3.4584E+006   9.8187E-002   1.2365E-001    1.259
       1200.00    3.6864E+006   2.2925E+000   2.8770E+000    1.255
       1250.00    3.9192E+006   4.4860E+001   5.6021E+001    1.249
       1300.00    4.1567E+006   7.4941E+002   9.3009E+002    1.241
       1350.00    4.3988E+006   1.0859E+004   1.3378E+004    1.232
       1400.00    4.6454E+006   1.3835E+005   1.6901E+005    1.222
       1450.00    4.8965E+006   1.5683E+006   1.8979E+006    1.210
       1500.00    5.1519E+006   1.5982E+007   1.9141E+007    1.198
       1550.00    5.4117E+006   1.4774E+008   1.7497E+008    1.184
       1600.00    5.6756E+006   1.2487E+009   1.4613E+009    1.170
       1650.00    5.9437E+006   9.7183E+009   1.1230E+010    1.156
       1700.00    6.2159E+006   7.0080E+010   7.9907E+010    1.140
       1800.00    6.7724E+006   2.9624E+012   3.2833E+012    1.108
       1900.00    7.3445E+006   9.7978E+013   1.0534E+014    1.075
       2000.00    7.9319E+006   2.6148E+015   2.7225E+015    1.041
       2500.00    1.1085E+007   3.0219E+021   2.6346E+021    0.872

     ================================================================
              Partition Functions Including All Structures
        -----------------------------------------------------------
        Zero of energy is set to potential energy of global minimum
        -----------------------------------------------------------
        T(K)    Elec.        Trans.              Con-rovib
                                            MS-LH    or     MS-T
        100.00  2.0000E+000  3.2877E+006  4.8987E-229  3.2848E-229
        125.00  2.0000E+000  5.7434E+006  1.3368E-181  9.2151E-182
        200.00  2.0000E+000  1.8598E+007  7.0000E-110  5.2985E-110
        298.15  2.0000E+000  5.0464E+007  9.2018E-070  7.9241E-070
        300.00  2.0000E+000  5.1250E+007  2.9914E-069  2.5820E-069
        500.00  2.0000E+000  1.8379E+008  3.0095E-035  3.1975E-035
        750.00  2.0000E+000  5.0646E+008  1.7408E-016  2.1196E-016
       1000.00  2.0000E+000  1.0397E+009  8.5616E-006  1.0915E-005
       1100.00  2.0000E+000  1.3194E+009  1.4029E-002  1.7920E-002
       1150.00  2.0000E+000  1.4745E+009  3.9942E-001  5.0932E-001
       1200.00  2.0000E+000  1.6400E+009  9.3253E+000  1.1852E+001
       1250.00  2.0000E+000  1.8162E+009  1.8246E+002  2.3080E+002
       1300.00  2.0000E+000  2.0033E+009  3.0480E+003  3.8320E+003
       1350.00  2.0000E+000  2.2015E+009  4.4164E+004  5.5119E+004
       1400.00  2.0000E+000  2.4111E+009  5.6265E+005  6.9634E+005
       1450.00  2.0000E+000  2.6322E+009  6.3780E+006  7.8192E+006
       1500.00  2.0000E+000  2.8650E+009  6.4992E+007  7.8856E+007
       1550.00  2.0000E+000  3.1097E+009  6.0077E+008  7.2077E+008
       1600.00  2.0000E+000  3.3666E+009  5.0776E+009  6.0190E+009
       1650.00  2.0000E+000  3.6358E+009  3.9516E+010  4.6249E+010
       1700.00  2.0000E+000  3.9175E+009  2.8495E+011  3.2905E+011
       1800.00  2.0000E+000  4.5193E+009  1.2045E+013  1.3516E+013
       1900.00  2.0000E+000  5.1734E+009  3.9835E+014  4.3349E+014
       2000.00  2.0000E+000  5.8812E+009  1.0631E+016  1.1199E+016
       2500.00  2.0000E+000  1.0274E+010  1.2285E+022  1.0814E+022

             Total Partition Function (E + T + Con-rovib)
             ---------------------------------------------
                T(K)     E + T + MS-LH     E + T + MS-T
                100.00     3.2211E-222       2.1599E-222
                125.00     1.5355E-174       1.0585E-174
                200.00     2.6037E-102       1.9708E-102
                298.15     9.2871E-062       7.9976E-062
                300.00     3.0661E-061       2.6466E-061
                500.00     1.1062E-026       1.1753E-026
                750.00     1.7633E-007       2.1470E-007
               1000.00     1.7802E+004       2.2696E+004
               1100.00     3.7019E+007       4.7286E+007
               1150.00     1.1779E+009       1.5020E+009
               1200.00     3.0587E+010       3.8874E+010
               1250.00     6.6279E+011       8.3836E+011
               1300.00     1.2212E+013       1.5354E+013
               1350.00     1.9446E+014       2.4269E+014
               1400.00     2.7132E+015       3.3579E+015
               1450.00     3.3576E+016       4.1163E+016
               1500.00     3.7240E+017       4.5184E+017
               1550.00     3.7364E+018       4.4828E+018
               1600.00     3.4189E+019       4.0527E+019
               1650.00     2.8735E+020       3.3630E+020
               1700.00     2.2326E+021       2.5781E+021
               1800.00     1.0887E+023       1.2217E+023
               1900.00     4.1217E+024       4.4852E+024
               2000.00     1.2504E+026       1.3173E+026
               2500.00     2.5242E+032       2.2220E+032

     ================================================================
              Partition Functions Including All Structures
        -----------------------------------------------------------
                    Zero of energy is set to ZPE
        -----------------------------------------------------------
        T(K)             Con-rovib                Total
                   MS-LH        MS-T       E+T+MS-LH    E+T+MS-T
        100.00  2.9982E+006  2.0105E+006  1.9715E+013  1.3220E+013
        125.00  9.0258E+006  6.2220E+006  1.0368E+014  7.1470E+013
        200.00  1.7318E+008  1.3108E+008  6.4415E+015  4.8757E+015
        298.15  5.1493E+009  4.4343E+009  5.1970E+017  4.4754E+017
        300.00  5.4718E+009  4.7230E+009  5.6086E+017  4.8411E+017
        500.00  2.7280E+012  2.8984E+012  1.0027E+021  1.0654E+021
        750.00  3.5128E+015  4.2772E+015  3.5582E+024  4.3325E+024
       1000.00  2.5777E+018  3.2863E+018  5.3599E+027  6.8332E+027
       1100.00  3.0993E+019  3.9590E+019  8.1785E+028  1.0447E+029
       1150.00  1.0415E+020  1.3281E+020  3.0714E+029  3.9165E+029
       1200.00  3.4295E+020  4.3586E+020  1.1249E+030  1.4296E+030
       1250.00  1.1069E+021  1.4002E+021  4.0208E+030  5.0859E+030
       1300.00  3.5038E+021  4.4050E+021  1.4038E+031  1.7649E+031
       1350.00  1.0881E+022  1.3580E+022  4.7911E+031  5.9796E+031
       1400.00  3.3168E+022  4.1049E+022  1.5994E+032  1.9795E+032
       1450.00  9.9283E+022  1.2172E+023  5.2265E+032  6.4076E+032
       1500.00  2.9195E+023  3.5423E+023  1.6729E+033  2.0297E+033
       1550.00  8.4380E+023  1.0123E+024  5.2480E+033  6.2962E+033
       1600.00  2.3979E+024  2.8425E+024  1.6146E+034  1.9139E+034
       1650.00  6.7032E+024  7.8452E+024  4.8743E+034  5.7047E+034
       1700.00  1.8440E+025  2.1294E+025  1.4448E+035  1.6684E+035
       1800.00  1.3320E+026  1.4947E+026  1.2040E+036  1.3510E+036
       1900.00  9.0671E+026  9.8668E+026  9.3815E+036  1.0209E+037
       2000.00  5.8332E+027  6.1450E+027  6.8612E+037  7.2280E+037
       2500.00  3.0257E+031  2.6634E+031  6.2173E+041  5.4728E+041
     ================================================================

                     ==============================
                          Thermodynamic Functions
                      (Ideal gas at standard state)
                     ==============================
     T  - Temperature (Kelvin)        G  - Gibbs Free Energy (kcal/mol)
     E  - Thermal Energy (kcal/mol)   H  - Enthalpy (kcal/mol)
     S  - Entropy (cal/(mol-K))
     Cp - Heat Capacity at Constant Pressure (cal/(mol-K))
        -----------------------------------------------------------
        Zero of energy is set to potential energy of global minimum
        -----------------------------------------------------------

               Contribution from electronic P.F. 
     ================================================================
                  T          G          E          S
                100.00      -0.138      0.000      1.377
                125.00      -0.172      0.000      1.377
                200.00      -0.275      0.000      1.377
                298.15      -0.411      0.000      1.377
                300.00      -0.413      0.000      1.377
                500.00      -0.689      0.000      1.377
                750.00      -1.033      0.000      1.377
               1000.00      -1.377      0.000      1.377
               1100.00      -1.515      0.000      1.377
               1150.00      -1.584      0.000      1.377
               1200.00      -1.653      0.000      1.377
               1250.00      -1.722      0.000      1.377
               1300.00      -1.791      0.000      1.377
               1350.00      -1.860      0.000      1.377
               1400.00      -1.928      0.000      1.377
               1450.00      -1.997      0.000      1.377
               1500.00      -2.066      0.000      1.377
               1550.00      -2.135      0.000      1.377
               1600.00      -2.204      0.000      1.377
               1650.00      -2.273      0.000      1.377
               1700.00      -2.342      0.000      1.377
               1800.00      -2.479      0.000      1.377
               1900.00      -2.617      0.000      1.377
               2000.00      -2.755      0.000      1.377
               2500.00      -3.444      0.000      1.377

               Contribution from translational P.F. 
     ================================================================
                  T          G          E          S
                100.00      -2.982      0.298     34.788
                125.00      -3.866      0.373     35.896
                200.00      -6.653      0.596     38.231
                298.15     -10.509      0.889     40.215
                300.00     -10.583      0.894     40.246
                500.00     -18.908      1.490     42.783
                750.00     -29.872      2.236     44.798
               1000.00     -41.259      2.981     46.227
               1100.00     -45.906      3.279     46.700
               1150.00     -48.246      3.428     46.921
               1200.00     -50.598      3.577     47.133
               1250.00     -52.959      3.726     47.336
               1300.00     -55.331      3.875     47.530
               1350.00     -57.712      4.024     47.718
               1400.00     -60.103      4.173     47.899
               1450.00     -62.502      4.322     48.073
               1500.00     -64.910      4.471     48.241
               1550.00     -67.326      4.620     48.404
               1600.00     -69.750      4.769     48.562
               1650.00     -72.182      4.918     48.715
               1700.00     -74.622      5.067     48.863
               1800.00     -79.522      5.365     49.147
               1900.00     -84.451      5.664     49.416
               2000.00     -89.405      5.962     49.671
               2500.00    -114.528      7.452     50.779

        Contribution from conformational-rovibrational P.F. (MS-LH)
     ================================================================
                  T          G          E          S
                100.00     104.469    108.340     38.717
                125.00     103.454    108.756     42.414
                200.00      99.893    110.354     52.307
                298.15      94.183    113.237     63.909
                300.00      94.064    113.301     64.121
                500.00      78.981    122.239     86.517
                750.00      54.083    138.181    112.132
               1000.00      23.187    157.698    134.510
               1100.00       9.327    166.218    142.629
               1150.00       2.097    170.603    146.526
               1200.00      -5.324    175.061    150.321
               1250.00     -12.933    179.589    154.018
               1300.00     -20.725    184.182    157.620
               1350.00     -28.694    188.833    161.131
               1400.00     -36.836    193.541    164.555
               1450.00     -45.148    198.300    167.895
               1500.00     -53.624    203.108    171.155
               1550.00     -62.262    207.960    174.337
               1600.00     -71.057    212.855    177.445
               1650.00     -80.005    217.788    180.481
               1700.00     -89.104    222.759    183.449
               1800.00    -107.738    232.801    189.188
               1900.00    -126.933    242.963    194.682
               2000.00    -146.667    253.232    199.949
               2500.00    -252.688    305.802    223.396

        Contribution from conformational-rovibrational P.F. (MS-T)
     ================================================================
                  T          G          E          S
                100.00     104.548    108.361     38.135
                125.00     103.546    108.791     41.959
                200.00     100.003    110.459     52.277
                298.15      94.271    113.461     64.362
                300.00      94.152    113.527     64.582
                500.00      78.920    122.635     87.429
                750.00      53.789    138.553    113.019
               1000.00      22.705    157.814    135.110
               1100.00       8.792    166.176    143.077
               1150.00       1.542    170.469    146.893
               1200.00      -5.896    174.829    150.604
               1250.00     -13.517    179.251    154.214
               1300.00     -21.316    183.731    157.728
               1350.00     -29.288    188.263    161.149
               1400.00     -37.429    192.844    164.481
               1450.00     -45.735    197.471    167.728
               1500.00     -54.201    202.140    170.894
               1550.00     -62.823    206.848    173.981
               1600.00     -71.598    211.592    176.994
               1650.00     -80.521    216.370    179.934
               1700.00     -89.590    221.180    182.806
               1800.00    -108.150    230.886    188.353
               1900.00    -127.252    240.694    193.656
               2000.00    -146.874    250.592    198.733
               2500.00    -252.054    301.100    221.262

     Total (Translational + Electronic + conformational-rovib.(MS-LH))
     ======================================================================
              T          G          E          H          S          Cp
            100.00     101.349    108.638    108.837     74.882     20.281
            125.00      99.416    109.128    109.377     79.687     22.835
            200.00      92.965    110.950    111.348     91.916     29.659
            298.15      83.263    114.126    114.719    105.501     39.249
            300.00      83.068    114.195    114.791    105.744     39.441
            500.00      59.384    123.729    124.723    130.677     59.271
            750.00      23.177    140.417    141.908    158.307     76.897
           1000.00     -19.449    160.678    162.666    182.115     88.397
           1100.00     -38.094    169.497    171.683    190.707     91.868
           1150.00     -47.733    174.031    176.316    194.825     93.416
           1200.00     -57.575    178.638    181.023    198.832     94.852
           1250.00     -67.614    183.315    185.799    202.731     96.185
           1300.00     -77.846    188.057    190.640    206.528     97.424
           1350.00     -88.265    192.858    195.540    210.227     98.576
           1400.00     -98.867    197.714    200.496    213.831     99.648
           1450.00    -109.647    202.622    205.504    217.346    100.647
           1500.00    -120.600    207.579    210.560    220.773    101.578
           1550.00    -131.723    212.581    215.661    224.119    102.447
           1600.00    -143.011    217.624    220.804    227.384    103.259
           1650.00    -154.460    222.707    225.986    230.573    104.017
           1700.00    -166.067    227.826    231.204    233.689    104.727
           1800.00    -189.739    238.166    241.743    239.712    106.015
           1900.00    -214.001    248.627    252.402    245.475    107.149
           2000.00    -238.826    259.194    263.168    250.997    108.150
           2500.00    -370.659    313.254    318.223    275.553    111.734

     Total (Translational + Electronic + conformational-rovib.(MS-T))
     ======================================================================
              T          G          E          H          S          Cp
            100.00     101.428    108.660    108.858     74.300     20.767
            125.00      99.508    109.164    109.412     79.233     23.505
            200.00      93.076    111.055    111.453     91.886     30.786
            298.15      83.352    114.350    114.942    105.955     40.453
            300.00      83.156    114.421    115.017    106.205     40.641
            500.00      59.324    124.126    125.119    131.590     59.696
            750.00      22.884    140.789    142.279    159.194     76.311
           1000.00     -19.932    160.795    162.782    182.714     86.961
           1100.00     -38.629    169.455    171.641    191.155     90.120
           1150.00     -48.289    173.897    176.182    195.192     91.518
           1200.00     -58.147    178.406    180.791    199.114     92.807
           1250.00     -68.198    182.977    185.461    202.927     93.998
           1300.00     -78.438    187.606    190.189    206.636     95.099
           1350.00     -88.860    192.287    194.970    210.244     96.117
           1400.00     -99.461    197.017    199.799    213.757     97.061
           1450.00    -110.234    201.793    204.675    217.178     97.935
           1500.00    -121.177    206.611    209.592    220.512     98.747
           1550.00    -132.284    211.468    214.548    223.763     99.500
           1600.00    -143.552    216.362    219.541    226.933    100.201
           1650.00    -154.976    221.289    224.568    230.026    100.854
           1700.00    -166.553    226.247    229.626    233.046    101.462
           1800.00    -190.152    236.251    239.828    238.878    102.559
           1900.00    -214.320    246.357    250.133    244.449    103.518
           2000.00    -239.034    256.553    260.528    249.781    104.359
           2500.00    -370.026    308.552    313.520    273.418    107.324

                        --------------------------------
                         Zero of energy is set to ZPE
                        --------------------------------

     Total (Translational + Electronic + conformational-rovib.(MS-LH))
     ======================================================================
              T          G          E          H          S          Cp
            100.00      -6.083      1.206      1.405     74.882     20.281
            125.00      -8.017      1.696      1.944     79.687     22.835
            200.00     -14.468      3.518      3.916     91.916     29.659
            298.15     -24.169      6.694      7.286    105.501     39.249
            300.00     -24.364      6.763      7.359    105.744     39.441
            500.00     -48.048     16.297     17.291    130.677     59.271
            750.00     -84.255     32.985     34.475    158.307     76.897
           1000.00    -126.881     53.246     55.233    182.115     88.397
           1100.00    -145.526     62.065     64.251    190.707     91.868
           1150.00    -155.165     66.598     68.884    194.825     93.416
           1200.00    -165.007     71.206     73.591    198.832     94.852
           1250.00    -175.047     75.883     78.367    202.731     96.185
           1300.00    -185.278     80.624     83.208    206.528     97.424
           1350.00    -195.698     85.425     88.108    210.227     98.576
           1400.00    -206.299     90.282     93.064    213.831     99.648
           1450.00    -217.079     95.190     98.072    217.346    100.647
           1500.00    -228.033    100.147    103.128    220.773    101.578
           1550.00    -239.155    105.148    108.229    224.119    102.447
           1600.00    -250.443    110.192    113.371    227.384    103.259
           1650.00    -261.892    115.275    118.554    230.573    104.017
           1700.00    -273.499    120.394    123.772    233.689    104.727
           1800.00    -297.172    130.734    134.311    239.712    106.015
           1900.00    -321.433    141.194    144.970    245.475    107.149
           2000.00    -346.259    151.762    155.736    250.997    108.150
           2500.00    -478.091    205.822    210.790    275.553    111.734

     Total (Translational + Electronic + conformational-rovib.(MS-T))
     ======================================================================
              T          G          E          H          S          Cp
            100.00      -6.004      1.227      1.426     74.300     20.767
            125.00      -7.924      1.732      1.980     79.233     23.505
            200.00     -14.357      3.623      4.020     91.886     30.786
            298.15     -24.080      6.918      7.510    105.955     40.453
            300.00     -24.276      6.989      7.585    106.205     40.641
            500.00     -48.108     16.693     17.687    131.590     59.696
            750.00     -84.548     33.357     34.847    159.194     76.311
           1000.00    -127.364     53.363     55.350    182.714     86.961
           1100.00    -146.062     62.023     64.209    191.155     90.120
           1150.00    -155.721     66.465     68.750    195.192     91.518
           1200.00    -165.579     70.974     73.359    199.114     92.807
           1250.00    -175.630     75.545     78.029    202.927     93.998
           1300.00    -185.870     80.173     82.757    206.636     95.099
           1350.00    -196.292     84.855     87.538    210.244     96.117
           1400.00    -206.893     89.585     92.367    213.757     97.061
           1450.00    -217.667     94.361     97.242    217.178     97.935
           1500.00    -228.609     99.179    102.160    220.512     98.747
           1550.00    -239.716    104.036    107.116    223.763     99.500
           1600.00    -250.984    108.929    112.109    226.933    100.201
           1650.00    -262.409    113.857    117.135    230.026    100.854
           1700.00    -273.986    118.815    122.194    233.046    101.462
           1800.00    -297.584    128.819    132.396    238.878    102.559
           1900.00    -321.753    138.925    142.701    244.449    103.518
           2000.00    -346.466    149.121    153.095    249.781    104.359
           2500.00    -477.458    201.120    206.088    273.418    107.324

 ==============================End of MSTor output==============================
