
 *******************************************************************************

   MSTor program version 2013 (2013)

   Jingjing Zheng, Steven L. Mielke, and Donald G. Truhlar

   Department of Chemistry and Supercomputing Institute
   University of Minnesota, Minneapolis, Minnesota, USA

   Copyright 2013
   Donald G. Truhlar and Regents of the University of Minnesota

   Citations: 
   MS-T(U) method
     J. Zheng, T. Yu, E. Papajak, I. M. Alecu, S. L. Mielke, and D. G. Truhlar,
     Phys. Chem. Chem. Phys. 13, 10885-10907 (2011).
   MS-T(C) method
     J. Zheng and D. G. Truhlar, J. Chem. Theory Comput., DOI: 10.1021/ct3010722.
   MSTor program
     J. Zheng, S. L. Mielke, K. L Clarkson, and D. G. Truhlar,
     Comp. Phys. Comm. 183, 1803-1812 (2012).
     J. Zheng, R. Meana-Paneda, and D. G. Truhlar, Comp. Phys. Comm.
     to be published as new version announcement.

 *******************************************************************************

                    Naming conventions for the MS methods
   -----------------------------------------------------------------------------
   Common name        Original or other names
   -----------------------------------------------------------------------------
   MS-LH         =    MS-HO (ref. 1)   =   MS-AS-HO (ref. 2)
   MS-T          =    MS-AS (ref. 1)   =   MS-AS-T  (ref. 2)
   -----------------------------------------------------------------------------
   Ref. 1: J. Zheng, T. Yu, E. Papajak, I. M. Alecu, S. L. Mielke, and
           D. G. Truhlar, Phys. Chem. Chem. Phys. 13, 10885 (2011).
   Ref. 2: T. Yu, J. Zheng, and D. G. Truhlar, Chem. Sci. 2, 2199 (2011)

   Calculation run on 01/24/2022 at 18:12:34  

   Number of structures:            11
   Number of torsions:               6
   Method:                           MS-T(C)
   Frequency scaling factor:         0.964
   Delta T for finite difference:    0.5 K
   Internal coordinates
     Bonds:         01-02  01-20  02-03  02-16  02-17  03-14  04-12  04-13  05-06
     Bonds:         05-08  06-07  07-10  07-11  09-21  01-19  03-15  07-09  03-04
     Bonds:         04-05  01-18
     Angles:        01-02-03  02-03-04  02-03-14  03-04-13  04-05-06  05-04-12
     Angles:        05-06-07  06-05-08  06-07-11  10-07-11  12-04-13  14-03-15
     Angles:        18-01-19  16-02-17  02-01-19  18-01-20  01-02-16  09-07-11
     Linear Angles: 07=09=21
     Dihedrals:     01-03-16-02  02-04-14-03  02-18-19-01  03-05-12-04
     Dihedrals:     03-05-13-04  03-16-17-02  04-06-08-05  04-14-15-03
     Dihedrals:     06-09-11-07  06-10-11-07  18-19-20-01  04-03-02-01
     Dihedrals:     05-04-03-02  06-05-04-03  07-06-05-04  09-07-06-05
     Dihedrals:     03-02-01-18

   All moment output uses units of amu for masses and Angstroms for distances 

                           ==========================
                                Structure   1
                           ==========================

   Normal-mode Frequencies (cm-1) 
   (Overall translation and rotation projected out)
    1451.0936i      0.0000i      0.0000i      0.0000i      0.0000       0.0000 
       0.0000      35.3619      70.4772      85.9701     114.5545     144.2421 
     213.5633     243.0887     251.9051     305.4397     317.9320     378.1965 
     517.3437     546.0111     575.2181     654.8991     736.3901     835.6072 
     839.0338     910.8022     933.5903    1019.9177    1066.7278    1067.1524 
    1093.6651    1107.6028    1140.4156    1172.7810    1207.5547    1222.1310 
    1245.5554    1252.4109    1267.8518    1303.5258    1311.0025    1383.1797 
    1392.4799    1399.0410    1431.7109    1441.4223    1455.2330    1468.7689 
    1475.3105    1481.4003    1571.9894    1836.2233    2993.4956    2999.4935 
    3008.5149    3017.5819    3041.5220    3058.4980    3067.6886    3078.8874 
    3079.7664    3085.2804    3194.5873 
   Torsion-projected frequencies/non-torsional frequencies (cm-1)
    1451.0591i    210.7002     251.3626     303.8738     312.8716     377.0318 
     517.2381     545.6318     573.2453     654.2031     735.1718     835.5892 
     839.0181     910.7734     933.5652    1019.9082    1066.7182    1067.1204 
    1093.6217    1107.5954    1140.4098    1172.7661    1207.5436    1222.1094 
    1245.5137    1252.3262    1267.7773    1303.5125    1310.9500    1383.1784 
    1392.4794    1399.0379    1431.7031    1441.4173    1455.2328    1468.7641 
    1475.3101    1481.3974    1571.9844    1836.2224    2993.4951    2999.4935 
    3008.5148    3017.5817    3041.5175    3058.4961    3067.6873    3078.8851 
    3079.7658    3085.2802    3194.5860 
   Product of consistently coupled torsional frequencies (in cm-1^ntor)  9.0242E+11
   Primitively coupled torsional frequencies (cm-1) (Not used)
      38.4216      83.0079      91.9110     123.4090     165.9015     245.6007 
   Product of primitively coupled torsional frequencies (in cm-1^ntor)   1.4740E+12
   Effective coupled torsional barrier (kcal/mol)
        1.754        2.744        2.794        4.710        8.064        8.907 

   D matrix: 
   m-n        1             2             3             4             5
    1   2.225723E+01 -2.951009E+00 -4.477268E+00 -1.963466E+00 -1.506189E+00
    2  -2.951009E+00  2.376791E+01  8.662762E+00  6.520384E+00  2.870714E+00
    3  -4.477268E+00  8.662762E+00  4.679392E+01 -1.159660E+01  5.662310E+00
    4  -1.963466E+00  6.520384E+00 -1.159660E+01  2.210547E+01  4.240739E+00
    5  -1.506189E+00  2.870714E+00  5.662310E+00  4.240739E+00  7.906865E+00
    6   1.405010E+00  2.214998E+00  4.949256E-01  5.189770E-01  1.351757E-01
   m-n        6
    1   1.405010E+00
    2   2.214998E+00
    3   4.949256E-01
    4   5.189770E-01
    5   1.351757E-01
    6   3.026075E+00

   Eigenvalues of D matrix:
     5.3705E+01    3.2010E+01    2.0694E+01    1.2290E+01    2.6394E+00    4.5192E+00
   Determinant of D matrix  3.968310E+029

          Uncoupled force constants (au), Pitzer moment of inertia (amu A^2),
   uncoupled torsional frequencies (cm-1), and uncoupled torsional barrier (kcal/mol)
   --------------------------------------------------------------------------------
   Torsion               1             2             3             4             5
   Force constant   2.17040E-02  3.76287E-02  1.11406E-02  3.71802E-02  1.28955E-02
   Moment          22.257       23.768       46.794       22.105        7.907
   Tor. Freq.        84.945      108.235       41.972      111.561      109.855
   Rot. barrier       4.693        8.136        2.409        8.039        2.788
   M_j,tau            2.409        2.409        2.409        2.409        2.409

   Torsion               6
   Force constant   2.08432E-02
   Moment           3.026
   Tor. Freq.       225.760
   Rot. barrier       2.907
   M_j,tau            3.000
   --------------------------------------------------------------------------------
   Potential Energy =   0.000 kcal/mol
   Weight =  2
   Overall rotational symmetry number =   1

                           ==========================
                                Structure   2
                           ==========================

   Normal-mode Frequencies (cm-1) 
   (Overall translation and rotation projected out)
    1451.0956i      0.0001i      0.0000i      0.0000i      0.0000i      0.0000 
       0.0000      34.2106      73.1812      90.7149     109.4496     148.7806 
     213.4900     243.6872     253.4756     304.7488     313.6632     380.4834 
     518.0621     545.0947     577.1061     654.4971     736.0999     834.9324 
     839.9998     911.4249     933.8733    1020.1498    1066.7842    1068.3546 
    1092.2911    1107.3889    1140.1041    1172.8613    1206.5058    1222.8538 
    1244.5622    1253.1120    1267.8664    1303.8308    1311.9621    1383.3893 
    1392.5887    1399.3607    1431.7957    1441.5117    1455.3380    1468.8344 
    1475.3239    1481.4351    1572.9185    1835.8106    2994.8635    2999.2245 
    3008.0852    3017.1252    3043.7533    3058.9076    3067.8003    3079.1739 
    3079.2764    3085.3271    3194.3551 
   Torsion-projected frequencies/non-torsional frequencies (cm-1)
    1451.0611i    212.1810     252.1598     303.8890     308.1725     379.2147 
     517.9301     544.8034     574.9222     653.8587     734.8878     834.9209 
     839.9702     911.3899     933.8486    1020.1405    1066.7712    1068.3183 
    1092.2529    1107.3827    1140.0992    1172.8438    1206.4881    1222.8417 
    1244.5230    1253.0350    1267.7918    1303.8169    1311.9088    1383.3868 
    1392.5871    1399.3579    1431.7831    1441.5095    1455.3378    1468.8303 
    1475.3235    1481.4331    1572.9130    1835.8098    2994.8628    2999.2244 
    3008.0850    3017.1249    3043.7474    3058.9051    3067.7990    3079.1708 
    3079.2757    3085.3269    3194.3537 
   Product of consistently coupled torsional frequencies (in cm-1^ntor)  9.4070E+11
   Primitively coupled torsional frequencies (cm-1) (Not used)
      37.8658      83.9523      97.3084     121.8146     167.1971     245.9714 
   Product of primitively coupled torsional frequencies (in cm-1^ntor)   1.5497E+12
   Effective coupled torsional barrier (kcal/mol)
        1.709        2.752        2.792        4.749        8.261        9.615 

   D matrix: 
   m-n        1             2             3             4             5
    1   2.193343E+01 -2.395714E+00 -3.312467E+00 -1.062398E+00 -1.084642E-01
    2  -2.395714E+00  2.327567E+01  7.528069E+00  6.125554E+00  1.747402E+00
    3  -3.312467E+00  7.528069E+00  4.620716E+01 -1.264513E+01  5.172068E+00
    4  -1.062398E+00  6.125554E+00 -1.264513E+01  2.181910E+01  3.592301E+00
    5  -1.084642E-01  1.747402E+00  5.172068E+00  3.592301E+00  7.649342E+00
    6   1.429963E+00  2.227558E+00  5.390292E-01  5.685665E-01  2.145775E-01
   m-n        6
    1   1.429963E+00
    2   2.227558E+00
    3   5.390292E-01
    4   5.685665E-01
    5   2.145775E-01
    6   3.030848E+00

   Eigenvalues of D matrix:
     5.2994E+01    3.0168E+01    2.1036E+01    2.6385E+00    4.5039E+00    1.2575E+01
   Determinant of D matrix  3.824200E+029

          Uncoupled force constants (au), Pitzer moment of inertia (amu A^2),
   uncoupled torsional frequencies (cm-1), and uncoupled torsional barrier (kcal/mol)
   --------------------------------------------------------------------------------
   Torsion               1             2             3             4             5
   Force constant   2.17058E-02  4.11319E-02  1.08879E-02  3.75435E-02  1.29354E-02
   Moment          21.933       23.276       46.207       21.819        7.649
   Tor. Freq.        85.574      114.352       41.756      112.838      111.862
   Rot. barrier       4.714        8.933        2.365        8.154        2.809
   M_j,tau            2.404        2.404        2.404        2.404        2.404

   Torsion               6
   Force constant   2.08192E-02
   Moment           3.031
   Tor. Freq.       225.452
   Rot. barrier       2.903
   M_j,tau            3.000
   --------------------------------------------------------------------------------
   Potential Energy =   0.001 kcal/mol
   Weight =  2
   Overall rotational symmetry number =   1

                           ==========================
                                Structure   3
                           ==========================

   Normal-mode Frequencies (cm-1) 
   (Overall translation and rotation projected out)
    1450.4608i      0.0001i      0.0001i      0.0000i      0.0000i      0.0000 
       0.0000      30.7790      64.8332      92.1676     110.6372     116.8015 
     148.7858     241.4600     260.5165     299.0132     319.9087     364.7526 
     485.6226     544.5277     573.5217     699.7127     717.8230     788.9657 
     889.2742     919.2437     920.4321    1035.4356    1068.9931    1078.1687 
    1094.6034    1111.1387    1137.5402    1173.1717    1209.6151    1211.8422 
    1239.3944    1255.5458    1284.6573    1287.9537    1304.6529    1362.5661 
    1396.7022    1409.3778    1433.8502    1441.2419    1463.6806    1470.8897 
    1474.9303    1484.3036    1571.0863    1838.6738    2989.8889    3001.4515 
    3010.2740    3018.0576    3024.6363    3047.8777    3068.6995    3079.1365 
    3079.7458    3085.6469    3193.8573 
   Torsion-projected frequencies/non-torsional frequencies (cm-1)
    1450.4280i    104.0733     258.8590     297.3594     316.2663     363.4668 
     485.5136     544.1589     570.9336     699.6842     716.0649     788.8441 
     889.2702     919.0984     920.4054    1035.4350    1068.9623    1078.1679 
    1094.5679    1111.1098    1137.5391    1173.1552    1209.6033    1211.8158 
    1239.3824    1255.4213    1284.6453    1287.9097    1304.6240    1362.5654 
    1396.7021    1409.3770    1433.8501    1441.2392    1463.6806    1470.8897 
    1474.9278    1484.3035    1571.0809    1838.6733    2989.8889    3001.4515 
    3010.2740    3018.0575    3024.6356    3047.8737    3068.6986    3079.1359 
    3079.7446    3085.6469    3193.8559 
   Product of consistently coupled torsional frequencies (in cm-1^ntor)  8.5009E+11
   Primitively coupled torsional frequencies (cm-1) (Not used)
      34.6337      70.9562     110.9254     121.8245     166.9215     245.8532 
   Product of primitively coupled torsional frequencies (in cm-1^ntor)   1.3628E+12
   Effective coupled torsional barrier (kcal/mol)
        0.924        2.340        2.674        3.071        4.359        6.906 

   D matrix: 
   m-n        1             2             3             4             5
    1   1.981018E+01 -4.055477E+00  1.603080E+01 -5.138528E+00  1.667891E+00
    2  -4.055477E+00  2.135308E+01 -4.760329E+00  9.899731E+00  8.106105E-01
    3   1.603080E+01 -4.760329E+00  3.121684E+01 -1.276643E+01  2.960316E+00
    4  -5.138528E+00  9.899731E+00 -1.276643E+01  2.321747E+01  4.025466E+00
    5   1.667891E+00  8.106105E-01  2.960316E+00  4.025466E+00  7.426689E+00
    6   9.837832E-01  2.265353E+00  1.245347E+00  4.016525E-01  2.634246E-01
   m-n        6
    1   9.837832E-01
    2   2.265353E+00
    3   1.245347E+00
    4   4.016525E-01
    5   2.634246E-01
    6   3.016104E+00

   Eigenvalues of D matrix:
     5.2764E+01    2.4450E+01    1.3869E+01    8.2316E+00    4.1408E+00    2.5854E+00
   Determinant of D matrix  1.199768E+029

          Uncoupled force constants (au), Pitzer moment of inertia (amu A^2),
   uncoupled torsional frequencies (cm-1), and uncoupled torsional barrier (kcal/mol)
   --------------------------------------------------------------------------------
   Torsion               1             2             3             4             5
   Force constant   2.21858E-02  1.65758E-02  5.71780E-03  3.67284E-02  1.29208E-02
   Moment          19.810       21.353       31.217       23.217        7.427
   Tor. Freq.        91.033       75.790       36.815      108.193      113.462
   Rot. barrier       4.098        3.062        1.056        6.784        2.386
   M_j,tau            2.607        2.607        2.607        2.607        2.607

   Torsion               6
   Force constant   2.07138E-02
   Moment           3.016
   Tor. Freq.       225.430
   Rot. barrier       2.888
   M_j,tau            3.000
   --------------------------------------------------------------------------------
   Potential Energy =   0.111 kcal/mol
   Weight =  2
   Overall rotational symmetry number =   1

                           ==========================
                                Structure   4
                           ==========================

   Normal-mode Frequencies (cm-1) 
   (Overall translation and rotation projected out)
    1450.5735i      0.0001i      0.0000i      0.0000i      0.0000i      0.0000i
       0.0000      31.6969      49.0909      95.7260     115.6836     155.5793 
     195.4871     259.6179     280.5337     314.5910     359.4839     396.7700 
     482.6286     544.3182     579.0321     657.9900     746.3365     824.6262 
     842.2408     910.8014     942.4565     980.9996    1067.9467    1073.2960 
    1091.5923    1096.9505    1141.0926    1172.7256    1191.7298    1218.5857 
    1240.0739    1247.9952    1266.4771    1299.5090    1346.5348    1374.5310 
    1392.9735    1399.0168    1434.3237    1441.7420    1453.5085    1469.5497 
    1478.4926    1484.1537    1572.3224    1835.3289    2999.2342    3007.9784 
    3013.3688    3020.9493    3052.8719    3062.3103    3077.0258    3079.2287 
    3079.9597    3084.7661    3194.3859 
   Torsion-projected frequencies/non-torsional frequencies (cm-1)
    1450.5389i    193.0768     278.1154     307.7857     357.7599     395.8930 
     481.5399     543.9470     576.9042     657.8830     745.7552     824.6000 
     842.1442     910.7352     942.4356     980.9293    1067.9170    1073.2439 
    1091.5497    1096.9374    1141.0858    1172.7086    1191.7194    1218.5673 
    1240.0411    1247.9248    1266.4005    1299.4817    1346.5315    1374.5302 
    1392.9575    1399.0140    1434.2786    1441.7382    1453.4999    1469.5350 
    1478.4461    1484.1467    1572.3167    1835.3282    2999.2320    3007.9783 
    3013.3659    3020.9475    3052.8686    3062.3090    3077.0236    3079.2280 
    3079.9583    3084.7636    3194.3846 
   Product of consistently coupled torsional frequencies (in cm-1^ntor)  7.3776E+11
   Primitively coupled torsional frequencies (cm-1) (Not used)
      34.2396      54.1404     104.8871     134.5809     171.3783     265.0899 
   Product of primitively coupled torsional frequencies (in cm-1^ntor)   1.1888E+12
   Effective coupled torsional barrier (kcal/mol)
        1.543        2.150        2.822        5.084        8.395        9.917 

   D matrix: 
   m-n        1             2             3             4             5
    1   2.679722E+01  2.185784E+01 -7.460761E+00  7.139605E+00  2.574860E-01
    2   2.185784E+01  4.524465E+01  7.556087E+00  1.262644E+01  3.091397E+00
    3  -7.460761E+00  7.556087E+00  4.348285E+01 -1.091201E+01  4.897250E+00
    4   7.139605E+00  1.262644E+01 -1.091201E+01  2.335290E+01  4.240046E+00
    5   2.574860E-01  3.091397E+00  4.897250E+00  4.240046E+00  7.701000E+00
    6   1.361191E+00 -2.993319E-01  6.753235E-01 -2.529787E-01  9.256859E-02
   m-n        6
    1   1.361191E+00
    2  -2.993319E-01
    3   6.753235E-01
    4  -2.529787E-01
    5   9.256859E-02
    6   3.077186E+00

   Eigenvalues of D matrix:
     6.5158E+01    5.0299E+01    1.8495E+01    8.5821E+00    2.6966E+00    4.4250E+00
   Determinant of D matrix  4.723425E+029

          Uncoupled force constants (au), Pitzer moment of inertia (amu A^2),
   uncoupled torsional frequencies (cm-1), and uncoupled torsional barrier (kcal/mol)
   --------------------------------------------------------------------------------
   Torsion               1             2             3             4             5
   Force constant   2.30287E-02  3.81345E-02  1.05342E-02  3.75409E-02  1.30095E-02
   Moment          26.797       45.245       43.483       23.353        7.701
   Tor. Freq.        79.744       78.973       42.340      109.066      111.805
   Rot. barrier       5.098        8.442        2.332        8.311        2.880
   M_j,tau            2.381        2.381        2.381        2.381        2.381

   Torsion               6
   Force constant   2.04180E-02
   Moment           3.077
   Tor. Freq.       221.582
   Rot. barrier       2.847
   M_j,tau            3.000
   --------------------------------------------------------------------------------
   Potential Energy =   0.671 kcal/mol
   Weight =  2
   Overall rotational symmetry number =   1

                           ==========================
                                Structure   5
                           ==========================

   Normal-mode Frequencies (cm-1) 
   (Overall translation and rotation projected out)
    1451.2365i      0.0000i      0.0000i      0.0000       0.0000       0.0000 
       0.0001      32.9641      49.9727      88.9507     125.0616     150.6705 
     197.0993     260.6877     279.5996     319.3530     357.2042     397.7547 
     482.2711     545.5358     576.6776     658.2872     746.5558     825.1769 
     841.6347     909.6106     942.9428     981.1602    1066.4105    1073.6071 
    1091.9429    1098.0953    1141.4670    1172.4708    1193.0702    1218.3453 
    1240.8136    1248.1517    1266.5152    1299.5487    1346.3547    1374.6691 
    1393.0152    1399.0307    1434.3997    1441.6363    1453.7543    1469.5335 
    1478.6308    1484.2117    1571.5810    1835.7497    2999.2556    3008.6034 
    3013.4542    3021.7883    3052.6251    3062.7178    3076.8701    3079.6205 
    3079.8708    3084.1622    3194.5908 
   Torsion-projected frequencies/non-torsional frequencies (cm-1)
    1451.2013i    193.1526     277.5210     313.7488     354.3504     397.1074 
     481.3822     545.0963     574.6488     658.1590     745.9726     825.1447 
     841.5413     909.5484     942.9221     981.0902    1066.3793    1073.5614 
    1091.9102    1098.0673    1141.4603    1172.4550    1193.0608    1218.3214 
    1240.7879    1248.0680    1266.4409    1299.5216    1346.3511    1374.6683 
    1392.9967    1399.0287    1434.3631    1441.6280    1453.7457    1469.5187 
    1478.5868    1484.2046    1571.5760    1835.7489    2999.2534    3008.6033 
    3013.4510    3021.7864    3052.6214    3062.7165    3076.8681    3079.6193 
    3079.8700    3084.1596    3194.5894 
   Product of consistently coupled torsional frequencies (in cm-1^ntor)  7.6655E+11
   Primitively coupled torsional frequencies (cm-1) (Not used)
      35.2140      54.5739     101.4586     137.8982     170.9127     265.4750 
   Product of primitively coupled torsional frequencies (in cm-1^ntor)   1.2200E+12
   Effective coupled torsional barrier (kcal/mol)
        1.662        2.180        2.874        5.257        8.587       10.208 

   D matrix: 
   m-n        1             2             3             4             5
    1   2.659918E+01  2.112428E+01 -7.723040E+00  6.046017E+00 -2.198331E-01
    2   2.112428E+01  4.482395E+01  8.505469E+00  1.199585E+01  3.597186E+00
    3  -7.723040E+00  8.505469E+00  4.437563E+01 -9.733311E+00  5.584542E+00
    4   6.046017E+00  1.199585E+01 -9.733311E+00  2.293463E+01  4.564725E+00
    5  -2.198331E-01  3.597186E+00  5.584542E+00  4.564725E+00  7.917704E+00
    6   1.355676E+00 -3.448449E-01  6.252810E-01 -3.362172E-01  1.488783E-02
   m-n        6
    1   1.355676E+00
    2  -3.448449E-01
    3   6.252810E-01
    4  -3.362172E-01
    5   1.488783E-02
    6   3.075653E+00

   Eigenvalues of D matrix:
     6.3473E+01    5.1118E+01    1.9703E+01    8.2786E+00    2.7012E+00    4.4519E+00
   Determinant of D matrix  4.843075E+029

          Uncoupled force constants (au), Pitzer moment of inertia (amu A^2),
   uncoupled torsional frequencies (cm-1), and uncoupled torsional barrier (kcal/mol)
   --------------------------------------------------------------------------------
   Torsion               1             2             3             4             5
   Force constant   2.33672E-02  3.85684E-02  1.08483E-02  3.75383E-02  1.28993E-02
   Moment          26.599       44.824       44.376       22.935        7.918
   Tor. Freq.        80.626       79.793       42.532      110.052      109.796
   Rot. barrier       5.293        8.737        2.457        8.503        2.922
   M_j,tau            2.354        2.354        2.354        2.354        2.354

   Torsion               6
   Force constant   2.04806E-02
   Moment           3.076
   Tor. Freq.       221.977
   Rot. barrier       2.856
   M_j,tau            3.000
   --------------------------------------------------------------------------------
   Potential Energy =   0.680 kcal/mol
   Weight =  2
   Overall rotational symmetry number =   1

                           ==========================
                                Structure   6
                           ==========================

   Normal-mode Frequencies (cm-1) 
   (Overall translation and rotation projected out)
    1450.4755i      0.0000i      0.0000i      0.0000i      0.0000       0.0000 
       0.0000      28.2199      56.6361      95.2168     107.0945     140.0450 
     148.0680     236.8264     278.5279     313.4616     330.3418     418.5777 
     443.6844     544.6610     574.6951     696.6211     741.7525     785.7892 
     878.3518     912.3810     933.7770     986.4777    1069.4362    1085.9788 
    1098.3205    1109.6777    1131.6798    1173.2291    1201.0140    1211.4560 
    1241.2250    1256.8172    1275.5660    1295.8933    1330.9505    1356.5575 
    1397.3832    1405.8297    1434.8093    1440.5860    1463.7586    1467.6190 
    1477.9049    1483.2764    1570.9299    1838.2543    2996.7900    3000.7845 
    3010.7851    3018.5957    3042.7431    3053.4621    3073.7185    3078.4185 
    3079.0870    3084.9332    3193.7933 
   Torsion-projected frequencies/non-torsional frequencies (cm-1)
    1450.4418i    158.4255     265.0206     307.8689     328.5387     417.6640 
     442.7837     544.2716     571.5990     696.5114     741.3714     785.3204 
     878.3310     912.3690     933.6574     986.3300    1069.3865    1085.9694 
    1098.2719    1109.6377    1131.6766    1173.2115    1201.0070    1211.4381 
    1241.2030    1256.6852    1275.5082    1295.8467    1330.9391    1356.5488 
    1397.3811    1405.8258    1434.8089    1440.5830    1463.7519    1467.6164 
    1477.8991    1483.2712    1570.9246    1838.2538    2996.7899    3000.7829 
    3010.7836    3018.5954    3042.7429    3053.4568    3073.7172    3078.4173 
    3079.0864    3084.9319    3193.7920 
   Product of consistently coupled torsional frequencies (in cm-1^ntor)  5.5031E+11
   Primitively coupled torsional frequencies (cm-1) (Not used)
      33.0254      58.4070     109.7864     119.2666     165.5412     244.3057 
   Product of primitively coupled torsional frequencies (in cm-1^ntor)   1.0215E+12
   Effective coupled torsional barrier (kcal/mol)
        0.902        2.308        2.377        2.655        5.580        6.804 

   D matrix: 
   m-n        1             2             3             4             5
    1   1.929824E+01  7.737541E+00  1.310205E+01  1.032836E+00  2.397369E+00
    2   7.737541E+00  3.469032E+01  5.147488E+00  1.233326E+01  2.806675E+00
    3   1.310205E+01  5.147488E+00  2.800779E+01 -7.855847E+00  3.387851E+00
    4   1.032836E+00  1.233326E+01 -7.855847E+00  2.291601E+01  4.732803E+00
    5   2.397369E+00  2.806675E+00  3.387851E+00  4.732803E+00  7.615629E+00
    6   1.272003E+00 -4.629334E-01  8.620511E-01 -3.015518E-01  5.509395E-02
   m-n        6
    1   1.272003E+00
    2  -4.629334E-01
    3   8.620511E-01
    4  -3.015518E-01
    5   5.509395E-02
    6   3.077756E+00

   Eigenvalues of D matrix:
     4.7157E+01    3.8376E+01    1.4023E+01    8.9290E+00    4.1843E+00    2.9353E+00
   Determinant of D matrix  2.117849E+029

          Uncoupled force constants (au), Pitzer moment of inertia (amu A^2),
   uncoupled torsional frequencies (cm-1), and uncoupled torsional barrier (kcal/mol)
   --------------------------------------------------------------------------------
   Torsion               1             2             3             4             5
   Force constant   2.47584E-02  1.68742E-02  5.64208E-03  3.66333E-02  1.28844E-02
   Moment          19.298       34.690       28.008       22.916        7.616
   Tor. Freq.        97.433       59.995       38.609      108.761      111.888
   Rot. barrier       4.518        3.079        1.029        6.684        2.351
   M_j,tau            2.623        2.623        2.623        2.623        2.623

   Torsion               6
   Force constant   2.12628E-02
   Moment           3.078
   Tor. Freq.       226.099
   Rot. barrier       2.965
   M_j,tau            3.000
   --------------------------------------------------------------------------------
   Potential Energy =   0.688 kcal/mol
   Weight =  2
   Overall rotational symmetry number =   1

                           ==========================
                                Structure   7
                           ==========================

   Normal-mode Frequencies (cm-1) 
   (Overall translation and rotation projected out)
    1450.6305i      0.0001i      0.0000i      0.0000i      0.0000i      0.0000 
       0.0001      28.8376      56.5070      93.5977     108.9456     141.7639 
     146.7887     238.1381     275.8279     314.6620     331.4628     418.1566 
     443.9570     544.5978     574.7460     697.4574     740.9862     785.7625 
     878.6722     912.9883     933.3975     986.7041    1069.2319    1085.9634 
    1097.9404    1109.4795    1132.5935    1173.3638    1200.8609    1211.4321 
    1241.1634    1256.7624    1275.6825    1296.2102    1331.0643    1356.5225 
    1397.6896    1405.8815    1434.7488    1440.7503    1463.8029    1467.6824 
    1478.0183    1483.5126    1571.0371    1838.2971    2996.2845    3001.1367 
    3010.9723    3018.9867    3042.6013    3053.1777    3073.4224    3078.8650 
    3079.0478    3084.9968    3193.7799 
   Torsion-projected frequencies/non-torsional frequencies (cm-1)
    1450.5972i    158.3416     263.2789     309.2075     328.9999     417.1844 
     443.1205     544.2207     571.7004     697.3352     740.6241     785.2918 
     878.6489     912.9738     933.2772     986.5536    1069.1794    1085.9513 
    1097.9019    1109.4390    1132.5885    1173.3446    1200.8525    1211.4149 
    1241.1436    1256.6384    1275.6143    1296.1659    1331.0535    1356.5134 
    1397.6865    1405.8780    1434.7480    1440.7476    1463.7963    1467.6797 
    1478.0119    1483.5064    1571.0318    1838.2966    2996.2844    3001.1350 
    3010.9707    3018.9865    3042.6011    3053.1723    3073.4210    3078.8639 
    3079.0470    3084.9954    3193.7785 
   Product of consistently coupled torsional frequencies (in cm-1^ntor)  5.6545E+11
   Primitively coupled torsional frequencies (cm-1) (Not used)
      33.6524      58.2645     109.3574     120.1540     165.4499     245.2898 
   Product of primitively coupled torsional frequencies (in cm-1^ntor)   1.0456E+12
   Effective coupled torsional barrier (kcal/mol)
        0.974        2.438        2.452        2.798        5.935        7.256 

   D matrix: 
   m-n        1             2             3             4             5
    1   1.878360E+01  7.268647E+00  1.276126E+01 -5.797526E-03  1.730266E+00
    2   7.268647E+00  3.486383E+01  4.824099E+00  1.254934E+01  2.676053E+00
    3   1.276126E+01  4.824099E+00  2.772557E+01 -8.423656E+00  2.944119E+00
    4  -5.797526E-03  1.254934E+01 -8.423656E+00  2.316107E+01  4.701970E+00
    5   1.730266E+00  2.676053E+00  2.944119E+00  4.701970E+00  7.500273E+00
    6   1.286260E+00 -4.288517E-01  8.787601E-01 -2.227358E-01  1.234526E-01
   m-n        6
    1   1.286260E+00
    2  -4.288517E-01
    3   8.787601E-01
    4  -2.227358E-01
    5   1.234526E-01
    6   3.079574E+00

   Eigenvalues of D matrix:
     4.6164E+01    3.9245E+01    1.3389E+01    9.1942E+00    4.1869E+00    2.9348E+00
   Determinant of D matrix  2.085342E+029

          Uncoupled force constants (au), Pitzer moment of inertia (amu A^2),
   uncoupled torsional frequencies (cm-1), and uncoupled torsional barrier (kcal/mol)
   --------------------------------------------------------------------------------
   Torsion               1             2             3             4             5
   Force constant   2.49146E-02  1.70222E-02  5.72554E-03  3.66918E-02  1.28557E-02
   Moment          18.784       34.864       27.726       23.161        7.500
   Tor. Freq.        99.070       60.107       39.091      108.271      112.620
   Rot. barrier       4.836        3.304        1.111        7.122        2.495
   M_j,tau            2.543        2.543        2.543        2.543        2.543

   Torsion               6
   Force constant   2.13878E-02
   Moment           3.080
   Tor. Freq.       226.695
   Rot. barrier       2.982
   M_j,tau            3.000
   --------------------------------------------------------------------------------
   Potential Energy =   0.690 kcal/mol
   Weight =  2
   Overall rotational symmetry number =   1

                           ==========================
                                Structure   8
                           ==========================

   Normal-mode Frequencies (cm-1) 
   (Overall translation and rotation projected out)
    1448.6258i      0.0000i      0.0000i      0.0000i      0.0000       0.0000 
       0.0000      34.5919      62.2159      87.1681     101.1184     148.6491 
     202.6578     244.3387     257.5028     313.6997     327.1621     393.6340 
     497.0601     542.1476     613.0029     665.7963     742.6890     835.2170 
     842.4032     880.8611     937.6058    1007.6657    1056.0639    1075.6435 
    1089.3064    1116.9365    1152.4595    1176.9297    1207.4183    1228.3603 
    1244.3994    1250.4927    1279.9781    1306.5435    1322.0743    1353.2272 
    1387.3415    1398.7186    1437.6604    1442.6343    1461.4074    1467.0390 
    1475.2697    1481.3164    1568.8570    1838.0540    2992.8604    3000.0652 
    3010.8401    3023.3614    3030.1878    3061.4673    3077.3761    3079.8768 
    3086.6351    3094.0393    3194.6570 
   Torsion-projected frequencies/non-torsional frequencies (cm-1)
    1448.5925i    199.7120     256.7328     307.6334     323.0363     392.4853 
     496.0518     541.7624     612.5023     664.6463     741.6550     835.1873 
     842.3941     880.8158     937.5639    1007.6462    1056.0556    1075.6117 
    1089.2607    1116.9144    1152.4527    1176.9177    1207.3941    1228.3476 
    1244.3463    1250.3741    1279.9552    1306.4862    1322.0546    1353.2086 
    1387.3410    1398.7167    1437.6566    1442.6008    1461.4052    1467.0364 
    1475.2689    1481.3154    1568.8513    1838.0535    2992.8601    3000.0652 
    3010.8396    3023.3611    3030.1871    3061.4663    3077.3744    3079.8762 
    3086.6350    3094.0389    3194.6557 
   Product of consistently coupled torsional frequencies (in cm-1^ntor)  7.3163E+11
   Primitively coupled torsional frequencies (cm-1) (Not used)
      43.3499      84.6970      89.7766     121.1974     168.7865     244.7402 
   Product of primitively coupled torsional frequencies (in cm-1^ntor)   1.6503E+12
   Effective coupled torsional barrier (kcal/mol)
        2.448        2.806        2.995        5.395        7.693        8.506 

   D matrix: 
   m-n        1             2             3             4             5
    1   2.264308E+01 -4.909502E+00 -1.032113E+01  7.009724E+00 -7.606987E-02
    2  -4.909502E+00  3.034457E+01  2.090987E+01 -1.263568E+01  1.128990E+00
    3  -1.032113E+01  2.090987E+01  4.438510E+01 -8.969003E+00  5.063654E+00
    4   7.009724E+00 -1.263568E+01 -8.969003E+00  2.426173E+01  5.014431E+00
    5  -7.606987E-02  1.128990E+00  5.063654E+00  5.014431E+00  7.840509E+00
    6   1.320359E+00  2.618685E+00  1.052896E+00 -4.262322E-01  1.401252E-01
   m-n        6
    1   1.320359E+00
    2   2.618685E+00
    3   1.052896E+00
    4  -4.262322E-01
    5   1.401252E-01
    6   3.063395E+00

   Eigenvalues of D matrix:
     6.8606E+01    2.4943E+01    2.0508E+01    1.1014E+01    2.6362E+00    4.8310E+00
   Determinant of D matrix  3.745669E+029

          Uncoupled force constants (au), Pitzer moment of inertia (amu A^2),
   uncoupled torsional frequencies (cm-1), and uncoupled torsional barrier (kcal/mol)
   --------------------------------------------------------------------------------
   Torsion               1             2             3             4             5
   Force constant   2.33790E-02  3.26467E-02  1.21313E-02  3.61660E-02  1.31266E-02
   Moment          22.643       30.345       44.385       24.262        7.841
   Tor. Freq.        87.408       89.225       44.972      105.025      111.304
   Rot. barrier       5.368        7.495        2.785        8.304        3.014
   M_j,tau            2.338        2.338        2.338        2.338        2.338

   Torsion               6
   Force constant   2.06384E-02
   Moment           3.063
   Tor. Freq.       223.276
   Rot. barrier       2.878
   M_j,tau            3.000
   --------------------------------------------------------------------------------
   Potential Energy =   0.741 kcal/mol
   Weight =  2
   Overall rotational symmetry number =   1

                           ==========================
                                Structure   9
                           ==========================

   Normal-mode Frequencies (cm-1) 
   (Overall translation and rotation projected out)
    1451.8624i      0.0000i      0.0000i      0.0000i      0.0000       0.0000 
       0.0000      34.4024      67.5689      87.6732     101.3446     150.0293 
     203.3025     244.8505     255.8250     305.9234     336.1453     395.9741 
     498.8393     543.9555     605.6129     664.4810     741.9534     836.8123 
     842.1346     879.3383     936.6933    1008.3610    1056.0163    1073.4834 
    1090.0815    1116.8983    1151.8274    1176.8138    1207.7170    1229.9804 
    1245.4650    1251.0555    1280.4451    1305.9376    1320.7292    1354.6228 
    1387.4307    1398.3414    1437.6775    1441.4536    1461.4290    1467.1990 
    1475.2504    1481.4493    1571.9708    1837.5795    2993.5146    3000.3878 
    3011.0083    3022.9193    3030.4062    3061.8619    3077.9669    3078.9803 
    3086.2648    3092.7398    3193.6246 
   Torsion-projected frequencies/non-torsional frequencies (cm-1)
    1451.8252i    197.9683     254.7052     298.1678     334.9009     395.0021 
     497.6223     543.3002     605.3439     663.2447     740.9032     836.7824 
     842.1175     879.2978     936.6568    1008.3409    1056.0087    1073.4385 
    1090.0511    1116.8711    1151.8185    1176.8022    1207.6927    1229.9619 
    1245.4217    1250.9332    1280.4224    1305.8815    1320.7087    1354.6093 
    1387.4301    1398.3398    1437.6734    1441.4189    1461.4240    1467.1962 
    1475.2492    1481.4478    1571.9659    1837.5788    2993.5142    3000.3878 
    3011.0079    3022.9191    3030.4051    3061.8610    3077.9652    3078.9798 
    3086.2648    3092.7392    3193.6232 
   Product of consistently coupled torsional frequencies (in cm-1^ntor)  8.1435E+11
   Primitively coupled torsional frequencies (cm-1) (Not used)
      42.8448      88.1143      90.9221     123.0546     170.4554     244.9781 
   Product of primitively coupled torsional frequencies (in cm-1^ntor)   1.7638E+12
   Effective coupled torsional barrier (kcal/mol)
        2.381        2.819        2.849        5.243        8.181        8.545 

   D matrix: 
   m-n        1             2             3             4             5
    1   2.278645E+01 -5.003731E+00 -1.096161E+01  5.590244E+00 -1.098459E+00
    2  -5.003731E+00  3.007612E+01  2.107524E+01 -1.163605E+01  1.353584E+00
    3  -1.096161E+01  2.107524E+01  4.599119E+01 -7.328704E+00  6.264767E+00
    4   5.590244E+00 -1.163605E+01 -7.328704E+00  2.185404E+01  4.528489E+00
    5  -1.098459E+00  1.353584E+00  6.264767E+00  4.528489E+00  7.976953E+00
    6   1.320755E+00  2.592980E+00  9.712540E-01 -5.859446E-01  1.565430E-02
   m-n        6
    1   1.320755E+00
    2   2.592980E+00
    3   9.712540E-01
    4  -5.859446E-01
    5   1.565430E-02
    6   3.060489E+00

   Eigenvalues of D matrix:
     6.8444E+01    2.0494E+01    2.4558E+01    1.0772E+01    2.6382E+00    4.8386E+00
   Determinant of D matrix  3.604452E+029

          Uncoupled force constants (au), Pitzer moment of inertia (amu A^2),
   uncoupled torsional frequencies (cm-1), and uncoupled torsional barrier (kcal/mol)
   --------------------------------------------------------------------------------
   Torsion               1             2             3             4             5
   Force constant   2.31094E-02  3.47873E-02  1.25870E-02  3.78535E-02  1.29627E-02
   Moment          22.786       30.076       45.991       21.854        7.977
   Tor. Freq.        86.629       92.513       45.002      113.212      109.657
   Rot. barrier       5.169        7.781        2.815        8.466        2.899
   M_j,tau            2.369        2.369        2.369        2.369        2.369

   Torsion               6
   Force constant   2.07004E-02
   Moment           3.060
   Tor. Freq.       223.717
   Rot. barrier       2.887
   M_j,tau            3.000
   --------------------------------------------------------------------------------
   Potential Energy =   0.832 kcal/mol
   Weight =  2
   Overall rotational symmetry number =   1

                           ==========================
                                Structure  10
                           ==========================

   Normal-mode Frequencies (cm-1) 
   (Overall translation and rotation projected out)
    1451.7342i      0.0000i      0.0000i      0.0000       0.0000       0.0000 
       0.0000      26.1479      73.2004      74.6198     107.2984     116.6300 
     162.6960     238.9505     261.4687     313.9156     325.7061     372.2750 
     439.6037     544.3499     653.8791     720.4199     736.3625     784.6871 
     868.1272     903.9267     929.1914    1027.2672    1067.2307    1071.9937 
    1086.9766    1115.8972    1153.0704    1177.4274    1208.1086    1230.8713 
    1243.7289    1256.2650    1278.9062    1305.9538    1314.3540    1341.8683 
    1387.9480    1397.1587    1437.2235    1450.2074    1465.7925    1473.4280 
    1475.0206    1484.5062    1569.2637    1838.5101    2993.1509    3001.3703 
    3005.9192    3024.1356    3029.4497    3058.6595    3079.2862    3079.6179 
    3086.4070    3099.9010    3193.9160 
   Torsion-projected frequencies/non-torsional frequencies (cm-1)
    1451.7047i    143.2921     259.5180     308.2765     323.7855     370.7452 
     438.7759     543.9093     653.4001     718.9239     735.8675     784.5613 
     868.1030     903.9183     929.1328    1027.2649    1067.1960    1071.9926 
    1086.9266    1115.8737    1153.0592    1177.4169    1208.0953    1230.8523 
    1243.6820    1256.1608    1278.8534    1305.8962    1314.3399    1341.8503 
    1387.9446    1397.1586    1437.2185    1450.1778    1465.7894    1473.4265 
    1475.0196    1484.5054    1569.2601    1838.5095    2993.1509    3001.3703 
    3005.9191    3024.1339    3029.4495    3058.6569    3079.2857    3079.6164 
    3086.4070    3099.9007    3193.9146 
   Product of consistently coupled torsional frequencies (in cm-1^ntor)  5.0597E+11
   Primitively coupled torsional frequencies (cm-1) (Not used)
      38.8603      79.5544      96.0571     120.4892     146.8902     244.5700 
   Product of primitively coupled torsional frequencies (in cm-1^ntor)   1.2854E+12
   Effective coupled torsional barrier (kcal/mol)
        1.209        2.570        2.735        3.858        5.144        7.533 

   D matrix: 
   m-n        1             2             3             4             5
    1   1.846527E+01 -1.958330E+00  1.341119E+01 -2.320539E+00  1.581525E+00
    2  -1.958330E+00  2.319130E+01 -2.000762E+00 -1.415157E+00  4.962834E-02
    3   1.341119E+01 -2.000762E+00  2.717104E+01 -4.346325E+00  3.058107E+00
    4  -2.320539E+00 -1.415157E+00 -4.346325E+00  2.277423E+01  5.443931E+00
    5   1.581525E+00  4.962834E-02  3.058107E+00  5.443931E+00  7.568398E+00
    6   1.079146E+00  2.636737E+00  1.329258E+00 -4.049550E-01  1.826584E-01
   m-n        6
    1   1.079146E+00
    2   2.636737E+00
    3   1.329258E+00
    4  -4.049550E-01
    5   1.826584E-01
    6   3.063571E+00

   Eigenvalues of D matrix:
     3.8916E+01    2.5374E+01    2.1594E+01    8.8237E+00    2.5961E+00    4.9300E+00
   Determinant of D matrix  1.832383E+029

          Uncoupled force constants (au), Pitzer moment of inertia (amu A^2),
   uncoupled torsional frequencies (cm-1), and uncoupled torsional barrier (kcal/mol)
   --------------------------------------------------------------------------------
   Torsion               1             2             3             4             5
   Force constant   2.21122E-02  2.07161E-02  6.22969E-03  3.60425E-02  1.25756E-02
   Moment          18.465       23.191       27.171       22.774        7.568
   Tor. Freq.        94.133       81.301       41.189      108.216      110.884
   Rot. barrier       4.567        4.278        1.287        7.444        2.597
   M_j,tau            2.465        2.465        2.465        2.465        2.465

   Torsion               6
   Force constant   2.06231E-02
   Moment           3.064
   Tor. Freq.       223.186
   Rot. barrier       2.876
   M_j,tau            3.000
   --------------------------------------------------------------------------------
   Potential Energy =   0.960 kcal/mol
   Weight =  2
   Overall rotational symmetry number =   1

                           ==========================
                                Structure  11
                           ==========================

   Normal-mode Frequencies (cm-1) 
   (Overall translation and rotation projected out)
    1451.8305i      0.0001i      0.0000i      0.0000i      0.0000i      0.0000 
       0.0000      25.8893      70.7277      86.4131     102.6236     116.7243 
     162.8159     239.1418     255.8813     302.3817     342.5296     376.0773 
     437.7499     545.0982     646.4967     719.2998     734.8219     785.7510 
     867.5379     903.7524     928.0356    1029.1356    1068.1177    1072.4739 
    1087.0553    1116.2609    1152.9652    1177.5621    1208.3099    1230.5813 
    1244.3777    1255.7390    1278.8046    1306.0465    1314.4253    1342.1503 
    1388.4623    1397.1732    1437.6547    1448.8115    1465.7626    1473.3090 
    1475.0644    1484.4721    1570.8623    1838.4319    2993.2562    3000.9943 
    3004.2584    3022.2783    3029.7569    3058.2779    3079.1447    3079.2021 
    3086.4666    3098.8995    3193.8929 
   Torsion-projected frequencies/non-torsional frequencies (cm-1)
    1451.7964i    138.1100     253.7817     296.5733     341.3503     374.6095 
     436.5123     544.5404     646.1414     717.8944     734.1758     785.6178 
     867.5139     903.7433     927.9773    1029.1336    1068.0784    1072.4704 
    1087.0119    1116.2340    1152.9512    1177.5529    1208.2929    1230.5651 
    1244.3472    1255.6243    1278.7567    1305.9892    1314.4102    1342.1321 
    1388.4585    1397.1731    1437.6477    1448.7751    1465.7583    1473.3067 
    1475.0634    1484.4710    1570.8584    1838.4312    2993.2562    3000.9943 
    3004.2584    3022.2766    3029.7567    3058.2755    3079.1432    3079.2014 
    3086.4666    3098.8993    3193.8915 
   Product of consistently coupled torsional frequencies (in cm-1^ntor)  5.5778E+11
   Primitively coupled torsional frequencies (cm-1) (Not used)
      38.6531      77.1703     105.4111     121.1985     148.2177     244.7138 
   Product of primitively coupled torsional frequencies (in cm-1^ntor)   1.3822E+12
   Effective coupled torsional barrier (kcal/mol)
        1.307        2.701        2.748        3.999        5.320        8.165 

   D matrix: 
   m-n        1             2             3             4             5
    1   1.866598E+01 -2.414669E+00  1.385170E+01 -1.671404E+00  2.095857E+00
    2  -2.414669E+00  2.354901E+01 -2.739233E+00 -3.947752E+00 -1.687963E+00
    3   1.385170E+01 -2.739233E+00  2.822869E+01 -2.167948E+00  4.522988E+00
    4  -1.671404E+00 -3.947752E+00 -2.167948E+00  2.073883E+01  5.158410E+00
    5   2.095857E+00 -1.687963E+00  4.522988E+00  5.158410E+00  7.860880E+00
    6   1.057453E+00  2.621323E+00  1.311341E+00 -5.667150E-01  6.824159E-02
   m-n        6
    1   1.057453E+00
    2   2.621323E+00
    3   1.311341E+00
    4  -5.667150E-01
    5   6.824159E-02
    6   3.059330E+00

   Eigenvalues of D matrix:
     3.9870E+01    2.7284E+01    1.8474E+01    8.9348E+00    2.5955E+00    4.9440E+00
   Determinant of D matrix  1.753337E+029

          Uncoupled force constants (au), Pitzer moment of inertia (amu A^2),
   uncoupled torsional frequencies (cm-1), and uncoupled torsional barrier (kcal/mol)
   --------------------------------------------------------------------------------
   Torsion               1             2             3             4             5
   Force constant   2.20849E-02  2.07261E-02  6.46246E-03  3.76355E-02  1.28298E-02
   Moment          18.666       23.549       28.229       20.739        7.861
   Tor. Freq.        93.568       80.701       41.158      115.881      109.895
   Rot. barrier       4.730        4.439        1.384        8.061        2.748
   M_j,tau            2.421        2.421        2.421        2.421        2.421

   Torsion               6
   Force constant   2.06395E-02
   Moment           3.059
   Tor. Freq.       223.430
   Rot. barrier       2.878
   M_j,tau            3.000
   --------------------------------------------------------------------------------
   Potential Energy =   0.979 kcal/mol
   Weight =  2
   Overall rotational symmetry number =   1

       List of zero-point inclusive energy (kcal/mol) for each structure
      ------------------------------------------------------------------
        Structure            Energy (T = 0 K)
      ------------------------------------------------------------------
          1                    107.43
          2                    107.45
          3                    107.37
          4                    108.21
          5                    108.23
          6                    108.05
          7                    108.06
          8                    108.25
          9                    108.35
         10                    108.41
         11                    108.43
      ZPE of the system =      107.37


     Note: The following SS-HO and SS-T include the Rot. P.F. and Boltzmann factor,
           but are calculated with weight = 1 for each structure. Weights are
           counted in MS partition functions. Zero of energy is set to the potential
           energy of global minimum.

            Partition function of structure    1
     ================================================================
          T(K)      Rot.          SS-HO           SS-T     SS-T/SS-HO
        100.00    8.7254E+004   1.2785E-229   8.6065E-230    0.673
        125.00    1.2194E+005   3.4659E-182   2.3985E-182    0.692
        200.00    2.4679E+005   1.7982E-110   1.3661E-110    0.760
        298.15    4.4920E+005   2.3527E-070   2.0343E-070    0.865
        300.00    4.5339E+005   7.6479E-070   6.6286E-070    0.867
        500.00    9.7553E+005   7.6677E-036   8.1979E-036    1.069
        750.00    1.7922E+006   4.4286E-017   5.4418E-017    1.229
       1000.00    2.7592E+006   2.1767E-006   2.8062E-006    1.289
       1100.00    3.1833E+006   3.5660E-003   4.6088E-003    1.292
       1150.00    3.4028E+006   1.0152E-001   1.3101E-001    1.290
       1200.00    3.6271E+006   2.3701E+000   3.0489E+000    1.286
       1250.00    3.8561E+006   4.6373E+001   5.9378E+001    1.280
       1300.00    4.0898E+006   7.7461E+002   9.8592E+002    1.273
       1350.00    4.3280E+006   1.1223E+004   1.4182E+004    1.264
       1400.00    4.5707E+006   1.4298E+005   1.7916E+005    1.253
       1450.00    4.8177E+006   1.6206E+006   2.0117E+006    1.241
       1500.00    5.0690E+006   1.6514E+007   2.0287E+007    1.228
       1550.00    5.3246E+006   1.5265E+008   1.8541E+008    1.215
       1600.00    5.5843E+006   1.2901E+009   1.5482E+009    1.200
       1650.00    5.8481E+006   1.0040E+010   1.1895E+010    1.185
       1700.00    6.1159E+006   7.2396E+010   8.4618E+010    1.169
       1800.00    6.6634E+006   3.0601E+012   3.4748E+012    1.136
       1900.00    7.2263E+006   1.0120E+014   1.1141E+014    1.101
       2000.00    7.8043E+006   2.7006E+015   2.8771E+015    1.065
       2500.00    1.0907E+007   3.1203E+021   2.7722E+021    0.888

            Partition function of structure    2
     ================================================================
          T(K)      Rot.          SS-HO           SS-T     SS-T/SS-HO
        100.00    8.8682E+004   1.1709E-229   7.8177E-230    0.668
        125.00    1.2394E+005   3.2179E-182   2.2091E-182    0.686
        200.00    2.5083E+005   1.7018E-110   1.2831E-110    0.754
        298.15    4.5655E+005   2.2482E-070   1.9277E-070    0.857
        300.00    4.6080E+005   7.3089E-070   6.2816E-070    0.859
        500.00    9.9149E+005   7.3796E-036   7.7895E-036    1.056
        750.00    1.8215E+006   4.2753E-017   5.1563E-017    1.206
       1000.00    2.8044E+006   2.1041E-006   2.6513E-006    1.260
       1100.00    3.2354E+006   3.4483E-003   4.3510E-003    1.262
       1150.00    3.4584E+006   9.8187E-002   1.2365E-001    1.259
       1200.00    3.6864E+006   2.2925E+000   2.8770E+000    1.255
       1250.00    3.9192E+006   4.4860E+001   5.6021E+001    1.249
       1300.00    4.1567E+006   7.4941E+002   9.3009E+002    1.241
       1350.00    4.3988E+006   1.0859E+004   1.3378E+004    1.232
       1400.00    4.6454E+006   1.3835E+005   1.6901E+005    1.222
       1450.00    4.8965E+006   1.5683E+006   1.8979E+006    1.210
       1500.00    5.1519E+006   1.5982E+007   1.9141E+007    1.198
       1550.00    5.4117E+006   1.4774E+008   1.7497E+008    1.184
       1600.00    5.6756E+006   1.2487E+009   1.4613E+009    1.170
       1650.00    5.9437E+006   9.7183E+009   1.1230E+010    1.156
       1700.00    6.2159E+006   7.0080E+010   7.9907E+010    1.140
       1800.00    6.7724E+006   2.9624E+012   3.2833E+012    1.108
       1900.00    7.3445E+006   9.7978E+013   1.0534E+014    1.075
       2000.00    7.9319E+006   2.6148E+015   2.7225E+015    1.041
       2500.00    1.1085E+007   3.0219E+021   2.6346E+021    0.872

            Partition function of structure    3
     ================================================================
          T(K)      Rot.          SS-HO           SS-T     SS-T/SS-HO
        100.00    8.9311E+004   2.4011E-229   1.7489E-229    0.728
        125.00    1.2482E+005   6.4892E-182   4.9457E-182    0.762
        200.00    2.5261E+005   3.4679E-110   2.9945E-110    0.863
        298.15    4.5979E+005   4.7182E-070   4.6588E-070    0.987
        300.00    4.6407E+005   1.5346E-069   1.5187E-069    0.990
        500.00    9.9853E+005   1.6085E-035   1.9054E-035    1.185
        750.00    1.8344E+006   9.5292E-017   1.2203E-016    1.281
       1000.00    2.8243E+006   4.7462E-006   5.9252E-006    1.248
       1100.00    3.2583E+006   7.8045E-003   9.4737E-003    1.214
       1150.00    3.4830E+006   2.2255E-001   2.6566E-001    1.194
       1200.00    3.7126E+006   5.2035E+000   6.0986E+000    1.172
       1250.00    3.9470E+006   1.0195E+002   1.1716E+002    1.149
       1300.00    4.1862E+006   1.7052E+003   1.9190E+003    1.125
       1350.00    4.4300E+006   2.4735E+004   2.7233E+004    1.101
       1400.00    4.6784E+006   3.1547E+005   3.3947E+005    1.076
       1450.00    4.9312E+006   3.5797E+006   3.7616E+006    1.051
       1500.00    5.1885E+006   3.6512E+007   3.7442E+007    1.025
       1550.00    5.4501E+006   3.3781E+008   3.3783E+008    1.000
       1600.00    5.7159E+006   2.8575E+009   2.7855E+009    0.975
       1650.00    5.9859E+006   2.2257E+010   2.1136E+010    0.950
       1700.00    6.2601E+006   1.6061E+011   1.4854E+011    0.925
       1800.00    6.8205E+006   6.7987E+012   5.9570E+012    0.876
       1900.00    7.3967E+006   2.2513E+014   1.8670E+014    0.829
       2000.00    7.9882E+006   6.0150E+015   4.7180E+015    0.784
       2500.00    1.1164E+007   6.9820E+021   4.1349E+021    0.592

            Partition function of structure    4
     ================================================================
          T(K)      Rot.          SS-HO           SS-T     SS-T/SS-HO
        100.00    8.6780E+004   3.1130E-231   2.1454E-231    0.689
        125.00    1.2128E+005   1.8540E-183   1.3185E-183    0.711
        200.00    2.4545E+005   3.0579E-111   2.4158E-111    0.790
        298.15    4.4676E+005   7.4153E-071   6.7026E-071    0.904
        300.00    4.5092E+005   2.4290E-070   2.2006E-070    0.906
        500.00    9.7023E+005   3.9796E-036   4.3522E-036    1.094
        750.00    1.7824E+006   2.9343E-017   3.5495E-017    1.210
       1000.00    2.7442E+006   1.6291E-006   2.0075E-006    1.232
       1100.00    3.1660E+006   2.7588E-003   3.3779E-003    1.224
       1150.00    3.3843E+006   7.9680E-002   9.7033E-002    1.218
       1200.00    3.6074E+006   1.8848E+000   2.2799E+000    1.210
       1250.00    3.8352E+006   3.7326E+001   4.4796E+001    1.200
       1300.00    4.0676E+006   6.3049E+002   7.4989E+002    1.189
       1350.00    4.3045E+006   9.2297E+003   1.0869E+004    1.178
       1400.00    4.5458E+006   1.1871E+005   1.3829E+005    1.165
       1450.00    4.7915E+006   1.3577E+006   1.5631E+006    1.151
       1500.00    5.0414E+006   1.3949E+007   1.5862E+007    1.137
       1550.00    5.2956E+006   1.2994E+008   1.4583E+008    1.122
       1600.00    5.5539E+006   1.1062E+009   1.2245E+009    1.107
       1650.00    5.8163E+006   8.6679E+009   9.4574E+009    1.091
       1700.00    6.0826E+006   6.2904E+010   6.7618E+010    1.075
       1800.00    6.6271E+006   2.6902E+012   2.8028E+012    1.042
       1900.00    7.1870E+006   8.9902E+013   9.0633E+013    1.008
       2000.00    7.7618E+006   2.4218E+015   2.3591E+015    0.974
       2500.00    1.0847E+007   2.8994E+021   2.3463E+021    0.809

            Partition function of structure    5
     ================================================================
          T(K)      Rot.          SS-HO           SS-T     SS-T/SS-HO
        100.00    8.5956E+004   2.7141E-231   1.8847E-231    0.694
        125.00    1.2013E+005   1.6450E-183   1.1767E-183    0.715
        200.00    2.4312E+005   2.7822E-111   2.2006E-111    0.791
        298.15    4.4252E+005   6.8346E-071   6.1752E-071    0.904
        300.00    4.4664E+005   2.2391E-070   2.0278E-070    0.906
        500.00    9.6102E+005   3.7050E-036   4.0701E-036    1.099
        750.00    1.7655E+006   2.7445E-017   3.3614E-017    1.225
       1000.00    2.7182E+006   1.5270E-006   1.9187E-006    1.256
       1100.00    3.1359E+006   2.5875E-003   3.2385E-003    1.252
       1150.00    3.3521E+006   7.4750E-002   9.3167E-002    1.246
       1200.00    3.5731E+006   1.7686E+000   2.1922E+000    1.240
       1250.00    3.7988E+006   3.5032E+001   4.3133E+001    1.231
       1300.00    4.0289E+006   5.9185E+002   7.2304E+002    1.222
       1350.00    4.2636E+006   8.6655E+003   1.0493E+004    1.211
       1400.00    4.5027E+006   1.1147E+005   1.3368E+005    1.199
       1450.00    4.7460E+006   1.2751E+006   1.5130E+006    1.187
       1500.00    4.9936E+006   1.3103E+007   1.5372E+007    1.173
       1550.00    5.2453E+006   1.2207E+008   1.4149E+008    1.159
       1600.00    5.5012E+006   1.0393E+009   1.1894E+009    1.144
       1650.00    5.7611E+006   8.1445E+009   9.1974E+009    1.129
       1700.00    6.0249E+006   5.9111E+010   6.5832E+010    1.114
       1800.00    6.5642E+006   2.5285E+012   2.7346E+012    1.082
       1900.00    7.1188E+006   8.4512E+013   8.8609E+013    1.048
       2000.00    7.6881E+006   2.2769E+015   2.3109E+015    1.015
       2500.00    1.0745E+007   2.7275E+021   2.3182E+021    0.850

            Partition function of structure    6
     ================================================================
          T(K)      Rot.          SS-HO           SS-T     SS-T/SS-HO
        100.00    9.1763E+004   8.5973E-231   5.4405E-231    0.633
        125.00    1.2824E+005   4.5599E-183   3.0244E-183    0.663
        200.00    2.5955E+005   6.5600E-111   4.9540E-111    0.755
        298.15    4.7241E+005   1.5131E-070   1.3112E-070    0.867
        300.00    4.7682E+005   4.9538E-070   4.3026E-070    0.869
        500.00    1.0259E+006   7.8974E-036   8.1002E-036    1.026
        750.00    1.8848E+006   5.7605E-017   6.2287E-017    1.081
       1000.00    2.9018E+006   3.1825E-006   3.3012E-006    1.037
       1100.00    3.3478E+006   5.3829E-003   5.4068E-003    1.004
       1150.00    3.5786E+006   1.5539E-001   1.5323E-001    0.986
       1200.00    3.8145E+006   3.6740E+000   3.5520E+000    0.967
       1250.00    4.0554E+006   7.2729E+001   6.8856E+001    0.947
       1300.00    4.3011E+006   1.2280E+003   1.1374E+003    0.926
       1350.00    4.5517E+006   1.7971E+004   1.6267E+004    0.905
       1400.00    4.8069E+006   2.3108E+005   2.0426E+005    0.884
       1450.00    5.0667E+006   2.6420E+006   2.2790E+006    0.863
       1500.00    5.3310E+006   2.7139E+007   2.2831E+007    0.841
       1550.00    5.5997E+006   2.5275E+008   2.0726E+008    0.820
       1600.00    5.8729E+006   2.1513E+009   1.7187E+009    0.799
       1650.00    6.1503E+006   1.6854E+010   1.3113E+010    0.778
       1700.00    6.4320E+006   1.2229E+011   9.2628E+010    0.757
       1800.00    7.0077E+006   5.2284E+012   3.7502E+012    0.717
       1900.00    7.5998E+006   1.7468E+014   1.1855E+014    0.679
       2000.00    8.2076E+006   4.7047E+015   3.0195E+015    0.642
       2500.00    1.1470E+007   5.6291E+021   2.7285E+021    0.485

            Partition function of structure    7
     ================================================================
          T(K)      Rot.          SS-HO           SS-T     SS-T/SS-HO
        100.00    9.2442E+004   8.1364E-231   5.1093E-231    0.628
        125.00    1.2919E+005   4.3501E-183   2.8559E-183    0.657
        200.00    2.6147E+005   6.3308E-111   4.7154E-111    0.745
        298.15    4.7591E+005   1.4690E-070   1.2554E-070    0.855
        300.00    4.8034E+005   4.8098E-070   4.1199E-070    0.857
        500.00    1.0335E+006   7.7021E-036   7.8501E-036    1.019
        750.00    1.8987E+006   5.6292E-017   6.1302E-017    1.089
       1000.00    2.9233E+006   3.1127E-006   3.2968E-006    1.059
       1100.00    3.3726E+006   5.2660E-003   5.4297E-003    1.031
       1150.00    3.6051E+006   1.5203E-001   1.5429E-001    1.015
       1200.00    3.8428E+006   3.5949E+000   3.5862E+000    0.998
       1250.00    4.0854E+006   7.1168E+001   6.9700E+001    0.979
       1300.00    4.3330E+006   1.2018E+003   1.1542E+003    0.960
       1350.00    4.5853E+006   1.7588E+004   1.6549E+004    0.941
       1400.00    4.8424E+006   2.2616E+005   2.0831E+005    0.921
       1450.00    5.1041E+006   2.5859E+006   2.3297E+006    0.901
       1500.00    5.3704E+006   2.6565E+007   2.3393E+007    0.881
       1550.00    5.6412E+006   2.4741E+008   2.1284E+008    0.860
       1600.00    5.9163E+006   2.1060E+009   1.7689E+009    0.840
       1650.00    6.1958E+006   1.6499E+010   1.3524E+010    0.820
       1700.00    6.4795E+006   1.1972E+011   9.5734E+010    0.800
       1800.00    7.0596E+006   5.1189E+012   3.8916E+012    0.760
       1900.00    7.6560E+006   1.7104E+014   1.2349E+014    0.722
       2000.00    8.2683E+006   4.6067E+015   3.1565E+015    0.685
       2500.00    1.1555E+007   5.5130E+021   2.8964E+021    0.525

            Partition function of structure    8
     ================================================================
          T(K)      Rot.          SS-HO           SS-T     SS-T/SS-HO
        100.00    9.0791E+004   2.4194E-231   1.1638E-231    0.481
        125.00    1.2688E+005   1.5231E-183   7.4950E-184    0.492
        200.00    2.5680E+005   2.7848E-111   1.4796E-111    0.531
        298.15    4.6741E+005   7.2217E-071   4.3109E-071    0.597
        300.00    4.7176E+005   2.3677E-070   1.4165E-070    0.598
        500.00    1.0151E+006   4.1002E-036   3.0582E-036    0.746
        750.00    1.8648E+006   3.1006E-017   2.7572E-017    0.889
       1000.00    2.8711E+006   1.7414E-006   1.6851E-006    0.968
       1100.00    3.3123E+006   2.9579E-003   2.9065E-003    0.983
       1150.00    3.5407E+006   8.5542E-002   8.4433E-002    0.987
       1200.00    3.7741E+006   2.0259E+000   2.0048E+000    0.990
       1250.00    4.0124E+006   4.0164E+001   3.9780E+001    0.990
       1300.00    4.2556E+006   6.7910E+002   6.7209E+002    0.990
       1350.00    4.5034E+006   9.9505E+003   9.8253E+003    0.987
       1400.00    4.7559E+006   1.2809E+005   1.2602E+005    0.984
       1450.00    5.0130E+006   1.4661E+006   1.4353E+006    0.979
       1500.00    5.2745E+006   1.5075E+007   1.4668E+007    0.973
       1550.00    5.5404E+006   1.4052E+008   1.3575E+008    0.966
       1600.00    5.8106E+006   1.1971E+009   1.1470E+009    0.958
       1650.00    6.0851E+006   9.3855E+009   8.9109E+009    0.949
       1700.00    6.3638E+006   6.8151E+010   6.4061E+010    0.940
       1800.00    6.9335E+006   2.9176E+012   2.6821E+012    0.919
       1900.00    7.5192E+006   9.7596E+013   8.7502E+013    0.897
       2000.00    8.1206E+006   2.6313E+015   2.2956E+015    0.872
       2500.00    1.1349E+007   3.1604E+021   2.3495E+021    0.743

            Partition function of structure    9
     ================================================================
          T(K)      Rot.          SS-HO           SS-T     SS-T/SS-HO
        100.00    9.1161E+004   1.4046E-231   7.0471E-232    0.502
        125.00    1.2740E+005   9.6966E-184   4.9791E-184    0.513
        200.00    2.5784E+005   2.0321E-111   1.1290E-111    0.556
        298.15    4.6931E+005   5.6752E-071   3.5513E-071    0.626
        300.00    4.7369E+005   1.8624E-070   1.1681E-070    0.627
        500.00    1.0192E+006   3.4246E-036   2.6775E-036    0.782
        750.00    1.8724E+006   2.6689E-017   2.4722E-017    0.926
       1000.00    2.8828E+006   1.5217E-006   1.5230E-006    1.001
       1100.00    3.3258E+006   2.5954E-003   2.6315E-003    1.014
       1150.00    3.5551E+006   7.5193E-002   7.6496E-002    1.017
       1200.00    3.7895E+006   1.7837E+000   1.8175E+000    1.019
       1250.00    4.0288E+006   3.5416E+001   3.6082E+001    1.019
       1300.00    4.2729E+006   5.9966E+002   6.0991E+002    1.017
       1350.00    4.5218E+006   8.7978E+003   8.9204E+003    1.014
       1400.00    4.7753E+006   1.1339E+005   1.1446E+005    1.009
       1450.00    5.0334E+006   1.2993E+006   1.3042E+006    1.004
       1500.00    5.2960E+006   1.3373E+007   1.3333E+007    0.997
       1550.00    5.5630E+006   1.2478E+008   1.2344E+008    0.989
       1600.00    5.8343E+006   1.0640E+009   1.0433E+009    0.981
       1650.00    6.1099E+006   8.3490E+009   8.1084E+009    0.971
       1700.00    6.3898E+006   6.0673E+010   5.8311E+010    0.961
       1800.00    6.9618E+006   2.6014E+012   2.4429E+012    0.939
       1900.00    7.5499E+006   8.7132E+013   7.9745E+013    0.915
       2000.00    8.1537E+006   2.3520E+015   2.0933E+015    0.890
       2500.00    1.1395E+007   2.8378E+021   2.1481E+021    0.757

            Partition function of structure   10
     ================================================================
          T(K)      Rot.          SS-HO           SS-T     SS-T/SS-HO
        100.00    1.0109E+005   1.6634E-231   7.4119E-232    0.446
        125.00    1.4128E+005   1.2932E-183   5.9825E-184    0.463
        200.00    2.8594E+005   3.3474E-111   1.7380E-111    0.519
        298.15    5.2045E+005   1.0709E-070   6.3737E-071    0.595
        300.00    5.2530E+005   3.5206E-070   2.1002E-070    0.597
        500.00    1.1303E+006   7.2713E-036   5.2911E-036    0.728
        750.00    2.0764E+006   5.9966E-017   4.8960E-017    0.816
       1000.00    3.1969E+006   3.5126E-006   2.9115E-006    0.829
       1100.00    3.6882E+006   6.0343E-003   4.9394E-003    0.819
       1150.00    3.9425E+006   1.7536E-001   1.4222E-001    0.811
       1200.00    4.2024E+006   4.1716E+000   3.3464E+000    0.802
       1250.00    4.4678E+006   8.3042E+001   6.5785E+001    0.792
       1300.00    4.7385E+006   1.4094E+003   1.1010E+003    0.781
       1350.00    5.0145E+006   2.0722E+004   1.5945E+004    0.769
       1400.00    5.2956E+006   2.6762E+005   2.0258E+005    0.757
       1450.00    5.5818E+006   3.0722E+006   2.2856E+006    0.744
       1500.00    5.8730E+006   3.1677E+007   2.3140E+007    0.731
       1550.00    6.1691E+006   2.9605E+008   2.1218E+008    0.717
       1600.00    6.4700E+006   2.5280E+009   1.7763E+009    0.703
       1650.00    6.7757E+006   1.9865E+010   1.3676E+010    0.688
       1700.00    7.0860E+006   1.4456E+011   9.7441E+010    0.674
       1800.00    7.7203E+006   6.2128E+012   4.0092E+012    0.645
       1900.00    8.3725E+006   2.0854E+014   1.2862E+014    0.617
       2000.00    9.0421E+006   5.6400E+015   3.3206E+015    0.589
       2500.00    1.2637E+007   6.8542E+021   3.1664E+021    0.462

            Partition function of structure   11
     ================================================================
          T(K)      Rot.          SS-HO           SS-T     SS-T/SS-HO
        100.00    9.9717E+004   1.4873E-231   6.7416E-232    0.453
        125.00    1.3936E+005   1.1676E-183   5.4815E-184    0.469
        200.00    2.8204E+005   3.0661E-111   1.6079E-111    0.524
        298.15    5.1336E+005   9.8871E-071   5.9384E-071    0.601
        300.00    5.1815E+005   3.2507E-070   1.9570E-070    0.602
        500.00    1.1149E+006   6.7606E-036   4.9881E-036    0.738
        750.00    2.0481E+006   5.5967E-017   4.6738E-017    0.835
       1000.00    3.1533E+006   3.2850E-006   2.8116E-006    0.856
       1100.00    3.6380E+006   5.6463E-003   4.7911E-003    0.849
       1150.00    3.8888E+006   1.6413E-001   1.3825E-001    0.842
       1200.00    4.1452E+006   3.9053E+000   3.2599E+000    0.835
       1250.00    4.4069E+006   7.7758E+001   6.4219E+001    0.826
       1300.00    4.6740E+006   1.3200E+003   1.0771E+003    0.816
       1350.00    4.9462E+006   1.9411E+004   1.5629E+004    0.805
       1400.00    5.2235E+006   2.5073E+005   1.9897E+005    0.794
       1450.00    5.5058E+006   2.8788E+006   2.2493E+006    0.781
       1500.00    5.7930E+006   2.9687E+007   2.2816E+007    0.769
       1550.00    6.0851E+006   2.7750E+008   2.0961E+008    0.755
       1600.00    6.3819E+006   2.3700E+009   1.7580E+009    0.742
       1650.00    6.6834E+006   1.8626E+010   1.3560E+010    0.728
       1700.00    6.9895E+006   1.3555E+011   9.6786E+010    0.714
       1800.00    7.6152E+006   5.8272E+012   3.9960E+012    0.686
       1900.00    8.2585E+006   1.9564E+014   1.2862E+014    0.657
       2000.00    8.9190E+006   5.2921E+015   3.3309E+015    0.629
       2500.00    1.2465E+007   6.4362E+021   3.2199E+021    0.500

     ================================================================
              Partition Functions Including All Structures
        -----------------------------------------------------------
        Zero of energy is set to potential energy of global minimum
        -----------------------------------------------------------
        T(K)    Elec.        Trans.              Con-rovib
                                            MS-LH    or     MS-T
        100.00  2.0000E+000  3.2877E+006  1.0292E-228  7.1398E-229
        125.00  2.0000E+000  5.7434E+006  2.9819E-181  2.1260E-181
        200.00  2.0000E+000  1.8598E+007  1.9928E-109  1.5335E-109
        298.15  2.0000E+000  5.0464E+007  3.4151E-069  2.8986E-069
        300.00  2.0000E+000  5.1250E+007  1.1147E-068  9.4781E-069
        500.00  2.0000E+000  1.8379E+008  1.5195E-034  1.5086E-034
        750.00  2.0000E+000  5.0646E+008  1.0533E-015  1.1374E-015
       1000.00  2.0000E+000  1.0397E+009  5.7078E-005  6.1676E-005
       1100.00  2.0000E+000  1.3194E+009  9.6096E-002  1.0231E-001
       1150.00  2.0000E+000  1.4745E+009  2.7687E+000  2.9189E+000
       1200.00  2.0000E+000  1.6400E+009  6.5350E+001  6.8127E+001
       1250.00  2.0000E+000  1.8162E+009  1.2916E+003  1.3298E+003
       1300.00  2.0000E+000  2.0033E+009  2.1779E+004  2.2119E+004
       1350.00  2.0000E+000  2.2015E+009  3.1831E+005  3.1858E+005
       1400.00  2.0000E+000  2.4111E+009  4.0881E+006  4.0284E+006
       1450.00  2.0000E+000  2.6322E+009  4.6691E+007  4.5261E+007
       1500.00  2.0000E+000  2.8650E+009  4.7915E+008  4.5657E+008
       1550.00  2.0000E+000  3.1097E+009  4.4584E+009  4.1732E+009
       1600.00  2.0000E+000  3.3666E+009  3.7917E+010  3.4842E+010
       1650.00  2.0000E+000  3.6358E+009  2.9681E+011  2.6761E+011
       1700.00  2.0000E+000  3.9175E+009  2.1521E+012  1.9029E+012
       1800.00  2.0000E+000  4.5193E+009  9.1892E+013  7.8049E+013
       1900.00  2.0000E+000  5.1734E+009  3.0667E+015  2.4985E+015
       2000.00  2.0000E+000  5.8812E+009  8.2512E+016  6.4408E+016
       2500.00  2.0000E+000  1.0274E+010  9.8364E+022  6.1430E+022

             Total Partition Function (E + T + Con-rovib)
             ---------------------------------------------
                T(K)     E + T + MS-LH     E + T + MS-T
                100.00     6.7672E-222       4.6947E-222
                125.00     3.4252E-174       2.4421E-174
                200.00     7.4124E-102       5.7042E-102
                298.15     3.4468E-061       2.9254E-061
                300.00     1.1426E-060       9.7150E-061
                500.00     5.5852E-026       5.5452E-026
                750.00     1.0669E-006       1.1521E-006
               1000.00     1.1868E+005       1.2824E+005
               1100.00     2.5358E+008       2.6997E+008
               1150.00     8.1646E+009       8.6076E+009
               1200.00     2.1435E+011       2.2346E+011
               1250.00     4.6918E+012       4.8305E+012
               1300.00     8.7260E+013       8.8624E+013
               1350.00     1.4015E+015       1.4027E+015
               1400.00     1.9714E+016       1.9426E+016
               1450.00     2.4580E+017       2.3827E+017
               1500.00     2.7455E+018       2.6161E+018
               1550.00     2.7729E+019       2.5955E+019
               1600.00     2.5530E+020       2.3460E+020
               1650.00     2.1583E+021       1.9460E+021
               1700.00     1.6862E+022       1.4910E+022
               1800.00     8.3058E+023       7.0546E+023
               1900.00     3.1731E+025       2.5851E+025
               2000.00     9.7054E+026       7.5759E+026
               2500.00     2.0212E+033       1.2623E+033

     ================================================================
              Partition Functions Including All Structures
        -----------------------------------------------------------
                    Zero of energy is set to ZPE
        -----------------------------------------------------------
        T(K)             Con-rovib                Total
                   MS-LH        MS-T       E+T+MS-LH    E+T+MS-T
        100.00  4.5733E+006  3.1728E+006  3.0072E+013  2.0862E+013
        125.00  1.5584E+007  1.1111E+007  1.7901E+014  1.2763E+014
        200.00  4.2009E+008  3.2327E+008  1.5626E+016  1.2024E+016
        298.15  1.7165E+010  1.4569E+010  1.7324E+018  1.4704E+018
        300.00  1.8327E+010  1.5582E+010  1.8785E+018  1.5972E+018
        500.00  1.2919E+013  1.2827E+013  4.7488E+021  4.7148E+021
        750.00  2.0366E+016  2.1993E+016  2.0630E+025  2.2277E+025
       1000.00  1.6643E+019  1.7984E+019  3.4607E+028  3.7395E+028
       1100.00  2.0621E+020  2.1955E+020  5.4415E+029  5.7934E+029
       1150.00  7.0214E+020  7.4024E+020  2.0706E+030  2.1829E+030
       1200.00  2.3401E+021  2.4395E+021  7.6754E+030  8.0015E+030
       1250.00  7.6377E+021  7.8634E+021  2.7743E+031  2.8563E+031
       1300.00  2.4427E+022  2.4808E+022  9.7868E+031  9.9398E+031
       1350.00  7.6588E+022  7.6654E+022  3.3722E+032  3.3751E+032
       1400.00  2.3555E+023  2.3211E+023  1.1358E+033  1.1193E+033
       1450.00  7.1095E+023  6.8917E+023  3.7427E+033  3.6280E+033
       1500.00  2.1070E+024  2.0077E+024  1.2073E+034  1.1504E+034
       1550.00  6.1341E+024  5.7416E+024  3.8150E+034  3.5710E+034
       1600.00  1.7551E+025  1.6128E+025  1.1818E+035  1.0860E+035
       1650.00  4.9380E+025  4.4523E+025  3.5908E+035  3.2375E+035
       1700.00  1.3667E+026  1.2085E+026  1.0708E+036  9.4685E+035
       1800.00  9.9831E+026  8.4792E+026  9.0234E+036  7.6640E+036
       1900.00  6.8636E+027  5.5918E+027  7.1017E+037  5.7857E+037
       2000.00  4.4556E+028  3.4780E+028  5.2408E+038  4.0909E+038
       2500.00  2.3919E+032  1.4938E+032  4.9149E+042  3.0695E+042
     ================================================================

                     ==============================
                          Thermodynamic Functions
                      (Ideal gas at standard state)
                     ==============================
     T  - Temperature (Kelvin)        G  - Gibbs Free Energy (kcal/mol)
     E  - Thermal Energy (kcal/mol)   H  - Enthalpy (kcal/mol)
     S  - Entropy (cal/(mol-K))
     Cp - Heat Capacity at Constant Pressure (cal/(mol-K))
        -----------------------------------------------------------
        Zero of energy is set to potential energy of global minimum
        -----------------------------------------------------------

               Contribution from electronic P.F. 
     ================================================================
                  T          G          E          S
                100.00      -0.138      0.000      1.377
                125.00      -0.172      0.000      1.377
                200.00      -0.275      0.000      1.377
                298.15      -0.411      0.000      1.377
                300.00      -0.413      0.000      1.377
                500.00      -0.689      0.000      1.377
                750.00      -1.033      0.000      1.377
               1000.00      -1.377      0.000      1.377
               1100.00      -1.515      0.000      1.377
               1150.00      -1.584      0.000      1.377
               1200.00      -1.653      0.000      1.377
               1250.00      -1.722      0.000      1.377
               1300.00      -1.791      0.000      1.377
               1350.00      -1.860      0.000      1.377
               1400.00      -1.928      0.000      1.377
               1450.00      -1.997      0.000      1.377
               1500.00      -2.066      0.000      1.377
               1550.00      -2.135      0.000      1.377
               1600.00      -2.204      0.000      1.377
               1650.00      -2.273      0.000      1.377
               1700.00      -2.342      0.000      1.377
               1800.00      -2.479      0.000      1.377
               1900.00      -2.617      0.000      1.377
               2000.00      -2.755      0.000      1.377
               2500.00      -3.444      0.000      1.377

               Contribution from translational P.F. 
     ================================================================
                  T          G          E          S
                100.00      -2.982      0.298     34.788
                125.00      -3.866      0.373     35.896
                200.00      -6.653      0.596     38.231
                298.15     -10.509      0.889     40.215
                300.00     -10.583      0.894     40.246
                500.00     -18.908      1.490     42.783
                750.00     -29.872      2.236     44.798
               1000.00     -41.259      2.981     46.227
               1100.00     -45.906      3.279     46.700
               1150.00     -48.246      3.428     46.921
               1200.00     -50.598      3.577     47.133
               1250.00     -52.959      3.726     47.336
               1300.00     -55.331      3.875     47.530
               1350.00     -57.712      4.024     47.718
               1400.00     -60.103      4.173     47.899
               1450.00     -62.502      4.322     48.073
               1500.00     -64.910      4.471     48.241
               1550.00     -67.326      4.620     48.404
               1600.00     -69.750      4.769     48.562
               1650.00     -72.182      4.918     48.715
               1700.00     -74.622      5.067     48.863
               1800.00     -79.522      5.365     49.147
               1900.00     -84.451      5.664     49.416
               2000.00     -89.405      5.962     49.671
               2500.00    -114.528      7.452     50.779

        Contribution from conformational-rovibrational P.F. (MS-LH)
     ================================================================
                  T          G          E          S
                100.00     104.321    108.376     40.545
                125.00     103.255    108.845     44.723
                200.00      99.477    110.608     55.654
                298.15      93.406    113.628     67.826
                300.00      93.280    113.694     68.045
                500.00      77.372    122.751     90.758
                750.00      51.400    138.747    116.464
               1000.00      19.417    158.287    138.870
               1100.00       5.120    166.814    146.994
               1150.00      -2.327    171.201    150.894
               1200.00      -9.967    175.661    154.691
               1250.00     -17.795    180.191    158.389
               1300.00     -25.805    184.785    161.992
               1350.00     -33.992    189.439    165.505
               1400.00     -42.354    194.148    168.930
               1450.00     -50.884    198.908    172.271
               1500.00     -59.579    203.717    175.531
               1550.00     -68.436    208.571    178.714
               1600.00     -77.449    213.466    181.822
               1650.00     -86.617    218.401    184.859
               1700.00     -95.934    223.372    187.827
               1800.00    -115.006    233.415    193.567
               1900.00    -134.639    243.579    199.062
               2000.00    -154.811    253.849    204.330
               2500.00    -263.023    306.423    227.778

        Contribution from conformational-rovibrational P.F. (MS-T)
     ================================================================
                  T          G          E          S
                100.00     104.394    108.398     40.043
                125.00     103.339    108.878     44.314
                200.00      99.581    110.688     55.534
                298.15      93.503    113.798     68.071
                300.00      93.377    113.865     68.295
                500.00      77.379    123.032     91.306
                750.00      51.285    138.904    116.826
               1000.00      19.263    158.064    138.800
               1100.00       4.983    166.378    146.722
               1150.00      -2.448    170.646    150.517
               1200.00     -10.067    174.982    154.207
               1250.00     -17.867    179.380    157.797
               1300.00     -25.845    183.835    161.292
               1350.00     -33.995    188.343    164.695
               1400.00     -42.313    192.901    168.010
               1450.00     -50.794    197.505    171.241
               1500.00     -59.435    202.151    174.391
               1550.00     -68.232    206.837    177.464
               1600.00     -77.181    211.560    180.463
               1650.00     -86.277    216.318    183.391
               1700.00     -95.519    221.108    186.251
               1800.00    -114.422    230.775    191.776
               1900.00    -133.866    240.548    197.060
               2000.00    -153.826    250.412    202.119
               2500.00    -260.684    300.789    224.589

     Total (Translational + Electronic + conformational-rovib.(MS-LH))
     ======================================================================
              T          G          E          H          S          Cp
            100.00     101.201    108.674    108.872     76.710     22.229
            125.00      99.216    109.218    109.466     81.996     25.143
            200.00      92.549    111.204    111.601     95.263     31.528
            298.15      82.486    114.517    115.109    109.418     40.257
            300.00      82.284    114.588    115.184    109.668     40.437
            500.00      57.775    124.241    125.235    134.919     59.614
            750.00      20.494    140.983    142.473    162.639     77.030
           1000.00     -23.219    161.268    163.255    186.474     88.462
           1100.00     -42.300    170.093    172.279    195.072     91.920
           1150.00     -52.158    174.628    176.914    199.192     93.462
           1200.00     -62.218    179.238    181.623    203.201     94.893
           1250.00     -72.476    183.917    186.401    207.102     96.222
           1300.00     -82.926    188.660    191.244    210.900     97.457
           1350.00     -93.564    193.463    196.146    214.600     98.606
           1400.00    -104.385    198.321    201.103    218.206     99.676
           1450.00    -115.383    203.231    206.112    221.721    100.672
           1500.00    -126.555    208.188    211.169    225.150    101.601
           1550.00    -137.897    213.191    216.271    228.495    102.468
           1600.00    -149.404    218.235    221.415    231.762    103.278
           1650.00    -161.072    223.319    226.598    234.951    104.035
           1700.00    -172.897    228.439    231.818    238.068    104.743
           1800.00    -197.008    238.781    242.358    244.092    106.029
           1900.00    -221.707    249.243    253.018    249.855    107.161
           2000.00    -246.971    259.811    263.785    255.378    108.161
           2500.00    -380.994    313.875    318.843    279.935    111.740

     Total (Translational + Electronic + conformational-rovib.(MS-T))
     ======================================================================
              T          G          E          H          S          Cp
            100.00     101.274    108.696    108.895     76.208     22.619
            125.00      99.301    109.250    109.499     81.587     25.596
            200.00      92.653    111.284    111.681     95.143     32.342
            298.15      82.584    114.687    115.280    109.663     41.177
            300.00      82.381    114.760    115.356    109.918     41.354
            500.00      57.783    124.522    125.516    135.466     59.700
            750.00      20.380    141.140    142.630    163.001     75.987
           1000.00     -23.373    161.044    163.032    186.405     86.495
           1100.00     -42.438    169.656    171.842    194.800     89.635
           1150.00     -52.278    174.074    176.359    198.815     91.029
           1200.00     -62.317    178.559    180.943    202.717     92.318
           1250.00     -72.548    183.106    185.590    206.510     93.512
           1300.00     -82.967    187.710    190.293    210.200     94.618
           1350.00     -93.567    192.367    195.050    213.790     95.643
           1400.00    -104.344    197.074    199.856    217.286     96.596
           1450.00    -115.294    201.827    204.708    220.691     97.480
           1500.00    -126.412    206.622    209.603    224.010     98.303
           1550.00    -137.693    211.458    214.538    227.246     99.069
           1600.00    -149.135    216.330    219.509    230.403     99.782
           1650.00    -160.733    221.236    224.515    233.483    100.447
           1700.00    -172.482    226.175    229.553    236.491    101.068
           1800.00    -196.424    236.140    239.717    242.301    102.191
           1900.00    -220.934    246.211    249.987    247.853    103.175
           2000.00    -245.987    256.374    260.348    253.167    104.041
           2500.00    -378.656    308.241    313.209    276.746    107.107

                        --------------------------------
                         Zero of energy is set to ZPE
                        --------------------------------

     Total (Translational + Electronic + conformational-rovib.(MS-LH))
     ======================================================================
              T          G          E          H          S          Cp
            100.00      -6.167      1.305      1.504     76.710     22.229
            125.00      -8.152      1.849      2.097     81.996     25.143
            200.00     -14.820      3.835      4.233     95.263     31.528
            298.15     -24.882      7.148      7.741    109.418     40.257
            300.00     -25.085      7.219      7.815    109.668     40.437
            500.00     -49.593     16.873     17.866    134.919     59.614
            750.00     -86.874     33.615     35.105    162.639     77.030
           1000.00    -130.588     53.899     55.887    186.474     88.462
           1100.00    -149.669     62.724     64.910    195.072     91.920
           1150.00    -159.526     67.260     69.545    199.192     93.462
           1200.00    -169.586     71.870     74.255    203.201     94.893
           1250.00    -179.844     76.549     79.033    207.102     96.222
           1300.00    -190.295     81.292     83.875    210.900     97.457
           1350.00    -200.933     86.094     88.777    214.600     98.606
           1400.00    -211.753     90.952     93.734    218.206     99.676
           1450.00    -222.752     95.862     98.743    221.721    100.672
           1500.00    -233.924    100.820    103.801    225.150    101.601
           1550.00    -245.265    105.822    108.902    228.495    102.468
           1600.00    -256.772    110.867    114.046    231.762    103.278
           1650.00    -268.440    115.950    119.229    234.951    104.035
           1700.00    -280.266    121.071    124.449    238.068    104.743
           1800.00    -304.376    131.412    134.989    244.092    106.029
           1900.00    -329.076    141.874    145.650    249.855    107.161
           2000.00    -354.339    152.442    156.417    255.378    108.161
           2500.00    -488.363    206.507    211.475    279.935    111.740

     Total (Translational + Electronic + conformational-rovib.(MS-T))
     ======================================================================
              T          G          E          H          S          Cp
            100.00      -6.094      1.328      1.526     76.208     22.619
            125.00      -8.068      1.882      2.130     81.587     25.596
            200.00     -14.715      3.915      4.313     95.143     32.342
            298.15     -24.785      7.318      7.911    109.663     41.177
            300.00     -24.988      7.391      7.987    109.918     41.354
            500.00     -49.586     17.154     18.147    135.466     59.700
            750.00     -86.989     33.771     35.262    163.001     75.987
           1000.00    -130.742     53.676     55.663    186.405     86.495
           1100.00    -149.806     62.288     64.474    194.800     89.635
           1150.00    -159.647     66.706     68.991    198.815     91.029
           1200.00    -169.686     71.190     73.575    202.717     92.318
           1250.00    -179.917     75.737     78.221    206.510     93.512
           1300.00    -190.335     80.341     82.925    210.200     94.618
           1350.00    -200.935     84.999     87.681    213.790     95.643
           1400.00    -211.713     89.706     92.488    217.286     96.596
           1450.00    -222.662     94.458     97.340    220.691     97.480
           1500.00    -233.780     99.254    102.235    224.010     98.303
           1550.00    -245.062    104.089    107.169    227.246     99.069
           1600.00    -256.504    108.961    112.141    230.403     99.782
           1650.00    -268.101    113.868    117.147    233.483    100.447
           1700.00    -279.851    118.806    122.185    236.491    101.068
           1800.00    -303.793    128.772    132.349    242.301    102.191
           1900.00    -328.302    138.843    142.618    247.853    103.175
           2000.00    -353.355    149.006    152.980    253.167    104.041
           2500.00    -486.025    200.872    205.840    276.746    107.107

 ==============================End of MSTor output==============================
