
 *******************************************************************************

   MSTor program version 2013 (2013)

   Jingjing Zheng, Steven L. Mielke, and Donald G. Truhlar

   Department of Chemistry and Supercomputing Institute
   University of Minnesota, Minneapolis, Minnesota, USA

   Copyright 2013
   Donald G. Truhlar and Regents of the University of Minnesota

   Citations: 
   MS-T(U) method
     J. Zheng, T. Yu, E. Papajak, I. M. Alecu, S. L. Mielke, and D. G. Truhlar,
     Phys. Chem. Chem. Phys. 13, 10885-10907 (2011).
   MS-T(C) method
     J. Zheng and D. G. Truhlar, J. Chem. Theory Comput., DOI: 10.1021/ct3010722.
   MSTor program
     J. Zheng, S. L. Mielke, K. L Clarkson, and D. G. Truhlar,
     Comp. Phys. Comm. 183, 1803-1812 (2012).
     J. Zheng, R. Meana-Paneda, and D. G. Truhlar, Comp. Phys. Comm.
     to be published as new version announcement.

 *******************************************************************************

                    Naming conventions for the MS methods
   -----------------------------------------------------------------------------
   Common name        Original or other names
   -----------------------------------------------------------------------------
   MS-LH         =    MS-HO (ref. 1)   =   MS-AS-HO (ref. 2)
   MS-T          =    MS-AS (ref. 1)   =   MS-AS-T  (ref. 2)
   -----------------------------------------------------------------------------
   Ref. 1: J. Zheng, T. Yu, E. Papajak, I. M. Alecu, S. L. Mielke, and
           D. G. Truhlar, Phys. Chem. Chem. Phys. 13, 10885 (2011).
   Ref. 2: T. Yu, J. Zheng, and D. G. Truhlar, Chem. Sci. 2, 2199 (2011)

   Calculation run on 01/24/2022 at 18:14:48  

   Number of structures:             6
   Number of torsions:               6
   Method:                           MS-T(C)
   Frequency scaling factor:         0.964
   Delta T for finite difference:    0.5 K
   Internal coordinates
     Bonds:         01-02  01-20  02-03  02-16  02-17  03-14  04-12  04-13  05-06
     Bonds:         05-08  06-07  07-10  07-11  09-21  01-19  03-15  07-09  03-04
     Bonds:         04-05  01-18
     Angles:        01-02-03  02-03-04  02-03-14  03-04-13  04-05-06  05-04-12
     Angles:        05-06-07  06-05-08  06-07-11  10-07-11  12-04-13  14-03-15
     Angles:        18-01-19  16-02-17  02-01-19  18-01-20  01-02-16  09-07-11
     Linear Angles: 07=09=21
     Dihedrals:     01-03-16-02  02-04-14-03  02-18-19-01  03-05-12-04
     Dihedrals:     03-05-13-04  03-16-17-02  04-06-08-05  04-14-15-03
     Dihedrals:     06-09-11-07  06-10-11-07  18-19-20-01  04-03-02-01
     Dihedrals:     05-04-03-02  06-05-04-03  07-06-05-04  09-07-06-05
     Dihedrals:     03-02-01-18

   All moment output uses units of amu for masses and Angstroms for distances 

                           ==========================
                                Structure   1
                           ==========================

   Normal-mode Frequencies (cm-1) 
   (Overall translation and rotation projected out)
    1451.0936i      0.0000i      0.0000i      0.0000i      0.0000       0.0000 
       0.0000      35.3619      70.4772      85.9701     114.5545     144.2421 
     213.5633     243.0887     251.9051     305.4397     317.9320     378.1965 
     517.3437     546.0111     575.2181     654.8991     736.3901     835.6072 
     839.0338     910.8022     933.5903    1019.9177    1066.7278    1067.1524 
    1093.6651    1107.6028    1140.4156    1172.7810    1207.5547    1222.1310 
    1245.5554    1252.4109    1267.8518    1303.5258    1311.0025    1383.1797 
    1392.4799    1399.0410    1431.7109    1441.4223    1455.2330    1468.7689 
    1475.3105    1481.4003    1571.9894    1836.2233    2993.4956    2999.4935 
    3008.5149    3017.5819    3041.5220    3058.4980    3067.6886    3078.8874 
    3079.7664    3085.2804    3194.5873 
   Torsion-projected frequencies/non-torsional frequencies (cm-1)
    1451.0591i    210.7002     251.3626     303.8738     312.8716     377.0318 
     517.2381     545.6318     573.2453     654.2031     735.1718     835.5892 
     839.0181     910.7734     933.5652    1019.9082    1066.7182    1067.1204 
    1093.6217    1107.5954    1140.4098    1172.7661    1207.5436    1222.1094 
    1245.5137    1252.3262    1267.7773    1303.5125    1310.9500    1383.1784 
    1392.4794    1399.0379    1431.7031    1441.4173    1455.2328    1468.7641 
    1475.3101    1481.3974    1571.9844    1836.2224    2993.4951    2999.4935 
    3008.5148    3017.5817    3041.5175    3058.4961    3067.6873    3078.8851 
    3079.7658    3085.2802    3194.5860 
   Product of consistently coupled torsional frequencies (in cm-1^ntor)  9.0242E+11
   Primitively coupled torsional frequencies (cm-1) (Not used)
      38.4216      83.0079      91.9110     123.4090     165.9015     245.6007 
   Product of primitively coupled torsional frequencies (in cm-1^ntor)   1.4740E+12
   Effective coupled torsional barrier (kcal/mol)
        1.754        2.744        2.794        4.710        8.064        8.907 

   D matrix: 
   m-n        1             2             3             4             5
    1   2.225723E+01 -2.951009E+00 -4.477268E+00 -1.963466E+00 -1.506189E+00
    2  -2.951009E+00  2.376791E+01  8.662762E+00  6.520384E+00  2.870714E+00
    3  -4.477268E+00  8.662762E+00  4.679392E+01 -1.159660E+01  5.662310E+00
    4  -1.963466E+00  6.520384E+00 -1.159660E+01  2.210547E+01  4.240739E+00
    5  -1.506189E+00  2.870714E+00  5.662310E+00  4.240739E+00  7.906865E+00
    6   1.405010E+00  2.214998E+00  4.949256E-01  5.189770E-01  1.351757E-01
   m-n        6
    1   1.405010E+00
    2   2.214998E+00
    3   4.949256E-01
    4   5.189770E-01
    5   1.351757E-01
    6   3.026075E+00

   Eigenvalues of D matrix:
     5.3705E+01    3.2010E+01    2.0694E+01    1.2290E+01    2.6394E+00    4.5192E+00
   Determinant of D matrix  3.968310E+029

          Uncoupled force constants (au), Pitzer moment of inertia (amu A^2),
   uncoupled torsional frequencies (cm-1), and uncoupled torsional barrier (kcal/mol)
   --------------------------------------------------------------------------------
   Torsion               1             2             3             4             5
   Force constant   2.17040E-02  3.76287E-02  1.11406E-02  3.71802E-02  1.28955E-02
   Moment          22.257       23.768       46.794       22.105        7.907
   Tor. Freq.        84.945      108.235       41.972      111.561      109.855
   Rot. barrier       4.693        8.136        2.409        8.039        2.788
   M_j,tau            2.409        2.409        2.409        2.409        2.409

   Torsion               6
   Force constant   2.08432E-02
   Moment           3.026
   Tor. Freq.       225.760
   Rot. barrier       2.907
   M_j,tau            3.000
   --------------------------------------------------------------------------------
   Potential Energy =   0.000 kcal/mol
   Weight =  2
   Overall rotational symmetry number =   1

                           ==========================
                                Structure   2
                           ==========================

   Normal-mode Frequencies (cm-1) 
   (Overall translation and rotation projected out)
    1451.0956i      0.0001i      0.0000i      0.0000i      0.0000i      0.0000 
       0.0000      34.2106      73.1812      90.7149     109.4496     148.7806 
     213.4900     243.6872     253.4756     304.7488     313.6632     380.4834 
     518.0621     545.0947     577.1061     654.4971     736.0999     834.9324 
     839.9998     911.4249     933.8733    1020.1498    1066.7842    1068.3546 
    1092.2911    1107.3889    1140.1041    1172.8613    1206.5058    1222.8538 
    1244.5622    1253.1120    1267.8664    1303.8308    1311.9621    1383.3893 
    1392.5887    1399.3607    1431.7957    1441.5117    1455.3380    1468.8344 
    1475.3239    1481.4351    1572.9185    1835.8106    2994.8635    2999.2245 
    3008.0852    3017.1252    3043.7533    3058.9076    3067.8003    3079.1739 
    3079.2764    3085.3271    3194.3551 
   Torsion-projected frequencies/non-torsional frequencies (cm-1)
    1451.0611i    212.1810     252.1598     303.8890     308.1725     379.2147 
     517.9301     544.8034     574.9222     653.8587     734.8878     834.9209 
     839.9702     911.3899     933.8486    1020.1405    1066.7712    1068.3183 
    1092.2529    1107.3827    1140.0992    1172.8438    1206.4881    1222.8417 
    1244.5230    1253.0350    1267.7918    1303.8169    1311.9088    1383.3868 
    1392.5871    1399.3579    1431.7831    1441.5095    1455.3378    1468.8303 
    1475.3235    1481.4331    1572.9130    1835.8098    2994.8628    2999.2244 
    3008.0850    3017.1249    3043.7474    3058.9051    3067.7990    3079.1708 
    3079.2757    3085.3269    3194.3537 
   Product of consistently coupled torsional frequencies (in cm-1^ntor)  9.4070E+11
   Primitively coupled torsional frequencies (cm-1) (Not used)
      37.8658      83.9523      97.3084     121.8146     167.1971     245.9714 
   Product of primitively coupled torsional frequencies (in cm-1^ntor)   1.5497E+12
   Effective coupled torsional barrier (kcal/mol)
        1.709        2.752        2.792        4.749        8.261        9.615 

   D matrix: 
   m-n        1             2             3             4             5
    1   2.193343E+01 -2.395714E+00 -3.312467E+00 -1.062398E+00 -1.084642E-01
    2  -2.395714E+00  2.327567E+01  7.528069E+00  6.125554E+00  1.747402E+00
    3  -3.312467E+00  7.528069E+00  4.620716E+01 -1.264513E+01  5.172068E+00
    4  -1.062398E+00  6.125554E+00 -1.264513E+01  2.181910E+01  3.592301E+00
    5  -1.084642E-01  1.747402E+00  5.172068E+00  3.592301E+00  7.649342E+00
    6   1.429963E+00  2.227558E+00  5.390292E-01  5.685665E-01  2.145775E-01
   m-n        6
    1   1.429963E+00
    2   2.227558E+00
    3   5.390292E-01
    4   5.685665E-01
    5   2.145775E-01
    6   3.030848E+00

   Eigenvalues of D matrix:
     5.2994E+01    3.0168E+01    2.1036E+01    2.6385E+00    4.5039E+00    1.2575E+01
   Determinant of D matrix  3.824200E+029

          Uncoupled force constants (au), Pitzer moment of inertia (amu A^2),
   uncoupled torsional frequencies (cm-1), and uncoupled torsional barrier (kcal/mol)
   --------------------------------------------------------------------------------
   Torsion               1             2             3             4             5
   Force constant   2.17058E-02  4.11319E-02  1.08879E-02  3.75435E-02  1.29354E-02
   Moment          21.933       23.276       46.207       21.819        7.649
   Tor. Freq.        85.574      114.352       41.756      112.838      111.862
   Rot. barrier       4.714        8.933        2.365        8.154        2.809
   M_j,tau            2.404        2.404        2.404        2.404        2.404

   Torsion               6
   Force constant   2.08192E-02
   Moment           3.031
   Tor. Freq.       225.452
   Rot. barrier       2.903
   M_j,tau            3.000
   --------------------------------------------------------------------------------
   Potential Energy =   0.001 kcal/mol
   Weight =  2
   Overall rotational symmetry number =   1

                           ==========================
                                Structure   3
                           ==========================

   Normal-mode Frequencies (cm-1) 
   (Overall translation and rotation projected out)
    1450.4608i      0.0001i      0.0001i      0.0000i      0.0000i      0.0000 
       0.0000      30.7790      64.8332      92.1676     110.6372     116.8015 
     148.7858     241.4600     260.5165     299.0132     319.9087     364.7526 
     485.6226     544.5277     573.5217     699.7127     717.8230     788.9657 
     889.2742     919.2437     920.4321    1035.4356    1068.9931    1078.1687 
    1094.6034    1111.1387    1137.5402    1173.1717    1209.6151    1211.8422 
    1239.3944    1255.5458    1284.6573    1287.9537    1304.6529    1362.5661 
    1396.7022    1409.3778    1433.8502    1441.2419    1463.6806    1470.8897 
    1474.9303    1484.3036    1571.0863    1838.6738    2989.8889    3001.4515 
    3010.2740    3018.0576    3024.6363    3047.8777    3068.6995    3079.1365 
    3079.7458    3085.6469    3193.8573 
   Torsion-projected frequencies/non-torsional frequencies (cm-1)
    1450.4280i    104.0733     258.8590     297.3594     316.2663     363.4668 
     485.5136     544.1589     570.9336     699.6842     716.0649     788.8441 
     889.2702     919.0984     920.4054    1035.4350    1068.9623    1078.1679 
    1094.5679    1111.1098    1137.5391    1173.1552    1209.6033    1211.8158 
    1239.3824    1255.4213    1284.6453    1287.9097    1304.6240    1362.5654 
    1396.7021    1409.3770    1433.8501    1441.2392    1463.6806    1470.8897 
    1474.9278    1484.3035    1571.0809    1838.6733    2989.8889    3001.4515 
    3010.2740    3018.0575    3024.6356    3047.8737    3068.6986    3079.1359 
    3079.7446    3085.6469    3193.8559 
   Product of consistently coupled torsional frequencies (in cm-1^ntor)  8.5009E+11
   Primitively coupled torsional frequencies (cm-1) (Not used)
      34.6337      70.9562     110.9254     121.8245     166.9215     245.8532 
   Product of primitively coupled torsional frequencies (in cm-1^ntor)   1.3628E+12
   Effective coupled torsional barrier (kcal/mol)
        0.924        2.340        2.674        3.071        4.359        6.906 

   D matrix: 
   m-n        1             2             3             4             5
    1   1.981018E+01 -4.055477E+00  1.603080E+01 -5.138528E+00  1.667891E+00
    2  -4.055477E+00  2.135308E+01 -4.760329E+00  9.899731E+00  8.106105E-01
    3   1.603080E+01 -4.760329E+00  3.121684E+01 -1.276643E+01  2.960316E+00
    4  -5.138528E+00  9.899731E+00 -1.276643E+01  2.321747E+01  4.025466E+00
    5   1.667891E+00  8.106105E-01  2.960316E+00  4.025466E+00  7.426689E+00
    6   9.837832E-01  2.265353E+00  1.245347E+00  4.016525E-01  2.634246E-01
   m-n        6
    1   9.837832E-01
    2   2.265353E+00
    3   1.245347E+00
    4   4.016525E-01
    5   2.634246E-01
    6   3.016104E+00

   Eigenvalues of D matrix:
     5.2764E+01    2.4450E+01    1.3869E+01    8.2316E+00    4.1408E+00    2.5854E+00
   Determinant of D matrix  1.199768E+029

          Uncoupled force constants (au), Pitzer moment of inertia (amu A^2),
   uncoupled torsional frequencies (cm-1), and uncoupled torsional barrier (kcal/mol)
   --------------------------------------------------------------------------------
   Torsion               1             2             3             4             5
   Force constant   2.21858E-02  1.65758E-02  5.71780E-03  3.67284E-02  1.29208E-02
   Moment          19.810       21.353       31.217       23.217        7.427
   Tor. Freq.        91.033       75.790       36.815      108.193      113.462
   Rot. barrier       4.098        3.062        1.056        6.784        2.386
   M_j,tau            2.607        2.607        2.607        2.607        2.607

   Torsion               6
   Force constant   2.07138E-02
   Moment           3.016
   Tor. Freq.       225.430
   Rot. barrier       2.888
   M_j,tau            3.000
   --------------------------------------------------------------------------------
   Potential Energy =   0.111 kcal/mol
   Weight =  2
   Overall rotational symmetry number =   1

                           ==========================
                                Structure   4
                           ==========================

   Normal-mode Frequencies (cm-1) 
   (Overall translation and rotation projected out)
    1450.5735i      0.0001i      0.0000i      0.0000i      0.0000i      0.0000i
       0.0000      31.6969      49.0909      95.7260     115.6836     155.5793 
     195.4871     259.6179     280.5337     314.5910     359.4839     396.7700 
     482.6286     544.3182     579.0321     657.9900     746.3365     824.6262 
     842.2408     910.8014     942.4565     980.9996    1067.9467    1073.2960 
    1091.5923    1096.9505    1141.0926    1172.7256    1191.7298    1218.5857 
    1240.0739    1247.9952    1266.4771    1299.5090    1346.5348    1374.5310 
    1392.9735    1399.0168    1434.3237    1441.7420    1453.5085    1469.5497 
    1478.4926    1484.1537    1572.3224    1835.3289    2999.2342    3007.9784 
    3013.3688    3020.9493    3052.8719    3062.3103    3077.0258    3079.2287 
    3079.9597    3084.7661    3194.3859 
   Torsion-projected frequencies/non-torsional frequencies (cm-1)
    1450.5389i    193.0768     278.1154     307.7857     357.7599     395.8930 
     481.5399     543.9470     576.9042     657.8830     745.7552     824.6000 
     842.1442     910.7352     942.4356     980.9293    1067.9170    1073.2439 
    1091.5497    1096.9374    1141.0858    1172.7086    1191.7194    1218.5673 
    1240.0411    1247.9248    1266.4005    1299.4817    1346.5315    1374.5302 
    1392.9575    1399.0140    1434.2786    1441.7382    1453.4999    1469.5350 
    1478.4461    1484.1467    1572.3167    1835.3282    2999.2320    3007.9783 
    3013.3659    3020.9475    3052.8686    3062.3090    3077.0236    3079.2280 
    3079.9583    3084.7636    3194.3846 
   Product of consistently coupled torsional frequencies (in cm-1^ntor)  7.3776E+11
   Primitively coupled torsional frequencies (cm-1) (Not used)
      34.2396      54.1404     104.8871     134.5809     171.3783     265.0899 
   Product of primitively coupled torsional frequencies (in cm-1^ntor)   1.1888E+12
   Effective coupled torsional barrier (kcal/mol)
        1.543        2.150        2.822        5.084        8.395        9.917 

   D matrix: 
   m-n        1             2             3             4             5
    1   2.679722E+01  2.185784E+01 -7.460761E+00  7.139605E+00  2.574860E-01
    2   2.185784E+01  4.524465E+01  7.556087E+00  1.262644E+01  3.091397E+00
    3  -7.460761E+00  7.556087E+00  4.348285E+01 -1.091201E+01  4.897250E+00
    4   7.139605E+00  1.262644E+01 -1.091201E+01  2.335290E+01  4.240046E+00
    5   2.574860E-01  3.091397E+00  4.897250E+00  4.240046E+00  7.701000E+00
    6   1.361191E+00 -2.993319E-01  6.753235E-01 -2.529787E-01  9.256859E-02
   m-n        6
    1   1.361191E+00
    2  -2.993319E-01
    3   6.753235E-01
    4  -2.529787E-01
    5   9.256859E-02
    6   3.077186E+00

   Eigenvalues of D matrix:
     6.5158E+01    5.0299E+01    1.8495E+01    8.5821E+00    2.6966E+00    4.4250E+00
   Determinant of D matrix  4.723425E+029

          Uncoupled force constants (au), Pitzer moment of inertia (amu A^2),
   uncoupled torsional frequencies (cm-1), and uncoupled torsional barrier (kcal/mol)
   --------------------------------------------------------------------------------
   Torsion               1             2             3             4             5
   Force constant   2.30287E-02  3.81345E-02  1.05342E-02  3.75409E-02  1.30095E-02
   Moment          26.797       45.245       43.483       23.353        7.701
   Tor. Freq.        79.744       78.973       42.340      109.066      111.805
   Rot. barrier       5.098        8.442        2.332        8.311        2.880
   M_j,tau            2.381        2.381        2.381        2.381        2.381

   Torsion               6
   Force constant   2.04180E-02
   Moment           3.077
   Tor. Freq.       221.582
   Rot. barrier       2.847
   M_j,tau            3.000
   --------------------------------------------------------------------------------
   Potential Energy =   0.671 kcal/mol
   Weight =  2
   Overall rotational symmetry number =   1

                           ==========================
                                Structure   5
                           ==========================

   Normal-mode Frequencies (cm-1) 
   (Overall translation and rotation projected out)
    1451.2365i      0.0000i      0.0000i      0.0000       0.0000       0.0000 
       0.0001      32.9641      49.9727      88.9507     125.0616     150.6705 
     197.0993     260.6877     279.5996     319.3530     357.2042     397.7547 
     482.2711     545.5358     576.6776     658.2872     746.5558     825.1769 
     841.6347     909.6106     942.9428     981.1602    1066.4105    1073.6071 
    1091.9429    1098.0953    1141.4670    1172.4708    1193.0702    1218.3453 
    1240.8136    1248.1517    1266.5152    1299.5487    1346.3547    1374.6691 
    1393.0152    1399.0307    1434.3997    1441.6363    1453.7543    1469.5335 
    1478.6308    1484.2117    1571.5810    1835.7497    2999.2556    3008.6034 
    3013.4542    3021.7883    3052.6251    3062.7178    3076.8701    3079.6205 
    3079.8708    3084.1622    3194.5908 
   Torsion-projected frequencies/non-torsional frequencies (cm-1)
    1451.2013i    193.1526     277.5210     313.7488     354.3504     397.1074 
     481.3822     545.0963     574.6488     658.1590     745.9726     825.1447 
     841.5413     909.5484     942.9221     981.0902    1066.3793    1073.5614 
    1091.9102    1098.0673    1141.4603    1172.4550    1193.0608    1218.3214 
    1240.7879    1248.0680    1266.4409    1299.5216    1346.3511    1374.6683 
    1392.9967    1399.0287    1434.3631    1441.6280    1453.7457    1469.5187 
    1478.5868    1484.2046    1571.5760    1835.7489    2999.2534    3008.6033 
    3013.4510    3021.7864    3052.6214    3062.7165    3076.8681    3079.6193 
    3079.8700    3084.1596    3194.5894 
   Product of consistently coupled torsional frequencies (in cm-1^ntor)  7.6655E+11
   Primitively coupled torsional frequencies (cm-1) (Not used)
      35.2140      54.5739     101.4586     137.8982     170.9127     265.4750 
   Product of primitively coupled torsional frequencies (in cm-1^ntor)   1.2200E+12
   Effective coupled torsional barrier (kcal/mol)
        1.662        2.180        2.874        5.257        8.587       10.208 

   D matrix: 
   m-n        1             2             3             4             5
    1   2.659918E+01  2.112428E+01 -7.723040E+00  6.046017E+00 -2.198331E-01
    2   2.112428E+01  4.482395E+01  8.505469E+00  1.199585E+01  3.597186E+00
    3  -7.723040E+00  8.505469E+00  4.437563E+01 -9.733311E+00  5.584542E+00
    4   6.046017E+00  1.199585E+01 -9.733311E+00  2.293463E+01  4.564725E+00
    5  -2.198331E-01  3.597186E+00  5.584542E+00  4.564725E+00  7.917704E+00
    6   1.355676E+00 -3.448449E-01  6.252810E-01 -3.362172E-01  1.488783E-02
   m-n        6
    1   1.355676E+00
    2  -3.448449E-01
    3   6.252810E-01
    4  -3.362172E-01
    5   1.488783E-02
    6   3.075653E+00

   Eigenvalues of D matrix:
     6.3473E+01    5.1118E+01    1.9703E+01    8.2786E+00    2.7012E+00    4.4519E+00
   Determinant of D matrix  4.843075E+029

          Uncoupled force constants (au), Pitzer moment of inertia (amu A^2),
   uncoupled torsional frequencies (cm-1), and uncoupled torsional barrier (kcal/mol)
   --------------------------------------------------------------------------------
   Torsion               1             2             3             4             5
   Force constant   2.33672E-02  3.85684E-02  1.08483E-02  3.75383E-02  1.28993E-02
   Moment          26.599       44.824       44.376       22.935        7.918
   Tor. Freq.        80.626       79.793       42.532      110.052      109.796
   Rot. barrier       5.293        8.737        2.457        8.503        2.922
   M_j,tau            2.354        2.354        2.354        2.354        2.354

   Torsion               6
   Force constant   2.04806E-02
   Moment           3.076
   Tor. Freq.       221.977
   Rot. barrier       2.856
   M_j,tau            3.000
   --------------------------------------------------------------------------------
   Potential Energy =   0.680 kcal/mol
   Weight =  2
   Overall rotational symmetry number =   1

                           ==========================
                                Structure   6
                           ==========================

   Normal-mode Frequencies (cm-1) 
   (Overall translation and rotation projected out)
    1450.4755i      0.0000i      0.0000i      0.0000i      0.0000       0.0000 
       0.0000      28.2199      56.6361      95.2168     107.0945     140.0450 
     148.0680     236.8264     278.5279     313.4616     330.3418     418.5777 
     443.6844     544.6610     574.6951     696.6211     741.7525     785.7892 
     878.3518     912.3810     933.7770     986.4777    1069.4362    1085.9788 
    1098.3205    1109.6777    1131.6798    1173.2291    1201.0140    1211.4560 
    1241.2250    1256.8172    1275.5660    1295.8933    1330.9505    1356.5575 
    1397.3832    1405.8297    1434.8093    1440.5860    1463.7586    1467.6190 
    1477.9049    1483.2764    1570.9299    1838.2543    2996.7900    3000.7845 
    3010.7851    3018.5957    3042.7431    3053.4621    3073.7185    3078.4185 
    3079.0870    3084.9332    3193.7933 
   Torsion-projected frequencies/non-torsional frequencies (cm-1)
    1450.4418i    158.4255     265.0206     307.8689     328.5387     417.6640 
     442.7837     544.2716     571.5990     696.5114     741.3714     785.3204 
     878.3310     912.3690     933.6574     986.3300    1069.3865    1085.9694 
    1098.2719    1109.6377    1131.6766    1173.2115    1201.0070    1211.4381 
    1241.2030    1256.6852    1275.5082    1295.8467    1330.9391    1356.5488 
    1397.3811    1405.8258    1434.8089    1440.5830    1463.7519    1467.6164 
    1477.8991    1483.2712    1570.9246    1838.2538    2996.7899    3000.7829 
    3010.7836    3018.5954    3042.7429    3053.4568    3073.7172    3078.4173 
    3079.0864    3084.9319    3193.7920 
   Product of consistently coupled torsional frequencies (in cm-1^ntor)  5.5031E+11
   Primitively coupled torsional frequencies (cm-1) (Not used)
      33.0254      58.4070     109.7864     119.2666     165.5412     244.3057 
   Product of primitively coupled torsional frequencies (in cm-1^ntor)   1.0215E+12
   Effective coupled torsional barrier (kcal/mol)
        0.902        2.308        2.377        2.655        5.580        6.804 

   D matrix: 
   m-n        1             2             3             4             5
    1   1.929824E+01  7.737541E+00  1.310205E+01  1.032836E+00  2.397369E+00
    2   7.737541E+00  3.469032E+01  5.147488E+00  1.233326E+01  2.806675E+00
    3   1.310205E+01  5.147488E+00  2.800779E+01 -7.855847E+00  3.387851E+00
    4   1.032836E+00  1.233326E+01 -7.855847E+00  2.291601E+01  4.732803E+00
    5   2.397369E+00  2.806675E+00  3.387851E+00  4.732803E+00  7.615629E+00
    6   1.272003E+00 -4.629334E-01  8.620511E-01 -3.015518E-01  5.509395E-02
   m-n        6
    1   1.272003E+00
    2  -4.629334E-01
    3   8.620511E-01
    4  -3.015518E-01
    5   5.509395E-02
    6   3.077756E+00

   Eigenvalues of D matrix:
     4.7157E+01    3.8376E+01    1.4023E+01    8.9290E+00    4.1843E+00    2.9353E+00
   Determinant of D matrix  2.117849E+029

          Uncoupled force constants (au), Pitzer moment of inertia (amu A^2),
   uncoupled torsional frequencies (cm-1), and uncoupled torsional barrier (kcal/mol)
   --------------------------------------------------------------------------------
   Torsion               1             2             3             4             5
   Force constant   2.47584E-02  1.68742E-02  5.64208E-03  3.66333E-02  1.28844E-02
   Moment          19.298       34.690       28.008       22.916        7.616
   Tor. Freq.        97.433       59.995       38.609      108.761      111.888
   Rot. barrier       4.518        3.079        1.029        6.684        2.351
   M_j,tau            2.623        2.623        2.623        2.623        2.623

   Torsion               6
   Force constant   2.12628E-02
   Moment           3.078
   Tor. Freq.       226.099
   Rot. barrier       2.965
   M_j,tau            3.000
   --------------------------------------------------------------------------------
   Potential Energy =   0.688 kcal/mol
   Weight =  2
   Overall rotational symmetry number =   1

       List of zero-point inclusive energy (kcal/mol) for each structure
      ------------------------------------------------------------------
        Structure            Energy (T = 0 K)
      ------------------------------------------------------------------
          1                    107.43
          2                    107.45
          3                    107.37
          4                    108.21
          5                    108.23
          6                    108.05
      ZPE of the system =      107.37


     Note: The following SS-HO and SS-T include the Rot. P.F. and Boltzmann factor,
           but are calculated with weight = 1 for each structure. Weights are
           counted in MS partition functions. Zero of energy is set to the potential
           energy of global minimum.

            Partition function of structure    1
     ================================================================
          T(K)      Rot.          SS-HO           SS-T     SS-T/SS-HO
        100.00    8.7254E+004   1.2785E-229   8.6065E-230    0.673
        125.00    1.2194E+005   3.4659E-182   2.3985E-182    0.692
        200.00    2.4679E+005   1.7982E-110   1.3661E-110    0.760
        298.15    4.4920E+005   2.3527E-070   2.0343E-070    0.865
        300.00    4.5339E+005   7.6479E-070   6.6286E-070    0.867
        500.00    9.7553E+005   7.6677E-036   8.1979E-036    1.069
        750.00    1.7922E+006   4.4286E-017   5.4418E-017    1.229
       1000.00    2.7592E+006   2.1767E-006   2.8062E-006    1.289
       1100.00    3.1833E+006   3.5660E-003   4.6088E-003    1.292
       1150.00    3.4028E+006   1.0152E-001   1.3101E-001    1.290
       1200.00    3.6271E+006   2.3701E+000   3.0489E+000    1.286
       1250.00    3.8561E+006   4.6373E+001   5.9378E+001    1.280
       1300.00    4.0898E+006   7.7461E+002   9.8592E+002    1.273
       1350.00    4.3280E+006   1.1223E+004   1.4182E+004    1.264
       1400.00    4.5707E+006   1.4298E+005   1.7916E+005    1.253
       1450.00    4.8177E+006   1.6206E+006   2.0117E+006    1.241
       1500.00    5.0690E+006   1.6514E+007   2.0287E+007    1.228
       1550.00    5.3246E+006   1.5265E+008   1.8541E+008    1.215
       1600.00    5.5843E+006   1.2901E+009   1.5482E+009    1.200
       1650.00    5.8481E+006   1.0040E+010   1.1895E+010    1.185
       1700.00    6.1159E+006   7.2396E+010   8.4618E+010    1.169
       1800.00    6.6634E+006   3.0601E+012   3.4748E+012    1.136
       1900.00    7.2263E+006   1.0120E+014   1.1141E+014    1.101
       2000.00    7.8043E+006   2.7006E+015   2.8771E+015    1.065
       2500.00    1.0907E+007   3.1203E+021   2.7722E+021    0.888

            Partition function of structure    2
     ================================================================
          T(K)      Rot.          SS-HO           SS-T     SS-T/SS-HO
        100.00    8.8682E+004   1.1709E-229   7.8177E-230    0.668
        125.00    1.2394E+005   3.2179E-182   2.2091E-182    0.686
        200.00    2.5083E+005   1.7018E-110   1.2831E-110    0.754
        298.15    4.5655E+005   2.2482E-070   1.9277E-070    0.857
        300.00    4.6080E+005   7.3089E-070   6.2816E-070    0.859
        500.00    9.9149E+005   7.3796E-036   7.7895E-036    1.056
        750.00    1.8215E+006   4.2753E-017   5.1563E-017    1.206
       1000.00    2.8044E+006   2.1041E-006   2.6513E-006    1.260
       1100.00    3.2354E+006   3.4483E-003   4.3510E-003    1.262
       1150.00    3.4584E+006   9.8187E-002   1.2365E-001    1.259
       1200.00    3.6864E+006   2.2925E+000   2.8770E+000    1.255
       1250.00    3.9192E+006   4.4860E+001   5.6021E+001    1.249
       1300.00    4.1567E+006   7.4941E+002   9.3009E+002    1.241
       1350.00    4.3988E+006   1.0859E+004   1.3378E+004    1.232
       1400.00    4.6454E+006   1.3835E+005   1.6901E+005    1.222
       1450.00    4.8965E+006   1.5683E+006   1.8979E+006    1.210
       1500.00    5.1519E+006   1.5982E+007   1.9141E+007    1.198
       1550.00    5.4117E+006   1.4774E+008   1.7497E+008    1.184
       1600.00    5.6756E+006   1.2487E+009   1.4613E+009    1.170
       1650.00    5.9437E+006   9.7183E+009   1.1230E+010    1.156
       1700.00    6.2159E+006   7.0080E+010   7.9907E+010    1.140
       1800.00    6.7724E+006   2.9624E+012   3.2833E+012    1.108
       1900.00    7.3445E+006   9.7978E+013   1.0534E+014    1.075
       2000.00    7.9319E+006   2.6148E+015   2.7225E+015    1.041
       2500.00    1.1085E+007   3.0219E+021   2.6346E+021    0.872

            Partition function of structure    3
     ================================================================
          T(K)      Rot.          SS-HO           SS-T     SS-T/SS-HO
        100.00    8.9311E+004   2.4011E-229   1.7489E-229    0.728
        125.00    1.2482E+005   6.4892E-182   4.9457E-182    0.762
        200.00    2.5261E+005   3.4679E-110   2.9945E-110    0.863
        298.15    4.5979E+005   4.7182E-070   4.6588E-070    0.987
        300.00    4.6407E+005   1.5346E-069   1.5187E-069    0.990
        500.00    9.9853E+005   1.6085E-035   1.9054E-035    1.185
        750.00    1.8344E+006   9.5292E-017   1.2203E-016    1.281
       1000.00    2.8243E+006   4.7462E-006   5.9252E-006    1.248
       1100.00    3.2583E+006   7.8045E-003   9.4737E-003    1.214
       1150.00    3.4830E+006   2.2255E-001   2.6566E-001    1.194
       1200.00    3.7126E+006   5.2035E+000   6.0986E+000    1.172
       1250.00    3.9470E+006   1.0195E+002   1.1716E+002    1.149
       1300.00    4.1862E+006   1.7052E+003   1.9190E+003    1.125
       1350.00    4.4300E+006   2.4735E+004   2.7233E+004    1.101
       1400.00    4.6784E+006   3.1547E+005   3.3947E+005    1.076
       1450.00    4.9312E+006   3.5797E+006   3.7616E+006    1.051
       1500.00    5.1885E+006   3.6512E+007   3.7442E+007    1.025
       1550.00    5.4501E+006   3.3781E+008   3.3783E+008    1.000
       1600.00    5.7159E+006   2.8575E+009   2.7855E+009    0.975
       1650.00    5.9859E+006   2.2257E+010   2.1136E+010    0.950
       1700.00    6.2601E+006   1.6061E+011   1.4854E+011    0.925
       1800.00    6.8205E+006   6.7987E+012   5.9570E+012    0.876
       1900.00    7.3967E+006   2.2513E+014   1.8670E+014    0.829
       2000.00    7.9882E+006   6.0150E+015   4.7180E+015    0.784
       2500.00    1.1164E+007   6.9820E+021   4.1349E+021    0.592

            Partition function of structure    4
     ================================================================
          T(K)      Rot.          SS-HO           SS-T     SS-T/SS-HO
        100.00    8.6780E+004   3.1130E-231   2.1454E-231    0.689
        125.00    1.2128E+005   1.8540E-183   1.3185E-183    0.711
        200.00    2.4545E+005   3.0579E-111   2.4158E-111    0.790
        298.15    4.4676E+005   7.4153E-071   6.7026E-071    0.904
        300.00    4.5092E+005   2.4290E-070   2.2006E-070    0.906
        500.00    9.7023E+005   3.9796E-036   4.3522E-036    1.094
        750.00    1.7824E+006   2.9343E-017   3.5495E-017    1.210
       1000.00    2.7442E+006   1.6291E-006   2.0075E-006    1.232
       1100.00    3.1660E+006   2.7588E-003   3.3779E-003    1.224
       1150.00    3.3843E+006   7.9680E-002   9.7033E-002    1.218
       1200.00    3.6074E+006   1.8848E+000   2.2799E+000    1.210
       1250.00    3.8352E+006   3.7326E+001   4.4796E+001    1.200
       1300.00    4.0676E+006   6.3049E+002   7.4989E+002    1.189
       1350.00    4.3045E+006   9.2297E+003   1.0869E+004    1.178
       1400.00    4.5458E+006   1.1871E+005   1.3829E+005    1.165
       1450.00    4.7915E+006   1.3577E+006   1.5631E+006    1.151
       1500.00    5.0414E+006   1.3949E+007   1.5862E+007    1.137
       1550.00    5.2956E+006   1.2994E+008   1.4583E+008    1.122
       1600.00    5.5539E+006   1.1062E+009   1.2245E+009    1.107
       1650.00    5.8163E+006   8.6679E+009   9.4574E+009    1.091
       1700.00    6.0826E+006   6.2904E+010   6.7618E+010    1.075
       1800.00    6.6271E+006   2.6902E+012   2.8028E+012    1.042
       1900.00    7.1870E+006   8.9902E+013   9.0633E+013    1.008
       2000.00    7.7618E+006   2.4218E+015   2.3591E+015    0.974
       2500.00    1.0847E+007   2.8994E+021   2.3463E+021    0.809

            Partition function of structure    5
     ================================================================
          T(K)      Rot.          SS-HO           SS-T     SS-T/SS-HO
        100.00    8.5956E+004   2.7141E-231   1.8847E-231    0.694
        125.00    1.2013E+005   1.6450E-183   1.1767E-183    0.715
        200.00    2.4312E+005   2.7822E-111   2.2006E-111    0.791
        298.15    4.4252E+005   6.8346E-071   6.1752E-071    0.904
        300.00    4.4664E+005   2.2391E-070   2.0278E-070    0.906
        500.00    9.6102E+005   3.7050E-036   4.0701E-036    1.099
        750.00    1.7655E+006   2.7445E-017   3.3614E-017    1.225
       1000.00    2.7182E+006   1.5270E-006   1.9187E-006    1.256
       1100.00    3.1359E+006   2.5875E-003   3.2385E-003    1.252
       1150.00    3.3521E+006   7.4750E-002   9.3167E-002    1.246
       1200.00    3.5731E+006   1.7686E+000   2.1922E+000    1.240
       1250.00    3.7988E+006   3.5032E+001   4.3133E+001    1.231
       1300.00    4.0289E+006   5.9185E+002   7.2304E+002    1.222
       1350.00    4.2636E+006   8.6655E+003   1.0493E+004    1.211
       1400.00    4.5027E+006   1.1147E+005   1.3368E+005    1.199
       1450.00    4.7460E+006   1.2751E+006   1.5130E+006    1.187
       1500.00    4.9936E+006   1.3103E+007   1.5372E+007    1.173
       1550.00    5.2453E+006   1.2207E+008   1.4149E+008    1.159
       1600.00    5.5012E+006   1.0393E+009   1.1894E+009    1.144
       1650.00    5.7611E+006   8.1445E+009   9.1974E+009    1.129
       1700.00    6.0249E+006   5.9111E+010   6.5832E+010    1.114
       1800.00    6.5642E+006   2.5285E+012   2.7346E+012    1.082
       1900.00    7.1188E+006   8.4512E+013   8.8609E+013    1.048
       2000.00    7.6881E+006   2.2769E+015   2.3109E+015    1.015
       2500.00    1.0745E+007   2.7275E+021   2.3182E+021    0.850

            Partition function of structure    6
     ================================================================
          T(K)      Rot.          SS-HO           SS-T     SS-T/SS-HO
        100.00    9.1763E+004   8.5973E-231   5.4405E-231    0.633
        125.00    1.2824E+005   4.5599E-183   3.0244E-183    0.663
        200.00    2.5955E+005   6.5600E-111   4.9540E-111    0.755
        298.15    4.7241E+005   1.5131E-070   1.3112E-070    0.867
        300.00    4.7682E+005   4.9538E-070   4.3026E-070    0.869
        500.00    1.0259E+006   7.8974E-036   8.1002E-036    1.026
        750.00    1.8848E+006   5.7605E-017   6.2287E-017    1.081
       1000.00    2.9018E+006   3.1825E-006   3.3012E-006    1.037
       1100.00    3.3478E+006   5.3829E-003   5.4068E-003    1.004
       1150.00    3.5786E+006   1.5539E-001   1.5323E-001    0.986
       1200.00    3.8145E+006   3.6740E+000   3.5520E+000    0.967
       1250.00    4.0554E+006   7.2729E+001   6.8856E+001    0.947
       1300.00    4.3011E+006   1.2280E+003   1.1374E+003    0.926
       1350.00    4.5517E+006   1.7971E+004   1.6267E+004    0.905
       1400.00    4.8069E+006   2.3108E+005   2.0426E+005    0.884
       1450.00    5.0667E+006   2.6420E+006   2.2790E+006    0.863
       1500.00    5.3310E+006   2.7139E+007   2.2831E+007    0.841
       1550.00    5.5997E+006   2.5275E+008   2.0726E+008    0.820
       1600.00    5.8729E+006   2.1513E+009   1.7187E+009    0.799
       1650.00    6.1503E+006   1.6854E+010   1.3113E+010    0.778
       1700.00    6.4320E+006   1.2229E+011   9.2628E+010    0.757
       1800.00    7.0077E+006   5.2284E+012   3.7502E+012    0.717
       1900.00    7.5998E+006   1.7468E+014   1.1855E+014    0.679
       2000.00    8.2076E+006   4.7047E+015   3.0195E+015    0.642
       2500.00    1.1470E+007   5.6291E+021   2.7285E+021    0.485

     ================================================================
              Partition Functions Including All Structures
        -----------------------------------------------------------
        Zero of energy is set to potential energy of global minimum
        -----------------------------------------------------------
        T(K)    Elec.        Trans.              Con-rovib
                                            MS-LH    or     MS-T
        100.00  2.0000E+000  3.2877E+006  9.9894E-229  6.9720E-229
        125.00  2.0000E+000  5.7434E+006  2.7958E-181  2.0210E-181
        200.00  2.0000E+000  1.8598E+007  1.6416E-109  1.3201E-109
        298.15  2.0000E+000  5.0464E+007  2.4514E-069  2.2440E-069
        300.00  2.0000E+000  5.1250E+007  7.9851E-069  7.3257E-069
        500.00  2.0000E+000  1.8379E+008  9.3429E-035  1.0313E-034
        750.00  2.0000E+000  5.0646E+008  5.9345E-016  7.1881E-016
       1000.00  2.0000E+000  1.0397E+009  3.0731E-005  3.7220E-005
       1100.00  2.0000E+000  1.3194E+009  5.1096E-002  6.0914E-002
       1150.00  2.0000E+000  1.4745E+009  1.4642E+000  1.7275E+000
       1200.00  2.0000E+000  1.6400E+009  3.4387E+001  4.0097E+001
       1250.00  2.0000E+000  1.8162E+009  6.7654E+002  7.7869E+002
       1300.00  2.0000E+000  2.0033E+009  1.1359E+004  1.2891E+004
       1350.00  2.0000E+000  2.2015E+009  1.6537E+005  1.8484E+005
       1400.00  2.0000E+000  2.4111E+009  2.1161E+006  2.3277E+006
       1450.00  2.0000E+000  2.6322E+009  2.4087E+007  2.6053E+007
       1500.00  2.0000E+000  2.8650E+009  2.4640E+008  2.6187E+008
       1550.00  2.0000E+000  3.1097E+009  2.2859E+009  2.3856E+009
       1600.00  2.0000E+000  3.3666E+009  1.9386E+010  1.9855E+010
       1650.00  2.0000E+000  3.6358E+009  1.5136E+011  1.5206E+011
       1700.00  2.0000E+000  3.9175E+009  1.0948E+012  1.0783E+012
       1800.00  2.0000E+000  4.5193E+009  4.6536E+013  4.4006E+013
       1900.00  2.0000E+000  5.1734E+009  1.5468E+015  1.4025E+015
       2000.00  2.0000E+000  5.8812E+009  4.1468E+016  3.6014E+016
       2500.00  2.0000E+000  1.0274E+010  4.8760E+022  3.3869E+022

             Total Partition Function (E + T + Con-rovib)
             ---------------------------------------------
                T(K)     E + T + MS-LH     E + T + MS-T
                100.00     6.5684E-222       4.5843E-222
                125.00     3.2115E-174       2.3215E-174
                200.00     6.1060E-102       4.9104E-102
                298.15     2.4742E-061       2.2648E-061
                300.00     8.1847E-061       7.5089E-061
                500.00     3.4342E-026       3.7907E-026
                750.00     6.0112E-007       7.2810E-007
               1000.00     6.3900E+004       7.7393E+004
               1100.00     1.3483E+008       1.6074E+008
               1150.00     4.3177E+009       5.0943E+009
               1200.00     1.1279E+011       1.3152E+011
               1250.00     2.4575E+012       2.8285E+012
               1300.00     4.5512E+013       5.1648E+013
               1350.00     7.2812E+014       8.1388E+014
               1400.00     1.0204E+016       1.1225E+016
               1450.00     1.2680E+017       1.3715E+017
               1500.00     1.4119E+018       1.5005E+018
               1550.00     1.4217E+019       1.4837E+019
               1600.00     1.3053E+020       1.3369E+020
               1650.00     1.1006E+021       1.1057E+021
               1700.00     8.5777E+021       8.4485E+021
               1800.00     4.2063E+023       3.9775E+023
               1900.00     1.6005E+025       1.4511E+025
               2000.00     4.8776E+026       4.2361E+026
               2500.00     1.0019E+033       6.9595E+032

     ================================================================
              Partition Functions Including All Structures
        -----------------------------------------------------------
                    Zero of energy is set to ZPE
        -----------------------------------------------------------
        T(K)             Con-rovib                Total
                   MS-LH        MS-T       E+T+MS-LH    E+T+MS-T
        100.00  4.4390E+006  3.0982E+006  2.9188E+013  2.0372E+013
        125.00  1.4612E+007  1.0563E+007  1.6784E+014  1.2133E+014
        200.00  3.4605E+008  2.7829E+008  1.2872E+016  1.0351E+016
        298.15  1.2321E+010  1.1279E+010  1.2436E+018  1.1383E+018
        300.00  1.3128E+010  1.2044E+010  1.3456E+018  1.2345E+018
        500.00  7.9439E+012  8.7685E+012  2.9200E+021  3.2231E+021
        750.00  1.1475E+016  1.3899E+016  1.1623E+025  1.4079E+025
       1000.00  8.9610E+018  1.0853E+019  1.8633E+028  2.2567E+028
       1100.00  1.0965E+020  1.3072E+020  2.8934E+029  3.4493E+029
       1150.00  3.7131E+020  4.3810E+020  1.0950E+030  1.2919E+030
       1200.00  1.2313E+021  1.4358E+021  4.0388E+030  4.7095E+030
       1250.00  4.0005E+021  4.6045E+021  1.4532E+031  1.6726E+031
       1300.00  1.2740E+022  1.4458E+022  5.1045E+031  5.7927E+031
       1350.00  3.9789E+022  4.4475E+022  1.7519E+032  1.9583E+032
       1400.00  1.2193E+023  1.3412E+023  5.8795E+032  6.4674E+032
       1450.00  3.6676E+023  3.9669E+023  1.9307E+033  2.0883E+033
       1500.00  1.0835E+024  1.1515E+024  6.2083E+033  6.5981E+033
       1550.00  3.1450E+024  3.2822E+024  1.9560E+034  2.0413E+034
       1600.00  8.9739E+024  9.1909E+024  6.0423E+034  6.1884E+034
       1650.00  2.5182E+025  2.5298E+025  1.8311E+035  1.8396E+035
       1700.00  6.9524E+025  6.8477E+025  5.4473E+035  5.3652E+035
       1800.00  5.0557E+026  4.7807E+026  4.5696E+036  4.3211E+036
       1900.00  3.4619E+027  3.1389E+027  3.5820E+037  3.2478E+037
       2000.00  2.2392E+028  1.9447E+028  2.6339E+038  2.2875E+038
       2500.00  1.1857E+032  8.2360E+031  2.4364E+042  1.6923E+042
     ================================================================

                     ==============================
                          Thermodynamic Functions
                      (Ideal gas at standard state)
                     ==============================
     T  - Temperature (Kelvin)        G  - Gibbs Free Energy (kcal/mol)
     E  - Thermal Energy (kcal/mol)   H  - Enthalpy (kcal/mol)
     S  - Entropy (cal/(mol-K))
     Cp - Heat Capacity at Constant Pressure (cal/(mol-K))
        -----------------------------------------------------------
        Zero of energy is set to potential energy of global minimum
        -----------------------------------------------------------

               Contribution from electronic P.F. 
     ================================================================
                  T          G          E          S
                100.00      -0.138      0.000      1.377
                125.00      -0.172      0.000      1.377
                200.00      -0.275      0.000      1.377
                298.15      -0.411      0.000      1.377
                300.00      -0.413      0.000      1.377
                500.00      -0.689      0.000      1.377
                750.00      -1.033      0.000      1.377
               1000.00      -1.377      0.000      1.377
               1100.00      -1.515      0.000      1.377
               1150.00      -1.584      0.000      1.377
               1200.00      -1.653      0.000      1.377
               1250.00      -1.722      0.000      1.377
               1300.00      -1.791      0.000      1.377
               1350.00      -1.860      0.000      1.377
               1400.00      -1.928      0.000      1.377
               1450.00      -1.997      0.000      1.377
               1500.00      -2.066      0.000      1.377
               1550.00      -2.135      0.000      1.377
               1600.00      -2.204      0.000      1.377
               1650.00      -2.273      0.000      1.377
               1700.00      -2.342      0.000      1.377
               1800.00      -2.479      0.000      1.377
               1900.00      -2.617      0.000      1.377
               2000.00      -2.755      0.000      1.377
               2500.00      -3.444      0.000      1.377

               Contribution from translational P.F. 
     ================================================================
                  T          G          E          S
                100.00      -2.982      0.298     34.788
                125.00      -3.866      0.373     35.896
                200.00      -6.653      0.596     38.231
                298.15     -10.509      0.889     40.215
                300.00     -10.583      0.894     40.246
                500.00     -18.908      1.490     42.783
                750.00     -29.872      2.236     44.798
               1000.00     -41.259      2.981     46.227
               1100.00     -45.906      3.279     46.700
               1150.00     -48.246      3.428     46.921
               1200.00     -50.598      3.577     47.133
               1250.00     -52.959      3.726     47.336
               1300.00     -55.331      3.875     47.530
               1350.00     -57.712      4.024     47.718
               1400.00     -60.103      4.173     47.899
               1450.00     -62.502      4.322     48.073
               1500.00     -64.910      4.471     48.241
               1550.00     -67.326      4.620     48.404
               1600.00     -69.750      4.769     48.562
               1650.00     -72.182      4.918     48.715
               1700.00     -74.622      5.067     48.863
               1800.00     -79.522      5.365     49.147
               1900.00     -84.451      5.664     49.416
               2000.00     -89.405      5.962     49.671
               2500.00    -114.528      7.452     50.779

        Contribution from conformational-rovibrational P.F. (MS-LH)
     ================================================================
                  T          G          E          S
                100.00     104.327    108.353     40.257
                125.00     103.271    108.796     44.203
                200.00      99.554    110.475     54.604
                298.15      93.602    113.428     66.495
                300.00      93.479    113.492     66.711
                500.00      77.855    122.499     89.289
                750.00      52.255    138.479    114.966
               1000.00      20.648    158.014    137.367
               1100.00       6.501    166.540    145.490
               1150.00      -0.871    170.927    149.390
               1200.00      -8.436    175.387    153.186
               1250.00     -16.188    179.917    156.884
               1300.00     -24.123    184.511    160.488
               1350.00     -32.236    189.165    164.000
               1400.00     -40.522    193.874    167.425
               1450.00     -48.977    198.634    170.766
               1500.00     -57.597    203.443    174.027
               1550.00     -66.378    208.297    177.209
               1600.00     -75.317    213.192    180.318
               1650.00     -84.409    218.127    183.355
               1700.00     -93.651    223.098    186.323
               1800.00    -112.572    233.141    192.063
               1900.00    -132.055    243.306    197.558
               2000.00    -152.076    253.576    202.826
               2500.00    -259.536    306.151    226.275

        Contribution from conformational-rovibrational P.F. (MS-T)
     ================================================================
                  T          G          E          S
                100.00     104.398    108.380     39.817
                125.00     103.351    108.840     43.911
                200.00      99.641    110.586     54.727
                298.15      93.655    113.642     67.038
                300.00      93.530    113.709     67.260
                500.00      77.757    122.819     90.124
                750.00      51.969    138.645    115.568
               1000.00      20.267    157.773    137.506
               1100.00       6.117    166.078    145.420
               1150.00      -1.249    170.344    149.212
               1200.00      -8.803    174.677    152.900
               1250.00     -16.538    179.073    156.489
               1300.00     -24.450    183.527    159.982
               1350.00     -32.534    188.034    163.384
               1400.00     -40.787    192.592    166.699
               1450.00     -49.203    197.195    169.930
               1500.00     -57.778    201.842    173.080
               1550.00     -66.510    206.529    176.154
               1600.00     -75.393    211.253    179.153
               1650.00     -84.424    216.012    182.082
               1700.00     -93.600    220.803    184.943
               1800.00    -112.372    230.474    190.470
               1900.00    -131.686    240.250    195.756
               2000.00    -151.516    250.120    200.818
               2500.00    -257.726    300.525    223.300

     Total (Translational + Electronic + conformational-rovib.(MS-LH))
     ======================================================================
              T          G          E          H          S          Cp
            100.00     101.207    108.651    108.849     76.422     21.343
            125.00      99.232    109.169    109.417     81.477     23.993
            200.00      92.626    111.071    111.468     94.213     30.576
            298.15      82.683    114.316    114.909    108.087     39.788
            300.00      82.483    114.387    114.983    108.334     39.974
            500.00      58.259    123.990    124.983    133.449     59.491
            750.00      21.349    140.715    142.205    161.141     76.998
           1000.00     -21.989    160.995    162.982    184.971     88.453
           1100.00     -40.920    169.819    172.005    193.568     91.915
           1150.00     -50.702    174.355    176.640    197.688     93.458
           1200.00     -60.687    178.964    181.349    201.697     94.890
           1250.00     -70.869    183.643    186.127    205.597     96.220
           1300.00     -81.245    188.386    190.970    209.396     97.456
           1350.00     -91.807    193.189    195.871    213.095     98.606
           1400.00    -102.553    198.047    200.829    216.701     99.676
           1450.00    -113.476    202.956    205.838    220.216    100.672
           1500.00    -124.573    207.914    210.895    223.645    101.602
           1550.00    -135.839    212.917    215.997    226.991    102.469
           1600.00    -147.271    217.961    221.141    230.257    103.279
           1650.00    -158.864    223.045    226.324    233.447    104.036
           1700.00    -170.614    228.165    231.544    236.563    104.745
           1800.00    -194.574    238.507    242.084    242.588    106.031
           1900.00    -219.123    248.969    252.745    248.351    107.163
           2000.00    -244.236    259.538    263.512    253.874    108.163
           2500.00    -377.508    313.603    318.571    278.432    111.742

     Total (Translational + Electronic + conformational-rovib.(MS-T))
     ======================================================================
              T          G          E          H          S          Cp
            100.00     101.279    108.678    108.877     75.982     21.940
            125.00      99.313    109.213    109.461     81.185     24.723
            200.00      92.713    111.182    111.580     94.336     31.604
            298.15      82.735    114.531    115.123    108.630     40.772
            300.00      82.534    114.603    115.199    108.883     40.953
            500.00      58.161    124.309    125.303    134.285     59.483
            750.00      21.064    140.880    142.371    161.743     75.828
           1000.00     -22.369    160.753    162.741    185.110     86.402
           1100.00     -41.304    169.357    171.543    193.497     89.568
           1150.00     -51.080    173.772    176.057    197.510     90.973
           1200.00     -61.053    178.254    180.639    201.410     92.274
           1250.00     -71.219    182.799    185.283    205.201     93.478
           1300.00     -81.572    187.402    189.985    208.890     94.594
           1350.00     -92.106    192.058    194.741    212.479     95.629
           1400.00    -102.818    196.765    199.547    215.975     96.590
           1450.00    -113.702    201.518    204.399    219.380     97.482
           1500.00    -124.755    206.313    209.294    222.699     98.312
           1550.00    -135.971    211.149    214.229    225.935     99.084
           1600.00    -147.347    216.022    219.202    229.093     99.803
           1650.00    -158.879    220.930    224.209    232.174    100.474
           1700.00    -170.563    225.870    229.248    235.183    101.100
           1800.00    -194.374    235.839    239.416    240.994    102.230
           1900.00    -218.754    245.914    249.690    246.549    103.221
           2000.00    -243.676    256.082    260.056    251.866    104.091
           2500.00    -375.698    307.977    312.945    275.457    107.167

                        --------------------------------
                         Zero of energy is set to ZPE
                        --------------------------------

     Total (Translational + Electronic + conformational-rovib.(MS-LH))
     ======================================================================
              T          G          E          H          S          Cp
            100.00      -6.161      1.282      1.481     76.422     21.343
            125.00      -8.136      1.800      2.048     81.477     23.993
            200.00     -14.743      3.702      4.100     94.213     30.576
            298.15     -24.686      6.948      7.540    108.087     39.788
            300.00     -24.886      7.018      7.614    108.334     39.974
            500.00     -49.110     16.621     17.615    133.449     59.491
            750.00     -86.019     33.346     34.837    161.141     76.998
           1000.00    -129.357     53.627     55.614    184.971     88.453
           1100.00    -148.288     62.451     64.637    193.568     91.915
           1150.00    -158.070     66.986     69.271    197.688     93.458
           1200.00    -168.055     71.596     73.981    201.697     94.890
           1250.00    -178.238     76.275     78.759    205.597     96.220
           1300.00    -188.613     81.018     83.601    209.396     97.456
           1350.00    -199.176     85.820     88.503    213.095     98.606
           1400.00    -209.921     90.678     93.460    216.701     99.676
           1450.00    -220.845     95.588     98.469    220.216    100.672
           1500.00    -231.941    100.546    103.526    223.645    101.602
           1550.00    -243.208    105.548    108.628    226.991    102.469
           1600.00    -254.639    110.593    113.772    230.257    103.279
           1650.00    -266.232    115.677    118.955    233.447    104.036
           1700.00    -277.983    120.797    124.175    236.563    104.745
           1800.00    -301.943    131.138    134.715    242.588    106.031
           1900.00    -326.492    141.601    145.376    248.351    107.163
           2000.00    -351.605    152.169    156.144    253.874    108.163
           2500.00    -484.876    206.235    211.203    278.432    111.742

     Total (Translational + Electronic + conformational-rovib.(MS-T))
     ======================================================================
              T          G          E          H          S          Cp
            100.00      -6.090      1.310      1.508     75.982     21.940
            125.00      -8.055      1.844      2.093     81.185     24.723
            200.00     -14.656      3.814      4.211     94.336     31.604
            298.15     -24.633      7.162      7.755    108.630     40.772
            300.00     -24.834      7.234      7.830    108.883     40.953
            500.00     -49.208     16.941     17.935    134.285     59.483
            750.00     -86.305     33.512     35.002    161.743     75.828
           1000.00    -129.738     53.385     55.372    185.110     86.402
           1100.00    -148.673     61.989     64.175    193.497     89.568
           1150.00    -158.448     66.403     68.689    197.510     90.973
           1200.00    -168.422     70.886     73.270    201.410     92.274
           1250.00    -178.587     75.430     77.915    205.201     93.478
           1300.00    -188.940     80.033     82.617    208.890     94.594
           1350.00    -199.475     84.690     87.373    212.479     95.629
           1400.00    -210.187     89.396     92.178    215.975     96.590
           1450.00    -221.071     94.149     97.030    219.380     97.482
           1500.00    -232.123     98.945    101.926    222.699     98.312
           1550.00    -243.339    103.781    106.861    225.935     99.084
           1600.00    -254.716    108.654    111.833    229.093     99.803
           1650.00    -266.248    113.561    116.840    232.174    100.474
           1700.00    -277.932    118.502    121.880    235.183    101.100
           1800.00    -301.743    128.471    132.048    240.994    102.230
           1900.00    -326.122    138.545    142.321    246.549    103.221
           2000.00    -351.045    148.713    152.688    251.866    104.091
           2500.00    -483.067    200.608    205.576    275.457    107.167

 ==============================End of MSTor output==============================
