
 *******************************************************************************

   MSTor program version 2013 (2013)

   Jingjing Zheng, Steven L. Mielke, and Donald G. Truhlar

   Department of Chemistry and Supercomputing Institute
   University of Minnesota, Minneapolis, Minnesota, USA

   Copyright 2013
   Donald G. Truhlar and Regents of the University of Minnesota

   Citations: 
   MS-T(U) method
     J. Zheng, T. Yu, E. Papajak, I. M. Alecu, S. L. Mielke, and D. G. Truhlar,
     Phys. Chem. Chem. Phys. 13, 10885-10907 (2011).
   MS-T(C) method
     J. Zheng and D. G. Truhlar, J. Chem. Theory Comput., DOI: 10.1021/ct3010722.
   MSTor program
     J. Zheng, S. L. Mielke, K. L Clarkson, and D. G. Truhlar,
     Comp. Phys. Comm. 183, 1803-1812 (2012).
     J. Zheng, R. Meana-Paneda, and D. G. Truhlar, Comp. Phys. Comm.
     to be published as new version announcement.

 *******************************************************************************

                    Naming conventions for the MS methods
   -----------------------------------------------------------------------------
   Common name        Original or other names
   -----------------------------------------------------------------------------
   MS-LH         =    MS-HO (ref. 1)   =   MS-AS-HO (ref. 2)
   MS-T          =    MS-AS (ref. 1)   =   MS-AS-T  (ref. 2)
   -----------------------------------------------------------------------------
   Ref. 1: J. Zheng, T. Yu, E. Papajak, I. M. Alecu, S. L. Mielke, and
           D. G. Truhlar, Phys. Chem. Chem. Phys. 13, 10885 (2011).
   Ref. 2: T. Yu, J. Zheng, and D. G. Truhlar, Chem. Sci. 2, 2199 (2011)

   Calculation run on 01/24/2022 at 18:13:38  

   Number of structures:             9
   Number of torsions:               6
   Method:                           MS-T(C)
   Frequency scaling factor:         0.964
   Delta T for finite difference:    0.5 K
   Internal coordinates
     Bonds:         01-02  01-20  02-03  02-16  02-17  03-14  04-12  04-13  05-06
     Bonds:         05-08  06-07  07-10  07-11  09-21  01-19  03-15  07-09  03-04
     Bonds:         04-05  01-18
     Angles:        01-02-03  02-03-04  02-03-14  03-04-13  04-05-06  05-04-12
     Angles:        05-06-07  06-05-08  06-07-11  10-07-11  12-04-13  14-03-15
     Angles:        18-01-19  16-02-17  02-01-19  18-01-20  01-02-16  09-07-11
     Linear Angles: 07=09=21
     Dihedrals:     01-03-16-02  02-04-14-03  02-18-19-01  03-05-12-04
     Dihedrals:     03-05-13-04  03-16-17-02  04-06-08-05  04-14-15-03
     Dihedrals:     06-09-11-07  06-10-11-07  18-19-20-01  04-03-02-01
     Dihedrals:     05-04-03-02  06-05-04-03  07-06-05-04  09-07-06-05
     Dihedrals:     03-02-01-18

   All moment output uses units of amu for masses and Angstroms for distances 

                           ==========================
                                Structure   1
                           ==========================

   Normal-mode Frequencies (cm-1) 
   (Overall translation and rotation projected out)
    1451.0936i      0.0000i      0.0000i      0.0000i      0.0000       0.0000 
       0.0000      35.3619      70.4772      85.9701     114.5545     144.2421 
     213.5633     243.0887     251.9051     305.4397     317.9320     378.1965 
     517.3437     546.0111     575.2181     654.8991     736.3901     835.6072 
     839.0338     910.8022     933.5903    1019.9177    1066.7278    1067.1524 
    1093.6651    1107.6028    1140.4156    1172.7810    1207.5547    1222.1310 
    1245.5554    1252.4109    1267.8518    1303.5258    1311.0025    1383.1797 
    1392.4799    1399.0410    1431.7109    1441.4223    1455.2330    1468.7689 
    1475.3105    1481.4003    1571.9894    1836.2233    2993.4956    2999.4935 
    3008.5149    3017.5819    3041.5220    3058.4980    3067.6886    3078.8874 
    3079.7664    3085.2804    3194.5873 
   Torsion-projected frequencies/non-torsional frequencies (cm-1)
    1451.0591i    210.7002     251.3626     303.8738     312.8716     377.0318 
     517.2381     545.6318     573.2453     654.2031     735.1718     835.5892 
     839.0181     910.7734     933.5652    1019.9082    1066.7182    1067.1204 
    1093.6217    1107.5954    1140.4098    1172.7661    1207.5436    1222.1094 
    1245.5137    1252.3262    1267.7773    1303.5125    1310.9500    1383.1784 
    1392.4794    1399.0379    1431.7031    1441.4173    1455.2328    1468.7641 
    1475.3101    1481.3974    1571.9844    1836.2224    2993.4951    2999.4935 
    3008.5148    3017.5817    3041.5175    3058.4961    3067.6873    3078.8851 
    3079.7658    3085.2802    3194.5860 
   Product of consistently coupled torsional frequencies (in cm-1^ntor)  9.0242E+11
   Primitively coupled torsional frequencies (cm-1) (Not used)
      38.4216      83.0079      91.9110     123.4090     165.9015     245.6007 
   Product of primitively coupled torsional frequencies (in cm-1^ntor)   1.4740E+12
   Effective coupled torsional barrier (kcal/mol)
        1.754        2.744        2.794        4.710        8.064        8.907 

   D matrix: 
   m-n        1             2             3             4             5
    1   2.225723E+01 -2.951009E+00 -4.477268E+00 -1.963466E+00 -1.506189E+00
    2  -2.951009E+00  2.376791E+01  8.662762E+00  6.520384E+00  2.870714E+00
    3  -4.477268E+00  8.662762E+00  4.679392E+01 -1.159660E+01  5.662310E+00
    4  -1.963466E+00  6.520384E+00 -1.159660E+01  2.210547E+01  4.240739E+00
    5  -1.506189E+00  2.870714E+00  5.662310E+00  4.240739E+00  7.906865E+00
    6   1.405010E+00  2.214998E+00  4.949256E-01  5.189770E-01  1.351757E-01
   m-n        6
    1   1.405010E+00
    2   2.214998E+00
    3   4.949256E-01
    4   5.189770E-01
    5   1.351757E-01
    6   3.026075E+00

   Eigenvalues of D matrix:
     5.3705E+01    3.2010E+01    2.0694E+01    1.2290E+01    2.6394E+00    4.5192E+00
   Determinant of D matrix  3.968310E+029

          Uncoupled force constants (au), Pitzer moment of inertia (amu A^2),
   uncoupled torsional frequencies (cm-1), and uncoupled torsional barrier (kcal/mol)
   --------------------------------------------------------------------------------
   Torsion               1             2             3             4             5
   Force constant   2.17040E-02  3.76287E-02  1.11406E-02  3.71802E-02  1.28955E-02
   Moment          22.257       23.768       46.794       22.105        7.907
   Tor. Freq.        84.945      108.235       41.972      111.561      109.855
   Rot. barrier       4.693        8.136        2.409        8.039        2.788
   M_j,tau            2.409        2.409        2.409        2.409        2.409

   Torsion               6
   Force constant   2.08432E-02
   Moment           3.026
   Tor. Freq.       225.760
   Rot. barrier       2.907
   M_j,tau            3.000
   --------------------------------------------------------------------------------
   Potential Energy =   0.000 kcal/mol
   Weight =  2
   Overall rotational symmetry number =   1

                           ==========================
                                Structure   2
                           ==========================

   Normal-mode Frequencies (cm-1) 
   (Overall translation and rotation projected out)
    1451.0956i      0.0001i      0.0000i      0.0000i      0.0000i      0.0000 
       0.0000      34.2106      73.1812      90.7149     109.4496     148.7806 
     213.4900     243.6872     253.4756     304.7488     313.6632     380.4834 
     518.0621     545.0947     577.1061     654.4971     736.0999     834.9324 
     839.9998     911.4249     933.8733    1020.1498    1066.7842    1068.3546 
    1092.2911    1107.3889    1140.1041    1172.8613    1206.5058    1222.8538 
    1244.5622    1253.1120    1267.8664    1303.8308    1311.9621    1383.3893 
    1392.5887    1399.3607    1431.7957    1441.5117    1455.3380    1468.8344 
    1475.3239    1481.4351    1572.9185    1835.8106    2994.8635    2999.2245 
    3008.0852    3017.1252    3043.7533    3058.9076    3067.8003    3079.1739 
    3079.2764    3085.3271    3194.3551 
   Torsion-projected frequencies/non-torsional frequencies (cm-1)
    1451.0611i    212.1810     252.1598     303.8890     308.1725     379.2147 
     517.9301     544.8034     574.9222     653.8587     734.8878     834.9209 
     839.9702     911.3899     933.8486    1020.1405    1066.7712    1068.3183 
    1092.2529    1107.3827    1140.0992    1172.8438    1206.4881    1222.8417 
    1244.5230    1253.0350    1267.7918    1303.8169    1311.9088    1383.3868 
    1392.5871    1399.3579    1431.7831    1441.5095    1455.3378    1468.8303 
    1475.3235    1481.4331    1572.9130    1835.8098    2994.8628    2999.2244 
    3008.0850    3017.1249    3043.7474    3058.9051    3067.7990    3079.1708 
    3079.2757    3085.3269    3194.3537 
   Product of consistently coupled torsional frequencies (in cm-1^ntor)  9.4070E+11
   Primitively coupled torsional frequencies (cm-1) (Not used)
      37.8658      83.9523      97.3084     121.8146     167.1971     245.9714 
   Product of primitively coupled torsional frequencies (in cm-1^ntor)   1.5497E+12
   Effective coupled torsional barrier (kcal/mol)
        1.709        2.752        2.792        4.749        8.261        9.615 

   D matrix: 
   m-n        1             2             3             4             5
    1   2.193343E+01 -2.395714E+00 -3.312467E+00 -1.062398E+00 -1.084642E-01
    2  -2.395714E+00  2.327567E+01  7.528069E+00  6.125554E+00  1.747402E+00
    3  -3.312467E+00  7.528069E+00  4.620716E+01 -1.264513E+01  5.172068E+00
    4  -1.062398E+00  6.125554E+00 -1.264513E+01  2.181910E+01  3.592301E+00
    5  -1.084642E-01  1.747402E+00  5.172068E+00  3.592301E+00  7.649342E+00
    6   1.429963E+00  2.227558E+00  5.390292E-01  5.685665E-01  2.145775E-01
   m-n        6
    1   1.429963E+00
    2   2.227558E+00
    3   5.390292E-01
    4   5.685665E-01
    5   2.145775E-01
    6   3.030848E+00

   Eigenvalues of D matrix:
     5.2994E+01    3.0168E+01    2.1036E+01    2.6385E+00    4.5039E+00    1.2575E+01
   Determinant of D matrix  3.824200E+029

          Uncoupled force constants (au), Pitzer moment of inertia (amu A^2),
   uncoupled torsional frequencies (cm-1), and uncoupled torsional barrier (kcal/mol)
   --------------------------------------------------------------------------------
   Torsion               1             2             3             4             5
   Force constant   2.17058E-02  4.11319E-02  1.08879E-02  3.75435E-02  1.29354E-02
   Moment          21.933       23.276       46.207       21.819        7.649
   Tor. Freq.        85.574      114.352       41.756      112.838      111.862
   Rot. barrier       4.714        8.933        2.365        8.154        2.809
   M_j,tau            2.404        2.404        2.404        2.404        2.404

   Torsion               6
   Force constant   2.08192E-02
   Moment           3.031
   Tor. Freq.       225.452
   Rot. barrier       2.903
   M_j,tau            3.000
   --------------------------------------------------------------------------------
   Potential Energy =   0.001 kcal/mol
   Weight =  2
   Overall rotational symmetry number =   1

                           ==========================
                                Structure   3
                           ==========================

   Normal-mode Frequencies (cm-1) 
   (Overall translation and rotation projected out)
    1450.4608i      0.0001i      0.0001i      0.0000i      0.0000i      0.0000 
       0.0000      30.7790      64.8332      92.1676     110.6372     116.8015 
     148.7858     241.4600     260.5165     299.0132     319.9087     364.7526 
     485.6226     544.5277     573.5217     699.7127     717.8230     788.9657 
     889.2742     919.2437     920.4321    1035.4356    1068.9931    1078.1687 
    1094.6034    1111.1387    1137.5402    1173.1717    1209.6151    1211.8422 
    1239.3944    1255.5458    1284.6573    1287.9537    1304.6529    1362.5661 
    1396.7022    1409.3778    1433.8502    1441.2419    1463.6806    1470.8897 
    1474.9303    1484.3036    1571.0863    1838.6738    2989.8889    3001.4515 
    3010.2740    3018.0576    3024.6363    3047.8777    3068.6995    3079.1365 
    3079.7458    3085.6469    3193.8573 
   Torsion-projected frequencies/non-torsional frequencies (cm-1)
    1450.4280i    104.0733     258.8590     297.3594     316.2663     363.4668 
     485.5136     544.1589     570.9336     699.6842     716.0649     788.8441 
     889.2702     919.0984     920.4054    1035.4350    1068.9623    1078.1679 
    1094.5679    1111.1098    1137.5391    1173.1552    1209.6033    1211.8158 
    1239.3824    1255.4213    1284.6453    1287.9097    1304.6240    1362.5654 
    1396.7021    1409.3770    1433.8501    1441.2392    1463.6806    1470.8897 
    1474.9278    1484.3035    1571.0809    1838.6733    2989.8889    3001.4515 
    3010.2740    3018.0575    3024.6356    3047.8737    3068.6986    3079.1359 
    3079.7446    3085.6469    3193.8559 
   Product of consistently coupled torsional frequencies (in cm-1^ntor)  8.5009E+11
   Primitively coupled torsional frequencies (cm-1) (Not used)
      34.6337      70.9562     110.9254     121.8245     166.9215     245.8532 
   Product of primitively coupled torsional frequencies (in cm-1^ntor)   1.3628E+12
   Effective coupled torsional barrier (kcal/mol)
        0.924        2.340        2.674        3.071        4.359        6.906 

   D matrix: 
   m-n        1             2             3             4             5
    1   1.981018E+01 -4.055477E+00  1.603080E+01 -5.138528E+00  1.667891E+00
    2  -4.055477E+00  2.135308E+01 -4.760329E+00  9.899731E+00  8.106105E-01
    3   1.603080E+01 -4.760329E+00  3.121684E+01 -1.276643E+01  2.960316E+00
    4  -5.138528E+00  9.899731E+00 -1.276643E+01  2.321747E+01  4.025466E+00
    5   1.667891E+00  8.106105E-01  2.960316E+00  4.025466E+00  7.426689E+00
    6   9.837832E-01  2.265353E+00  1.245347E+00  4.016525E-01  2.634246E-01
   m-n        6
    1   9.837832E-01
    2   2.265353E+00
    3   1.245347E+00
    4   4.016525E-01
    5   2.634246E-01
    6   3.016104E+00

   Eigenvalues of D matrix:
     5.2764E+01    2.4450E+01    1.3869E+01    8.2316E+00    4.1408E+00    2.5854E+00
   Determinant of D matrix  1.199768E+029

          Uncoupled force constants (au), Pitzer moment of inertia (amu A^2),
   uncoupled torsional frequencies (cm-1), and uncoupled torsional barrier (kcal/mol)
   --------------------------------------------------------------------------------
   Torsion               1             2             3             4             5
   Force constant   2.21858E-02  1.65758E-02  5.71780E-03  3.67284E-02  1.29208E-02
   Moment          19.810       21.353       31.217       23.217        7.427
   Tor. Freq.        91.033       75.790       36.815      108.193      113.462
   Rot. barrier       4.098        3.062        1.056        6.784        2.386
   M_j,tau            2.607        2.607        2.607        2.607        2.607

   Torsion               6
   Force constant   2.07138E-02
   Moment           3.016
   Tor. Freq.       225.430
   Rot. barrier       2.888
   M_j,tau            3.000
   --------------------------------------------------------------------------------
   Potential Energy =   0.111 kcal/mol
   Weight =  2
   Overall rotational symmetry number =   1

                           ==========================
                                Structure   4
                           ==========================

   Normal-mode Frequencies (cm-1) 
   (Overall translation and rotation projected out)
    1450.5735i      0.0001i      0.0000i      0.0000i      0.0000i      0.0000i
       0.0000      31.6969      49.0909      95.7260     115.6836     155.5793 
     195.4871     259.6179     280.5337     314.5910     359.4839     396.7700 
     482.6286     544.3182     579.0321     657.9900     746.3365     824.6262 
     842.2408     910.8014     942.4565     980.9996    1067.9467    1073.2960 
    1091.5923    1096.9505    1141.0926    1172.7256    1191.7298    1218.5857 
    1240.0739    1247.9952    1266.4771    1299.5090    1346.5348    1374.5310 
    1392.9735    1399.0168    1434.3237    1441.7420    1453.5085    1469.5497 
    1478.4926    1484.1537    1572.3224    1835.3289    2999.2342    3007.9784 
    3013.3688    3020.9493    3052.8719    3062.3103    3077.0258    3079.2287 
    3079.9597    3084.7661    3194.3859 
   Torsion-projected frequencies/non-torsional frequencies (cm-1)
    1450.5389i    193.0768     278.1154     307.7857     357.7599     395.8930 
     481.5399     543.9470     576.9042     657.8830     745.7552     824.6000 
     842.1442     910.7352     942.4356     980.9293    1067.9170    1073.2439 
    1091.5497    1096.9374    1141.0858    1172.7086    1191.7194    1218.5673 
    1240.0411    1247.9248    1266.4005    1299.4817    1346.5315    1374.5302 
    1392.9575    1399.0140    1434.2786    1441.7382    1453.4999    1469.5350 
    1478.4461    1484.1467    1572.3167    1835.3282    2999.2320    3007.9783 
    3013.3659    3020.9475    3052.8686    3062.3090    3077.0236    3079.2280 
    3079.9583    3084.7636    3194.3846 
   Product of consistently coupled torsional frequencies (in cm-1^ntor)  7.3776E+11
   Primitively coupled torsional frequencies (cm-1) (Not used)
      34.2396      54.1404     104.8871     134.5809     171.3783     265.0899 
   Product of primitively coupled torsional frequencies (in cm-1^ntor)   1.1888E+12
   Effective coupled torsional barrier (kcal/mol)
        1.543        2.150        2.822        5.084        8.395        9.917 

   D matrix: 
   m-n        1             2             3             4             5
    1   2.679722E+01  2.185784E+01 -7.460761E+00  7.139605E+00  2.574860E-01
    2   2.185784E+01  4.524465E+01  7.556087E+00  1.262644E+01  3.091397E+00
    3  -7.460761E+00  7.556087E+00  4.348285E+01 -1.091201E+01  4.897250E+00
    4   7.139605E+00  1.262644E+01 -1.091201E+01  2.335290E+01  4.240046E+00
    5   2.574860E-01  3.091397E+00  4.897250E+00  4.240046E+00  7.701000E+00
    6   1.361191E+00 -2.993319E-01  6.753235E-01 -2.529787E-01  9.256859E-02
   m-n        6
    1   1.361191E+00
    2  -2.993319E-01
    3   6.753235E-01
    4  -2.529787E-01
    5   9.256859E-02
    6   3.077186E+00

   Eigenvalues of D matrix:
     6.5158E+01    5.0299E+01    1.8495E+01    8.5821E+00    2.6966E+00    4.4250E+00
   Determinant of D matrix  4.723425E+029

          Uncoupled force constants (au), Pitzer moment of inertia (amu A^2),
   uncoupled torsional frequencies (cm-1), and uncoupled torsional barrier (kcal/mol)
   --------------------------------------------------------------------------------
   Torsion               1             2             3             4             5
   Force constant   2.30287E-02  3.81345E-02  1.05342E-02  3.75409E-02  1.30095E-02
   Moment          26.797       45.245       43.483       23.353        7.701
   Tor. Freq.        79.744       78.973       42.340      109.066      111.805
   Rot. barrier       5.098        8.442        2.332        8.311        2.880
   M_j,tau            2.381        2.381        2.381        2.381        2.381

   Torsion               6
   Force constant   2.04180E-02
   Moment           3.077
   Tor. Freq.       221.582
   Rot. barrier       2.847
   M_j,tau            3.000
   --------------------------------------------------------------------------------
   Potential Energy =   0.671 kcal/mol
   Weight =  2
   Overall rotational symmetry number =   1

                           ==========================
                                Structure   5
                           ==========================

   Normal-mode Frequencies (cm-1) 
   (Overall translation and rotation projected out)
    1451.2365i      0.0000i      0.0000i      0.0000       0.0000       0.0000 
       0.0001      32.9641      49.9727      88.9507     125.0616     150.6705 
     197.0993     260.6877     279.5996     319.3530     357.2042     397.7547 
     482.2711     545.5358     576.6776     658.2872     746.5558     825.1769 
     841.6347     909.6106     942.9428     981.1602    1066.4105    1073.6071 
    1091.9429    1098.0953    1141.4670    1172.4708    1193.0702    1218.3453 
    1240.8136    1248.1517    1266.5152    1299.5487    1346.3547    1374.6691 
    1393.0152    1399.0307    1434.3997    1441.6363    1453.7543    1469.5335 
    1478.6308    1484.2117    1571.5810    1835.7497    2999.2556    3008.6034 
    3013.4542    3021.7883    3052.6251    3062.7178    3076.8701    3079.6205 
    3079.8708    3084.1622    3194.5908 
   Torsion-projected frequencies/non-torsional frequencies (cm-1)
    1451.2013i    193.1526     277.5210     313.7488     354.3504     397.1074 
     481.3822     545.0963     574.6488     658.1590     745.9726     825.1447 
     841.5413     909.5484     942.9221     981.0902    1066.3793    1073.5614 
    1091.9102    1098.0673    1141.4603    1172.4550    1193.0608    1218.3214 
    1240.7879    1248.0680    1266.4409    1299.5216    1346.3511    1374.6683 
    1392.9967    1399.0287    1434.3631    1441.6280    1453.7457    1469.5187 
    1478.5868    1484.2046    1571.5760    1835.7489    2999.2534    3008.6033 
    3013.4510    3021.7864    3052.6214    3062.7165    3076.8681    3079.6193 
    3079.8700    3084.1596    3194.5894 
   Product of consistently coupled torsional frequencies (in cm-1^ntor)  7.6655E+11
   Primitively coupled torsional frequencies (cm-1) (Not used)
      35.2140      54.5739     101.4586     137.8982     170.9127     265.4750 
   Product of primitively coupled torsional frequencies (in cm-1^ntor)   1.2200E+12
   Effective coupled torsional barrier (kcal/mol)
        1.662        2.180        2.874        5.257        8.587       10.208 

   D matrix: 
   m-n        1             2             3             4             5
    1   2.659918E+01  2.112428E+01 -7.723040E+00  6.046017E+00 -2.198331E-01
    2   2.112428E+01  4.482395E+01  8.505469E+00  1.199585E+01  3.597186E+00
    3  -7.723040E+00  8.505469E+00  4.437563E+01 -9.733311E+00  5.584542E+00
    4   6.046017E+00  1.199585E+01 -9.733311E+00  2.293463E+01  4.564725E+00
    5  -2.198331E-01  3.597186E+00  5.584542E+00  4.564725E+00  7.917704E+00
    6   1.355676E+00 -3.448449E-01  6.252810E-01 -3.362172E-01  1.488783E-02
   m-n        6
    1   1.355676E+00
    2  -3.448449E-01
    3   6.252810E-01
    4  -3.362172E-01
    5   1.488783E-02
    6   3.075653E+00

   Eigenvalues of D matrix:
     6.3473E+01    5.1118E+01    1.9703E+01    8.2786E+00    2.7012E+00    4.4519E+00
   Determinant of D matrix  4.843075E+029

          Uncoupled force constants (au), Pitzer moment of inertia (amu A^2),
   uncoupled torsional frequencies (cm-1), and uncoupled torsional barrier (kcal/mol)
   --------------------------------------------------------------------------------
   Torsion               1             2             3             4             5
   Force constant   2.33672E-02  3.85684E-02  1.08483E-02  3.75383E-02  1.28993E-02
   Moment          26.599       44.824       44.376       22.935        7.918
   Tor. Freq.        80.626       79.793       42.532      110.052      109.796
   Rot. barrier       5.293        8.737        2.457        8.503        2.922
   M_j,tau            2.354        2.354        2.354        2.354        2.354

   Torsion               6
   Force constant   2.04806E-02
   Moment           3.076
   Tor. Freq.       221.977
   Rot. barrier       2.856
   M_j,tau            3.000
   --------------------------------------------------------------------------------
   Potential Energy =   0.680 kcal/mol
   Weight =  2
   Overall rotational symmetry number =   1

                           ==========================
                                Structure   6
                           ==========================

   Normal-mode Frequencies (cm-1) 
   (Overall translation and rotation projected out)
    1450.4755i      0.0000i      0.0000i      0.0000i      0.0000       0.0000 
       0.0000      28.2199      56.6361      95.2168     107.0945     140.0450 
     148.0680     236.8264     278.5279     313.4616     330.3418     418.5777 
     443.6844     544.6610     574.6951     696.6211     741.7525     785.7892 
     878.3518     912.3810     933.7770     986.4777    1069.4362    1085.9788 
    1098.3205    1109.6777    1131.6798    1173.2291    1201.0140    1211.4560 
    1241.2250    1256.8172    1275.5660    1295.8933    1330.9505    1356.5575 
    1397.3832    1405.8297    1434.8093    1440.5860    1463.7586    1467.6190 
    1477.9049    1483.2764    1570.9299    1838.2543    2996.7900    3000.7845 
    3010.7851    3018.5957    3042.7431    3053.4621    3073.7185    3078.4185 
    3079.0870    3084.9332    3193.7933 
   Torsion-projected frequencies/non-torsional frequencies (cm-1)
    1450.4418i    158.4255     265.0206     307.8689     328.5387     417.6640 
     442.7837     544.2716     571.5990     696.5114     741.3714     785.3204 
     878.3310     912.3690     933.6574     986.3300    1069.3865    1085.9694 
    1098.2719    1109.6377    1131.6766    1173.2115    1201.0070    1211.4381 
    1241.2030    1256.6852    1275.5082    1295.8467    1330.9391    1356.5488 
    1397.3811    1405.8258    1434.8089    1440.5830    1463.7519    1467.6164 
    1477.8991    1483.2712    1570.9246    1838.2538    2996.7899    3000.7829 
    3010.7836    3018.5954    3042.7429    3053.4568    3073.7172    3078.4173 
    3079.0864    3084.9319    3193.7920 
   Product of consistently coupled torsional frequencies (in cm-1^ntor)  5.5031E+11
   Primitively coupled torsional frequencies (cm-1) (Not used)
      33.0254      58.4070     109.7864     119.2666     165.5412     244.3057 
   Product of primitively coupled torsional frequencies (in cm-1^ntor)   1.0215E+12
   Effective coupled torsional barrier (kcal/mol)
        0.902        2.308        2.377        2.655        5.580        6.804 

   D matrix: 
   m-n        1             2             3             4             5
    1   1.929824E+01  7.737541E+00  1.310205E+01  1.032836E+00  2.397369E+00
    2   7.737541E+00  3.469032E+01  5.147488E+00  1.233326E+01  2.806675E+00
    3   1.310205E+01  5.147488E+00  2.800779E+01 -7.855847E+00  3.387851E+00
    4   1.032836E+00  1.233326E+01 -7.855847E+00  2.291601E+01  4.732803E+00
    5   2.397369E+00  2.806675E+00  3.387851E+00  4.732803E+00  7.615629E+00
    6   1.272003E+00 -4.629334E-01  8.620511E-01 -3.015518E-01  5.509395E-02
   m-n        6
    1   1.272003E+00
    2  -4.629334E-01
    3   8.620511E-01
    4  -3.015518E-01
    5   5.509395E-02
    6   3.077756E+00

   Eigenvalues of D matrix:
     4.7157E+01    3.8376E+01    1.4023E+01    8.9290E+00    4.1843E+00    2.9353E+00
   Determinant of D matrix  2.117849E+029

          Uncoupled force constants (au), Pitzer moment of inertia (amu A^2),
   uncoupled torsional frequencies (cm-1), and uncoupled torsional barrier (kcal/mol)
   --------------------------------------------------------------------------------
   Torsion               1             2             3             4             5
   Force constant   2.47584E-02  1.68742E-02  5.64208E-03  3.66333E-02  1.28844E-02
   Moment          19.298       34.690       28.008       22.916        7.616
   Tor. Freq.        97.433       59.995       38.609      108.761      111.888
   Rot. barrier       4.518        3.079        1.029        6.684        2.351
   M_j,tau            2.623        2.623        2.623        2.623        2.623

   Torsion               6
   Force constant   2.12628E-02
   Moment           3.078
   Tor. Freq.       226.099
   Rot. barrier       2.965
   M_j,tau            3.000
   --------------------------------------------------------------------------------
   Potential Energy =   0.688 kcal/mol
   Weight =  2
   Overall rotational symmetry number =   1

                           ==========================
                                Structure   7
                           ==========================

   Normal-mode Frequencies (cm-1) 
   (Overall translation and rotation projected out)
    1450.6305i      0.0001i      0.0000i      0.0000i      0.0000i      0.0000 
       0.0001      28.8376      56.5070      93.5977     108.9456     141.7639 
     146.7887     238.1381     275.8279     314.6620     331.4628     418.1566 
     443.9570     544.5978     574.7460     697.4574     740.9862     785.7625 
     878.6722     912.9883     933.3975     986.7041    1069.2319    1085.9634 
    1097.9404    1109.4795    1132.5935    1173.3638    1200.8609    1211.4321 
    1241.1634    1256.7624    1275.6825    1296.2102    1331.0643    1356.5225 
    1397.6896    1405.8815    1434.7488    1440.7503    1463.8029    1467.6824 
    1478.0183    1483.5126    1571.0371    1838.2971    2996.2845    3001.1367 
    3010.9723    3018.9867    3042.6013    3053.1777    3073.4224    3078.8650 
    3079.0478    3084.9968    3193.7799 
   Torsion-projected frequencies/non-torsional frequencies (cm-1)
    1450.5972i    158.3416     263.2789     309.2075     328.9999     417.1844 
     443.1205     544.2207     571.7004     697.3352     740.6241     785.2918 
     878.6489     912.9738     933.2772     986.5536    1069.1794    1085.9513 
    1097.9019    1109.4390    1132.5885    1173.3446    1200.8525    1211.4149 
    1241.1436    1256.6384    1275.6143    1296.1659    1331.0535    1356.5134 
    1397.6865    1405.8780    1434.7480    1440.7476    1463.7963    1467.6797 
    1478.0119    1483.5064    1571.0318    1838.2966    2996.2844    3001.1350 
    3010.9707    3018.9865    3042.6011    3053.1723    3073.4210    3078.8639 
    3079.0470    3084.9954    3193.7785 
   Product of consistently coupled torsional frequencies (in cm-1^ntor)  5.6545E+11
   Primitively coupled torsional frequencies (cm-1) (Not used)
      33.6524      58.2645     109.3574     120.1540     165.4499     245.2898 
   Product of primitively coupled torsional frequencies (in cm-1^ntor)   1.0456E+12
   Effective coupled torsional barrier (kcal/mol)
        0.974        2.438        2.452        2.798        5.935        7.256 

   D matrix: 
   m-n        1             2             3             4             5
    1   1.878360E+01  7.268647E+00  1.276126E+01 -5.797526E-03  1.730266E+00
    2   7.268647E+00  3.486383E+01  4.824099E+00  1.254934E+01  2.676053E+00
    3   1.276126E+01  4.824099E+00  2.772557E+01 -8.423656E+00  2.944119E+00
    4  -5.797526E-03  1.254934E+01 -8.423656E+00  2.316107E+01  4.701970E+00
    5   1.730266E+00  2.676053E+00  2.944119E+00  4.701970E+00  7.500273E+00
    6   1.286260E+00 -4.288517E-01  8.787601E-01 -2.227358E-01  1.234526E-01
   m-n        6
    1   1.286260E+00
    2  -4.288517E-01
    3   8.787601E-01
    4  -2.227358E-01
    5   1.234526E-01
    6   3.079574E+00

   Eigenvalues of D matrix:
     4.6164E+01    3.9245E+01    1.3389E+01    9.1942E+00    4.1869E+00    2.9348E+00
   Determinant of D matrix  2.085342E+029

          Uncoupled force constants (au), Pitzer moment of inertia (amu A^2),
   uncoupled torsional frequencies (cm-1), and uncoupled torsional barrier (kcal/mol)
   --------------------------------------------------------------------------------
   Torsion               1             2             3             4             5
   Force constant   2.49146E-02  1.70222E-02  5.72554E-03  3.66918E-02  1.28557E-02
   Moment          18.784       34.864       27.726       23.161        7.500
   Tor. Freq.        99.070       60.107       39.091      108.271      112.620
   Rot. barrier       4.836        3.304        1.111        7.122        2.495
   M_j,tau            2.543        2.543        2.543        2.543        2.543

   Torsion               6
   Force constant   2.13878E-02
   Moment           3.080
   Tor. Freq.       226.695
   Rot. barrier       2.982
   M_j,tau            3.000
   --------------------------------------------------------------------------------
   Potential Energy =   0.690 kcal/mol
   Weight =  2
   Overall rotational symmetry number =   1

                           ==========================
                                Structure   8
                           ==========================

   Normal-mode Frequencies (cm-1) 
   (Overall translation and rotation projected out)
    1448.6258i      0.0000i      0.0000i      0.0000i      0.0000       0.0000 
       0.0000      34.5919      62.2159      87.1681     101.1184     148.6491 
     202.6578     244.3387     257.5028     313.6997     327.1621     393.6340 
     497.0601     542.1476     613.0029     665.7963     742.6890     835.2170 
     842.4032     880.8611     937.6058    1007.6657    1056.0639    1075.6435 
    1089.3064    1116.9365    1152.4595    1176.9297    1207.4183    1228.3603 
    1244.3994    1250.4927    1279.9781    1306.5435    1322.0743    1353.2272 
    1387.3415    1398.7186    1437.6604    1442.6343    1461.4074    1467.0390 
    1475.2697    1481.3164    1568.8570    1838.0540    2992.8604    3000.0652 
    3010.8401    3023.3614    3030.1878    3061.4673    3077.3761    3079.8768 
    3086.6351    3094.0393    3194.6570 
   Torsion-projected frequencies/non-torsional frequencies (cm-1)
    1448.5925i    199.7120     256.7328     307.6334     323.0363     392.4853 
     496.0518     541.7624     612.5023     664.6463     741.6550     835.1873 
     842.3941     880.8158     937.5639    1007.6462    1056.0556    1075.6117 
    1089.2607    1116.9144    1152.4527    1176.9177    1207.3941    1228.3476 
    1244.3463    1250.3741    1279.9552    1306.4862    1322.0546    1353.2086 
    1387.3410    1398.7167    1437.6566    1442.6008    1461.4052    1467.0364 
    1475.2689    1481.3154    1568.8513    1838.0535    2992.8601    3000.0652 
    3010.8396    3023.3611    3030.1871    3061.4663    3077.3744    3079.8762 
    3086.6350    3094.0389    3194.6557 
   Product of consistently coupled torsional frequencies (in cm-1^ntor)  7.3163E+11
   Primitively coupled torsional frequencies (cm-1) (Not used)
      43.3499      84.6970      89.7766     121.1974     168.7865     244.7402 
   Product of primitively coupled torsional frequencies (in cm-1^ntor)   1.6503E+12
   Effective coupled torsional barrier (kcal/mol)
        2.448        2.806        2.995        5.395        7.693        8.506 

   D matrix: 
   m-n        1             2             3             4             5
    1   2.264308E+01 -4.909502E+00 -1.032113E+01  7.009724E+00 -7.606987E-02
    2  -4.909502E+00  3.034457E+01  2.090987E+01 -1.263568E+01  1.128990E+00
    3  -1.032113E+01  2.090987E+01  4.438510E+01 -8.969003E+00  5.063654E+00
    4   7.009724E+00 -1.263568E+01 -8.969003E+00  2.426173E+01  5.014431E+00
    5  -7.606987E-02  1.128990E+00  5.063654E+00  5.014431E+00  7.840509E+00
    6   1.320359E+00  2.618685E+00  1.052896E+00 -4.262322E-01  1.401252E-01
   m-n        6
    1   1.320359E+00
    2   2.618685E+00
    3   1.052896E+00
    4  -4.262322E-01
    5   1.401252E-01
    6   3.063395E+00

   Eigenvalues of D matrix:
     6.8606E+01    2.4943E+01    2.0508E+01    1.1014E+01    2.6362E+00    4.8310E+00
   Determinant of D matrix  3.745669E+029

          Uncoupled force constants (au), Pitzer moment of inertia (amu A^2),
   uncoupled torsional frequencies (cm-1), and uncoupled torsional barrier (kcal/mol)
   --------------------------------------------------------------------------------
   Torsion               1             2             3             4             5
   Force constant   2.33790E-02  3.26467E-02  1.21313E-02  3.61660E-02  1.31266E-02
   Moment          22.643       30.345       44.385       24.262        7.841
   Tor. Freq.        87.408       89.225       44.972      105.025      111.304
   Rot. barrier       5.368        7.495        2.785        8.304        3.014
   M_j,tau            2.338        2.338        2.338        2.338        2.338

   Torsion               6
   Force constant   2.06384E-02
   Moment           3.063
   Tor. Freq.       223.276
   Rot. barrier       2.878
   M_j,tau            3.000
   --------------------------------------------------------------------------------
   Potential Energy =   0.741 kcal/mol
   Weight =  2
   Overall rotational symmetry number =   1

                           ==========================
                                Structure   9
                           ==========================

   Normal-mode Frequencies (cm-1) 
   (Overall translation and rotation projected out)
    1451.8624i      0.0000i      0.0000i      0.0000i      0.0000       0.0000 
       0.0000      34.4024      67.5689      87.6732     101.3446     150.0293 
     203.3025     244.8505     255.8250     305.9234     336.1453     395.9741 
     498.8393     543.9555     605.6129     664.4810     741.9534     836.8123 
     842.1346     879.3383     936.6933    1008.3610    1056.0163    1073.4834 
    1090.0815    1116.8983    1151.8274    1176.8138    1207.7170    1229.9804 
    1245.4650    1251.0555    1280.4451    1305.9376    1320.7292    1354.6228 
    1387.4307    1398.3414    1437.6775    1441.4536    1461.4290    1467.1990 
    1475.2504    1481.4493    1571.9708    1837.5795    2993.5146    3000.3878 
    3011.0083    3022.9193    3030.4062    3061.8619    3077.9669    3078.9803 
    3086.2648    3092.7398    3193.6246 
   Torsion-projected frequencies/non-torsional frequencies (cm-1)
    1451.8252i    197.9683     254.7052     298.1678     334.9009     395.0021 
     497.6223     543.3002     605.3439     663.2447     740.9032     836.7824 
     842.1175     879.2978     936.6568    1008.3409    1056.0087    1073.4385 
    1090.0511    1116.8711    1151.8185    1176.8022    1207.6927    1229.9619 
    1245.4217    1250.9332    1280.4224    1305.8815    1320.7087    1354.6093 
    1387.4301    1398.3398    1437.6734    1441.4189    1461.4240    1467.1962 
    1475.2492    1481.4478    1571.9659    1837.5788    2993.5142    3000.3878 
    3011.0079    3022.9191    3030.4051    3061.8610    3077.9652    3078.9798 
    3086.2648    3092.7392    3193.6232 
   Product of consistently coupled torsional frequencies (in cm-1^ntor)  8.1435E+11
   Primitively coupled torsional frequencies (cm-1) (Not used)
      42.8448      88.1143      90.9221     123.0546     170.4554     244.9781 
   Product of primitively coupled torsional frequencies (in cm-1^ntor)   1.7638E+12
   Effective coupled torsional barrier (kcal/mol)
        2.381        2.819        2.849        5.243        8.181        8.545 

   D matrix: 
   m-n        1             2             3             4             5
    1   2.278645E+01 -5.003731E+00 -1.096161E+01  5.590244E+00 -1.098459E+00
    2  -5.003731E+00  3.007612E+01  2.107524E+01 -1.163605E+01  1.353584E+00
    3  -1.096161E+01  2.107524E+01  4.599119E+01 -7.328704E+00  6.264767E+00
    4   5.590244E+00 -1.163605E+01 -7.328704E+00  2.185404E+01  4.528489E+00
    5  -1.098459E+00  1.353584E+00  6.264767E+00  4.528489E+00  7.976953E+00
    6   1.320755E+00  2.592980E+00  9.712540E-01 -5.859446E-01  1.565430E-02
   m-n        6
    1   1.320755E+00
    2   2.592980E+00
    3   9.712540E-01
    4  -5.859446E-01
    5   1.565430E-02
    6   3.060489E+00

   Eigenvalues of D matrix:
     6.8444E+01    2.0494E+01    2.4558E+01    1.0772E+01    2.6382E+00    4.8386E+00
   Determinant of D matrix  3.604452E+029

          Uncoupled force constants (au), Pitzer moment of inertia (amu A^2),
   uncoupled torsional frequencies (cm-1), and uncoupled torsional barrier (kcal/mol)
   --------------------------------------------------------------------------------
   Torsion               1             2             3             4             5
   Force constant   2.31094E-02  3.47873E-02  1.25870E-02  3.78535E-02  1.29627E-02
   Moment          22.786       30.076       45.991       21.854        7.977
   Tor. Freq.        86.629       92.513       45.002      113.212      109.657
   Rot. barrier       5.169        7.781        2.815        8.466        2.899
   M_j,tau            2.369        2.369        2.369        2.369        2.369

   Torsion               6
   Force constant   2.07004E-02
   Moment           3.060
   Tor. Freq.       223.717
   Rot. barrier       2.887
   M_j,tau            3.000
   --------------------------------------------------------------------------------
   Potential Energy =   0.832 kcal/mol
   Weight =  2
   Overall rotational symmetry number =   1

       List of zero-point inclusive energy (kcal/mol) for each structure
      ------------------------------------------------------------------
        Structure            Energy (T = 0 K)
      ------------------------------------------------------------------
          1                    107.43
          2                    107.45
          3                    107.37
          4                    108.21
          5                    108.23
          6                    108.05
          7                    108.06
          8                    108.25
          9                    108.35
      ZPE of the system =      107.37


     Note: The following SS-HO and SS-T include the Rot. P.F. and Boltzmann factor,
           but are calculated with weight = 1 for each structure. Weights are
           counted in MS partition functions. Zero of energy is set to the potential
           energy of global minimum.

            Partition function of structure    1
     ================================================================
          T(K)      Rot.          SS-HO           SS-T     SS-T/SS-HO
        100.00    8.7254E+004   1.2785E-229   8.6065E-230    0.673
        125.00    1.2194E+005   3.4659E-182   2.3985E-182    0.692
        200.00    2.4679E+005   1.7982E-110   1.3661E-110    0.760
        298.15    4.4920E+005   2.3527E-070   2.0343E-070    0.865
        300.00    4.5339E+005   7.6479E-070   6.6286E-070    0.867
        500.00    9.7553E+005   7.6677E-036   8.1979E-036    1.069
        750.00    1.7922E+006   4.4286E-017   5.4418E-017    1.229
       1000.00    2.7592E+006   2.1767E-006   2.8062E-006    1.289
       1100.00    3.1833E+006   3.5660E-003   4.6088E-003    1.292
       1150.00    3.4028E+006   1.0152E-001   1.3101E-001    1.290
       1200.00    3.6271E+006   2.3701E+000   3.0489E+000    1.286
       1250.00    3.8561E+006   4.6373E+001   5.9378E+001    1.280
       1300.00    4.0898E+006   7.7461E+002   9.8592E+002    1.273
       1350.00    4.3280E+006   1.1223E+004   1.4182E+004    1.264
       1400.00    4.5707E+006   1.4298E+005   1.7916E+005    1.253
       1450.00    4.8177E+006   1.6206E+006   2.0117E+006    1.241
       1500.00    5.0690E+006   1.6514E+007   2.0287E+007    1.228
       1550.00    5.3246E+006   1.5265E+008   1.8541E+008    1.215
       1600.00    5.5843E+006   1.2901E+009   1.5482E+009    1.200
       1650.00    5.8481E+006   1.0040E+010   1.1895E+010    1.185
       1700.00    6.1159E+006   7.2396E+010   8.4618E+010    1.169
       1800.00    6.6634E+006   3.0601E+012   3.4748E+012    1.136
       1900.00    7.2263E+006   1.0120E+014   1.1141E+014    1.101
       2000.00    7.8043E+006   2.7006E+015   2.8771E+015    1.065
       2500.00    1.0907E+007   3.1203E+021   2.7722E+021    0.888

            Partition function of structure    2
     ================================================================
          T(K)      Rot.          SS-HO           SS-T     SS-T/SS-HO
        100.00    8.8682E+004   1.1709E-229   7.8177E-230    0.668
        125.00    1.2394E+005   3.2179E-182   2.2091E-182    0.686
        200.00    2.5083E+005   1.7018E-110   1.2831E-110    0.754
        298.15    4.5655E+005   2.2482E-070   1.9277E-070    0.857
        300.00    4.6080E+005   7.3089E-070   6.2816E-070    0.859
        500.00    9.9149E+005   7.3796E-036   7.7895E-036    1.056
        750.00    1.8215E+006   4.2753E-017   5.1563E-017    1.206
       1000.00    2.8044E+006   2.1041E-006   2.6513E-006    1.260
       1100.00    3.2354E+006   3.4483E-003   4.3510E-003    1.262
       1150.00    3.4584E+006   9.8187E-002   1.2365E-001    1.259
       1200.00    3.6864E+006   2.2925E+000   2.8770E+000    1.255
       1250.00    3.9192E+006   4.4860E+001   5.6021E+001    1.249
       1300.00    4.1567E+006   7.4941E+002   9.3009E+002    1.241
       1350.00    4.3988E+006   1.0859E+004   1.3378E+004    1.232
       1400.00    4.6454E+006   1.3835E+005   1.6901E+005    1.222
       1450.00    4.8965E+006   1.5683E+006   1.8979E+006    1.210
       1500.00    5.1519E+006   1.5982E+007   1.9141E+007    1.198
       1550.00    5.4117E+006   1.4774E+008   1.7497E+008    1.184
       1600.00    5.6756E+006   1.2487E+009   1.4613E+009    1.170
       1650.00    5.9437E+006   9.7183E+009   1.1230E+010    1.156
       1700.00    6.2159E+006   7.0080E+010   7.9907E+010    1.140
       1800.00    6.7724E+006   2.9624E+012   3.2833E+012    1.108
       1900.00    7.3445E+006   9.7978E+013   1.0534E+014    1.075
       2000.00    7.9319E+006   2.6148E+015   2.7225E+015    1.041
       2500.00    1.1085E+007   3.0219E+021   2.6346E+021    0.872

            Partition function of structure    3
     ================================================================
          T(K)      Rot.          SS-HO           SS-T     SS-T/SS-HO
        100.00    8.9311E+004   2.4011E-229   1.7489E-229    0.728
        125.00    1.2482E+005   6.4892E-182   4.9457E-182    0.762
        200.00    2.5261E+005   3.4679E-110   2.9945E-110    0.863
        298.15    4.5979E+005   4.7182E-070   4.6588E-070    0.987
        300.00    4.6407E+005   1.5346E-069   1.5187E-069    0.990
        500.00    9.9853E+005   1.6085E-035   1.9054E-035    1.185
        750.00    1.8344E+006   9.5292E-017   1.2203E-016    1.281
       1000.00    2.8243E+006   4.7462E-006   5.9252E-006    1.248
       1100.00    3.2583E+006   7.8045E-003   9.4737E-003    1.214
       1150.00    3.4830E+006   2.2255E-001   2.6566E-001    1.194
       1200.00    3.7126E+006   5.2035E+000   6.0986E+000    1.172
       1250.00    3.9470E+006   1.0195E+002   1.1716E+002    1.149
       1300.00    4.1862E+006   1.7052E+003   1.9190E+003    1.125
       1350.00    4.4300E+006   2.4735E+004   2.7233E+004    1.101
       1400.00    4.6784E+006   3.1547E+005   3.3947E+005    1.076
       1450.00    4.9312E+006   3.5797E+006   3.7616E+006    1.051
       1500.00    5.1885E+006   3.6512E+007   3.7442E+007    1.025
       1550.00    5.4501E+006   3.3781E+008   3.3783E+008    1.000
       1600.00    5.7159E+006   2.8575E+009   2.7855E+009    0.975
       1650.00    5.9859E+006   2.2257E+010   2.1136E+010    0.950
       1700.00    6.2601E+006   1.6061E+011   1.4854E+011    0.925
       1800.00    6.8205E+006   6.7987E+012   5.9570E+012    0.876
       1900.00    7.3967E+006   2.2513E+014   1.8670E+014    0.829
       2000.00    7.9882E+006   6.0150E+015   4.7180E+015    0.784
       2500.00    1.1164E+007   6.9820E+021   4.1349E+021    0.592

            Partition function of structure    4
     ================================================================
          T(K)      Rot.          SS-HO           SS-T     SS-T/SS-HO
        100.00    8.6780E+004   3.1130E-231   2.1454E-231    0.689
        125.00    1.2128E+005   1.8540E-183   1.3185E-183    0.711
        200.00    2.4545E+005   3.0579E-111   2.4158E-111    0.790
        298.15    4.4676E+005   7.4153E-071   6.7026E-071    0.904
        300.00    4.5092E+005   2.4290E-070   2.2006E-070    0.906
        500.00    9.7023E+005   3.9796E-036   4.3522E-036    1.094
        750.00    1.7824E+006   2.9343E-017   3.5495E-017    1.210
       1000.00    2.7442E+006   1.6291E-006   2.0075E-006    1.232
       1100.00    3.1660E+006   2.7588E-003   3.3779E-003    1.224
       1150.00    3.3843E+006   7.9680E-002   9.7033E-002    1.218
       1200.00    3.6074E+006   1.8848E+000   2.2799E+000    1.210
       1250.00    3.8352E+006   3.7326E+001   4.4796E+001    1.200
       1300.00    4.0676E+006   6.3049E+002   7.4989E+002    1.189
       1350.00    4.3045E+006   9.2297E+003   1.0869E+004    1.178
       1400.00    4.5458E+006   1.1871E+005   1.3829E+005    1.165
       1450.00    4.7915E+006   1.3577E+006   1.5631E+006    1.151
       1500.00    5.0414E+006   1.3949E+007   1.5862E+007    1.137
       1550.00    5.2956E+006   1.2994E+008   1.4583E+008    1.122
       1600.00    5.5539E+006   1.1062E+009   1.2245E+009    1.107
       1650.00    5.8163E+006   8.6679E+009   9.4574E+009    1.091
       1700.00    6.0826E+006   6.2904E+010   6.7618E+010    1.075
       1800.00    6.6271E+006   2.6902E+012   2.8028E+012    1.042
       1900.00    7.1870E+006   8.9902E+013   9.0633E+013    1.008
       2000.00    7.7618E+006   2.4218E+015   2.3591E+015    0.974
       2500.00    1.0847E+007   2.8994E+021   2.3463E+021    0.809

            Partition function of structure    5
     ================================================================
          T(K)      Rot.          SS-HO           SS-T     SS-T/SS-HO
        100.00    8.5956E+004   2.7141E-231   1.8847E-231    0.694
        125.00    1.2013E+005   1.6450E-183   1.1767E-183    0.715
        200.00    2.4312E+005   2.7822E-111   2.2006E-111    0.791
        298.15    4.4252E+005   6.8346E-071   6.1752E-071    0.904
        300.00    4.4664E+005   2.2391E-070   2.0278E-070    0.906
        500.00    9.6102E+005   3.7050E-036   4.0701E-036    1.099
        750.00    1.7655E+006   2.7445E-017   3.3614E-017    1.225
       1000.00    2.7182E+006   1.5270E-006   1.9187E-006    1.256
       1100.00    3.1359E+006   2.5875E-003   3.2385E-003    1.252
       1150.00    3.3521E+006   7.4750E-002   9.3167E-002    1.246
       1200.00    3.5731E+006   1.7686E+000   2.1922E+000    1.240
       1250.00    3.7988E+006   3.5032E+001   4.3133E+001    1.231
       1300.00    4.0289E+006   5.9185E+002   7.2304E+002    1.222
       1350.00    4.2636E+006   8.6655E+003   1.0493E+004    1.211
       1400.00    4.5027E+006   1.1147E+005   1.3368E+005    1.199
       1450.00    4.7460E+006   1.2751E+006   1.5130E+006    1.187
       1500.00    4.9936E+006   1.3103E+007   1.5372E+007    1.173
       1550.00    5.2453E+006   1.2207E+008   1.4149E+008    1.159
       1600.00    5.5012E+006   1.0393E+009   1.1894E+009    1.144
       1650.00    5.7611E+006   8.1445E+009   9.1974E+009    1.129
       1700.00    6.0249E+006   5.9111E+010   6.5832E+010    1.114
       1800.00    6.5642E+006   2.5285E+012   2.7346E+012    1.082
       1900.00    7.1188E+006   8.4512E+013   8.8609E+013    1.048
       2000.00    7.6881E+006   2.2769E+015   2.3109E+015    1.015
       2500.00    1.0745E+007   2.7275E+021   2.3182E+021    0.850

            Partition function of structure    6
     ================================================================
          T(K)      Rot.          SS-HO           SS-T     SS-T/SS-HO
        100.00    9.1763E+004   8.5973E-231   5.4405E-231    0.633
        125.00    1.2824E+005   4.5599E-183   3.0244E-183    0.663
        200.00    2.5955E+005   6.5600E-111   4.9540E-111    0.755
        298.15    4.7241E+005   1.5131E-070   1.3112E-070    0.867
        300.00    4.7682E+005   4.9538E-070   4.3026E-070    0.869
        500.00    1.0259E+006   7.8974E-036   8.1002E-036    1.026
        750.00    1.8848E+006   5.7605E-017   6.2287E-017    1.081
       1000.00    2.9018E+006   3.1825E-006   3.3012E-006    1.037
       1100.00    3.3478E+006   5.3829E-003   5.4068E-003    1.004
       1150.00    3.5786E+006   1.5539E-001   1.5323E-001    0.986
       1200.00    3.8145E+006   3.6740E+000   3.5520E+000    0.967
       1250.00    4.0554E+006   7.2729E+001   6.8856E+001    0.947
       1300.00    4.3011E+006   1.2280E+003   1.1374E+003    0.926
       1350.00    4.5517E+006   1.7971E+004   1.6267E+004    0.905
       1400.00    4.8069E+006   2.3108E+005   2.0426E+005    0.884
       1450.00    5.0667E+006   2.6420E+006   2.2790E+006    0.863
       1500.00    5.3310E+006   2.7139E+007   2.2831E+007    0.841
       1550.00    5.5997E+006   2.5275E+008   2.0726E+008    0.820
       1600.00    5.8729E+006   2.1513E+009   1.7187E+009    0.799
       1650.00    6.1503E+006   1.6854E+010   1.3113E+010    0.778
       1700.00    6.4320E+006   1.2229E+011   9.2628E+010    0.757
       1800.00    7.0077E+006   5.2284E+012   3.7502E+012    0.717
       1900.00    7.5998E+006   1.7468E+014   1.1855E+014    0.679
       2000.00    8.2076E+006   4.7047E+015   3.0195E+015    0.642
       2500.00    1.1470E+007   5.6291E+021   2.7285E+021    0.485

            Partition function of structure    7
     ================================================================
          T(K)      Rot.          SS-HO           SS-T     SS-T/SS-HO
        100.00    9.2442E+004   8.1364E-231   5.1093E-231    0.628
        125.00    1.2919E+005   4.3501E-183   2.8559E-183    0.657
        200.00    2.6147E+005   6.3308E-111   4.7154E-111    0.745
        298.15    4.7591E+005   1.4690E-070   1.2554E-070    0.855
        300.00    4.8034E+005   4.8098E-070   4.1199E-070    0.857
        500.00    1.0335E+006   7.7021E-036   7.8501E-036    1.019
        750.00    1.8987E+006   5.6292E-017   6.1302E-017    1.089
       1000.00    2.9233E+006   3.1127E-006   3.2968E-006    1.059
       1100.00    3.3726E+006   5.2660E-003   5.4297E-003    1.031
       1150.00    3.6051E+006   1.5203E-001   1.5429E-001    1.015
       1200.00    3.8428E+006   3.5949E+000   3.5862E+000    0.998
       1250.00    4.0854E+006   7.1168E+001   6.9700E+001    0.979
       1300.00    4.3330E+006   1.2018E+003   1.1542E+003    0.960
       1350.00    4.5853E+006   1.7588E+004   1.6549E+004    0.941
       1400.00    4.8424E+006   2.2616E+005   2.0831E+005    0.921
       1450.00    5.1041E+006   2.5859E+006   2.3297E+006    0.901
       1500.00    5.3704E+006   2.6565E+007   2.3393E+007    0.881
       1550.00    5.6412E+006   2.4741E+008   2.1284E+008    0.860
       1600.00    5.9163E+006   2.1060E+009   1.7689E+009    0.840
       1650.00    6.1958E+006   1.6499E+010   1.3524E+010    0.820
       1700.00    6.4795E+006   1.1972E+011   9.5734E+010    0.800
       1800.00    7.0596E+006   5.1189E+012   3.8916E+012    0.760
       1900.00    7.6560E+006   1.7104E+014   1.2349E+014    0.722
       2000.00    8.2683E+006   4.6067E+015   3.1565E+015    0.685
       2500.00    1.1555E+007   5.5130E+021   2.8964E+021    0.525

            Partition function of structure    8
     ================================================================
          T(K)      Rot.          SS-HO           SS-T     SS-T/SS-HO
        100.00    9.0791E+004   2.4194E-231   1.1638E-231    0.481
        125.00    1.2688E+005   1.5231E-183   7.4950E-184    0.492
        200.00    2.5680E+005   2.7848E-111   1.4796E-111    0.531
        298.15    4.6741E+005   7.2217E-071   4.3109E-071    0.597
        300.00    4.7176E+005   2.3677E-070   1.4165E-070    0.598
        500.00    1.0151E+006   4.1002E-036   3.0582E-036    0.746
        750.00    1.8648E+006   3.1006E-017   2.7572E-017    0.889
       1000.00    2.8711E+006   1.7414E-006   1.6851E-006    0.968
       1100.00    3.3123E+006   2.9579E-003   2.9065E-003    0.983
       1150.00    3.5407E+006   8.5542E-002   8.4433E-002    0.987
       1200.00    3.7741E+006   2.0259E+000   2.0048E+000    0.990
       1250.00    4.0124E+006   4.0164E+001   3.9780E+001    0.990
       1300.00    4.2556E+006   6.7910E+002   6.7209E+002    0.990
       1350.00    4.5034E+006   9.9505E+003   9.8253E+003    0.987
       1400.00    4.7559E+006   1.2809E+005   1.2602E+005    0.984
       1450.00    5.0130E+006   1.4661E+006   1.4353E+006    0.979
       1500.00    5.2745E+006   1.5075E+007   1.4668E+007    0.973
       1550.00    5.5404E+006   1.4052E+008   1.3575E+008    0.966
       1600.00    5.8106E+006   1.1971E+009   1.1470E+009    0.958
       1650.00    6.0851E+006   9.3855E+009   8.9109E+009    0.949
       1700.00    6.3638E+006   6.8151E+010   6.4061E+010    0.940
       1800.00    6.9335E+006   2.9176E+012   2.6821E+012    0.919
       1900.00    7.5192E+006   9.7596E+013   8.7502E+013    0.897
       2000.00    8.1206E+006   2.6313E+015   2.2956E+015    0.872
       2500.00    1.1349E+007   3.1604E+021   2.3495E+021    0.743

            Partition function of structure    9
     ================================================================
          T(K)      Rot.          SS-HO           SS-T     SS-T/SS-HO
        100.00    9.1161E+004   1.4046E-231   7.0471E-232    0.502
        125.00    1.2740E+005   9.6966E-184   4.9791E-184    0.513
        200.00    2.5784E+005   2.0321E-111   1.1290E-111    0.556
        298.15    4.6931E+005   5.6752E-071   3.5513E-071    0.626
        300.00    4.7369E+005   1.8624E-070   1.1681E-070    0.627
        500.00    1.0192E+006   3.4246E-036   2.6775E-036    0.782
        750.00    1.8724E+006   2.6689E-017   2.4722E-017    0.926
       1000.00    2.8828E+006   1.5217E-006   1.5230E-006    1.001
       1100.00    3.3258E+006   2.5954E-003   2.6315E-003    1.014
       1150.00    3.5551E+006   7.5193E-002   7.6496E-002    1.017
       1200.00    3.7895E+006   1.7837E+000   1.8175E+000    1.019
       1250.00    4.0288E+006   3.5416E+001   3.6082E+001    1.019
       1300.00    4.2729E+006   5.9966E+002   6.0991E+002    1.017
       1350.00    4.5218E+006   8.7978E+003   8.9204E+003    1.014
       1400.00    4.7753E+006   1.1339E+005   1.1446E+005    1.009
       1450.00    5.0334E+006   1.2993E+006   1.3042E+006    1.004
       1500.00    5.2960E+006   1.3373E+007   1.3333E+007    0.997
       1550.00    5.5630E+006   1.2478E+008   1.2344E+008    0.989
       1600.00    5.8343E+006   1.0640E+009   1.0433E+009    0.981
       1650.00    6.1099E+006   8.3490E+009   8.1084E+009    0.971
       1700.00    6.3898E+006   6.0673E+010   5.8311E+010    0.961
       1800.00    6.9618E+006   2.6014E+012   2.4429E+012    0.939
       1900.00    7.5499E+006   8.7132E+013   7.9745E+013    0.915
       2000.00    8.1537E+006   2.3520E+015   2.0933E+015    0.890
       2500.00    1.1395E+007   2.8378E+021   2.1481E+021    0.757

     ================================================================
              Partition Functions Including All Structures
        -----------------------------------------------------------
        Zero of energy is set to potential energy of global minimum
        -----------------------------------------------------------
        T(K)    Elec.        Trans.              Con-rovib
                                            MS-LH    or     MS-T
        100.00  2.0000E+000  3.2877E+006  1.0229E-228  7.1115E-229
        125.00  2.0000E+000  5.7434E+006  2.9327E-181  2.1031E-181
        200.00  2.0000E+000  1.8598E+007  1.8645E-109  1.4666E-109
        298.15  2.0000E+000  5.0464E+007  3.0032E-069  2.6523E-069
        300.00  2.0000E+000  5.1250E+007  9.7930E-069  8.6666E-069
        500.00  2.0000E+000  1.8379E+008  1.2388E-034  1.3030E-034
        750.00  2.0000E+000  5.0646E+008  8.2142E-016  9.4601E-016
       1000.00  2.0000E+000  1.0397E+009  4.3483E-005  5.0230E-005
       1100.00  2.0000E+000  1.3194E+009  7.2735E-002  8.2849E-002
       1150.00  2.0000E+000  1.4745E+009  2.0897E+000  2.3579E+000
       1200.00  2.0000E+000  1.6400E+009  4.9196E+001  5.4914E+001
       1250.00  2.0000E+000  1.8162E+009  9.7004E+002  1.0698E+003
       1300.00  2.0000E+000  2.0033E+009  1.6320E+004  1.7763E+004
       1350.00  2.0000E+000  2.2015E+009  2.3804E+005  2.5543E+005
       1400.00  2.0000E+000  2.4111E+009  3.0514E+006  3.2253E+006
       1450.00  2.0000E+000  2.6322E+009  3.4789E+007  3.6191E+007
       1500.00  2.0000E+000  2.8650E+009  3.5643E+008  3.6466E+008
       1550.00  2.0000E+000  3.1097E+009  3.3114E+009  3.3297E+009
       1600.00  2.0000E+000  3.3666E+009  2.8121E+010  2.7774E+010
       1650.00  2.0000E+000  3.6358E+009  2.1983E+011  2.1314E+011
       1700.00  2.0000E+000  3.9175E+009  1.5919E+012  1.5145E+012
       1800.00  2.0000E+000  4.5193E+009  6.7812E+013  6.2039E+013
       1900.00  2.0000E+000  5.1734E+009  2.2583E+015  1.9840E+015
       2000.00  2.0000E+000  5.8812E+009  6.0648E+016  5.1105E+016
       2500.00  2.0000E+000  1.0274E+010  7.1783E+022  4.8658E+022

             Total Partition Function (E + T + Con-rovib)
             ---------------------------------------------
                T(K)     E + T + MS-LH     E + T + MS-T
                100.00     6.7257E-222       4.6761E-222
                125.00     3.3687E-174       2.4158E-174
                200.00     6.9353E-102       5.4553E-102
                298.15     3.0310E-061       2.6769E-061
                300.00     1.0038E-060       8.8833E-061
                500.00     4.5536E-026       4.7895E-026
                750.00     8.3204E-007       9.5823E-007
               1000.00     9.0415E+004       1.0444E+005
               1100.00     1.9193E+008       2.1862E+008
               1150.00     6.1624E+009       6.9534E+009
               1200.00     1.6136E+011       1.8012E+011
               1250.00     3.5236E+012       3.8860E+012
               1300.00     6.5389E+013       7.1170E+013
               1350.00     1.0481E+015       1.1247E+015
               1400.00     1.4714E+016       1.5553E+016
               1450.00     1.8314E+017       1.9052E+017
               1500.00     2.0423E+018       2.0895E+018
               1550.00     2.0595E+019       2.0709E+019
               1600.00     1.8934E+020       1.8701E+020
               1650.00     1.5985E+021       1.5499E+021
               1700.00     1.2472E+022       1.1866E+022
               1800.00     6.1293E+023       5.6074E+023
               1900.00     2.3367E+025       2.0528E+025
               2000.00     7.1336E+026       6.0112E+026
               2500.00     1.4750E+033       9.9982E+032

     ================================================================
              Partition Functions Including All Structures
        -----------------------------------------------------------
                    Zero of energy is set to ZPE
        -----------------------------------------------------------
        T(K)             Con-rovib                Total
                   MS-LH        MS-T       E+T+MS-LH    E+T+MS-T
        100.00  4.5453E+006  3.1602E+006  2.9887E+013  2.0779E+013
        125.00  1.5327E+007  1.0992E+007  1.7606E+014  1.2626E+014
        200.00  3.9305E+008  3.0917E+008  1.4620E+016  1.1500E+016
        298.15  1.5095E+010  1.3331E+010  1.5235E+018  1.3455E+018
        300.00  1.6100E+010  1.4248E+010  1.6503E+018  1.4605E+018
        500.00  1.0533E+013  1.1079E+013  3.8718E+021  4.0723E+021
        750.00  1.5883E+016  1.8292E+016  1.6088E+025  1.8528E+025
       1000.00  1.2679E+019  1.4647E+019  2.6364E+028  3.0455E+028
       1100.00  1.5608E+020  1.7779E+020  4.1187E+029  4.6914E+029
       1150.00  5.2995E+020  5.9798E+020  1.5628E+030  1.7634E+030
       1200.00  1.7616E+021  1.9664E+021  5.7781E+030  6.4497E+030
       1250.00  5.7360E+021  6.3260E+021  2.0836E+031  2.2979E+031
       1300.00  1.8304E+022  1.9923E+022  7.3339E+031  7.9823E+031
       1350.00  5.7275E+022  6.1460E+022  2.5218E+032  2.7061E+032
       1400.00  1.7582E+023  1.8583E+023  8.4781E+032  8.9612E+032
       1450.00  5.2972E+023  5.5107E+023  2.7886E+033  2.9010E+033
       1500.00  1.5673E+024  1.6035E+024  8.9805E+033  9.1880E+033
       1550.00  4.5559E+024  4.5810E+024  2.8335E+034  2.8492E+034
       1600.00  1.3017E+025  1.2856E+025  8.7645E+034  8.6564E+034
       1650.00  3.6573E+025  3.5461E+025  2.6594E+035  2.5786E+035
       1700.00  1.0109E+026  9.6178E+025  7.9206E+035  7.5356E+035
       1800.00  7.3671E+026  6.7398E+026  6.6588E+036  6.0919E+036
       1900.00  5.0544E+027  4.4403E+027  5.2297E+037  4.5943E+037
       2000.00  3.2749E+028  2.7596E+028  3.8521E+038  3.2460E+038
       2500.00  1.7455E+032  1.1832E+032  3.5868E+042  2.4313E+042
     ================================================================

                     ==============================
                          Thermodynamic Functions
                      (Ideal gas at standard state)
                     ==============================
     T  - Temperature (Kelvin)        G  - Gibbs Free Energy (kcal/mol)
     E  - Thermal Energy (kcal/mol)   H  - Enthalpy (kcal/mol)
     S  - Entropy (cal/(mol-K))
     Cp - Heat Capacity at Constant Pressure (cal/(mol-K))
        -----------------------------------------------------------
        Zero of energy is set to potential energy of global minimum
        -----------------------------------------------------------

               Contribution from electronic P.F. 
     ================================================================
                  T          G          E          S
                100.00      -0.138      0.000      1.377
                125.00      -0.172      0.000      1.377
                200.00      -0.275      0.000      1.377
                298.15      -0.411      0.000      1.377
                300.00      -0.413      0.000      1.377
                500.00      -0.689      0.000      1.377
                750.00      -1.033      0.000      1.377
               1000.00      -1.377      0.000      1.377
               1100.00      -1.515      0.000      1.377
               1150.00      -1.584      0.000      1.377
               1200.00      -1.653      0.000      1.377
               1250.00      -1.722      0.000      1.377
               1300.00      -1.791      0.000      1.377
               1350.00      -1.860      0.000      1.377
               1400.00      -1.928      0.000      1.377
               1450.00      -1.997      0.000      1.377
               1500.00      -2.066      0.000      1.377
               1550.00      -2.135      0.000      1.377
               1600.00      -2.204      0.000      1.377
               1650.00      -2.273      0.000      1.377
               1700.00      -2.342      0.000      1.377
               1800.00      -2.479      0.000      1.377
               1900.00      -2.617      0.000      1.377
               2000.00      -2.755      0.000      1.377
               2500.00      -3.444      0.000      1.377

               Contribution from translational P.F. 
     ================================================================
                  T          G          E          S
                100.00      -2.982      0.298     34.788
                125.00      -3.866      0.373     35.896
                200.00      -6.653      0.596     38.231
                298.15     -10.509      0.889     40.215
                300.00     -10.583      0.894     40.246
                500.00     -18.908      1.490     42.783
                750.00     -29.872      2.236     44.798
               1000.00     -41.259      2.981     46.227
               1100.00     -45.906      3.279     46.700
               1150.00     -48.246      3.428     46.921
               1200.00     -50.598      3.577     47.133
               1250.00     -52.959      3.726     47.336
               1300.00     -55.331      3.875     47.530
               1350.00     -57.712      4.024     47.718
               1400.00     -60.103      4.173     47.899
               1450.00     -62.502      4.322     48.073
               1500.00     -64.910      4.471     48.241
               1550.00     -67.326      4.620     48.404
               1600.00     -69.750      4.769     48.562
               1650.00     -72.182      4.918     48.715
               1700.00     -74.622      5.067     48.863
               1800.00     -79.522      5.365     49.147
               1900.00     -84.451      5.664     49.416
               2000.00     -89.405      5.962     49.671
               2500.00    -114.528      7.452     50.779

        Contribution from conformational-rovibrational P.F. (MS-LH)
     ================================================================
                  T          G          E          S
                100.00     104.322    108.369     40.471
                125.00     103.259    108.829     44.560
                200.00      99.503    110.551     55.239
                298.15      93.482    113.534     67.253
                300.00      93.357    113.598     67.470
                500.00      77.575    122.624     90.099
                750.00      51.770    138.610    115.786
               1000.00      19.958    158.146    138.188
               1100.00       5.729    166.672    146.312
               1150.00      -1.684    171.058    150.211
               1200.00      -9.290    175.519    154.008
               1250.00     -17.083    180.049    157.706
               1300.00     -25.059    184.643    161.309
               1350.00     -33.213    189.296    164.822
               1400.00     -41.540    194.005    168.246
               1450.00     -50.036    198.766    171.587
               1500.00     -58.697    203.574    174.848
               1550.00     -67.520    208.428    178.031
               1600.00     -76.499    213.323    181.139
               1650.00     -85.632    218.258    184.176
               1700.00     -94.916    223.229    187.144
               1800.00    -113.919    233.272    192.884
               1900.00    -133.484    243.436    198.379
               2000.00    -153.587    253.707    203.647
               2500.00    -261.458    306.281    227.096

        Contribution from conformational-rovibrational P.F. (MS-T)
     ================================================================
                  T          G          E          S
                100.00     104.394    108.394     39.995
                125.00     103.341    108.867     44.207
                200.00      99.599    110.649     55.250
                298.15      93.556    113.729     67.662
                300.00      93.430    113.796     67.885
                500.00      77.525    122.930     90.810
                750.00      51.560    138.782    116.296
               1000.00      19.671    157.938    138.267
               1100.00       5.445    166.255    146.191
               1150.00      -1.960    170.525    149.987
               1200.00      -9.552    174.863    153.680
               1250.00     -17.327    179.264    157.272
               1300.00     -25.278    183.722    160.769
               1350.00     -33.402    188.234    164.175
               1400.00     -41.694    192.796    167.493
               1450.00     -50.150    197.403    170.726
               1500.00     -58.765    202.054    173.879
               1550.00     -67.537    206.744    176.955
               1600.00     -76.460    211.471    179.957
               1650.00     -85.531    216.233    182.887
               1700.00     -94.747    221.027    185.749
               1800.00    -113.601    230.703    191.280
               1900.00    -132.995    240.484    196.568
               2000.00    -152.907    250.358    201.633
               2500.00    -259.526    300.776    224.121

     Total (Translational + Electronic + conformational-rovib.(MS-LH))
     ======================================================================
              T          G          E          H          S          Cp
            100.00     101.203    108.667    108.866     76.636     21.924
            125.00      99.221    109.201    109.450     81.834     24.665
            200.00      92.575    111.147    111.545     94.848     31.022
            298.15      82.563    114.422    115.015    108.845     39.976
            300.00      82.361    114.493    115.089    109.093     40.160
            500.00      57.978    124.115    125.108    134.260     59.534
            750.00      20.865    140.845    142.336    161.961     77.007
           1000.00     -22.678    161.127    163.114    185.792     88.455
           1100.00     -41.692    169.951    172.137    194.390     91.915
           1150.00     -51.515    174.486    176.772    198.510     93.458
           1200.00     -61.541    179.096    181.481    202.518     94.890
           1250.00     -71.765    183.775    186.259    206.419     96.220
           1300.00     -82.181    188.518    191.101    210.217     97.455
           1350.00     -92.785    193.320    196.003    213.917     98.605
           1400.00    -103.571    198.178    200.960    217.522     99.674
           1450.00    -114.535    203.088    205.969    221.038    100.671
           1500.00    -125.673    208.046    211.026    224.466    101.600
           1550.00    -136.981    213.048    216.128    227.812    102.468
           1600.00    -148.453    218.093    221.272    231.078    103.278
           1650.00    -160.087    223.176    226.455    234.268    104.035
           1700.00    -171.879    228.297    231.675    237.385    104.744
           1800.00    -195.921    238.638    242.215    243.409    106.029
           1900.00    -220.552    249.100    252.876    249.172    107.161
           2000.00    -245.747    259.668    263.643    254.695    108.161
           2500.00    -379.429    313.733    318.701    279.252    111.740

     Total (Translational + Electronic + conformational-rovib.(MS-T))
     ======================================================================
              T          G          E          H          S          Cp
            100.00     101.275    108.692    108.891     76.160     22.419
            125.00      99.303    109.240    109.488     81.481     25.274
            200.00      92.671    111.245    111.642     94.858     31.965
            298.15      82.636    114.618    115.210    109.255     40.940
            300.00      82.434    114.690    115.286    109.508     41.119
            500.00      57.928    124.420    125.414    134.971     59.581
            750.00      20.654    141.017    142.508    162.471     75.941
           1000.00     -22.965    160.919    162.906    185.871     86.513
           1100.00     -41.976    169.533    171.719    194.269     89.673
           1150.00     -51.791    173.953    176.239    198.286     91.075
           1200.00     -61.803    178.440    180.825    202.190     92.371
           1250.00     -72.008    182.990    185.474    205.985     93.571
           1300.00     -82.400    187.597    190.181    209.677     94.683
           1350.00     -92.974    192.258    194.941    213.270     95.714
           1400.00    -103.725    196.969    199.751    216.769     96.670
           1450.00    -114.649    201.725    204.607    220.177     97.558
           1500.00    -125.742    206.525    209.506    223.498     98.384
           1550.00    -136.998    211.364    214.444    226.737     99.152
           1600.00    -148.414    216.240    219.420    229.896     99.867
           1650.00    -159.986    221.151    224.430    232.979    100.533
           1700.00    -171.711    226.094    229.472    235.990    101.155
           1800.00    -195.603    236.068    239.645    241.804    102.279
           1900.00    -220.063    246.148    249.924    247.361    103.263
           2000.00    -245.067    256.320    260.294    252.680    104.128
           2500.00    -377.498    308.228    313.196    276.277    107.185

                        --------------------------------
                         Zero of energy is set to ZPE
                        --------------------------------

     Total (Translational + Electronic + conformational-rovib.(MS-LH))
     ======================================================================
              T          G          E          H          S          Cp
            100.00      -6.166      1.299      1.498     76.636     21.924
            125.00      -8.148      1.833      2.081     81.834     24.665
            200.00     -14.793      3.779      4.176     94.848     31.022
            298.15     -24.806      7.054      7.646    108.845     39.976
            300.00     -25.008      7.124      7.720    109.093     40.160
            500.00     -49.390     16.746     17.740    134.260     59.534
            750.00     -86.504     33.477     34.967    161.961     77.007
           1000.00    -130.047     53.758     55.745    185.792     88.455
           1100.00    -149.060     62.582     64.768    194.390     91.915
           1150.00    -158.883     67.118     69.403    198.510     93.458
           1200.00    -168.909     71.728     74.112    202.518     94.890
           1250.00    -179.133     76.406     78.890    206.419     96.220
           1300.00    -189.549     81.149     83.733    210.217     97.455
           1350.00    -200.153     85.952     88.635    213.917     98.605
           1400.00    -210.940     90.810     93.592    217.522     99.674
           1450.00    -221.904     95.719     98.601    221.038    100.671
           1500.00    -233.042    100.677    103.658    224.466    101.600
           1550.00    -244.349    105.680    108.760    227.812    102.468
           1600.00    -255.822    110.724    113.904    231.078    103.278
           1650.00    -267.456    115.808    119.087    234.268    104.035
           1700.00    -279.247    120.928    124.306    237.385    104.744
           1800.00    -303.289    131.269    134.846    243.409    106.029
           1900.00    -327.920    141.731    145.507    249.172    107.161
           2000.00    -353.116    152.300    156.274    254.695    108.161
           2500.00    -486.797    206.365    211.333    279.252    111.740

     Total (Translational + Electronic + conformational-rovib.(MS-T))
     ======================================================================
              T          G          E          H          S          Cp
            100.00      -6.094      1.324      1.522     76.160     22.419
            125.00      -8.065      1.871      2.120     81.481     25.274
            200.00     -14.698      3.876      4.274     94.858     31.965
            298.15     -24.732      7.249      7.842    109.255     40.940
            300.00     -24.935      7.322      7.918    109.508     41.119
            500.00     -49.440     17.051     18.045    134.971     59.581
            750.00     -86.714     33.649     35.139    162.471     75.941
           1000.00    -130.334     53.550     55.537    185.871     86.513
           1100.00    -149.345     62.165     64.351    194.269     89.673
           1150.00    -159.159     66.585     68.870    198.286     91.075
           1200.00    -169.172     71.072     73.457    202.190     92.371
           1250.00    -179.376     75.621     78.105    205.985     93.571
           1300.00    -189.768     80.229     82.812    209.677     94.683
           1350.00    -200.343     84.890     87.572    213.270     95.714
           1400.00    -211.094     89.600     92.382    216.769     96.670
           1450.00    -222.018     94.357     97.238    220.177     97.558
           1500.00    -233.110     99.156    102.137    223.498     98.384
           1550.00    -244.366    103.995    107.076    226.737     99.152
           1600.00    -255.783    108.872    112.051    229.896     99.867
           1650.00    -267.355    113.783    117.062    232.979    100.533
           1700.00    -279.079    118.726    122.104    235.990    101.155
           1800.00    -302.971    128.700    132.277    241.804    102.279
           1900.00    -327.432    138.779    142.555    247.361    103.263
           2000.00    -352.436    148.951    152.926    252.680    104.128
           2500.00    -484.866    200.860    205.828    276.277    107.185

 ==============================End of MSTor output==============================
