
 *******************************************************************************

   MSTor program version 2013 (2013)

   Jingjing Zheng, Steven L. Mielke, and Donald G. Truhlar

   Department of Chemistry and Supercomputing Institute
   University of Minnesota, Minneapolis, Minnesota, USA

   Copyright 2013
   Donald G. Truhlar and Regents of the University of Minnesota

   Citations: 
   MS-T(U) method
     J. Zheng, T. Yu, E. Papajak, I. M. Alecu, S. L. Mielke, and D. G. Truhlar,
     Phys. Chem. Chem. Phys. 13, 10885-10907 (2011).
   MS-T(C) method
     J. Zheng and D. G. Truhlar, J. Chem. Theory Comput., DOI: 10.1021/ct3010722.
   MSTor program
     J. Zheng, S. L. Mielke, K. L Clarkson, and D. G. Truhlar,
     Comp. Phys. Comm. 183, 1803-1812 (2012).
     J. Zheng, R. Meana-Paneda, and D. G. Truhlar, Comp. Phys. Comm.
     to be published as new version announcement.

 *******************************************************************************

                    Naming conventions for the MS methods
   -----------------------------------------------------------------------------
   Common name        Original or other names
   -----------------------------------------------------------------------------
   MS-LH         =    MS-HO (ref. 1)   =   MS-AS-HO (ref. 2)
   MS-T          =    MS-AS (ref. 1)   =   MS-AS-T  (ref. 2)
   -----------------------------------------------------------------------------
   Ref. 1: J. Zheng, T. Yu, E. Papajak, I. M. Alecu, S. L. Mielke, and
           D. G. Truhlar, Phys. Chem. Chem. Phys. 13, 10885 (2011).
   Ref. 2: T. Yu, J. Zheng, and D. G. Truhlar, Chem. Sci. 2, 2199 (2011)

   Calculation run on 01/24/2022 at 18:14:02  

   Number of structures:             8
   Number of torsions:               6
   Method:                           MS-T(C)
   Frequency scaling factor:         0.964
   Delta T for finite difference:    0.5 K
   Internal coordinates
     Bonds:         01-02  01-20  02-03  02-16  02-17  03-14  04-12  04-13  05-06
     Bonds:         05-08  06-07  07-10  07-11  09-21  01-19  03-15  07-09  03-04
     Bonds:         04-05  01-18
     Angles:        01-02-03  02-03-04  02-03-14  03-04-13  04-05-06  05-04-12
     Angles:        05-06-07  06-05-08  06-07-11  10-07-11  12-04-13  14-03-15
     Angles:        18-01-19  16-02-17  02-01-19  18-01-20  01-02-16  09-07-11
     Linear Angles: 07=09=21
     Dihedrals:     01-03-16-02  02-04-14-03  02-18-19-01  03-05-12-04
     Dihedrals:     03-05-13-04  03-16-17-02  04-06-08-05  04-14-15-03
     Dihedrals:     06-09-11-07  06-10-11-07  18-19-20-01  04-03-02-01
     Dihedrals:     05-04-03-02  06-05-04-03  07-06-05-04  09-07-06-05
     Dihedrals:     03-02-01-18

   All moment output uses units of amu for masses and Angstroms for distances 

                           ==========================
                                Structure   1
                           ==========================

   Normal-mode Frequencies (cm-1) 
   (Overall translation and rotation projected out)
    1451.0936i      0.0000i      0.0000i      0.0000i      0.0000       0.0000 
       0.0000      35.3619      70.4772      85.9701     114.5545     144.2421 
     213.5633     243.0887     251.9051     305.4397     317.9320     378.1965 
     517.3437     546.0111     575.2181     654.8991     736.3901     835.6072 
     839.0338     910.8022     933.5903    1019.9177    1066.7278    1067.1524 
    1093.6651    1107.6028    1140.4156    1172.7810    1207.5547    1222.1310 
    1245.5554    1252.4109    1267.8518    1303.5258    1311.0025    1383.1797 
    1392.4799    1399.0410    1431.7109    1441.4223    1455.2330    1468.7689 
    1475.3105    1481.4003    1571.9894    1836.2233    2993.4956    2999.4935 
    3008.5149    3017.5819    3041.5220    3058.4980    3067.6886    3078.8874 
    3079.7664    3085.2804    3194.5873 
   Torsion-projected frequencies/non-torsional frequencies (cm-1)
    1451.0591i    210.7002     251.3626     303.8738     312.8716     377.0318 
     517.2381     545.6318     573.2453     654.2031     735.1718     835.5892 
     839.0181     910.7734     933.5652    1019.9082    1066.7182    1067.1204 
    1093.6217    1107.5954    1140.4098    1172.7661    1207.5436    1222.1094 
    1245.5137    1252.3262    1267.7773    1303.5125    1310.9500    1383.1784 
    1392.4794    1399.0379    1431.7031    1441.4173    1455.2328    1468.7641 
    1475.3101    1481.3974    1571.9844    1836.2224    2993.4951    2999.4935 
    3008.5148    3017.5817    3041.5175    3058.4961    3067.6873    3078.8851 
    3079.7658    3085.2802    3194.5860 
   Product of consistently coupled torsional frequencies (in cm-1^ntor)  9.0242E+11
   Primitively coupled torsional frequencies (cm-1) (Not used)
      38.4216      83.0079      91.9110     123.4090     165.9015     245.6007 
   Product of primitively coupled torsional frequencies (in cm-1^ntor)   1.4740E+12
   Effective coupled torsional barrier (kcal/mol)
        1.754        2.744        2.794        4.710        8.064        8.907 

   D matrix: 
   m-n        1             2             3             4             5
    1   2.225723E+01 -2.951009E+00 -4.477268E+00 -1.963466E+00 -1.506189E+00
    2  -2.951009E+00  2.376791E+01  8.662762E+00  6.520384E+00  2.870714E+00
    3  -4.477268E+00  8.662762E+00  4.679392E+01 -1.159660E+01  5.662310E+00
    4  -1.963466E+00  6.520384E+00 -1.159660E+01  2.210547E+01  4.240739E+00
    5  -1.506189E+00  2.870714E+00  5.662310E+00  4.240739E+00  7.906865E+00
    6   1.405010E+00  2.214998E+00  4.949256E-01  5.189770E-01  1.351757E-01
   m-n        6
    1   1.405010E+00
    2   2.214998E+00
    3   4.949256E-01
    4   5.189770E-01
    5   1.351757E-01
    6   3.026075E+00

   Eigenvalues of D matrix:
     5.3705E+01    3.2010E+01    2.0694E+01    1.2290E+01    2.6394E+00    4.5192E+00
   Determinant of D matrix  3.968310E+029

          Uncoupled force constants (au), Pitzer moment of inertia (amu A^2),
   uncoupled torsional frequencies (cm-1), and uncoupled torsional barrier (kcal/mol)
   --------------------------------------------------------------------------------
   Torsion               1             2             3             4             5
   Force constant   2.17040E-02  3.76287E-02  1.11406E-02  3.71802E-02  1.28955E-02
   Moment          22.257       23.768       46.794       22.105        7.907
   Tor. Freq.        84.945      108.235       41.972      111.561      109.855
   Rot. barrier       4.693        8.136        2.409        8.039        2.788
   M_j,tau            2.409        2.409        2.409        2.409        2.409

   Torsion               6
   Force constant   2.08432E-02
   Moment           3.026
   Tor. Freq.       225.760
   Rot. barrier       2.907
   M_j,tau            3.000
   --------------------------------------------------------------------------------
   Potential Energy =   0.000 kcal/mol
   Weight =  2
   Overall rotational symmetry number =   1

                           ==========================
                                Structure   2
                           ==========================

   Normal-mode Frequencies (cm-1) 
   (Overall translation and rotation projected out)
    1451.0956i      0.0001i      0.0000i      0.0000i      0.0000i      0.0000 
       0.0000      34.2106      73.1812      90.7149     109.4496     148.7806 
     213.4900     243.6872     253.4756     304.7488     313.6632     380.4834 
     518.0621     545.0947     577.1061     654.4971     736.0999     834.9324 
     839.9998     911.4249     933.8733    1020.1498    1066.7842    1068.3546 
    1092.2911    1107.3889    1140.1041    1172.8613    1206.5058    1222.8538 
    1244.5622    1253.1120    1267.8664    1303.8308    1311.9621    1383.3893 
    1392.5887    1399.3607    1431.7957    1441.5117    1455.3380    1468.8344 
    1475.3239    1481.4351    1572.9185    1835.8106    2994.8635    2999.2245 
    3008.0852    3017.1252    3043.7533    3058.9076    3067.8003    3079.1739 
    3079.2764    3085.3271    3194.3551 
   Torsion-projected frequencies/non-torsional frequencies (cm-1)
    1451.0611i    212.1810     252.1598     303.8890     308.1725     379.2147 
     517.9301     544.8034     574.9222     653.8587     734.8878     834.9209 
     839.9702     911.3899     933.8486    1020.1405    1066.7712    1068.3183 
    1092.2529    1107.3827    1140.0992    1172.8438    1206.4881    1222.8417 
    1244.5230    1253.0350    1267.7918    1303.8169    1311.9088    1383.3868 
    1392.5871    1399.3579    1431.7831    1441.5095    1455.3378    1468.8303 
    1475.3235    1481.4331    1572.9130    1835.8098    2994.8628    2999.2244 
    3008.0850    3017.1249    3043.7474    3058.9051    3067.7990    3079.1708 
    3079.2757    3085.3269    3194.3537 
   Product of consistently coupled torsional frequencies (in cm-1^ntor)  9.4070E+11
   Primitively coupled torsional frequencies (cm-1) (Not used)
      37.8658      83.9523      97.3084     121.8146     167.1971     245.9714 
   Product of primitively coupled torsional frequencies (in cm-1^ntor)   1.5497E+12
   Effective coupled torsional barrier (kcal/mol)
        1.709        2.752        2.792        4.749        8.261        9.615 

   D matrix: 
   m-n        1             2             3             4             5
    1   2.193343E+01 -2.395714E+00 -3.312467E+00 -1.062398E+00 -1.084642E-01
    2  -2.395714E+00  2.327567E+01  7.528069E+00  6.125554E+00  1.747402E+00
    3  -3.312467E+00  7.528069E+00  4.620716E+01 -1.264513E+01  5.172068E+00
    4  -1.062398E+00  6.125554E+00 -1.264513E+01  2.181910E+01  3.592301E+00
    5  -1.084642E-01  1.747402E+00  5.172068E+00  3.592301E+00  7.649342E+00
    6   1.429963E+00  2.227558E+00  5.390292E-01  5.685665E-01  2.145775E-01
   m-n        6
    1   1.429963E+00
    2   2.227558E+00
    3   5.390292E-01
    4   5.685665E-01
    5   2.145775E-01
    6   3.030848E+00

   Eigenvalues of D matrix:
     5.2994E+01    3.0168E+01    2.1036E+01    2.6385E+00    4.5039E+00    1.2575E+01
   Determinant of D matrix  3.824200E+029

          Uncoupled force constants (au), Pitzer moment of inertia (amu A^2),
   uncoupled torsional frequencies (cm-1), and uncoupled torsional barrier (kcal/mol)
   --------------------------------------------------------------------------------
   Torsion               1             2             3             4             5
   Force constant   2.17058E-02  4.11319E-02  1.08879E-02  3.75435E-02  1.29354E-02
   Moment          21.933       23.276       46.207       21.819        7.649
   Tor. Freq.        85.574      114.352       41.756      112.838      111.862
   Rot. barrier       4.714        8.933        2.365        8.154        2.809
   M_j,tau            2.404        2.404        2.404        2.404        2.404

   Torsion               6
   Force constant   2.08192E-02
   Moment           3.031
   Tor. Freq.       225.452
   Rot. barrier       2.903
   M_j,tau            3.000
   --------------------------------------------------------------------------------
   Potential Energy =   0.001 kcal/mol
   Weight =  2
   Overall rotational symmetry number =   1

                           ==========================
                                Structure   3
                           ==========================

   Normal-mode Frequencies (cm-1) 
   (Overall translation and rotation projected out)
    1450.4608i      0.0001i      0.0001i      0.0000i      0.0000i      0.0000 
       0.0000      30.7790      64.8332      92.1676     110.6372     116.8015 
     148.7858     241.4600     260.5165     299.0132     319.9087     364.7526 
     485.6226     544.5277     573.5217     699.7127     717.8230     788.9657 
     889.2742     919.2437     920.4321    1035.4356    1068.9931    1078.1687 
    1094.6034    1111.1387    1137.5402    1173.1717    1209.6151    1211.8422 
    1239.3944    1255.5458    1284.6573    1287.9537    1304.6529    1362.5661 
    1396.7022    1409.3778    1433.8502    1441.2419    1463.6806    1470.8897 
    1474.9303    1484.3036    1571.0863    1838.6738    2989.8889    3001.4515 
    3010.2740    3018.0576    3024.6363    3047.8777    3068.6995    3079.1365 
    3079.7458    3085.6469    3193.8573 
   Torsion-projected frequencies/non-torsional frequencies (cm-1)
    1450.4280i    104.0733     258.8590     297.3594     316.2663     363.4668 
     485.5136     544.1589     570.9336     699.6842     716.0649     788.8441 
     889.2702     919.0984     920.4054    1035.4350    1068.9623    1078.1679 
    1094.5679    1111.1098    1137.5391    1173.1552    1209.6033    1211.8158 
    1239.3824    1255.4213    1284.6453    1287.9097    1304.6240    1362.5654 
    1396.7021    1409.3770    1433.8501    1441.2392    1463.6806    1470.8897 
    1474.9278    1484.3035    1571.0809    1838.6733    2989.8889    3001.4515 
    3010.2740    3018.0575    3024.6356    3047.8737    3068.6986    3079.1359 
    3079.7446    3085.6469    3193.8559 
   Product of consistently coupled torsional frequencies (in cm-1^ntor)  8.5009E+11
   Primitively coupled torsional frequencies (cm-1) (Not used)
      34.6337      70.9562     110.9254     121.8245     166.9215     245.8532 
   Product of primitively coupled torsional frequencies (in cm-1^ntor)   1.3628E+12
   Effective coupled torsional barrier (kcal/mol)
        0.924        2.340        2.674        3.071        4.359        6.906 

   D matrix: 
   m-n        1             2             3             4             5
    1   1.981018E+01 -4.055477E+00  1.603080E+01 -5.138528E+00  1.667891E+00
    2  -4.055477E+00  2.135308E+01 -4.760329E+00  9.899731E+00  8.106105E-01
    3   1.603080E+01 -4.760329E+00  3.121684E+01 -1.276643E+01  2.960316E+00
    4  -5.138528E+00  9.899731E+00 -1.276643E+01  2.321747E+01  4.025466E+00
    5   1.667891E+00  8.106105E-01  2.960316E+00  4.025466E+00  7.426689E+00
    6   9.837832E-01  2.265353E+00  1.245347E+00  4.016525E-01  2.634246E-01
   m-n        6
    1   9.837832E-01
    2   2.265353E+00
    3   1.245347E+00
    4   4.016525E-01
    5   2.634246E-01
    6   3.016104E+00

   Eigenvalues of D matrix:
     5.2764E+01    2.4450E+01    1.3869E+01    8.2316E+00    4.1408E+00    2.5854E+00
   Determinant of D matrix  1.199768E+029

          Uncoupled force constants (au), Pitzer moment of inertia (amu A^2),
   uncoupled torsional frequencies (cm-1), and uncoupled torsional barrier (kcal/mol)
   --------------------------------------------------------------------------------
   Torsion               1             2             3             4             5
   Force constant   2.21858E-02  1.65758E-02  5.71780E-03  3.67284E-02  1.29208E-02
   Moment          19.810       21.353       31.217       23.217        7.427
   Tor. Freq.        91.033       75.790       36.815      108.193      113.462
   Rot. barrier       4.098        3.062        1.056        6.784        2.386
   M_j,tau            2.607        2.607        2.607        2.607        2.607

   Torsion               6
   Force constant   2.07138E-02
   Moment           3.016
   Tor. Freq.       225.430
   Rot. barrier       2.888
   M_j,tau            3.000
   --------------------------------------------------------------------------------
   Potential Energy =   0.111 kcal/mol
   Weight =  2
   Overall rotational symmetry number =   1

                           ==========================
                                Structure   4
                           ==========================

   Normal-mode Frequencies (cm-1) 
   (Overall translation and rotation projected out)
    1450.5735i      0.0001i      0.0000i      0.0000i      0.0000i      0.0000i
       0.0000      31.6969      49.0909      95.7260     115.6836     155.5793 
     195.4871     259.6179     280.5337     314.5910     359.4839     396.7700 
     482.6286     544.3182     579.0321     657.9900     746.3365     824.6262 
     842.2408     910.8014     942.4565     980.9996    1067.9467    1073.2960 
    1091.5923    1096.9505    1141.0926    1172.7256    1191.7298    1218.5857 
    1240.0739    1247.9952    1266.4771    1299.5090    1346.5348    1374.5310 
    1392.9735    1399.0168    1434.3237    1441.7420    1453.5085    1469.5497 
    1478.4926    1484.1537    1572.3224    1835.3289    2999.2342    3007.9784 
    3013.3688    3020.9493    3052.8719    3062.3103    3077.0258    3079.2287 
    3079.9597    3084.7661    3194.3859 
   Torsion-projected frequencies/non-torsional frequencies (cm-1)
    1450.5389i    193.0768     278.1154     307.7857     357.7599     395.8930 
     481.5399     543.9470     576.9042     657.8830     745.7552     824.6000 
     842.1442     910.7352     942.4356     980.9293    1067.9170    1073.2439 
    1091.5497    1096.9374    1141.0858    1172.7086    1191.7194    1218.5673 
    1240.0411    1247.9248    1266.4005    1299.4817    1346.5315    1374.5302 
    1392.9575    1399.0140    1434.2786    1441.7382    1453.4999    1469.5350 
    1478.4461    1484.1467    1572.3167    1835.3282    2999.2320    3007.9783 
    3013.3659    3020.9475    3052.8686    3062.3090    3077.0236    3079.2280 
    3079.9583    3084.7636    3194.3846 
   Product of consistently coupled torsional frequencies (in cm-1^ntor)  7.3776E+11
   Primitively coupled torsional frequencies (cm-1) (Not used)
      34.2396      54.1404     104.8871     134.5809     171.3783     265.0899 
   Product of primitively coupled torsional frequencies (in cm-1^ntor)   1.1888E+12
   Effective coupled torsional barrier (kcal/mol)
        1.543        2.150        2.822        5.084        8.395        9.917 

   D matrix: 
   m-n        1             2             3             4             5
    1   2.679722E+01  2.185784E+01 -7.460761E+00  7.139605E+00  2.574860E-01
    2   2.185784E+01  4.524465E+01  7.556087E+00  1.262644E+01  3.091397E+00
    3  -7.460761E+00  7.556087E+00  4.348285E+01 -1.091201E+01  4.897250E+00
    4   7.139605E+00  1.262644E+01 -1.091201E+01  2.335290E+01  4.240046E+00
    5   2.574860E-01  3.091397E+00  4.897250E+00  4.240046E+00  7.701000E+00
    6   1.361191E+00 -2.993319E-01  6.753235E-01 -2.529787E-01  9.256859E-02
   m-n        6
    1   1.361191E+00
    2  -2.993319E-01
    3   6.753235E-01
    4  -2.529787E-01
    5   9.256859E-02
    6   3.077186E+00

   Eigenvalues of D matrix:
     6.5158E+01    5.0299E+01    1.8495E+01    8.5821E+00    2.6966E+00    4.4250E+00
   Determinant of D matrix  4.723425E+029

          Uncoupled force constants (au), Pitzer moment of inertia (amu A^2),
   uncoupled torsional frequencies (cm-1), and uncoupled torsional barrier (kcal/mol)
   --------------------------------------------------------------------------------
   Torsion               1             2             3             4             5
   Force constant   2.30287E-02  3.81345E-02  1.05342E-02  3.75409E-02  1.30095E-02
   Moment          26.797       45.245       43.483       23.353        7.701
   Tor. Freq.        79.744       78.973       42.340      109.066      111.805
   Rot. barrier       5.098        8.442        2.332        8.311        2.880
   M_j,tau            2.381        2.381        2.381        2.381        2.381

   Torsion               6
   Force constant   2.04180E-02
   Moment           3.077
   Tor. Freq.       221.582
   Rot. barrier       2.847
   M_j,tau            3.000
   --------------------------------------------------------------------------------
   Potential Energy =   0.671 kcal/mol
   Weight =  2
   Overall rotational symmetry number =   1

                           ==========================
                                Structure   5
                           ==========================

   Normal-mode Frequencies (cm-1) 
   (Overall translation and rotation projected out)
    1451.2365i      0.0000i      0.0000i      0.0000       0.0000       0.0000 
       0.0001      32.9641      49.9727      88.9507     125.0616     150.6705 
     197.0993     260.6877     279.5996     319.3530     357.2042     397.7547 
     482.2711     545.5358     576.6776     658.2872     746.5558     825.1769 
     841.6347     909.6106     942.9428     981.1602    1066.4105    1073.6071 
    1091.9429    1098.0953    1141.4670    1172.4708    1193.0702    1218.3453 
    1240.8136    1248.1517    1266.5152    1299.5487    1346.3547    1374.6691 
    1393.0152    1399.0307    1434.3997    1441.6363    1453.7543    1469.5335 
    1478.6308    1484.2117    1571.5810    1835.7497    2999.2556    3008.6034 
    3013.4542    3021.7883    3052.6251    3062.7178    3076.8701    3079.6205 
    3079.8708    3084.1622    3194.5908 
   Torsion-projected frequencies/non-torsional frequencies (cm-1)
    1451.2013i    193.1526     277.5210     313.7488     354.3504     397.1074 
     481.3822     545.0963     574.6488     658.1590     745.9726     825.1447 
     841.5413     909.5484     942.9221     981.0902    1066.3793    1073.5614 
    1091.9102    1098.0673    1141.4603    1172.4550    1193.0608    1218.3214 
    1240.7879    1248.0680    1266.4409    1299.5216    1346.3511    1374.6683 
    1392.9967    1399.0287    1434.3631    1441.6280    1453.7457    1469.5187 
    1478.5868    1484.2046    1571.5760    1835.7489    2999.2534    3008.6033 
    3013.4510    3021.7864    3052.6214    3062.7165    3076.8681    3079.6193 
    3079.8700    3084.1596    3194.5894 
   Product of consistently coupled torsional frequencies (in cm-1^ntor)  7.6655E+11
   Primitively coupled torsional frequencies (cm-1) (Not used)
      35.2140      54.5739     101.4586     137.8982     170.9127     265.4750 
   Product of primitively coupled torsional frequencies (in cm-1^ntor)   1.2200E+12
   Effective coupled torsional barrier (kcal/mol)
        1.662        2.180        2.874        5.257        8.587       10.208 

   D matrix: 
   m-n        1             2             3             4             5
    1   2.659918E+01  2.112428E+01 -7.723040E+00  6.046017E+00 -2.198331E-01
    2   2.112428E+01  4.482395E+01  8.505469E+00  1.199585E+01  3.597186E+00
    3  -7.723040E+00  8.505469E+00  4.437563E+01 -9.733311E+00  5.584542E+00
    4   6.046017E+00  1.199585E+01 -9.733311E+00  2.293463E+01  4.564725E+00
    5  -2.198331E-01  3.597186E+00  5.584542E+00  4.564725E+00  7.917704E+00
    6   1.355676E+00 -3.448449E-01  6.252810E-01 -3.362172E-01  1.488783E-02
   m-n        6
    1   1.355676E+00
    2  -3.448449E-01
    3   6.252810E-01
    4  -3.362172E-01
    5   1.488783E-02
    6   3.075653E+00

   Eigenvalues of D matrix:
     6.3473E+01    5.1118E+01    1.9703E+01    8.2786E+00    2.7012E+00    4.4519E+00
   Determinant of D matrix  4.843075E+029

          Uncoupled force constants (au), Pitzer moment of inertia (amu A^2),
   uncoupled torsional frequencies (cm-1), and uncoupled torsional barrier (kcal/mol)
   --------------------------------------------------------------------------------
   Torsion               1             2             3             4             5
   Force constant   2.33672E-02  3.85684E-02  1.08483E-02  3.75383E-02  1.28993E-02
   Moment          26.599       44.824       44.376       22.935        7.918
   Tor. Freq.        80.626       79.793       42.532      110.052      109.796
   Rot. barrier       5.293        8.737        2.457        8.503        2.922
   M_j,tau            2.354        2.354        2.354        2.354        2.354

   Torsion               6
   Force constant   2.04806E-02
   Moment           3.076
   Tor. Freq.       221.977
   Rot. barrier       2.856
   M_j,tau            3.000
   --------------------------------------------------------------------------------
   Potential Energy =   0.680 kcal/mol
   Weight =  2
   Overall rotational symmetry number =   1

                           ==========================
                                Structure   6
                           ==========================

   Normal-mode Frequencies (cm-1) 
   (Overall translation and rotation projected out)
    1450.4755i      0.0000i      0.0000i      0.0000i      0.0000       0.0000 
       0.0000      28.2199      56.6361      95.2168     107.0945     140.0450 
     148.0680     236.8264     278.5279     313.4616     330.3418     418.5777 
     443.6844     544.6610     574.6951     696.6211     741.7525     785.7892 
     878.3518     912.3810     933.7770     986.4777    1069.4362    1085.9788 
    1098.3205    1109.6777    1131.6798    1173.2291    1201.0140    1211.4560 
    1241.2250    1256.8172    1275.5660    1295.8933    1330.9505    1356.5575 
    1397.3832    1405.8297    1434.8093    1440.5860    1463.7586    1467.6190 
    1477.9049    1483.2764    1570.9299    1838.2543    2996.7900    3000.7845 
    3010.7851    3018.5957    3042.7431    3053.4621    3073.7185    3078.4185 
    3079.0870    3084.9332    3193.7933 
   Torsion-projected frequencies/non-torsional frequencies (cm-1)
    1450.4418i    158.4255     265.0206     307.8689     328.5387     417.6640 
     442.7837     544.2716     571.5990     696.5114     741.3714     785.3204 
     878.3310     912.3690     933.6574     986.3300    1069.3865    1085.9694 
    1098.2719    1109.6377    1131.6766    1173.2115    1201.0070    1211.4381 
    1241.2030    1256.6852    1275.5082    1295.8467    1330.9391    1356.5488 
    1397.3811    1405.8258    1434.8089    1440.5830    1463.7519    1467.6164 
    1477.8991    1483.2712    1570.9246    1838.2538    2996.7899    3000.7829 
    3010.7836    3018.5954    3042.7429    3053.4568    3073.7172    3078.4173 
    3079.0864    3084.9319    3193.7920 
   Product of consistently coupled torsional frequencies (in cm-1^ntor)  5.5031E+11
   Primitively coupled torsional frequencies (cm-1) (Not used)
      33.0254      58.4070     109.7864     119.2666     165.5412     244.3057 
   Product of primitively coupled torsional frequencies (in cm-1^ntor)   1.0215E+12
   Effective coupled torsional barrier (kcal/mol)
        0.902        2.308        2.377        2.655        5.580        6.804 

   D matrix: 
   m-n        1             2             3             4             5
    1   1.929824E+01  7.737541E+00  1.310205E+01  1.032836E+00  2.397369E+00
    2   7.737541E+00  3.469032E+01  5.147488E+00  1.233326E+01  2.806675E+00
    3   1.310205E+01  5.147488E+00  2.800779E+01 -7.855847E+00  3.387851E+00
    4   1.032836E+00  1.233326E+01 -7.855847E+00  2.291601E+01  4.732803E+00
    5   2.397369E+00  2.806675E+00  3.387851E+00  4.732803E+00  7.615629E+00
    6   1.272003E+00 -4.629334E-01  8.620511E-01 -3.015518E-01  5.509395E-02
   m-n        6
    1   1.272003E+00
    2  -4.629334E-01
    3   8.620511E-01
    4  -3.015518E-01
    5   5.509395E-02
    6   3.077756E+00

   Eigenvalues of D matrix:
     4.7157E+01    3.8376E+01    1.4023E+01    8.9290E+00    4.1843E+00    2.9353E+00
   Determinant of D matrix  2.117849E+029

          Uncoupled force constants (au), Pitzer moment of inertia (amu A^2),
   uncoupled torsional frequencies (cm-1), and uncoupled torsional barrier (kcal/mol)
   --------------------------------------------------------------------------------
   Torsion               1             2             3             4             5
   Force constant   2.47584E-02  1.68742E-02  5.64208E-03  3.66333E-02  1.28844E-02
   Moment          19.298       34.690       28.008       22.916        7.616
   Tor. Freq.        97.433       59.995       38.609      108.761      111.888
   Rot. barrier       4.518        3.079        1.029        6.684        2.351
   M_j,tau            2.623        2.623        2.623        2.623        2.623

   Torsion               6
   Force constant   2.12628E-02
   Moment           3.078
   Tor. Freq.       226.099
   Rot. barrier       2.965
   M_j,tau            3.000
   --------------------------------------------------------------------------------
   Potential Energy =   0.688 kcal/mol
   Weight =  2
   Overall rotational symmetry number =   1

                           ==========================
                                Structure   7
                           ==========================

   Normal-mode Frequencies (cm-1) 
   (Overall translation and rotation projected out)
    1450.6305i      0.0001i      0.0000i      0.0000i      0.0000i      0.0000 
       0.0001      28.8376      56.5070      93.5977     108.9456     141.7639 
     146.7887     238.1381     275.8279     314.6620     331.4628     418.1566 
     443.9570     544.5978     574.7460     697.4574     740.9862     785.7625 
     878.6722     912.9883     933.3975     986.7041    1069.2319    1085.9634 
    1097.9404    1109.4795    1132.5935    1173.3638    1200.8609    1211.4321 
    1241.1634    1256.7624    1275.6825    1296.2102    1331.0643    1356.5225 
    1397.6896    1405.8815    1434.7488    1440.7503    1463.8029    1467.6824 
    1478.0183    1483.5126    1571.0371    1838.2971    2996.2845    3001.1367 
    3010.9723    3018.9867    3042.6013    3053.1777    3073.4224    3078.8650 
    3079.0478    3084.9968    3193.7799 
   Torsion-projected frequencies/non-torsional frequencies (cm-1)
    1450.5972i    158.3416     263.2789     309.2075     328.9999     417.1844 
     443.1205     544.2207     571.7004     697.3352     740.6241     785.2918 
     878.6489     912.9738     933.2772     986.5536    1069.1794    1085.9513 
    1097.9019    1109.4390    1132.5885    1173.3446    1200.8525    1211.4149 
    1241.1436    1256.6384    1275.6143    1296.1659    1331.0535    1356.5134 
    1397.6865    1405.8780    1434.7480    1440.7476    1463.7963    1467.6797 
    1478.0119    1483.5064    1571.0318    1838.2966    2996.2844    3001.1350 
    3010.9707    3018.9865    3042.6011    3053.1723    3073.4210    3078.8639 
    3079.0470    3084.9954    3193.7785 
   Product of consistently coupled torsional frequencies (in cm-1^ntor)  5.6545E+11
   Primitively coupled torsional frequencies (cm-1) (Not used)
      33.6524      58.2645     109.3574     120.1540     165.4499     245.2898 
   Product of primitively coupled torsional frequencies (in cm-1^ntor)   1.0456E+12
   Effective coupled torsional barrier (kcal/mol)
        0.974        2.438        2.452        2.798        5.935        7.256 

   D matrix: 
   m-n        1             2             3             4             5
    1   1.878360E+01  7.268647E+00  1.276126E+01 -5.797526E-03  1.730266E+00
    2   7.268647E+00  3.486383E+01  4.824099E+00  1.254934E+01  2.676053E+00
    3   1.276126E+01  4.824099E+00  2.772557E+01 -8.423656E+00  2.944119E+00
    4  -5.797526E-03  1.254934E+01 -8.423656E+00  2.316107E+01  4.701970E+00
    5   1.730266E+00  2.676053E+00  2.944119E+00  4.701970E+00  7.500273E+00
    6   1.286260E+00 -4.288517E-01  8.787601E-01 -2.227358E-01  1.234526E-01
   m-n        6
    1   1.286260E+00
    2  -4.288517E-01
    3   8.787601E-01
    4  -2.227358E-01
    5   1.234526E-01
    6   3.079574E+00

   Eigenvalues of D matrix:
     4.6164E+01    3.9245E+01    1.3389E+01    9.1942E+00    4.1869E+00    2.9348E+00
   Determinant of D matrix  2.085342E+029

          Uncoupled force constants (au), Pitzer moment of inertia (amu A^2),
   uncoupled torsional frequencies (cm-1), and uncoupled torsional barrier (kcal/mol)
   --------------------------------------------------------------------------------
   Torsion               1             2             3             4             5
   Force constant   2.49146E-02  1.70222E-02  5.72554E-03  3.66918E-02  1.28557E-02
   Moment          18.784       34.864       27.726       23.161        7.500
   Tor. Freq.        99.070       60.107       39.091      108.271      112.620
   Rot. barrier       4.836        3.304        1.111        7.122        2.495
   M_j,tau            2.543        2.543        2.543        2.543        2.543

   Torsion               6
   Force constant   2.13878E-02
   Moment           3.080
   Tor. Freq.       226.695
   Rot. barrier       2.982
   M_j,tau            3.000
   --------------------------------------------------------------------------------
   Potential Energy =   0.690 kcal/mol
   Weight =  2
   Overall rotational symmetry number =   1

                           ==========================
                                Structure   8
                           ==========================

   Normal-mode Frequencies (cm-1) 
   (Overall translation and rotation projected out)
    1448.6258i      0.0000i      0.0000i      0.0000i      0.0000       0.0000 
       0.0000      34.5919      62.2159      87.1681     101.1184     148.6491 
     202.6578     244.3387     257.5028     313.6997     327.1621     393.6340 
     497.0601     542.1476     613.0029     665.7963     742.6890     835.2170 
     842.4032     880.8611     937.6058    1007.6657    1056.0639    1075.6435 
    1089.3064    1116.9365    1152.4595    1176.9297    1207.4183    1228.3603 
    1244.3994    1250.4927    1279.9781    1306.5435    1322.0743    1353.2272 
    1387.3415    1398.7186    1437.6604    1442.6343    1461.4074    1467.0390 
    1475.2697    1481.3164    1568.8570    1838.0540    2992.8604    3000.0652 
    3010.8401    3023.3614    3030.1878    3061.4673    3077.3761    3079.8768 
    3086.6351    3094.0393    3194.6570 
   Torsion-projected frequencies/non-torsional frequencies (cm-1)
    1448.5925i    199.7120     256.7328     307.6334     323.0363     392.4853 
     496.0518     541.7624     612.5023     664.6463     741.6550     835.1873 
     842.3941     880.8158     937.5639    1007.6462    1056.0556    1075.6117 
    1089.2607    1116.9144    1152.4527    1176.9177    1207.3941    1228.3476 
    1244.3463    1250.3741    1279.9552    1306.4862    1322.0546    1353.2086 
    1387.3410    1398.7167    1437.6566    1442.6008    1461.4052    1467.0364 
    1475.2689    1481.3154    1568.8513    1838.0535    2992.8601    3000.0652 
    3010.8396    3023.3611    3030.1871    3061.4663    3077.3744    3079.8762 
    3086.6350    3094.0389    3194.6557 
   Product of consistently coupled torsional frequencies (in cm-1^ntor)  7.3163E+11
   Primitively coupled torsional frequencies (cm-1) (Not used)
      43.3499      84.6970      89.7766     121.1974     168.7865     244.7402 
   Product of primitively coupled torsional frequencies (in cm-1^ntor)   1.6503E+12
   Effective coupled torsional barrier (kcal/mol)
        2.448        2.806        2.995        5.395        7.693        8.506 

   D matrix: 
   m-n        1             2             3             4             5
    1   2.264308E+01 -4.909502E+00 -1.032113E+01  7.009724E+00 -7.606987E-02
    2  -4.909502E+00  3.034457E+01  2.090987E+01 -1.263568E+01  1.128990E+00
    3  -1.032113E+01  2.090987E+01  4.438510E+01 -8.969003E+00  5.063654E+00
    4   7.009724E+00 -1.263568E+01 -8.969003E+00  2.426173E+01  5.014431E+00
    5  -7.606987E-02  1.128990E+00  5.063654E+00  5.014431E+00  7.840509E+00
    6   1.320359E+00  2.618685E+00  1.052896E+00 -4.262322E-01  1.401252E-01
   m-n        6
    1   1.320359E+00
    2   2.618685E+00
    3   1.052896E+00
    4  -4.262322E-01
    5   1.401252E-01
    6   3.063395E+00

   Eigenvalues of D matrix:
     6.8606E+01    2.4943E+01    2.0508E+01    1.1014E+01    2.6362E+00    4.8310E+00
   Determinant of D matrix  3.745669E+029

          Uncoupled force constants (au), Pitzer moment of inertia (amu A^2),
   uncoupled torsional frequencies (cm-1), and uncoupled torsional barrier (kcal/mol)
   --------------------------------------------------------------------------------
   Torsion               1             2             3             4             5
   Force constant   2.33790E-02  3.26467E-02  1.21313E-02  3.61660E-02  1.31266E-02
   Moment          22.643       30.345       44.385       24.262        7.841
   Tor. Freq.        87.408       89.225       44.972      105.025      111.304
   Rot. barrier       5.368        7.495        2.785        8.304        3.014
   M_j,tau            2.338        2.338        2.338        2.338        2.338

   Torsion               6
   Force constant   2.06384E-02
   Moment           3.063
   Tor. Freq.       223.276
   Rot. barrier       2.878
   M_j,tau            3.000
   --------------------------------------------------------------------------------
   Potential Energy =   0.741 kcal/mol
   Weight =  2
   Overall rotational symmetry number =   1

       List of zero-point inclusive energy (kcal/mol) for each structure
      ------------------------------------------------------------------
        Structure            Energy (T = 0 K)
      ------------------------------------------------------------------
          1                    107.43
          2                    107.45
          3                    107.37
          4                    108.21
          5                    108.23
          6                    108.05
          7                    108.06
          8                    108.25
      ZPE of the system =      107.37


     Note: The following SS-HO and SS-T include the Rot. P.F. and Boltzmann factor,
           but are calculated with weight = 1 for each structure. Weights are
           counted in MS partition functions. Zero of energy is set to the potential
           energy of global minimum.

            Partition function of structure    1
     ================================================================
          T(K)      Rot.          SS-HO           SS-T     SS-T/SS-HO
        100.00    8.7254E+004   1.2785E-229   8.6065E-230    0.673
        125.00    1.2194E+005   3.4659E-182   2.3985E-182    0.692
        200.00    2.4679E+005   1.7982E-110   1.3661E-110    0.760
        298.15    4.4920E+005   2.3527E-070   2.0343E-070    0.865
        300.00    4.5339E+005   7.6479E-070   6.6286E-070    0.867
        500.00    9.7553E+005   7.6677E-036   8.1979E-036    1.069
        750.00    1.7922E+006   4.4286E-017   5.4418E-017    1.229
       1000.00    2.7592E+006   2.1767E-006   2.8062E-006    1.289
       1100.00    3.1833E+006   3.5660E-003   4.6088E-003    1.292
       1150.00    3.4028E+006   1.0152E-001   1.3101E-001    1.290
       1200.00    3.6271E+006   2.3701E+000   3.0489E+000    1.286
       1250.00    3.8561E+006   4.6373E+001   5.9378E+001    1.280
       1300.00    4.0898E+006   7.7461E+002   9.8592E+002    1.273
       1350.00    4.3280E+006   1.1223E+004   1.4182E+004    1.264
       1400.00    4.5707E+006   1.4298E+005   1.7916E+005    1.253
       1450.00    4.8177E+006   1.6206E+006   2.0117E+006    1.241
       1500.00    5.0690E+006   1.6514E+007   2.0287E+007    1.228
       1550.00    5.3246E+006   1.5265E+008   1.8541E+008    1.215
       1600.00    5.5843E+006   1.2901E+009   1.5482E+009    1.200
       1650.00    5.8481E+006   1.0040E+010   1.1895E+010    1.185
       1700.00    6.1159E+006   7.2396E+010   8.4618E+010    1.169
       1800.00    6.6634E+006   3.0601E+012   3.4748E+012    1.136
       1900.00    7.2263E+006   1.0120E+014   1.1141E+014    1.101
       2000.00    7.8043E+006   2.7006E+015   2.8771E+015    1.065
       2500.00    1.0907E+007   3.1203E+021   2.7722E+021    0.888

            Partition function of structure    2
     ================================================================
          T(K)      Rot.          SS-HO           SS-T     SS-T/SS-HO
        100.00    8.8682E+004   1.1709E-229   7.8177E-230    0.668
        125.00    1.2394E+005   3.2179E-182   2.2091E-182    0.686
        200.00    2.5083E+005   1.7018E-110   1.2831E-110    0.754
        298.15    4.5655E+005   2.2482E-070   1.9277E-070    0.857
        300.00    4.6080E+005   7.3089E-070   6.2816E-070    0.859
        500.00    9.9149E+005   7.3796E-036   7.7895E-036    1.056
        750.00    1.8215E+006   4.2753E-017   5.1563E-017    1.206
       1000.00    2.8044E+006   2.1041E-006   2.6513E-006    1.260
       1100.00    3.2354E+006   3.4483E-003   4.3510E-003    1.262
       1150.00    3.4584E+006   9.8187E-002   1.2365E-001    1.259
       1200.00    3.6864E+006   2.2925E+000   2.8770E+000    1.255
       1250.00    3.9192E+006   4.4860E+001   5.6021E+001    1.249
       1300.00    4.1567E+006   7.4941E+002   9.3009E+002    1.241
       1350.00    4.3988E+006   1.0859E+004   1.3378E+004    1.232
       1400.00    4.6454E+006   1.3835E+005   1.6901E+005    1.222
       1450.00    4.8965E+006   1.5683E+006   1.8979E+006    1.210
       1500.00    5.1519E+006   1.5982E+007   1.9141E+007    1.198
       1550.00    5.4117E+006   1.4774E+008   1.7497E+008    1.184
       1600.00    5.6756E+006   1.2487E+009   1.4613E+009    1.170
       1650.00    5.9437E+006   9.7183E+009   1.1230E+010    1.156
       1700.00    6.2159E+006   7.0080E+010   7.9907E+010    1.140
       1800.00    6.7724E+006   2.9624E+012   3.2833E+012    1.108
       1900.00    7.3445E+006   9.7978E+013   1.0534E+014    1.075
       2000.00    7.9319E+006   2.6148E+015   2.7225E+015    1.041
       2500.00    1.1085E+007   3.0219E+021   2.6346E+021    0.872

            Partition function of structure    3
     ================================================================
          T(K)      Rot.          SS-HO           SS-T     SS-T/SS-HO
        100.00    8.9311E+004   2.4011E-229   1.7489E-229    0.728
        125.00    1.2482E+005   6.4892E-182   4.9457E-182    0.762
        200.00    2.5261E+005   3.4679E-110   2.9945E-110    0.863
        298.15    4.5979E+005   4.7182E-070   4.6588E-070    0.987
        300.00    4.6407E+005   1.5346E-069   1.5187E-069    0.990
        500.00    9.9853E+005   1.6085E-035   1.9054E-035    1.185
        750.00    1.8344E+006   9.5292E-017   1.2203E-016    1.281
       1000.00    2.8243E+006   4.7462E-006   5.9252E-006    1.248
       1100.00    3.2583E+006   7.8045E-003   9.4737E-003    1.214
       1150.00    3.4830E+006   2.2255E-001   2.6566E-001    1.194
       1200.00    3.7126E+006   5.2035E+000   6.0986E+000    1.172
       1250.00    3.9470E+006   1.0195E+002   1.1716E+002    1.149
       1300.00    4.1862E+006   1.7052E+003   1.9190E+003    1.125
       1350.00    4.4300E+006   2.4735E+004   2.7233E+004    1.101
       1400.00    4.6784E+006   3.1547E+005   3.3947E+005    1.076
       1450.00    4.9312E+006   3.5797E+006   3.7616E+006    1.051
       1500.00    5.1885E+006   3.6512E+007   3.7442E+007    1.025
       1550.00    5.4501E+006   3.3781E+008   3.3783E+008    1.000
       1600.00    5.7159E+006   2.8575E+009   2.7855E+009    0.975
       1650.00    5.9859E+006   2.2257E+010   2.1136E+010    0.950
       1700.00    6.2601E+006   1.6061E+011   1.4854E+011    0.925
       1800.00    6.8205E+006   6.7987E+012   5.9570E+012    0.876
       1900.00    7.3967E+006   2.2513E+014   1.8670E+014    0.829
       2000.00    7.9882E+006   6.0150E+015   4.7180E+015    0.784
       2500.00    1.1164E+007   6.9820E+021   4.1349E+021    0.592

            Partition function of structure    4
     ================================================================
          T(K)      Rot.          SS-HO           SS-T     SS-T/SS-HO
        100.00    8.6780E+004   3.1130E-231   2.1454E-231    0.689
        125.00    1.2128E+005   1.8540E-183   1.3185E-183    0.711
        200.00    2.4545E+005   3.0579E-111   2.4158E-111    0.790
        298.15    4.4676E+005   7.4153E-071   6.7026E-071    0.904
        300.00    4.5092E+005   2.4290E-070   2.2006E-070    0.906
        500.00    9.7023E+005   3.9796E-036   4.3522E-036    1.094
        750.00    1.7824E+006   2.9343E-017   3.5495E-017    1.210
       1000.00    2.7442E+006   1.6291E-006   2.0075E-006    1.232
       1100.00    3.1660E+006   2.7588E-003   3.3779E-003    1.224
       1150.00    3.3843E+006   7.9680E-002   9.7033E-002    1.218
       1200.00    3.6074E+006   1.8848E+000   2.2799E+000    1.210
       1250.00    3.8352E+006   3.7326E+001   4.4796E+001    1.200
       1300.00    4.0676E+006   6.3049E+002   7.4989E+002    1.189
       1350.00    4.3045E+006   9.2297E+003   1.0869E+004    1.178
       1400.00    4.5458E+006   1.1871E+005   1.3829E+005    1.165
       1450.00    4.7915E+006   1.3577E+006   1.5631E+006    1.151
       1500.00    5.0414E+006   1.3949E+007   1.5862E+007    1.137
       1550.00    5.2956E+006   1.2994E+008   1.4583E+008    1.122
       1600.00    5.5539E+006   1.1062E+009   1.2245E+009    1.107
       1650.00    5.8163E+006   8.6679E+009   9.4574E+009    1.091
       1700.00    6.0826E+006   6.2904E+010   6.7618E+010    1.075
       1800.00    6.6271E+006   2.6902E+012   2.8028E+012    1.042
       1900.00    7.1870E+006   8.9902E+013   9.0633E+013    1.008
       2000.00    7.7618E+006   2.4218E+015   2.3591E+015    0.974
       2500.00    1.0847E+007   2.8994E+021   2.3463E+021    0.809

            Partition function of structure    5
     ================================================================
          T(K)      Rot.          SS-HO           SS-T     SS-T/SS-HO
        100.00    8.5956E+004   2.7141E-231   1.8847E-231    0.694
        125.00    1.2013E+005   1.6450E-183   1.1767E-183    0.715
        200.00    2.4312E+005   2.7822E-111   2.2006E-111    0.791
        298.15    4.4252E+005   6.8346E-071   6.1752E-071    0.904
        300.00    4.4664E+005   2.2391E-070   2.0278E-070    0.906
        500.00    9.6102E+005   3.7050E-036   4.0701E-036    1.099
        750.00    1.7655E+006   2.7445E-017   3.3614E-017    1.225
       1000.00    2.7182E+006   1.5270E-006   1.9187E-006    1.256
       1100.00    3.1359E+006   2.5875E-003   3.2385E-003    1.252
       1150.00    3.3521E+006   7.4750E-002   9.3167E-002    1.246
       1200.00    3.5731E+006   1.7686E+000   2.1922E+000    1.240
       1250.00    3.7988E+006   3.5032E+001   4.3133E+001    1.231
       1300.00    4.0289E+006   5.9185E+002   7.2304E+002    1.222
       1350.00    4.2636E+006   8.6655E+003   1.0493E+004    1.211
       1400.00    4.5027E+006   1.1147E+005   1.3368E+005    1.199
       1450.00    4.7460E+006   1.2751E+006   1.5130E+006    1.187
       1500.00    4.9936E+006   1.3103E+007   1.5372E+007    1.173
       1550.00    5.2453E+006   1.2207E+008   1.4149E+008    1.159
       1600.00    5.5012E+006   1.0393E+009   1.1894E+009    1.144
       1650.00    5.7611E+006   8.1445E+009   9.1974E+009    1.129
       1700.00    6.0249E+006   5.9111E+010   6.5832E+010    1.114
       1800.00    6.5642E+006   2.5285E+012   2.7346E+012    1.082
       1900.00    7.1188E+006   8.4512E+013   8.8609E+013    1.048
       2000.00    7.6881E+006   2.2769E+015   2.3109E+015    1.015
       2500.00    1.0745E+007   2.7275E+021   2.3182E+021    0.850

            Partition function of structure    6
     ================================================================
          T(K)      Rot.          SS-HO           SS-T     SS-T/SS-HO
        100.00    9.1763E+004   8.5973E-231   5.4405E-231    0.633
        125.00    1.2824E+005   4.5599E-183   3.0244E-183    0.663
        200.00    2.5955E+005   6.5600E-111   4.9540E-111    0.755
        298.15    4.7241E+005   1.5131E-070   1.3112E-070    0.867
        300.00    4.7682E+005   4.9538E-070   4.3026E-070    0.869
        500.00    1.0259E+006   7.8974E-036   8.1002E-036    1.026
        750.00    1.8848E+006   5.7605E-017   6.2287E-017    1.081
       1000.00    2.9018E+006   3.1825E-006   3.3012E-006    1.037
       1100.00    3.3478E+006   5.3829E-003   5.4068E-003    1.004
       1150.00    3.5786E+006   1.5539E-001   1.5323E-001    0.986
       1200.00    3.8145E+006   3.6740E+000   3.5520E+000    0.967
       1250.00    4.0554E+006   7.2729E+001   6.8856E+001    0.947
       1300.00    4.3011E+006   1.2280E+003   1.1374E+003    0.926
       1350.00    4.5517E+006   1.7971E+004   1.6267E+004    0.905
       1400.00    4.8069E+006   2.3108E+005   2.0426E+005    0.884
       1450.00    5.0667E+006   2.6420E+006   2.2790E+006    0.863
       1500.00    5.3310E+006   2.7139E+007   2.2831E+007    0.841
       1550.00    5.5997E+006   2.5275E+008   2.0726E+008    0.820
       1600.00    5.8729E+006   2.1513E+009   1.7187E+009    0.799
       1650.00    6.1503E+006   1.6854E+010   1.3113E+010    0.778
       1700.00    6.4320E+006   1.2229E+011   9.2628E+010    0.757
       1800.00    7.0077E+006   5.2284E+012   3.7502E+012    0.717
       1900.00    7.5998E+006   1.7468E+014   1.1855E+014    0.679
       2000.00    8.2076E+006   4.7047E+015   3.0195E+015    0.642
       2500.00    1.1470E+007   5.6291E+021   2.7285E+021    0.485

            Partition function of structure    7
     ================================================================
          T(K)      Rot.          SS-HO           SS-T     SS-T/SS-HO
        100.00    9.2442E+004   8.1364E-231   5.1093E-231    0.628
        125.00    1.2919E+005   4.3501E-183   2.8559E-183    0.657
        200.00    2.6147E+005   6.3308E-111   4.7154E-111    0.745
        298.15    4.7591E+005   1.4690E-070   1.2554E-070    0.855
        300.00    4.8034E+005   4.8098E-070   4.1199E-070    0.857
        500.00    1.0335E+006   7.7021E-036   7.8501E-036    1.019
        750.00    1.8987E+006   5.6292E-017   6.1302E-017    1.089
       1000.00    2.9233E+006   3.1127E-006   3.2968E-006    1.059
       1100.00    3.3726E+006   5.2660E-003   5.4297E-003    1.031
       1150.00    3.6051E+006   1.5203E-001   1.5429E-001    1.015
       1200.00    3.8428E+006   3.5949E+000   3.5862E+000    0.998
       1250.00    4.0854E+006   7.1168E+001   6.9700E+001    0.979
       1300.00    4.3330E+006   1.2018E+003   1.1542E+003    0.960
       1350.00    4.5853E+006   1.7588E+004   1.6549E+004    0.941
       1400.00    4.8424E+006   2.2616E+005   2.0831E+005    0.921
       1450.00    5.1041E+006   2.5859E+006   2.3297E+006    0.901
       1500.00    5.3704E+006   2.6565E+007   2.3393E+007    0.881
       1550.00    5.6412E+006   2.4741E+008   2.1284E+008    0.860
       1600.00    5.9163E+006   2.1060E+009   1.7689E+009    0.840
       1650.00    6.1958E+006   1.6499E+010   1.3524E+010    0.820
       1700.00    6.4795E+006   1.1972E+011   9.5734E+010    0.800
       1800.00    7.0596E+006   5.1189E+012   3.8916E+012    0.760
       1900.00    7.6560E+006   1.7104E+014   1.2349E+014    0.722
       2000.00    8.2683E+006   4.6067E+015   3.1565E+015    0.685
       2500.00    1.1555E+007   5.5130E+021   2.8964E+021    0.525

            Partition function of structure    8
     ================================================================
          T(K)      Rot.          SS-HO           SS-T     SS-T/SS-HO
        100.00    9.0791E+004   2.4194E-231   1.1638E-231    0.481
        125.00    1.2688E+005   1.5231E-183   7.4950E-184    0.492
        200.00    2.5680E+005   2.7848E-111   1.4796E-111    0.531
        298.15    4.6741E+005   7.2217E-071   4.3109E-071    0.597
        300.00    4.7176E+005   2.3677E-070   1.4165E-070    0.598
        500.00    1.0151E+006   4.1002E-036   3.0582E-036    0.746
        750.00    1.8648E+006   3.1006E-017   2.7572E-017    0.889
       1000.00    2.8711E+006   1.7414E-006   1.6851E-006    0.968
       1100.00    3.3123E+006   2.9579E-003   2.9065E-003    0.983
       1150.00    3.5407E+006   8.5542E-002   8.4433E-002    0.987
       1200.00    3.7741E+006   2.0259E+000   2.0048E+000    0.990
       1250.00    4.0124E+006   4.0164E+001   3.9780E+001    0.990
       1300.00    4.2556E+006   6.7910E+002   6.7209E+002    0.990
       1350.00    4.5034E+006   9.9505E+003   9.8253E+003    0.987
       1400.00    4.7559E+006   1.2809E+005   1.2602E+005    0.984
       1450.00    5.0130E+006   1.4661E+006   1.4353E+006    0.979
       1500.00    5.2745E+006   1.5075E+007   1.4668E+007    0.973
       1550.00    5.5404E+006   1.4052E+008   1.3575E+008    0.966
       1600.00    5.8106E+006   1.1971E+009   1.1470E+009    0.958
       1650.00    6.0851E+006   9.3855E+009   8.9109E+009    0.949
       1700.00    6.3638E+006   6.8151E+010   6.4061E+010    0.940
       1800.00    6.9335E+006   2.9176E+012   2.6821E+012    0.919
       1900.00    7.5192E+006   9.7596E+013   8.7502E+013    0.897
       2000.00    8.1206E+006   2.6313E+015   2.2956E+015    0.872
       2500.00    1.1349E+007   3.1604E+021   2.3495E+021    0.743

     ================================================================
              Partition Functions Including All Structures
        -----------------------------------------------------------
        Zero of energy is set to potential energy of global minimum
        -----------------------------------------------------------
        T(K)    Elec.        Trans.              Con-rovib
                                            MS-LH    or     MS-T
        100.00  2.0000E+000  3.2877E+006  1.0201E-228  7.0974E-229
        125.00  2.0000E+000  5.7434E+006  2.9133E-181  2.0931E-181
        200.00  2.0000E+000  1.8598E+007  1.8239E-109  1.4440E-109
        298.15  2.0000E+000  5.0464E+007  2.8897E-069  2.5813E-069
        300.00  2.0000E+000  5.1250E+007  9.4205E-069  8.4330E-069
        500.00  2.0000E+000  1.8379E+008  1.1703E-034  1.2494E-034
        750.00  2.0000E+000  5.0646E+008  7.6805E-016  8.9656E-016
       1000.00  2.0000E+000  1.0397E+009  4.0439E-005  4.7184E-005
       1100.00  2.0000E+000  1.3194E+009  6.7544E-002  7.7586E-002
       1150.00  2.0000E+000  1.4745E+009  1.9393E+000  2.2049E+000
       1200.00  2.0000E+000  1.6400E+009  4.5629E+001  5.1280E+001
       1250.00  2.0000E+000  1.8162E+009  8.9921E+002  9.9765E+002
       1300.00  2.0000E+000  2.0033E+009  1.5121E+004  1.6543E+004
       1350.00  2.0000E+000  2.2015E+009  2.2044E+005  2.3759E+005
       1400.00  2.0000E+000  2.4111E+009  2.8246E+006  2.9964E+006
       1450.00  2.0000E+000  2.6322E+009  3.2191E+007  3.3583E+007
       1500.00  2.0000E+000  2.8650E+009  3.2968E+008  3.3799E+008
       1550.00  2.0000E+000  3.1097E+009  3.0618E+009  3.0828E+009
       1600.00  2.0000E+000  3.3666E+009  2.5993E+010  2.5687E+010
       1650.00  2.0000E+000  3.6358E+009  2.0313E+011  1.9693E+011
       1700.00  2.0000E+000  3.9175E+009  1.4705E+012  1.3979E+012
       1800.00  2.0000E+000  4.5193E+009  6.2610E+013  5.7153E+013
       1900.00  2.0000E+000  5.1734E+009  2.0841E+015  1.8245E+015
       2000.00  2.0000E+000  5.8812E+009  5.5944E+016  4.6918E+016
       2500.00  2.0000E+000  1.0274E+010  6.6107E+022  4.4361E+022

             Total Partition Function (E + T + Con-rovib)
             ---------------------------------------------
                T(K)     E + T + MS-LH     E + T + MS-T
                100.00     6.7073E-222       4.6668E-222
                125.00     3.3464E-174       2.4043E-174
                200.00     6.7841E-102       5.3713E-102
                298.15     2.9165E-061       2.6052E-061
                300.00     9.6561E-061       8.6439E-061
                500.00     4.3019E-026       4.5926E-026
                750.00     7.7797E-007       9.0814E-007
               1000.00     8.4086E+004       9.8110E+004
               1100.00     1.7823E+008       2.0473E+008
               1150.00     5.7189E+009       6.5023E+009
               1200.00     1.4966E+011       1.6820E+011
               1250.00     3.2663E+012       3.6239E+012
               1300.00     6.0584E+013       6.6283E+013
               1350.00     9.7063E+014       1.0461E+015
               1400.00     1.3621E+016       1.4449E+016
               1450.00     1.6946E+017       1.7679E+017
               1500.00     1.8890E+018       1.9367E+018
               1550.00     1.9043E+019       1.9173E+019
               1600.00     1.7501E+020       1.7296E+020
               1650.00     1.4771E+021       1.4320E+021
               1700.00     1.1522E+022       1.0952E+022
               1800.00     5.6590E+023       5.1658E+023
               1900.00     2.1564E+025       1.8877E+025
               2000.00     6.5803E+026       5.5187E+026
               2500.00     1.3584E+033       9.1154E+032

     ================================================================
              Partition Functions Including All Structures
        -----------------------------------------------------------
                    Zero of energy is set to ZPE
        -----------------------------------------------------------
        T(K)             Con-rovib                Total
                   MS-LH        MS-T       E+T+MS-LH    E+T+MS-T
        100.00  4.5329E+006  3.1539E+006  2.9805E+013  2.0738E+013
        125.00  1.5226E+007  1.0940E+007  1.7489E+014  1.2566E+014
        200.00  3.8448E+008  3.0441E+008  1.4301E+016  1.1323E+016
        298.15  1.4524E+010  1.2974E+010  1.4659E+018  1.3094E+018
        300.00  1.5488E+010  1.3864E+010  1.5875E+018  1.4211E+018
        500.00  9.9509E+012  1.0623E+013  3.6577E+021  3.9049E+021
        750.00  1.4851E+016  1.7336E+016  1.5043E+025  1.7560E+025
       1000.00  1.1792E+019  1.3758E+019  2.4519E+028  2.8608E+028
       1100.00  1.4494E+020  1.6649E+020  3.8247E+029  4.3934E+029
       1150.00  4.9181E+020  5.5918E+020  1.4503E+030  1.6490E+030
       1200.00  1.6339E+021  1.8362E+021  5.3591E+030  6.0228E+030
       1250.00  5.3172E+021  5.8992E+021  1.9314E+031  2.1429E+031
       1300.00  1.6959E+022  1.8554E+022  6.7949E+031  7.4341E+031
       1350.00  5.3041E+022  5.7167E+022  2.3354E+032  2.5171E+032
       1400.00  1.6275E+023  1.7264E+023  7.8480E+032  8.3252E+032
       1450.00  4.9016E+023  5.1135E+023  2.5803E+033  2.6919E+033
       1500.00  1.4497E+024  1.4862E+024  8.3066E+033  8.5161E+033
       1550.00  4.2125E+024  4.2414E+024  2.6199E+034  2.6379E+034
       1600.00  1.2032E+025  1.1890E+025  8.1013E+034  8.0060E+034
       1650.00  3.3795E+025  3.2763E+025  2.4574E+035  2.3824E+035
       1700.00  9.3386E+025  8.8772E+025  7.3169E+035  6.9554E+035
       1800.00  6.8018E+026  6.2090E+026  6.1479E+036  5.6121E+036
       1900.00  4.6644E+027  4.0834E+027  4.8262E+037  4.2250E+037
       2000.00  3.0209E+028  2.5336E+028  3.5533E+038  2.9801E+038
       2500.00  1.6075E+032  1.0787E+032  3.3032E+042  2.2166E+042
     ================================================================

                     ==============================
                          Thermodynamic Functions
                      (Ideal gas at standard state)
                     ==============================
     T  - Temperature (Kelvin)        G  - Gibbs Free Energy (kcal/mol)
     E  - Thermal Energy (kcal/mol)   H  - Enthalpy (kcal/mol)
     S  - Entropy (cal/(mol-K))
     Cp - Heat Capacity at Constant Pressure (cal/(mol-K))
        -----------------------------------------------------------
        Zero of energy is set to potential energy of global minimum
        -----------------------------------------------------------

               Contribution from electronic P.F. 
     ================================================================
                  T          G          E          S
                100.00      -0.138      0.000      1.377
                125.00      -0.172      0.000      1.377
                200.00      -0.275      0.000      1.377
                298.15      -0.411      0.000      1.377
                300.00      -0.413      0.000      1.377
                500.00      -0.689      0.000      1.377
                750.00      -1.033      0.000      1.377
               1000.00      -1.377      0.000      1.377
               1100.00      -1.515      0.000      1.377
               1150.00      -1.584      0.000      1.377
               1200.00      -1.653      0.000      1.377
               1250.00      -1.722      0.000      1.377
               1300.00      -1.791      0.000      1.377
               1350.00      -1.860      0.000      1.377
               1400.00      -1.928      0.000      1.377
               1450.00      -1.997      0.000      1.377
               1500.00      -2.066      0.000      1.377
               1550.00      -2.135      0.000      1.377
               1600.00      -2.204      0.000      1.377
               1650.00      -2.273      0.000      1.377
               1700.00      -2.342      0.000      1.377
               1800.00      -2.479      0.000      1.377
               1900.00      -2.617      0.000      1.377
               2000.00      -2.755      0.000      1.377
               2500.00      -3.444      0.000      1.377

               Contribution from translational P.F. 
     ================================================================
                  T          G          E          S
                100.00      -2.982      0.298     34.788
                125.00      -3.866      0.373     35.896
                200.00      -6.653      0.596     38.231
                298.15     -10.509      0.889     40.215
                300.00     -10.583      0.894     40.246
                500.00     -18.908      1.490     42.783
                750.00     -29.872      2.236     44.798
               1000.00     -41.259      2.981     46.227
               1100.00     -45.906      3.279     46.700
               1150.00     -48.246      3.428     46.921
               1200.00     -50.598      3.577     47.133
               1250.00     -52.959      3.726     47.336
               1300.00     -55.331      3.875     47.530
               1350.00     -57.712      4.024     47.718
               1400.00     -60.103      4.173     47.899
               1450.00     -62.502      4.322     48.073
               1500.00     -64.910      4.471     48.241
               1550.00     -67.326      4.620     48.404
               1600.00     -69.750      4.769     48.562
               1650.00     -72.182      4.918     48.715
               1700.00     -74.622      5.067     48.863
               1800.00     -79.522      5.365     49.147
               1900.00     -84.451      5.664     49.416
               2000.00     -89.405      5.962     49.671
               2500.00    -114.528      7.452     50.779

        Contribution from conformational-rovibrational P.F. (MS-LH)
     ================================================================
                  T          G          E          S
                100.00     104.323    108.367     40.441
                125.00     103.260    108.823     44.502
                200.00      99.512    110.535     55.116
                298.15      93.505    113.510     67.096
                300.00      93.381    113.575     67.313
                500.00      77.631    122.595     89.927
                750.00      51.870    138.578    115.610
               1000.00      20.102    158.114    138.012
               1100.00       5.891    166.640    146.135
               1150.00      -1.514    171.026    150.034
               1200.00      -9.111    175.487    153.831
               1250.00     -16.895    180.016    157.529
               1300.00     -24.862    184.610    161.133
               1350.00     -33.007    189.264    164.645
               1400.00     -41.325    193.973    168.070
               1450.00     -49.812    198.733    171.411
               1500.00     -58.465    203.542    174.671
               1550.00     -67.278    208.395    177.854
               1600.00     -76.249    213.291    180.962
               1650.00     -85.373    218.225    183.999
               1700.00     -94.648    223.197    186.967
               1800.00    -113.634    233.240    192.707
               1900.00    -133.181    243.404    198.203
               2000.00    -153.266    253.674    203.470
               2500.00    -261.048    306.249    226.919

        Contribution from conformational-rovibrational P.F. (MS-T)
     ================================================================
                  T          G          E          S
                100.00     104.395    108.392     39.974
                125.00     103.342    108.863     44.166
                200.00      99.605    110.638     55.163
                298.15      93.572    113.712     67.550
                300.00      93.447    113.778     67.773
                500.00      77.566    122.901     90.670
                750.00      51.640    138.737    116.130
               1000.00      19.796    157.874    138.079
               1100.00       5.588    166.183    145.996
               1150.00      -1.807    170.450    149.789
               1200.00      -9.389    174.785    153.478
               1250.00     -17.153    179.181    157.068
               1300.00     -25.094    183.636    160.562
               1350.00     -33.208    188.144    163.965
               1400.00     -41.489    192.702    167.280
               1450.00     -49.934    197.306    170.511
               1500.00     -58.539    201.953    173.662
               1550.00     -67.299    206.640    176.735
               1600.00     -76.211    211.365    179.735
               1650.00     -85.272    216.123    182.664
               1700.00     -94.477    220.914    185.524
               1800.00    -113.307    230.585    191.051
               1900.00    -132.679    240.361    196.337
               2000.00    -152.567    250.230    201.398
               2500.00    -259.067    300.627    223.878

     Total (Translational + Electronic + conformational-rovib.(MS-LH))
     ======================================================================
              T          G          E          H          S          Cp
            100.00     101.203    108.665    108.864     76.606     21.818
            125.00      99.222    109.196    109.444     81.776     24.522
            200.00      92.584    111.131    111.529     94.724     30.908
            298.15      82.585    114.398    114.991    108.689     39.923
            300.00      82.384    114.469    115.065    108.936     40.107
            500.00      58.035    124.085    125.079    134.088     59.519
            750.00      20.965    140.814    142.304    161.785     77.003
           1000.00     -22.534    161.094    163.082    185.616     88.453
           1100.00     -41.530    169.919    172.104    194.213     91.914
           1150.00     -51.344    174.454    176.739    198.333     93.457
           1200.00     -61.361    179.064    181.448    202.341     94.889
           1250.00     -71.576    183.742    186.226    206.242     96.219
           1300.00     -81.984    188.485    191.069    210.040     97.455
           1350.00     -92.579    193.288    195.971    213.740     98.604
           1400.00    -103.356    198.146    200.928    217.346     99.674
           1450.00    -114.312    203.055    205.937    220.861    100.671
           1500.00    -125.441    208.013    210.994    224.290    101.600
           1550.00    -136.739    213.016    216.096    227.636    102.468
           1600.00    -148.203    218.060    221.240    230.902    103.278
           1650.00    -159.828    223.144    226.423    234.091    104.035
           1700.00    -171.611    228.264    231.642    237.208    104.744
           1800.00    -195.635    238.605    242.182    243.232    106.029
           1900.00    -220.249    249.067    252.843    248.996    107.161
           2000.00    -245.426    259.636    263.610    254.518    108.161
           2500.00    -379.020    313.701    318.669    279.075    111.741

     Total (Translational + Electronic + conformational-rovib.(MS-T))
     ======================================================================
              T          G          E          H          S          Cp
            100.00     101.275    108.690    108.889     76.139     22.344
            125.00      99.304    109.236    109.484     81.439     25.175
            200.00      92.677    111.234    111.631     94.772     31.885
            298.15      82.652    114.601    115.193    109.142     40.886
            300.00      82.450    114.673    115.269    109.396     41.065
            500.00      57.970    124.392    125.385    134.831     59.524
            750.00      20.734    140.973    142.463    162.305     75.869
           1000.00     -22.841    160.855    162.842    185.683     86.436
           1100.00     -41.833    169.462    171.648    194.074     89.596
           1150.00     -51.637    173.878    176.164    198.088     90.998
           1200.00     -61.640    178.362    180.746    201.988     92.296
           1250.00     -71.834    182.907    185.392    205.781     93.497
           1300.00     -82.216    187.511    190.095    209.470     94.610
           1350.00     -92.780    192.168    194.851    213.060     95.642
           1400.00    -103.521    196.875    199.658    216.556     96.600
           1450.00    -114.434    201.629    204.510    219.961     97.490
           1500.00    -125.515    206.425    209.406    223.280     98.317
           1550.00    -136.761    211.261    214.341    226.517     99.087
           1600.00    -148.166    216.134    219.313    229.674     99.804
           1650.00    -159.727    221.042    224.320    232.756    100.473
           1700.00    -171.440    225.982    229.360    235.765    101.097
           1800.00    -195.309    235.950    239.527    241.576    102.224
           1900.00    -219.747    246.024    249.800    247.130    103.212
           2000.00    -244.728    256.191    260.166    252.446    104.081
           2500.00    -377.039    308.079    313.047    276.034    107.151

                        --------------------------------
                         Zero of energy is set to ZPE
                        --------------------------------

     Total (Translational + Electronic + conformational-rovib.(MS-LH))
     ======================================================================
              T          G          E          H          S          Cp
            100.00      -6.165      1.296      1.495     76.606     21.818
            125.00      -8.146      1.827      2.076     81.776     24.522
            200.00     -14.785      3.763      4.160     94.724     30.908
            298.15     -24.783      7.030      7.622    108.689     39.923
            300.00     -24.984      7.100      7.696    108.936     40.107
            500.00     -49.334     16.717     17.710    134.088     59.519
            750.00     -86.404     33.445     34.936    161.785     77.003
           1000.00    -129.903     53.726     55.713    185.616     88.453
           1100.00    -148.898     62.550     64.736    194.213     91.914
           1150.00    -158.712     67.085     69.371    198.333     93.457
           1200.00    -168.730     71.695     74.080    202.341     94.889
           1250.00    -178.945     76.374     78.858    206.242     96.219
           1300.00    -189.352     81.117     83.700    210.040     97.455
           1350.00    -199.947     85.919     88.602    213.740     98.604
           1400.00    -210.725     90.777     93.559    217.346     99.674
           1450.00    -221.680     95.687     98.568    220.861    100.671
           1500.00    -232.809    100.644    103.625    224.290    101.600
           1550.00    -244.108    105.647    108.727    227.636    102.468
           1600.00    -255.572    110.692    113.871    230.902    103.278
           1650.00    -267.197    115.775    119.054    234.091    104.035
           1700.00    -278.980    120.896    124.274    237.208    104.744
           1800.00    -303.004    131.237    134.814    243.232    106.029
           1900.00    -327.617    141.699    145.475    248.996    107.161
           2000.00    -352.795    152.267    156.242    254.518    108.161
           2500.00    -486.388    206.332    211.300    279.075    111.741

     Total (Translational + Electronic + conformational-rovib.(MS-T))
     ======================================================================
              T          G          E          H          S          Cp
            100.00      -6.093      1.322      1.520     76.139     22.344
            125.00      -8.064      1.867      2.116     81.439     25.175
            200.00     -14.692      3.865      4.263     94.772     31.885
            298.15     -24.716      7.232      7.824    109.142     40.886
            300.00     -24.918      7.304      7.900    109.396     41.065
            500.00     -49.399     17.023     18.017    134.831     59.524
            750.00     -86.634     33.604     35.095    162.305     75.869
           1000.00    -130.209     53.487     55.474    185.683     86.436
           1100.00    -149.201     62.094     64.280    194.074     89.596
           1150.00    -159.006     66.510     68.795    198.088     90.998
           1200.00    -169.008     70.993     73.378    201.988     92.296
           1250.00    -179.203     75.539     78.023    205.781     93.497
           1300.00    -189.585     80.143     82.726    209.470     94.610
           1350.00    -200.148     84.800     87.483    213.060     95.642
           1400.00    -210.889     89.507     92.289    216.556     96.600
           1450.00    -221.802     94.260     97.142    219.961     97.490
           1500.00    -232.884     99.056    102.037    223.280     98.317
           1550.00    -244.129    103.892    106.972    226.517     99.087
           1600.00    -255.534    108.765    111.945    229.674     99.804
           1650.00    -267.095    113.673    116.952    232.756    100.473
           1700.00    -278.809    118.613    121.991    235.765    101.097
           1800.00    -302.678    128.582    132.159    241.576    102.224
           1900.00    -327.115    138.656    142.432    247.130    103.212
           2000.00    -352.096    148.823    152.797    252.446    104.081
           2500.00    -484.407    200.711    205.679    276.034    107.151

 ==============================End of MSTor output==============================
