
 *******************************************************************************

   MSTor program version 2013 (2013)

   Jingjing Zheng, Steven L. Mielke, and Donald G. Truhlar

   Department of Chemistry and Supercomputing Institute
   University of Minnesota, Minneapolis, Minnesota, USA

   Copyright 2013
   Donald G. Truhlar and Regents of the University of Minnesota

   Citations: 
   MS-T(U) method
     J. Zheng, T. Yu, E. Papajak, I. M. Alecu, S. L. Mielke, and D. G. Truhlar,
     Phys. Chem. Chem. Phys. 13, 10885-10907 (2011).
   MS-T(C) method
     J. Zheng and D. G. Truhlar, J. Chem. Theory Comput., DOI: 10.1021/ct3010722.
   MSTor program
     J. Zheng, S. L. Mielke, K. L Clarkson, and D. G. Truhlar,
     Comp. Phys. Comm. 183, 1803-1812 (2012).
     J. Zheng, R. Meana-Paneda, and D. G. Truhlar, Comp. Phys. Comm.
     to be published as new version announcement.

 *******************************************************************************

                    Naming conventions for the MS methods
   -----------------------------------------------------------------------------
   Common name        Original or other names
   -----------------------------------------------------------------------------
   MS-LH         =    MS-HO (ref. 1)   =   MS-AS-HO (ref. 2)
   MS-T          =    MS-AS (ref. 1)   =   MS-AS-T  (ref. 2)
   -----------------------------------------------------------------------------
   Ref. 1: J. Zheng, T. Yu, E. Papajak, I. M. Alecu, S. L. Mielke, and
           D. G. Truhlar, Phys. Chem. Chem. Phys. 13, 10885 (2011).
   Ref. 2: T. Yu, J. Zheng, and D. G. Truhlar, Chem. Sci. 2, 2199 (2011)

   Calculation run on 01/25/2022 at 14:01:52  

   Number of structures:             6
   Number of torsions:               6
   Method:                           MS-T(C)
   Frequency scaling factor:         0.964
   Delta T for finite difference:    0.5 K
   Internal coordinates
     Bonds:         01-02  01-18  01-19  01-20  02-03  02-16  03-04  03-15  04-05
     Bonds:         04-12  04-13  05-06  05-08  06-07  07-09  07-10  07-11  16-21
     Bonds:         02-17  03-14
     Angles:        01-02-17  02-01-18  02-01-19  02-03-04  02-03-14  03-02-17
     Angles:        03-04-05  03-04-13  04-03-15  04-05-08  05-06-07  06-05-08
     Angles:        06-07-11  09-07-10  12-04-13  16-02-17  06-07-10  18-01-19
     Linear Angles: 02=16=21
     Dihedrals:     01-03-17-02  02-04-14-03  02-04-15-03  02-18-20-01
     Dihedrals:     03-05-12-04  03-05-13-04  03-16-17-02  04-06-08-05
     Dihedrals:     06-09-10-07  09-10-11-07  18-19-20-01  04-03-02-01
     Dihedrals:     05-04-03-02  06-05-04-03  07-06-05-04  03-02-01-18
     Dihedrals:     05-06-07-09

   All moment output uses units of amu for masses and Angstroms for distances 

                           ==========================
                                Structure   1
                           ==========================

   Normal-mode Frequencies (cm-1) 
   (Overall translation and rotation projected out)
    1280.4607i      0.0001i      0.0000i      0.0000i      0.0000i      0.0000 
       0.0000      37.3104      65.9935      96.0407     139.1968     170.8018 
     192.4646     207.8209     241.9121     294.1293     321.0693     334.9726 
     362.6770     517.1326     581.6228     653.0976     791.8053     840.6208 
     850.7328     919.8871     946.3530    1014.5597    1048.4758    1077.5873 
    1097.4078    1128.1324    1163.9428    1169.6565    1192.8422    1211.3111 
    1223.9205    1248.9353    1265.3146    1302.8199    1380.6271    1394.8176 
    1402.8321    1433.7742    1441.0625    1460.5695    1461.9861    1464.0868 
    1466.4549    1477.5595    1565.9962    1822.6606    2986.5685    2991.0294 
    3021.5886    3028.8862    3039.9539    3056.6427    3070.3389    3079.3215 
    3092.3664    3113.4348    3147.1211 
   Torsion-projected frequencies/non-torsional frequencies (cm-1)
    1280.4575i    200.9692     241.1981     293.6205     320.8594     332.4925 
     362.5905     517.0626     579.1477     652.9054     791.1936     840.5070 
     850.6960     919.8324     946.3269    1014.5513    1048.4704    1077.5772 
    1097.4024    1128.1284    1163.6391    1169.6215    1192.8411    1211.2760 
    1223.9007    1248.9196    1265.3023    1302.8014    1380.6264    1394.8157 
    1402.8297    1433.7638    1441.0559    1460.5692    1461.9837    1464.0085 
    1466.4182    1477.5595    1565.9931    1822.6598    2986.5682    2991.0291 
    3021.5885    3028.8862    3039.9532    3056.6423    3070.3371    3079.3159 
    3092.3593    3113.4261    3147.1211 
   Product of consistently coupled torsional frequencies (in cm-1^ntor)  1.1407E+12
   Primitively coupled torsional frequencies (cm-1) (Not used)
      40.3478      74.2649     102.4573     141.7896     182.6654     202.4725 
   Product of primitively coupled torsional frequencies (in cm-1^ntor)   1.6100E+12
   Effective coupled torsional barrier (kcal/mol)
        1.098        1.690        2.045        3.983        8.872        9.380 

   D matrix: 
   m-n        1             2             3             4             5
    1   2.555517E+01  1.118286E+00 -4.339965E+00  4.658657E-01  1.506221E+00
    2   1.118286E+00  2.730705E+01  7.531032E+00  5.625629E+00  2.038899E+00
    3  -4.339965E+00  7.531032E+00  4.329523E+01 -1.260235E+01  4.620771E-01
    4   4.658657E-01  5.625629E+00 -1.260235E+01  1.742194E+01  3.996758E-01
    5   1.506221E+00  2.038899E+00  4.620771E-01  3.996758E-01  3.032624E+00
    6  -2.613967E-01  9.539580E-01  2.316279E+00  1.407880E+00  6.401476E-02
   m-n        6
    1  -2.613967E-01
    2   9.539580E-01
    3   2.316279E+00
    4   1.407880E+00
    5   6.401476E-02
    6   3.114539E+00

   Eigenvalues of D matrix:
     5.0268E+01    3.0424E+01    2.4778E+01    8.9702E+00    2.7748E+00    2.5121E+00
   Determinant of D matrix  1.802965E+029

          Uncoupled force constants (au), Pitzer moment of inertia (amu A^2),
   uncoupled torsional frequencies (cm-1), and uncoupled torsional barrier (kcal/mol)
   --------------------------------------------------------------------------------
   Torsion               1             2             3             4             5
   Force constant   1.94405E-02  4.20447E-02  1.15341E-02  4.39872E-02  1.49247E-02
   Moment          25.555       27.307       43.295       17.422        3.033
   Tor. Freq.        75.027      106.739       44.399      136.685      190.831
   Rot. barrier       3.964        8.573        2.352        8.969        2.081
   M_j,tau            2.481        2.481        2.481        2.481        3.000

   Torsion               6
   Force constant   8.08999E-03
   Moment           3.115
   Tor. Freq.       138.638
   Rot. barrier       1.128
   M_j,tau            3.000
   --------------------------------------------------------------------------------
   Potential Energy =   0.000 kcal/mol
   Weight =  1
   Overall rotational symmetry number =   1

                           ==========================
                                Structure   2
                           ==========================

   Normal-mode Frequencies (cm-1) 
   (Overall translation and rotation projected out)
    1307.5823i      0.0000i      0.0000i      0.0000i      0.0000i      0.0000 
       0.0000      30.0268      62.2639     102.8009     108.9270     137.7233 
     174.3904     195.2623     245.7698     282.1051     327.7277     340.6731 
     348.7274     482.5965     577.5547     699.6858     751.7719     823.0453 
     894.0120     925.5297     936.3297    1028.1195    1052.2052    1086.8107 
    1103.1245    1124.8754    1164.1223    1169.0166    1191.2944    1215.4863 
    1222.3874    1231.0366    1283.3332    1288.8548    1364.1284    1394.3723 
    1413.3417    1436.3813    1451.8173    1461.3312    1462.6881    1463.7953 
    1466.9975    1477.9161    1552.3428    1826.1831    2987.3233    2991.3169 
    3017.9651    3028.4506    3038.8836    3052.3665    3061.1187    3066.4205 
    3091.1955    3112.8742    3146.3539 
   Torsion-projected frequencies/non-torsional frequencies (cm-1)
    1307.5726i    103.1643     245.6616     281.5646     326.7473     339.9205 
     348.0327     482.5029     574.7596     699.6817     751.0973     822.7473 
     893.9625     925.4749     936.1865    1028.1152    1052.1973    1086.7929 
    1103.1232    1124.8667    1163.8236    1168.9817    1191.2934    1215.4654 
    1222.3774    1231.0163    1283.3264    1288.8482    1364.1269    1394.3715 
    1413.3415    1436.3790    1451.8116    1461.3285    1462.6812    1463.7153 
    1466.9486    1477.9161    1552.3365    1826.1830    2987.3231    2991.3168 
    3017.9647    3028.4506    3038.8810    3052.3655    3061.1182    3066.4195 
    3091.1893    3112.8656    3146.3539 
   Product of consistently coupled torsional frequencies (in cm-1^ntor)  9.6765E+11
   Primitively coupled torsional frequencies (cm-1) (Not used)
      34.4219      67.4597     113.1180     140.1041     182.9926     203.1881 
   Product of primitively coupled torsional frequencies (in cm-1^ntor)   1.3683E+12
   Effective coupled torsional barrier (kcal/mol)
        0.842        1.101        1.994        2.630        3.710        7.479 

   D matrix: 
   m-n        1             2             3             4             5
    1   2.214570E+01 -2.240554E+00  1.702850E+01 -5.016418E+00  9.558595E-01
    2  -2.240554E+00  2.424119E+01 -2.840474E+00  8.873977E+00  2.058165E+00
    3   1.702850E+01 -2.840474E+00  3.089618E+01 -1.200252E+01  1.169726E+00
    4  -5.016418E+00  8.873977E+00 -1.200252E+01  1.825347E+01  2.114318E-01
    5   9.558595E-01  2.058165E+00  1.169726E+00  2.114318E-01  3.017406E+00
    6   8.855649E-01  4.067926E-01  1.455517E+00  1.506740E+00  1.016685E-01
   m-n        6
    1   8.855649E-01
    2   4.067926E-01
    3   1.455517E+00
    4   1.506740E+00
    5   1.016685E-01
    6   3.058843E+00

   Eigenvalues of D matrix:
     5.1024E+01    2.6410E+01    1.2283E+01    6.6908E+00    2.4701E+00    2.7346E+00
   Determinant of D matrix  5.692168E+028

          Uncoupled force constants (au), Pitzer moment of inertia (amu A^2),
   uncoupled torsional frequencies (cm-1), and uncoupled torsional barrier (kcal/mol)
   --------------------------------------------------------------------------------
   Torsion               1             2             3             4             5
   Force constant   2.07034E-02  1.61273E-02  5.75922E-03  4.36435E-02  1.47880E-02
   Moment          22.146       24.241       30.896       18.253        3.017
   Tor. Freq.        83.173       70.163       37.139      133.012      190.433
   Rot. barrier       3.496        2.724        0.973        7.370        2.062
   M_j,tau            2.726        2.726        2.726        2.726        3.000

   Torsion               6
   Force constant   8.11405E-03
   Moment           3.059
   Tor. Freq.       140.102
   Rot. barrier       1.131
   M_j,tau            3.000
   --------------------------------------------------------------------------------
   Potential Energy =   0.293 kcal/mol
   Weight =  1
   Overall rotational symmetry number =   1

                           ==========================
                                Structure   3
                           ==========================

   Normal-mode Frequencies (cm-1) 
   (Overall translation and rotation projected out)
    1300.0907i      0.0000i      0.0000i      0.0000i      0.0000       0.0000 
       0.0000      33.0760      47.7485     104.6094     139.4949     168.3394 
     180.1105     214.2217     248.6302     290.3781     322.6342     366.8760 
     390.6857     501.7475     582.4976     656.8748     798.9646     834.6937 
     856.7258     917.2845     946.6280     992.2595    1046.6866    1055.4424 
    1097.0558    1131.6614    1164.0755    1180.1730    1191.3879    1202.1562 
    1216.3388    1246.5342    1264.8459    1328.2837    1369.7941    1392.3283 
    1396.1462    1434.4720    1449.0828    1460.2941    1461.4453    1463.9211 
    1470.0961    1477.5971    1569.6134    1824.8334    2984.8481    3009.9156 
    3020.9483    3029.0284    3052.2362    3063.3968    3076.3554    3081.4632 
    3095.0073    3113.7544    3147.2135 
   Torsion-projected frequencies/non-torsional frequencies (cm-1)
    1300.0801i    184.6030     246.4115     290.3406     321.9577     364.1252 
     389.9507     501.3231     580.1498     656.8161     798.6265     834.5176 
     856.5961     917.2027     946.5907     992.2518    1046.6577    1055.4171 
    1097.0282    1131.6602    1163.7630    1180.1323    1191.3867    1202.1417 
    1216.3351    1246.5242    1264.8348    1328.2774    1369.7908    1392.3210 
    1396.1434    1434.4467    1449.0753    1460.2906    1461.4239    1463.8409 
    1470.0808    1477.5970    1569.6128    1824.8330    2984.8477    3009.9154 
    3020.9470    3029.0284    3052.2354    3063.3948    3076.3545    3081.4597 
    3095.0023    3113.7458    3147.2135 
   Product of consistently coupled torsional frequencies (in cm-1^ntor)  8.3309E+11
   Primitively coupled torsional frequencies (cm-1) (Not used)
      35.9001      51.9954     114.3373     142.3014     180.5980     216.3693 
   Product of primitively coupled torsional frequencies (in cm-1^ntor)   1.1868E+12
   Effective coupled torsional barrier (kcal/mol)
        1.097        1.425        1.626        3.706        8.444        9.054 

   D matrix: 
   m-n        1             2             3             4             5
    1   2.940560E+01  2.043831E+01 -7.235911E+00  5.735436E+00  1.459959E+00
    2   2.043831E+01  4.349011E+01  7.248731E+00  9.518062E+00 -2.219096E-01
    3  -7.235911E+00  7.248731E+00  4.181337E+01 -1.159296E+01  5.737234E-01
    4   5.735436E+00  9.518062E+00 -1.159296E+01  1.809216E+01 -2.406050E-01
    5   1.459959E+00 -2.219096E-01  5.737234E-01 -2.406050E-01  3.084182E+00
    6  -7.520627E-02  1.231289E+00  2.261170E+00  1.532981E+00  2.592914E-02
   m-n        6
    1  -7.520627E-02
    2   1.231289E+00
    3   2.261170E+00
    4   1.532981E+00
    5   2.592914E-02
    6   3.118903E+00

   Eigenvalues of D matrix:
     6.1063E+01    4.8703E+01    1.6107E+01    7.7966E+00    2.8411E+00    2.4942E+00
   Determinant of D matrix  2.013743E+029

          Uncoupled force constants (au), Pitzer moment of inertia (amu A^2),
   uncoupled torsional frequencies (cm-1), and uncoupled torsional barrier (kcal/mol)
   --------------------------------------------------------------------------------
   Torsion               1             2             3             4             5
   Force constant   1.78823E-02  3.84742E-02  9.62716E-03  4.43871E-02  1.46347E-02
   Moment          29.406       43.490       41.813       18.092        3.084
   Tor. Freq.        67.081       80.909       41.276      134.738      187.382
   Rot. barrier       3.594        7.733        1.935        8.922        2.041
   M_j,tau            2.499        2.499        2.499        2.499        3.000

   Torsion               6
   Force constant   8.08786E-03
   Moment           3.119
   Tor. Freq.       138.523
   Rot. barrier       1.128
   M_j,tau            3.000
   --------------------------------------------------------------------------------
   Potential Energy =   0.805 kcal/mol
   Weight =  1
   Overall rotational symmetry number =   1

                           ==========================
                                Structure   4
                           ==========================

   Normal-mode Frequencies (cm-1) 
   (Overall translation and rotation projected out)
    1291.1491i      0.0001i      0.0000i      0.0000i      0.0000       0.0000 
       0.0000      34.3710      89.5716     107.4110     141.9691     173.3284 
     213.3197     244.3611     259.3338     300.6990     307.6519     347.6193 
     403.9100     522.3167     580.6356     667.6226     812.4148     820.4184 
     860.3800     928.1081     941.2381     981.4057    1047.8201    1070.2569 
    1098.6685    1125.3209    1164.1160    1168.8890    1192.3617    1212.3992 
    1229.4731    1235.7337    1265.9253    1351.3658    1356.4943    1393.5747 
    1397.9942    1435.7784    1443.3934    1460.0544    1463.0061    1464.4585 
    1471.1098    1477.4223    1546.6251    1822.5527    2991.7141    2998.8998 
    3019.2212    3028.9305    3053.0871    3059.9478    3071.4133    3073.4598 
    3088.3997    3113.6509    3147.2046 
   Torsion-projected frequencies/non-torsional frequencies (cm-1)
    1291.1253i    211.4480     243.2852     299.4797     306.1940     346.6831 
     402.5380     520.7371     578.7484     667.3597     812.1792     820.3812 
     860.2146     928.0930     941.1519     981.2467    1047.7998    1070.2117 
    1098.6477    1125.2975    1163.7888    1168.8696    1192.3594    1212.3758 
    1229.4462    1235.7239    1265.9188    1351.3409    1356.4905    1393.5686 
    1397.9897    1435.7486    1443.3888    1460.0538    1462.9698    1464.4004 
    1471.0816    1477.4222    1546.6174    1822.5506    2991.7101    2998.8996 
    3019.2209    3028.9305    3053.0850    3059.9353    3071.4095    3073.4587 
    3088.3850    3113.6420    3147.2046 
   Product of consistently coupled torsional frequencies (in cm-1^ntor)  2.1881E+12
   Primitively coupled torsional frequencies (cm-1) (Not used)
      39.2025      92.8350     118.9220     144.8186     184.4677     266.5682 
   Product of primitively coupled torsional frequencies (in cm-1^ntor)   3.0821E+12
   Effective coupled torsional barrier (kcal/mol)
        1.117        1.595        3.490        7.190        9.481       16.959 

   D matrix: 
   m-n        1             2             3             4             5
    1   2.514262E+01  1.321258E+01  1.019539E+01 -4.203918E-01  2.009741E+00
    2   1.321258E+01  4.751380E+01  1.031251E+01  9.214114E+00  3.452727E-01
    3   1.019539E+01  1.031251E+01  4.180354E+01 -1.125952E+01 -6.134770E-01
    4  -4.203918E-01  9.214114E+00 -1.125952E+01  1.815021E+01  8.751720E-02
    5   2.009741E+00  3.452727E-01 -6.134770E-01  8.751720E-02  3.083435E+00
    6   7.435283E-01  1.454949E+00  2.287316E+00  1.561659E+00 -3.626491E-02
   m-n        6
    1   7.435283E-01
    2   1.454949E+00
    3   2.287316E+00
    4   1.561659E+00
    5  -3.626491E-02
    6   3.123266E+00

   Eigenvalues of D matrix:
     6.2890E+01    4.2619E+01    1.8014E+01    9.9396E+00    2.8235E+00    2.5311E+00
   Determinant of D matrix  2.609816E+029

          Uncoupled force constants (au), Pitzer moment of inertia (amu A^2),
   uncoupled torsional frequencies (cm-1), and uncoupled torsional barrier (kcal/mol)
   --------------------------------------------------------------------------------
   Torsion               1             2             3             4             5
   Force constant   3.36778E-02  7.38179E-02  1.40363E-02  4.54289E-02  2.86346E-02
   Moment          25.143       47.514       41.804       18.150        3.083
   Tor. Freq.        99.557      107.220       49.845      136.091      262.140
   Rot. barrier       6.997       15.337        2.916        9.439        3.993
   M_j,tau            2.458        2.458        2.458        2.458        3.000

   Torsion               6
   Force constant   8.24122E-03
   Moment           3.123
   Tor. Freq.       139.732
   Rot. barrier       1.149
   M_j,tau            3.000
   --------------------------------------------------------------------------------
   Potential Energy =   0.924 kcal/mol
   Weight =  1
   Overall rotational symmetry number =   1

                           ==========================
                                Structure   5
                           ==========================

   Normal-mode Frequencies (cm-1) 
   (Overall translation and rotation projected out)
    1304.5516i      0.0000i      0.0000i      0.0000i      0.0000       0.0000 
       0.0001      28.0523      58.9299      99.0188     133.3233     136.9584 
     173.4089     204.9489     229.6332     298.3289     309.6616     333.8905 
     419.1023     482.0654     580.3105     706.4123     755.7128     820.5134 
     880.3547     922.5063     943.3362     983.8075    1052.5313    1077.8848 
    1117.3701    1120.1163    1161.0228    1164.4694    1191.3605    1209.1341 
    1223.2213    1231.7036    1287.8608    1325.0762    1348.5736    1394.5319 
    1406.5433    1437.0089    1451.3355    1461.7474    1463.6114    1464.8074 
    1469.3464    1477.8741    1561.1750    1826.0363    2984.2637    2987.6901 
    3020.7009    3028.4468    3052.7112    3059.0694    3070.8937    3073.4061 
    3093.5089    3112.8570    3146.3209 
   Torsion-projected frequencies/non-torsional frequencies (cm-1)
    1304.5334i    136.9635     226.1668     298.1486     309.3183     333.2933 
     418.6614     480.5132     577.1825     706.3859     755.4323     820.2426 
     880.2545     922.4978     943.2266     983.6355    1052.4899    1077.8315 
    1117.3662    1120.0995    1160.9869    1164.1978    1191.3567    1209.0772 
    1223.1911    1231.7028    1287.8276    1325.0746    1348.5626    1394.5298 
    1406.5396    1437.0077    1451.3267    1461.7438    1463.5316    1464.7754 
    1469.3388    1477.8741    1561.1674    1826.0362    2984.2619    2987.6894 
    3020.6998    3028.4468    3052.7074    3059.0675    3070.8918    3073.4042 
    3093.4946    3112.8483    3146.3209 
   Product of consistently coupled torsional frequencies (in cm-1^ntor)  7.9932E+11
   Primitively coupled torsional frequencies (cm-1) (Not used)
      33.4585      61.3515     111.8212     139.2344     182.9626     212.1287 
   Product of primitively coupled torsional frequencies (in cm-1^ntor)   1.2404E+12
   Effective coupled torsional barrier (kcal/mol)
        0.909        1.087        1.933        2.869        4.892        8.269 

   D matrix: 
   m-n        1             2             3             4             5
    1   2.050677E+01  8.394035E+00  1.378974E+01 -4.783778E-01  1.376830E+00
    2   8.394035E+00  3.443350E+01  5.630527E+00  9.672357E+00 -6.146306E-01
    3   1.378974E+01  5.630527E+00  2.777916E+01 -8.423917E+00  8.713630E-01
    4  -4.783778E-01  9.672357E+00 -8.423917E+00  1.751233E+01 -3.203523E-01
    5   1.376830E+00 -6.146306E-01  8.713630E-01 -3.203523E-01  3.083514E+00
    6   9.613110E-01  1.082340E+00  1.477155E+00  1.716814E+00  3.964070E-02
   m-n        6
    1   9.613110E-01
    2   1.082340E+00
    3   1.477155E+00
    4   1.716814E+00
    5   3.964070E-02
    6   3.075061E+00

   Eigenvalues of D matrix:
     4.6489E+01    3.5703E+01    1.1738E+01    7.0734E+00    2.9123E+00    2.4742E+00
   Determinant of D matrix  7.556224E+028

          Uncoupled force constants (au), Pitzer moment of inertia (amu A^2),
   uncoupled torsional frequencies (cm-1), and uncoupled torsional barrier (kcal/mol)
   --------------------------------------------------------------------------------
   Torsion               1             2             3             4             5
   Force constant   2.20570E-02  1.77776E-02  5.58765E-03  4.35679E-02  1.57375E-02
   Moment          20.507       34.434       27.779       17.512        3.084
   Tor. Freq.        89.213       61.809       38.580      135.680      194.335
   Rot. barrier       4.126        3.326        1.045        8.151        2.195
   M_j,tau            2.590        2.590        2.590        2.590        3.000

   Torsion               6
   Force constant   8.00781E-03
   Moment           3.075
   Tor. Freq.       138.815
   Rot. barrier       1.117
   M_j,tau            3.000
   --------------------------------------------------------------------------------
   Potential Energy =   0.951 kcal/mol
   Weight =  1
   Overall rotational symmetry number =   1

                           ==========================
                                Structure   6
                           ==========================

   Normal-mode Frequencies (cm-1) 
   (Overall translation and rotation projected out)
    1310.6291i      0.0001i      0.0000i      0.0000       0.0000       0.0000 
       0.0000      25.9780      59.4927      91.7934     121.2869     138.0153 
     175.1167     196.9500     233.4421     282.4566     316.2977     361.1363 
     406.8729     456.1280     578.2721     700.9571     761.8071     824.9541 
     881.3400     919.5966     938.4671    1001.4846    1043.5451    1085.5984 
    1108.4307    1111.3847    1164.1688    1189.5608    1193.3419    1203.1793 
    1222.8294    1227.0316    1289.2752    1305.9356    1359.6560    1391.3488 
    1403.1415    1434.7121    1456.2535    1460.5611    1463.8488    1464.8001 
    1468.8995    1477.8932    1571.8917    1827.6764    2986.5709    3015.7467 
    3023.2589    3028.7615    3049.2718    3055.0682    3061.3217    3078.1056 
    3088.1596    3113.3908    3146.6114 
   Torsion-projected frequencies/non-torsional frequencies (cm-1)
    1310.6113i    131.5068     232.6626     282.3113     316.1952     358.5338 
     406.6740     455.6739     575.3491     700.9430     761.4723     824.5344 
     881.3033     919.5865     938.3393    1001.4498    1043.5263    1085.5900 
    1108.4060    1111.3711    1163.8701    1189.5406    1193.3283    1203.1326 
    1222.8247    1227.0297    1289.2526    1305.9185    1359.6443    1391.3481 
    1403.1388    1434.7117    1456.2497    1460.5523    1463.7708    1464.7887 
    1468.8793    1477.8932    1571.8903    1827.6764    2986.5707    3015.7461 
    3023.2588    3028.7615    3049.2714    3055.0655    3061.3205    3078.1045 
    3088.1540    3113.3821    3146.6114 
   Product of consistently coupled torsional frequencies (in cm-1^ntor)  6.3519E+11
   Primitively coupled torsional frequencies (cm-1) (Not used)
      30.9612      62.0583      99.7322     140.3842     184.1317     199.4277 
   Product of primitively coupled torsional frequencies (in cm-1^ntor)   9.8784E+11
   Effective coupled torsional barrier (kcal/mol)
        0.706        1.107        1.676        2.591        3.704        7.275 

   D matrix: 
   m-n        1             2             3             4             5
    1   2.134621E+01  5.337816E+00  1.514187E+01 -1.873371E+00  1.293147E+00
    2   5.337816E+00  3.380426E+01  3.997459E+00  9.820405E+00 -2.741127E-01
    3   1.514187E+01  3.997459E+00  2.910146E+01 -9.350324E+00  8.243014E-01
    4  -1.873371E+00  9.820405E+00 -9.350324E+00  1.781143E+01 -2.329317E-01
    5   1.293147E+00 -2.741127E-01  8.243014E-01 -2.329317E-01  3.083439E+00
    6   9.636260E-01  9.753350E-01  1.508683E+00  1.669402E+00  4.269900E-02
   m-n        6
    1   9.636260E-01
    2   9.753350E-01
    3   1.508683E+00
    4   1.669402E+00
    5   4.269900E-02
    6   3.074332E+00

   Eigenvalues of D matrix:
     4.5111E+01    3.8365E+01    1.2347E+01    6.9507E+00    2.9735E+00    2.4739E+00
   Determinant of D matrix  8.313984E+028

          Uncoupled force constants (au), Pitzer moment of inertia (amu A^2),
   uncoupled torsional frequencies (cm-1), and uncoupled torsional barrier (kcal/mol)
   --------------------------------------------------------------------------------
   Torsion               1             2             3             4             5
   Force constant   1.85637E-02  1.73217E-02  5.04510E-03  4.37321E-02  1.45771E-02
   Moment          21.346       33.804       29.101       17.811        3.083
   Tor. Freq.        80.219       61.576       35.816      134.790      187.035
   Rot. barrier       3.046        2.842        0.828        7.175        2.033
   M_j,tau            2.766        2.766        2.766        2.766        3.000

   Torsion               6
   Force constant   8.15757E-03
   Moment           3.074
   Tor. Freq.       140.123
   Rot. barrier       1.138
   M_j,tau            3.000
   --------------------------------------------------------------------------------
   Potential Energy =   1.021 kcal/mol
   Weight =  1
   Overall rotational symmetry number =   1

       List of zero-point inclusive energy (kcal/mol) for each structure
      ------------------------------------------------------------------
        Structure            Energy (T = 0 K)
      ------------------------------------------------------------------
          1                    107.38
          2                    107.47
          3                    108.26
          4                    108.54
          5                    108.25
          6                    108.30
      ZPE of the system =      107.38


     Note: The following SS-HO and SS-T include the Rot. P.F. and Boltzmann factor,
           but are calculated with weight = 1 for each structure. Weights are
           counted in MS partition functions. Zero of energy is set to the potential
           energy of global minimum.

            Partition function of structure    1
     ================================================================
          T(K)      Rot.          SS-HO           SS-T     SS-T/SS-HO
        100.00    8.7272E+004   1.5156E-229   1.2424E-229    0.820
        125.00    1.2197E+005   3.8747E-182   3.3245E-182    0.858
        200.00    2.4684E+005   1.9277E-110   1.8975E-110    0.984
        298.15    4.4929E+005   2.5797E-070   2.9262E-070    1.134
        300.00    4.5348E+005   8.3904E-070   9.5377E-070    1.137
        500.00    9.7573E+005   8.8189E-036   1.1508E-035    1.305
        750.00    1.7925E+006   5.2336E-017   6.9448E-017    1.327
       1000.00    2.7598E+006   2.6030E-006   3.2705E-006    1.256
       1100.00    3.1839E+006   4.2767E-003   5.2066E-003    1.217
       1150.00    3.4034E+006   1.2190E-001   1.4588E-001    1.197
       1200.00    3.6278E+006   2.8488E+000   3.3487E+000    1.175
       1250.00    3.8569E+006   5.5791E+001   6.4373E+001    1.154
       1300.00    4.0906E+006   9.3270E+002   1.0557E+003    1.132
       1350.00    4.3289E+006   1.3524E+004   1.5009E+004    1.110
       1400.00    4.5716E+006   1.7240E+005   1.8751E+005    1.088
       1450.00    4.8186E+006   1.9554E+006   2.0834E+006    1.065
       1500.00    5.0700E+006   1.9936E+007   2.0800E+007    1.043
       1550.00    5.3256E+006   1.8437E+008   1.8830E+008    1.021
       1600.00    5.5854E+006   1.5589E+009   1.5582E+009    1.000
       1650.00    5.8492E+006   1.2137E+010   1.1869E+010    0.978
       1700.00    6.1171E+006   8.7550E+010   8.3746E+010    0.957
       1800.00    6.6647E+006   3.7031E+012   3.3870E+012    0.915
       1900.00    7.2277E+006   1.2253E+014   1.0710E+014    0.874
       2000.00    7.8058E+006   3.2716E+015   2.7312E+015    0.835
       2500.00    1.0909E+007   3.7863E+021   2.5056E+021    0.662

            Partition function of structure    2
     ================================================================
          T(K)      Rot.          SS-HO           SS-T     SS-T/SS-HO
        100.00    8.8931E+004   1.3495E-229   1.1807E-229    0.875
        125.00    1.2428E+005   4.0580E-182   3.7835E-182    0.932
        200.00    2.5153E+005   2.6625E-110   2.9226E-110    1.098
        298.15    4.5783E+005   4.2388E-070   5.3410E-070    1.260
        300.00    4.6210E+005   1.3818E-069   1.7444E-069    1.262
        500.00    9.9428E+005   1.6922E-035   2.3618E-035    1.396
        750.00    1.8266E+006   1.0876E-016   1.4499E-016    1.333
       1000.00    2.8122E+006   5.6348E-006   6.6181E-006    1.174
       1100.00    3.2445E+006   9.3629E-003   1.0343E-002    1.105
       1150.00    3.4682E+006   2.6819E-001   2.8691E-001    1.070
       1200.00    3.6968E+006   6.2962E+000   6.5186E+000    1.035
       1250.00    3.9302E+006   1.2382E+002   1.2399E+002    1.001
       1300.00    4.1684E+006   2.0781E+003   2.0118E+003    0.968
       1350.00    4.4112E+006   3.0239E+004   2.8292E+004    0.936
       1400.00    4.6585E+006   3.8680E+005   3.4962E+005    0.904
       1450.00    4.9103E+006   4.4008E+006   3.8422E+006    0.873
       1500.00    5.1664E+006   4.5000E+007   3.7942E+007    0.843
       1550.00    5.4269E+006   4.1731E+008   3.3977E+008    0.814
       1600.00    5.6916E+006   3.5377E+009   2.7812E+009    0.786
       1650.00    5.9604E+006   2.7610E+010   2.0959E+010    0.759
       1700.00    6.2334E+006   1.9963E+011   1.4632E+011    0.733
       1800.00    6.7914E+006   8.4795E+012   5.7956E+012    0.683
       1900.00    7.3652E+006   2.8166E+014   1.7958E+014    0.638
       2000.00    7.9542E+006   7.5460E+015   4.4907E+015    0.595
       2500.00    1.1116E+007   8.8499E+021   3.7743E+021    0.426

            Partition function of structure    3
     ================================================================
          T(K)      Rot.          SS-HO           SS-T     SS-T/SS-HO
        100.00    8.6300E+004   2.3329E-231   1.9297E-231    0.827
        125.00    1.2061E+005   1.4688E-183   1.2806E-183    0.872
        200.00    2.4409E+005   2.7942E-111   2.8455E-111    1.018
        298.15    4.4429E+005   7.7297E-071   9.1016E-071    1.177
        300.00    4.4843E+005   2.5370E-070   2.9933E-070    1.180
        500.00    9.6486E+005   4.7764E-036   6.2898E-036    1.317
        750.00    1.7726E+006   3.7908E-017   4.8774E-017    1.287
       1000.00    2.7290E+006   2.1797E-006   2.5737E-006    1.181
       1100.00    3.1485E+006   3.7252E-003   4.2179E-003    1.132
       1150.00    3.3656E+006   1.0801E-001   1.1964E-001    1.108
       1200.00    3.5874E+006   2.5642E+000   2.7769E+000    1.083
       1250.00    3.8140E+006   5.0945E+001   5.3917E+001    1.058
       1300.00    4.0451E+006   8.6309E+002   8.9230E+002    1.034
       1350.00    4.2807E+006   1.2669E+004   1.2790E+004    1.010
       1400.00    4.5207E+006   1.6336E+005   1.6100E+005    0.986
       1450.00    4.7650E+006   1.8725E+006   1.8011E+006    0.962
       1500.00    5.0136E+006   1.9281E+007   1.8095E+007    0.939
       1550.00    5.2663E+006   1.7996E+008   1.6477E+008    0.916
       1600.00    5.5232E+006   1.5349E+009   1.3707E+009    0.893
       1650.00    5.7841E+006   1.2047E+010   1.0492E+010    0.871
       1700.00    6.0490E+006   8.7571E+010   7.4364E+010    0.849
       1800.00    6.5905E+006   3.7561E+012   3.0319E+012    0.807
       1900.00    7.1473E+006   1.2585E+014   9.6539E+013    0.767
       2000.00    7.7189E+006   3.3979E+015   2.4768E+015    0.729
       2500.00    1.0787E+007   4.1028E+021   2.3198E+021    0.565

            Partition function of structure    4
     ================================================================
          T(K)      Rot.          SS-HO           SS-T     SS-T/SS-HO
        100.00    7.9830E+004   3.1900E-232   2.5683E-232    0.805
        125.00    1.1157E+005   2.4752E-184   2.0733E-184    0.838
        200.00    2.2579E+005   6.2279E-112   5.8565E-112    0.940
        298.15    4.1098E+005   1.9614E-071   2.0620E-071    1.051
        300.00    4.1481E+005   6.4471E-071   6.7888E-071    1.053
        500.00    8.9253E+005   1.3246E-036   1.5484E-036    1.169
        750.00    1.6397E+006   1.0905E-017   1.3011E-017    1.193
       1000.00    2.5245E+006   6.3765E-007   7.3941E-007    1.160
       1100.00    2.9124E+006   1.0947E-003   1.2462E-003    1.138
       1150.00    3.1132E+006   3.1802E-002   3.5835E-002    1.127
       1200.00    3.3185E+006   7.5630E-001   8.4299E-001    1.115
       1250.00    3.5280E+006   1.5051E+001   1.6586E+001    1.102
       1300.00    3.7418E+006   2.5537E+002   2.7808E+002    1.089
       1350.00    3.9597E+006   3.7537E+003   4.0374E+003    1.076
       1400.00    4.1818E+006   4.8464E+004   5.1467E+004    1.062
       1450.00    4.4078E+006   5.5621E+005   5.8297E+005    1.048
       1500.00    4.6377E+006   5.7336E+006   5.9292E+006    1.034
       1550.00    4.8715E+006   5.3573E+007   5.4643E+007    1.020
       1600.00    5.1091E+006   4.5738E+008   4.6001E+008    1.006
       1650.00    5.3505E+006   3.5933E+009   3.5626E+009    0.991
       1700.00    5.5955E+006   2.6142E+010   2.5545E+010    0.977
       1800.00    6.0964E+006   1.1231E+012   1.0653E+012    0.949
       1900.00    6.6115E+006   3.7686E+013   3.4674E+013    0.920
       2000.00    7.1402E+006   1.0189E+015   9.0876E+014    0.892
       2500.00    9.9788E+006   1.2366E+021   9.3835E+020    0.759

            Partition function of structure    5
     ================================================================
          T(K)      Rot.          SS-HO           SS-T     SS-T/SS-HO
        100.00    9.1528E+004   2.9110E-231   2.2942E-231    0.788
        125.00    1.2791E+005   1.8837E-183   1.5789E-183    0.838
        200.00    2.5888E+005   3.8395E-111   3.7789E-111    0.984
        298.15    4.7120E+005   1.1228E-070   1.2633E-070    1.125
        300.00    4.7559E+005   3.6882E-070   4.1570E-070    1.127
        500.00    1.0233E+006   7.3294E-036   9.0571E-036    1.236
        750.00    1.8799E+006   5.9882E-017   7.0976E-017    1.185
       1000.00    2.8944E+006   3.4954E-006   3.7046E-006    1.060
       1100.00    3.3392E+006   5.9991E-003   6.0226E-003    1.004
       1150.00    3.5694E+006   1.7427E-001   1.7006E-001    0.976
       1200.00    3.8047E+006   4.1442E+000   3.9282E+000    0.948
       1250.00    4.0450E+006   8.2469E+001   7.5887E+001    0.920
       1300.00    4.2901E+006   1.3992E+003   1.2494E+003    0.893
       1350.00    4.5400E+006   2.0567E+004   1.7813E+004    0.866
       1400.00    4.7945E+006   2.6555E+005   2.2300E+005    0.840
       1450.00    5.0537E+006   3.0477E+006   2.4809E+006    0.814
       1500.00    5.3173E+006   3.1418E+007   2.4786E+007    0.789
       1550.00    5.5854E+006   2.9356E+008   2.2442E+008    0.764
       1600.00    5.8578E+006   2.5064E+009   1.8565E+009    0.741
       1650.00    6.1345E+006   1.9692E+010   1.4131E+010    0.718
       1700.00    6.4155E+006   1.4327E+011   9.9597E+010    0.695
       1800.00    6.9898E+006   6.1556E+012   4.0160E+012    0.652
       1900.00    7.5803E+006   2.0656E+014   1.2649E+014    0.612
       2000.00    8.1865E+006   5.5852E+015   3.2109E+015    0.575
       2500.00    1.1441E+007   6.7816E+021   2.8659E+021    0.423

            Partition function of structure    6
     ================================================================
          T(K)      Rot.          SS-HO           SS-T     SS-T/SS-HO
        100.00    9.1933E+004   2.5240E-231   2.0593E-231    0.816
        125.00    1.2848E+005   1.7564E-183   1.5314E-183    0.872
        200.00    2.6003E+005   4.0237E-111   4.1201E-111    1.024
        298.15    4.7328E+005   1.2627E-070   1.4637E-070    1.159
        300.00    4.7770E+005   4.1515E-070   4.8197E-070    1.161
        500.00    1.0278E+006   8.7772E-036   1.0886E-035    1.240
        750.00    1.8883E+006   7.4060E-017   8.4894E-017    1.146
       1000.00    2.9072E+006   4.3930E-006   4.3382E-006    0.988
       1100.00    3.3540E+006   7.5725E-003   6.9838E-003    0.922
       1150.00    3.5852E+006   2.2039E-001   1.9622E-001    0.890
       1200.00    3.8216E+006   5.2499E+000   4.5099E+000    0.859
       1250.00    4.0629E+006   1.0463E+002   8.6692E+001    0.829
       1300.00    4.3091E+006   1.7779E+003   1.4202E+003    0.799
       1350.00    4.5601E+006   2.6168E+004   2.0150E+004    0.770
       1400.00    4.8157E+006   3.3827E+005   2.5104E+005    0.742
       1450.00    5.0760E+006   3.8867E+006   2.7797E+006    0.715
       1500.00    5.3408E+006   4.0108E+007   2.7641E+007    0.689
       1550.00    5.6101E+006   3.7514E+008   2.4913E+008    0.664
       1600.00    5.8837E+006   3.2058E+009   2.0516E+009    0.640
       1650.00    6.1616E+006   2.5208E+010   1.5547E+010    0.617
       1700.00    6.4438E+006   1.8355E+011   1.0911E+011    0.594
       1800.00    7.0207E+006   7.8978E+012   4.3631E+012    0.552
       1900.00    7.6138E+006   2.6538E+014   1.3633E+014    0.514
       2000.00    8.2227E+006   7.1836E+015   3.4347E+015    0.478
       2500.00    1.1492E+007   8.7602E+021   2.9670E+021    0.339

     ================================================================
              Partition Functions Including All Structures
        -----------------------------------------------------------
        Zero of energy is set to potential energy of global minimum
        -----------------------------------------------------------
        T(K)    Elec.        Trans.              Con-rovib
                                            MS-LH    or     MS-T
        100.00  2.0000E+000  3.2877E+006  2.9459E-229  2.4885E-229
        125.00  2.0000E+000  5.7434E+006  8.4683E-182  7.5678E-182
        200.00  2.0000E+000  1.8598E+007  5.7182E-110  5.9531E-110
        298.15  2.0000E+000  5.0464E+007  1.0173E-069  1.2111E-069
        300.00  2.0000E+000  5.1250E+007  3.3230E-069  3.9631E-069
        500.00  2.0000E+000  1.8379E+008  4.7949E-035  6.2908E-035
        750.00  2.0000E+000  5.0646E+008  3.4386E-016  4.3209E-016
       1000.00  2.0000E+000  1.0397E+009  1.8944E-005  2.1244E-005
       1100.00  2.0000E+000  1.3194E+009  3.2031E-002  3.4020E-002
       1150.00  2.0000E+000  1.4745E+009  9.2457E-001  9.5454E-001
       1200.00  2.0000E+000  1.6400E+009  2.1860E+001  2.1925E+001
       1250.00  2.0000E+000  1.8162E+009  4.3271E+002  4.2145E+002
       1300.00  2.0000E+000  2.0033E+009  7.3063E+003  6.9075E+003
       1350.00  2.0000E+000  2.2015E+009  1.0692E+005  9.8090E+004
       1400.00  2.0000E+000  2.4111E+009  1.3748E+006  1.2236E+006
       1450.00  2.0000E+000  2.6322E+009  1.5719E+007  1.3570E+007
       1500.00  2.0000E+000  2.8650E+009  1.6148E+008  1.3519E+008
       1550.00  2.0000E+000  3.1097E+009  1.5039E+009  1.2210E+009
       1600.00  2.0000E+000  3.3666E+009  1.2801E+010  1.0078E+010
       1650.00  2.0000E+000  3.6358E+009  1.0029E+011  7.6560E+010
       1700.00  2.0000E+000  3.9175E+009  7.2771E+011  5.3868E+011
       1800.00  2.0000E+000  4.5193E+009  3.1115E+013  2.1659E+013
       1900.00  2.0000E+000  5.1734E+009  1.0397E+015  6.8072E+014
       2000.00  2.0000E+000  5.8812E+009  2.8003E+016  1.7253E+016
       2500.00  2.0000E+000  1.0274E+010  3.3517E+022  1.5371E+022

             Total Partition Function (E + T + Con-rovib)
             ---------------------------------------------
                T(K)     E + T + MS-LH     E + T + MS-T
                100.00     1.9371E-222       1.6363E-222
                125.00     9.7273E-175       8.6929E-175
                200.00     2.1269E-102       2.2143E-102
                298.15     1.0268E-061       1.2223E-061
                300.00     3.4061E-061       4.0622E-061
                500.00     1.7625E-026       2.3123E-026
                750.00     3.4830E-007       4.3768E-007
               1000.00     3.9390E+004       4.4174E+004
               1100.00     8.4523E+007       8.9770E+007
               1150.00     2.7265E+009       2.8149E+009
               1200.00     7.1700E+010       7.1915E+010
               1250.00     1.5718E+012       1.5309E+012
               1300.00     2.9274E+013       2.7676E+013
               1350.00     4.7078E+014       4.3190E+014
               1400.00     6.6297E+015       5.9006E+015
               1450.00     8.2751E+016       7.1438E+016
               1500.00     9.2525E+017       7.7466E+017
               1550.00     9.3535E+018       7.5941E+018
               1600.00     8.6192E+019       6.7858E+019
               1650.00     7.2925E+020       5.5671E+020
               1700.00     5.7017E+021       4.2206E+021
               1800.00     2.8124E+023       1.9577E+023
               1900.00     1.0757E+025       7.0432E+024
               2000.00     3.2939E+026       2.0294E+026
               2500.00     6.8872E+032       3.1584E+032

     ================================================================
              Partition Functions Including All Structures
        -----------------------------------------------------------
                    Zero of energy is set to ZPE
        -----------------------------------------------------------
        T(K)             Con-rovib                Total
                   MS-LH        MS-T       E+T+MS-LH    E+T+MS-T
        100.00  1.3544E+006  1.1441E+006  8.9058E+012  7.5229E+012
        125.00  4.5480E+006  4.0644E+006  5.2242E+013  4.6686E+013
        200.00  1.2261E+008  1.2765E+008  4.5606E+015  4.7480E+015
        298.15  5.1720E+009  6.1569E+009  5.2199E+017  6.2140E+017
        300.00  5.5255E+009  6.5899E+009  5.6636E+017  6.7546E+017
        500.00  4.1047E+012  5.3853E+012  1.5088E+021  1.9795E+021
        750.00  6.6790E+015  8.3930E+015  6.7653E+024  8.5014E+024
       1000.00  5.5426E+018  6.2158E+018  1.1525E+028  1.2925E+028
       1100.00  6.8949E+019  7.3229E+019  1.8194E+029  1.9324E+029
       1150.00  2.3517E+020  2.4279E+020  6.9350E+029  7.1598E+029
       1200.00  7.8497E+020  7.8733E+020  2.5747E+030  2.5824E+030
       1250.00  2.5657E+021  2.4989E+021  9.3196E+030  9.0770E+030
       1300.00  8.2160E+021  7.7675E+021  3.2919E+031  3.1122E+031
       1350.00  2.5791E+022  2.3661E+022  1.1356E+032  1.0418E+032
       1400.00  7.9407E+022  7.0674E+022  3.8291E+032  3.4080E+032
       1450.00  2.3991E+023  2.0711E+023  1.2630E+033  1.0903E+033
       1500.00  7.1167E+023  5.9584E+023  4.0778E+033  3.4141E+033
       1550.00  2.0737E+024  1.6836E+024  1.2897E+034  1.0471E+034
       1600.00  5.9382E+024  4.6751E+024  3.9983E+034  3.1478E+034
       1650.00  1.6719E+025  1.2764E+025  1.2158E+035  9.2812E+034
       1700.00  4.6306E+025  3.4278E+025  3.6281E+035  2.6857E+035
       1800.00  3.3867E+026  2.3575E+026  3.0611E+036  2.1308E+036
       1900.00  2.3311E+027  1.5263E+027  2.4119E+037  1.5792E+037
       2000.00  1.5147E+028  9.3324E+027  1.7817E+038  1.0977E+038
       2500.00  8.1615E+031  3.7428E+031  1.6770E+042  7.6908E+041
     ================================================================

                     ==============================
                          Thermodynamic Functions
                      (Ideal gas at standard state)
                     ==============================
     T  - Temperature (Kelvin)        G  - Gibbs Free Energy (kcal/mol)
     E  - Thermal Energy (kcal/mol)   H  - Enthalpy (kcal/mol)
     S  - Entropy (cal/(mol-K))
     Cp - Heat Capacity at Constant Pressure (cal/(mol-K))
        -----------------------------------------------------------
        Zero of energy is set to potential energy of global minimum
        -----------------------------------------------------------

               Contribution from electronic P.F. 
     ================================================================
                  T          G          E          S
                100.00      -0.138      0.000      1.377
                125.00      -0.172      0.000      1.377
                200.00      -0.275      0.000      1.377
                298.15      -0.411      0.000      1.377
                300.00      -0.413      0.000      1.377
                500.00      -0.689      0.000      1.377
                750.00      -1.033      0.000      1.377
               1000.00      -1.377      0.000      1.377
               1100.00      -1.515      0.000      1.377
               1150.00      -1.584      0.000      1.377
               1200.00      -1.653      0.000      1.377
               1250.00      -1.722      0.000      1.377
               1300.00      -1.791      0.000      1.377
               1350.00      -1.860      0.000      1.377
               1400.00      -1.928      0.000      1.377
               1450.00      -1.997      0.000      1.377
               1500.00      -2.066      0.000      1.377
               1550.00      -2.135      0.000      1.377
               1600.00      -2.204      0.000      1.377
               1650.00      -2.273      0.000      1.377
               1700.00      -2.342      0.000      1.377
               1800.00      -2.479      0.000      1.377
               1900.00      -2.617      0.000      1.377
               2000.00      -2.755      0.000      1.377
               2500.00      -3.444      0.000      1.377

               Contribution from translational P.F. 
     ================================================================
                  T          G          E          S
                100.00      -2.982      0.298     34.788
                125.00      -3.866      0.373     35.896
                200.00      -6.653      0.596     38.231
                298.15     -10.509      0.889     40.215
                300.00     -10.583      0.894     40.246
                500.00     -18.908      1.490     42.783
                750.00     -29.872      2.236     44.798
               1000.00     -41.259      2.981     46.227
               1100.00     -45.906      3.279     46.700
               1150.00     -48.246      3.428     46.921
               1200.00     -50.598      3.577     47.133
               1250.00     -52.959      3.726     47.336
               1300.00     -55.331      3.875     47.530
               1350.00     -57.712      4.024     47.718
               1400.00     -60.103      4.173     47.899
               1450.00     -62.502      4.322     48.073
               1500.00     -64.910      4.471     48.241
               1550.00     -67.326      4.620     48.404
               1600.00     -69.750      4.769     48.562
               1650.00     -72.182      4.918     48.715
               1700.00     -74.622      5.067     48.863
               1800.00     -79.522      5.365     49.147
               1900.00     -84.451      5.664     49.416
               2000.00     -89.405      5.962     49.671
               2500.00    -114.528      7.452     50.779

        Contribution from conformational-rovibrational P.F. (MS-LH)
     ================================================================
                  T          G          E          S
                100.00     104.570    108.366     37.963
                125.00     103.567    108.840     42.181
                200.00      99.973    110.634     53.304
                298.15      94.123    113.695     65.643
                300.00      94.002    113.761     65.864
                500.00      78.518    122.850     88.664
                750.00      53.068    138.848    114.373
               1000.00      21.609    158.383    136.773
               1100.00       7.522    166.907    144.896
               1150.00       0.179    171.293    148.794
               1200.00      -7.356    175.753    152.590
               1250.00     -15.078    180.282    156.288
               1300.00     -22.983    184.875    159.891
               1350.00     -31.066    189.527    163.402
               1400.00     -39.322    194.236    166.827
               1450.00     -47.747    198.995    170.167
               1500.00     -56.337    203.803    173.427
               1550.00     -65.088    208.656    176.610
               1600.00     -73.997    213.551    179.718
               1650.00     -83.059    218.485    182.754
               1700.00     -92.271    223.456    185.722
               1800.00    -111.132    233.498    191.461
               1900.00    -130.555    243.661    196.956
               2000.00    -150.516    253.931    202.223
               2500.00    -257.674    306.501    225.670

        Contribution from conformational-rovibrational P.F. (MS-T)
     ================================================================
                  T          G          E          S
                100.00     104.603    108.410     38.072
                125.00     103.595    108.910     42.515
                200.00      99.957    110.774     54.083
                298.15      94.020    113.872     66.584
                300.00      93.897    113.938     66.804
                500.00      78.248    122.894     89.291
                750.00      52.728    138.447    114.293
               1000.00      21.381    157.337    135.956
               1100.00       7.390    165.561    143.791
               1150.00       0.106    169.788    147.549
               1200.00      -7.363    174.084    151.206
               1250.00     -15.013    178.445    154.766
               1300.00     -22.838    182.865    158.233
               1350.00     -30.834    187.340    161.611
               1400.00     -38.998    191.866    164.903
               1450.00     -47.323    196.441    168.113
               1500.00     -55.808    201.059    171.245
               1550.00     -64.447    205.719    174.300
               1600.00     -73.236    210.417    177.283
               1650.00     -82.174    215.151    180.197
               1700.00     -91.255    219.919    183.043
               1800.00    -109.837    229.546    188.546
               1900.00    -128.956    239.282    193.810
               2000.00    -148.591    249.115    198.853
               2500.00    -253.801    299.380    221.272

     Total (Translational + Electronic + conformational-rovib.(MS-LH))
     ======================================================================
              T          G          E          H          S          Cp
            100.00     101.450    108.664    108.863     74.128     22.335
            125.00      99.529    109.212    109.461     79.455     25.409
            200.00      93.045    111.230    111.628     92.913     32.010
            298.15      83.204    114.584    115.176    107.235     40.575
            300.00      83.005    114.655    115.251    107.487     40.752
            500.00      58.921    124.340    125.334    132.825     59.667
            750.00      22.163    141.084    142.574    160.549     77.013
           1000.00     -21.027    161.363    163.351    184.378     88.440
           1100.00     -39.899    170.186    172.372    192.974     91.899
           1150.00     -49.651    174.721    177.006    197.093     93.442
           1200.00     -59.606    179.330    181.714    201.101     94.874
           1250.00     -69.759    184.008    186.492    205.001     96.204
           1300.00     -80.105    188.750    191.333    208.798     97.440
           1350.00     -90.638    193.552    196.234    212.498     98.590
           1400.00    -101.353    198.409    201.191    216.103     99.661
           1450.00    -112.246    203.318    206.199    219.618    100.658
           1500.00    -123.313    208.275    211.256    223.046    101.588
           1550.00    -134.549    213.277    216.357    226.391    102.455
           1600.00    -145.951    218.321    221.500    229.657    103.266
           1650.00    -157.514    223.404    226.683    232.846    104.024
           1700.00    -169.234    228.523    231.902    235.962    104.733
           1800.00    -193.134    238.864    242.441    241.986    106.019
           1900.00    -217.623    249.325    253.100    247.749    107.152
           2000.00    -242.676    259.892    263.867    253.271    108.153
           2500.00    -375.645    313.954    318.922    277.827    111.735

     Total (Translational + Electronic + conformational-rovib.(MS-T))
     ======================================================================
              T          G          E          H          S          Cp
            100.00     101.484    108.708    108.907     74.237     23.293
            125.00      99.557    109.282    109.531     79.789     26.449
            200.00      93.029    111.370    111.767     93.692     32.749
            298.15      83.101    114.761    115.353    108.176     40.588
            300.00      82.900    114.832    115.428    108.427     40.751
            500.00      58.652    124.384    125.378    133.452     58.418
            750.00      21.822    140.683    142.174    160.468     74.785
           1000.00     -21.255    160.318    162.305    183.560     85.543
           1100.00     -40.031    168.840    171.026    191.869     88.780
           1150.00     -49.724    173.216    175.501    195.848     90.220
           1200.00     -59.614    177.661    180.046    199.716     91.553
           1250.00     -69.694    182.171    184.655    203.479     92.788
           1300.00     -79.960    186.740    189.323    207.141     93.934
           1350.00     -90.406    191.364    194.047    210.706     94.998
           1400.00    -101.029    196.040    198.822    214.179     95.986
           1450.00    -111.823    200.763    203.644    217.563     96.905
           1500.00    -122.784    205.530    208.511    220.863     97.760
           1550.00    -133.908    210.339    213.419    224.082     98.557
           1600.00    -145.191    215.186    218.366    227.223     99.299
           1650.00    -156.629    220.070    223.348    230.289     99.992
           1700.00    -168.219    224.986    228.364    233.284    100.639
           1800.00    -191.839    234.911    238.488    239.070    101.809
           1900.00    -216.024    244.946    248.721    244.603    102.836
           2000.00    -240.751    255.077    259.051    249.901    103.741
           2500.00    -371.773    306.832    311.800    273.429    106.947

                        --------------------------------
                         Zero of energy is set to ZPE
                        --------------------------------

     Total (Translational + Electronic + conformational-rovib.(MS-LH))
     ======================================================================
              T          G          E          H          S          Cp
            100.00      -5.925      1.289      1.487     74.128     22.335
            125.00      -7.846      1.837      2.086     79.455     25.409
            200.00     -14.330      3.855      4.252     92.913     32.010
            298.15     -24.171      7.208      7.801    107.235     40.575
            300.00     -24.370      7.280      7.876    107.487     40.752
            500.00     -48.454     16.965     17.959    132.825     59.667
            750.00     -85.213     33.708     35.199    160.549     77.013
           1000.00    -128.403     53.988     55.975    184.378     88.440
           1100.00    -147.274     62.811     64.997    192.974     91.899
           1150.00    -157.026     67.345     69.631    197.093     93.442
           1200.00    -166.982     71.954     74.339    201.101     94.874
           1250.00    -177.135     76.632     79.116    205.001     96.204
           1300.00    -187.480     81.375     83.958    208.798     97.440
           1350.00    -198.013     86.176     88.859    212.498     98.590
           1400.00    -208.728     91.033     93.816    216.103     99.661
           1450.00    -219.622     95.942     98.824    219.618    100.658
           1500.00    -230.689    100.899    103.880    223.046    101.588
           1550.00    -241.925    105.901    108.982    226.391    102.455
           1600.00    -253.326    110.945    114.125    229.657    103.266
           1650.00    -264.889    116.028    119.307    232.846    104.024
           1700.00    -276.610    121.148    124.526    235.962    104.733
           1800.00    -300.509    131.488    135.065    241.986    106.019
           1900.00    -324.998    141.949    145.725    247.749    107.152
           2000.00    -350.051    152.517    156.491    253.271    108.153
           2500.00    -483.021    206.578    211.546    277.827    111.735

     Total (Translational + Electronic + conformational-rovib.(MS-T))
     ======================================================================
              T          G          E          H          S          Cp
            100.00      -5.892      1.333      1.532     74.237     23.293
            125.00      -7.818      1.907      2.155     79.789     26.449
            200.00     -14.346      3.995      4.392     93.692     32.749
            298.15     -24.275      7.385      7.978    108.176     40.588
            300.00     -24.475      7.457      8.053    108.427     40.751
            500.00     -48.724     17.009     18.002    133.452     58.418
            750.00     -85.553     33.308     34.798    160.468     74.785
           1000.00    -128.630     52.943     54.930    183.560     85.543
           1100.00    -147.406     61.464     63.650    191.869     88.780
           1150.00    -157.099     65.840     68.126    195.848     90.220
           1200.00    -166.989     70.286     72.671    199.716     91.553
           1250.00    -177.069     74.795     77.279    203.479     92.788
           1300.00    -187.335     79.364     81.948    207.141     93.934
           1350.00    -197.782     83.989     86.672    210.706     94.998
           1400.00    -208.404     88.664     91.446    214.179     95.986
           1450.00    -219.198     93.388     96.269    217.563     96.905
           1500.00    -230.159     98.155    101.136    220.863     97.760
           1550.00    -241.283    102.964    106.044    224.082     98.557
           1600.00    -252.566    107.811    110.991    227.223     99.299
           1650.00    -264.004    112.694    115.973    230.289     99.992
           1700.00    -275.594    117.611    120.989    233.284    100.639
           1800.00    -299.214    127.536    131.113    239.070    101.809
           1900.00    -323.400    137.570    141.346    244.603    102.836
           2000.00    -348.127    147.701    151.676    249.901    103.741
           2500.00    -479.148    199.456    204.424    273.429    106.947

 ==============================End of MSTor output==============================
