
 *******************************************************************************

   MSTor program version 2013 (2013)

   Jingjing Zheng, Steven L. Mielke, and Donald G. Truhlar

   Department of Chemistry and Supercomputing Institute
   University of Minnesota, Minneapolis, Minnesota, USA

   Copyright 2013
   Donald G. Truhlar and Regents of the University of Minnesota

   Citations: 
   MS-T(U) method
     J. Zheng, T. Yu, E. Papajak, I. M. Alecu, S. L. Mielke, and D. G. Truhlar,
     Phys. Chem. Chem. Phys. 13, 10885-10907 (2011).
   MS-T(C) method
     J. Zheng and D. G. Truhlar, J. Chem. Theory Comput., DOI: 10.1021/ct3010722.
   MSTor program
     J. Zheng, S. L. Mielke, K. L Clarkson, and D. G. Truhlar,
     Comp. Phys. Comm. 183, 1803-1812 (2012).
     J. Zheng, R. Meana-Paneda, and D. G. Truhlar, Comp. Phys. Comm.
     to be published as new version announcement.

 *******************************************************************************

                    Naming conventions for the MS methods
   -----------------------------------------------------------------------------
   Common name        Original or other names
   -----------------------------------------------------------------------------
   MS-LH         =    MS-HO (ref. 1)   =   MS-AS-HO (ref. 2)
   MS-T          =    MS-AS (ref. 1)   =   MS-AS-T  (ref. 2)
   -----------------------------------------------------------------------------
   Ref. 1: J. Zheng, T. Yu, E. Papajak, I. M. Alecu, S. L. Mielke, and
           D. G. Truhlar, Phys. Chem. Chem. Phys. 13, 10885 (2011).
   Ref. 2: T. Yu, J. Zheng, and D. G. Truhlar, Chem. Sci. 2, 2199 (2011)

   Calculation run on 07/01/2022 at 10:53:00  

   Number of structures:             1
   Number of torsions:               6
   Method:                           MS-T(C)
   Frequency scaling factor:         0.964
   Delta T for finite difference:    0.5 K
   Internal coordinates
     Bonds:         01-02  01-18  01-19  01-20  02-03  02-16  03-04  03-15  04-05
     Bonds:         04-12  04-13  05-06  05-08  06-07  07-09  07-10  07-11  16-21
     Bonds:         02-17  03-14
     Angles:        01-02-17  02-01-18  02-01-19  02-03-04  02-03-14  03-02-17
     Angles:        03-04-05  03-04-13  04-03-15  04-05-08  05-06-07  06-05-08
     Angles:        06-07-11  09-07-10  12-04-13  16-02-17  06-07-10  18-01-19
     Linear Angles: 02=16=21
     Dihedrals:     01-03-17-02  02-04-14-03  02-04-15-03  02-18-20-01
     Dihedrals:     03-05-12-04  03-05-13-04  03-16-17-02  04-06-08-05
     Dihedrals:     06-09-10-07  09-10-11-07  18-19-20-01  04-03-02-01
     Dihedrals:     05-04-03-02  06-05-04-03  07-06-05-04  03-02-01-18
     Dihedrals:     05-06-07-09

   All moment output uses units of amu for masses and Angstroms for distances 

                           ==========================
                                Structure   1
                           ==========================

   Normal-mode Frequencies (cm-1) 
   (Overall translation and rotation projected out)
    1280.4607i      0.0001i      0.0000i      0.0000i      0.0000i      0.0000 
       0.0000      37.3104      65.9935      96.0407     139.1968     170.8018 
     192.4646     207.8209     241.9121     294.1293     321.0693     334.9726 
     362.6770     517.1326     581.6228     653.0976     791.8053     840.6208 
     850.7328     919.8871     946.3530    1014.5597    1048.4758    1077.5873 
    1097.4078    1128.1324    1163.9428    1169.6565    1192.8422    1211.3111 
    1223.9205    1248.9353    1265.3146    1302.8199    1380.6271    1394.8176 
    1402.8321    1433.7742    1441.0625    1460.5695    1461.9861    1464.0868 
    1466.4549    1477.5595    1565.9962    1822.6606    2986.5685    2991.0294 
    3021.5886    3028.8862    3039.9539    3056.6427    3070.3389    3079.3215 
    3092.3664    3113.4348    3147.1211 
   Torsion-projected frequencies/non-torsional frequencies (cm-1)
    1280.4575i    200.9692     241.1981     293.6205     320.8594     332.4925 
     362.5905     517.0626     579.1477     652.9054     791.1936     840.5070 
     850.6960     919.8324     946.3269    1014.5513    1048.4704    1077.5772 
    1097.4024    1128.1284    1163.6391    1169.6215    1192.8411    1211.2760 
    1223.9007    1248.9196    1265.3023    1302.8014    1380.6264    1394.8157 
    1402.8297    1433.7638    1441.0559    1460.5692    1461.9837    1464.0085 
    1466.4182    1477.5595    1565.9931    1822.6598    2986.5682    2991.0291 
    3021.5885    3028.8862    3039.9532    3056.6423    3070.3371    3079.3159 
    3092.3593    3113.4261    3147.1211 
   Product of consistently coupled torsional frequencies (in cm-1^ntor)  1.1407E+12
   Primitively coupled torsional frequencies (cm-1) (Not used)
      40.3478      74.2649     102.4573     141.7896     182.6654     202.4725 
   Product of primitively coupled torsional frequencies (in cm-1^ntor)   1.6100E+12
   Effective coupled torsional barrier (kcal/mol)
        1.098        1.690        2.045        3.983        8.872        9.380 

   D matrix: 
   m-n        1             2             3             4             5
    1   2.555517E+01  1.118286E+00 -4.339965E+00  4.658657E-01  1.506221E+00
    2   1.118286E+00  2.730705E+01  7.531032E+00  5.625629E+00  2.038899E+00
    3  -4.339965E+00  7.531032E+00  4.329523E+01 -1.260235E+01  4.620771E-01
    4   4.658657E-01  5.625629E+00 -1.260235E+01  1.742194E+01  3.996758E-01
    5   1.506221E+00  2.038899E+00  4.620771E-01  3.996758E-01  3.032624E+00
    6  -2.613967E-01  9.539580E-01  2.316279E+00  1.407880E+00  6.401476E-02
   m-n        6
    1  -2.613967E-01
    2   9.539580E-01
    3   2.316279E+00
    4   1.407880E+00
    5   6.401476E-02
    6   3.114539E+00

   Eigenvalues of D matrix:
     5.0268E+01    3.0424E+01    2.4778E+01    8.9702E+00    2.7748E+00    2.5121E+00
   Determinant of D matrix  1.802965E+029

          Uncoupled force constants (au), Pitzer moment of inertia (amu A^2),
   uncoupled torsional frequencies (cm-1), and uncoupled torsional barrier (kcal/mol)
   --------------------------------------------------------------------------------
   Torsion               1             2             3             4             5
   Force constant   1.94405E-02  4.20447E-02  1.15341E-02  4.39872E-02  1.49247E-02
   Moment          25.555       27.307       43.295       17.422        3.033
   Tor. Freq.        75.027      106.739       44.399      136.685      190.831
   Rot. barrier       3.964        8.573        2.352        8.969        2.081
   M_j,tau            2.481        2.481        2.481        2.481        3.000

   Torsion               6
   Force constant   8.08999E-03
   Moment           3.115
   Tor. Freq.       138.638
   Rot. barrier       1.128
   M_j,tau            3.000
   --------------------------------------------------------------------------------
   Potential Energy =   0.000 kcal/mol
   Weight =  1
   Overall rotational symmetry number =   1

       List of zero-point inclusive energy (kcal/mol) for each structure
      ------------------------------------------------------------------
        Structure            Energy (T = 0 K)
      ------------------------------------------------------------------
          1                    107.38
      ZPE of the system =      107.38


     Note: The following SS-HO and SS-T include the Rot. P.F. and Boltzmann factor,
           but are calculated with weight = 1 for each structure. Weights are
           counted in MS partition functions. Zero of energy is set to the potential
           energy of global minimum.

            Partition function of structure    1
     ================================================================
          T(K)      Rot.          SS-HO           SS-T     SS-T/SS-HO
        100.00    8.7272E+004   1.5156E-229   1.2424E-229    0.820
        125.00    1.2197E+005   3.8747E-182   3.3245E-182    0.858
        200.00    2.4684E+005   1.9277E-110   1.8975E-110    0.984
        298.15    4.4929E+005   2.5797E-070   2.9262E-070    1.134
        300.00    4.5348E+005   8.3904E-070   9.5377E-070    1.137
        500.00    9.7573E+005   8.8189E-036   1.1508E-035    1.305
        750.00    1.7925E+006   5.2336E-017   6.9448E-017    1.327
       1000.00    2.7598E+006   2.6030E-006   3.2705E-006    1.256
       1100.00    3.1839E+006   4.2767E-003   5.2066E-003    1.217
       1150.00    3.4034E+006   1.2190E-001   1.4588E-001    1.197
       1200.00    3.6278E+006   2.8488E+000   3.3487E+000    1.175
       1250.00    3.8569E+006   5.5791E+001   6.4373E+001    1.154
       1300.00    4.0906E+006   9.3270E+002   1.0557E+003    1.132
       1350.00    4.3289E+006   1.3524E+004   1.5009E+004    1.110
       1400.00    4.5716E+006   1.7240E+005   1.8751E+005    1.088
       1450.00    4.8186E+006   1.9554E+006   2.0834E+006    1.065
       1500.00    5.0700E+006   1.9936E+007   2.0800E+007    1.043
       1550.00    5.3256E+006   1.8437E+008   1.8830E+008    1.021
       1600.00    5.5854E+006   1.5589E+009   1.5582E+009    1.000
       1650.00    5.8492E+006   1.2137E+010   1.1869E+010    0.978
       1700.00    6.1171E+006   8.7550E+010   8.3746E+010    0.957
       1800.00    6.6647E+006   3.7031E+012   3.3870E+012    0.915
       1900.00    7.2277E+006   1.2253E+014   1.0710E+014    0.874
       2000.00    7.8058E+006   3.2716E+015   2.7312E+015    0.835
       2500.00    1.0909E+007   3.7863E+021   2.5056E+021    0.662

     ================================================================
              Partition Functions Including All Structures
        -----------------------------------------------------------
        Zero of energy is set to potential energy of global minimum
        -----------------------------------------------------------
        T(K)    Elec.        Trans.              Con-rovib
                                            MS-LH    or     MS-T
        100.00  2.0000E+000  3.2877E+006  1.5156E-229  1.2424E-229
        125.00  2.0000E+000  5.7434E+006  3.8747E-182  3.3245E-182
        200.00  2.0000E+000  1.8598E+007  1.9277E-110  1.8975E-110
        298.15  2.0000E+000  5.0464E+007  2.5797E-070  2.9262E-070
        300.00  2.0000E+000  5.1250E+007  8.3904E-070  9.5377E-070
        500.00  2.0000E+000  1.8379E+008  8.8189E-036  1.1508E-035
        750.00  2.0000E+000  5.0646E+008  5.2336E-017  6.9448E-017
       1000.00  2.0000E+000  1.0397E+009  2.6030E-006  3.2705E-006
       1100.00  2.0000E+000  1.3194E+009  4.2767E-003  5.2066E-003
       1150.00  2.0000E+000  1.4745E+009  1.2190E-001  1.4588E-001
       1200.00  2.0000E+000  1.6400E+009  2.8488E+000  3.3487E+000
       1250.00  2.0000E+000  1.8162E+009  5.5791E+001  6.4373E+001
       1300.00  2.0000E+000  2.0033E+009  9.3270E+002  1.0557E+003
       1350.00  2.0000E+000  2.2015E+009  1.3524E+004  1.5009E+004
       1400.00  2.0000E+000  2.4111E+009  1.7240E+005  1.8751E+005
       1450.00  2.0000E+000  2.6322E+009  1.9554E+006  2.0834E+006
       1500.00  2.0000E+000  2.8650E+009  1.9936E+007  2.0800E+007
       1550.00  2.0000E+000  3.1097E+009  1.8437E+008  1.8830E+008
       1600.00  2.0000E+000  3.3666E+009  1.5589E+009  1.5582E+009
       1650.00  2.0000E+000  3.6358E+009  1.2137E+010  1.1869E+010
       1700.00  2.0000E+000  3.9175E+009  8.7550E+010  8.3746E+010
       1800.00  2.0000E+000  4.5193E+009  3.7031E+012  3.3870E+012
       1900.00  2.0000E+000  5.1734E+009  1.2253E+014  1.0710E+014
       2000.00  2.0000E+000  5.8812E+009  3.2716E+015  2.7312E+015
       2500.00  2.0000E+000  1.0274E+010  3.7863E+021  2.5056E+021

             Total Partition Function (E + T + Con-rovib)
             ---------------------------------------------
                T(K)     E + T + MS-LH     E + T + MS-T
                100.00     9.9657E-223       8.1692E-223
                125.00     4.4508E-175       3.8187E-175
                200.00     7.1701E-103       7.0580E-103
                298.15     2.6036E-062       2.9533E-062
                300.00     8.6002E-062       9.7762E-062
                500.00     3.2416E-027       4.2301E-027
                750.00     5.3012E-008       7.0345E-008
               1000.00     5.4126E+003       6.8005E+003
               1100.00     1.1285E+007       1.3739E+007
               1150.00     3.5948E+008       4.3019E+008
               1200.00     9.3442E+009       1.0984E+010
               1250.00     2.0266E+011       2.3383E+011
               1300.00     3.7370E+012       4.2299E+012
               1350.00     5.9545E+013       6.6085E+013
               1400.00     8.3135E+014       9.0421E+014
               1450.00     1.0294E+016       1.0968E+016
               1500.00     1.1423E+017       1.1918E+017
               1550.00     1.1467E+018       1.1711E+018
               1600.00     1.0496E+019       1.0492E+019
               1650.00     8.8255E+019       8.6306E+019
               1700.00     6.8596E+020       6.5615E+020
               1800.00     3.3471E+022       3.0614E+022
               1900.00     1.2678E+024       1.1081E+024
               2000.00     3.8482E+025       3.2125E+025
               2500.00     7.7801E+031       5.1486E+031

     ================================================================
              Partition Functions Including All Structures
        -----------------------------------------------------------
                    Zero of energy is set to ZPE
        -----------------------------------------------------------
        T(K)             Con-rovib                Total
                   MS-LH        MS-T       E+T+MS-LH    E+T+MS-T
        100.00  6.9681E+005  5.7120E+005  4.5818E+012  3.7559E+012
        125.00  2.0810E+006  1.7854E+006  2.3904E+013  2.0509E+013
        200.00  4.1333E+007  4.0687E+007  1.5374E+015  1.5134E+015
        298.15  1.3115E+009  1.4877E+009  1.3237E+017  1.5015E+017
        300.00  1.3952E+009  1.5859E+009  1.4301E+017  1.6256E+017
        500.00  7.5496E+011  9.8516E+011  2.7750E+020  3.6212E+020
        750.00  1.0166E+015  1.3490E+015  1.0297E+024  1.3664E+024
       1000.00  7.6161E+017  9.5691E+017  1.5836E+027  1.9897E+027
       1100.00  9.2060E+018  1.1207E+019  2.4293E+028  2.9574E+028
       1150.00  3.1006E+019  3.7105E+019  9.1434E+028  1.0942E+029
       1200.00  1.0230E+020  1.2025E+020  3.3555E+029  3.9443E+029
       1250.00  3.3080E+020  3.8169E+020  1.2016E+030  1.3864E+030
       1300.00  1.0488E+021  1.1872E+021  4.2023E+030  4.7566E+030
       1350.00  3.2621E+021  3.6204E+021  1.4363E+031  1.5941E+031
       1400.00  9.9575E+021  1.0830E+022  4.8017E+031  5.2225E+031
       1450.00  2.9844E+022  3.1798E+022  1.5711E+032  1.6739E+032
       1500.00  8.7863E+022  9.1672E+022  5.0345E+032  5.2528E+032
       1550.00  2.5421E+023  2.5964E+023  1.5811E+033  1.6148E+033
       1600.00  7.2315E+023  7.2281E+023  4.8691E+033  4.8669E+033
       1650.00  2.0234E+024  1.9787E+024  1.4713E+034  1.4388E+034
       1700.00  5.5710E+024  5.3289E+024  4.3650E+034  4.1753E+034
       1800.00  4.0306E+025  3.6866E+025  3.6431E+035  3.3322E+035
       1900.00  2.7474E+026  2.4013E+026  2.8427E+036  2.4846E+036
       2000.00  1.7696E+027  1.4773E+027  2.0815E+037  1.7377E+037
       2500.00  9.2197E+030  6.1012E+030  1.8945E+041  1.2537E+041
     ================================================================

                     ==============================
                          Thermodynamic Functions
                      (Ideal gas at standard state)
                     ==============================
     T  - Temperature (Kelvin)        G  - Gibbs Free Energy (kcal/mol)
     E  - Thermal Energy (kcal/mol)   H  - Enthalpy (kcal/mol)
     S  - Entropy (cal/(mol-K))
     Cp - Heat Capacity at Constant Pressure (cal/(mol-K))
        -----------------------------------------------------------
        Zero of energy is set to potential energy of global minimum
        -----------------------------------------------------------

               Contribution from electronic P.F. 
     ================================================================
                  T          G          E          S
                100.00      -0.138      0.000      1.377
                125.00      -0.172      0.000      1.377
                200.00      -0.275      0.000      1.377
                298.15      -0.411      0.000      1.377
                300.00      -0.413      0.000      1.377
                500.00      -0.689      0.000      1.377
                750.00      -1.033      0.000      1.377
               1000.00      -1.377      0.000      1.377
               1100.00      -1.515      0.000      1.377
               1150.00      -1.584      0.000      1.377
               1200.00      -1.653      0.000      1.377
               1250.00      -1.722      0.000      1.377
               1300.00      -1.791      0.000      1.377
               1350.00      -1.860      0.000      1.377
               1400.00      -1.928      0.000      1.377
               1450.00      -1.997      0.000      1.377
               1500.00      -2.066      0.000      1.377
               1550.00      -2.135      0.000      1.377
               1600.00      -2.204      0.000      1.377
               1650.00      -2.273      0.000      1.377
               1700.00      -2.342      0.000      1.377
               1800.00      -2.479      0.000      1.377
               1900.00      -2.617      0.000      1.377
               2000.00      -2.755      0.000      1.377
               2500.00      -3.444      0.000      1.377

               Contribution from translational P.F. 
     ================================================================
                  T          G          E          S
                100.00      -2.982      0.298     34.788
                125.00      -3.866      0.373     35.896
                200.00      -6.653      0.596     38.231
                298.15     -10.509      0.889     40.215
                300.00     -10.583      0.894     40.246
                500.00     -18.908      1.490     42.783
                750.00     -29.872      2.236     44.798
               1000.00     -41.259      2.981     46.227
               1100.00     -45.906      3.279     46.700
               1150.00     -48.246      3.428     46.921
               1200.00     -50.598      3.577     47.133
               1250.00     -52.959      3.726     47.336
               1300.00     -55.331      3.875     47.530
               1350.00     -57.712      4.024     47.718
               1400.00     -60.103      4.173     47.899
               1450.00     -62.502      4.322     48.073
               1500.00     -64.910      4.471     48.241
               1550.00     -67.326      4.620     48.404
               1600.00     -69.750      4.769     48.562
               1650.00     -72.182      4.918     48.715
               1700.00     -74.622      5.067     48.863
               1800.00     -79.522      5.365     49.147
               1900.00     -84.451      5.664     49.416
               2000.00     -89.405      5.962     49.671
               2500.00    -114.528      7.452     50.779

        Contribution from conformational-rovibrational P.F. (MS-LH)
     ================================================================
                  T          G          E          S
                100.00     104.702    108.269     35.677
                125.00     103.761    108.699     39.499
                200.00     100.405    110.351     49.731
                298.15      94.936    113.284     61.540
                300.00      94.822    113.349     61.755
                500.00      80.200    122.316     84.232
                750.00      55.874    138.253    109.839
               1000.00      25.553    157.758    132.205
               1100.00      11.923    166.275    140.320
               1150.00       4.810    170.657    144.216
               1200.00      -2.497    175.114    148.009
               1250.00      -9.990    179.641    151.704
               1300.00     -17.665    184.231    155.305
               1350.00     -25.519    188.882    158.815
               1400.00     -33.545    193.588    162.238
               1450.00     -41.741    198.345    165.577
               1500.00     -50.102    203.152    168.836
               1550.00     -58.623    208.003    172.017
               1600.00     -67.302    212.896    175.124
               1650.00     -76.135    217.829    178.160
               1700.00     -85.117    222.798    181.127
               1800.00    -103.519    232.838    186.865
               1900.00    -122.482    242.998    192.358
               2000.00    -141.983    253.266    197.624
               2500.00    -246.840    305.830    221.068

        Contribution from conformational-rovibrational P.F. (MS-T)
     ================================================================
                  T          G          E          S
                100.00     104.741    108.305     35.634
                125.00     103.800    108.757     39.657
                200.00     100.412    110.488     50.381
                298.15      94.862    113.490     62.479
                300.00      94.746    113.555     62.696
                500.00      79.936    122.477     85.083
                750.00      55.452    138.121    110.225
               1000.00      25.100    157.173    132.073
               1100.00      11.493    165.471    139.979
               1150.00       4.399    169.735    143.771
               1200.00      -2.882    174.069    147.459
               1250.00     -10.345    178.467    151.050
               1300.00     -17.985    182.924    154.546
               1350.00     -25.798    187.436    157.951
               1400.00     -33.779    191.999    161.270
               1450.00     -41.924    196.608    164.505
               1500.00     -50.228    201.261    167.659
               1550.00     -58.689    205.954    170.737
               1600.00     -67.301    210.684    173.741
               1650.00     -76.061    215.450    176.673
               1700.00     -84.967    220.247    179.538
               1800.00    -103.200    229.932    185.073
               1900.00    -121.973    239.721    190.366
               2000.00    -141.265    249.603    195.434
               2500.00    -244.789    300.056    217.938

     Total (Translational + Electronic + conformational-rovib.(MS-LH))
     ======================================================================
              T          G          E          H          S          Cp
            100.00     101.582    108.567    108.766     71.842     20.720
            125.00      99.723    109.071    109.320     76.772     23.497
            200.00      93.477    110.948    111.345     89.340     30.332
            298.15      84.017    114.173    114.766    103.132     39.598
            300.00      83.826    114.243    114.839    103.378     39.784
            500.00      60.604    123.807    124.800    128.393     59.296
            750.00      24.968    140.489    141.979    156.015     76.853
           1000.00     -17.083    160.739    162.726    179.809     88.354
           1100.00     -35.497    169.554    171.740    188.398     91.830
           1150.00     -45.021    174.085    176.371    192.514     93.379
           1200.00     -54.747    178.691    181.076    196.519     94.817
           1250.00     -64.671    183.367    185.851    200.417     96.152
           1300.00     -74.787    188.106    190.690    204.213     97.392
           1350.00     -85.091    192.906    195.588    207.910     98.546
           1400.00     -95.577    197.761    200.543    211.514     99.620
           1450.00    -106.240    202.668    205.549    215.027    100.620
           1500.00    -117.078    207.623    210.604    218.454    101.552
           1550.00    -128.084    212.623    215.703    221.799    102.423
           1600.00    -139.256    217.665    220.845    225.063    103.235
           1650.00    -150.590    222.747    226.026    228.252    103.995
           1700.00    -162.080    227.865    231.244    231.367    104.706
           1800.00    -185.520    238.203    241.780    237.389    105.996
           1900.00    -209.549    248.662    252.438    243.151    107.131
           2000.00    -234.143    259.228    263.202    248.672    108.134
           2500.00    -364.812    313.282    318.250    273.225    111.723

     Total (Translational + Electronic + conformational-rovib.(MS-T))
     ======================================================================
              T          G          E          H          S          Cp
            100.00     101.622    108.603    108.801     71.799     21.532
            125.00      99.762    109.129    109.378     76.931     24.486
            200.00      93.484    111.084    111.481     89.990     31.315
            298.15      83.942    114.379    114.971    104.072     39.985
            300.00      83.750    114.449    115.045    104.319     40.160
            500.00      60.340    123.968    124.961    129.243     58.554
            750.00      24.547    140.357    141.847    156.400     75.326
           1000.00     -17.537    160.154    162.141    179.678     86.269
           1100.00     -35.928    168.750    170.936    188.057     89.530
           1150.00     -45.431    173.163    175.449    192.069     90.973
           1200.00     -55.133    177.646    180.031    195.970     92.304
           1250.00     -65.026    182.193    184.677    199.763     93.535
           1300.00     -75.107    186.799    189.383    203.454     94.672
           1350.00     -85.370    191.460    194.143    207.047     95.723
           1400.00     -95.810    196.172    198.954    210.546     96.697
           1450.00    -106.423    200.930    203.812    213.955     97.599
           1500.00    -117.205    205.732    208.713    217.278     98.436
           1550.00    -128.150    210.574    213.654    220.519     99.213
           1600.00    -139.255    215.454    218.633    223.680     99.936
           1650.00    -150.517    220.368    223.647    226.766    100.608
           1700.00    -161.931    225.315    228.693    229.778    101.233
           1800.00    -185.202    235.297    238.874    235.597    102.361
           1900.00    -209.042    245.385    249.161    241.159    103.346
           2000.00    -233.426    255.565    259.539    246.482    104.209
           2500.00    -362.761    307.508    312.476    270.095    107.243

                        --------------------------------
                         Zero of energy is set to ZPE
                        --------------------------------

     Total (Translational + Electronic + conformational-rovib.(MS-LH))
     ======================================================================
              T          G          E          H          S          Cp
            100.00      -5.793      1.192      1.391     71.842     20.720
            125.00      -7.652      1.696      1.944     76.772     23.497
            200.00     -13.898      3.572      3.970     89.340     30.332
            298.15     -23.358      6.798      7.390    103.132     39.598
            300.00     -23.549      6.868      7.464    103.378     39.784
            500.00     -46.771     16.431     17.425    128.393     59.296
            750.00     -82.407     33.114     34.604    156.015     76.853
           1000.00    -124.458     53.364     55.351    179.809     88.354
           1100.00    -142.873     62.179     64.365    188.398     91.830
           1150.00    -152.396     66.710     68.995    192.514     93.379
           1200.00    -162.122     71.316     73.701    196.519     94.817
           1250.00    -172.046     75.991     78.475    200.417     96.152
           1300.00    -182.162     80.731     83.314    204.213     97.392
           1350.00    -192.466     85.530     88.213    207.910     98.546
           1400.00    -202.952     90.385     93.168    211.514     99.620
           1450.00    -213.616     95.292     98.174    215.027    100.620
           1500.00    -224.453    100.248    103.228    218.454    101.552
           1550.00    -235.460    105.248    108.328    221.799    102.423
           1600.00    -246.632    110.290    113.470    225.063    103.235
           1650.00    -257.965    115.372    118.651    228.252    103.995
           1700.00    -269.456    120.490    123.868    231.367    104.706
           1800.00    -292.896    130.828    134.405    237.389    105.996
           1900.00    -316.925    141.287    145.062    243.151    107.131
           2000.00    -341.518    151.852    155.827    248.672    108.134
           2500.00    -472.187    205.906    210.874    273.225    111.723

     Total (Translational + Electronic + conformational-rovib.(MS-T))
     ======================================================================
              T          G          E          H          S          Cp
            100.00      -5.754      1.227      1.426     71.799     21.532
            125.00      -7.614      1.754      2.002     76.931     24.486
            200.00     -13.892      3.709      4.106     89.990     31.315
            298.15     -23.433      7.003      7.596    104.072     39.985
            300.00     -23.626      7.074      7.670    104.319     40.160
            500.00     -47.036     16.592     17.586    129.243     58.554
            750.00     -82.828     32.981     34.472    156.400     75.326
           1000.00    -124.912     52.779     54.766    179.678     86.269
           1100.00    -143.303     61.374     63.560    188.057     89.530
           1150.00    -152.807     65.788     68.073    192.069     90.973
           1200.00    -162.508     70.271     72.656    195.970     92.304
           1250.00    -172.402     74.818     77.302    199.763     93.535
           1300.00    -182.483     79.424     82.008    203.454     94.672
           1350.00    -192.746     84.085     86.768    207.047     95.723
           1400.00    -203.186     88.796     91.579    210.546     96.697
           1450.00    -213.799     93.555     96.436    213.955     97.599
           1500.00    -224.580     98.357    101.337    217.278     98.436
           1550.00    -235.525    103.199    106.279    220.519     99.213
           1600.00    -246.630    108.078    111.258    223.680     99.936
           1650.00    -257.892    112.993    116.272    226.766    100.608
           1700.00    -269.306    117.940    121.318    229.778    101.233
           1800.00    -292.577    127.922    131.499    235.597    102.361
           1900.00    -316.417    138.010    141.785    241.159    103.346
           2000.00    -340.801    148.190    152.164    246.482    104.209
           2500.00    -470.137    200.133    205.101    270.095    107.243

 ==============================End of MSTor output==============================
