
 *******************************************************************************

   MSTor program version 2013 (2013)

   Jingjing Zheng, Steven L. Mielke, and Donald G. Truhlar

   Department of Chemistry and Supercomputing Institute
   University of Minnesota, Minneapolis, Minnesota, USA

   Copyright 2013
   Donald G. Truhlar and Regents of the University of Minnesota

   Citations: 
   MS-T(U) method
     J. Zheng, T. Yu, E. Papajak, I. M. Alecu, S. L. Mielke, and D. G. Truhlar,
     Phys. Chem. Chem. Phys. 13, 10885-10907 (2011).
   MS-T(C) method
     J. Zheng and D. G. Truhlar, J. Chem. Theory Comput., DOI: 10.1021/ct3010722.
   MSTor program
     J. Zheng, S. L. Mielke, K. L Clarkson, and D. G. Truhlar,
     Comp. Phys. Comm. 183, 1803-1812 (2012).
     J. Zheng, R. Meana-Paneda, and D. G. Truhlar, Comp. Phys. Comm.
     to be published as new version announcement.

 *******************************************************************************

                    Naming conventions for the MS methods
   -----------------------------------------------------------------------------
   Common name        Original or other names
   -----------------------------------------------------------------------------
   MS-LH         =    MS-HO (ref. 1)   =   MS-AS-HO (ref. 2)
   MS-T          =    MS-AS (ref. 1)   =   MS-AS-T  (ref. 2)
   -----------------------------------------------------------------------------
   Ref. 1: J. Zheng, T. Yu, E. Papajak, I. M. Alecu, S. L. Mielke, and
           D. G. Truhlar, Phys. Chem. Chem. Phys. 13, 10885 (2011).
   Ref. 2: T. Yu, J. Zheng, and D. G. Truhlar, Chem. Sci. 2, 2199 (2011)

   Calculation run on 01/25/2022 at 14:02:07  

   Number of structures:             5
   Number of torsions:               6
   Method:                           MS-T(C)
   Frequency scaling factor:         0.964
   Delta T for finite difference:    0.5 K
   Internal coordinates
     Bonds:         01-02  01-18  01-19  01-20  02-03  02-16  03-04  03-15  04-05
     Bonds:         04-12  04-13  05-06  05-08  06-07  07-09  07-10  07-11  16-21
     Bonds:         02-17  03-14
     Angles:        01-02-17  02-01-18  02-01-19  02-03-04  02-03-14  03-02-17
     Angles:        03-04-05  03-04-13  04-03-15  04-05-08  05-06-07  06-05-08
     Angles:        06-07-11  09-07-10  12-04-13  16-02-17  06-07-10  18-01-19
     Linear Angles: 02=16=21
     Dihedrals:     01-03-17-02  02-04-14-03  02-04-15-03  02-18-20-01
     Dihedrals:     03-05-12-04  03-05-13-04  03-16-17-02  04-06-08-05
     Dihedrals:     06-09-10-07  09-10-11-07  18-19-20-01  04-03-02-01
     Dihedrals:     05-04-03-02  06-05-04-03  07-06-05-04  03-02-01-18
     Dihedrals:     05-06-07-09

   All moment output uses units of amu for masses and Angstroms for distances 

                           ==========================
                                Structure   1
                           ==========================

   Normal-mode Frequencies (cm-1) 
   (Overall translation and rotation projected out)
    1280.4607i      0.0001i      0.0000i      0.0000i      0.0000i      0.0000 
       0.0000      37.3104      65.9935      96.0407     139.1968     170.8018 
     192.4646     207.8209     241.9121     294.1293     321.0693     334.9726 
     362.6770     517.1326     581.6228     653.0976     791.8053     840.6208 
     850.7328     919.8871     946.3530    1014.5597    1048.4758    1077.5873 
    1097.4078    1128.1324    1163.9428    1169.6565    1192.8422    1211.3111 
    1223.9205    1248.9353    1265.3146    1302.8199    1380.6271    1394.8176 
    1402.8321    1433.7742    1441.0625    1460.5695    1461.9861    1464.0868 
    1466.4549    1477.5595    1565.9962    1822.6606    2986.5685    2991.0294 
    3021.5886    3028.8862    3039.9539    3056.6427    3070.3389    3079.3215 
    3092.3664    3113.4348    3147.1211 
   Torsion-projected frequencies/non-torsional frequencies (cm-1)
    1280.4575i    200.9692     241.1981     293.6205     320.8594     332.4925 
     362.5905     517.0626     579.1477     652.9054     791.1936     840.5070 
     850.6960     919.8324     946.3269    1014.5513    1048.4704    1077.5772 
    1097.4024    1128.1284    1163.6391    1169.6215    1192.8411    1211.2760 
    1223.9007    1248.9196    1265.3023    1302.8014    1380.6264    1394.8157 
    1402.8297    1433.7638    1441.0559    1460.5692    1461.9837    1464.0085 
    1466.4182    1477.5595    1565.9931    1822.6598    2986.5682    2991.0291 
    3021.5885    3028.8862    3039.9532    3056.6423    3070.3371    3079.3159 
    3092.3593    3113.4261    3147.1211 
   Product of consistently coupled torsional frequencies (in cm-1^ntor)  1.1407E+12
   Primitively coupled torsional frequencies (cm-1) (Not used)
      40.3478      74.2649     102.4573     141.7896     182.6654     202.4725 
   Product of primitively coupled torsional frequencies (in cm-1^ntor)   1.6100E+12
   Effective coupled torsional barrier (kcal/mol)
        1.098        1.690        2.045        3.983        8.872        9.380 

   D matrix: 
   m-n        1             2             3             4             5
    1   2.555517E+01  1.118286E+00 -4.339965E+00  4.658657E-01  1.506221E+00
    2   1.118286E+00  2.730705E+01  7.531032E+00  5.625629E+00  2.038899E+00
    3  -4.339965E+00  7.531032E+00  4.329523E+01 -1.260235E+01  4.620771E-01
    4   4.658657E-01  5.625629E+00 -1.260235E+01  1.742194E+01  3.996758E-01
    5   1.506221E+00  2.038899E+00  4.620771E-01  3.996758E-01  3.032624E+00
    6  -2.613967E-01  9.539580E-01  2.316279E+00  1.407880E+00  6.401476E-02
   m-n        6
    1  -2.613967E-01
    2   9.539580E-01
    3   2.316279E+00
    4   1.407880E+00
    5   6.401476E-02
    6   3.114539E+00

   Eigenvalues of D matrix:
     5.0268E+01    3.0424E+01    2.4778E+01    8.9702E+00    2.7748E+00    2.5121E+00
   Determinant of D matrix  1.802965E+029

          Uncoupled force constants (au), Pitzer moment of inertia (amu A^2),
   uncoupled torsional frequencies (cm-1), and uncoupled torsional barrier (kcal/mol)
   --------------------------------------------------------------------------------
   Torsion               1             2             3             4             5
   Force constant   1.94405E-02  4.20447E-02  1.15341E-02  4.39872E-02  1.49247E-02
   Moment          25.555       27.307       43.295       17.422        3.033
   Tor. Freq.        75.027      106.739       44.399      136.685      190.831
   Rot. barrier       3.964        8.573        2.352        8.969        2.081
   M_j,tau            2.481        2.481        2.481        2.481        3.000

   Torsion               6
   Force constant   8.08999E-03
   Moment           3.115
   Tor. Freq.       138.638
   Rot. barrier       1.128
   M_j,tau            3.000
   --------------------------------------------------------------------------------
   Potential Energy =   0.000 kcal/mol
   Weight =  1
   Overall rotational symmetry number =   1

                           ==========================
                                Structure   2
                           ==========================

   Normal-mode Frequencies (cm-1) 
   (Overall translation and rotation projected out)
    1307.5823i      0.0000i      0.0000i      0.0000i      0.0000i      0.0000 
       0.0000      30.0268      62.2639     102.8009     108.9270     137.7233 
     174.3904     195.2623     245.7698     282.1051     327.7277     340.6731 
     348.7274     482.5965     577.5547     699.6858     751.7719     823.0453 
     894.0120     925.5297     936.3297    1028.1195    1052.2052    1086.8107 
    1103.1245    1124.8754    1164.1223    1169.0166    1191.2944    1215.4863 
    1222.3874    1231.0366    1283.3332    1288.8548    1364.1284    1394.3723 
    1413.3417    1436.3813    1451.8173    1461.3312    1462.6881    1463.7953 
    1466.9975    1477.9161    1552.3428    1826.1831    2987.3233    2991.3169 
    3017.9651    3028.4506    3038.8836    3052.3665    3061.1187    3066.4205 
    3091.1955    3112.8742    3146.3539 
   Torsion-projected frequencies/non-torsional frequencies (cm-1)
    1307.5726i    103.1643     245.6616     281.5646     326.7473     339.9205 
     348.0327     482.5029     574.7596     699.6817     751.0973     822.7473 
     893.9625     925.4749     936.1865    1028.1152    1052.1973    1086.7929 
    1103.1232    1124.8667    1163.8236    1168.9817    1191.2934    1215.4654 
    1222.3774    1231.0163    1283.3264    1288.8482    1364.1269    1394.3715 
    1413.3415    1436.3790    1451.8116    1461.3285    1462.6812    1463.7153 
    1466.9486    1477.9161    1552.3365    1826.1830    2987.3231    2991.3168 
    3017.9647    3028.4506    3038.8810    3052.3655    3061.1182    3066.4195 
    3091.1893    3112.8656    3146.3539 
   Product of consistently coupled torsional frequencies (in cm-1^ntor)  9.6765E+11
   Primitively coupled torsional frequencies (cm-1) (Not used)
      34.4219      67.4597     113.1180     140.1041     182.9926     203.1881 
   Product of primitively coupled torsional frequencies (in cm-1^ntor)   1.3683E+12
   Effective coupled torsional barrier (kcal/mol)
        0.842        1.101        1.994        2.630        3.710        7.479 

   D matrix: 
   m-n        1             2             3             4             5
    1   2.214570E+01 -2.240554E+00  1.702850E+01 -5.016418E+00  9.558595E-01
    2  -2.240554E+00  2.424119E+01 -2.840474E+00  8.873977E+00  2.058165E+00
    3   1.702850E+01 -2.840474E+00  3.089618E+01 -1.200252E+01  1.169726E+00
    4  -5.016418E+00  8.873977E+00 -1.200252E+01  1.825347E+01  2.114318E-01
    5   9.558595E-01  2.058165E+00  1.169726E+00  2.114318E-01  3.017406E+00
    6   8.855649E-01  4.067926E-01  1.455517E+00  1.506740E+00  1.016685E-01
   m-n        6
    1   8.855649E-01
    2   4.067926E-01
    3   1.455517E+00
    4   1.506740E+00
    5   1.016685E-01
    6   3.058843E+00

   Eigenvalues of D matrix:
     5.1024E+01    2.6410E+01    1.2283E+01    6.6908E+00    2.4701E+00    2.7346E+00
   Determinant of D matrix  5.692168E+028

          Uncoupled force constants (au), Pitzer moment of inertia (amu A^2),
   uncoupled torsional frequencies (cm-1), and uncoupled torsional barrier (kcal/mol)
   --------------------------------------------------------------------------------
   Torsion               1             2             3             4             5
   Force constant   2.07034E-02  1.61273E-02  5.75922E-03  4.36435E-02  1.47880E-02
   Moment          22.146       24.241       30.896       18.253        3.017
   Tor. Freq.        83.173       70.163       37.139      133.012      190.433
   Rot. barrier       3.496        2.724        0.973        7.370        2.062
   M_j,tau            2.726        2.726        2.726        2.726        3.000

   Torsion               6
   Force constant   8.11405E-03
   Moment           3.059
   Tor. Freq.       140.102
   Rot. barrier       1.131
   M_j,tau            3.000
   --------------------------------------------------------------------------------
   Potential Energy =   0.293 kcal/mol
   Weight =  1
   Overall rotational symmetry number =   1

                           ==========================
                                Structure   3
                           ==========================

   Normal-mode Frequencies (cm-1) 
   (Overall translation and rotation projected out)
    1300.0907i      0.0000i      0.0000i      0.0000i      0.0000       0.0000 
       0.0000      33.0760      47.7485     104.6094     139.4949     168.3394 
     180.1105     214.2217     248.6302     290.3781     322.6342     366.8760 
     390.6857     501.7475     582.4976     656.8748     798.9646     834.6937 
     856.7258     917.2845     946.6280     992.2595    1046.6866    1055.4424 
    1097.0558    1131.6614    1164.0755    1180.1730    1191.3879    1202.1562 
    1216.3388    1246.5342    1264.8459    1328.2837    1369.7941    1392.3283 
    1396.1462    1434.4720    1449.0828    1460.2941    1461.4453    1463.9211 
    1470.0961    1477.5971    1569.6134    1824.8334    2984.8481    3009.9156 
    3020.9483    3029.0284    3052.2362    3063.3968    3076.3554    3081.4632 
    3095.0073    3113.7544    3147.2135 
   Torsion-projected frequencies/non-torsional frequencies (cm-1)
    1300.0801i    184.6030     246.4115     290.3406     321.9577     364.1252 
     389.9507     501.3231     580.1498     656.8161     798.6265     834.5176 
     856.5961     917.2027     946.5907     992.2518    1046.6577    1055.4171 
    1097.0282    1131.6602    1163.7630    1180.1323    1191.3867    1202.1417 
    1216.3351    1246.5242    1264.8348    1328.2774    1369.7908    1392.3210 
    1396.1434    1434.4467    1449.0753    1460.2906    1461.4239    1463.8409 
    1470.0808    1477.5970    1569.6128    1824.8330    2984.8477    3009.9154 
    3020.9470    3029.0284    3052.2354    3063.3948    3076.3545    3081.4597 
    3095.0023    3113.7458    3147.2135 
   Product of consistently coupled torsional frequencies (in cm-1^ntor)  8.3309E+11
   Primitively coupled torsional frequencies (cm-1) (Not used)
      35.9001      51.9954     114.3373     142.3014     180.5980     216.3693 
   Product of primitively coupled torsional frequencies (in cm-1^ntor)   1.1868E+12
   Effective coupled torsional barrier (kcal/mol)
        1.097        1.425        1.626        3.706        8.444        9.054 

   D matrix: 
   m-n        1             2             3             4             5
    1   2.940560E+01  2.043831E+01 -7.235911E+00  5.735436E+00  1.459959E+00
    2   2.043831E+01  4.349011E+01  7.248731E+00  9.518062E+00 -2.219096E-01
    3  -7.235911E+00  7.248731E+00  4.181337E+01 -1.159296E+01  5.737234E-01
    4   5.735436E+00  9.518062E+00 -1.159296E+01  1.809216E+01 -2.406050E-01
    5   1.459959E+00 -2.219096E-01  5.737234E-01 -2.406050E-01  3.084182E+00
    6  -7.520627E-02  1.231289E+00  2.261170E+00  1.532981E+00  2.592914E-02
   m-n        6
    1  -7.520627E-02
    2   1.231289E+00
    3   2.261170E+00
    4   1.532981E+00
    5   2.592914E-02
    6   3.118903E+00

   Eigenvalues of D matrix:
     6.1063E+01    4.8703E+01    1.6107E+01    7.7966E+00    2.8411E+00    2.4942E+00
   Determinant of D matrix  2.013743E+029

          Uncoupled force constants (au), Pitzer moment of inertia (amu A^2),
   uncoupled torsional frequencies (cm-1), and uncoupled torsional barrier (kcal/mol)
   --------------------------------------------------------------------------------
   Torsion               1             2             3             4             5
   Force constant   1.78823E-02  3.84742E-02  9.62716E-03  4.43871E-02  1.46347E-02
   Moment          29.406       43.490       41.813       18.092        3.084
   Tor. Freq.        67.081       80.909       41.276      134.738      187.382
   Rot. barrier       3.594        7.733        1.935        8.922        2.041
   M_j,tau            2.499        2.499        2.499        2.499        3.000

   Torsion               6
   Force constant   8.08786E-03
   Moment           3.119
   Tor. Freq.       138.523
   Rot. barrier       1.128
   M_j,tau            3.000
   --------------------------------------------------------------------------------
   Potential Energy =   0.805 kcal/mol
   Weight =  1
   Overall rotational symmetry number =   1

                           ==========================
                                Structure   4
                           ==========================

   Normal-mode Frequencies (cm-1) 
   (Overall translation and rotation projected out)
    1291.1491i      0.0001i      0.0000i      0.0000i      0.0000       0.0000 
       0.0000      34.3710      89.5716     107.4110     141.9691     173.3284 
     213.3197     244.3611     259.3338     300.6990     307.6519     347.6193 
     403.9100     522.3167     580.6356     667.6226     812.4148     820.4184 
     860.3800     928.1081     941.2381     981.4057    1047.8201    1070.2569 
    1098.6685    1125.3209    1164.1160    1168.8890    1192.3617    1212.3992 
    1229.4731    1235.7337    1265.9253    1351.3658    1356.4943    1393.5747 
    1397.9942    1435.7784    1443.3934    1460.0544    1463.0061    1464.4585 
    1471.1098    1477.4223    1546.6251    1822.5527    2991.7141    2998.8998 
    3019.2212    3028.9305    3053.0871    3059.9478    3071.4133    3073.4598 
    3088.3997    3113.6509    3147.2046 
   Torsion-projected frequencies/non-torsional frequencies (cm-1)
    1291.1253i    211.4480     243.2852     299.4797     306.1940     346.6831 
     402.5380     520.7371     578.7484     667.3597     812.1792     820.3812 
     860.2146     928.0930     941.1519     981.2467    1047.7998    1070.2117 
    1098.6477    1125.2975    1163.7888    1168.8696    1192.3594    1212.3758 
    1229.4462    1235.7239    1265.9188    1351.3409    1356.4905    1393.5686 
    1397.9897    1435.7486    1443.3888    1460.0538    1462.9698    1464.4004 
    1471.0816    1477.4222    1546.6174    1822.5506    2991.7101    2998.8996 
    3019.2209    3028.9305    3053.0850    3059.9353    3071.4095    3073.4587 
    3088.3850    3113.6420    3147.2046 
   Product of consistently coupled torsional frequencies (in cm-1^ntor)  2.1881E+12
   Primitively coupled torsional frequencies (cm-1) (Not used)
      39.2025      92.8350     118.9220     144.8186     184.4677     266.5682 
   Product of primitively coupled torsional frequencies (in cm-1^ntor)   3.0821E+12
   Effective coupled torsional barrier (kcal/mol)
        1.117        1.595        3.490        7.190        9.481       16.959 

   D matrix: 
   m-n        1             2             3             4             5
    1   2.514262E+01  1.321258E+01  1.019539E+01 -4.203918E-01  2.009741E+00
    2   1.321258E+01  4.751380E+01  1.031251E+01  9.214114E+00  3.452727E-01
    3   1.019539E+01  1.031251E+01  4.180354E+01 -1.125952E+01 -6.134770E-01
    4  -4.203918E-01  9.214114E+00 -1.125952E+01  1.815021E+01  8.751720E-02
    5   2.009741E+00  3.452727E-01 -6.134770E-01  8.751720E-02  3.083435E+00
    6   7.435283E-01  1.454949E+00  2.287316E+00  1.561659E+00 -3.626491E-02
   m-n        6
    1   7.435283E-01
    2   1.454949E+00
    3   2.287316E+00
    4   1.561659E+00
    5  -3.626491E-02
    6   3.123266E+00

   Eigenvalues of D matrix:
     6.2890E+01    4.2619E+01    1.8014E+01    9.9396E+00    2.8235E+00    2.5311E+00
   Determinant of D matrix  2.609816E+029

          Uncoupled force constants (au), Pitzer moment of inertia (amu A^2),
   uncoupled torsional frequencies (cm-1), and uncoupled torsional barrier (kcal/mol)
   --------------------------------------------------------------------------------
   Torsion               1             2             3             4             5
   Force constant   3.36778E-02  7.38179E-02  1.40363E-02  4.54289E-02  2.86346E-02
   Moment          25.143       47.514       41.804       18.150        3.083
   Tor. Freq.        99.557      107.220       49.845      136.091      262.140
   Rot. barrier       6.997       15.337        2.916        9.439        3.993
   M_j,tau            2.458        2.458        2.458        2.458        3.000

   Torsion               6
   Force constant   8.24122E-03
   Moment           3.123
   Tor. Freq.       139.732
   Rot. barrier       1.149
   M_j,tau            3.000
   --------------------------------------------------------------------------------
   Potential Energy =   0.924 kcal/mol
   Weight =  1
   Overall rotational symmetry number =   1

                           ==========================
                                Structure   5
                           ==========================

   Normal-mode Frequencies (cm-1) 
   (Overall translation and rotation projected out)
    1304.5516i      0.0000i      0.0000i      0.0000i      0.0000       0.0000 
       0.0001      28.0523      58.9299      99.0188     133.3233     136.9584 
     173.4089     204.9489     229.6332     298.3289     309.6616     333.8905 
     419.1023     482.0654     580.3105     706.4123     755.7128     820.5134 
     880.3547     922.5063     943.3362     983.8075    1052.5313    1077.8848 
    1117.3701    1120.1163    1161.0228    1164.4694    1191.3605    1209.1341 
    1223.2213    1231.7036    1287.8608    1325.0762    1348.5736    1394.5319 
    1406.5433    1437.0089    1451.3355    1461.7474    1463.6114    1464.8074 
    1469.3464    1477.8741    1561.1750    1826.0363    2984.2637    2987.6901 
    3020.7009    3028.4468    3052.7112    3059.0694    3070.8937    3073.4061 
    3093.5089    3112.8570    3146.3209 
   Torsion-projected frequencies/non-torsional frequencies (cm-1)
    1304.5334i    136.9635     226.1668     298.1486     309.3183     333.2933 
     418.6614     480.5132     577.1825     706.3859     755.4323     820.2426 
     880.2545     922.4978     943.2266     983.6355    1052.4899    1077.8315 
    1117.3662    1120.0995    1160.9869    1164.1978    1191.3567    1209.0772 
    1223.1911    1231.7028    1287.8276    1325.0746    1348.5626    1394.5298 
    1406.5396    1437.0077    1451.3267    1461.7438    1463.5316    1464.7754 
    1469.3388    1477.8741    1561.1674    1826.0362    2984.2619    2987.6894 
    3020.6998    3028.4468    3052.7074    3059.0675    3070.8918    3073.4042 
    3093.4946    3112.8483    3146.3209 
   Product of consistently coupled torsional frequencies (in cm-1^ntor)  7.9932E+11
   Primitively coupled torsional frequencies (cm-1) (Not used)
      33.4585      61.3515     111.8212     139.2344     182.9626     212.1287 
   Product of primitively coupled torsional frequencies (in cm-1^ntor)   1.2404E+12
   Effective coupled torsional barrier (kcal/mol)
        0.909        1.087        1.933        2.869        4.892        8.269 

   D matrix: 
   m-n        1             2             3             4             5
    1   2.050677E+01  8.394035E+00  1.378974E+01 -4.783778E-01  1.376830E+00
    2   8.394035E+00  3.443350E+01  5.630527E+00  9.672357E+00 -6.146306E-01
    3   1.378974E+01  5.630527E+00  2.777916E+01 -8.423917E+00  8.713630E-01
    4  -4.783778E-01  9.672357E+00 -8.423917E+00  1.751233E+01 -3.203523E-01
    5   1.376830E+00 -6.146306E-01  8.713630E-01 -3.203523E-01  3.083514E+00
    6   9.613110E-01  1.082340E+00  1.477155E+00  1.716814E+00  3.964070E-02
   m-n        6
    1   9.613110E-01
    2   1.082340E+00
    3   1.477155E+00
    4   1.716814E+00
    5   3.964070E-02
    6   3.075061E+00

   Eigenvalues of D matrix:
     4.6489E+01    3.5703E+01    1.1738E+01    7.0734E+00    2.9123E+00    2.4742E+00
   Determinant of D matrix  7.556224E+028

          Uncoupled force constants (au), Pitzer moment of inertia (amu A^2),
   uncoupled torsional frequencies (cm-1), and uncoupled torsional barrier (kcal/mol)
   --------------------------------------------------------------------------------
   Torsion               1             2             3             4             5
   Force constant   2.20570E-02  1.77776E-02  5.58765E-03  4.35679E-02  1.57375E-02
   Moment          20.507       34.434       27.779       17.512        3.084
   Tor. Freq.        89.213       61.809       38.580      135.680      194.335
   Rot. barrier       4.126        3.326        1.045        8.151        2.195
   M_j,tau            2.590        2.590        2.590        2.590        3.000

   Torsion               6
   Force constant   8.00781E-03
   Moment           3.075
   Tor. Freq.       138.815
   Rot. barrier       1.117
   M_j,tau            3.000
   --------------------------------------------------------------------------------
   Potential Energy =   0.951 kcal/mol
   Weight =  1
   Overall rotational symmetry number =   1

       List of zero-point inclusive energy (kcal/mol) for each structure
      ------------------------------------------------------------------
        Structure            Energy (T = 0 K)
      ------------------------------------------------------------------
          1                    107.38
          2                    107.47
          3                    108.26
          4                    108.54
          5                    108.25
      ZPE of the system =      107.38


     Note: The following SS-HO and SS-T include the Rot. P.F. and Boltzmann factor,
           but are calculated with weight = 1 for each structure. Weights are
           counted in MS partition functions. Zero of energy is set to the potential
           energy of global minimum.

            Partition function of structure    1
     ================================================================
          T(K)      Rot.          SS-HO           SS-T     SS-T/SS-HO
        100.00    8.7272E+004   1.5156E-229   1.2424E-229    0.820
        125.00    1.2197E+005   3.8747E-182   3.3245E-182    0.858
        200.00    2.4684E+005   1.9277E-110   1.8975E-110    0.984
        298.15    4.4929E+005   2.5797E-070   2.9262E-070    1.134
        300.00    4.5348E+005   8.3904E-070   9.5377E-070    1.137
        500.00    9.7573E+005   8.8189E-036   1.1508E-035    1.305
        750.00    1.7925E+006   5.2336E-017   6.9448E-017    1.327
       1000.00    2.7598E+006   2.6030E-006   3.2705E-006    1.256
       1100.00    3.1839E+006   4.2767E-003   5.2066E-003    1.217
       1150.00    3.4034E+006   1.2190E-001   1.4588E-001    1.197
       1200.00    3.6278E+006   2.8488E+000   3.3487E+000    1.175
       1250.00    3.8569E+006   5.5791E+001   6.4373E+001    1.154
       1300.00    4.0906E+006   9.3270E+002   1.0557E+003    1.132
       1350.00    4.3289E+006   1.3524E+004   1.5009E+004    1.110
       1400.00    4.5716E+006   1.7240E+005   1.8751E+005    1.088
       1450.00    4.8186E+006   1.9554E+006   2.0834E+006    1.065
       1500.00    5.0700E+006   1.9936E+007   2.0800E+007    1.043
       1550.00    5.3256E+006   1.8437E+008   1.8830E+008    1.021
       1600.00    5.5854E+006   1.5589E+009   1.5582E+009    1.000
       1650.00    5.8492E+006   1.2137E+010   1.1869E+010    0.978
       1700.00    6.1171E+006   8.7550E+010   8.3746E+010    0.957
       1800.00    6.6647E+006   3.7031E+012   3.3870E+012    0.915
       1900.00    7.2277E+006   1.2253E+014   1.0710E+014    0.874
       2000.00    7.8058E+006   3.2716E+015   2.7312E+015    0.835
       2500.00    1.0909E+007   3.7863E+021   2.5056E+021    0.662

            Partition function of structure    2
     ================================================================
          T(K)      Rot.          SS-HO           SS-T     SS-T/SS-HO
        100.00    8.8931E+004   1.3495E-229   1.1807E-229    0.875
        125.00    1.2428E+005   4.0580E-182   3.7835E-182    0.932
        200.00    2.5153E+005   2.6625E-110   2.9226E-110    1.098
        298.15    4.5783E+005   4.2388E-070   5.3410E-070    1.260
        300.00    4.6210E+005   1.3818E-069   1.7444E-069    1.262
        500.00    9.9428E+005   1.6922E-035   2.3618E-035    1.396
        750.00    1.8266E+006   1.0876E-016   1.4499E-016    1.333
       1000.00    2.8122E+006   5.6348E-006   6.6181E-006    1.174
       1100.00    3.2445E+006   9.3629E-003   1.0343E-002    1.105
       1150.00    3.4682E+006   2.6819E-001   2.8691E-001    1.070
       1200.00    3.6968E+006   6.2962E+000   6.5186E+000    1.035
       1250.00    3.9302E+006   1.2382E+002   1.2399E+002    1.001
       1300.00    4.1684E+006   2.0781E+003   2.0118E+003    0.968
       1350.00    4.4112E+006   3.0239E+004   2.8292E+004    0.936
       1400.00    4.6585E+006   3.8680E+005   3.4962E+005    0.904
       1450.00    4.9103E+006   4.4008E+006   3.8422E+006    0.873
       1500.00    5.1664E+006   4.5000E+007   3.7942E+007    0.843
       1550.00    5.4269E+006   4.1731E+008   3.3977E+008    0.814
       1600.00    5.6916E+006   3.5377E+009   2.7812E+009    0.786
       1650.00    5.9604E+006   2.7610E+010   2.0959E+010    0.759
       1700.00    6.2334E+006   1.9963E+011   1.4632E+011    0.733
       1800.00    6.7914E+006   8.4795E+012   5.7956E+012    0.683
       1900.00    7.3652E+006   2.8166E+014   1.7958E+014    0.638
       2000.00    7.9542E+006   7.5460E+015   4.4907E+015    0.595
       2500.00    1.1116E+007   8.8499E+021   3.7743E+021    0.426

            Partition function of structure    3
     ================================================================
          T(K)      Rot.          SS-HO           SS-T     SS-T/SS-HO
        100.00    8.6300E+004   2.3329E-231   1.9297E-231    0.827
        125.00    1.2061E+005   1.4688E-183   1.2806E-183    0.872
        200.00    2.4409E+005   2.7942E-111   2.8455E-111    1.018
        298.15    4.4429E+005   7.7297E-071   9.1016E-071    1.177
        300.00    4.4843E+005   2.5370E-070   2.9933E-070    1.180
        500.00    9.6486E+005   4.7764E-036   6.2898E-036    1.317
        750.00    1.7726E+006   3.7908E-017   4.8774E-017    1.287
       1000.00    2.7290E+006   2.1797E-006   2.5737E-006    1.181
       1100.00    3.1485E+006   3.7252E-003   4.2179E-003    1.132
       1150.00    3.3656E+006   1.0801E-001   1.1964E-001    1.108
       1200.00    3.5874E+006   2.5642E+000   2.7769E+000    1.083
       1250.00    3.8140E+006   5.0945E+001   5.3917E+001    1.058
       1300.00    4.0451E+006   8.6309E+002   8.9230E+002    1.034
       1350.00    4.2807E+006   1.2669E+004   1.2790E+004    1.010
       1400.00    4.5207E+006   1.6336E+005   1.6100E+005    0.986
       1450.00    4.7650E+006   1.8725E+006   1.8011E+006    0.962
       1500.00    5.0136E+006   1.9281E+007   1.8095E+007    0.939
       1550.00    5.2663E+006   1.7996E+008   1.6477E+008    0.916
       1600.00    5.5232E+006   1.5349E+009   1.3707E+009    0.893
       1650.00    5.7841E+006   1.2047E+010   1.0492E+010    0.871
       1700.00    6.0490E+006   8.7571E+010   7.4364E+010    0.849
       1800.00    6.5905E+006   3.7561E+012   3.0319E+012    0.807
       1900.00    7.1473E+006   1.2585E+014   9.6539E+013    0.767
       2000.00    7.7189E+006   3.3979E+015   2.4768E+015    0.729
       2500.00    1.0787E+007   4.1028E+021   2.3198E+021    0.565

            Partition function of structure    4
     ================================================================
          T(K)      Rot.          SS-HO           SS-T     SS-T/SS-HO
        100.00    7.9830E+004   3.1900E-232   2.5683E-232    0.805
        125.00    1.1157E+005   2.4752E-184   2.0733E-184    0.838
        200.00    2.2579E+005   6.2279E-112   5.8565E-112    0.940
        298.15    4.1098E+005   1.9614E-071   2.0620E-071    1.051
        300.00    4.1481E+005   6.4471E-071   6.7888E-071    1.053
        500.00    8.9253E+005   1.3246E-036   1.5484E-036    1.169
        750.00    1.6397E+006   1.0905E-017   1.3011E-017    1.193
       1000.00    2.5245E+006   6.3765E-007   7.3941E-007    1.160
       1100.00    2.9124E+006   1.0947E-003   1.2462E-003    1.138
       1150.00    3.1132E+006   3.1802E-002   3.5835E-002    1.127
       1200.00    3.3185E+006   7.5630E-001   8.4299E-001    1.115
       1250.00    3.5280E+006   1.5051E+001   1.6586E+001    1.102
       1300.00    3.7418E+006   2.5537E+002   2.7808E+002    1.089
       1350.00    3.9597E+006   3.7537E+003   4.0374E+003    1.076
       1400.00    4.1818E+006   4.8464E+004   5.1467E+004    1.062
       1450.00    4.4078E+006   5.5621E+005   5.8297E+005    1.048
       1500.00    4.6377E+006   5.7336E+006   5.9292E+006    1.034
       1550.00    4.8715E+006   5.3573E+007   5.4643E+007    1.020
       1600.00    5.1091E+006   4.5738E+008   4.6001E+008    1.006
       1650.00    5.3505E+006   3.5933E+009   3.5626E+009    0.991
       1700.00    5.5955E+006   2.6142E+010   2.5545E+010    0.977
       1800.00    6.0964E+006   1.1231E+012   1.0653E+012    0.949
       1900.00    6.6115E+006   3.7686E+013   3.4674E+013    0.920
       2000.00    7.1402E+006   1.0189E+015   9.0876E+014    0.892
       2500.00    9.9788E+006   1.2366E+021   9.3835E+020    0.759

            Partition function of structure    5
     ================================================================
          T(K)      Rot.          SS-HO           SS-T     SS-T/SS-HO
        100.00    9.1528E+004   2.9110E-231   2.2942E-231    0.788
        125.00    1.2791E+005   1.8837E-183   1.5789E-183    0.838
        200.00    2.5888E+005   3.8395E-111   3.7789E-111    0.984
        298.15    4.7120E+005   1.1228E-070   1.2633E-070    1.125
        300.00    4.7559E+005   3.6882E-070   4.1570E-070    1.127
        500.00    1.0233E+006   7.3294E-036   9.0571E-036    1.236
        750.00    1.8799E+006   5.9882E-017   7.0976E-017    1.185
       1000.00    2.8944E+006   3.4954E-006   3.7046E-006    1.060
       1100.00    3.3392E+006   5.9991E-003   6.0226E-003    1.004
       1150.00    3.5694E+006   1.7427E-001   1.7006E-001    0.976
       1200.00    3.8047E+006   4.1442E+000   3.9282E+000    0.948
       1250.00    4.0450E+006   8.2469E+001   7.5887E+001    0.920
       1300.00    4.2901E+006   1.3992E+003   1.2494E+003    0.893
       1350.00    4.5400E+006   2.0567E+004   1.7813E+004    0.866
       1400.00    4.7945E+006   2.6555E+005   2.2300E+005    0.840
       1450.00    5.0537E+006   3.0477E+006   2.4809E+006    0.814
       1500.00    5.3173E+006   3.1418E+007   2.4786E+007    0.789
       1550.00    5.5854E+006   2.9356E+008   2.2442E+008    0.764
       1600.00    5.8578E+006   2.5064E+009   1.8565E+009    0.741
       1650.00    6.1345E+006   1.9692E+010   1.4131E+010    0.718
       1700.00    6.4155E+006   1.4327E+011   9.9597E+010    0.695
       1800.00    6.9898E+006   6.1556E+012   4.0160E+012    0.652
       1900.00    7.5803E+006   2.0656E+014   1.2649E+014    0.612
       2000.00    8.1865E+006   5.5852E+015   3.2109E+015    0.575
       2500.00    1.1441E+007   6.7816E+021   2.8659E+021    0.423

     ================================================================
              Partition Functions Including All Structures
        -----------------------------------------------------------
        Zero of energy is set to potential energy of global minimum
        -----------------------------------------------------------
        T(K)    Elec.        Trans.              Con-rovib
                                            MS-LH    or     MS-T
        100.00  2.0000E+000  3.2877E+006  2.9207E-229  2.4679E-229
        125.00  2.0000E+000  5.7434E+006  8.2927E-182  7.4147E-182
        200.00  2.0000E+000  1.8598E+007  5.3158E-110  5.5411E-110
        298.15  2.0000E+000  5.0464E+007  8.9105E-070  1.0647E-069
        300.00  2.0000E+000  5.1250E+007  2.9078E-069  3.4811E-069
        500.00  2.0000E+000  1.8379E+008  3.9171E-035  5.2022E-035
        750.00  2.0000E+000  5.0646E+008  2.6980E-016  3.4720E-016
       1000.00  2.0000E+000  1.0397E+009  1.4551E-005  1.6906E-005
       1100.00  2.0000E+000  1.3194E+009  2.4459E-002  2.7036E-002
       1150.00  2.0000E+000  1.4745E+009  7.0418E-001  7.5833E-001
       1200.00  2.0000E+000  1.6400E+009  1.6610E+001  1.7415E+001
       1250.00  2.0000E+000  1.8162E+009  3.2808E+002  3.3476E+002
       1300.00  2.0000E+000  2.0033E+009  5.5284E+003  5.4873E+003
       1350.00  2.0000E+000  2.2015E+009  8.0753E+004  7.7940E+004
       1400.00  2.0000E+000  2.4111E+009  1.0366E+006  9.7259E+005
       1450.00  2.0000E+000  2.6322E+009  1.1833E+007  1.0791E+007
       1500.00  2.0000E+000  2.8650E+009  1.2137E+008  1.0755E+008
       1550.00  2.0000E+000  3.1097E+009  1.1288E+009  9.7190E+008
       1600.00  2.0000E+000  3.3666E+009  9.5953E+009  8.0265E+009
       1650.00  2.0000E+000  3.6358E+009  7.5080E+010  6.1013E+010
       1700.00  2.0000E+000  3.9175E+009  5.4416E+011  4.2957E+011
       1800.00  2.0000E+000  4.5193E+009  2.3217E+013  1.7296E+013
       1900.00  2.0000E+000  5.1734E+009  7.7429E+014  5.4439E+014
       2000.00  2.0000E+000  5.8812E+009  2.0820E+016  1.3818E+016
       2500.00  2.0000E+000  1.0274E+010  2.4757E+022  1.2404E+022

             Total Partition Function (E + T + Con-rovib)
             ---------------------------------------------
                T(K)     E + T + MS-LH     E + T + MS-T
                100.00     1.9205E-222       1.6227E-222
                125.00     9.5256E-175       8.5170E-175
                200.00     1.9773E-102       2.0611E-102
                298.15     8.9931E-062       1.0746E-061
                300.00     2.9805E-061       3.5681E-061
                500.00     1.4398E-026       1.9122E-026
                750.00     2.7328E-007       3.5169E-007
               1000.00     3.0255E+004       3.5154E+004
               1100.00     6.4541E+007       7.1341E+007
               1150.00     2.0766E+009       2.2363E+009
               1200.00     5.4480E+010       5.7123E+010
               1250.00     1.1917E+012       1.2160E+012
               1300.00     2.2150E+013       2.1985E+013
               1350.00     3.5556E+014       3.4318E+014
               1400.00     4.9985E+015       4.6900E+015
               1450.00     6.2291E+016       5.6805E+016
               1500.00     6.9543E+017       6.1627E+017
               1550.00     7.0203E+018       6.0447E+018
               1600.00     6.4607E+019       5.4044E+019
               1650.00     5.4595E+020       4.4366E+020
               1700.00     4.2635E+021       3.3657E+021
               1800.00     2.0985E+023       1.5633E+023
               1900.00     8.0114E+024       5.6326E+024
               2000.00     2.4489E+026       1.6254E+026
               2500.00     5.0871E+032       2.5488E+032

     ================================================================
              Partition Functions Including All Structures
        -----------------------------------------------------------
                    Zero of energy is set to ZPE
        -----------------------------------------------------------
        T(K)             Con-rovib                Total
                   MS-LH        MS-T       E+T+MS-LH    E+T+MS-T
        100.00  1.3428E+006  1.1346E+006  8.8295E+012  7.4607E+012
        125.00  4.4537E+006  3.9821E+006  5.1158E+013  4.5742E+013
        200.00  1.1398E+008  1.1881E+008  4.2397E+015  4.4193E+015
        298.15  4.5300E+009  5.4128E+009  4.5720E+017  5.4630E+017
        300.00  4.8352E+009  5.7884E+009  4.9561E+017  5.9332E+017
        500.00  3.3533E+012  4.4534E+012  1.2326E+021  1.6370E+021
        750.00  5.2405E+015  6.7440E+015  5.3082E+024  6.8311E+024
       1000.00  4.2573E+018  4.9465E+018  8.8523E+027  1.0285E+028
       1100.00  5.2649E+019  5.8196E+019  1.3893E+029  1.5357E+029
       1150.00  1.7911E+020  1.9288E+020  5.2819E+029  5.6880E+029
       1200.00  5.9645E+020  6.2538E+020  1.9564E+030  2.0513E+030
       1250.00  1.9453E+021  1.9849E+021  7.0660E+030  7.2099E+030
       1300.00  6.2168E+021  6.1705E+021  2.4908E+031  2.4723E+031
       1350.00  1.9479E+022  1.8801E+022  8.5768E+031  8.2781E+031
       1400.00  5.9870E+022  5.6175E+022  2.8870E+032  2.7088E+032
       1450.00  1.8059E+023  1.6469E+023  9.5071E+032  8.6698E+032
       1500.00  5.3490E+023  4.7402E+023  3.0650E+033  2.7161E+033
       1550.00  1.5564E+024  1.3401E+024  9.6800E+033  8.3347E+033
       1600.00  4.4511E+024  3.7234E+024  2.9970E+034  2.5070E+034
       1650.00  1.2517E+025  1.0172E+025  9.1018E+034  7.3964E+034
       1700.00  3.4626E+025  2.7335E+025  2.7130E+035  2.1417E+035
       1800.00  2.5271E+026  1.8826E+026  2.2841E+036  1.7016E+036
       1900.00  1.7361E+027  1.2206E+027  1.7963E+037  1.2629E+037
       2000.00  1.1262E+028  7.4745E+027  1.3246E+038  8.7918E+037
       2500.00  6.0284E+031  3.0204E+031  1.2387E+042  6.2063E+041
     ================================================================

                     ==============================
                          Thermodynamic Functions
                      (Ideal gas at standard state)
                     ==============================
     T  - Temperature (Kelvin)        G  - Gibbs Free Energy (kcal/mol)
     E  - Thermal Energy (kcal/mol)   H  - Enthalpy (kcal/mol)
     S  - Entropy (cal/(mol-K))
     Cp - Heat Capacity at Constant Pressure (cal/(mol-K))
        -----------------------------------------------------------
        Zero of energy is set to potential energy of global minimum
        -----------------------------------------------------------

               Contribution from electronic P.F. 
     ================================================================
                  T          G          E          S
                100.00      -0.138      0.000      1.377
                125.00      -0.172      0.000      1.377
                200.00      -0.275      0.000      1.377
                298.15      -0.411      0.000      1.377
                300.00      -0.413      0.000      1.377
                500.00      -0.689      0.000      1.377
                750.00      -1.033      0.000      1.377
               1000.00      -1.377      0.000      1.377
               1100.00      -1.515      0.000      1.377
               1150.00      -1.584      0.000      1.377
               1200.00      -1.653      0.000      1.377
               1250.00      -1.722      0.000      1.377
               1300.00      -1.791      0.000      1.377
               1350.00      -1.860      0.000      1.377
               1400.00      -1.928      0.000      1.377
               1450.00      -1.997      0.000      1.377
               1500.00      -2.066      0.000      1.377
               1550.00      -2.135      0.000      1.377
               1600.00      -2.204      0.000      1.377
               1650.00      -2.273      0.000      1.377
               1700.00      -2.342      0.000      1.377
               1800.00      -2.479      0.000      1.377
               1900.00      -2.617      0.000      1.377
               2000.00      -2.755      0.000      1.377
               2500.00      -3.444      0.000      1.377

               Contribution from translational P.F. 
     ================================================================
                  T          G          E          S
                100.00      -2.982      0.298     34.788
                125.00      -3.866      0.373     35.896
                200.00      -6.653      0.596     38.231
                298.15     -10.509      0.889     40.215
                300.00     -10.583      0.894     40.246
                500.00     -18.908      1.490     42.783
                750.00     -29.872      2.236     44.798
               1000.00     -41.259      2.981     46.227
               1100.00     -45.906      3.279     46.700
               1150.00     -48.246      3.428     46.921
               1200.00     -50.598      3.577     47.133
               1250.00     -52.959      3.726     47.336
               1300.00     -55.331      3.875     47.530
               1350.00     -57.712      4.024     47.718
               1400.00     -60.103      4.173     47.899
               1450.00     -62.502      4.322     48.073
               1500.00     -64.910      4.471     48.241
               1550.00     -67.326      4.620     48.404
               1600.00     -69.750      4.769     48.562
               1650.00     -72.182      4.918     48.715
               1700.00     -74.622      5.067     48.863
               1800.00     -79.522      5.365     49.147
               1900.00     -84.451      5.664     49.416
               2000.00     -89.405      5.962     49.671
               2500.00    -114.528      7.452     50.779

        Contribution from conformational-rovibrational P.F. (MS-LH)
     ================================================================
                  T          G          E          S
                100.00     104.571    108.358     37.869
                125.00     103.572    108.822     41.994
                200.00     100.002    110.578     52.879
                298.15      94.202    113.606     65.083
                300.00      94.081    113.672     65.302
                500.00      78.719    122.735     88.032
                750.00      53.430    138.723    113.725
               1000.00      22.133    158.254    136.121
               1100.00       8.112    166.778    144.242
               1150.00       0.801    171.164    148.141
               1200.00      -6.701    175.623    151.937
               1250.00     -14.391    180.152    155.634
               1300.00     -22.263    184.745    159.237
               1350.00     -30.313    189.398    162.748
               1400.00     -38.536    194.106    166.173
               1450.00     -46.929    198.866    169.513
               1500.00     -55.486    203.674    172.773
               1550.00     -64.205    208.526    175.956
               1600.00     -73.080    213.421    179.064
               1650.00     -82.110    218.355    182.100
               1700.00     -91.289    223.326    185.068
               1800.00    -110.085    233.368    190.807
               1900.00    -129.443    243.531    196.302
               2000.00    -149.338    253.801    201.569
               2500.00    -256.169    306.372    225.016

        Contribution from conformational-rovibrational P.F. (MS-T)
     ================================================================
                  T          G          E          S
                100.00     104.605    108.403     37.980
                125.00     103.600    108.892     42.331
                200.00      99.986    110.719     53.666
                298.15      94.096    113.789     66.051
                300.00      93.974    113.855     66.270
                500.00      78.437    122.801     88.729
                750.00      53.054    138.375    113.762
               1000.00      21.835    157.300    135.464
               1100.00       7.893    165.539    143.315
               1150.00       0.632    169.775    147.080
               1200.00      -6.814    174.079    150.744
               1250.00     -14.441    178.448    154.311
               1300.00     -22.243    182.877    157.785
               1350.00     -30.218    187.360    161.169
               1400.00     -38.359    191.895    164.467
               1450.00     -46.663    196.478    167.683
               1500.00     -55.126    201.104    170.820
               1550.00     -63.744    205.772    173.881
               1600.00     -72.513    210.478    176.870
               1650.00     -81.429    215.220    179.788
               1700.00     -90.490    219.996    182.639
               1800.00    -109.032    229.638    188.150
               1900.00    -128.112    239.389    193.422
               2000.00    -147.709    249.235    198.472
               2500.00    -252.736    299.561    220.919

     Total (Translational + Electronic + conformational-rovib.(MS-LH))
     ======================================================================
              T          G          E          H          S          Cp
            100.00     101.452    108.656    108.855     74.034     21.994
            125.00      99.534    109.194    109.443     79.267     24.925
            200.00      93.074    111.174    111.572     92.488     31.561
            298.15      83.282    114.495    115.088    106.675     40.342
            300.00      83.085    114.566    115.162    106.925     40.522
            500.00      59.122    124.225    125.219    132.193     59.598
            750.00      22.524    140.959    142.449    159.900     76.992
           1000.00     -20.503    161.235    163.222    183.725     88.433
           1100.00     -39.309    170.057    172.243    192.320     91.894
           1150.00     -49.029    174.591    176.877    196.440     93.438
           1200.00     -58.951    179.200    181.585    200.447     94.871
           1250.00     -69.072    183.878    186.362    204.347     96.202
           1300.00     -79.384    188.620    191.204    208.145     97.438
           1350.00     -89.885    193.422    196.105    211.844     98.589
           1400.00    -100.567    198.279    201.061    215.449     99.659
           1450.00    -111.428    203.188    206.069    218.964    100.657
           1500.00    -122.462    208.145    211.126    222.392    101.587
           1550.00    -133.666    213.147    216.227    225.737    102.455
           1600.00    -145.035    218.191    221.370    229.003    103.266
           1650.00    -156.565    223.274    226.553    232.192    104.024
           1700.00    -168.253    228.393    231.772    235.308    104.733
           1800.00    -192.087    238.734    242.311    241.332    106.020
           1900.00    -216.510    249.195    252.971    247.095    107.152
           2000.00    -241.498    259.762    263.737    252.617    108.153
           2500.00    -374.140    313.824    318.792    277.173    111.735

     Total (Translational + Electronic + conformational-rovib.(MS-T))
     ======================================================================
              T          G          E          H          S          Cp
            100.00     101.485    108.701    108.900     74.145     22.956
            125.00      99.562    109.264    109.513     79.604     25.967
            200.00      93.058    111.315    111.713     93.275     32.329
            298.15      83.177    114.678    115.271    107.643     40.420
            300.00      82.978    114.749    115.346    107.893     40.586
            500.00      58.841    124.292    125.285    132.890     58.447
            750.00      22.148    140.610    142.101    159.937     74.902
           1000.00     -20.801    160.280    162.268    183.069     85.701
           1100.00     -39.528    168.818    171.004    191.393     88.945
           1150.00     -49.198    173.203    175.488    195.379     90.386
           1200.00     -59.064    177.656    180.041    199.255     91.721
           1250.00     -69.122    182.174    184.658    203.024     92.957
           1300.00     -79.365    186.752    189.335    206.693     94.103
           1350.00     -89.790    191.385    194.067    210.264     95.166
           1400.00    -100.390    196.068    198.851    213.743     96.153
           1450.00    -111.162    200.800    203.681    217.134     97.070
           1500.00    -122.102    205.576    208.556    220.439     97.923
           1550.00    -133.205    210.393    213.473    223.663     98.717
           1600.00    -144.467    215.248    218.427    226.809     99.457
           1650.00    -155.885    220.139    223.418    229.880    100.147
           1700.00    -167.454    225.063    228.441    232.879    100.792
           1800.00    -191.034    235.003    238.580    238.674    101.957
           1900.00    -215.181    245.052    248.828    244.215    102.978
           2000.00    -239.869    255.197    259.172    249.520    103.876
           2500.00    -370.708    307.013    311.981    273.075    107.056

                        --------------------------------
                         Zero of energy is set to ZPE
                        --------------------------------

     Total (Translational + Electronic + conformational-rovib.(MS-LH))
     ======================================================================
              T          G          E          H          S          Cp
            100.00      -5.924      1.281      1.480     74.034     21.994
            125.00      -7.841      1.819      2.067     79.267     24.925
            200.00     -14.301      3.799      4.196     92.488     31.561
            298.15     -24.093      7.120      7.712    106.675     40.342
            300.00     -24.290      7.191      7.787    106.925     40.522
            500.00     -48.253     16.850     17.843    132.193     59.598
            750.00     -84.851     33.583     35.074    159.900     76.992
           1000.00    -127.878     53.860     55.847    183.725     88.433
           1100.00    -146.685     62.682     64.868    192.320     91.894
           1150.00    -156.404     67.216     69.501    196.440     93.438
           1200.00    -166.327     71.825     74.210    200.447     94.871
           1250.00    -176.447     76.503     78.987    204.347     96.202
           1300.00    -186.760     81.245     83.828    208.145     97.438
           1350.00    -197.260     86.046     88.729    211.844     98.589
           1400.00    -207.943     90.904     93.686    215.449     99.659
           1450.00    -218.803     95.812     98.694    218.964    100.657
           1500.00    -229.837    100.769    103.750    222.392    101.587
           1550.00    -241.041    105.771    108.852    225.737    102.455
           1600.00    -252.410    110.815    113.995    229.003    103.266
           1650.00    -263.940    115.898    119.177    232.192    104.024
           1700.00    -275.628    121.018    124.396    235.308    104.733
           1800.00    -299.462    131.358    134.935    241.332    106.020
           1900.00    -323.886    141.819    145.595    247.095    107.152
           2000.00    -348.873    152.387    156.362    252.617    108.153
           2500.00    -481.516    206.449    211.417    277.173    111.735

     Total (Translational + Electronic + conformational-rovib.(MS-T))
     ======================================================================
              T          G          E          H          S          Cp
            100.00      -5.890      1.326      1.524     74.145     22.956
            125.00      -7.813      1.889      2.137     79.604     25.967
            200.00     -14.318      3.940      4.337     93.275     32.329
            298.15     -24.198      7.303      7.895    107.643     40.420
            300.00     -24.398      7.374      7.970    107.893     40.586
            500.00     -48.535     16.916     17.910    132.890     58.447
            750.00     -85.227     33.235     34.725    159.937     74.902
           1000.00    -128.177     52.905     54.892    183.069     85.701
           1100.00    -146.904     61.443     63.629    191.393     88.945
           1150.00    -156.573     65.827     68.113    195.379     90.386
           1200.00    -166.440     70.281     72.666    199.255     91.721
           1250.00    -176.497     74.799     77.283    203.024     92.957
           1300.00    -186.741     79.377     81.960    206.693     94.103
           1350.00    -197.165     84.009     86.692    210.264     95.166
           1400.00    -207.765     88.693     91.475    213.743     96.153
           1450.00    -218.538     93.425     96.306    217.134     97.070
           1500.00    -229.477     98.200    101.181    220.439     97.923
           1550.00    -240.580    103.017    106.097    223.663     98.717
           1600.00    -251.843    107.872    111.052    226.809     99.457
           1650.00    -263.260    112.763    116.042    229.880    100.147
           1700.00    -274.829    117.688    121.066    232.879    100.792
           1800.00    -298.409    127.628    131.205    238.674    101.957
           1900.00    -322.556    137.677    141.453    244.215    102.978
           2000.00    -347.245    147.822    151.796    249.520    103.876
           2500.00    -478.083    199.637    204.605    273.075    107.056

 ==============================End of MSTor output==============================
