
 *******************************************************************************

   MSTor program version 2013 (2013)

   Jingjing Zheng, Steven L. Mielke, and Donald G. Truhlar

   Department of Chemistry and Supercomputing Institute
   University of Minnesota, Minneapolis, Minnesota, USA

   Copyright 2013
   Donald G. Truhlar and Regents of the University of Minnesota

   Citations: 
   MS-T(U) method
     J. Zheng, T. Yu, E. Papajak, I. M. Alecu, S. L. Mielke, and D. G. Truhlar,
     Phys. Chem. Chem. Phys. 13, 10885-10907 (2011).
   MS-T(C) method
     J. Zheng and D. G. Truhlar, J. Chem. Theory Comput., DOI: 10.1021/ct3010722.
   MSTor program
     J. Zheng, S. L. Mielke, K. L Clarkson, and D. G. Truhlar,
     Comp. Phys. Comm. 183, 1803-1812 (2012).
     J. Zheng, R. Meana-Paneda, and D. G. Truhlar, Comp. Phys. Comm.
     to be published as new version announcement.

 *******************************************************************************

                    Naming conventions for the MS methods
   -----------------------------------------------------------------------------
   Common name        Original or other names
   -----------------------------------------------------------------------------
   MS-LH         =    MS-HO (ref. 1)   =   MS-AS-HO (ref. 2)
   MS-T          =    MS-AS (ref. 1)   =   MS-AS-T  (ref. 2)
   -----------------------------------------------------------------------------
   Ref. 1: J. Zheng, T. Yu, E. Papajak, I. M. Alecu, S. L. Mielke, and
           D. G. Truhlar, Phys. Chem. Chem. Phys. 13, 10885 (2011).
   Ref. 2: T. Yu, J. Zheng, and D. G. Truhlar, Chem. Sci. 2, 2199 (2011)

   Calculation run on 01/25/2022 at 14:06:05  

   Number of structures:             2
   Number of torsions:               6
   Method:                           MS-T(C)
   Frequency scaling factor:         0.964
   Delta T for finite difference:    0.5 K
   Internal coordinates
     Bonds:         01-02  01-18  01-19  01-20  02-03  02-16  03-04  03-15  04-05
     Bonds:         04-12  04-13  05-06  05-08  06-07  07-09  07-10  07-11  16-21
     Bonds:         02-17  03-14
     Angles:        01-02-17  02-01-18  02-01-19  02-03-04  02-03-14  03-02-17
     Angles:        03-04-05  03-04-13  04-03-15  04-05-08  05-06-07  06-05-08
     Angles:        06-07-11  09-07-10  12-04-13  16-02-17  06-07-10  18-01-19
     Linear Angles: 02=16=21
     Dihedrals:     01-03-17-02  02-04-14-03  02-04-15-03  02-18-20-01
     Dihedrals:     03-05-12-04  03-05-13-04  03-16-17-02  04-06-08-05
     Dihedrals:     06-09-10-07  09-10-11-07  18-19-20-01  04-03-02-01
     Dihedrals:     05-04-03-02  06-05-04-03  07-06-05-04  03-02-01-18
     Dihedrals:     05-06-07-09

   All moment output uses units of amu for masses and Angstroms for distances 

                           ==========================
                                Structure   1
                           ==========================

   Normal-mode Frequencies (cm-1) 
   (Overall translation and rotation projected out)
    1280.4607i      0.0001i      0.0000i      0.0000i      0.0000i      0.0000 
       0.0000      37.3104      65.9935      96.0407     139.1968     170.8018 
     192.4646     207.8209     241.9121     294.1293     321.0693     334.9726 
     362.6770     517.1326     581.6228     653.0976     791.8053     840.6208 
     850.7328     919.8871     946.3530    1014.5597    1048.4758    1077.5873 
    1097.4078    1128.1324    1163.9428    1169.6565    1192.8422    1211.3111 
    1223.9205    1248.9353    1265.3146    1302.8199    1380.6271    1394.8176 
    1402.8321    1433.7742    1441.0625    1460.5695    1461.9861    1464.0868 
    1466.4549    1477.5595    1565.9962    1822.6606    2986.5685    2991.0294 
    3021.5886    3028.8862    3039.9539    3056.6427    3070.3389    3079.3215 
    3092.3664    3113.4348    3147.1211 
   Torsion-projected frequencies/non-torsional frequencies (cm-1)
    1280.4575i    200.9692     241.1981     293.6205     320.8594     332.4925 
     362.5905     517.0626     579.1477     652.9054     791.1936     840.5070 
     850.6960     919.8324     946.3269    1014.5513    1048.4704    1077.5772 
    1097.4024    1128.1284    1163.6391    1169.6215    1192.8411    1211.2760 
    1223.9007    1248.9196    1265.3023    1302.8014    1380.6264    1394.8157 
    1402.8297    1433.7638    1441.0559    1460.5692    1461.9837    1464.0085 
    1466.4182    1477.5595    1565.9931    1822.6598    2986.5682    2991.0291 
    3021.5885    3028.8862    3039.9532    3056.6423    3070.3371    3079.3159 
    3092.3593    3113.4261    3147.1211 
   Product of consistently coupled torsional frequencies (in cm-1^ntor)  1.1407E+12
   Primitively coupled torsional frequencies (cm-1) (Not used)
      40.3478      74.2649     102.4573     141.7896     182.6654     202.4725 
   Product of primitively coupled torsional frequencies (in cm-1^ntor)   1.6100E+12
   Effective coupled torsional barrier (kcal/mol)
        1.098        1.690        2.045        3.983        8.872        9.380 

   D matrix: 
   m-n        1             2             3             4             5
    1   2.555517E+01  1.118286E+00 -4.339965E+00  4.658657E-01  1.506221E+00
    2   1.118286E+00  2.730705E+01  7.531032E+00  5.625629E+00  2.038899E+00
    3  -4.339965E+00  7.531032E+00  4.329523E+01 -1.260235E+01  4.620771E-01
    4   4.658657E-01  5.625629E+00 -1.260235E+01  1.742194E+01  3.996758E-01
    5   1.506221E+00  2.038899E+00  4.620771E-01  3.996758E-01  3.032624E+00
    6  -2.613967E-01  9.539580E-01  2.316279E+00  1.407880E+00  6.401476E-02
   m-n        6
    1  -2.613967E-01
    2   9.539580E-01
    3   2.316279E+00
    4   1.407880E+00
    5   6.401476E-02
    6   3.114539E+00

   Eigenvalues of D matrix:
     5.0268E+01    3.0424E+01    2.4778E+01    8.9702E+00    2.7748E+00    2.5121E+00
   Determinant of D matrix  1.802965E+029

          Uncoupled force constants (au), Pitzer moment of inertia (amu A^2),
   uncoupled torsional frequencies (cm-1), and uncoupled torsional barrier (kcal/mol)
   --------------------------------------------------------------------------------
   Torsion               1             2             3             4             5
   Force constant   1.94405E-02  4.20447E-02  1.15341E-02  4.39872E-02  1.49247E-02
   Moment          25.555       27.307       43.295       17.422        3.033
   Tor. Freq.        75.027      106.739       44.399      136.685      190.831
   Rot. barrier       3.964        8.573        2.352        8.969        2.081
   M_j,tau            2.481        2.481        2.481        2.481        3.000

   Torsion               6
   Force constant   8.08999E-03
   Moment           3.115
   Tor. Freq.       138.638
   Rot. barrier       1.128
   M_j,tau            3.000
   --------------------------------------------------------------------------------
   Potential Energy =   0.000 kcal/mol
   Weight =  1
   Overall rotational symmetry number =   1

                           ==========================
                                Structure   2
                           ==========================

   Normal-mode Frequencies (cm-1) 
   (Overall translation and rotation projected out)
    1307.5823i      0.0000i      0.0000i      0.0000i      0.0000i      0.0000 
       0.0000      30.0268      62.2639     102.8009     108.9270     137.7233 
     174.3904     195.2623     245.7698     282.1051     327.7277     340.6731 
     348.7274     482.5965     577.5547     699.6858     751.7719     823.0453 
     894.0120     925.5297     936.3297    1028.1195    1052.2052    1086.8107 
    1103.1245    1124.8754    1164.1223    1169.0166    1191.2944    1215.4863 
    1222.3874    1231.0366    1283.3332    1288.8548    1364.1284    1394.3723 
    1413.3417    1436.3813    1451.8173    1461.3312    1462.6881    1463.7953 
    1466.9975    1477.9161    1552.3428    1826.1831    2987.3233    2991.3169 
    3017.9651    3028.4506    3038.8836    3052.3665    3061.1187    3066.4205 
    3091.1955    3112.8742    3146.3539 
   Torsion-projected frequencies/non-torsional frequencies (cm-1)
    1307.5726i    103.1643     245.6616     281.5646     326.7473     339.9205 
     348.0327     482.5029     574.7596     699.6817     751.0973     822.7473 
     893.9625     925.4749     936.1865    1028.1152    1052.1973    1086.7929 
    1103.1232    1124.8667    1163.8236    1168.9817    1191.2934    1215.4654 
    1222.3774    1231.0163    1283.3264    1288.8482    1364.1269    1394.3715 
    1413.3415    1436.3790    1451.8116    1461.3285    1462.6812    1463.7153 
    1466.9486    1477.9161    1552.3365    1826.1830    2987.3231    2991.3168 
    3017.9647    3028.4506    3038.8810    3052.3655    3061.1182    3066.4195 
    3091.1893    3112.8656    3146.3539 
   Product of consistently coupled torsional frequencies (in cm-1^ntor)  9.6765E+11
   Primitively coupled torsional frequencies (cm-1) (Not used)
      34.4219      67.4597     113.1180     140.1041     182.9926     203.1881 
   Product of primitively coupled torsional frequencies (in cm-1^ntor)   1.3683E+12
   Effective coupled torsional barrier (kcal/mol)
        0.842        1.101        1.994        2.630        3.710        7.479 

   D matrix: 
   m-n        1             2             3             4             5
    1   2.214570E+01 -2.240554E+00  1.702850E+01 -5.016418E+00  9.558595E-01
    2  -2.240554E+00  2.424119E+01 -2.840474E+00  8.873977E+00  2.058165E+00
    3   1.702850E+01 -2.840474E+00  3.089618E+01 -1.200252E+01  1.169726E+00
    4  -5.016418E+00  8.873977E+00 -1.200252E+01  1.825347E+01  2.114318E-01
    5   9.558595E-01  2.058165E+00  1.169726E+00  2.114318E-01  3.017406E+00
    6   8.855649E-01  4.067926E-01  1.455517E+00  1.506740E+00  1.016685E-01
   m-n        6
    1   8.855649E-01
    2   4.067926E-01
    3   1.455517E+00
    4   1.506740E+00
    5   1.016685E-01
    6   3.058843E+00

   Eigenvalues of D matrix:
     5.1024E+01    2.6410E+01    1.2283E+01    6.6908E+00    2.4701E+00    2.7346E+00
   Determinant of D matrix  5.692168E+028

          Uncoupled force constants (au), Pitzer moment of inertia (amu A^2),
   uncoupled torsional frequencies (cm-1), and uncoupled torsional barrier (kcal/mol)
   --------------------------------------------------------------------------------
   Torsion               1             2             3             4             5
   Force constant   2.07034E-02  1.61273E-02  5.75922E-03  4.36435E-02  1.47880E-02
   Moment          22.146       24.241       30.896       18.253        3.017
   Tor. Freq.        83.173       70.163       37.139      133.012      190.433
   Rot. barrier       3.496        2.724        0.973        7.370        2.062
   M_j,tau            2.726        2.726        2.726        2.726        3.000

   Torsion               6
   Force constant   8.11405E-03
   Moment           3.059
   Tor. Freq.       140.102
   Rot. barrier       1.131
   M_j,tau            3.000
   --------------------------------------------------------------------------------
   Potential Energy =   0.293 kcal/mol
   Weight =  1
   Overall rotational symmetry number =   1

       List of zero-point inclusive energy (kcal/mol) for each structure
      ------------------------------------------------------------------
        Structure            Energy (T = 0 K)
      ------------------------------------------------------------------
          1                    107.38
          2                    107.47
      ZPE of the system =      107.38


     Note: The following SS-HO and SS-T include the Rot. P.F. and Boltzmann factor,
           but are calculated with weight = 1 for each structure. Weights are
           counted in MS partition functions. Zero of energy is set to the potential
           energy of global minimum.

            Partition function of structure    1
     ================================================================
          T(K)      Rot.          SS-HO           SS-T     SS-T/SS-HO
        100.00    8.7272E+004   1.5156E-229   1.2424E-229    0.820
        125.00    1.2197E+005   3.8747E-182   3.3245E-182    0.858
        200.00    2.4684E+005   1.9277E-110   1.8975E-110    0.984
        298.15    4.4929E+005   2.5797E-070   2.9262E-070    1.134
        300.00    4.5348E+005   8.3904E-070   9.5377E-070    1.137
        500.00    9.7573E+005   8.8189E-036   1.1508E-035    1.305
        750.00    1.7925E+006   5.2336E-017   6.9448E-017    1.327
       1000.00    2.7598E+006   2.6030E-006   3.2705E-006    1.256
       1100.00    3.1839E+006   4.2767E-003   5.2066E-003    1.217
       1150.00    3.4034E+006   1.2190E-001   1.4588E-001    1.197
       1200.00    3.6278E+006   2.8488E+000   3.3487E+000    1.175
       1250.00    3.8569E+006   5.5791E+001   6.4373E+001    1.154
       1300.00    4.0906E+006   9.3270E+002   1.0557E+003    1.132
       1350.00    4.3289E+006   1.3524E+004   1.5009E+004    1.110
       1400.00    4.5716E+006   1.7240E+005   1.8751E+005    1.088
       1450.00    4.8186E+006   1.9554E+006   2.0834E+006    1.065
       1500.00    5.0700E+006   1.9936E+007   2.0800E+007    1.043
       1550.00    5.3256E+006   1.8437E+008   1.8830E+008    1.021
       1600.00    5.5854E+006   1.5589E+009   1.5582E+009    1.000
       1650.00    5.8492E+006   1.2137E+010   1.1869E+010    0.978
       1700.00    6.1171E+006   8.7550E+010   8.3746E+010    0.957
       1800.00    6.6647E+006   3.7031E+012   3.3870E+012    0.915
       1900.00    7.2277E+006   1.2253E+014   1.0710E+014    0.874
       2000.00    7.8058E+006   3.2716E+015   2.7312E+015    0.835
       2500.00    1.0909E+007   3.7863E+021   2.5056E+021    0.662

            Partition function of structure    2
     ================================================================
          T(K)      Rot.          SS-HO           SS-T     SS-T/SS-HO
        100.00    8.8931E+004   1.3495E-229   1.1807E-229    0.875
        125.00    1.2428E+005   4.0580E-182   3.7835E-182    0.932
        200.00    2.5153E+005   2.6625E-110   2.9226E-110    1.098
        298.15    4.5783E+005   4.2388E-070   5.3410E-070    1.260
        300.00    4.6210E+005   1.3818E-069   1.7444E-069    1.262
        500.00    9.9428E+005   1.6922E-035   2.3618E-035    1.396
        750.00    1.8266E+006   1.0876E-016   1.4499E-016    1.333
       1000.00    2.8122E+006   5.6348E-006   6.6181E-006    1.174
       1100.00    3.2445E+006   9.3629E-003   1.0343E-002    1.105
       1150.00    3.4682E+006   2.6819E-001   2.8691E-001    1.070
       1200.00    3.6968E+006   6.2962E+000   6.5186E+000    1.035
       1250.00    3.9302E+006   1.2382E+002   1.2399E+002    1.001
       1300.00    4.1684E+006   2.0781E+003   2.0118E+003    0.968
       1350.00    4.4112E+006   3.0239E+004   2.8292E+004    0.936
       1400.00    4.6585E+006   3.8680E+005   3.4962E+005    0.904
       1450.00    4.9103E+006   4.4008E+006   3.8422E+006    0.873
       1500.00    5.1664E+006   4.5000E+007   3.7942E+007    0.843
       1550.00    5.4269E+006   4.1731E+008   3.3977E+008    0.814
       1600.00    5.6916E+006   3.5377E+009   2.7812E+009    0.786
       1650.00    5.9604E+006   2.7610E+010   2.0959E+010    0.759
       1700.00    6.2334E+006   1.9963E+011   1.4632E+011    0.733
       1800.00    6.7914E+006   8.4795E+012   5.7956E+012    0.683
       1900.00    7.3652E+006   2.8166E+014   1.7958E+014    0.638
       2000.00    7.9542E+006   7.5460E+015   4.4907E+015    0.595
       2500.00    1.1116E+007   8.8499E+021   3.7743E+021    0.426

     ================================================================
              Partition Functions Including All Structures
        -----------------------------------------------------------
        Zero of energy is set to potential energy of global minimum
        -----------------------------------------------------------
        T(K)    Elec.        Trans.              Con-rovib
                                            MS-LH    or     MS-T
        100.00  2.0000E+000  3.2877E+006  2.8651E-229  2.4231E-229
        125.00  2.0000E+000  5.7434E+006  7.9327E-182  7.1080E-182
        200.00  2.0000E+000  1.8598E+007  4.5901E-110  4.8201E-110
        298.15  2.0000E+000  5.0464E+007  6.8185E-070  8.2672E-070
        300.00  2.0000E+000  5.1250E+007  2.2209E-069  2.6982E-069
        500.00  2.0000E+000  1.8379E+008  2.5741E-035  3.5127E-035
        750.00  2.0000E+000  5.0646E+008  1.6110E-016  2.1444E-016
       1000.00  2.0000E+000  1.0397E+009  8.2379E-006  9.8886E-006
       1100.00  2.0000E+000  1.3194E+009  1.3640E-002  1.5549E-002
       1150.00  2.0000E+000  1.4745E+009  3.9009E-001  4.3279E-001
       1200.00  2.0000E+000  1.6400E+009  9.1450E+000  9.8674E+000
       1250.00  2.0000E+000  1.8162E+009  1.7961E+002  1.8837E+002
       1300.00  2.0000E+000  2.0033E+009  3.0108E+003  3.0675E+003
       1350.00  2.0000E+000  2.2015E+009  4.3763E+004  4.3300E+004
       1400.00  2.0000E+000  2.4111E+009  5.5920E+005  5.3713E+005
       1450.00  2.0000E+000  2.6322E+009  6.3562E+006  5.9256E+006
       1500.00  2.0000E+000  2.8650E+009  6.4936E+007  5.8742E+007
       1550.00  2.0000E+000  3.1097E+009  6.0168E+008  5.2807E+008
       1600.00  2.0000E+000  3.3666E+009  5.0966E+009  4.3394E+009
       1650.00  2.0000E+000  3.6358E+009  3.9747E+010  3.2827E+010
       1700.00  2.0000E+000  3.9175E+009  2.8718E+011  2.3006E+011
       1800.00  2.0000E+000  4.5193E+009  1.2183E+013  9.1826E+012
       1900.00  2.0000E+000  5.1734E+009  4.0419E+014  2.8668E+014
       2000.00  2.0000E+000  5.8812E+009  1.0818E+016  7.2219E+015
       2500.00  2.0000E+000  1.0274E+010  1.2636E+022  6.2799E+021

             Total Partition Function (E + T + Con-rovib)
             ---------------------------------------------
                T(K)     E + T + MS-LH     E + T + MS-T
                100.00     1.8839E-222       1.5933E-222
                125.00     9.1121E-175       8.1648E-175
                200.00     1.7074E-102       1.7929E-102
                298.15     6.8818E-062       8.3438E-062
                300.00     2.2764E-061       2.7656E-061
                500.00     9.4618E-027       1.2912E-026
                750.00     1.6318E-007       2.1721E-007
               1000.00     1.7129E+004       2.0562E+004
               1100.00     3.5992E+007       4.1031E+007
               1150.00     1.1504E+009       1.2763E+009
               1200.00     2.9996E+010       3.2365E+010
               1250.00     6.5242E+011       6.8423E+011
               1300.00     1.2063E+013       1.2290E+013
               1350.00     1.9269E+014       1.9065E+014
               1400.00     2.6965E+015       2.5901E+015
               1450.00     3.3461E+016       3.1194E+016
               1500.00     3.7208E+017       3.3659E+017
               1550.00     3.7421E+018       3.2843E+018
               1600.00     3.4317E+019       2.9218E+019
               1650.00     2.8903E+020       2.3871E+020
               1700.00     2.2501E+021       1.8026E+021
               1800.00     1.1011E+023       8.2998E+022
               1900.00     4.1821E+024       2.9662E+024
               2000.00     1.2724E+026       8.4947E+025
               2500.00     2.5965E+032       1.2904E+032

     ================================================================
              Partition Functions Including All Structures
        -----------------------------------------------------------
                    Zero of energy is set to ZPE
        -----------------------------------------------------------
        T(K)             Con-rovib                Total
                   MS-LH        MS-T       E+T+MS-LH    E+T+MS-T
        100.00  1.3172E+006  1.1140E+006  8.6613E+012  7.3252E+012
        125.00  4.2603E+006  3.8174E+006  4.8937E+013  4.3850E+013
        200.00  9.8422E+007  1.0335E+008  3.6609E+015  3.8443E+015
        298.15  3.4665E+009  4.2030E+009  3.4986E+017  4.2419E+017
        300.00  3.6929E+009  4.4866E+009  3.7852E+017  4.5988E+017
        500.00  2.2036E+012  3.0071E+012  8.0999E+020  1.1053E+021
        750.00  3.1292E+015  4.1653E+015  3.1696E+024  4.2191E+024
       1000.00  2.4103E+018  2.8933E+018  5.0118E+027  6.0160E+027
       1100.00  2.9360E+019  3.3470E+019  7.7475E+028  8.8321E+028
       1150.00  9.9222E+019  1.1008E+020  2.9260E+029  3.2463E+029
       1200.00  3.2839E+020  3.5433E+020  1.0771E+030  1.1622E+030
       1250.00  1.0650E+021  1.1169E+021  3.8684E+030  4.0570E+030
       1300.00  3.3856E+021  3.4495E+021  1.3565E+031  1.3821E+031
       1350.00  1.0556E+022  1.0445E+022  4.6481E+031  4.5989E+031
       1400.00  3.2298E+022  3.1023E+022  1.5575E+032  1.4960E+032
       1450.00  9.7011E+022  9.0439E+022  5.1069E+032  4.7610E+032
       1500.00  2.8619E+023  2.5889E+023  1.6399E+033  1.4834E+033
       1550.00  8.2962E+023  7.2813E+023  5.1598E+033  4.5286E+033
       1600.00  2.3642E+024  2.0130E+024  1.5919E+034  1.3554E+034
       1650.00  6.6264E+024  5.4728E+024  4.8185E+034  3.9796E+034
       1700.00  1.8274E+025  1.4639E+025  1.4318E+035  1.1470E+035
       1800.00  1.3260E+026  9.9948E+025  1.1985E+036  9.0339E+035
       1900.00  9.0625E+026  6.4278E+026  9.3768E+036  6.6507E+036
       2000.00  5.8514E+027  3.9064E+027  6.8826E+037  4.5949E+037
       2500.00  3.0769E+031  1.5292E+031  6.3225E+041  3.1422E+041
     ================================================================

                     ==============================
                          Thermodynamic Functions
                      (Ideal gas at standard state)
                     ==============================
     T  - Temperature (Kelvin)        G  - Gibbs Free Energy (kcal/mol)
     E  - Thermal Energy (kcal/mol)   H  - Enthalpy (kcal/mol)
     S  - Entropy (cal/(mol-K))
     Cp - Heat Capacity at Constant Pressure (cal/(mol-K))
        -----------------------------------------------------------
        Zero of energy is set to potential energy of global minimum
        -----------------------------------------------------------

               Contribution from electronic P.F. 
     ================================================================
                  T          G          E          S
                100.00      -0.138      0.000      1.377
                125.00      -0.172      0.000      1.377
                200.00      -0.275      0.000      1.377
                298.15      -0.411      0.000      1.377
                300.00      -0.413      0.000      1.377
                500.00      -0.689      0.000      1.377
                750.00      -1.033      0.000      1.377
               1000.00      -1.377      0.000      1.377
               1100.00      -1.515      0.000      1.377
               1150.00      -1.584      0.000      1.377
               1200.00      -1.653      0.000      1.377
               1250.00      -1.722      0.000      1.377
               1300.00      -1.791      0.000      1.377
               1350.00      -1.860      0.000      1.377
               1400.00      -1.928      0.000      1.377
               1450.00      -1.997      0.000      1.377
               1500.00      -2.066      0.000      1.377
               1550.00      -2.135      0.000      1.377
               1600.00      -2.204      0.000      1.377
               1650.00      -2.273      0.000      1.377
               1700.00      -2.342      0.000      1.377
               1800.00      -2.479      0.000      1.377
               1900.00      -2.617      0.000      1.377
               2000.00      -2.755      0.000      1.377
               2500.00      -3.444      0.000      1.377

               Contribution from translational P.F. 
     ================================================================
                  T          G          E          S
                100.00      -2.982      0.298     34.788
                125.00      -3.866      0.373     35.896
                200.00      -6.653      0.596     38.231
                298.15     -10.509      0.889     40.215
                300.00     -10.583      0.894     40.246
                500.00     -18.908      1.490     42.783
                750.00     -29.872      2.236     44.798
               1000.00     -41.259      2.981     46.227
               1100.00     -45.906      3.279     46.700
               1150.00     -48.246      3.428     46.921
               1200.00     -50.598      3.577     47.133
               1250.00     -52.959      3.726     47.336
               1300.00     -55.331      3.875     47.530
               1350.00     -57.712      4.024     47.718
               1400.00     -60.103      4.173     47.899
               1450.00     -62.502      4.322     48.073
               1500.00     -64.910      4.471     48.241
               1550.00     -67.326      4.620     48.404
               1600.00     -69.750      4.769     48.562
               1650.00     -72.182      4.918     48.715
               1700.00     -74.622      5.067     48.863
               1800.00     -79.522      5.365     49.147
               1900.00     -84.451      5.664     49.416
               2000.00     -89.405      5.962     49.671
               2500.00    -114.528      7.452     50.779

        Contribution from conformational-rovibrational P.F. (MS-LH)
     ================================================================
                  T          G          E          S
                100.00     104.575    108.342     37.669
                125.00     103.584    108.785     41.614
                200.00     100.060    110.467     52.034
                298.15      94.360    113.421     63.930
                300.00      94.242    113.486     64.145
                500.00      79.136    122.471     86.670
                750.00      54.198    138.416    112.291
               1000.00      23.264    157.926    134.663
               1100.00       9.388    166.445    142.779
               1150.00       2.151    170.828    146.676
               1200.00      -5.278    175.286    150.470
               1250.00     -12.894    179.813    154.166
               1300.00     -20.693    184.404    157.767
               1350.00     -28.669    189.056    161.278
               1400.00     -36.819    193.762    164.701
               1450.00     -45.138    198.521    168.041
               1500.00     -53.622    203.328    171.300
               1550.00     -62.267    208.180    174.482
               1600.00     -71.069    213.074    177.589
               1650.00     -80.024    218.007    180.625
               1700.00     -89.130    222.977    183.592
               1800.00    -107.778    233.018    189.331
               1900.00    -126.988    243.180    194.825
               2000.00    -146.736    253.448    200.092
               2500.00    -252.828    306.016    223.538

        Contribution from conformational-rovibrational P.F. (MS-T)
     ================================================================
                  T          G          E          S
                100.00     104.608    108.387     37.790
                125.00     103.611    108.857     41.970
                200.00     100.041    110.614     52.865
                298.15      94.246    113.617     64.970
                300.00      94.126    113.682     65.186
                500.00      78.827    122.561     87.467
                750.00      53.772    138.077    112.406
               1000.00      22.901    156.943    134.042
               1100.00       9.102    165.158    141.870
               1150.00       1.914    169.382    145.624
               1200.00      -5.459    173.675    149.278
               1250.00     -13.012    178.032    152.835
               1300.00     -20.741    182.448    156.299
               1350.00     -28.641    186.920    159.675
               1400.00     -36.707    191.443    162.965
               1450.00     -44.936    196.014    166.172
               1500.00     -53.323    200.629    169.302
               1550.00     -61.865    205.286    172.355
               1600.00     -70.557    209.981    175.336
               1650.00     -79.397    214.711    178.248
               1700.00     -88.381    219.476    181.092
               1800.00    -106.767    229.096    186.590
               1900.00    -125.691    238.825    191.851
               2000.00    -145.130    248.651    196.891
               2500.00    -249.354    298.876    219.292

     Total (Translational + Electronic + conformational-rovib.(MS-LH))
     ======================================================================
              T          G          E          H          S          Cp
            100.00     101.455    108.640    108.839     73.834     21.325
            125.00      99.545    109.158    109.406     78.888     24.001
            200.00      93.132    111.063    111.461     91.642     30.627
            298.15      83.441    114.310    114.902    105.522     39.748
            300.00      83.246    114.380    114.976    105.768     39.933
            500.00      59.540    123.961    124.955    130.830     59.345
            750.00      23.293    140.652    142.142    158.466     76.878
           1000.00     -19.372    160.907    162.894    182.267     88.373
           1100.00     -38.033    169.724    171.910    190.857     91.847
           1150.00     -47.679    174.256    176.542    194.974     93.396
           1200.00     -57.528    178.863    181.248    198.980     94.833
           1250.00     -67.575    183.539    186.023    202.879     96.168
           1300.00     -77.814    188.280    190.863    206.675     97.408
           1350.00     -88.241    193.080    195.762    210.373     98.561
           1400.00     -98.850    197.936    200.718    213.977     99.634
           1450.00    -109.637    202.843    205.725    217.491    100.634
           1500.00    -120.598    207.799    210.780    220.919    101.566
           1550.00    -131.728    212.800    215.880    224.263    102.436
           1600.00    -143.023    217.843    221.023    227.528    103.248
           1650.00    -154.479    222.925    226.204    230.717    104.008
           1700.00    -166.093    228.044    231.423    233.833    104.718
           1800.00    -189.780    238.383    241.960    239.856    106.007
           1900.00    -214.056    248.843    252.619    245.618    107.142
           2000.00    -238.896    259.410    263.384    251.140    108.144
           2500.00    -370.799    313.468    318.436    275.694    111.731

     Total (Translational + Electronic + conformational-rovib.(MS-T))
     ======================================================================
              T          G          E          H          S          Cp
            100.00     101.489    108.685    108.884     73.955     22.321
            125.00      99.573    109.230    109.478     79.244     25.091
            200.00      93.113    111.210    111.608     92.473     31.455
            298.15      83.327    114.506    115.098    106.562     39.904
            300.00      83.130    114.576    115.172    106.809     40.075
            500.00      59.231    124.051    125.045    131.628     58.202
            750.00      22.867    140.312    141.803    158.582     74.673
           1000.00     -19.735    159.924    161.911    181.646     85.462
           1100.00     -38.319    168.437    170.623    189.948     88.705
           1150.00     -47.916    172.810    175.095    193.923     90.147
           1200.00     -57.710    177.252    179.636    197.788     91.482
           1250.00     -67.694    181.758    184.242    201.548     92.720
           1300.00     -77.863    186.323    188.907    205.207     93.867
           1350.00     -88.213    190.944    193.627    208.770     94.932
           1400.00     -98.738    195.616    198.399    212.241     95.920
           1450.00    -109.435    200.336    203.218    215.623     96.839
           1500.00    -120.299    205.101    208.081    218.920     97.694
           1550.00    -131.326    209.906    212.986    222.137     98.491
           1600.00    -142.512    214.750    217.930    225.276     99.233
           1650.00    -153.852    219.630    222.909    228.340     99.925
           1700.00    -165.345    224.543    227.921    231.333    100.571
           1800.00    -188.769    234.461    238.038    237.115    101.740
           1900.00    -212.759    244.489    248.265    242.644    102.765
           2000.00    -237.290    254.613    258.587    247.938    103.667
           2500.00    -367.326    306.328    311.296    271.449    106.864

                        --------------------------------
                         Zero of energy is set to ZPE
                        --------------------------------

     Total (Translational + Electronic + conformational-rovib.(MS-LH))
     ======================================================================
              T          G          E          H          S          Cp
            100.00      -5.920      1.265      1.463     73.834     21.325
            125.00      -7.830      1.783      2.031     78.888     24.001
            200.00     -14.243      3.688      4.085     91.642     30.627
            298.15     -23.934      6.935      7.527    105.522     39.748
            300.00     -24.130      7.005      7.601    105.768     39.933
            500.00     -47.836     16.586     17.579    130.830     59.345
            750.00     -84.083     33.276     34.767    158.466     76.878
           1000.00    -126.748     53.532     55.519    182.267     88.373
           1100.00    -145.408     62.349     64.535    190.857     91.847
           1150.00    -155.054     66.881     69.166    194.974     93.396
           1200.00    -164.904     71.488     73.872    198.980     94.833
           1250.00    -174.951     76.164     78.648    202.879     96.168
           1300.00    -185.190     80.904     83.488    206.675     97.408
           1350.00    -195.616     85.704     88.387    210.373     98.561
           1400.00    -206.225     90.560     93.342    213.977     99.634
           1450.00    -217.013     95.468     98.349    217.491    100.634
           1500.00    -227.973    100.424    103.405    220.919    101.566
           1550.00    -239.103    105.425    108.505    224.263    102.436
           1600.00    -250.398    110.468    113.647    227.528    103.248
           1650.00    -261.855    115.550    118.829    230.717    104.008
           1700.00    -273.469    120.669    124.047    233.833    104.718
           1800.00    -297.155    131.008    134.585    239.856    106.007
           1900.00    -321.431    141.468    145.244    245.618    107.142
           2000.00    -346.271    152.034    156.009    251.140    108.144
           2500.00    -478.174    206.093    211.061    275.694    111.731

     Total (Translational + Electronic + conformational-rovib.(MS-T))
     ======================================================================
              T          G          E          H          S          Cp
            100.00      -5.886      1.310      1.509     73.955     22.321
            125.00      -7.803      1.854      2.103     79.244     25.091
            200.00     -14.262      3.835      4.232     92.473     31.455
            298.15     -24.048      7.130      7.723    106.562     39.904
            300.00     -24.246      7.201      7.797    106.809     40.075
            500.00     -48.145     16.676     17.669    131.628     58.202
            750.00     -84.509     32.937     34.427    158.582     74.673
           1000.00    -127.111     52.548     54.535    181.646     85.462
           1100.00    -145.695     61.062     63.248    189.948     88.705
           1150.00    -155.292     65.434     67.720    193.923     90.147
           1200.00    -165.085     69.876     72.261    197.788     91.482
           1250.00    -175.069     74.382     76.866    201.548     92.720
           1300.00    -185.238     78.948     81.531    205.207     93.867
           1350.00    -195.588     83.569     86.252    208.770     94.932
           1400.00    -206.114     88.241     91.023    212.241     95.920
           1450.00    -216.811     92.961     95.843    215.623     96.839
           1500.00    -227.675     97.725    100.706    218.920     97.694
           1550.00    -238.701    102.531    105.611    222.137     98.491
           1600.00    -249.887    107.375    110.554    225.276     99.233
           1650.00    -261.228    112.255    115.533    228.340     99.925
           1700.00    -272.720    117.168    120.546    231.333    100.571
           1800.00    -296.145    127.086    130.663    237.115    101.740
           1900.00    -320.135    137.114    140.889    242.644    102.765
           2000.00    -344.666    147.237    151.212    247.938    103.667
           2500.00    -474.701    198.953    203.921    271.449    106.864

 ==============================End of MSTor output==============================
