
 *******************************************************************************

   MSTor program version 2013 (2013)

   Jingjing Zheng, Steven L. Mielke, and Donald G. Truhlar

   Department of Chemistry and Supercomputing Institute
   University of Minnesota, Minneapolis, Minnesota, USA

   Copyright 2013
   Donald G. Truhlar and Regents of the University of Minnesota

   Citations: 
   MS-T(U) method
     J. Zheng, T. Yu, E. Papajak, I. M. Alecu, S. L. Mielke, and D. G. Truhlar,
     Phys. Chem. Chem. Phys. 13, 10885-10907 (2011).
   MS-T(C) method
     J. Zheng and D. G. Truhlar, J. Chem. Theory Comput., DOI: 10.1021/ct3010722.
   MSTor program
     J. Zheng, S. L. Mielke, K. L Clarkson, and D. G. Truhlar,
     Comp. Phys. Comm. 183, 1803-1812 (2012).
     J. Zheng, R. Meana-Paneda, and D. G. Truhlar, Comp. Phys. Comm.
     to be published as new version announcement.

 *******************************************************************************

                    Naming conventions for the MS methods
   -----------------------------------------------------------------------------
   Common name        Original or other names
   -----------------------------------------------------------------------------
   MS-LH         =    MS-HO (ref. 1)   =   MS-AS-HO (ref. 2)
   MS-T          =    MS-AS (ref. 1)   =   MS-AS-T  (ref. 2)
   -----------------------------------------------------------------------------
   Ref. 1: J. Zheng, T. Yu, E. Papajak, I. M. Alecu, S. L. Mielke, and
           D. G. Truhlar, Phys. Chem. Chem. Phys. 13, 10885 (2011).
   Ref. 2: T. Yu, J. Zheng, and D. G. Truhlar, Chem. Sci. 2, 2199 (2011)

   Calculation run on 01/25/2022 at 14:00:24  

   Number of structures:            10
   Number of torsions:               6
   Method:                           MS-T(C)
   Frequency scaling factor:         0.964
   Delta T for finite difference:    0.5 K
   Internal coordinates
     Bonds:         01-02  01-18  01-19  01-20  02-03  02-16  03-04  03-15  04-05
     Bonds:         04-12  04-13  05-06  05-08  06-07  07-09  07-10  07-11  16-21
     Bonds:         02-17  03-14
     Angles:        01-02-17  02-01-18  02-01-19  02-03-04  02-03-14  03-02-17
     Angles:        03-04-05  03-04-13  04-03-15  04-05-08  05-06-07  06-05-08
     Angles:        06-07-11  09-07-10  12-04-13  16-02-17  06-07-10  18-01-19
     Linear Angles: 02=16=21
     Dihedrals:     01-03-17-02  02-04-14-03  02-04-15-03  02-18-20-01
     Dihedrals:     03-05-12-04  03-05-13-04  03-16-17-02  04-06-08-05
     Dihedrals:     06-09-10-07  09-10-11-07  18-19-20-01  04-03-02-01
     Dihedrals:     05-04-03-02  06-05-04-03  07-06-05-04  03-02-01-18
     Dihedrals:     05-06-07-09

   All moment output uses units of amu for masses and Angstroms for distances 

                           ==========================
                                Structure   1
                           ==========================

   Normal-mode Frequencies (cm-1) 
   (Overall translation and rotation projected out)
    1280.4607i      0.0001i      0.0000i      0.0000i      0.0000i      0.0000 
       0.0000      37.3104      65.9935      96.0407     139.1968     170.8018 
     192.4646     207.8209     241.9121     294.1293     321.0693     334.9726 
     362.6770     517.1326     581.6228     653.0976     791.8053     840.6208 
     850.7328     919.8871     946.3530    1014.5597    1048.4758    1077.5873 
    1097.4078    1128.1324    1163.9428    1169.6565    1192.8422    1211.3111 
    1223.9205    1248.9353    1265.3146    1302.8199    1380.6271    1394.8176 
    1402.8321    1433.7742    1441.0625    1460.5695    1461.9861    1464.0868 
    1466.4549    1477.5595    1565.9962    1822.6606    2986.5685    2991.0294 
    3021.5886    3028.8862    3039.9539    3056.6427    3070.3389    3079.3215 
    3092.3664    3113.4348    3147.1211 
   Torsion-projected frequencies/non-torsional frequencies (cm-1)
    1280.4575i    200.9692     241.1981     293.6205     320.8594     332.4925 
     362.5905     517.0626     579.1477     652.9054     791.1936     840.5070 
     850.6960     919.8324     946.3269    1014.5513    1048.4704    1077.5772 
    1097.4024    1128.1284    1163.6391    1169.6215    1192.8411    1211.2760 
    1223.9007    1248.9196    1265.3023    1302.8014    1380.6264    1394.8157 
    1402.8297    1433.7638    1441.0559    1460.5692    1461.9837    1464.0085 
    1466.4182    1477.5595    1565.9931    1822.6598    2986.5682    2991.0291 
    3021.5885    3028.8862    3039.9532    3056.6423    3070.3371    3079.3159 
    3092.3593    3113.4261    3147.1211 
   Product of consistently coupled torsional frequencies (in cm-1^ntor)  1.1407E+12
   Primitively coupled torsional frequencies (cm-1) (Not used)
      40.3478      74.2649     102.4573     141.7896     182.6654     202.4725 
   Product of primitively coupled torsional frequencies (in cm-1^ntor)   1.6100E+12
   Effective coupled torsional barrier (kcal/mol)
        1.098        1.690        2.045        3.983        8.872        9.380 

   D matrix: 
   m-n        1             2             3             4             5
    1   2.555517E+01  1.118286E+00 -4.339965E+00  4.658657E-01  1.506221E+00
    2   1.118286E+00  2.730705E+01  7.531032E+00  5.625629E+00  2.038899E+00
    3  -4.339965E+00  7.531032E+00  4.329523E+01 -1.260235E+01  4.620771E-01
    4   4.658657E-01  5.625629E+00 -1.260235E+01  1.742194E+01  3.996758E-01
    5   1.506221E+00  2.038899E+00  4.620771E-01  3.996758E-01  3.032624E+00
    6  -2.613967E-01  9.539580E-01  2.316279E+00  1.407880E+00  6.401476E-02
   m-n        6
    1  -2.613967E-01
    2   9.539580E-01
    3   2.316279E+00
    4   1.407880E+00
    5   6.401476E-02
    6   3.114539E+00

   Eigenvalues of D matrix:
     5.0268E+01    3.0424E+01    2.4778E+01    8.9702E+00    2.7748E+00    2.5121E+00
   Determinant of D matrix  1.802965E+029

          Uncoupled force constants (au), Pitzer moment of inertia (amu A^2),
   uncoupled torsional frequencies (cm-1), and uncoupled torsional barrier (kcal/mol)
   --------------------------------------------------------------------------------
   Torsion               1             2             3             4             5
   Force constant   1.94405E-02  4.20447E-02  1.15341E-02  4.39872E-02  1.49247E-02
   Moment          25.555       27.307       43.295       17.422        3.033
   Tor. Freq.        75.027      106.739       44.399      136.685      190.831
   Rot. barrier       3.964        8.573        2.352        8.969        2.081
   M_j,tau            2.481        2.481        2.481        2.481        3.000

   Torsion               6
   Force constant   8.08999E-03
   Moment           3.115
   Tor. Freq.       138.638
   Rot. barrier       1.128
   M_j,tau            3.000
   --------------------------------------------------------------------------------
   Potential Energy =   0.000 kcal/mol
   Weight =  1
   Overall rotational symmetry number =   1

                           ==========================
                                Structure   2
                           ==========================

   Normal-mode Frequencies (cm-1) 
   (Overall translation and rotation projected out)
    1307.5823i      0.0000i      0.0000i      0.0000i      0.0000i      0.0000 
       0.0000      30.0268      62.2639     102.8009     108.9270     137.7233 
     174.3904     195.2623     245.7698     282.1051     327.7277     340.6731 
     348.7274     482.5965     577.5547     699.6858     751.7719     823.0453 
     894.0120     925.5297     936.3297    1028.1195    1052.2052    1086.8107 
    1103.1245    1124.8754    1164.1223    1169.0166    1191.2944    1215.4863 
    1222.3874    1231.0366    1283.3332    1288.8548    1364.1284    1394.3723 
    1413.3417    1436.3813    1451.8173    1461.3312    1462.6881    1463.7953 
    1466.9975    1477.9161    1552.3428    1826.1831    2987.3233    2991.3169 
    3017.9651    3028.4506    3038.8836    3052.3665    3061.1187    3066.4205 
    3091.1955    3112.8742    3146.3539 
   Torsion-projected frequencies/non-torsional frequencies (cm-1)
    1307.5726i    103.1643     245.6616     281.5646     326.7473     339.9205 
     348.0327     482.5029     574.7596     699.6817     751.0973     822.7473 
     893.9625     925.4749     936.1865    1028.1152    1052.1973    1086.7929 
    1103.1232    1124.8667    1163.8236    1168.9817    1191.2934    1215.4654 
    1222.3774    1231.0163    1283.3264    1288.8482    1364.1269    1394.3715 
    1413.3415    1436.3790    1451.8116    1461.3285    1462.6812    1463.7153 
    1466.9486    1477.9161    1552.3365    1826.1830    2987.3231    2991.3168 
    3017.9647    3028.4506    3038.8810    3052.3655    3061.1182    3066.4195 
    3091.1893    3112.8656    3146.3539 
   Product of consistently coupled torsional frequencies (in cm-1^ntor)  9.6765E+11
   Primitively coupled torsional frequencies (cm-1) (Not used)
      34.4219      67.4597     113.1180     140.1041     182.9926     203.1881 
   Product of primitively coupled torsional frequencies (in cm-1^ntor)   1.3683E+12
   Effective coupled torsional barrier (kcal/mol)
        0.842        1.101        1.994        2.630        3.710        7.479 

   D matrix: 
   m-n        1             2             3             4             5
    1   2.214570E+01 -2.240554E+00  1.702850E+01 -5.016418E+00  9.558595E-01
    2  -2.240554E+00  2.424119E+01 -2.840474E+00  8.873977E+00  2.058165E+00
    3   1.702850E+01 -2.840474E+00  3.089618E+01 -1.200252E+01  1.169726E+00
    4  -5.016418E+00  8.873977E+00 -1.200252E+01  1.825347E+01  2.114318E-01
    5   9.558595E-01  2.058165E+00  1.169726E+00  2.114318E-01  3.017406E+00
    6   8.855649E-01  4.067926E-01  1.455517E+00  1.506740E+00  1.016685E-01
   m-n        6
    1   8.855649E-01
    2   4.067926E-01
    3   1.455517E+00
    4   1.506740E+00
    5   1.016685E-01
    6   3.058843E+00

   Eigenvalues of D matrix:
     5.1024E+01    2.6410E+01    1.2283E+01    6.6908E+00    2.4701E+00    2.7346E+00
   Determinant of D matrix  5.692168E+028

          Uncoupled force constants (au), Pitzer moment of inertia (amu A^2),
   uncoupled torsional frequencies (cm-1), and uncoupled torsional barrier (kcal/mol)
   --------------------------------------------------------------------------------
   Torsion               1             2             3             4             5
   Force constant   2.07034E-02  1.61273E-02  5.75922E-03  4.36435E-02  1.47880E-02
   Moment          22.146       24.241       30.896       18.253        3.017
   Tor. Freq.        83.173       70.163       37.139      133.012      190.433
   Rot. barrier       3.496        2.724        0.973        7.370        2.062
   M_j,tau            2.726        2.726        2.726        2.726        3.000

   Torsion               6
   Force constant   8.11405E-03
   Moment           3.059
   Tor. Freq.       140.102
   Rot. barrier       1.131
   M_j,tau            3.000
   --------------------------------------------------------------------------------
   Potential Energy =   0.293 kcal/mol
   Weight =  1
   Overall rotational symmetry number =   1

                           ==========================
                                Structure   3
                           ==========================

   Normal-mode Frequencies (cm-1) 
   (Overall translation and rotation projected out)
    1300.0907i      0.0000i      0.0000i      0.0000i      0.0000       0.0000 
       0.0000      33.0760      47.7485     104.6094     139.4949     168.3394 
     180.1105     214.2217     248.6302     290.3781     322.6342     366.8760 
     390.6857     501.7475     582.4976     656.8748     798.9646     834.6937 
     856.7258     917.2845     946.6280     992.2595    1046.6866    1055.4424 
    1097.0558    1131.6614    1164.0755    1180.1730    1191.3879    1202.1562 
    1216.3388    1246.5342    1264.8459    1328.2837    1369.7941    1392.3283 
    1396.1462    1434.4720    1449.0828    1460.2941    1461.4453    1463.9211 
    1470.0961    1477.5971    1569.6134    1824.8334    2984.8481    3009.9156 
    3020.9483    3029.0284    3052.2362    3063.3968    3076.3554    3081.4632 
    3095.0073    3113.7544    3147.2135 
   Torsion-projected frequencies/non-torsional frequencies (cm-1)
    1300.0801i    184.6030     246.4115     290.3406     321.9577     364.1252 
     389.9507     501.3231     580.1498     656.8161     798.6265     834.5176 
     856.5961     917.2027     946.5907     992.2518    1046.6577    1055.4171 
    1097.0282    1131.6602    1163.7630    1180.1323    1191.3867    1202.1417 
    1216.3351    1246.5242    1264.8348    1328.2774    1369.7908    1392.3210 
    1396.1434    1434.4467    1449.0753    1460.2906    1461.4239    1463.8409 
    1470.0808    1477.5970    1569.6128    1824.8330    2984.8477    3009.9154 
    3020.9470    3029.0284    3052.2354    3063.3948    3076.3545    3081.4597 
    3095.0023    3113.7458    3147.2135 
   Product of consistently coupled torsional frequencies (in cm-1^ntor)  8.3309E+11
   Primitively coupled torsional frequencies (cm-1) (Not used)
      35.9001      51.9954     114.3373     142.3014     180.5980     216.3693 
   Product of primitively coupled torsional frequencies (in cm-1^ntor)   1.1868E+12
   Effective coupled torsional barrier (kcal/mol)
        1.097        1.425        1.626        3.706        8.444        9.054 

   D matrix: 
   m-n        1             2             3             4             5
    1   2.940560E+01  2.043831E+01 -7.235911E+00  5.735436E+00  1.459959E+00
    2   2.043831E+01  4.349011E+01  7.248731E+00  9.518062E+00 -2.219096E-01
    3  -7.235911E+00  7.248731E+00  4.181337E+01 -1.159296E+01  5.737234E-01
    4   5.735436E+00  9.518062E+00 -1.159296E+01  1.809216E+01 -2.406050E-01
    5   1.459959E+00 -2.219096E-01  5.737234E-01 -2.406050E-01  3.084182E+00
    6  -7.520627E-02  1.231289E+00  2.261170E+00  1.532981E+00  2.592914E-02
   m-n        6
    1  -7.520627E-02
    2   1.231289E+00
    3   2.261170E+00
    4   1.532981E+00
    5   2.592914E-02
    6   3.118903E+00

   Eigenvalues of D matrix:
     6.1063E+01    4.8703E+01    1.6107E+01    7.7966E+00    2.8411E+00    2.4942E+00
   Determinant of D matrix  2.013743E+029

          Uncoupled force constants (au), Pitzer moment of inertia (amu A^2),
   uncoupled torsional frequencies (cm-1), and uncoupled torsional barrier (kcal/mol)
   --------------------------------------------------------------------------------
   Torsion               1             2             3             4             5
   Force constant   1.78823E-02  3.84742E-02  9.62716E-03  4.43871E-02  1.46347E-02
   Moment          29.406       43.490       41.813       18.092        3.084
   Tor. Freq.        67.081       80.909       41.276      134.738      187.382
   Rot. barrier       3.594        7.733        1.935        8.922        2.041
   M_j,tau            2.499        2.499        2.499        2.499        3.000

   Torsion               6
   Force constant   8.08786E-03
   Moment           3.119
   Tor. Freq.       138.523
   Rot. barrier       1.128
   M_j,tau            3.000
   --------------------------------------------------------------------------------
   Potential Energy =   0.805 kcal/mol
   Weight =  1
   Overall rotational symmetry number =   1

                           ==========================
                                Structure   4
                           ==========================

   Normal-mode Frequencies (cm-1) 
   (Overall translation and rotation projected out)
    1291.1491i      0.0001i      0.0000i      0.0000i      0.0000       0.0000 
       0.0000      34.3710      89.5716     107.4110     141.9691     173.3284 
     213.3197     244.3611     259.3338     300.6990     307.6519     347.6193 
     403.9100     522.3167     580.6356     667.6226     812.4148     820.4184 
     860.3800     928.1081     941.2381     981.4057    1047.8201    1070.2569 
    1098.6685    1125.3209    1164.1160    1168.8890    1192.3617    1212.3992 
    1229.4731    1235.7337    1265.9253    1351.3658    1356.4943    1393.5747 
    1397.9942    1435.7784    1443.3934    1460.0544    1463.0061    1464.4585 
    1471.1098    1477.4223    1546.6251    1822.5527    2991.7141    2998.8998 
    3019.2212    3028.9305    3053.0871    3059.9478    3071.4133    3073.4598 
    3088.3997    3113.6509    3147.2046 
   Torsion-projected frequencies/non-torsional frequencies (cm-1)
    1291.1253i    211.4480     243.2852     299.4797     306.1940     346.6831 
     402.5380     520.7371     578.7484     667.3597     812.1792     820.3812 
     860.2146     928.0930     941.1519     981.2467    1047.7998    1070.2117 
    1098.6477    1125.2975    1163.7888    1168.8696    1192.3594    1212.3758 
    1229.4462    1235.7239    1265.9188    1351.3409    1356.4905    1393.5686 
    1397.9897    1435.7486    1443.3888    1460.0538    1462.9698    1464.4004 
    1471.0816    1477.4222    1546.6174    1822.5506    2991.7101    2998.8996 
    3019.2209    3028.9305    3053.0850    3059.9353    3071.4095    3073.4587 
    3088.3850    3113.6420    3147.2046 
   Product of consistently coupled torsional frequencies (in cm-1^ntor)  2.1881E+12
   Primitively coupled torsional frequencies (cm-1) (Not used)
      39.2025      92.8350     118.9220     144.8186     184.4677     266.5682 
   Product of primitively coupled torsional frequencies (in cm-1^ntor)   3.0821E+12
   Effective coupled torsional barrier (kcal/mol)
        1.117        1.595        3.490        7.190        9.481       16.959 

   D matrix: 
   m-n        1             2             3             4             5
    1   2.514262E+01  1.321258E+01  1.019539E+01 -4.203918E-01  2.009741E+00
    2   1.321258E+01  4.751380E+01  1.031251E+01  9.214114E+00  3.452727E-01
    3   1.019539E+01  1.031251E+01  4.180354E+01 -1.125952E+01 -6.134770E-01
    4  -4.203918E-01  9.214114E+00 -1.125952E+01  1.815021E+01  8.751720E-02
    5   2.009741E+00  3.452727E-01 -6.134770E-01  8.751720E-02  3.083435E+00
    6   7.435283E-01  1.454949E+00  2.287316E+00  1.561659E+00 -3.626491E-02
   m-n        6
    1   7.435283E-01
    2   1.454949E+00
    3   2.287316E+00
    4   1.561659E+00
    5  -3.626491E-02
    6   3.123266E+00

   Eigenvalues of D matrix:
     6.2890E+01    4.2619E+01    1.8014E+01    9.9396E+00    2.8235E+00    2.5311E+00
   Determinant of D matrix  2.609816E+029

          Uncoupled force constants (au), Pitzer moment of inertia (amu A^2),
   uncoupled torsional frequencies (cm-1), and uncoupled torsional barrier (kcal/mol)
   --------------------------------------------------------------------------------
   Torsion               1             2             3             4             5
   Force constant   3.36778E-02  7.38179E-02  1.40363E-02  4.54289E-02  2.86346E-02
   Moment          25.143       47.514       41.804       18.150        3.083
   Tor. Freq.        99.557      107.220       49.845      136.091      262.140
   Rot. barrier       6.997       15.337        2.916        9.439        3.993
   M_j,tau            2.458        2.458        2.458        2.458        3.000

   Torsion               6
   Force constant   8.24122E-03
   Moment           3.123
   Tor. Freq.       139.732
   Rot. barrier       1.149
   M_j,tau            3.000
   --------------------------------------------------------------------------------
   Potential Energy =   0.924 kcal/mol
   Weight =  1
   Overall rotational symmetry number =   1

                           ==========================
                                Structure   5
                           ==========================

   Normal-mode Frequencies (cm-1) 
   (Overall translation and rotation projected out)
    1304.5516i      0.0000i      0.0000i      0.0000i      0.0000       0.0000 
       0.0001      28.0523      58.9299      99.0188     133.3233     136.9584 
     173.4089     204.9489     229.6332     298.3289     309.6616     333.8905 
     419.1023     482.0654     580.3105     706.4123     755.7128     820.5134 
     880.3547     922.5063     943.3362     983.8075    1052.5313    1077.8848 
    1117.3701    1120.1163    1161.0228    1164.4694    1191.3605    1209.1341 
    1223.2213    1231.7036    1287.8608    1325.0762    1348.5736    1394.5319 
    1406.5433    1437.0089    1451.3355    1461.7474    1463.6114    1464.8074 
    1469.3464    1477.8741    1561.1750    1826.0363    2984.2637    2987.6901 
    3020.7009    3028.4468    3052.7112    3059.0694    3070.8937    3073.4061 
    3093.5089    3112.8570    3146.3209 
   Torsion-projected frequencies/non-torsional frequencies (cm-1)
    1304.5334i    136.9635     226.1668     298.1486     309.3183     333.2933 
     418.6614     480.5132     577.1825     706.3859     755.4323     820.2426 
     880.2545     922.4978     943.2266     983.6355    1052.4899    1077.8315 
    1117.3662    1120.0995    1160.9869    1164.1978    1191.3567    1209.0772 
    1223.1911    1231.7028    1287.8276    1325.0746    1348.5626    1394.5298 
    1406.5396    1437.0077    1451.3267    1461.7438    1463.5316    1464.7754 
    1469.3388    1477.8741    1561.1674    1826.0362    2984.2619    2987.6894 
    3020.6998    3028.4468    3052.7074    3059.0675    3070.8918    3073.4042 
    3093.4946    3112.8483    3146.3209 
   Product of consistently coupled torsional frequencies (in cm-1^ntor)  7.9932E+11
   Primitively coupled torsional frequencies (cm-1) (Not used)
      33.4585      61.3515     111.8212     139.2344     182.9626     212.1287 
   Product of primitively coupled torsional frequencies (in cm-1^ntor)   1.2404E+12
   Effective coupled torsional barrier (kcal/mol)
        0.909        1.087        1.933        2.869        4.892        8.269 

   D matrix: 
   m-n        1             2             3             4             5
    1   2.050677E+01  8.394035E+00  1.378974E+01 -4.783778E-01  1.376830E+00
    2   8.394035E+00  3.443350E+01  5.630527E+00  9.672357E+00 -6.146306E-01
    3   1.378974E+01  5.630527E+00  2.777916E+01 -8.423917E+00  8.713630E-01
    4  -4.783778E-01  9.672357E+00 -8.423917E+00  1.751233E+01 -3.203523E-01
    5   1.376830E+00 -6.146306E-01  8.713630E-01 -3.203523E-01  3.083514E+00
    6   9.613110E-01  1.082340E+00  1.477155E+00  1.716814E+00  3.964070E-02
   m-n        6
    1   9.613110E-01
    2   1.082340E+00
    3   1.477155E+00
    4   1.716814E+00
    5   3.964070E-02
    6   3.075061E+00

   Eigenvalues of D matrix:
     4.6489E+01    3.5703E+01    1.1738E+01    7.0734E+00    2.9123E+00    2.4742E+00
   Determinant of D matrix  7.556224E+028

          Uncoupled force constants (au), Pitzer moment of inertia (amu A^2),
   uncoupled torsional frequencies (cm-1), and uncoupled torsional barrier (kcal/mol)
   --------------------------------------------------------------------------------
   Torsion               1             2             3             4             5
   Force constant   2.20570E-02  1.77776E-02  5.58765E-03  4.35679E-02  1.57375E-02
   Moment          20.507       34.434       27.779       17.512        3.084
   Tor. Freq.        89.213       61.809       38.580      135.680      194.335
   Rot. barrier       4.126        3.326        1.045        8.151        2.195
   M_j,tau            2.590        2.590        2.590        2.590        3.000

   Torsion               6
   Force constant   8.00781E-03
   Moment           3.075
   Tor. Freq.       138.815
   Rot. barrier       1.117
   M_j,tau            3.000
   --------------------------------------------------------------------------------
   Potential Energy =   0.951 kcal/mol
   Weight =  1
   Overall rotational symmetry number =   1

                           ==========================
                                Structure   6
                           ==========================

   Normal-mode Frequencies (cm-1) 
   (Overall translation and rotation projected out)
    1310.6291i      0.0001i      0.0000i      0.0000       0.0000       0.0000 
       0.0000      25.9780      59.4927      91.7934     121.2869     138.0153 
     175.1167     196.9500     233.4421     282.4566     316.2977     361.1363 
     406.8729     456.1280     578.2721     700.9571     761.8071     824.9541 
     881.3400     919.5966     938.4671    1001.4846    1043.5451    1085.5984 
    1108.4307    1111.3847    1164.1688    1189.5608    1193.3419    1203.1793 
    1222.8294    1227.0316    1289.2752    1305.9356    1359.6560    1391.3488 
    1403.1415    1434.7121    1456.2535    1460.5611    1463.8488    1464.8001 
    1468.8995    1477.8932    1571.8917    1827.6764    2986.5709    3015.7467 
    3023.2589    3028.7615    3049.2718    3055.0682    3061.3217    3078.1056 
    3088.1596    3113.3908    3146.6114 
   Torsion-projected frequencies/non-torsional frequencies (cm-1)
    1310.6113i    131.5068     232.6626     282.3113     316.1952     358.5338 
     406.6740     455.6739     575.3491     700.9430     761.4723     824.5344 
     881.3033     919.5865     938.3393    1001.4498    1043.5263    1085.5900 
    1108.4060    1111.3711    1163.8701    1189.5406    1193.3283    1203.1326 
    1222.8247    1227.0297    1289.2526    1305.9185    1359.6443    1391.3481 
    1403.1388    1434.7117    1456.2497    1460.5523    1463.7708    1464.7887 
    1468.8793    1477.8932    1571.8903    1827.6764    2986.5707    3015.7461 
    3023.2588    3028.7615    3049.2714    3055.0655    3061.3205    3078.1045 
    3088.1540    3113.3821    3146.6114 
   Product of consistently coupled torsional frequencies (in cm-1^ntor)  6.3519E+11
   Primitively coupled torsional frequencies (cm-1) (Not used)
      30.9612      62.0583      99.7322     140.3842     184.1317     199.4277 
   Product of primitively coupled torsional frequencies (in cm-1^ntor)   9.8784E+11
   Effective coupled torsional barrier (kcal/mol)
        0.706        1.107        1.676        2.591        3.704        7.275 

   D matrix: 
   m-n        1             2             3             4             5
    1   2.134621E+01  5.337816E+00  1.514187E+01 -1.873371E+00  1.293147E+00
    2   5.337816E+00  3.380426E+01  3.997459E+00  9.820405E+00 -2.741127E-01
    3   1.514187E+01  3.997459E+00  2.910146E+01 -9.350324E+00  8.243014E-01
    4  -1.873371E+00  9.820405E+00 -9.350324E+00  1.781143E+01 -2.329317E-01
    5   1.293147E+00 -2.741127E-01  8.243014E-01 -2.329317E-01  3.083439E+00
    6   9.636260E-01  9.753350E-01  1.508683E+00  1.669402E+00  4.269900E-02
   m-n        6
    1   9.636260E-01
    2   9.753350E-01
    3   1.508683E+00
    4   1.669402E+00
    5   4.269900E-02
    6   3.074332E+00

   Eigenvalues of D matrix:
     4.5111E+01    3.8365E+01    1.2347E+01    6.9507E+00    2.9735E+00    2.4739E+00
   Determinant of D matrix  8.313984E+028

          Uncoupled force constants (au), Pitzer moment of inertia (amu A^2),
   uncoupled torsional frequencies (cm-1), and uncoupled torsional barrier (kcal/mol)
   --------------------------------------------------------------------------------
   Torsion               1             2             3             4             5
   Force constant   1.85637E-02  1.73217E-02  5.04510E-03  4.37321E-02  1.45771E-02
   Moment          21.346       33.804       29.101       17.811        3.083
   Tor. Freq.        80.219       61.576       35.816      134.790      187.035
   Rot. barrier       3.046        2.842        0.828        7.175        2.033
   M_j,tau            2.766        2.766        2.766        2.766        3.000

   Torsion               6
   Force constant   8.15757E-03
   Moment           3.074
   Tor. Freq.       140.123
   Rot. barrier       1.138
   M_j,tau            3.000
   --------------------------------------------------------------------------------
   Potential Energy =   1.021 kcal/mol
   Weight =  1
   Overall rotational symmetry number =   1

                           ==========================
                                Structure   7
                           ==========================

   Normal-mode Frequencies (cm-1) 
   (Overall translation and rotation projected out)
    1317.3807i      0.0000i      0.0000i      0.0000i      0.0000       0.0000 
       0.0000      34.6975      81.7833      93.9799     143.8801     177.2020 
     197.2011     207.5564     254.8042     296.3358     343.7359     375.4310 
     403.1662     480.8750     609.9866     688.3250     804.5739     838.4592 
     854.7103     896.4891     943.3651    1010.8696    1050.3478    1066.9186 
    1102.2781    1120.1289    1163.7188    1186.9031    1195.5790    1211.3418 
    1219.0609    1229.1492    1282.8538    1318.1764    1357.4604    1382.7665 
    1400.2319    1444.3779    1448.3548    1459.3483    1462.7044    1463.4466 
    1466.4614    1474.8442    1560.8881    1829.3999    2977.3575    2987.6957 
    3027.0511    3030.8655    3041.9956    3056.1264    3064.8903    3091.8621 
    3098.4647    3112.5503    3145.2870 
   Torsion-projected frequencies/non-torsional frequencies (cm-1)
    1317.3514i    195.7368     252.8633     295.1228     341.6411     373.2553 
     401.4638     479.4097     609.7144     687.4670     804.0587     838.3390 
     854.6884     896.4387     943.3038    1010.8392    1050.3391    1066.9038 
    1102.2760    1120.1186    1163.4160    1186.8582    1195.5744    1211.3250 
    1219.0354    1229.0943    1282.8475    1318.1707    1357.4432    1382.7664 
    1400.2313    1444.3643    1448.3363    1459.3413    1462.6604    1463.4416 
    1466.4146    1474.8424    1560.8844    1829.3969    2977.3572    2987.6956 
    3027.0510    3030.8650    3041.9950    3056.1259    3064.8901    3091.8566 
    3098.4646    3112.5404    3145.2869 
   Product of consistently coupled torsional frequencies (in cm-1^ntor)  1.4712E+12
   Primitively coupled torsional frequencies (cm-1) (Not used)
      47.3683      95.2858     109.9369     147.1785     190.2027     208.0732 
   Product of primitively coupled torsional frequencies (in cm-1^ntor)   2.8903E+12
   Effective coupled torsional barrier (kcal/mol)
        1.170        1.900        2.180        6.712       10.789       15.051 

   D matrix: 
   m-n        1             2             3             4             5
    1   2.675819E+01 -1.129691E+00 -8.374753E+00  6.273958E+00  1.412441E+00
    2  -1.129691E+00  3.561091E+01  2.119229E+01 -1.259478E+01  2.520419E+00
    3  -8.374753E+00  2.119229E+01  4.304722E+01 -1.140421E+01  8.551854E-01
    4   6.273958E+00 -1.259478E+01 -1.140421E+01  1.904787E+01 -3.528210E-01
    5   1.412441E+00  2.520419E+00  8.551854E-01 -3.528210E-01  3.066219E+00
    6  -1.731288E-01  6.272995E-01  2.366692E+00  1.612310E+00  3.383083E-02
   m-n        6
    1  -1.731288E-01
    2   6.272995E-01
    3   2.366692E+00
    4   1.612310E+00
    5   3.383083E-02
    6   3.137328E+00

   Eigenvalues of D matrix:
     6.8740E+01    2.7708E+01    1.8181E+01    1.0689E+01    2.7739E+00    2.5757E+00
   Determinant of D matrix  2.012367E+029

          Uncoupled force constants (au), Pitzer moment of inertia (amu A^2),
   uncoupled torsional frequencies (cm-1), and uncoupled torsional barrier (kcal/mol)
   --------------------------------------------------------------------------------
   Torsion               1             2             3             4             5
   Force constant   2.85586E-02  5.71141E-02  2.49934E-02  5.19049E-02  1.52625E-02
   Moment          26.758       35.611       43.047       19.048        3.066
   Tor. Freq.        88.868      108.940       65.546      141.999      191.919
   Rot. barrier       6.053       12.105        5.297       11.001        2.128
   M_j,tau            2.433        2.433        2.433        2.433        3.000

   Torsion               6
   Force constant   8.73502E-03
   Moment           3.137
   Tor. Freq.       143.535
   Rot. barrier       1.218
   M_j,tau            3.000
   --------------------------------------------------------------------------------
   Potential Energy =   1.196 kcal/mol
   Weight =  1
   Overall rotational symmetry number =   1

                           ==========================
                                Structure   8
                           ==========================

   Normal-mode Frequencies (cm-1) 
   (Overall translation and rotation projected out)
    1322.2589i      0.0001i      0.0000i      0.0000i      0.0000i      0.0000i
       0.0000      17.9131      56.3294      92.4550     142.7652     177.6472 
     196.1562     216.1176     254.1328     299.5461     331.8950     361.6641 
     380.4946     493.2601     589.8882     683.2880     796.3382     835.1348 
     859.1864     924.9894     941.3668    1017.3156    1043.4709    1062.3576 
    1103.1538    1115.1765    1163.7723    1187.9323    1194.7252    1210.4233 
    1226.9235    1235.5214    1271.6423    1299.4881    1375.3262    1390.2866 
    1402.2592    1442.6082    1447.8058    1460.7754    1462.8334    1463.0750 
    1465.8274    1476.0776    1572.4279    1825.2870    2979.7536    2985.6343 
    3022.9548    3028.3759    3044.5097    3056.7824    3061.0976    3083.7462 
    3092.0969    3113.8273    3146.6632 
   Torsion-projected frequencies/non-torsional frequencies (cm-1)
    1322.2444i    214.6283     249.6287     298.8485     328.9783     360.3332 
     379.4001     492.5329     588.8387     682.7595     795.7580     835.0155 
     859.1673     924.9594     941.3146    1017.2811    1043.4650    1062.3402 
    1103.1435    1115.1672    1163.3967    1187.9154    1194.6878    1210.4133 
    1226.9067    1235.4699    1271.6330    1299.4839    1375.3246    1390.2840 
    1402.2555    1442.5788    1447.7955    1460.7729    1462.8243    1463.0135 
    1465.7685    1476.0771    1572.4260    1825.2831    2979.7531    2985.6341 
    3022.9544    3028.3759    3044.5095    3056.7818    3061.0975    3083.7461 
    3092.0911    3113.8181    3146.6632 
   Product of consistently coupled torsional frequencies (in cm-1^ntor)  4.8702E+11
   Primitively coupled torsional frequencies (cm-1) (Not used)
      27.9519      63.6327     105.3671     146.2126     188.9998     206.0768 
   Product of primitively coupled torsional frequencies (in cm-1^ntor)   1.0673E+12
   Effective coupled torsional barrier (kcal/mol)
        0.860        1.175        2.090        3.470        9.469       10.574 

   D matrix: 
   m-n        1             2             3             4             5
    1   2.733285E+01  3.034641E-01  2.934314E+00 -4.233486E+00  1.471492E+00
    2   3.034641E-01  2.763745E+01  5.997069E+00  6.613031E+00  2.202131E+00
    3   2.934314E+00  5.997069E+00  4.355408E+01 -1.247079E+01  3.338954E-01
    4  -4.233486E+00  6.613031E+00 -1.247079E+01  1.887287E+01  2.550058E-01
    5   1.471492E+00  2.202131E+00  3.338954E-01  2.550058E-01  3.056606E+00
    6  -7.768830E-02  9.190749E-01  2.346260E+00  1.496152E+00  4.432979E-02
   m-n        6
    1  -7.768830E-02
    2   9.190749E-01
    3   2.346260E+00
    4   1.496152E+00
    5   4.432979E-02
    6   3.126164E+00

   Eigenvalues of D matrix:
     5.0089E+01    3.1849E+01    2.6566E+01    9.7575E+00    2.7732E+00    2.5448E+00
   Determinant of D matrix  2.220734E+029

          Uncoupled force constants (au), Pitzer moment of inertia (amu A^2),
   uncoupled torsional frequencies (cm-1), and uncoupled torsional barrier (kcal/mol)
   --------------------------------------------------------------------------------
   Torsion               1             2             3             4             5
   Force constant   1.61618E-02  4.55731E-02  1.06552E-02  4.45449E-02  1.52712E-02
   Moment          27.333       27.637       43.554       18.873        3.057
   Tor. Freq.        66.147      110.461       42.547      132.155      192.275
   Rot. barrier       3.358        9.470        2.214        9.256        2.130
   M_j,tau            2.458        2.458        2.458        2.458        3.000

   Torsion               6
   Force constant   8.68489E-03
   Moment           3.126
   Tor. Freq.       143.378
   Rot. barrier       1.211
   M_j,tau            3.000
   --------------------------------------------------------------------------------
   Potential Energy =   1.228 kcal/mol
   Weight =  1
   Overall rotational symmetry number =   1

                           ==========================
                                Structure   9
                           ==========================

   Normal-mode Frequencies (cm-1) 
   (Overall translation and rotation projected out)
    1307.5335i      0.0000i      0.0000i      0.0000       0.0000       0.0000 
       0.0001      32.2091      64.8549      78.3406     140.2101     179.8247 
     189.0954     204.2190     247.8395     301.4287     321.7941     338.1012 
     379.0349     521.7178     594.7047     648.5370     795.4327     840.2406 
     853.3212     887.4088     945.7162    1005.3833    1063.1520    1079.5588 
    1102.4804    1123.5364    1164.4890    1170.2341    1194.3009    1209.0255 
    1220.7162    1248.2245    1286.1560    1320.3041    1356.3481    1381.9790 
    1402.3469    1438.7568    1446.3040    1457.9182    1462.6761    1462.9834 
    1466.3681    1477.5275    1565.0359    1827.8441    2986.9075    2994.2402 
    3021.9038    3028.8142    3037.5514    3054.9716    3063.6686    3090.5323 
    3090.9053    3113.7043    3145.8550 
   Torsion-projected frequencies/non-torsional frequencies (cm-1)
    1307.5269i    192.3256     246.2490     300.9554     321.0125     334.6658 
     378.7797     520.8515     594.0206     647.8308     794.8668     840.1295 
     853.2934     887.3572     945.6878    1005.3575    1063.1476    1079.5402 
    1102.4789    1123.5248    1164.1591    1170.1922    1194.2988    1208.9962 
    1220.6775    1248.1915    1286.1463    1320.2928    1356.3395    1381.9789 
    1402.3445    1438.7195    1446.2981    1457.9169    1462.6751    1462.8953 
    1466.3262    1477.5272    1565.0330    1827.8436    2986.9073    2994.2396 
    3021.9037    3028.8142    3037.5508    3054.9709    3063.6674    3090.5270 
    3090.9036    3113.6952    3145.8550 
   Product of consistently coupled torsional frequencies (in cm-1^ntor)  8.5098E+11
   Primitively coupled torsional frequencies (cm-1) (Not used)
      42.2513      74.3576      95.1047     143.6824     189.1015     202.5772 
   Product of primitively coupled torsional frequencies (in cm-1^ntor)   1.6446E+12
   Effective coupled torsional barrier (kcal/mol)
        1.133        1.864        2.035        4.219        8.402       10.086 

   D matrix: 
   m-n        1             2             3             4             5
    1   2.587316E+01 -8.309951E-01 -7.806935E+00  4.037209E+00  1.449238E+00
    2  -8.309951E-01  3.532102E+01  2.130547E+01 -1.254167E+01  2.477079E+00
    3  -7.806935E+00  2.130547E+01  4.058279E+01 -8.749024E+00  9.839437E-01
    4   4.037209E+00 -1.254167E+01 -8.749024E+00  1.707164E+01 -5.534171E-01
    5   1.449238E+00  2.477079E+00  9.839437E-01 -5.534171E-01  3.066848E+00
    6  -2.482017E-01  6.492259E-01  2.310503E+00  1.681445E+00  3.640965E-02
   m-n        6
    1  -2.482017E-01
    2   6.492259E-01
    3   2.310503E+00
    4   1.681445E+00
    5   3.640965E-02
    6   3.130252E+00

   Eigenvalues of D matrix:
     6.5582E+01    2.6876E+01    1.7709E+01    9.5433E+00    2.7766E+00    2.5581E+00
   Determinant of D matrix  1.610049E+029

          Uncoupled force constants (au), Pitzer moment of inertia (amu A^2),
   uncoupled torsional frequencies (cm-1), and uncoupled torsional barrier (kcal/mol)
   --------------------------------------------------------------------------------
   Torsion               1             2             3             4             5
   Force constant   1.92437E-02  3.68223E-02  1.02077E-02  4.60621E-02  1.47938E-02
   Moment          25.873       35.321       40.583       17.072        3.067
   Tor. Freq.        74.187       87.830       43.142      141.299      188.929
   Rot. barrier       4.199        8.034        2.227       10.050        2.063
   M_j,tau            2.398        2.398        2.398        2.398        3.000

   Torsion               6
   Force constant   8.36784E-03
   Moment           3.130
   Tor. Freq.       140.644
   Rot. barrier       1.167
   M_j,tau            3.000
   --------------------------------------------------------------------------------
   Potential Energy =   1.271 kcal/mol
   Weight =  1
   Overall rotational symmetry number =   1

                           ==========================
                                Structure  10
                           ==========================

   Normal-mode Frequencies (cm-1) 
   (Overall translation and rotation projected out)
    1309.7763i      0.0000i      0.0000i      0.0000i      0.0000i      0.0000 
       0.0001      58.7980      81.6810     132.0236     149.5123     163.9180 
     194.2648     233.1035     297.6726     310.2643     321.1601     366.0752 
     424.0057     516.6785     612.5101     703.2054     802.1907     827.9475 
     857.0760     904.2286     944.3414     983.2228    1029.6165    1072.8462 
    1104.9595    1121.2393    1163.7250    1167.7357    1191.6100    1197.3825 
    1230.1830    1239.5979    1299.2966    1336.7758    1359.0944    1371.1356 
    1397.2292    1443.2060    1449.4322    1460.9170    1463.0657    1465.3972 
    1475.0716    1477.9608    1559.9546    1824.8097    2980.2218    2981.8459 
    3027.4279    3040.3711    3050.8478    3061.2604    3067.4427    3097.0875 
    3107.3785    3113.2557    3145.9979 
   Torsion-projected frequencies/non-torsional frequencies (cm-1)
    1309.7186i    173.0849     290.1888     303.9925     319.0761     363.1153 
     421.9914     514.7330     612.1424     702.4963     801.9577     827.7808 
     857.0239     904.1287     944.2432     983.0512    1029.5544    1072.8201 
    1104.9257    1121.1867    1163.4337    1167.7060    1191.5909    1197.3733 
    1230.1507    1239.5729    1299.2931    1336.7691    1359.0752    1371.1342 
    1397.2249    1443.1947    1449.4134    1460.9015    1463.0260    1465.3820 
    1475.0688    1477.7364    1559.9432    1824.8061    2980.2213    2981.8450 
    3027.4277    3040.3700    3050.8457    3061.2590    3067.4419    3097.0780 
    3107.3737    3113.2469    3145.9979 
   Product of consistently coupled torsional frequencies (in cm-1^ntor)  4.3707E+12
   Primitively coupled torsional frequencies (cm-1) (Not used)
      66.7867      86.8083     151.1988     159.6502     190.8156     250.9279 
   Product of primitively coupled torsional frequencies (in cm-1^ntor)   6.7009E+12
   Effective coupled torsional barrier (kcal/mol)
        1.230        2.714        4.706       11.459       15.068       23.092 

   D matrix: 
   m-n        1             2             3             4             5
    1   3.081283E+01  2.993009E+01  2.920541E+00 -2.459077E+00  1.566251E+00
    2   2.993009E+01  6.753793E+01  2.813015E+01 -1.556092E+01 -5.231240E-01
    3   2.920541E+00  2.813015E+01  4.343696E+01 -1.170174E+01 -1.865074E-01
    4  -2.459077E+00 -1.556092E+01 -1.170174E+01  1.842722E+01  3.730564E-01
    5   1.566251E+00 -5.231240E-01 -1.865074E-01  3.730564E-01  3.088314E+00
    6  -2.950866E-02  8.471451E-01  2.375859E+00  1.554557E+00  1.368735E-02
   m-n        6
    1  -2.950866E-02
    2   8.471451E-01
    3   2.375859E+00
    4   1.554557E+00
    5   1.368735E-02
    6   3.135291E+00

   Eigenvalues of D matrix:
     1.0147E+02    3.6754E+01    1.4453E+01    8.4104E+00    2.7674E+00    2.5810E+00
   Determinant of D matrix  2.464116E+029

          Uncoupled force constants (au), Pitzer moment of inertia (amu A^2),
   uncoupled torsional frequencies (cm-1), and uncoupled torsional barrier (kcal/mol)
   --------------------------------------------------------------------------------
   Torsion               1             2             3             4             5
   Force constant   5.67787E-02  7.95410E-02  2.70124E-02  5.70699E-02  2.04259E-02
   Moment          30.813       67.538       43.437       18.427        3.088
   Tor. Freq.       116.770       93.353       67.836      151.384      221.225
   Rot. barrier      13.943       19.532        6.633       14.014        2.848
   M_j,tau            2.261        2.261        2.261        2.261        3.000

   Torsion               6
   Force constant   9.31021E-03
   Moment           3.135
   Tor. Freq.       148.233
   Rot. barrier       1.298
   M_j,tau            3.000
   --------------------------------------------------------------------------------
   Potential Energy =   1.317 kcal/mol
   Weight =  1
   Overall rotational symmetry number =   1

       List of zero-point inclusive energy (kcal/mol) for each structure
      ------------------------------------------------------------------
        Structure            Energy (T = 0 K)
      ------------------------------------------------------------------
          1                    107.38
          2                    107.47
          3                    108.26
          4                    108.54
          5                    108.25
          6                    108.30
          7                    108.80
          8                    108.71
          9                    108.67
         10                    109.19
      ZPE of the system =      107.38


     Note: The following SS-HO and SS-T include the Rot. P.F. and Boltzmann factor,
           but are calculated with weight = 1 for each structure. Weights are
           counted in MS partition functions. Zero of energy is set to the potential
           energy of global minimum.

            Partition function of structure    1
     ================================================================
          T(K)      Rot.          SS-HO           SS-T     SS-T/SS-HO
        100.00    8.7272E+004   1.5156E-229   1.2424E-229    0.820
        125.00    1.2197E+005   3.8747E-182   3.3245E-182    0.858
        200.00    2.4684E+005   1.9277E-110   1.8975E-110    0.984
        298.15    4.4929E+005   2.5797E-070   2.9262E-070    1.134
        300.00    4.5348E+005   8.3904E-070   9.5377E-070    1.137
        500.00    9.7573E+005   8.8189E-036   1.1508E-035    1.305
        750.00    1.7925E+006   5.2336E-017   6.9448E-017    1.327
       1000.00    2.7598E+006   2.6030E-006   3.2705E-006    1.256
       1100.00    3.1839E+006   4.2767E-003   5.2066E-003    1.217
       1150.00    3.4034E+006   1.2190E-001   1.4588E-001    1.197
       1200.00    3.6278E+006   2.8488E+000   3.3487E+000    1.175
       1250.00    3.8569E+006   5.5791E+001   6.4373E+001    1.154
       1300.00    4.0906E+006   9.3270E+002   1.0557E+003    1.132
       1350.00    4.3289E+006   1.3524E+004   1.5009E+004    1.110
       1400.00    4.5716E+006   1.7240E+005   1.8751E+005    1.088
       1450.00    4.8186E+006   1.9554E+006   2.0834E+006    1.065
       1500.00    5.0700E+006   1.9936E+007   2.0800E+007    1.043
       1550.00    5.3256E+006   1.8437E+008   1.8830E+008    1.021
       1600.00    5.5854E+006   1.5589E+009   1.5582E+009    1.000
       1650.00    5.8492E+006   1.2137E+010   1.1869E+010    0.978
       1700.00    6.1171E+006   8.7550E+010   8.3746E+010    0.957
       1800.00    6.6647E+006   3.7031E+012   3.3870E+012    0.915
       1900.00    7.2277E+006   1.2253E+014   1.0710E+014    0.874
       2000.00    7.8058E+006   3.2716E+015   2.7312E+015    0.835
       2500.00    1.0909E+007   3.7863E+021   2.5056E+021    0.662

            Partition function of structure    2
     ================================================================
          T(K)      Rot.          SS-HO           SS-T     SS-T/SS-HO
        100.00    8.8931E+004   1.3495E-229   1.1807E-229    0.875
        125.00    1.2428E+005   4.0580E-182   3.7835E-182    0.932
        200.00    2.5153E+005   2.6625E-110   2.9226E-110    1.098
        298.15    4.5783E+005   4.2388E-070   5.3410E-070    1.260
        300.00    4.6210E+005   1.3818E-069   1.7444E-069    1.262
        500.00    9.9428E+005   1.6922E-035   2.3618E-035    1.396
        750.00    1.8266E+006   1.0876E-016   1.4499E-016    1.333
       1000.00    2.8122E+006   5.6348E-006   6.6181E-006    1.174
       1100.00    3.2445E+006   9.3629E-003   1.0343E-002    1.105
       1150.00    3.4682E+006   2.6819E-001   2.8691E-001    1.070
       1200.00    3.6968E+006   6.2962E+000   6.5186E+000    1.035
       1250.00    3.9302E+006   1.2382E+002   1.2399E+002    1.001
       1300.00    4.1684E+006   2.0781E+003   2.0118E+003    0.968
       1350.00    4.4112E+006   3.0239E+004   2.8292E+004    0.936
       1400.00    4.6585E+006   3.8680E+005   3.4962E+005    0.904
       1450.00    4.9103E+006   4.4008E+006   3.8422E+006    0.873
       1500.00    5.1664E+006   4.5000E+007   3.7942E+007    0.843
       1550.00    5.4269E+006   4.1731E+008   3.3977E+008    0.814
       1600.00    5.6916E+006   3.5377E+009   2.7812E+009    0.786
       1650.00    5.9604E+006   2.7610E+010   2.0959E+010    0.759
       1700.00    6.2334E+006   1.9963E+011   1.4632E+011    0.733
       1800.00    6.7914E+006   8.4795E+012   5.7956E+012    0.683
       1900.00    7.3652E+006   2.8166E+014   1.7958E+014    0.638
       2000.00    7.9542E+006   7.5460E+015   4.4907E+015    0.595
       2500.00    1.1116E+007   8.8499E+021   3.7743E+021    0.426

            Partition function of structure    3
     ================================================================
          T(K)      Rot.          SS-HO           SS-T     SS-T/SS-HO
        100.00    8.6300E+004   2.3329E-231   1.9297E-231    0.827
        125.00    1.2061E+005   1.4688E-183   1.2806E-183    0.872
        200.00    2.4409E+005   2.7942E-111   2.8455E-111    1.018
        298.15    4.4429E+005   7.7297E-071   9.1016E-071    1.177
        300.00    4.4843E+005   2.5370E-070   2.9933E-070    1.180
        500.00    9.6486E+005   4.7764E-036   6.2898E-036    1.317
        750.00    1.7726E+006   3.7908E-017   4.8774E-017    1.287
       1000.00    2.7290E+006   2.1797E-006   2.5737E-006    1.181
       1100.00    3.1485E+006   3.7252E-003   4.2179E-003    1.132
       1150.00    3.3656E+006   1.0801E-001   1.1964E-001    1.108
       1200.00    3.5874E+006   2.5642E+000   2.7769E+000    1.083
       1250.00    3.8140E+006   5.0945E+001   5.3917E+001    1.058
       1300.00    4.0451E+006   8.6309E+002   8.9230E+002    1.034
       1350.00    4.2807E+006   1.2669E+004   1.2790E+004    1.010
       1400.00    4.5207E+006   1.6336E+005   1.6100E+005    0.986
       1450.00    4.7650E+006   1.8725E+006   1.8011E+006    0.962
       1500.00    5.0136E+006   1.9281E+007   1.8095E+007    0.939
       1550.00    5.2663E+006   1.7996E+008   1.6477E+008    0.916
       1600.00    5.5232E+006   1.5349E+009   1.3707E+009    0.893
       1650.00    5.7841E+006   1.2047E+010   1.0492E+010    0.871
       1700.00    6.0490E+006   8.7571E+010   7.4364E+010    0.849
       1800.00    6.5905E+006   3.7561E+012   3.0319E+012    0.807
       1900.00    7.1473E+006   1.2585E+014   9.6539E+013    0.767
       2000.00    7.7189E+006   3.3979E+015   2.4768E+015    0.729
       2500.00    1.0787E+007   4.1028E+021   2.3198E+021    0.565

            Partition function of structure    4
     ================================================================
          T(K)      Rot.          SS-HO           SS-T     SS-T/SS-HO
        100.00    7.9830E+004   3.1900E-232   2.5683E-232    0.805
        125.00    1.1157E+005   2.4752E-184   2.0733E-184    0.838
        200.00    2.2579E+005   6.2279E-112   5.8565E-112    0.940
        298.15    4.1098E+005   1.9614E-071   2.0620E-071    1.051
        300.00    4.1481E+005   6.4471E-071   6.7888E-071    1.053
        500.00    8.9253E+005   1.3246E-036   1.5484E-036    1.169
        750.00    1.6397E+006   1.0905E-017   1.3011E-017    1.193
       1000.00    2.5245E+006   6.3765E-007   7.3941E-007    1.160
       1100.00    2.9124E+006   1.0947E-003   1.2462E-003    1.138
       1150.00    3.1132E+006   3.1802E-002   3.5835E-002    1.127
       1200.00    3.3185E+006   7.5630E-001   8.4299E-001    1.115
       1250.00    3.5280E+006   1.5051E+001   1.6586E+001    1.102
       1300.00    3.7418E+006   2.5537E+002   2.7808E+002    1.089
       1350.00    3.9597E+006   3.7537E+003   4.0374E+003    1.076
       1400.00    4.1818E+006   4.8464E+004   5.1467E+004    1.062
       1450.00    4.4078E+006   5.5621E+005   5.8297E+005    1.048
       1500.00    4.6377E+006   5.7336E+006   5.9292E+006    1.034
       1550.00    4.8715E+006   5.3573E+007   5.4643E+007    1.020
       1600.00    5.1091E+006   4.5738E+008   4.6001E+008    1.006
       1650.00    5.3505E+006   3.5933E+009   3.5626E+009    0.991
       1700.00    5.5955E+006   2.6142E+010   2.5545E+010    0.977
       1800.00    6.0964E+006   1.1231E+012   1.0653E+012    0.949
       1900.00    6.6115E+006   3.7686E+013   3.4674E+013    0.920
       2000.00    7.1402E+006   1.0189E+015   9.0876E+014    0.892
       2500.00    9.9788E+006   1.2366E+021   9.3835E+020    0.759

            Partition function of structure    5
     ================================================================
          T(K)      Rot.          SS-HO           SS-T     SS-T/SS-HO
        100.00    9.1528E+004   2.9110E-231   2.2942E-231    0.788
        125.00    1.2791E+005   1.8837E-183   1.5789E-183    0.838
        200.00    2.5888E+005   3.8395E-111   3.7789E-111    0.984
        298.15    4.7120E+005   1.1228E-070   1.2633E-070    1.125
        300.00    4.7559E+005   3.6882E-070   4.1570E-070    1.127
        500.00    1.0233E+006   7.3294E-036   9.0571E-036    1.236
        750.00    1.8799E+006   5.9882E-017   7.0976E-017    1.185
       1000.00    2.8944E+006   3.4954E-006   3.7046E-006    1.060
       1100.00    3.3392E+006   5.9991E-003   6.0226E-003    1.004
       1150.00    3.5694E+006   1.7427E-001   1.7006E-001    0.976
       1200.00    3.8047E+006   4.1442E+000   3.9282E+000    0.948
       1250.00    4.0450E+006   8.2469E+001   7.5887E+001    0.920
       1300.00    4.2901E+006   1.3992E+003   1.2494E+003    0.893
       1350.00    4.5400E+006   2.0567E+004   1.7813E+004    0.866
       1400.00    4.7945E+006   2.6555E+005   2.2300E+005    0.840
       1450.00    5.0537E+006   3.0477E+006   2.4809E+006    0.814
       1500.00    5.3173E+006   3.1418E+007   2.4786E+007    0.789
       1550.00    5.5854E+006   2.9356E+008   2.2442E+008    0.764
       1600.00    5.8578E+006   2.5064E+009   1.8565E+009    0.741
       1650.00    6.1345E+006   1.9692E+010   1.4131E+010    0.718
       1700.00    6.4155E+006   1.4327E+011   9.9597E+010    0.695
       1800.00    6.9898E+006   6.1556E+012   4.0160E+012    0.652
       1900.00    7.5803E+006   2.0656E+014   1.2649E+014    0.612
       2000.00    8.1865E+006   5.5852E+015   3.2109E+015    0.575
       2500.00    1.1441E+007   6.7816E+021   2.8659E+021    0.423

            Partition function of structure    6
     ================================================================
          T(K)      Rot.          SS-HO           SS-T     SS-T/SS-HO
        100.00    9.1933E+004   2.5240E-231   2.0593E-231    0.816
        125.00    1.2848E+005   1.7564E-183   1.5314E-183    0.872
        200.00    2.6003E+005   4.0237E-111   4.1201E-111    1.024
        298.15    4.7328E+005   1.2627E-070   1.4637E-070    1.159
        300.00    4.7770E+005   4.1515E-070   4.8197E-070    1.161
        500.00    1.0278E+006   8.7772E-036   1.0886E-035    1.240
        750.00    1.8883E+006   7.4060E-017   8.4894E-017    1.146
       1000.00    2.9072E+006   4.3930E-006   4.3382E-006    0.988
       1100.00    3.3540E+006   7.5725E-003   6.9838E-003    0.922
       1150.00    3.5852E+006   2.2039E-001   1.9622E-001    0.890
       1200.00    3.8216E+006   5.2499E+000   4.5099E+000    0.859
       1250.00    4.0629E+006   1.0463E+002   8.6692E+001    0.829
       1300.00    4.3091E+006   1.7779E+003   1.4202E+003    0.799
       1350.00    4.5601E+006   2.6168E+004   2.0150E+004    0.770
       1400.00    4.8157E+006   3.3827E+005   2.5104E+005    0.742
       1450.00    5.0760E+006   3.8867E+006   2.7797E+006    0.715
       1500.00    5.3408E+006   4.0108E+007   2.7641E+007    0.689
       1550.00    5.6101E+006   3.7514E+008   2.4913E+008    0.664
       1600.00    5.8837E+006   3.2058E+009   2.0516E+009    0.640
       1650.00    6.1616E+006   2.5208E+010   1.5547E+010    0.617
       1700.00    6.4438E+006   1.8355E+011   1.0911E+011    0.594
       1800.00    7.0207E+006   7.8978E+012   4.3631E+012    0.552
       1900.00    7.6138E+006   2.6538E+014   1.3633E+014    0.514
       2000.00    8.2227E+006   7.1836E+015   3.4347E+015    0.478
       2500.00    1.1492E+007   8.7602E+021   2.9670E+021    0.339

            Partition function of structure    7
     ================================================================
          T(K)      Rot.          SS-HO           SS-T     SS-T/SS-HO
        100.00    8.9813E+004   1.1129E-232   6.4253E-233    0.577
        125.00    1.2552E+005   1.1506E-184   6.9097E-185    0.601
        200.00    2.5403E+005   4.4913E-112   3.0456E-112    0.678
        298.15    4.6237E+005   1.8027E-071   1.3919E-071    0.772
        300.00    4.6668E+005   5.9433E-071   4.5981E-071    0.774
        500.00    1.0041E+006   1.4818E-036   1.3018E-036    0.878
        750.00    1.8447E+006   1.3408E-017   1.1955E-017    0.892
       1000.00    2.8402E+006   8.2123E-007   6.9974E-007    0.852
       1100.00    3.2767E+006   1.4276E-003   1.1859E-003    0.831
       1150.00    3.5026E+006   4.1702E-002   3.4170E-002    0.819
       1200.00    3.7335E+006   9.9670E-001   8.0518E-001    0.808
       1250.00    3.9692E+006   1.9926E+001   1.5864E+001    0.796
       1300.00    4.2098E+006   3.3951E+002   2.6628E+002    0.784
       1350.00    4.4549E+006   5.0101E+003   3.8698E+003    0.772
       1400.00    4.7047E+006   6.4922E+004   4.9370E+004    0.760
       1450.00    4.9590E+006   7.4761E+005   5.5959E+005    0.749
       1500.00    5.2177E+006   7.7310E+006   5.6945E+006    0.737
       1550.00    5.4807E+006   7.2449E+007   5.2505E+007    0.725
       1600.00    5.7481E+006   6.2024E+008   4.4217E+008    0.713
       1650.00    6.0196E+006   4.8855E+009   3.4256E+009    0.701
       1700.00    6.2953E+006   3.5630E+010   2.4569E+010    0.690
       1800.00    6.8588E+006   1.5376E+012   1.0250E+012    0.667
       1900.00    7.4383E+006   5.1799E+013   3.3370E+013    0.644
       2000.00    8.0332E+006   1.4055E+015   8.7467E+014    0.622
       2500.00    1.1227E+007   1.7292E+021   9.0265E+020    0.522

            Partition function of structure    8
     ================================================================
          T(K)      Rot.          SS-HO           SS-T     SS-T/SS-HO
        100.00    9.0095E+004   3.8204E-232   2.1043E-232    0.551
        125.00    1.2591E+005   3.7924E-184   2.2108E-184    0.583
        200.00    2.5483E+005   1.4122E-111   9.5150E-112    0.674
        298.15    4.6382E+005   5.5910E-071   4.2305E-071    0.757
        300.00    4.6815E+005   1.8432E-070   1.3967E-070    0.758
        500.00    1.0073E+006   4.5868E-036   3.7252E-036    0.812
        750.00    1.8505E+006   4.1581E-017   3.2057E-017    0.771
       1000.00    2.8490E+006   2.5507E-006   1.7705E-006    0.694
       1100.00    3.2869E+006   4.4363E-003   2.9367E-003    0.662
       1150.00    3.5136E+006   1.2961E-001   8.3739E-002    0.646
       1200.00    3.7452E+006   3.0985E+000   1.9532E+000    0.630
       1250.00    3.9817E+006   6.1957E+001   3.8097E+001    0.615
       1300.00    4.2229E+006   1.0559E+003   6.3322E+002    0.600
       1350.00    4.4689E+006   1.5584E+004   9.1139E+003    0.585
       1400.00    4.7195E+006   2.0198E+005   1.1517E+005    0.570
       1450.00    4.9745E+006   2.3263E+006   1.2933E+006    0.556
       1500.00    5.2340E+006   2.4059E+007   1.3041E+007    0.542
       1550.00    5.4979E+006   2.2550E+008   1.1916E+008    0.528
       1600.00    5.7661E+006   1.9308E+009   9.9466E+008    0.515
       1650.00    6.0385E+006   1.5211E+010   7.6389E+009    0.502
       1700.00    6.3150E+006   1.1095E+011   5.4318E+010    0.490
       1800.00    6.8803E+006   4.7891E+012   2.2285E+012    0.465
       1900.00    7.4616E+006   1.6138E+014   7.1380E+013    0.442
       2000.00    8.0583E+006   4.3797E+015   1.8418E+015    0.421
       2500.00    1.1262E+007   5.3934E+021   1.7695E+021    0.328

            Partition function of structure    9
     ================================================================
          T(K)      Rot.          SS-HO           SS-T     SS-T/SS-HO
        100.00    9.1088E+004   2.9053E-232   1.7273E-232    0.595
        125.00    1.2730E+005   2.7767E-184   1.7239E-184    0.621
        200.00    2.5764E+005   9.9194E-112   7.0302E-112    0.709
        298.15    4.6894E+005   3.8878E-071   3.1740E-071    0.816
        300.00    4.7331E+005   1.2816E-070   1.0486E-070    0.818
        500.00    1.0184E+006   3.1999E-036   3.0314E-036    0.947
        750.00    1.8709E+006   2.9217E-017   2.8509E-017    0.976
       1000.00    2.8805E+006   1.8016E-006   1.6826E-006    0.934
       1100.00    3.3232E+006   3.1384E-003   2.8506E-003    0.908
       1150.00    3.5523E+006   9.1760E-002   8.2068E-002    0.894
       1200.00    3.7865E+006   2.1950E+000   1.9315E+000    0.880
       1250.00    4.0256E+006   4.3919E+001   3.7994E+001    0.865
       1300.00    4.2695E+006   7.4891E+002   6.3651E+002    0.850
       1350.00    4.5182E+006   1.1060E+004   9.2294E+003    0.835
       1400.00    4.7715E+006   1.4341E+005   1.1745E+005    0.819
       1450.00    5.0294E+006   1.6525E+006   1.3275E+006    0.803
       1500.00    5.2917E+006   1.7099E+007   1.3468E+007    0.788
       1550.00    5.5585E+006   1.6033E+008   1.2377E+008    0.772
       1600.00    5.8296E+006   1.3734E+009   1.0388E+009    0.756
       1650.00    6.1050E+006   1.0823E+010   8.0185E+009    0.741
       1700.00    6.3846E+006   7.8975E+010   5.7292E+010    0.725
       1800.00    6.9562E+006   3.4113E+012   2.3712E+012    0.695
       1900.00    7.5438E+006   1.1502E+014   7.6549E+013    0.666
       2000.00    8.1472E+006   3.1232E+015   1.9890E+015    0.637
       2500.00    1.1386E+007   3.8542E+021   1.9607E+021    0.509

            Partition function of structure   10
     ================================================================
          T(K)      Rot.          SS-HO           SS-T     SS-T/SS-HO
        100.00    7.8060E+004   7.8221E-234   5.5956E-234    0.715
        125.00    1.0909E+005   1.1190E-185   8.2359E-186    0.736
        200.00    2.2079E+005   6.8629E-113   5.5001E-113    0.801
        298.15    4.0186E+005   3.4347E-072   3.0137E-072    0.877
        300.00    4.0561E+005   1.1354E-071   9.9767E-072    0.879
        500.00    8.7273E+005   3.3201E-037   3.2620E-037    0.982
        750.00    1.6033E+006   3.2300E-018   3.3507E-018    1.037
       1000.00    2.4685E+006   2.0469E-007   2.1330E-007    1.042
       1100.00    2.8478E+006   3.5903E-004   3.7192E-004    1.036
       1150.00    3.0442E+006   1.0528E-002   1.0861E-002    1.032
       1200.00    3.2449E+006   2.5249E-001   2.5926E-001    1.027
       1250.00    3.4498E+006   5.0638E+000   5.1724E+000    1.021
       1300.00    3.6588E+006   8.6532E+001   8.7882E+001    1.016
       1350.00    3.8719E+006   1.2803E+003   1.2923E+003    1.009
       1400.00    4.0890E+006   1.6631E+004   1.6678E+004    1.003
       1450.00    4.3100E+006   1.9196E+005   1.9117E+005    0.996
       1500.00    4.5349E+006   1.9892E+006   1.9668E+006    0.989
       1550.00    4.7635E+006   1.8677E+007   1.8330E+007    0.981
       1600.00    4.9958E+006   1.6019E+008   1.5600E+008    0.974
       1650.00    5.2318E+006   1.2639E+009   1.2212E+009    0.966
       1700.00    5.4714E+006   9.2323E+009   8.8478E+009    0.958
       1800.00    5.9612E+006   3.9956E+011   3.7653E+011    0.942
       1900.00    6.4648E+006   1.3495E+013   1.2497E+013    0.926
       2000.00    6.9819E+006   3.6699E+014   3.3377E+014    0.910
       2500.00    9.7575E+006   4.5529E+020   3.7599E+020    0.826

     ================================================================
              Partition Functions Including All Structures
        -----------------------------------------------------------
        Zero of energy is set to potential energy of global minimum
        -----------------------------------------------------------
        T(K)    Elec.        Trans.              Con-rovib
                                            MS-LH    or     MS-T
        100.00  2.0000E+000  3.2877E+006  2.9538E-229  2.4930E-229
        125.00  2.0000E+000  5.7434E+006  8.5466E-182  7.6149E-182
        200.00  2.0000E+000  1.8598E+007  6.0104E-110  6.1545E-110
        298.15  2.0000E+000  5.0464E+007  1.1336E-069  1.3020E-069
        300.00  2.0000E+000  5.1250E+007  3.7063E-069  4.2636E-069
        500.00  2.0000E+000  1.8379E+008  5.7549E-035  7.1292E-035
        750.00  2.0000E+000  5.0646E+008  4.3129E-016  5.0797E-016
       1000.00  2.0000E+000  1.0397E+009  2.4322E-005  2.5611E-005
       1100.00  2.0000E+000  1.3194E+009  4.1393E-002  4.1365E-002
       1150.00  2.0000E+000  1.4745E+009  1.1982E+000  1.1654E+000
       1200.00  2.0000E+000  1.6400E+009  2.8402E+001  2.6874E+001
       1250.00  2.0000E+000  1.8162E+009  5.6358E+002  5.1858E+002
       1300.00  2.0000E+000  2.0033E+009  9.5371E+003  8.5314E+003
       1350.00  2.0000E+000  2.2015E+009  1.3985E+005  1.2160E+005
       1400.00  2.0000E+000  2.4111E+009  1.8018E+006  1.5223E+006
       1450.00  2.0000E+000  2.6322E+009  2.0638E+007  1.6942E+007
       1500.00  2.0000E+000  2.8650E+009  2.1236E+008  1.6937E+008
       1550.00  2.0000E+000  3.1097E+009  1.9809E+009  1.5348E+009
       1600.00  2.0000E+000  3.3666E+009  1.6886E+010  1.2710E+010
       1650.00  2.0000E+000  3.6358E+009  1.3247E+011  9.6864E+010
       1700.00  2.0000E+000  3.9175E+009  9.6249E+011  6.8371E+011
       1800.00  2.0000E+000  4.5193E+009  4.1253E+013  2.7660E+013
       1900.00  2.0000E+000  5.1734E+009  1.3814E+015  8.7451E+014
       2000.00  2.0000E+000  5.8812E+009  3.7279E+016  2.2292E+016
       2500.00  2.0000E+000  1.0274E+010  4.4950E+022  2.0380E+022

             Total Partition Function (E + T + Con-rovib)
             ---------------------------------------------
                T(K)     E + T + MS-LH     E + T + MS-T
                100.00     1.9423E-222       1.6393E-222
                125.00     9.8173E-175       8.7470E-175
                200.00     2.2356E-102       2.2892E-102
                298.15     1.1441E-061       1.3141E-061
                300.00     3.7989E-061       4.3702E-061
                500.00     2.1154E-026       2.6205E-026
                750.00     4.3686E-007       5.1453E-007
               1000.00     5.0573E+004       5.3253E+004
               1100.00     1.0923E+008       1.0915E+008
               1150.00     3.5334E+009       3.4366E+009
               1200.00     9.3160E+010       8.8148E+010
               1250.00     2.0472E+012       1.8837E+012
               1300.00     3.8212E+013       3.4182E+013
               1350.00     6.1579E+014       5.3539E+014
               1400.00     8.6885E+015       7.3408E+015
               1450.00     1.0864E+017       8.9187E+016
               1500.00     1.2168E+018       9.7045E+017
               1550.00     1.2320E+019       9.5456E+018
               1600.00     1.1369E+020       8.5577E+019
               1650.00     9.6328E+020       7.0436E+020
               1700.00     7.5412E+021       5.3569E+021
               1800.00     3.7287E+023       2.5001E+023
               1900.00     1.4293E+025       9.0484E+024
               2000.00     4.3849E+026       2.6221E+026
               2500.00     9.2363E+032       4.1876E+032

     ================================================================
              Partition Functions Including All Structures
        -----------------------------------------------------------
                    Zero of energy is set to ZPE
        -----------------------------------------------------------
        T(K)             Con-rovib                Total
                   MS-LH        MS-T       E+T+MS-LH    E+T+MS-T
        100.00  1.3581E+006  1.1462E+006  8.9297E+012  7.5366E+012
        125.00  4.5901E+006  4.0897E+006  5.2725E+013  4.6977E+013
        200.00  1.2887E+008  1.3197E+008  4.7936E+015  4.9086E+015
        298.15  5.7630E+009  6.6194E+009  5.8164E+017  6.6808E+017
        300.00  6.1628E+009  7.0895E+009  6.3169E+017  7.2668E+017
        500.00  4.9266E+012  6.1031E+012  1.8109E+021  2.2433E+021
        750.00  8.3774E+015  9.8667E+015  8.4856E+024  9.9942E+024
       1000.00  7.1162E+018  7.4933E+018  1.4797E+028  1.5581E+028
       1100.00  8.9100E+019  8.9040E+019  2.3512E+029  2.3496E+029
       1150.00  3.0476E+020  2.9642E+020  8.9872E+029  8.7412E+029
       1200.00  1.0199E+021  9.6505E+020  3.3453E+030  3.1654E+030
       1250.00  3.3416E+021  3.0748E+021  1.2138E+031  1.1169E+031
       1300.00  1.0725E+022  9.5936E+021  4.2970E+031  3.8438E+031
       1350.00  3.3736E+022  2.9331E+022  1.4854E+032  1.2915E+032
       1400.00  1.0407E+023  8.7925E+022  5.0182E+032  4.2399E+032
       1450.00  3.1498E+023  2.5857E+023  1.6582E+033  1.3612E+033
       1500.00  9.3590E+023  7.4644E+023  5.3627E+033  4.2770E+033
       1550.00  2.7313E+024  2.1163E+024  1.6987E+034  1.3162E+034
       1600.00  7.8330E+024  5.8958E+024  5.2741E+034  3.9698E+034
       1650.00  2.2085E+025  1.6149E+025  1.6059E+035  1.1743E+035
       1700.00  6.1246E+025  4.3506E+025  4.7986E+035  3.4087E+035
       1800.00  4.4901E+026  3.0107E+026  4.0585E+036  2.7212E+036
       1900.00  3.0972E+027  1.9608E+027  3.2046E+037  2.0288E+037
       2000.00  2.0164E+028  1.2058E+028  2.3718E+038  1.4183E+038
       2500.00  1.0945E+032  4.9625E+031  2.2490E+042  1.0197E+042
     ================================================================

                     ==============================
                          Thermodynamic Functions
                      (Ideal gas at standard state)
                     ==============================
     T  - Temperature (Kelvin)        G  - Gibbs Free Energy (kcal/mol)
     E  - Thermal Energy (kcal/mol)   H  - Enthalpy (kcal/mol)
     S  - Entropy (cal/(mol-K))
     Cp - Heat Capacity at Constant Pressure (cal/(mol-K))
        -----------------------------------------------------------
        Zero of energy is set to potential energy of global minimum
        -----------------------------------------------------------

               Contribution from electronic P.F. 
     ================================================================
                  T          G          E          S
                100.00      -0.138      0.000      1.377
                125.00      -0.172      0.000      1.377
                200.00      -0.275      0.000      1.377
                298.15      -0.411      0.000      1.377
                300.00      -0.413      0.000      1.377
                500.00      -0.689      0.000      1.377
                750.00      -1.033      0.000      1.377
               1000.00      -1.377      0.000      1.377
               1100.00      -1.515      0.000      1.377
               1150.00      -1.584      0.000      1.377
               1200.00      -1.653      0.000      1.377
               1250.00      -1.722      0.000      1.377
               1300.00      -1.791      0.000      1.377
               1350.00      -1.860      0.000      1.377
               1400.00      -1.928      0.000      1.377
               1450.00      -1.997      0.000      1.377
               1500.00      -2.066      0.000      1.377
               1550.00      -2.135      0.000      1.377
               1600.00      -2.204      0.000      1.377
               1650.00      -2.273      0.000      1.377
               1700.00      -2.342      0.000      1.377
               1800.00      -2.479      0.000      1.377
               1900.00      -2.617      0.000      1.377
               2000.00      -2.755      0.000      1.377
               2500.00      -3.444      0.000      1.377

               Contribution from translational P.F. 
     ================================================================
                  T          G          E          S
                100.00      -2.982      0.298     34.788
                125.00      -3.866      0.373     35.896
                200.00      -6.653      0.596     38.231
                298.15     -10.509      0.889     40.215
                300.00     -10.583      0.894     40.246
                500.00     -18.908      1.490     42.783
                750.00     -29.872      2.236     44.798
               1000.00     -41.259      2.981     46.227
               1100.00     -45.906      3.279     46.700
               1150.00     -48.246      3.428     46.921
               1200.00     -50.598      3.577     47.133
               1250.00     -52.959      3.726     47.336
               1300.00     -55.331      3.875     47.530
               1350.00     -57.712      4.024     47.718
               1400.00     -60.103      4.173     47.899
               1450.00     -62.502      4.322     48.073
               1500.00     -64.910      4.471     48.241
               1550.00     -67.326      4.620     48.404
               1600.00     -69.750      4.769     48.562
               1650.00     -72.182      4.918     48.715
               1700.00     -74.622      5.067     48.863
               1800.00     -79.522      5.365     49.147
               1900.00     -84.451      5.664     49.416
               2000.00     -89.405      5.962     49.671
               2500.00    -114.528      7.452     50.779

        Contribution from conformational-rovibrational P.F. (MS-LH)
     ================================================================
                  T          G          E          S
                100.00     104.569    108.369     38.002
                125.00     103.565    108.851     42.287
                200.00      99.953    110.685     53.657
                298.15      94.059    113.787     66.166
                300.00      93.937    113.853     66.389
                500.00      78.336    122.975     89.277
                750.00      52.730    138.985    115.006
               1000.00      21.112    158.524    137.411
               1100.00       6.961    167.049    145.535
               1150.00      -0.413    171.435    149.434
               1200.00      -7.980    175.896    153.230
               1250.00     -15.735    180.425    156.928
               1300.00     -23.671    185.018    160.531
               1350.00     -31.786    189.671    164.043
               1400.00     -40.074    194.380    167.467
               1450.00     -48.531    199.140    170.808
               1500.00     -57.154    203.948    174.068
               1550.00     -65.937    208.801    177.250
               1600.00     -74.877    213.696    180.359
               1650.00     -83.972    218.631    183.395
               1700.00     -93.216    223.601    186.363
               1800.00    -112.141    233.644    192.103
               1900.00    -131.628    243.807    197.598
               2000.00    -151.653    254.077    202.865
               2500.00    -259.132    306.648    226.312

        Contribution from conformational-rovibrational P.F. (MS-T)
     ================================================================
                  T          G          E          S
                100.00     104.603    108.413     38.098
                125.00     103.594    108.917     42.586
                200.00      99.944    110.807     54.318
                298.15      93.977    113.934     66.937
                300.00      93.853    114.001     67.159
                500.00      78.124    122.988     89.729
                750.00      52.487    138.577    114.788
               1000.00      21.010    157.514    136.504
               1100.00       6.963    165.760    144.361
               1150.00      -0.350    169.999    148.129
               1200.00      -7.848    174.308    151.797
               1250.00     -15.528    178.681    155.367
               1300.00     -23.383    183.114    158.844
               1350.00     -31.411    187.603    162.232
               1400.00     -39.605    192.143    165.534
               1450.00     -47.963    196.731    168.754
               1500.00     -56.479    201.363    171.895
               1550.00     -65.151    206.037    174.960
               1600.00     -73.974    210.749    177.952
               1650.00     -82.945    215.498    180.874
               1700.00     -92.060    220.280    183.729
               1800.00    -110.711    229.935    189.248
               1900.00    -129.902    239.701    194.528
               2000.00    -149.610    249.563    199.586
               2500.00    -255.202    299.967    222.068

     Total (Translational + Electronic + conformational-rovib.(MS-LH))
     ======================================================================
              T          G          E          H          S          Cp
            100.00     101.449    108.667    108.866     74.167     22.540
            125.00      99.527    109.223    109.472     79.561     25.811
            200.00      93.025    111.281    111.678     93.265     32.549
            298.15      83.140    114.675    115.268    107.758     40.876
            300.00      82.940    114.748    115.344    108.012     41.048
            500.00      58.740    124.465    125.459    133.438     59.750
            750.00      21.825    141.221    142.711    161.181     77.039
           1000.00     -21.524    161.505    163.492    185.016     88.452
           1100.00     -40.459    170.328    172.514    193.612     91.908
           1150.00     -50.243    174.863    177.149    197.732     93.450
           1200.00     -60.231    179.473    181.857    201.740     94.881
           1250.00     -70.416    184.151    186.635    205.641     96.211
           1300.00     -80.793    188.894    191.477    209.438     97.446
           1350.00     -91.358    193.696    196.378    213.138     98.595
           1400.00    -102.105    198.553    201.335    216.743     99.665
           1450.00    -113.031    203.462    206.344    220.258    100.662
           1500.00    -124.130    208.419    211.400    223.687    101.592
           1550.00    -135.398    213.422    216.502    227.032    102.459
           1600.00    -146.832    218.466    221.645    230.298    103.269
           1650.00    -158.427    223.549    226.828    233.487    104.027
           1700.00    -170.179    228.669    232.047    236.604    104.736
           1800.00    -194.143    239.009    242.586    242.627    106.022
           1900.00    -218.696    249.471    253.246    248.391    107.154
           2000.00    -243.813    260.038    264.013    253.913    108.155
           2500.00    -377.103    314.101    319.069    278.469    111.736

     Total (Translational + Electronic + conformational-rovib.(MS-T))
     ======================================================================
              T          G          E          H          S          Cp
            100.00     101.483    108.711    108.909     74.263     23.431
            125.00      99.556    109.290    109.538     79.860     26.716
            200.00      93.016    111.404    111.801     93.926     33.110
            298.15      83.058    114.823    115.416    108.529     40.814
            300.00      82.857    114.895    115.491    108.782     40.974
            500.00      58.527    124.479    125.472    133.890     58.548
            750.00      21.581    140.813    142.303    160.963     74.945
           1000.00     -21.627    160.495    162.482    184.109     85.759
           1100.00     -40.458    169.039    171.225    192.439     89.015
           1150.00     -50.180    173.427    175.712    196.428     90.463
           1200.00     -60.099    177.885    180.269    200.307     91.803
           1250.00     -70.209    182.407    184.891    204.080     93.046
           1300.00     -80.505    186.989    189.573    207.752     94.198
           1350.00     -90.983    191.627    194.309    211.327     95.267
           1400.00    -101.637    196.316    199.098    214.810     96.260
           1450.00    -112.462    201.053    203.934    218.204     97.182
           1500.00    -123.456    205.834    208.815    221.514     98.041
           1550.00    -134.612    210.657    213.737    224.742     98.840
           1600.00    -145.929    215.519    218.698    227.892     99.584
           1650.00    -157.400    220.416    223.695    230.967    100.278
           1700.00    -169.024    225.347    228.725    233.970    100.926
           1800.00    -192.713    235.301    238.878    239.773    102.098
           1900.00    -216.970    245.364    249.140    245.321    103.125
           2000.00    -241.770    255.524    259.499    250.634    104.028
           2500.00    -373.174    307.419    312.387    274.224    107.218

                        --------------------------------
                         Zero of energy is set to ZPE
                        --------------------------------

     Total (Translational + Electronic + conformational-rovib.(MS-LH))
     ======================================================================
              T          G          E          H          S          Cp
            100.00      -5.926      1.292      1.491     74.167     22.540
            125.00      -7.849      1.848      2.097     79.561     25.811
            200.00     -14.350      3.905      4.303     93.265     32.549
            298.15     -24.236      7.300      7.893    107.758     40.876
            300.00     -24.435      7.372      7.968    108.012     41.048
            500.00     -48.635     17.090     18.084    133.438     59.750
            750.00     -85.550     33.845     35.336    161.181     77.039
           1000.00    -128.899     54.129     56.117    185.016     88.452
           1100.00    -147.835     62.953     65.139    193.612     91.908
           1150.00    -157.619     67.488     69.773    197.732     93.450
           1200.00    -167.606     72.097     74.482    201.740     94.881
           1250.00    -177.791     76.776     79.260    205.641     96.211
           1300.00    -188.168     81.518     84.102    209.438     97.446
           1350.00    -198.733     86.320     89.003    213.138     98.595
           1400.00    -209.481     91.178     93.960    216.743     99.665
           1450.00    -220.406     96.087     98.968    220.258    100.662
           1500.00    -231.505    101.044    104.025    223.687    101.592
           1550.00    -242.773    106.046    109.126    227.032    102.459
           1600.00    -254.207    111.090    114.270    230.298    103.269
           1650.00    -265.802    116.174    119.453    233.487    104.027
           1700.00    -277.554    121.293    124.672    236.604    104.736
           1800.00    -301.518    131.634    135.211    242.627    106.022
           1900.00    -326.071    142.095    145.871    248.391    107.154
           2000.00    -351.188    152.663    156.637    253.913    108.155
           2500.00    -484.479    206.725    211.693    278.469    111.736

     Total (Translational + Electronic + conformational-rovib.(MS-T))
     ======================================================================
              T          G          E          H          S          Cp
            100.00      -5.892      1.335      1.534     74.263     23.431
            125.00      -7.820      1.914      2.163     79.860     26.716
            200.00     -14.359      4.028      4.426     93.926     33.110
            298.15     -24.317      7.448      8.040    108.529     40.814
            300.00     -24.518      7.520      8.116    108.782     40.974
            500.00     -48.848     17.104     18.097    133.890     58.548
            750.00     -85.794     33.438     34.928    160.963     74.945
           1000.00    -129.002     53.119     55.107    184.109     85.759
           1100.00    -147.833     61.664     63.850    192.439     89.015
           1150.00    -157.555     66.052     68.337    196.428     90.463
           1200.00    -167.474     70.509     72.894    200.307     91.803
           1250.00    -177.584     75.032     77.516    204.080     93.046
           1300.00    -187.881     79.614     82.197    207.752     94.198
           1350.00    -198.358     84.251     86.934    211.327     95.267
           1400.00    -209.012     88.941     91.723    214.810     96.260
           1450.00    -219.838     93.678     96.559    218.204     97.182
           1500.00    -230.831     98.459    101.440    221.514     98.041
           1550.00    -241.988    103.282    106.362    224.742     98.840
           1600.00    -253.304    108.143    111.323    227.892     99.584
           1650.00    -264.776    113.041    116.320    230.967    100.278
           1700.00    -276.399    117.972    121.350    233.970    100.926
           1800.00    -300.089    127.925    131.502    239.773    102.098
           1900.00    -324.346    137.989    141.765    245.321    103.125
           2000.00    -349.145    148.149    152.123    250.634    104.028
           2500.00    -480.550    200.044    205.012    274.224    107.218

 ==============================End of MSTor output==============================
