
 *******************************************************************************

   MSTor program version 2013 (2013)

   Jingjing Zheng, Steven L. Mielke, and Donald G. Truhlar

   Department of Chemistry and Supercomputing Institute
   University of Minnesota, Minneapolis, Minnesota, USA

   Copyright 2013
   Donald G. Truhlar and Regents of the University of Minnesota

   Citations: 
   MS-T(U) method
     J. Zheng, T. Yu, E. Papajak, I. M. Alecu, S. L. Mielke, and D. G. Truhlar,
     Phys. Chem. Chem. Phys. 13, 10885-10907 (2011).
   MS-T(C) method
     J. Zheng and D. G. Truhlar, J. Chem. Theory Comput., DOI: 10.1021/ct3010722.
   MSTor program
     J. Zheng, S. L. Mielke, K. L Clarkson, and D. G. Truhlar,
     Comp. Phys. Comm. 183, 1803-1812 (2012).
     J. Zheng, R. Meana-Paneda, and D. G. Truhlar, Comp. Phys. Comm.
     to be published as new version announcement.

 *******************************************************************************

                    Naming conventions for the MS methods
   -----------------------------------------------------------------------------
   Common name        Original or other names
   -----------------------------------------------------------------------------
   MS-LH         =    MS-HO (ref. 1)   =   MS-AS-HO (ref. 2)
   MS-T          =    MS-AS (ref. 1)   =   MS-AS-T  (ref. 2)
   -----------------------------------------------------------------------------
   Ref. 1: J. Zheng, T. Yu, E. Papajak, I. M. Alecu, S. L. Mielke, and
           D. G. Truhlar, Phys. Chem. Chem. Phys. 13, 10885 (2011).
   Ref. 2: T. Yu, J. Zheng, and D. G. Truhlar, Chem. Sci. 2, 2199 (2011)

   Calculation run on 01/25/2022 at 14:05:50  

   Number of structures:             3
   Number of torsions:               6
   Method:                           MS-T(C)
   Frequency scaling factor:         0.964
   Delta T for finite difference:    0.5 K
   Internal coordinates
     Bonds:         01-02  01-18  01-19  01-20  02-03  02-16  03-04  03-15  04-05
     Bonds:         04-12  04-13  05-06  05-08  06-07  07-09  07-10  07-11  16-21
     Bonds:         02-17  03-14
     Angles:        01-02-17  02-01-18  02-01-19  02-03-04  02-03-14  03-02-17
     Angles:        03-04-05  03-04-13  04-03-15  04-05-08  05-06-07  06-05-08
     Angles:        06-07-11  09-07-10  12-04-13  16-02-17  06-07-10  18-01-19
     Linear Angles: 02=16=21
     Dihedrals:     01-03-17-02  02-04-14-03  02-04-15-03  02-18-20-01
     Dihedrals:     03-05-12-04  03-05-13-04  03-16-17-02  04-06-08-05
     Dihedrals:     06-09-10-07  09-10-11-07  18-19-20-01  04-03-02-01
     Dihedrals:     05-04-03-02  06-05-04-03  07-06-05-04  03-02-01-18
     Dihedrals:     05-06-07-09

   All moment output uses units of amu for masses and Angstroms for distances 

                           ==========================
                                Structure   1
                           ==========================

   Normal-mode Frequencies (cm-1) 
   (Overall translation and rotation projected out)
    1280.4607i      0.0001i      0.0000i      0.0000i      0.0000i      0.0000 
       0.0000      37.3104      65.9935      96.0407     139.1968     170.8018 
     192.4646     207.8209     241.9121     294.1293     321.0693     334.9726 
     362.6770     517.1326     581.6228     653.0976     791.8053     840.6208 
     850.7328     919.8871     946.3530    1014.5597    1048.4758    1077.5873 
    1097.4078    1128.1324    1163.9428    1169.6565    1192.8422    1211.3111 
    1223.9205    1248.9353    1265.3146    1302.8199    1380.6271    1394.8176 
    1402.8321    1433.7742    1441.0625    1460.5695    1461.9861    1464.0868 
    1466.4549    1477.5595    1565.9962    1822.6606    2986.5685    2991.0294 
    3021.5886    3028.8862    3039.9539    3056.6427    3070.3389    3079.3215 
    3092.3664    3113.4348    3147.1211 
   Torsion-projected frequencies/non-torsional frequencies (cm-1)
    1280.4575i    200.9692     241.1981     293.6205     320.8594     332.4925 
     362.5905     517.0626     579.1477     652.9054     791.1936     840.5070 
     850.6960     919.8324     946.3269    1014.5513    1048.4704    1077.5772 
    1097.4024    1128.1284    1163.6391    1169.6215    1192.8411    1211.2760 
    1223.9007    1248.9196    1265.3023    1302.8014    1380.6264    1394.8157 
    1402.8297    1433.7638    1441.0559    1460.5692    1461.9837    1464.0085 
    1466.4182    1477.5595    1565.9931    1822.6598    2986.5682    2991.0291 
    3021.5885    3028.8862    3039.9532    3056.6423    3070.3371    3079.3159 
    3092.3593    3113.4261    3147.1211 
   Product of consistently coupled torsional frequencies (in cm-1^ntor)  1.1407E+12
   Primitively coupled torsional frequencies (cm-1) (Not used)
      40.3478      74.2649     102.4573     141.7896     182.6654     202.4725 
   Product of primitively coupled torsional frequencies (in cm-1^ntor)   1.6100E+12
   Effective coupled torsional barrier (kcal/mol)
        1.098        1.690        2.045        3.983        8.872        9.380 

   D matrix: 
   m-n        1             2             3             4             5
    1   2.555517E+01  1.118286E+00 -4.339965E+00  4.658657E-01  1.506221E+00
    2   1.118286E+00  2.730705E+01  7.531032E+00  5.625629E+00  2.038899E+00
    3  -4.339965E+00  7.531032E+00  4.329523E+01 -1.260235E+01  4.620771E-01
    4   4.658657E-01  5.625629E+00 -1.260235E+01  1.742194E+01  3.996758E-01
    5   1.506221E+00  2.038899E+00  4.620771E-01  3.996758E-01  3.032624E+00
    6  -2.613967E-01  9.539580E-01  2.316279E+00  1.407880E+00  6.401476E-02
   m-n        6
    1  -2.613967E-01
    2   9.539580E-01
    3   2.316279E+00
    4   1.407880E+00
    5   6.401476E-02
    6   3.114539E+00

   Eigenvalues of D matrix:
     5.0268E+01    3.0424E+01    2.4778E+01    8.9702E+00    2.7748E+00    2.5121E+00
   Determinant of D matrix  1.802965E+029

          Uncoupled force constants (au), Pitzer moment of inertia (amu A^2),
   uncoupled torsional frequencies (cm-1), and uncoupled torsional barrier (kcal/mol)
   --------------------------------------------------------------------------------
   Torsion               1             2             3             4             5
   Force constant   1.94405E-02  4.20447E-02  1.15341E-02  4.39872E-02  1.49247E-02
   Moment          25.555       27.307       43.295       17.422        3.033
   Tor. Freq.        75.027      106.739       44.399      136.685      190.831
   Rot. barrier       3.964        8.573        2.352        8.969        2.081
   M_j,tau            2.481        2.481        2.481        2.481        3.000

   Torsion               6
   Force constant   8.08999E-03
   Moment           3.115
   Tor. Freq.       138.638
   Rot. barrier       1.128
   M_j,tau            3.000
   --------------------------------------------------------------------------------
   Potential Energy =   0.000 kcal/mol
   Weight =  1
   Overall rotational symmetry number =   1

                           ==========================
                                Structure   2
                           ==========================

   Normal-mode Frequencies (cm-1) 
   (Overall translation and rotation projected out)
    1307.5823i      0.0000i      0.0000i      0.0000i      0.0000i      0.0000 
       0.0000      30.0268      62.2639     102.8009     108.9270     137.7233 
     174.3904     195.2623     245.7698     282.1051     327.7277     340.6731 
     348.7274     482.5965     577.5547     699.6858     751.7719     823.0453 
     894.0120     925.5297     936.3297    1028.1195    1052.2052    1086.8107 
    1103.1245    1124.8754    1164.1223    1169.0166    1191.2944    1215.4863 
    1222.3874    1231.0366    1283.3332    1288.8548    1364.1284    1394.3723 
    1413.3417    1436.3813    1451.8173    1461.3312    1462.6881    1463.7953 
    1466.9975    1477.9161    1552.3428    1826.1831    2987.3233    2991.3169 
    3017.9651    3028.4506    3038.8836    3052.3665    3061.1187    3066.4205 
    3091.1955    3112.8742    3146.3539 
   Torsion-projected frequencies/non-torsional frequencies (cm-1)
    1307.5726i    103.1643     245.6616     281.5646     326.7473     339.9205 
     348.0327     482.5029     574.7596     699.6817     751.0973     822.7473 
     893.9625     925.4749     936.1865    1028.1152    1052.1973    1086.7929 
    1103.1232    1124.8667    1163.8236    1168.9817    1191.2934    1215.4654 
    1222.3774    1231.0163    1283.3264    1288.8482    1364.1269    1394.3715 
    1413.3415    1436.3790    1451.8116    1461.3285    1462.6812    1463.7153 
    1466.9486    1477.9161    1552.3365    1826.1830    2987.3231    2991.3168 
    3017.9647    3028.4506    3038.8810    3052.3655    3061.1182    3066.4195 
    3091.1893    3112.8656    3146.3539 
   Product of consistently coupled torsional frequencies (in cm-1^ntor)  9.6765E+11
   Primitively coupled torsional frequencies (cm-1) (Not used)
      34.4219      67.4597     113.1180     140.1041     182.9926     203.1881 
   Product of primitively coupled torsional frequencies (in cm-1^ntor)   1.3683E+12
   Effective coupled torsional barrier (kcal/mol)
        0.842        1.101        1.994        2.630        3.710        7.479 

   D matrix: 
   m-n        1             2             3             4             5
    1   2.214570E+01 -2.240554E+00  1.702850E+01 -5.016418E+00  9.558595E-01
    2  -2.240554E+00  2.424119E+01 -2.840474E+00  8.873977E+00  2.058165E+00
    3   1.702850E+01 -2.840474E+00  3.089618E+01 -1.200252E+01  1.169726E+00
    4  -5.016418E+00  8.873977E+00 -1.200252E+01  1.825347E+01  2.114318E-01
    5   9.558595E-01  2.058165E+00  1.169726E+00  2.114318E-01  3.017406E+00
    6   8.855649E-01  4.067926E-01  1.455517E+00  1.506740E+00  1.016685E-01
   m-n        6
    1   8.855649E-01
    2   4.067926E-01
    3   1.455517E+00
    4   1.506740E+00
    5   1.016685E-01
    6   3.058843E+00

   Eigenvalues of D matrix:
     5.1024E+01    2.6410E+01    1.2283E+01    6.6908E+00    2.4701E+00    2.7346E+00
   Determinant of D matrix  5.692168E+028

          Uncoupled force constants (au), Pitzer moment of inertia (amu A^2),
   uncoupled torsional frequencies (cm-1), and uncoupled torsional barrier (kcal/mol)
   --------------------------------------------------------------------------------
   Torsion               1             2             3             4             5
   Force constant   2.07034E-02  1.61273E-02  5.75922E-03  4.36435E-02  1.47880E-02
   Moment          22.146       24.241       30.896       18.253        3.017
   Tor. Freq.        83.173       70.163       37.139      133.012      190.433
   Rot. barrier       3.496        2.724        0.973        7.370        2.062
   M_j,tau            2.726        2.726        2.726        2.726        3.000

   Torsion               6
   Force constant   8.11405E-03
   Moment           3.059
   Tor. Freq.       140.102
   Rot. barrier       1.131
   M_j,tau            3.000
   --------------------------------------------------------------------------------
   Potential Energy =   0.293 kcal/mol
   Weight =  1
   Overall rotational symmetry number =   1

                           ==========================
                                Structure   3
                           ==========================

   Normal-mode Frequencies (cm-1) 
   (Overall translation and rotation projected out)
    1300.0907i      0.0000i      0.0000i      0.0000i      0.0000       0.0000 
       0.0000      33.0760      47.7485     104.6094     139.4949     168.3394 
     180.1105     214.2217     248.6302     290.3781     322.6342     366.8760 
     390.6857     501.7475     582.4976     656.8748     798.9646     834.6937 
     856.7258     917.2845     946.6280     992.2595    1046.6866    1055.4424 
    1097.0558    1131.6614    1164.0755    1180.1730    1191.3879    1202.1562 
    1216.3388    1246.5342    1264.8459    1328.2837    1369.7941    1392.3283 
    1396.1462    1434.4720    1449.0828    1460.2941    1461.4453    1463.9211 
    1470.0961    1477.5971    1569.6134    1824.8334    2984.8481    3009.9156 
    3020.9483    3029.0284    3052.2362    3063.3968    3076.3554    3081.4632 
    3095.0073    3113.7544    3147.2135 
   Torsion-projected frequencies/non-torsional frequencies (cm-1)
    1300.0801i    184.6030     246.4115     290.3406     321.9577     364.1252 
     389.9507     501.3231     580.1498     656.8161     798.6265     834.5176 
     856.5961     917.2027     946.5907     992.2518    1046.6577    1055.4171 
    1097.0282    1131.6602    1163.7630    1180.1323    1191.3867    1202.1417 
    1216.3351    1246.5242    1264.8348    1328.2774    1369.7908    1392.3210 
    1396.1434    1434.4467    1449.0753    1460.2906    1461.4239    1463.8409 
    1470.0808    1477.5970    1569.6128    1824.8330    2984.8477    3009.9154 
    3020.9470    3029.0284    3052.2354    3063.3948    3076.3545    3081.4597 
    3095.0023    3113.7458    3147.2135 
   Product of consistently coupled torsional frequencies (in cm-1^ntor)  8.3309E+11
   Primitively coupled torsional frequencies (cm-1) (Not used)
      35.9001      51.9954     114.3373     142.3014     180.5980     216.3693 
   Product of primitively coupled torsional frequencies (in cm-1^ntor)   1.1868E+12
   Effective coupled torsional barrier (kcal/mol)
        1.097        1.425        1.626        3.706        8.444        9.054 

   D matrix: 
   m-n        1             2             3             4             5
    1   2.940560E+01  2.043831E+01 -7.235911E+00  5.735436E+00  1.459959E+00
    2   2.043831E+01  4.349011E+01  7.248731E+00  9.518062E+00 -2.219096E-01
    3  -7.235911E+00  7.248731E+00  4.181337E+01 -1.159296E+01  5.737234E-01
    4   5.735436E+00  9.518062E+00 -1.159296E+01  1.809216E+01 -2.406050E-01
    5   1.459959E+00 -2.219096E-01  5.737234E-01 -2.406050E-01  3.084182E+00
    6  -7.520627E-02  1.231289E+00  2.261170E+00  1.532981E+00  2.592914E-02
   m-n        6
    1  -7.520627E-02
    2   1.231289E+00
    3   2.261170E+00
    4   1.532981E+00
    5   2.592914E-02
    6   3.118903E+00

   Eigenvalues of D matrix:
     6.1063E+01    4.8703E+01    1.6107E+01    7.7966E+00    2.8411E+00    2.4942E+00
   Determinant of D matrix  2.013743E+029

          Uncoupled force constants (au), Pitzer moment of inertia (amu A^2),
   uncoupled torsional frequencies (cm-1), and uncoupled torsional barrier (kcal/mol)
   --------------------------------------------------------------------------------
   Torsion               1             2             3             4             5
   Force constant   1.78823E-02  3.84742E-02  9.62716E-03  4.43871E-02  1.46347E-02
   Moment          29.406       43.490       41.813       18.092        3.084
   Tor. Freq.        67.081       80.909       41.276      134.738      187.382
   Rot. barrier       3.594        7.733        1.935        8.922        2.041
   M_j,tau            2.499        2.499        2.499        2.499        3.000

   Torsion               6
   Force constant   8.08786E-03
   Moment           3.119
   Tor. Freq.       138.523
   Rot. barrier       1.128
   M_j,tau            3.000
   --------------------------------------------------------------------------------
   Potential Energy =   0.805 kcal/mol
   Weight =  1
   Overall rotational symmetry number =   1

       List of zero-point inclusive energy (kcal/mol) for each structure
      ------------------------------------------------------------------
        Structure            Energy (T = 0 K)
      ------------------------------------------------------------------
          1                    107.38
          2                    107.47
          3                    108.26
      ZPE of the system =      107.38


     Note: The following SS-HO and SS-T include the Rot. P.F. and Boltzmann factor,
           but are calculated with weight = 1 for each structure. Weights are
           counted in MS partition functions. Zero of energy is set to the potential
           energy of global minimum.

            Partition function of structure    1
     ================================================================
          T(K)      Rot.          SS-HO           SS-T     SS-T/SS-HO
        100.00    8.7272E+004   1.5156E-229   1.2424E-229    0.820
        125.00    1.2197E+005   3.8747E-182   3.3245E-182    0.858
        200.00    2.4684E+005   1.9277E-110   1.8975E-110    0.984
        298.15    4.4929E+005   2.5797E-070   2.9262E-070    1.134
        300.00    4.5348E+005   8.3904E-070   9.5377E-070    1.137
        500.00    9.7573E+005   8.8189E-036   1.1508E-035    1.305
        750.00    1.7925E+006   5.2336E-017   6.9448E-017    1.327
       1000.00    2.7598E+006   2.6030E-006   3.2705E-006    1.256
       1100.00    3.1839E+006   4.2767E-003   5.2066E-003    1.217
       1150.00    3.4034E+006   1.2190E-001   1.4588E-001    1.197
       1200.00    3.6278E+006   2.8488E+000   3.3487E+000    1.175
       1250.00    3.8569E+006   5.5791E+001   6.4373E+001    1.154
       1300.00    4.0906E+006   9.3270E+002   1.0557E+003    1.132
       1350.00    4.3289E+006   1.3524E+004   1.5009E+004    1.110
       1400.00    4.5716E+006   1.7240E+005   1.8751E+005    1.088
       1450.00    4.8186E+006   1.9554E+006   2.0834E+006    1.065
       1500.00    5.0700E+006   1.9936E+007   2.0800E+007    1.043
       1550.00    5.3256E+006   1.8437E+008   1.8830E+008    1.021
       1600.00    5.5854E+006   1.5589E+009   1.5582E+009    1.000
       1650.00    5.8492E+006   1.2137E+010   1.1869E+010    0.978
       1700.00    6.1171E+006   8.7550E+010   8.3746E+010    0.957
       1800.00    6.6647E+006   3.7031E+012   3.3870E+012    0.915
       1900.00    7.2277E+006   1.2253E+014   1.0710E+014    0.874
       2000.00    7.8058E+006   3.2716E+015   2.7312E+015    0.835
       2500.00    1.0909E+007   3.7863E+021   2.5056E+021    0.662

            Partition function of structure    2
     ================================================================
          T(K)      Rot.          SS-HO           SS-T     SS-T/SS-HO
        100.00    8.8931E+004   1.3495E-229   1.1807E-229    0.875
        125.00    1.2428E+005   4.0580E-182   3.7835E-182    0.932
        200.00    2.5153E+005   2.6625E-110   2.9226E-110    1.098
        298.15    4.5783E+005   4.2388E-070   5.3410E-070    1.260
        300.00    4.6210E+005   1.3818E-069   1.7444E-069    1.262
        500.00    9.9428E+005   1.6922E-035   2.3618E-035    1.396
        750.00    1.8266E+006   1.0876E-016   1.4499E-016    1.333
       1000.00    2.8122E+006   5.6348E-006   6.6181E-006    1.174
       1100.00    3.2445E+006   9.3629E-003   1.0343E-002    1.105
       1150.00    3.4682E+006   2.6819E-001   2.8691E-001    1.070
       1200.00    3.6968E+006   6.2962E+000   6.5186E+000    1.035
       1250.00    3.9302E+006   1.2382E+002   1.2399E+002    1.001
       1300.00    4.1684E+006   2.0781E+003   2.0118E+003    0.968
       1350.00    4.4112E+006   3.0239E+004   2.8292E+004    0.936
       1400.00    4.6585E+006   3.8680E+005   3.4962E+005    0.904
       1450.00    4.9103E+006   4.4008E+006   3.8422E+006    0.873
       1500.00    5.1664E+006   4.5000E+007   3.7942E+007    0.843
       1550.00    5.4269E+006   4.1731E+008   3.3977E+008    0.814
       1600.00    5.6916E+006   3.5377E+009   2.7812E+009    0.786
       1650.00    5.9604E+006   2.7610E+010   2.0959E+010    0.759
       1700.00    6.2334E+006   1.9963E+011   1.4632E+011    0.733
       1800.00    6.7914E+006   8.4795E+012   5.7956E+012    0.683
       1900.00    7.3652E+006   2.8166E+014   1.7958E+014    0.638
       2000.00    7.9542E+006   7.5460E+015   4.4907E+015    0.595
       2500.00    1.1116E+007   8.8499E+021   3.7743E+021    0.426

            Partition function of structure    3
     ================================================================
          T(K)      Rot.          SS-HO           SS-T     SS-T/SS-HO
        100.00    8.6300E+004   2.3329E-231   1.9297E-231    0.827
        125.00    1.2061E+005   1.4688E-183   1.2806E-183    0.872
        200.00    2.4409E+005   2.7942E-111   2.8455E-111    1.018
        298.15    4.4429E+005   7.7297E-071   9.1016E-071    1.177
        300.00    4.4843E+005   2.5370E-070   2.9933E-070    1.180
        500.00    9.6486E+005   4.7764E-036   6.2898E-036    1.317
        750.00    1.7726E+006   3.7908E-017   4.8774E-017    1.287
       1000.00    2.7290E+006   2.1797E-006   2.5737E-006    1.181
       1100.00    3.1485E+006   3.7252E-003   4.2179E-003    1.132
       1150.00    3.3656E+006   1.0801E-001   1.1964E-001    1.108
       1200.00    3.5874E+006   2.5642E+000   2.7769E+000    1.083
       1250.00    3.8140E+006   5.0945E+001   5.3917E+001    1.058
       1300.00    4.0451E+006   8.6309E+002   8.9230E+002    1.034
       1350.00    4.2807E+006   1.2669E+004   1.2790E+004    1.010
       1400.00    4.5207E+006   1.6336E+005   1.6100E+005    0.986
       1450.00    4.7650E+006   1.8725E+006   1.8011E+006    0.962
       1500.00    5.0136E+006   1.9281E+007   1.8095E+007    0.939
       1550.00    5.2663E+006   1.7996E+008   1.6477E+008    0.916
       1600.00    5.5232E+006   1.5349E+009   1.3707E+009    0.893
       1650.00    5.7841E+006   1.2047E+010   1.0492E+010    0.871
       1700.00    6.0490E+006   8.7571E+010   7.4364E+010    0.849
       1800.00    6.5905E+006   3.7561E+012   3.0319E+012    0.807
       1900.00    7.1473E+006   1.2585E+014   9.6539E+013    0.767
       2000.00    7.7189E+006   3.3979E+015   2.4768E+015    0.729
       2500.00    1.0787E+007   4.1028E+021   2.3198E+021    0.565

     ================================================================
              Partition Functions Including All Structures
        -----------------------------------------------------------
        Zero of energy is set to potential energy of global minimum
        -----------------------------------------------------------
        T(K)    Elec.        Trans.              Con-rovib
                                            MS-LH    or     MS-T
        100.00  2.0000E+000  3.2877E+006  2.8884E-229  2.4424E-229
        125.00  2.0000E+000  5.7434E+006  8.0796E-182  7.2361E-182
        200.00  2.0000E+000  1.8598E+007  4.8696E-110  5.1047E-110
        298.15  2.0000E+000  5.0464E+007  7.5915E-070  9.1773E-070
        300.00  2.0000E+000  5.1250E+007  2.4745E-069  2.9975E-069
        500.00  2.0000E+000  1.8379E+008  3.0518E-035  4.1416E-035
        750.00  2.0000E+000  5.0646E+008  1.9901E-016  2.6321E-016
       1000.00  2.0000E+000  1.0397E+009  1.0418E-005  1.2462E-005
       1100.00  2.0000E+000  1.3194E+009  1.7365E-002  1.9767E-002
       1150.00  2.0000E+000  1.4745E+009  4.9811E-001  5.5243E-001
       1200.00  2.0000E+000  1.6400E+009  1.1709E+001  1.2644E+001
       1250.00  2.0000E+000  1.8162E+009  2.3056E+002  2.4228E+002
       1300.00  2.0000E+000  2.0033E+009  3.8738E+003  3.9598E+003
       1350.00  2.0000E+000  2.2015E+009  5.6432E+004  5.6090E+004
       1400.00  2.0000E+000  2.4111E+009  7.2256E+005  6.9813E+005
       1450.00  2.0000E+000  2.6322E+009  8.2287E+006  7.7267E+006
       1500.00  2.0000E+000  2.8650E+009  8.4217E+007  7.6838E+007
       1550.00  2.0000E+000  3.1097E+009  7.8164E+008  6.9284E+008
       1600.00  2.0000E+000  3.3666E+009  6.6315E+009  5.7100E+009
       1650.00  2.0000E+000  3.6358E+009  5.1795E+010  4.3319E+010
       1700.00  2.0000E+000  3.9175E+009  3.7475E+011  3.0443E+011
       1800.00  2.0000E+000  4.5193E+009  1.5939E+013  1.2215E+013
       1900.00  2.0000E+000  5.1734E+009  5.3004E+014  3.8322E+014
       2000.00  2.0000E+000  5.8812E+009  1.4216E+016  9.6987E+015
       2500.00  2.0000E+000  1.0274E+010  1.6739E+022  8.5997E+021

             Total Partition Function (E + T + Con-rovib)
             ---------------------------------------------
                T(K)     E + T + MS-LH     E + T + MS-T
                100.00     1.8992E-222       1.6060E-222
                125.00     9.2808E-175       8.3119E-175
                200.00     1.8113E-102       1.8987E-102
                298.15     7.6619E-062       9.2624E-062
                300.00     2.5364E-061       3.0725E-061
                500.00     1.1217E-026       1.5224E-026
                750.00     2.0158E-007       2.6661E-007
               1000.00     2.1661E+004       2.5913E+004
               1100.00     4.5822E+007       5.2161E+007
               1150.00     1.4689E+009       1.6291E+009
               1200.00     3.8406E+010       4.1473E+010
               1250.00     8.3748E+011       8.8008E+011
               1300.00     1.5521E+013       1.5866E+013
               1350.00     2.4847E+014       2.4697E+014
               1400.00     3.4843E+015       3.3665E+015
               1450.00     4.3319E+016       4.0676E+016
               1500.00     4.8256E+017       4.4028E+017
               1550.00     4.8614E+018       4.3090E+018
               1600.00     4.4651E+019       3.8447E+019
               1650.00     3.7663E+020       3.1500E+020
               1700.00     2.9362E+021       2.3852E+021
               1800.00     1.4406E+023       1.1040E+023
               1900.00     5.4842E+024       3.9651E+024
               2000.00     1.6721E+026       1.1408E+026
               2500.00     3.4396E+032       1.7671E+032

     ================================================================
              Partition Functions Including All Structures
        -----------------------------------------------------------
                    Zero of energy is set to ZPE
        -----------------------------------------------------------
        T(K)             Con-rovib                Total
                   MS-LH        MS-T       E+T+MS-LH    E+T+MS-T
        100.00  1.3280E+006  1.1229E+006  8.7318E+012  7.3835E+012
        125.00  4.3392E+006  3.8862E+006  4.9843E+013  4.4640E+013
        200.00  1.0441E+008  1.0945E+008  3.8838E+015  4.0712E+015
        298.15  3.8595E+009  4.6657E+009  3.8952E+017  4.7089E+017
        300.00  4.1147E+009  4.9843E+009  4.2176E+017  5.1089E+017
        500.00  2.6125E+012  3.5455E+012  9.6029E+020  1.3032E+021
        750.00  3.8655E+015  5.1127E+015  3.9155E+024  5.1787E+024
       1000.00  3.0480E+018  3.6463E+018  6.3378E+027  7.5818E+027
       1100.00  3.7379E+019  4.2550E+019  9.8635E+028  1.1228E+029
       1150.00  1.2670E+020  1.4051E+020  3.7362E+029  4.1437E+029
       1200.00  4.2047E+020  4.5405E+020  1.3792E+030  1.4893E+030
       1250.00  1.3670E+021  1.4366E+021  4.9657E+030  5.2182E+030
       1300.00  4.3562E+021  4.4529E+021  1.7454E+031  1.7841E+031
       1350.00  1.3612E+022  1.3530E+022  5.9936E+031  5.9574E+031
       1400.00  4.1733E+022  4.0322E+022  2.0124E+032  1.9444E+032
       1450.00  1.2559E+023  1.1793E+023  6.6115E+032  6.2081E+032
       1500.00  3.7117E+023  3.3864E+023  2.1268E+033  1.9404E+033
       1550.00  1.0778E+024  9.5532E+023  6.7031E+033  5.9415E+033
       1600.00  3.0763E+024  2.6488E+024  2.0713E+034  1.7835E+034
       1650.00  8.6349E+024  7.2219E+024  6.2790E+034  5.2515E+034
       1700.00  2.3846E+025  1.9371E+025  1.8684E+035  1.5178E+035
       1800.00  1.7348E+026  1.3295E+026  1.5681E+036  1.2017E+036
       1900.00  1.1884E+027  8.5923E+026  1.2296E+037  8.8903E+036
       2000.00  7.6893E+027  5.2461E+027  9.0445E+037  6.1707E+037
       2500.00  4.0760E+031  2.0940E+031  8.3754E+041  4.3028E+041
     ================================================================

                     ==============================
                          Thermodynamic Functions
                      (Ideal gas at standard state)
                     ==============================
     T  - Temperature (Kelvin)        G  - Gibbs Free Energy (kcal/mol)
     E  - Thermal Energy (kcal/mol)   H  - Enthalpy (kcal/mol)
     S  - Entropy (cal/(mol-K))
     Cp - Heat Capacity at Constant Pressure (cal/(mol-K))
        -----------------------------------------------------------
        Zero of energy is set to potential energy of global minimum
        -----------------------------------------------------------

               Contribution from electronic P.F. 
     ================================================================
                  T          G          E          S
                100.00      -0.138      0.000      1.377
                125.00      -0.172      0.000      1.377
                200.00      -0.275      0.000      1.377
                298.15      -0.411      0.000      1.377
                300.00      -0.413      0.000      1.377
                500.00      -0.689      0.000      1.377
                750.00      -1.033      0.000      1.377
               1000.00      -1.377      0.000      1.377
               1100.00      -1.515      0.000      1.377
               1150.00      -1.584      0.000      1.377
               1200.00      -1.653      0.000      1.377
               1250.00      -1.722      0.000      1.377
               1300.00      -1.791      0.000      1.377
               1350.00      -1.860      0.000      1.377
               1400.00      -1.928      0.000      1.377
               1450.00      -1.997      0.000      1.377
               1500.00      -2.066      0.000      1.377
               1550.00      -2.135      0.000      1.377
               1600.00      -2.204      0.000      1.377
               1650.00      -2.273      0.000      1.377
               1700.00      -2.342      0.000      1.377
               1800.00      -2.479      0.000      1.377
               1900.00      -2.617      0.000      1.377
               2000.00      -2.755      0.000      1.377
               2500.00      -3.444      0.000      1.377

               Contribution from translational P.F. 
     ================================================================
                  T          G          E          S
                100.00      -2.982      0.298     34.788
                125.00      -3.866      0.373     35.896
                200.00      -6.653      0.596     38.231
                298.15     -10.509      0.889     40.215
                300.00     -10.583      0.894     40.246
                500.00     -18.908      1.490     42.783
                750.00     -29.872      2.236     44.798
               1000.00     -41.259      2.981     46.227
               1100.00     -45.906      3.279     46.700
               1150.00     -48.246      3.428     46.921
               1200.00     -50.598      3.577     47.133
               1250.00     -52.959      3.726     47.336
               1300.00     -55.331      3.875     47.530
               1350.00     -57.712      4.024     47.718
               1400.00     -60.103      4.173     47.899
               1450.00     -62.502      4.322     48.073
               1500.00     -64.910      4.471     48.241
               1550.00     -67.326      4.620     48.404
               1600.00     -69.750      4.769     48.562
               1650.00     -72.182      4.918     48.715
               1700.00     -74.622      5.067     48.863
               1800.00     -79.522      5.365     49.147
               1900.00     -84.451      5.664     49.416
               2000.00     -89.405      5.962     49.671
               2500.00    -114.528      7.452     50.779

        Contribution from conformational-rovibrational P.F. (MS-LH)
     ================================================================
                  T          G          E          S
                100.00     104.574    108.349     37.752
                125.00     103.579    108.800     41.768
                200.00     100.037    110.511     52.371
                298.15      94.297    113.496     64.394
                300.00      94.178    113.561     64.611
                500.00      78.967    122.582     87.231
                750.00      53.883    138.550    112.889
               1000.00      22.797    158.072    135.274
               1100.00       8.860    166.593    143.394
               1150.00       1.593    170.978    147.291
               1200.00      -5.867    175.437    151.087
               1250.00     -13.514    179.965    154.783
               1300.00     -21.344    184.557    158.385
               1350.00     -29.351    189.209    161.896
               1400.00     -37.532    193.916    165.320
               1450.00     -45.882    198.676    168.660
               1500.00     -54.397    203.483    171.920
               1550.00     -63.073    208.335    175.102
               1600.00     -71.906    213.230    178.210
               1650.00     -80.892    218.164    181.246
               1700.00     -90.029    223.134    184.214
               1800.00    -108.740    233.175    189.953
               1900.00    -128.012    243.338    195.447
               2000.00    -147.821    253.607    200.714
               2500.00    -254.225    306.176    224.160

        Contribution from conformational-rovibrational P.F. (MS-T)
     ================================================================
                  T          G          E          S
                100.00     104.607    108.394     37.870
                125.00     103.606    108.871     42.119
                200.00     100.018    110.657     53.193
                298.15      94.184    113.690     65.421
                300.00      94.063    113.755     65.639
                500.00      78.663    122.667     88.007
                750.00      53.466    138.216    112.999
               1000.00      22.441    157.124    134.682
               1100.00       8.577    165.358    142.528
               1150.00       1.356    169.591    146.291
               1200.00      -6.050    173.893    149.953
               1250.00     -13.638    178.260    153.518
               1300.00     -21.401    182.686    156.990
               1350.00     -29.335    187.168    160.372
               1400.00     -37.436    191.700    163.669
               1450.00     -45.701    196.280    166.883
               1500.00     -54.123    200.905    170.019
               1550.00     -62.701    205.570    173.078
               1600.00     -71.430    210.274    176.065
               1650.00     -80.307    215.013    178.982
               1700.00     -89.327    219.786    181.831
               1800.00    -107.788    229.423    187.339
               1900.00    -126.787    239.168    192.608
               2000.00    -146.302    249.008    197.655
               2500.00    -250.916    299.295    220.085

     Total (Translational + Electronic + conformational-rovib.(MS-LH))
     ======================================================================
              T          G          E          H          S          Cp
            100.00     101.454    108.647    108.845     73.917     21.593
            125.00      99.541    109.173    109.421     79.042     24.364
            200.00      93.109    111.107    111.505     91.979     31.001
            298.15      83.377    114.385    114.977    105.986     40.006
            300.00      83.181    114.455    115.051    106.234     40.189
            500.00      59.370    124.073    125.066    131.392     59.472
            750.00      22.978    140.786    142.276    159.064     76.940
           1000.00     -19.839    161.053    163.040    182.879     88.406
           1100.00     -38.561    169.872    172.058    191.472     91.873
           1150.00     -48.238    174.406    176.691    195.590     93.419
           1200.00     -58.118    179.014    181.398    199.597     94.854
           1250.00     -68.195    183.691    186.175    203.496     96.186
           1300.00     -78.466    188.432    191.015    207.293     97.424
           1350.00     -88.923    193.233    195.916    210.992     98.576
           1400.00     -99.563    198.090    200.872    214.596     99.648
           1450.00    -110.381    202.998    205.879    218.111    100.646
           1500.00    -121.373    207.954    210.935    221.539    101.577
           1550.00    -132.534    212.956    216.036    224.884    102.446
           1600.00    -143.860    217.999    221.179    228.149    103.257
           1650.00    -155.347    223.082    226.361    231.338    104.016
           1700.00    -166.992    228.201    231.580    234.454    104.725
           1800.00    -190.741    238.541    242.118    240.477    106.013
           1900.00    -215.079    249.001    252.777    246.240    107.147
           2000.00    -239.981    259.568    263.543    251.762    108.148
           2500.00    -372.196    313.628    318.596    276.317    111.732

     Total (Translational + Electronic + conformational-rovib.(MS-T))
     ======================================================================
              T          G          E          H          S          Cp
            100.00     101.487    108.692    108.891     74.035     22.579
            125.00      99.568    109.244    109.492     79.393     25.440
            200.00      93.090    111.253    111.650     92.801     31.824
            298.15      83.265    114.579    115.171    107.014     40.145
            300.00      83.067    114.649    115.245    107.262     40.314
            500.00      59.067    124.157    125.151    132.168     58.328
            750.00      22.561    140.451    141.942    159.174     74.821
           1000.00     -20.195    160.104    162.092    182.287     85.644
           1100.00     -38.844    168.637    170.823    190.606     88.895
           1150.00     -48.474    173.019    175.304    194.590     90.338
           1200.00     -58.301    177.470    179.855    198.463     91.674
           1250.00     -68.319    181.986    184.470    202.231     92.912
           1300.00     -78.522    186.561    189.145    205.898     94.058
           1350.00     -88.907    191.192    193.874    209.468     95.121
           1400.00     -99.468    195.873    198.655    212.945     96.108
           1450.00    -110.200    200.603    203.484    216.334     97.025
           1500.00    -121.100    205.376    208.357    219.638     97.877
           1550.00    -132.163    210.191    213.271    222.860     98.670
           1600.00    -143.384    215.043    218.223    226.004     99.408
           1650.00    -154.762    219.932    223.211    229.074    100.097
           1700.00    -166.291    224.854    228.232    232.072    100.739
           1800.00    -189.790    234.788    238.365    237.864    101.900
           1900.00    -213.855    244.831    248.607    243.401    102.917
           2000.00    -238.462    254.970    258.944    248.703    103.811
           2500.00    -368.888    306.748    311.716    272.241    106.970

                        --------------------------------
                         Zero of energy is set to ZPE
                        --------------------------------

     Total (Translational + Electronic + conformational-rovib.(MS-LH))
     ======================================================================
              T          G          E          H          S          Cp
            100.00      -5.922      1.271      1.470     73.917     21.593
            125.00      -7.835      1.797      2.046     79.042     24.364
            200.00     -14.266      3.732      4.129     91.979     31.001
            298.15     -23.998      7.009      7.602    105.986     40.006
            300.00     -24.194      7.080      7.676    106.234     40.189
            500.00     -48.005     16.697     17.691    131.392     59.472
            750.00     -84.398     33.410     34.901    159.064     76.940
           1000.00    -127.214     53.677     55.664    182.879     88.406
           1100.00    -145.936     62.497     64.683    191.472     91.873
           1150.00    -155.613     67.030     69.316    195.590     93.419
           1200.00    -165.493     71.638     74.023    199.597     94.854
           1250.00    -175.571     76.315     78.799    203.496     96.186
           1300.00    -185.841     81.057     83.640    207.293     97.424
           1350.00    -196.298     85.858     88.540    210.992     98.576
           1400.00    -206.939     90.714     93.496    214.596     99.648
           1450.00    -217.757     95.622     98.504    218.111    100.646
           1500.00    -228.748    100.579    103.560    221.539    101.577
           1550.00    -239.909    105.580    108.661    224.884    102.446
           1600.00    -251.235    110.624    113.803    228.149    103.257
           1650.00    -262.723    115.707    118.985    231.338    104.016
           1700.00    -274.368    120.826    124.204    234.454    104.725
           1800.00    -298.117    131.166    134.743    240.477    106.013
           1900.00    -322.455    141.626    145.402    246.240    107.147
           2000.00    -347.357    152.193    156.167    251.762    108.148
           2500.00    -479.571    206.253    211.221    276.317    111.732

     Total (Translational + Electronic + conformational-rovib.(MS-T))
     ======================================================================
              T          G          E          H          S          Cp
            100.00      -5.888      1.317      1.515     74.035     22.579
            125.00      -7.807      1.869      2.117     79.393     25.440
            200.00     -14.285      3.878      4.275     92.801     31.824
            298.15     -24.110      7.203      7.796    107.014     40.145
            300.00     -24.308      7.274      7.870    107.262     40.314
            500.00     -48.308     16.782     17.775    132.168     58.328
            750.00     -84.814     33.076     34.567    159.174     74.821
           1000.00    -127.570     52.729     54.716    182.287     85.644
           1100.00    -146.219     61.262     63.448    190.606     88.895
           1150.00    -155.850     65.644     67.929    194.590     90.338
           1200.00    -165.676     70.095     72.480    198.463     91.674
           1250.00    -175.694     74.611     77.095    202.231     92.912
           1300.00    -185.898     79.186     81.769    205.898     94.058
           1350.00    -196.282     83.816     86.499    209.468     95.121
           1400.00    -206.843     88.498     91.280    212.945     96.108
           1450.00    -217.575     93.227     96.109    216.334     97.025
           1500.00    -228.475     98.001    100.982    219.638     97.877
           1550.00    -239.538    102.815    105.895    222.860     98.670
           1600.00    -250.760    107.668    110.848    226.004     99.408
           1650.00    -262.137    112.557    115.835    229.074    100.097
           1700.00    -273.666    117.478    120.856    232.072    100.739
           1800.00    -297.165    127.413    130.990    237.864    101.900
           1900.00    -321.230    137.456    141.232    243.401    102.917
           2000.00    -345.838    147.595    151.569    248.703    103.811
           2500.00    -476.263    199.372    204.340    272.241    106.970

 ==============================End of MSTor output==============================
